00:12:52.988 [main                     ] DEBUG Logger               - Configured Logger
00:12:52.996 [main                     ] DEBUG GameApplication      - Logging settings
Title: Untitled
Version: 0.0
Width: 1480
Height: 820
Fullscreen: false
Intro: false
Profiling: false
Single step:false
App Mode: DEVELOPER
Menu Key: ESCAPE
Stage Style: DECORATED
Scene Factory: class com.almasb.fxgl.app.scene.SceneFactory

00:12:53.207 [JavaFX Application Thread] DEBUG FXGLApplication      - Initializing FXGL
00:12:53.211 [JavaFX Application Thread] INFO  Engine               - FXGL-17.2 (20.08.2022 16.50) on WINDOWS (J:18.0.2.1 FX:20.0.2)
00:12:53.211 [JavaFX Application Thread] DEBUG Engine               - JRE Vendor Name: Oracle Corporation
00:12:53.211 [JavaFX Application Thread] DEBUG Engine               - Running on OS: Windows 11 version 10.0
00:12:53.211 [JavaFX Application Thread] DEBUG Engine               - Architecture: amd64
00:12:53.211 [JavaFX Application Thread] INFO  Engine               - Source code and latest versions at: https://github.com/AlmasB/FXGL
00:12:53.212 [JavaFX Application Thread] INFO  Engine               -       Ask questions and discuss at: https://github.com/AlmasB/FXGL/discussions
00:12:53.212 [JavaFX Application Thread] INFO  Engine               -              Join the FXGL chat at: https://gitter.im/AlmasB/FXGL
00:12:53.271 [JavaFX Application Thread] DEBUG PrimaryStageWindow   - Creating a JavaFX scene
00:12:53.302 [JavaFX Application Thread] DEBUG PrimaryStageWindow   - Target settings size: 1480.0 x 820.0
00:12:53.302 [JavaFX Application Thread] DEBUG PrimaryStageWindow   - Scaled scene size:    1480.0 x 820.0
00:12:53.302 [JavaFX Application Thread] DEBUG PrimaryStageWindow   - Scaled ratio: (1.0, 1.0)
00:12:53.303 [JavaFX Application Thread] DEBUG PrimaryStageWindow   - Set initial scene to FXGLStartupScene
00:12:53.305 [JavaFX Application Thread] DEBUG PrimaryStageWindow   - Opening main window
00:12:53.361 [JavaFX Application Thread] DEBUG PrimaryStageWindow   - Window border size: (16.0, 39.0)
00:12:53.361 [JavaFX Application Thread] DEBUG PrimaryStageWindow   - Scaled size: 1480.0 x 820.0
00:12:53.361 [JavaFX Application Thread] DEBUG PrimaryStageWindow   - Scaled ratio: (1.0, 1.0)
00:12:53.361 [JavaFX Application Thread] DEBUG PrimaryStageWindow   - Scene size: 1480.0 x 820.0
00:12:53.361 [JavaFX Application Thread] DEBUG PrimaryStageWindow   - Stage size: 1496.0 x 859.0
00:12:53.367 [FXGL Background Thread 1 ] DEBUG Engine               - Initializing environment variables
00:12:53.390 [FXGL Background Thread 1 ] DEBUG FXGLAssetLoaderServi - User app class for loading assets: class edu.vanier.animals_revenge.MainApp
00:12:53.390 [FXGL Background Thread 1 ] DEBUG GameApplicationServi - Applying CSS: fxgl_dark.css
00:12:53.391 [FXGL Background Thread 1 ] DEBUG FXGLAssetLoaderServi - Loading from file system: jar:file:/C:/Users/ethan/.gradle/caches/modules-2/files-2.1/com.github.almasb/fxgl/17.2/35db6ae960eec2dcfd19262d3b7f9c42f0e95bc3/fxgl-17.2.jar!/fxglassets/ui/css/fxgl_dark.css
00:12:53.415 [FXGL Background Thread 1 ] DEBUG GameApplicationServi - Initializing application scenes
00:12:53.434 [FXGL Background Thread 1 ] DEBUG GameWorld            - Game world initialized
00:12:53.473 [FXGL Background Thread 1 ] DEBUG PhysicsWorld         - Physics world initialized: appHeight=820, physics.ppm=50.0
00:12:53.473 [FXGL Background Thread 1 ] DEBUG PhysicsWorld         - Using strategy: BRUTE_FORCE
00:12:53.476 [FXGL Background Thread 1 ] DEBUG GameScene            - Game scene initialized: 1480x820
00:12:53.477 [FXGL Background Thread 1 ] DEBUG GameApplicationServi - Application scenes initialized
00:12:53.487 [FXGL Background Thread 1 ] DEBUG SystemBundleService  - Loading FXGL system data
00:12:53.492 [FXGL Background Thread 1 ] DEBUG FileSystemAccess     - Reading from: C:\Users\ethan\IdeaProjects\animals-revenge\system\fxgl.bundle
00:12:53.497 [FXGL Background Thread 1 ] DEBUG SystemBundleService  - Bundle FXGL: {}
00:12:53.497 [FXGL Background Thread 1 ] DEBUG UpdaterService       - Checking for updates
00:12:53.500 [FXGL Background Thread 4 ] DEBUG FXGLApplication      - Loading fonts
00:12:53.500 [FXGL Background Thread 1 ] DEBUG FXGLApplication      - Loading default localization
00:12:53.500 [FXGL Background Thread 4 ] DEBUG FXGLAssetLoaderServi - Loading from file system: jar:file:/C:/Users/ethan/.gradle/caches/modules-2/files-2.1/com.github.almasb/fxgl/17.2/35db6ae960eec2dcfd19262d3b7f9c42f0e95bc3/fxgl-17.2.jar!/fxglassets/ui/fonts/VarelaRound-Regular.ttf
00:12:53.501 [FXGL Background Thread 1 ] DEBUG FXGLAssetLoaderServi - Loading from file system: jar:file:/C:/Users/ethan/.gradle/caches/modules-2/files-2.1/com.github.almasb/fxgl/17.2/35db6ae960eec2dcfd19262d3b7f9c42f0e95bc3/fxgl-17.2.jar!/fxglassets/languages/english.lang
00:12:53.514 [FXGL Background Thread 1 ] INFO  FXGLApplication      - FXGL initialization took: 0.148 sec
00:12:53.518 [JavaFX Application Thread] DEBUG Input                - Registered new binding: Launch - RMB
00:12:53.518 [JavaFX Application Thread] DEBUG Input                - Registered new binding: Create - LMB
00:12:53.518 [JavaFX Application Thread] DEBUG Input                - Registered new binding: Drag - CTRL+LMB
00:12:53.519 [JavaFX Application Thread] DEBUG FXGLAssetLoaderServi - Loading from file system: jar:file:/C:/Users/ethan/.gradle/caches/modules-2/files-2.1/com.github.almasb/fxgl/17.2/35db6ae960eec2dcfd19262d3b7f9c42f0e95bc3/fxgl-17.2.jar!/fxglassets/textures/fxgl_icon.png
00:12:53.531 [FXGL Background Thread 4 ] DEBUG FXGLAssetLoaderServi - Loading from file system: jar:file:/C:/Users/ethan/.gradle/caches/modules-2/files-2.1/com.github.almasb/fxgl/17.2/35db6ae960eec2dcfd19262d3b7f9c42f0e95bc3/fxgl-17.2.jar!/fxglassets/ui/fonts/Abel-Regular.ttf
00:12:53.537 [FXGL Background Thread 4 ] DEBUG FXGLAssetLoaderServi - Loading from file system: jar:file:/C:/Users/ethan/.gradle/caches/modules-2/files-2.1/com.github.almasb/fxgl/17.2/35db6ae960eec2dcfd19262d3b7f9c42f0e95bc3/fxgl-17.2.jar!/fxglassets/ui/fonts/TerminalLandMono-Regular.otf
00:12:53.544 [FXGL Background Thread 4 ] DEBUG FXGLAssetLoaderServi - Loading from file system: jar:file:/C:/Users/ethan/.gradle/caches/modules-2/files-2.1/com.github.almasb/fxgl/17.2/35db6ae960eec2dcfd19262d3b7f9c42f0e95bc3/fxgl-17.2.jar!/fxglassets/ui/fonts/Courier-Prime.ttf
00:12:53.549 [JavaFX Application Thread] DEBUG FXGLAssetLoaderServi - Loading from file system: jar:file:/C:/Users/ethan/.gradle/caches/modules-2/files-2.1/com.github.almasb/fxgl/17.2/35db6ae960eec2dcfd19262d3b7f9c42f0e95bc3/fxgl-17.2.jar!/fxglassets/textures/fxgl_default_cursor.png
00:12:53.555 [JavaFX Application Thread] DEBUG Input                - Registered new binding: Screenshot - CTRL+8
00:12:53.555 [JavaFX Application Thread] DEBUG Input                - Registered new binding: System info dump - CTRL+9
00:12:53.555 [JavaFX Application Thread] DEBUG Input                - Registered new binding: Restart - CTRL+R
00:12:53.556 [JavaFX Application Thread] DEBUG Input                - Registered new binding: Toggle Debug Camera - CTRL+7
00:12:53.557 [JavaFX Application Thread] DEBUG LoopRunner           - Starting loop
00:12:53.557 [JavaFX Application Thread] DEBUG LoopRunner           - Initializing JavaFX AnimationTimerLoop
00:12:53.561 [JavaFX Application Thread] DEBUG GameApplicationServi - Starting new game
00:12:53.562 [JavaFX Application Thread] DEBUG Input                - Clearing active input actions
00:12:53.571 [JavaFX Application Thread] DEBUG GameApplicationServi - Removing overlay from FXGLStartupScene and adding to FXGLLoadingScene
00:12:53.572 [JavaFX Application Thread] DEBUG PrimaryStageWindow   - FXGLStartupScene -> FXGLLoadingScene
00:12:53.572 [JavaFX Application Thread] DEBUG GameApplicationServi - Clearing previous game
00:12:53.572 [JavaFX Application Thread] DEBUG GameScene            - Clearing game scene
00:12:53.572 [JavaFX Application Thread] DEBUG GameWorld            - Clearing game world
00:12:53.572 [JavaFX Application Thread] DEBUG PhysicsWorld         - Clearing physics world
00:12:53.574 [FXGL Background Thread 4 ] DEBUG FXGLApplication      - Initializing game
00:12:53.575 [JavaFX Application Thread] DEBUG FXGLApplication      - Registering font factories with UI factory
00:12:53.597 [FXGL Background Thread 4 ] DEBUG FXGLAssetLoaderServi - Loading from file system: file:/C:/Users/ethan/IdeaProjects/animals-revenge/build/resources/main/assets/ui/Home.fxml
00:12:53.750 [FXGL Background Thread 2 ] INFO  UpdaterService       - Your current version:  17.2
00:12:53.750 [FXGL Background Thread 2 ] INFO  UpdaterService       - Latest stable version: 17.3
00:12:53.859 [FXGL Background Thread 4 ] INFO  FXGLApplication      - Game initialization took: 0.286 sec
00:12:53.862 [JavaFX Application Thread] DEBUG Input                - Clearing active input actions
00:12:53.870 [JavaFX Application Thread] DEBUG GameApplicationServi - Removing overlay from FXGLLoadingScene and adding to GameScene
00:12:53.870 [JavaFX Application Thread] DEBUG PrimaryStageWindow   - FXGLLoadingScene -> GameScene
00:12:55.250 [JavaFX Application Thread] DEBUG FXGLApplication      - Exiting FXGL
00:12:55.250 [JavaFX Application Thread] DEBUG LoopRunner           - Stopping loop
00:12:55.250 [JavaFX Application Thread] DEBUG SystemBundleService  - Saving FXGL system data
00:12:55.252 [JavaFX Application Thread] DEBUG FileSystemAccess     - Writing to: C:\Users\ethan\IdeaProjects\animals-revenge\system\fxgl.bundle
00:12:55.253 [JavaFX Application Thread] DEBUG Async                - Shutting down background threads
00:12:55.253 [JavaFX Application Thread] DEBUG PrimaryStageWindow   - Closing main window
00:12:55.261 [JavaFX Application Thread] DEBUG Logger               - Closing Logger
