22:23:07.262 [main                     ] DEBUG Logger               - Configured Logger
22:23:07.273 [main                     ] DEBUG GameApplication      - Logging settings
Title: Untitled
Version: 0.0
Width: 1480
Height: 820
Fullscreen: false
Intro: false
Profiling: false
Single step:false
App Mode: DEVELOPER
Menu Key: ESCAPE
Stage Style: DECORATED
Scene Factory: class com.almasb.fxgl.app.scene.SceneFactory

22:23:07.515 [JavaFX Application Thread] DEBUG FXGLApplication      - Initializing FXGL
22:23:07.519 [JavaFX Application Thread] INFO  Engine               - FXGL-17.2 (20.08.2022 16.50) on WINDOWS (J:18.0.2.1 FX:20.0.2)
22:23:07.520 [JavaFX Application Thread] DEBUG Engine               - JRE Vendor Name: Oracle Corporation
22:23:07.520 [JavaFX Application Thread] DEBUG Engine               - Running on OS: Windows 11 version 10.0
22:23:07.520 [JavaFX Application Thread] DEBUG Engine               - Architecture: amd64
22:23:07.520 [JavaFX Application Thread] INFO  Engine               - Source code and latest versions at: https://github.com/AlmasB/FXGL
22:23:07.521 [JavaFX Application Thread] INFO  Engine               -       Ask questions and discuss at: https://github.com/AlmasB/FXGL/discussions
22:23:07.521 [JavaFX Application Thread] INFO  Engine               -              Join the FXGL chat at: https://gitter.im/AlmasB/FXGL
22:23:07.578 [JavaFX Application Thread] DEBUG PrimaryStageWindow   - Creating a JavaFX scene
22:23:07.578 [JavaFX Application Thread] DEBUG PrimaryStageWindow   - Target size > screen size
22:23:07.609 [JavaFX Application Thread] DEBUG PrimaryStageWindow   - Target settings size: 1480.0 x 820.0
22:23:07.609 [JavaFX Application Thread] DEBUG PrimaryStageWindow   - Scaled scene size:    1415.0 x 797.0
22:23:07.610 [JavaFX Application Thread] DEBUG PrimaryStageWindow   - Scaled ratio: (0.956081081081081, 0.9719512195121951)
22:23:07.611 [JavaFX Application Thread] DEBUG PrimaryStageWindow   - Set initial scene to FXGLStartupScene
22:23:07.613 [JavaFX Application Thread] DEBUG PrimaryStageWindow   - Opening main window
22:23:07.679 [JavaFX Application Thread] DEBUG PrimaryStageWindow   - Window border size: (13.0, 35.5)
22:23:07.679 [JavaFX Application Thread] DEBUG PrimaryStageWindow   - Scaled size: 1415.0 x 797.0
22:23:07.679 [JavaFX Application Thread] DEBUG PrimaryStageWindow   - Scaled ratio: (0.956081081081081, 0.9719512195121951)
22:23:07.679 [JavaFX Application Thread] DEBUG PrimaryStageWindow   - Scene size: 1415.0 x 797.0
22:23:07.680 [JavaFX Application Thread] DEBUG PrimaryStageWindow   - Stage size: 1428.0 x 832.5
22:23:07.684 [FXGL Background Thread 1 ] DEBUG Engine               - Initializing environment variables
22:23:07.717 [FXGL Background Thread 1 ] DEBUG FXGLAssetLoaderServi - User app class for loading assets: class edu.vanier.animals_revenge.MainApp
22:23:07.717 [FXGL Background Thread 1 ] DEBUG GameApplicationServi - Applying CSS: fxgl_dark.css
22:23:07.718 [FXGL Background Thread 1 ] DEBUG FXGLAssetLoaderServi - Loading from file system: jar:file:/C:/Users/macke/.gradle/caches/modules-2/files-2.1/com.github.almasb/fxgl/17.2/35db6ae960eec2dcfd19262d3b7f9c42f0e95bc3/fxgl-17.2.jar!/fxglassets/ui/css/fxgl_dark.css
22:23:07.746 [FXGL Background Thread 1 ] DEBUG GameApplicationServi - Initializing application scenes
22:23:07.777 [FXGL Background Thread 1 ] DEBUG GameWorld            - Game world initialized
22:23:07.821 [FXGL Background Thread 1 ] DEBUG PhysicsWorld         - Physics world initialized: appHeight=820, physics.ppm=50.0
22:23:07.821 [FXGL Background Thread 1 ] DEBUG PhysicsWorld         - Using strategy: BRUTE_FORCE
22:23:07.825 [FXGL Background Thread 1 ] DEBUG GameScene            - Game scene initialized: 1480x820
22:23:07.825 [FXGL Background Thread 1 ] DEBUG GameApplicationServi - Application scenes initialized
22:23:07.841 [FXGL Background Thread 1 ] DEBUG SystemBundleService  - Loading FXGL system data
22:23:07.844 [FXGL Background Thread 1 ] DEBUG FileSystemAccess     - Reading from: C:\Users\macke\OneDrive\Documents\School\Semester 3\Programming in a Graphical User Interface\Homework\animals-revenge\system\fxgl.bundle
22:23:07.853 [FXGL Background Thread 1 ] DEBUG SystemBundleService  - Bundle FXGL: {}
22:23:07.853 [FXGL Background Thread 1 ] DEBUG UpdaterService       - Checking for updates
22:23:07.859 [FXGL Background Thread 4 ] DEBUG FXGLApplication      - Loading fonts
22:23:07.860 [FXGL Background Thread 4 ] DEBUG FXGLAssetLoaderServi - Loading from file system: jar:file:/C:/Users/macke/.gradle/caches/modules-2/files-2.1/com.github.almasb/fxgl/17.2/35db6ae960eec2dcfd19262d3b7f9c42f0e95bc3/fxgl-17.2.jar!/fxglassets/ui/fonts/VarelaRound-Regular.ttf
22:23:07.860 [FXGL Background Thread 1 ] DEBUG FXGLApplication      - Loading default localization
22:23:07.862 [FXGL Background Thread 1 ] DEBUG FXGLAssetLoaderServi - Loading from file system: jar:file:/C:/Users/macke/.gradle/caches/modules-2/files-2.1/com.github.almasb/fxgl/17.2/35db6ae960eec2dcfd19262d3b7f9c42f0e95bc3/fxgl-17.2.jar!/fxglassets/languages/english.lang
22:23:07.885 [FXGL Background Thread 1 ] INFO  FXGLApplication      - FXGL initialization took: 0.200 sec
22:23:07.888 [JavaFX Application Thread] DEBUG Input                - Registered new binding: Launch - RMB
22:23:07.889 [JavaFX Application Thread] DEBUG Input                - Registered new binding: Create - LMB
22:23:07.889 [JavaFX Application Thread] DEBUG Input                - Registered new binding: Drag - CTRL+LMB
22:23:07.889 [JavaFX Application Thread] DEBUG FXGLAssetLoaderServi - Loading from file system: jar:file:/C:/Users/macke/.gradle/caches/modules-2/files-2.1/com.github.almasb/fxgl/17.2/35db6ae960eec2dcfd19262d3b7f9c42f0e95bc3/fxgl-17.2.jar!/fxglassets/textures/fxgl_icon.png
22:23:07.924 [JavaFX Application Thread] DEBUG FXGLAssetLoaderServi - Loading from file system: jar:file:/C:/Users/macke/.gradle/caches/modules-2/files-2.1/com.github.almasb/fxgl/17.2/35db6ae960eec2dcfd19262d3b7f9c42f0e95bc3/fxgl-17.2.jar!/fxglassets/textures/fxgl_default_cursor.png
22:23:07.926 [FXGL Background Thread 4 ] DEBUG FXGLAssetLoaderServi - Loading from file system: jar:file:/C:/Users/macke/.gradle/caches/modules-2/files-2.1/com.github.almasb/fxgl/17.2/35db6ae960eec2dcfd19262d3b7f9c42f0e95bc3/fxgl-17.2.jar!/fxglassets/ui/fonts/Abel-Regular.ttf
22:23:07.928 [FXGL Background Thread 4 ] DEBUG FXGLAssetLoaderServi - Loading from file system: jar:file:/C:/Users/macke/.gradle/caches/modules-2/files-2.1/com.github.almasb/fxgl/17.2/35db6ae960eec2dcfd19262d3b7f9c42f0e95bc3/fxgl-17.2.jar!/fxglassets/ui/fonts/TerminalLandMono-Regular.otf
22:23:07.931 [JavaFX Application Thread] DEBUG Input                - Registered new binding: Screenshot - CTRL+8
22:23:07.931 [JavaFX Application Thread] DEBUG Input                - Registered new binding: System info dump - CTRL+9
22:23:07.931 [FXGL Background Thread 4 ] DEBUG FXGLAssetLoaderServi - Loading from file system: jar:file:/C:/Users/macke/.gradle/caches/modules-2/files-2.1/com.github.almasb/fxgl/17.2/35db6ae960eec2dcfd19262d3b7f9c42f0e95bc3/fxgl-17.2.jar!/fxglassets/ui/fonts/Courier-Prime.ttf
22:23:07.931 [JavaFX Application Thread] DEBUG Input                - Registered new binding: Restart - CTRL+R
22:23:07.932 [JavaFX Application Thread] DEBUG Input                - Registered new binding: Toggle Debug Camera - CTRL+7
22:23:07.936 [JavaFX Application Thread] DEBUG LoopRunner           - Starting loop
22:23:07.936 [JavaFX Application Thread] DEBUG LoopRunner           - Initializing JavaFX AnimationTimerLoop
22:23:07.938 [JavaFX Application Thread] DEBUG GameApplicationServi - Starting new game
22:23:07.941 [JavaFX Application Thread] DEBUG Input                - Clearing active input actions
22:23:07.950 [JavaFX Application Thread] DEBUG GameApplicationServi - Removing overlay from FXGLStartupScene and adding to FXGLLoadingScene
22:23:07.950 [JavaFX Application Thread] DEBUG PrimaryStageWindow   - FXGLStartupScene -> FXGLLoadingScene
22:23:07.950 [JavaFX Application Thread] DEBUG GameApplicationServi - Clearing previous game
22:23:07.951 [JavaFX Application Thread] DEBUG GameScene            - Clearing game scene
22:23:07.951 [JavaFX Application Thread] DEBUG GameWorld            - Clearing game world
22:23:07.951 [JavaFX Application Thread] DEBUG PhysicsWorld         - Clearing physics world
22:23:07.953 [FXGL Background Thread 4 ] DEBUG FXGLApplication      - Initializing game
22:23:07.953 [JavaFX Application Thread] DEBUG FXGLApplication      - Registering font factories with UI factory
22:23:07.985 [FXGL Background Thread 4 ] DEBUG FXGLAssetLoaderServi - Loading from file system: file:/C:/Users/macke/OneDrive/Documents/School/Semester%203/Programming%20in%20a%20Graphical%20User%20Interface/Homework/animals-revenge/build/resources/main/assets/ui/Home.fxml
22:23:08.182 [FXGL Background Thread 2 ] INFO  UpdaterService       - Your current version:  17.2
22:23:08.182 [FXGL Background Thread 2 ] INFO  UpdaterService       - Latest stable version: 17.3
22:23:08.245 [FXGL Background Thread 4 ] INFO  FXGLApplication      - Game initialization took: 0.291 sec
22:23:08.245 [JavaFX Application Thread] DEBUG Input                - Clearing active input actions
22:23:08.254 [JavaFX Application Thread] DEBUG GameApplicationServi - Removing overlay from FXGLLoadingScene and adding to GameScene
22:23:08.254 [JavaFX Application Thread] DEBUG PrimaryStageWindow   - FXGLLoadingScene -> GameScene
22:23:09.354 [JavaFX Application Thread] DEBUG FXGLAssetLoaderServi - Loading from file system: file:/C:/Users/macke/OneDrive/Documents/School/Semester%203/Programming%20in%20a%20Graphical%20User%20Interface/Homework/animals-revenge/build/resources/main/assets/ui/Simulator.fxml
22:23:09.420 [JavaFX Application Thread] DEBUG FXGLAssetLoaderServi - Loading from file system: file:/C:/Users/macke/OneDrive/Documents/School/Semester%203/Programming%20in%20a%20Graphical%20User%20Interface/Homework/animals-revenge/build/resources/main/assets/textures/cannon.png
22:23:09.423 [JavaFX Application Thread] DEBUG FXGLAssetLoaderServi - Loading from file system: file:/C:/Users/macke/OneDrive/Documents/School/Semester%203/Programming%20in%20a%20Graphical%20User%20Interface/Homework/animals-revenge/build/resources/main/assets/textures/brick32x32.png
22:23:10.858 [FXGL Background Thread 3 ] DEBUG Engine               - Logging environment variables
22:23:10.860 [FXGL Background Thread 3 ] DEBUG Engine               - achievements: []
22:23:10.860 [FXGL Background Thread 3 ] DEBUG Engine               - actualHeight: 797.0
22:23:10.860 [FXGL Background Thread 3 ] DEBUG Engine               - actualHeightProperty: ReadOnlyDoubleProperty [value: 797.0]
22:23:10.860 [FXGL Background Thread 3 ] DEBUG Engine               - actualWidth: 1415.0
22:23:10.860 [FXGL Background Thread 3 ] DEBUG Engine               - actualWidthProperty: ReadOnlyDoubleProperty [value: 1415.0]
22:23:10.860 [FXGL Background Thread 3 ] DEBUG Engine               - appIcon: fxgl_icon.png
22:23:10.860 [FXGL Background Thread 3 ] DEBUG Engine               - applicationMode: DEVELOPER
22:23:10.860 [FXGL Background Thread 3 ] DEBUG Engine               - cSSList: [fxgl_dark.css]
22:23:10.860 [FXGL Background Thread 3 ] DEBUG Engine               - collisionDetectionStrategy: BRUTE_FORCE
22:23:10.861 [FXGL Background Thread 3 ] DEBUG Engine               - configClass: Optional.empty
22:23:10.861 [FXGL Background Thread 3 ] DEBUG Engine               - credits: []
22:23:10.862 [FXGL Background Thread 3 ] DEBUG Engine               - defaultCursor: CursorInfo(imageName=fxgl_default_cursor.png, hotspotX=7.0, hotspotY=6.0)
22:23:10.863 [FXGL Background Thread 3 ] DEBUG Engine               - devBBoxColorProperty: ObjectProperty [value: 0xff0000ff]
22:23:10.863 [FXGL Background Thread 3 ] DEBUG Engine               - devEnableDebugCameraProperty: BooleanProperty [value: false]
22:23:10.863 [FXGL Background Thread 3 ] DEBUG Engine               - devSensorColorProperty: ObjectProperty [value: 0xffff00ff]
22:23:10.863 [FXGL Background Thread 3 ] DEBUG Engine               - devShowBBoxProperty: BooleanProperty [value: false]
22:23:10.863 [FXGL Background Thread 3 ] DEBUG Engine               - devShowPositionProperty: BooleanProperty [value: false]
22:23:10.863 [FXGL Background Thread 3 ] DEBUG Engine               - enabledMenuItems: []
22:23:10.863 [FXGL Background Thread 3 ] DEBUG Engine               - engineServices: [class com.almasb.fxgl.app.services.FXGLAssetLoaderService, class com.almasb.fxgl.app.FXGLApplication$GameApplicationService, class com.almasb.fxgl.app.services.FXGLDialogService, class com.almasb.fxgl.app.services.IOTaskExecutorService, class com.almasb.fxgl.io.FileSystemService, class com.almasb.fxgl.localization.LocalizationService, class com.almasb.fxgl.app.services.SystemBundleService, class com.almasb.fxgl.profile.SaveLoadService, class com.almasb.fxgl.ui.FXGLUIFactoryServiceProvider, class com.almasb.fxgl.ui.FXGLDialogFactoryServiceProvider, class com.almasb.fxgl.audio.AudioPlayer, class com.almasb.fxgl.notification.impl.NotificationServiceProvider, class com.almasb.fxgl.achievement.AchievementService, class com.almasb.fxgl.cutscene.CutsceneService, class com.almasb.fxgl.minigames.MiniGameService, class com.almasb.fxgl.net.NetService, class com.almasb.fxgl.app.services.UpdaterService, class com.almasb.fxgl.dev.DevService]
22:23:10.863 [FXGL Background Thread 3 ] DEBUG Engine               - fontGame: Abel-Regular.ttf
22:23:10.863 [FXGL Background Thread 3 ] DEBUG Engine               - fontMono: TerminalLandMono-Regular.otf
22:23:10.863 [FXGL Background Thread 3 ] DEBUG Engine               - fontText: Courier-Prime.ttf
22:23:10.863 [FXGL Background Thread 3 ] DEBUG Engine               - fontUI: VarelaRound-Regular.ttf
22:23:10.863 [FXGL Background Thread 3 ] DEBUG Engine               - fullScreen: BooleanProperty [value: false]
22:23:10.863 [FXGL Background Thread 3 ] DEBUG Engine               - gameDifficulty: MEDIUM
22:23:10.864 [FXGL Background Thread 3 ] DEBUG Engine               - gameDifficultyProperty: ObjectProperty [value: MEDIUM]
22:23:10.864 [FXGL Background Thread 3 ] DEBUG Engine               - globalMusicVolume: 0.5
22:23:10.864 [FXGL Background Thread 3 ] DEBUG Engine               - globalMusicVolumeProperty: DoubleProperty [value: 0.5]
22:23:10.864 [FXGL Background Thread 3 ] DEBUG Engine               - globalSoundVolume: 0.5
22:23:10.865 [FXGL Background Thread 3 ] DEBUG Engine               - globalSoundVolumeProperty: DoubleProperty [value: 0.5]
22:23:10.865 [FXGL Background Thread 3 ] DEBUG Engine               - height: 820
22:23:10.865 [FXGL Background Thread 3 ] DEBUG Engine               - is3D: false
22:23:10.865 [FXGL Background Thread 3 ] DEBUG Engine               - isAndroid: false
22:23:10.865 [FXGL Background Thread 3 ] DEBUG Engine               - isBrowser: false
22:23:10.865 [FXGL Background Thread 3 ] DEBUG Engine               - isClickFeedbackEnabled: false
22:23:10.865 [FXGL Background Thread 3 ] DEBUG Engine               - isCloseConfirmation: false
22:23:10.865 [FXGL Background Thread 3 ] DEBUG Engine               - isDesktop: true
22:23:10.865 [FXGL Background Thread 3 ] DEBUG Engine               - isDeveloperMenuEnabled: false
22:23:10.865 [FXGL Background Thread 3 ] DEBUG Engine               - isEmbedded: false
22:23:10.865 [FXGL Background Thread 3 ] DEBUG Engine               - isEntityPreloadEnabled: true
22:23:10.865 [FXGL Background Thread 3 ] DEBUG Engine               - isExperimentalTiledLargeMap: false
22:23:10.865 [FXGL Background Thread 3 ] DEBUG Engine               - isFileSystemWriteAllowed: true
22:23:10.865 [FXGL Background Thread 3 ] DEBUG Engine               - isFullScreenAllowed: false
22:23:10.865 [FXGL Background Thread 3 ] DEBUG Engine               - isFullScreenFromStart: false
22:23:10.865 [FXGL Background Thread 3 ] DEBUG Engine               - isGameMenuEnabled: false
22:23:10.865 [FXGL Background Thread 3 ] DEBUG Engine               - isIOS: false
22:23:10.865 [FXGL Background Thread 3 ] DEBUG Engine               - isIntroEnabled: false
22:23:10.865 [FXGL Background Thread 3 ] DEBUG Engine               - isLinux: false
22:23:10.866 [FXGL Background Thread 3 ] DEBUG Engine               - isMac: false
22:23:10.866 [FXGL Background Thread 3 ] DEBUG Engine               - isMainMenuEnabled: false
22:23:10.866 [FXGL Background Thread 3 ] DEBUG Engine               - isManualResizeEnabled: false
22:23:10.866 [FXGL Background Thread 3 ] DEBUG Engine               - isMobile: false
22:23:10.866 [FXGL Background Thread 3 ] DEBUG Engine               - isNative: false
22:23:10.866 [FXGL Background Thread 3 ] DEBUG Engine               - isPauseMusicWhenMinimized: true
22:23:10.866 [FXGL Background Thread 3 ] DEBUG Engine               - isPreserveResizeRatio: false
22:23:10.866 [FXGL Background Thread 3 ] DEBUG Engine               - isProfilingEnabled: false
22:23:10.866 [FXGL Background Thread 3 ] DEBUG Engine               - isScaleAffectedOnResize: true
22:23:10.866 [FXGL Background Thread 3 ] DEBUG Engine               - isSingleStep: false
22:23:10.866 [FXGL Background Thread 3 ] DEBUG Engine               - isUserProfileEnabled: false
22:23:10.866 [FXGL Background Thread 3 ] DEBUG Engine               - isWindows: true
22:23:10.866 [FXGL Background Thread 3 ] DEBUG Engine               - language: ObjectProperty [value: ENGLISH]
22:23:10.866 [FXGL Background Thread 3 ] DEBUG Engine               - menuKey: ESCAPE
22:23:10.866 [FXGL Background Thread 3 ] DEBUG Engine               - mouseSensitivity: 0.2
22:23:10.866 [FXGL Background Thread 3 ] DEBUG Engine               - notificationViewClass: class com.almasb.fxgl.notification.view.XboxNotificationView
22:23:10.866 [FXGL Background Thread 3 ] DEBUG Engine               - pixelsPerMeter: 50.0
22:23:10.866 [FXGL Background Thread 3 ] DEBUG Engine               - platform: WINDOWS
22:23:10.867 [FXGL Background Thread 3 ] DEBUG Engine               - prefHeightProperty: ReadOnlyDoubleProperty [value: 820.0]
22:23:10.867 [FXGL Background Thread 3 ] DEBUG Engine               - prefWidthProperty: ReadOnlyDoubleProperty [value: 1480.0]
22:23:10.867 [FXGL Background Thread 3 ] DEBUG Engine               - profileDir: profiles/
22:23:10.867 [FXGL Background Thread 3 ] DEBUG Engine               - profileName: StringProperty [value: DEFAULT]
22:23:10.867 [FXGL Background Thread 3 ] DEBUG Engine               - randomSeed: -1
22:23:10.867 [FXGL Background Thread 3 ] DEBUG Engine               - runtimeInfo: RuntimeInfo(platform=WINDOWS, version=17.2, build=20.08.2022 16.50)
22:23:10.867 [FXGL Background Thread 3 ] DEBUG Engine               - saveFileExt: sav
22:23:10.867 [FXGL Background Thread 3 ] DEBUG Engine               - scaledHeightProp$fxgl: DoubleProperty [bound, value: 797.0]
22:23:10.867 [FXGL Background Thread 3 ] DEBUG Engine               - scaledWidthProp$fxgl: DoubleProperty [bound, value: 1415.0]
22:23:10.867 [FXGL Background Thread 3 ] DEBUG Engine               - sceneFactory: com.almasb.fxgl.app.scene.SceneFactory@13781e7
22:23:10.867 [FXGL Background Thread 3 ] DEBUG Engine               - secondsIn24h: 60
22:23:10.867 [FXGL Background Thread 3 ] DEBUG Engine               - soundMenuBack: menu/back.wav
22:23:10.867 [FXGL Background Thread 3 ] DEBUG Engine               - soundMenuPress: menu/press.wav
22:23:10.867 [FXGL Background Thread 3 ] DEBUG Engine               - soundMenuSelect: menu/select.wav
22:23:10.867 [FXGL Background Thread 3 ] DEBUG Engine               - soundNotification: core/notification.wav
22:23:10.867 [FXGL Background Thread 3 ] DEBUG Engine               - stageStyle: DECORATED
22:23:10.867 [FXGL Background Thread 3 ] DEBUG Engine               - supportedLanguages: [ENGLISH, FRENCH, GERMAN, HUNGARIAN, RUSSIAN]
22:23:10.867 [FXGL Background Thread 3 ] DEBUG Engine               - ticksPerSecond: -1
22:23:10.867 [FXGL Background Thread 3 ] DEBUG Engine               - title: Untitled
22:23:10.867 [FXGL Background Thread 3 ] DEBUG Engine               - urlGithub: https://github.com/AlmasB/FXGL
22:23:10.867 [FXGL Background Thread 3 ] DEBUG Engine               - urlLeaderboard: http://fxgl-top.herokuapp.com/
22:23:10.867 [FXGL Background Thread 3 ] DEBUG Engine               - urlPOM: https://raw.githubusercontent.com/AlmasB/FXGL/release/README.md
22:23:10.867 [FXGL Background Thread 3 ] DEBUG Engine               - userAppClass: class edu.vanier.animals_revenge.MainApp
22:23:10.867 [FXGL Background Thread 3 ] DEBUG Engine               - version: 0.0
22:23:10.867 [FXGL Background Thread 3 ] DEBUG Engine               - versionCheckDays: 7
22:23:10.867 [FXGL Background Thread 3 ] DEBUG Engine               - width: 1480
22:23:10.867 [FXGL Background Thread 3 ] DEBUG Engine               - Logging services
22:23:10.867 [FXGL Background Thread 3 ] DEBUG Engine               - class com.almasb.fxgl.app.services.FXGLAssetLoaderService
22:23:10.867 [FXGL Background Thread 3 ] DEBUG Engine               - class com.almasb.fxgl.app.FXGLApplication$GameApplicationService
22:23:10.867 [FXGL Background Thread 3 ] DEBUG Engine               - class com.almasb.fxgl.app.services.FXGLDialogService
22:23:10.867 [FXGL Background Thread 3 ] DEBUG Engine               - class com.almasb.fxgl.app.services.IOTaskExecutorService
22:23:10.867 [FXGL Background Thread 3 ] DEBUG Engine               - class com.almasb.fxgl.io.FileSystemService
22:23:10.867 [FXGL Background Thread 3 ] DEBUG Engine               - class com.almasb.fxgl.localization.LocalizationService
22:23:10.867 [FXGL Background Thread 3 ] DEBUG Engine               - class com.almasb.fxgl.app.services.SystemBundleService
22:23:10.867 [FXGL Background Thread 3 ] DEBUG Engine               - class com.almasb.fxgl.profile.SaveLoadService
22:23:10.867 [FXGL Background Thread 3 ] DEBUG Engine               - class com.almasb.fxgl.ui.FXGLUIFactoryServiceProvider
22:23:10.867 [FXGL Background Thread 3 ] DEBUG Engine               - class com.almasb.fxgl.ui.FXGLDialogFactoryServiceProvider
22:23:10.867 [FXGL Background Thread 3 ] DEBUG Engine               - class com.almasb.fxgl.audio.AudioPlayer
22:23:10.868 [FXGL Background Thread 3 ] DEBUG Engine               - class com.almasb.fxgl.notification.impl.NotificationServiceProvider
22:23:10.868 [FXGL Background Thread 3 ] DEBUG Engine               - class com.almasb.fxgl.achievement.AchievementService
22:23:10.868 [FXGL Background Thread 3 ] DEBUG Engine               - class com.almasb.fxgl.cutscene.CutsceneService
22:23:10.868 [FXGL Background Thread 3 ] DEBUG Engine               - class com.almasb.fxgl.minigames.MiniGameService
22:23:10.868 [FXGL Background Thread 3 ] DEBUG Engine               - class com.almasb.fxgl.net.NetService
22:23:10.868 [FXGL Background Thread 3 ] DEBUG Engine               - class com.almasb.fxgl.app.services.UpdaterService
22:23:10.868 [FXGL Background Thread 3 ] DEBUG Engine               - class com.almasb.fxgl.dev.DevService
22:23:13.472 [JavaFX Application Thread] DEBUG FXGLAssetLoaderServi - Loading from file system: file:/C:/Users/macke/OneDrive/Documents/School/Semester%203/Programming%20in%20a%20Graphical%20User%20Interface/Homework/animals-revenge/build/resources/main/assets/textures/soccer.png
22:23:27.285 [JavaFX Application Thread] DEBUG FXGLApplication      - Exiting FXGL
22:23:27.285 [JavaFX Application Thread] DEBUG LoopRunner           - Stopping loop
22:23:27.285 [JavaFX Application Thread] DEBUG SystemBundleService  - Saving FXGL system data
22:23:27.287 [JavaFX Application Thread] DEBUG FileSystemAccess     - Writing to: C:\Users\macke\OneDrive\Documents\School\Semester 3\Programming in a Graphical User Interface\Homework\animals-revenge\system\fxgl.bundle
22:23:27.289 [JavaFX Application Thread] DEBUG Async                - Shutting down background threads
22:23:27.289 [JavaFX Application Thread] DEBUG PrimaryStageWindow   - Closing main window
22:23:27.296 [JavaFX Application Thread] DEBUG Logger               - Closing Logger
