17:10:50.039 [main                     ] DEBUG Logger               - Configured Logger
17:10:50.060 [main                     ] DEBUG GameApplication      - Logging settings
Title: Untitled
Version: 0.0
Width: 1480
Height: 820
Fullscreen: false
Intro: false
Profiling: false
Single step:false
App Mode: DEVELOPER
Menu Key: ESCAPE
Stage Style: DECORATED
Scene Factory: class com.almasb.fxgl.app.scene.SceneFactory

17:10:50.549 [JavaFX Application Thread] DEBUG FXGLApplication      - Initializing FXGL
17:10:50.559 [JavaFX Application Thread] INFO  Engine               - FXGL-17.2 (20.08.2022 16.50) on WINDOWS (J:18.0.2.1 FX:20.0.2)
17:10:50.559 [JavaFX Application Thread] DEBUG Engine               - JRE Vendor Name: Oracle Corporation
17:10:50.560 [JavaFX Application Thread] DEBUG Engine               - Running on OS: Windows 11 version 10.0
17:10:50.560 [JavaFX Application Thread] DEBUG Engine               - Architecture: amd64
17:10:50.560 [JavaFX Application Thread] INFO  Engine               - Source code and latest versions at: https://github.com/AlmasB/FXGL
17:10:50.560 [JavaFX Application Thread] INFO  Engine               -       Ask questions and discuss at: https://github.com/AlmasB/FXGL/discussions
17:10:50.561 [JavaFX Application Thread] INFO  Engine               -              Join the FXGL chat at: https://gitter.im/AlmasB/FXGL
17:10:50.683 [JavaFX Application Thread] DEBUG PrimaryStageWindow   - Creating a JavaFX scene
17:10:50.683 [JavaFX Application Thread] DEBUG PrimaryStageWindow   - Target size > screen size
17:10:50.747 [JavaFX Application Thread] DEBUG PrimaryStageWindow   - Target settings size: 1480.0 x 820.0
17:10:50.747 [JavaFX Application Thread] DEBUG PrimaryStageWindow   - Scaled scene size:    1447.0 x 815.0
17:10:50.748 [JavaFX Application Thread] DEBUG PrimaryStageWindow   - Scaled ratio: (0.9777027027027027, 0.9939024390243902)
17:10:50.749 [JavaFX Application Thread] DEBUG PrimaryStageWindow   - Set initial scene to FXGLStartupScene
17:10:50.757 [JavaFX Application Thread] DEBUG PrimaryStageWindow   - Opening main window
17:10:50.887 [JavaFX Application Thread] DEBUG PrimaryStageWindow   - Window border size: (14.5999755859375, 37.79998779296875)
17:10:50.888 [JavaFX Application Thread] DEBUG PrimaryStageWindow   - Scaled size: 1447.0 x 815.0
17:10:50.888 [JavaFX Application Thread] DEBUG PrimaryStageWindow   - Scaled ratio: (0.9777027027027027, 0.9939024390243902)
17:10:50.888 [JavaFX Application Thread] DEBUG PrimaryStageWindow   - Scene size: 1447.0 x 815.0
17:10:50.888 [JavaFX Application Thread] DEBUG PrimaryStageWindow   - Stage size: 1461.5999755859375 x 852.7999877929688
17:10:50.897 [FXGL Background Thread 1 ] DEBUG Engine               - Initializing environment variables
17:10:50.971 [FXGL Background Thread 1 ] DEBUG FXGLAssetLoaderServi - User app class for loading assets: class edu.vanier.animals_revenge.MainApp
17:10:50.972 [FXGL Background Thread 1 ] DEBUG GameApplicationServi - Applying CSS: fxgl_dark.css
17:10:50.973 [FXGL Background Thread 1 ] DEBUG FXGLAssetLoaderServi - Loading from file system: jar:file:/C:/Users/zacha/.gradle/caches/modules-2/files-2.1/com.github.almasb/fxgl/17.2/35db6ae960eec2dcfd19262d3b7f9c42f0e95bc3/fxgl-17.2.jar!/fxglassets/ui/css/fxgl_dark.css
17:10:51.023 [FXGL Background Thread 1 ] DEBUG GameApplicationServi - Initializing application scenes
17:10:51.082 [FXGL Background Thread 1 ] DEBUG GameWorld            - Game world initialized
17:10:51.183 [FXGL Background Thread 1 ] DEBUG PhysicsWorld         - Physics world initialized: appHeight=820, physics.ppm=50.0
17:10:51.184 [FXGL Background Thread 1 ] DEBUG PhysicsWorld         - Using strategy: BRUTE_FORCE
17:10:51.191 [FXGL Background Thread 1 ] DEBUG GameScene            - Game scene initialized: 1480x820
17:10:51.192 [FXGL Background Thread 1 ] DEBUG GameApplicationServi - Application scenes initialized
17:10:51.219 [FXGL Background Thread 1 ] DEBUG SystemBundleService  - Loading FXGL system data
17:10:51.226 [FXGL Background Thread 1 ] DEBUG FileSystemAccess     - Reading from: C:\Users\zacha\OneDrive\Documents\GitHub\animals-revenge\system\fxgl.bundle
17:10:51.239 [FXGL Background Thread 1 ] DEBUG SystemBundleService  - Bundle FXGL: {}
17:10:51.239 [FXGL Background Thread 1 ] DEBUG UpdaterService       - Checking for updates
17:10:51.250 [FXGL Background Thread 4 ] DEBUG FXGLApplication      - Loading fonts
17:10:51.251 [FXGL Background Thread 4 ] DEBUG FXGLAssetLoaderServi - Loading from file system: jar:file:/C:/Users/zacha/.gradle/caches/modules-2/files-2.1/com.github.almasb/fxgl/17.2/35db6ae960eec2dcfd19262d3b7f9c42f0e95bc3/fxgl-17.2.jar!/fxglassets/ui/fonts/VarelaRound-Regular.ttf
17:10:51.252 [FXGL Background Thread 1 ] DEBUG FXGLApplication      - Loading default localization
17:10:51.254 [FXGL Background Thread 1 ] DEBUG FXGLAssetLoaderServi - Loading from file system: jar:file:/C:/Users/zacha/.gradle/caches/modules-2/files-2.1/com.github.almasb/fxgl/17.2/35db6ae960eec2dcfd19262d3b7f9c42f0e95bc3/fxgl-17.2.jar!/fxglassets/languages/english.lang
17:10:51.311 [FXGL Background Thread 1 ] INFO  FXGLApplication      - FXGL initialization took: 0.413 sec
17:10:51.319 [JavaFX Application Thread] DEBUG Input                - Registered new binding: Launch - RMB
17:10:51.319 [JavaFX Application Thread] DEBUG Input                - Registered new binding: Create - LMB
17:10:51.321 [JavaFX Application Thread] DEBUG Input                - Registered new binding: Drag - CTRL+LMB
17:10:51.322 [JavaFX Application Thread] DEBUG FXGLAssetLoaderServi - Loading from file system: jar:file:/C:/Users/zacha/.gradle/caches/modules-2/files-2.1/com.github.almasb/fxgl/17.2/35db6ae960eec2dcfd19262d3b7f9c42f0e95bc3/fxgl-17.2.jar!/fxglassets/textures/fxgl_icon.png
17:10:51.349 [FXGL Background Thread 4 ] DEBUG FXGLAssetLoaderServi - Loading from file system: jar:file:/C:/Users/zacha/.gradle/caches/modules-2/files-2.1/com.github.almasb/fxgl/17.2/35db6ae960eec2dcfd19262d3b7f9c42f0e95bc3/fxgl-17.2.jar!/fxglassets/ui/fonts/Abel-Regular.ttf
17:10:51.357 [FXGL Background Thread 4 ] DEBUG FXGLAssetLoaderServi - Loading from file system: jar:file:/C:/Users/zacha/.gradle/caches/modules-2/files-2.1/com.github.almasb/fxgl/17.2/35db6ae960eec2dcfd19262d3b7f9c42f0e95bc3/fxgl-17.2.jar!/fxglassets/ui/fonts/TerminalLandMono-Regular.otf
17:10:51.365 [FXGL Background Thread 4 ] DEBUG FXGLAssetLoaderServi - Loading from file system: jar:file:/C:/Users/zacha/.gradle/caches/modules-2/files-2.1/com.github.almasb/fxgl/17.2/35db6ae960eec2dcfd19262d3b7f9c42f0e95bc3/fxgl-17.2.jar!/fxglassets/ui/fonts/Courier-Prime.ttf
17:10:51.424 [JavaFX Application Thread] DEBUG FXGLAssetLoaderServi - Loading from file system: jar:file:/C:/Users/zacha/.gradle/caches/modules-2/files-2.1/com.github.almasb/fxgl/17.2/35db6ae960eec2dcfd19262d3b7f9c42f0e95bc3/fxgl-17.2.jar!/fxglassets/textures/fxgl_default_cursor.png
17:10:51.438 [JavaFX Application Thread] DEBUG Input                - Registered new binding: Screenshot - CTRL+8
17:10:51.438 [JavaFX Application Thread] DEBUG Input                - Registered new binding: System info dump - CTRL+9
17:10:51.440 [JavaFX Application Thread] DEBUG Input                - Registered new binding: Restart - CTRL+R
17:10:51.442 [JavaFX Application Thread] DEBUG Input                - Registered new binding: Toggle Debug Camera - CTRL+7
17:10:51.452 [JavaFX Application Thread] DEBUG LoopRunner           - Starting loop
17:10:51.452 [JavaFX Application Thread] DEBUG LoopRunner           - Initializing JavaFX AnimationTimerLoop
17:10:51.455 [JavaFX Application Thread] DEBUG GameApplicationServi - Starting new game
17:10:51.456 [JavaFX Application Thread] DEBUG Input                - Clearing active input actions
17:10:51.484 [JavaFX Application Thread] DEBUG GameApplicationServi - Removing overlay from FXGLStartupScene and adding to FXGLLoadingScene
17:10:51.485 [JavaFX Application Thread] DEBUG PrimaryStageWindow   - FXGLStartupScene -> FXGLLoadingScene
17:10:51.485 [JavaFX Application Thread] DEBUG GameApplicationServi - Clearing previous game
17:10:51.485 [JavaFX Application Thread] DEBUG GameScene            - Clearing game scene
17:10:51.485 [JavaFX Application Thread] DEBUG GameWorld            - Clearing game world
17:10:51.485 [JavaFX Application Thread] DEBUG PhysicsWorld         - Clearing physics world
17:10:51.494 [JavaFX Application Thread] DEBUG FXGLApplication      - Registering font factories with UI factory
17:10:51.572 [FXGL Background Thread 4 ] DEBUG FXGLAssetLoaderServi - Loading from file system: file:/C:/Users/zacha/OneDrive/Documents/GitHub/animals-revenge/build/resources/main/assets/ui/Home.fxml
17:10:52.003 [FXGL Background Thread 2 ] INFO  UpdaterService       - Your current version:  17.2
17:10:52.003 [FXGL Background Thread 2 ] INFO  UpdaterService       - Latest stable version: 17.3
17:10:52.229 [FXGL Background Thread 4 ] INFO  FXGLApplication      - Game initialization took: 0.735 sec
17:10:52.231 [JavaFX Application Thread] DEBUG Input                - Clearing active input actions
17:10:52.247 [JavaFX Application Thread] DEBUG GameApplicationServi - Removing overlay from FXGLLoadingScene and adding to GameScene
17:10:52.248 [JavaFX Application Thread] DEBUG PrimaryStageWindow   - FXGLLoadingScene -> GameScene
17:10:54.246 [FXGL Background Thread 3 ] DEBUG Engine               - Logging environment variables
17:10:54.248 [FXGL Background Thread 3 ] DEBUG Engine               - achievements: []
17:10:54.248 [FXGL Background Thread 3 ] DEBUG Engine               - actualHeight: 815.0
17:10:54.248 [FXGL Background Thread 3 ] DEBUG Engine               - actualHeightProperty: ReadOnlyDoubleProperty [value: 815.0]
17:10:54.248 [FXGL Background Thread 3 ] DEBUG Engine               - actualWidth: 1447.0
17:10:54.248 [FXGL Background Thread 3 ] DEBUG Engine               - actualWidthProperty: ReadOnlyDoubleProperty [value: 1447.0]
17:10:54.248 [FXGL Background Thread 3 ] DEBUG Engine               - appIcon: fxgl_icon.png
17:10:54.248 [FXGL Background Thread 3 ] DEBUG Engine               - applicationMode: DEVELOPER
17:10:54.248 [FXGL Background Thread 3 ] DEBUG Engine               - cSSList: [fxgl_dark.css]
17:10:54.249 [FXGL Background Thread 3 ] DEBUG Engine               - collisionDetectionStrategy: BRUTE_FORCE
17:10:54.249 [FXGL Background Thread 3 ] DEBUG Engine               - configClass: Optional.empty
17:10:54.249 [FXGL Background Thread 3 ] DEBUG Engine               - credits: []
17:10:54.253 [FXGL Background Thread 3 ] DEBUG Engine               - defaultCursor: CursorInfo(imageName=fxgl_default_cursor.png, hotspotX=7.0, hotspotY=6.0)
17:10:54.254 [FXGL Background Thread 3 ] DEBUG Engine               - devBBoxColorProperty: ObjectProperty [value: 0xff0000ff]
17:10:54.254 [FXGL Background Thread 3 ] DEBUG Engine               - devEnableDebugCameraProperty: BooleanProperty [value: false]
17:10:54.254 [FXGL Background Thread 3 ] DEBUG Engine               - devSensorColorProperty: ObjectProperty [value: 0xffff00ff]
17:10:54.254 [FXGL Background Thread 3 ] DEBUG Engine               - devShowBBoxProperty: BooleanProperty [value: false]
17:10:54.254 [FXGL Background Thread 3 ] DEBUG Engine               - devShowPositionProperty: BooleanProperty [value: false]
17:10:54.254 [FXGL Background Thread 3 ] DEBUG Engine               - enabledMenuItems: []
17:10:54.254 [FXGL Background Thread 3 ] DEBUG Engine               - engineServices: [class com.almasb.fxgl.app.services.FXGLAssetLoaderService, class com.almasb.fxgl.app.FXGLApplication$GameApplicationService, class com.almasb.fxgl.app.services.FXGLDialogService, class com.almasb.fxgl.app.services.IOTaskExecutorService, class com.almasb.fxgl.io.FileSystemService, class com.almasb.fxgl.localization.LocalizationService, class com.almasb.fxgl.app.services.SystemBundleService, class com.almasb.fxgl.profile.SaveLoadService, class com.almasb.fxgl.ui.FXGLUIFactoryServiceProvider, class com.almasb.fxgl.ui.FXGLDialogFactoryServiceProvider, class com.almasb.fxgl.audio.AudioPlayer, class com.almasb.fxgl.notification.impl.NotificationServiceProvider, class com.almasb.fxgl.achievement.AchievementService, class com.almasb.fxgl.cutscene.CutsceneService, class com.almasb.fxgl.minigames.MiniGameService, class com.almasb.fxgl.net.NetService, class com.almasb.fxgl.app.services.UpdaterService, class com.almasb.fxgl.dev.DevService]
17:10:54.254 [FXGL Background Thread 3 ] DEBUG Engine               - fontGame: Abel-Regular.ttf
17:10:54.254 [FXGL Background Thread 3 ] DEBUG Engine               - fontMono: TerminalLandMono-Regular.otf
17:10:54.255 [FXGL Background Thread 3 ] DEBUG Engine               - fontText: Courier-Prime.ttf
17:10:54.255 [FXGL Background Thread 3 ] DEBUG Engine               - fontUI: VarelaRound-Regular.ttf
17:10:54.255 [FXGL Background Thread 3 ] DEBUG Engine               - fullScreen: BooleanProperty [value: false]
17:10:54.255 [FXGL Background Thread 3 ] DEBUG Engine               - gameDifficulty: MEDIUM
17:10:54.255 [FXGL Background Thread 3 ] DEBUG Engine               - gameDifficultyProperty: ObjectProperty [value: MEDIUM]
17:10:54.255 [FXGL Background Thread 3 ] DEBUG Engine               - globalMusicVolume: 0.5
17:10:54.255 [FXGL Background Thread 3 ] DEBUG Engine               - globalMusicVolumeProperty: DoubleProperty [value: 0.5]
17:10:54.255 [FXGL Background Thread 3 ] DEBUG Engine               - globalSoundVolume: 0.5
17:10:54.255 [FXGL Background Thread 3 ] DEBUG Engine               - globalSoundVolumeProperty: DoubleProperty [value: 0.5]
17:10:54.256 [FXGL Background Thread 3 ] DEBUG Engine               - height: 820
17:10:54.256 [FXGL Background Thread 3 ] DEBUG Engine               - is3D: false
17:10:54.256 [FXGL Background Thread 3 ] DEBUG Engine               - isAndroid: false
17:10:54.256 [FXGL Background Thread 3 ] DEBUG Engine               - isBrowser: false
17:10:54.256 [FXGL Background Thread 3 ] DEBUG Engine               - isClickFeedbackEnabled: false
17:10:54.256 [FXGL Background Thread 3 ] DEBUG Engine               - isCloseConfirmation: false
17:10:54.256 [FXGL Background Thread 3 ] DEBUG Engine               - isDesktop: true
17:10:54.256 [FXGL Background Thread 3 ] DEBUG Engine               - isDeveloperMenuEnabled: false
17:10:54.256 [FXGL Background Thread 3 ] DEBUG Engine               - isEmbedded: false
17:10:54.256 [FXGL Background Thread 3 ] DEBUG Engine               - isEntityPreloadEnabled: true
17:10:54.256 [FXGL Background Thread 3 ] DEBUG Engine               - isExperimentalTiledLargeMap: false
17:10:54.256 [FXGL Background Thread 3 ] DEBUG Engine               - isFileSystemWriteAllowed: true
17:10:54.256 [FXGL Background Thread 3 ] DEBUG Engine               - isFullScreenAllowed: false
17:10:54.256 [FXGL Background Thread 3 ] DEBUG Engine               - isFullScreenFromStart: false
17:10:54.256 [FXGL Background Thread 3 ] DEBUG Engine               - isGameMenuEnabled: false
17:10:54.257 [FXGL Background Thread 3 ] DEBUG Engine               - isIOS: false
17:10:54.257 [FXGL Background Thread 3 ] DEBUG Engine               - isIntroEnabled: false
17:10:54.257 [FXGL Background Thread 3 ] DEBUG Engine               - isLinux: false
17:10:54.257 [FXGL Background Thread 3 ] DEBUG Engine               - isMac: false
17:10:54.257 [FXGL Background Thread 3 ] DEBUG Engine               - isMainMenuEnabled: false
17:10:54.257 [FXGL Background Thread 3 ] DEBUG Engine               - isManualResizeEnabled: false
17:10:54.257 [FXGL Background Thread 3 ] DEBUG Engine               - isMobile: false
17:10:54.257 [FXGL Background Thread 3 ] DEBUG Engine               - isNative: false
17:10:54.257 [FXGL Background Thread 3 ] DEBUG Engine               - isPauseMusicWhenMinimized: true
17:10:54.257 [FXGL Background Thread 3 ] DEBUG Engine               - isPreserveResizeRatio: false
17:10:54.258 [FXGL Background Thread 3 ] DEBUG Engine               - isProfilingEnabled: false
17:10:54.258 [FXGL Background Thread 3 ] DEBUG Engine               - isScaleAffectedOnResize: true
17:10:54.258 [FXGL Background Thread 3 ] DEBUG Engine               - isSingleStep: false
17:10:54.258 [FXGL Background Thread 3 ] DEBUG Engine               - isUserProfileEnabled: false
17:10:54.258 [FXGL Background Thread 3 ] DEBUG Engine               - isWindows: true
17:10:54.258 [FXGL Background Thread 3 ] DEBUG Engine               - language: ObjectProperty [value: ENGLISH]
17:10:54.258 [FXGL Background Thread 3 ] DEBUG Engine               - menuKey: ESCAPE
17:10:54.259 [FXGL Background Thread 3 ] DEBUG Engine               - mouseSensitivity: 0.2
17:10:54.259 [FXGL Background Thread 3 ] DEBUG Engine               - notificationViewClass: class com.almasb.fxgl.notification.view.XboxNotificationView
17:10:54.259 [FXGL Background Thread 3 ] DEBUG Engine               - pixelsPerMeter: 50.0
17:10:54.259 [FXGL Background Thread 3 ] DEBUG Engine               - platform: WINDOWS
17:10:54.259 [FXGL Background Thread 3 ] DEBUG Engine               - prefHeightProperty: ReadOnlyDoubleProperty [value: 820.0]
17:10:54.259 [FXGL Background Thread 3 ] DEBUG Engine               - prefWidthProperty: ReadOnlyDoubleProperty [value: 1480.0]
17:10:54.259 [FXGL Background Thread 3 ] DEBUG Engine               - profileDir: profiles/
17:10:54.259 [FXGL Background Thread 3 ] DEBUG Engine               - profileName: StringProperty [value: DEFAULT]
17:10:54.259 [FXGL Background Thread 3 ] DEBUG Engine               - randomSeed: -1
17:10:54.260 [FXGL Background Thread 3 ] DEBUG Engine               - runtimeInfo: RuntimeInfo(platform=WINDOWS, version=17.2, build=20.08.2022 16.50)
17:10:54.261 [FXGL Background Thread 3 ] DEBUG Engine               - saveFileExt: sav
17:10:54.261 [FXGL Background Thread 3 ] DEBUG Engine               - scaledHeightProp$fxgl: DoubleProperty [bound, value: 815.0]
17:10:54.261 [FXGL Background Thread 3 ] DEBUG Engine               - scaledWidthProp$fxgl: DoubleProperty [bound, value: 1447.0]
17:10:54.261 [FXGL Background Thread 3 ] DEBUG Engine               - sceneFactory: com.almasb.fxgl.app.scene.SceneFactory@5bd4979a
17:10:54.261 [FXGL Background Thread 3 ] DEBUG Engine               - secondsIn24h: 60
17:10:54.261 [FXGL Background Thread 3 ] DEBUG Engine               - soundMenuBack: menu/back.wav
17:10:54.261 [FXGL Background Thread 3 ] DEBUG Engine               - soundMenuPress: menu/press.wav
17:10:54.261 [FXGL Background Thread 3 ] DEBUG Engine               - soundMenuSelect: menu/select.wav
17:10:54.261 [FXGL Background Thread 3 ] DEBUG Engine               - soundNotification: core/notification.wav
17:10:54.261 [FXGL Background Thread 3 ] DEBUG Engine               - stageStyle: DECORATED
17:10:54.262 [FXGL Background Thread 3 ] DEBUG Engine               - supportedLanguages: [ENGLISH, FRENCH, GERMAN, HUNGARIAN, RUSSIAN]
17:10:54.262 [FXGL Background Thread 3 ] DEBUG Engine               - ticksPerSecond: -1
17:10:54.262 [FXGL Background Thread 3 ] DEBUG Engine               - title: Untitled
17:10:54.262 [FXGL Background Thread 3 ] DEBUG Engine               - urlGithub: https://github.com/AlmasB/FXGL
17:10:54.262 [FXGL Background Thread 3 ] DEBUG Engine               - urlLeaderboard: http://fxgl-top.herokuapp.com/
17:10:54.262 [FXGL Background Thread 3 ] DEBUG Engine               - urlPOM: https://raw.githubusercontent.com/AlmasB/FXGL/release/README.md
17:10:54.262 [FXGL Background Thread 3 ] DEBUG Engine               - userAppClass: class edu.vanier.animals_revenge.MainApp
17:10:54.262 [FXGL Background Thread 3 ] DEBUG Engine               - version: 0.0
17:10:54.262 [FXGL Background Thread 3 ] DEBUG Engine               - versionCheckDays: 7
17:10:54.262 [FXGL Background Thread 3 ] DEBUG Engine               - width: 1480
17:10:54.262 [FXGL Background Thread 3 ] DEBUG Engine               - Logging services
17:10:54.262 [FXGL Background Thread 3 ] DEBUG Engine               - class com.almasb.fxgl.app.services.FXGLAssetLoaderService
17:10:54.263 [FXGL Background Thread 3 ] DEBUG Engine               - class com.almasb.fxgl.app.FXGLApplication$GameApplicationService
17:10:54.263 [FXGL Background Thread 3 ] DEBUG Engine               - class com.almasb.fxgl.app.services.FXGLDialogService
17:10:54.263 [FXGL Background Thread 3 ] DEBUG Engine               - class com.almasb.fxgl.app.services.IOTaskExecutorService
17:10:54.263 [FXGL Background Thread 3 ] DEBUG Engine               - class com.almasb.fxgl.io.FileSystemService
17:10:54.263 [FXGL Background Thread 3 ] DEBUG Engine               - class com.almasb.fxgl.localization.LocalizationService
17:10:54.263 [FXGL Background Thread 3 ] DEBUG Engine               - class com.almasb.fxgl.app.services.SystemBundleService
17:10:54.263 [FXGL Background Thread 3 ] DEBUG Engine               - class com.almasb.fxgl.profile.SaveLoadService
17:10:54.263 [FXGL Background Thread 3 ] DEBUG Engine               - class com.almasb.fxgl.ui.FXGLUIFactoryServiceProvider
17:10:54.263 [FXGL Background Thread 3 ] DEBUG Engine               - class com.almasb.fxgl.ui.FXGLDialogFactoryServiceProvider
17:10:54.263 [FXGL Background Thread 3 ] DEBUG Engine               - class com.almasb.fxgl.audio.AudioPlayer
17:10:54.263 [FXGL Background Thread 3 ] DEBUG Engine               - class com.almasb.fxgl.notification.impl.NotificationServiceProvider
17:10:54.263 [FXGL Background Thread 3 ] DEBUG Engine               - class com.almasb.fxgl.achievement.AchievementService
17:10:54.263 [FXGL Background Thread 3 ] DEBUG Engine               - class com.almasb.fxgl.cutscene.CutsceneService
17:10:54.263 [FXGL Background Thread 3 ] DEBUG Engine               - class com.almasb.fxgl.minigames.MiniGameService
17:10:54.263 [FXGL Background Thread 3 ] DEBUG Engine               - class com.almasb.fxgl.net.NetService
17:10:54.263 [FXGL Background Thread 3 ] DEBUG Engine               - class com.almasb.fxgl.app.services.UpdaterService
17:10:54.263 [FXGL Background Thread 3 ] DEBUG Engine               - class com.almasb.fxgl.dev.DevService
17:10:58.447 [JavaFX Application Thread] DEBUG FXGLAssetLoaderServi - Loading from file system: file:/C:/Users/zacha/OneDrive/Documents/GitHub/animals-revenge/build/resources/main/assets/ui/Simulator.fxml
17:10:58.590 [JavaFX Application Thread] DEBUG FXGLAssetLoaderServi - Loading from file system: file:/C:/Users/zacha/OneDrive/Documents/GitHub/animals-revenge/build/resources/main/assets/textures/cannon.png
17:10:58.595 [JavaFX Application Thread] DEBUG FXGLAssetLoaderServi - Loading from file system: file:/C:/Users/zacha/OneDrive/Documents/GitHub/animals-revenge/build/resources/main/assets/textures/brick32x32.png
17:10:58.627 [JavaFX Application Thread] WARN  FXGLAssetLoaderServi - Failed to load file:/C:/Users/zacha/OneDrive/Documents/GitHub/animals-revenge/build/resources/main/assets/ui/Simulator.fxml
java.util.IllegalFormatConversionException: d != java.lang.Double
	at java.base/java.util.Formatter$FormatSpecifier.failConversion(Formatter.java:4522)
	at java.base/java.util.Formatter$FormatSpecifier.printInteger(Formatter.java:3043)
	at java.base/java.util.Formatter$FormatSpecifier.print(Formatter.java:2998)
	at java.base/java.util.Formatter.format(Formatter.java:2769)
	at java.base/java.util.Formatter.format(Formatter.java:2705)
	at java.base/java.lang.String.format(String.java:4138)
	at javafx.base@20.0.2/com.sun.javafx.binding.StringFormatter$4.computeValue(StringFormatter.java:192)
	at javafx.base@20.0.2/javafx.beans.binding.StringBinding.get(StringBinding.java:162)
	at javafx.base@20.0.2/com.sun.javafx.binding.StringFormatter.format(StringFormatter.java:202)
	at javafx.base@20.0.2/javafx.beans.binding.Bindings.format(Bindings.java:4956)
	at javafx.base@20.0.2/javafx.beans.binding.NumberExpressionBase.asString(NumberExpressionBase.java:326)
	at edu.vanier.animals_revenge.controllers.SimulatorController.init(SimulatorController.java:171)
	at com.almasb.fxgl.app.services.UIAssetLoader.load(FXGLAssetLoaderService.kt:768)
	at com.almasb.fxgl.app.services.UIAssetLoader.load(FXGLAssetLoaderService.kt:757)
	at com.almasb.fxgl.app.services.FXGLAssetLoaderService.load(FXGLAssetLoaderService.kt:530)
	at com.almasb.fxgl.app.services.FXGLAssetLoaderService.loadUI(FXGLAssetLoaderService.kt:460)
	at edu.vanier.animals_revenge.MainApp.loadFXML(MainApp.java:167)
	at edu.vanier.animals_revenge.controllers.HomeController.switchScenes(HomeController.java:42)
	at java.base/jdk.internal.reflect.DirectMethodHandleAccessor.invoke(DirectMethodHandleAccessor.java:104)
	at java.base/java.lang.reflect.Method.invoke(Method.java:577)
	at com.sun.javafx.reflect.Trampoline.invoke(MethodUtil.java:72)
	at java.base/jdk.internal.reflect.DirectMethodHandleAccessor.invoke(DirectMethodHandleAccessor.java:104)
	at java.base/java.lang.reflect.Method.invoke(Method.java:577)
	at javafx.base@20.0.2/com.sun.javafx.reflect.MethodUtil.invoke(MethodUtil.java:270)
	at javafx.fxml@20.0.2/com.sun.javafx.fxml.MethodHelper.invoke(MethodHelper.java:84)
	at javafx.fxml@20.0.2/javafx.fxml.FXMLLoader$MethodHandler.invoke(FXMLLoader.java:1853)
	at javafx.fxml@20.0.2/javafx.fxml.FXMLLoader$ControllerMethodEventHandler.handle(FXMLLoader.java:1726)
	at javafx.base@20.0.2/com.sun.javafx.event.CompositeEventHandler.dispatchBubblingEvent(CompositeEventHandler.java:86)
	at javafx.base@20.0.2/com.sun.javafx.event.EventHandlerManager.dispatchBubblingEvent(EventHandlerManager.java:232)
	at javafx.base@20.0.2/com.sun.javafx.event.EventHandlerManager.dispatchBubblingEvent(EventHandlerManager.java:189)
	at javafx.base@20.0.2/com.sun.javafx.event.CompositeEventDispatcher.dispatchBubblingEvent(CompositeEventDispatcher.java:59)
	at javafx.base@20.0.2/com.sun.javafx.event.BasicEventDispatcher.dispatchEvent(BasicEventDispatcher.java:58)
	at javafx.base@20.0.2/com.sun.javafx.event.EventDispatchChainImpl.dispatchEvent(EventDispatchChainImpl.java:114)
	at javafx.base@20.0.2/com.sun.javafx.event.BasicEventDispatcher.dispatchEvent(BasicEventDispatcher.java:56)
	at javafx.base@20.0.2/com.sun.javafx.event.EventDispatchChainImpl.dispatchEvent(EventDispatchChainImpl.java:114)
	at javafx.base@20.0.2/com.sun.javafx.event.BasicEventDispatcher.dispatchEvent(BasicEventDispatcher.java:56)
	at javafx.base@20.0.2/com.sun.javafx.event.EventDispatchChainImpl.dispatchEvent(EventDispatchChainImpl.java:114)
	at javafx.base@20.0.2/com.sun.javafx.event.EventUtil.fireEventImpl(EventUtil.java:74)
	at javafx.base@20.0.2/com.sun.javafx.event.EventUtil.fireEvent(EventUtil.java:49)
	at javafx.base@20.0.2/javafx.event.Event.fireEvent(Event.java:198)
	at javafx.graphics@20.0.2/javafx.scene.Node.fireEvent(Node.java:8944)
	at javafx.controls@20.0.2/javafx.scene.control.Button.fire(Button.java:203)
	at javafx.controls@20.0.2/com.sun.javafx.scene.control.behavior.ButtonBehavior.mouseReleased(ButtonBehavior.java:207)
	at javafx.controls@20.0.2/com.sun.javafx.scene.control.inputmap.InputMap.handle(InputMap.java:274)
	at javafx.base@20.0.2/com.sun.javafx.event.CompositeEventHandler$NormalEventHandlerRecord.handleBubblingEvent(CompositeEventHandler.java:247)
	at javafx.base@20.0.2/com.sun.javafx.event.CompositeEventHandler.dispatchBubblingEvent(CompositeEventHandler.java:80)
	at javafx.base@20.0.2/com.sun.javafx.event.EventHandlerManager.dispatchBubblingEvent(EventHandlerManager.java:232)
	at javafx.base@20.0.2/com.sun.javafx.event.EventHandlerManager.dispatchBubblingEvent(EventHandlerManager.java:189)
	at javafx.base@20.0.2/com.sun.javafx.event.CompositeEventDispatcher.dispatchBubblingEvent(CompositeEventDispatcher.java:59)
	at javafx.base@20.0.2/com.sun.javafx.event.BasicEventDispatcher.dispatchEvent(BasicEventDispatcher.java:58)
	at javafx.base@20.0.2/com.sun.javafx.event.EventDispatchChainImpl.dispatchEvent(EventDispatchChainImpl.java:114)
	at javafx.base@20.0.2/com.sun.javafx.event.BasicEventDispatcher.dispatchEvent(BasicEventDispatcher.java:56)
	at javafx.base@20.0.2/com.sun.javafx.event.EventDispatchChainImpl.dispatchEvent(EventDispatchChainImpl.java:114)
	at javafx.base@20.0.2/com.sun.javafx.event.BasicEventDispatcher.dispatchEvent(BasicEventDispatcher.java:56)
	at javafx.base@20.0.2/com.sun.javafx.event.EventDispatchChainImpl.dispatchEvent(EventDispatchChainImpl.java:114)
	at javafx.base@20.0.2/com.sun.javafx.event.EventUtil.fireEventImpl(EventUtil.java:74)
	at javafx.base@20.0.2/com.sun.javafx.event.EventUtil.fireEvent(EventUtil.java:54)
	at javafx.base@20.0.2/javafx.event.Event.fireEvent(Event.java:198)
	at javafx.graphics@20.0.2/javafx.scene.Scene$MouseHandler.process(Scene.java:3980)
	at javafx.graphics@20.0.2/javafx.scene.Scene.processMouseEvent(Scene.java:1890)
	at javafx.graphics@20.0.2/javafx.scene.Scene$ScenePeerListener.mouseEvent(Scene.java:2704)
	at javafx.graphics@20.0.2/com.sun.javafx.tk.quantum.GlassViewEventHandler$MouseEventNotification.run(GlassViewEventHandler.java:411)
	at javafx.graphics@20.0.2/com.sun.javafx.tk.quantum.GlassViewEventHandler$MouseEventNotification.run(GlassViewEventHandler.java:301)
	at java.base/java.security.AccessController.doPrivileged(AccessController.java:399)
	at javafx.graphics@20.0.2/com.sun.javafx.tk.quantum.GlassViewEventHandler.lambda$handleMouseEvent$2(GlassViewEventHandler.java:450)
	at javafx.graphics@20.0.2/com.sun.javafx.tk.quantum.QuantumToolkit.runWithoutRenderLock(QuantumToolkit.java:424)
	at javafx.graphics@20.0.2/com.sun.javafx.tk.quantum.GlassViewEventHandler.handleMouseEvent(GlassViewEventHandler.java:449)
	at javafx.graphics@20.0.2/com.sun.glass.ui.View.handleMouseEvent(View.java:551)
	at javafx.graphics@20.0.2/com.sun.glass.ui.View.notifyMouse(View.java:937)
	at javafx.graphics@20.0.2/com.sun.glass.ui.win.WinApplication._runLoop(Native Method)
	at javafx.graphics@20.0.2/com.sun.glass.ui.win.WinApplication.lambda$runLoop$3(WinApplication.java:185)
	at java.base/java.lang.Thread.run(Thread.java:833)

17:11:01.570 [JavaFX Application Thread] DEBUG FXGLApplication      - Exiting FXGL
17:11:01.570 [JavaFX Application Thread] DEBUG LoopRunner           - Stopping loop
17:11:01.570 [JavaFX Application Thread] DEBUG SystemBundleService  - Saving FXGL system data
17:11:01.574 [JavaFX Application Thread] DEBUG FileSystemAccess     - Writing to: C:\Users\zacha\OneDrive\Documents\GitHub\animals-revenge\system\fxgl.bundle
17:11:01.577 [JavaFX Application Thread] DEBUG Async                - Shutting down background threads
17:11:01.578 [JavaFX Application Thread] DEBUG PrimaryStageWindow   - Closing main window
17:11:01.616 [JavaFX Application Thread] DEBUG Logger               - Closing Logger
