12:41:20.356 [main                     ] DEBUG Logger               - Configured Logger
12:41:20.391 [main                     ] DEBUG GameApplication      - Logging settings
Title: Untitled
Version: 0.0
Width: 1480
Height: 820
Fullscreen: false
Intro: false
Profiling: false
Single step:false
App Mode: DEVELOPER
Menu Key: ESCAPE
Stage Style: DECORATED
Scene Factory: class com.almasb.fxgl.app.scene.SceneFactory

12:41:21.024 [JavaFX Application Thread] DEBUG FXGLApplication      - Initializing FXGL
12:41:21.043 [JavaFX Application Thread] INFO  Engine               - FXGL-17.2 (20.08.2022 16.50) on WINDOWS (J:18.0.2.1 FX:20.0.2)
12:41:21.044 [JavaFX Application Thread] DEBUG Engine               - JRE Vendor Name: Oracle Corporation
12:41:21.044 [JavaFX Application Thread] DEBUG Engine               - Running on OS: Windows 11 version 10.0
12:41:21.044 [JavaFX Application Thread] DEBUG Engine               - Architecture: amd64
12:41:21.044 [JavaFX Application Thread] INFO  Engine               - Source code and latest versions at: https://github.com/AlmasB/FXGL
12:41:21.045 [JavaFX Application Thread] INFO  Engine               -       Ask questions and discuss at: https://github.com/AlmasB/FXGL/discussions
12:41:21.045 [JavaFX Application Thread] INFO  Engine               -              Join the FXGL chat at: https://gitter.im/AlmasB/FXGL
12:41:21.202 [JavaFX Application Thread] DEBUG PrimaryStageWindow   - Creating a JavaFX scene
12:41:21.202 [JavaFX Application Thread] DEBUG PrimaryStageWindow   - Target size > screen size
12:41:21.262 [JavaFX Application Thread] DEBUG PrimaryStageWindow   - Target settings size: 1480.0 x 820.0
12:41:21.262 [JavaFX Application Thread] DEBUG PrimaryStageWindow   - Scaled scene size:    1415.0 x 797.0
12:41:21.263 [JavaFX Application Thread] DEBUG PrimaryStageWindow   - Scaled ratio: (0.956081081081081, 0.9719512195121951)
12:41:21.265 [JavaFX Application Thread] DEBUG PrimaryStageWindow   - Set initial scene to FXGLStartupScene
12:41:21.269 [JavaFX Application Thread] DEBUG PrimaryStageWindow   - Opening main window
12:41:21.404 [JavaFX Application Thread] DEBUG PrimaryStageWindow   - Window border size: (13.0, 35.5)
12:41:21.404 [JavaFX Application Thread] DEBUG PrimaryStageWindow   - Scaled size: 1415.0 x 797.0
12:41:21.404 [JavaFX Application Thread] DEBUG PrimaryStageWindow   - Scaled ratio: (0.956081081081081, 0.9719512195121951)
12:41:21.404 [JavaFX Application Thread] DEBUG PrimaryStageWindow   - Scene size: 1415.0 x 797.0
12:41:21.405 [JavaFX Application Thread] DEBUG PrimaryStageWindow   - Stage size: 1428.0 x 832.5
12:41:21.411 [FXGL Background Thread 1 ] DEBUG Engine               - Initializing environment variables
12:41:21.456 [FXGL Background Thread 1 ] DEBUG FXGLAssetLoaderServi - User app class for loading assets: class edu.vanier.animals_revenge.MainApp
12:41:21.456 [FXGL Background Thread 1 ] DEBUG GameApplicationServi - Applying CSS: fxgl_dark.css
12:41:21.458 [FXGL Background Thread 1 ] DEBUG FXGLAssetLoaderServi - Loading from file system: jar:file:/C:/Users/macke/.gradle/caches/modules-2/files-2.1/com.github.almasb/fxgl/17.2/35db6ae960eec2dcfd19262d3b7f9c42f0e95bc3/fxgl-17.2.jar!/fxglassets/ui/css/fxgl_dark.css
12:41:21.513 [FXGL Background Thread 1 ] DEBUG GameApplicationServi - Initializing application scenes
12:41:21.581 [FXGL Background Thread 1 ] DEBUG GameWorld            - Game world initialized
12:41:21.654 [FXGL Background Thread 1 ] DEBUG PhysicsWorld         - Physics world initialized: appHeight=820, physics.ppm=50.0
12:41:21.654 [FXGL Background Thread 1 ] DEBUG PhysicsWorld         - Using strategy: BRUTE_FORCE
12:41:21.658 [FXGL Background Thread 1 ] DEBUG GameScene            - Game scene initialized: 1480x820
12:41:21.659 [FXGL Background Thread 1 ] DEBUG GameApplicationServi - Application scenes initialized
12:41:21.682 [FXGL Background Thread 1 ] DEBUG SystemBundleService  - Loading FXGL system data
12:41:21.687 [FXGL Background Thread 1 ] DEBUG FileSystemAccess     - Reading from: C:\Users\macke\OneDrive\Documents\School\Semester 3\Programming in a Graphical User Interface\Homework\animals-revenge\system\fxgl.bundle
12:41:21.701 [FXGL Background Thread 1 ] DEBUG SystemBundleService  - Bundle FXGL: {}
12:41:21.701 [FXGL Background Thread 1 ] DEBUG UpdaterService       - Checking for updates
12:41:21.712 [FXGL Background Thread 4 ] DEBUG FXGLApplication      - Loading fonts
12:41:21.713 [FXGL Background Thread 1 ] DEBUG FXGLApplication      - Loading default localization
12:41:21.713 [FXGL Background Thread 4 ] DEBUG FXGLAssetLoaderServi - Loading from file system: jar:file:/C:/Users/macke/.gradle/caches/modules-2/files-2.1/com.github.almasb/fxgl/17.2/35db6ae960eec2dcfd19262d3b7f9c42f0e95bc3/fxgl-17.2.jar!/fxglassets/ui/fonts/VarelaRound-Regular.ttf
12:41:21.714 [FXGL Background Thread 1 ] DEBUG FXGLAssetLoaderServi - Loading from file system: jar:file:/C:/Users/macke/.gradle/caches/modules-2/files-2.1/com.github.almasb/fxgl/17.2/35db6ae960eec2dcfd19262d3b7f9c42f0e95bc3/fxgl-17.2.jar!/fxglassets/languages/english.lang
12:41:21.837 [FXGL Background Thread 1 ] INFO  FXGLApplication      - FXGL initialization took: 0.426 sec
12:41:21.852 [JavaFX Application Thread] DEBUG Input                - Registered new binding: Launch - RMB
12:41:21.853 [JavaFX Application Thread] DEBUG Input                - Registered new binding: Create - LMB
12:41:21.853 [JavaFX Application Thread] DEBUG Input                - Registered new binding: Drag - CTRL+LMB
12:41:21.855 [JavaFX Application Thread] DEBUG FXGLAssetLoaderServi - Loading from file system: jar:file:/C:/Users/macke/.gradle/caches/modules-2/files-2.1/com.github.almasb/fxgl/17.2/35db6ae960eec2dcfd19262d3b7f9c42f0e95bc3/fxgl-17.2.jar!/fxglassets/textures/fxgl_icon.png
12:41:21.874 [FXGL Background Thread 4 ] DEBUG FXGLAssetLoaderServi - Loading from file system: jar:file:/C:/Users/macke/.gradle/caches/modules-2/files-2.1/com.github.almasb/fxgl/17.2/35db6ae960eec2dcfd19262d3b7f9c42f0e95bc3/fxgl-17.2.jar!/fxglassets/ui/fonts/Abel-Regular.ttf
12:41:21.879 [FXGL Background Thread 4 ] DEBUG FXGLAssetLoaderServi - Loading from file system: jar:file:/C:/Users/macke/.gradle/caches/modules-2/files-2.1/com.github.almasb/fxgl/17.2/35db6ae960eec2dcfd19262d3b7f9c42f0e95bc3/fxgl-17.2.jar!/fxglassets/ui/fonts/TerminalLandMono-Regular.otf
12:41:21.884 [FXGL Background Thread 4 ] DEBUG FXGLAssetLoaderServi - Loading from file system: jar:file:/C:/Users/macke/.gradle/caches/modules-2/files-2.1/com.github.almasb/fxgl/17.2/35db6ae960eec2dcfd19262d3b7f9c42f0e95bc3/fxgl-17.2.jar!/fxglassets/ui/fonts/Courier-Prime.ttf
12:41:21.925 [JavaFX Application Thread] DEBUG FXGLAssetLoaderServi - Loading from file system: jar:file:/C:/Users/macke/.gradle/caches/modules-2/files-2.1/com.github.almasb/fxgl/17.2/35db6ae960eec2dcfd19262d3b7f9c42f0e95bc3/fxgl-17.2.jar!/fxglassets/textures/fxgl_default_cursor.png
12:41:21.941 [JavaFX Application Thread] DEBUG Input                - Registered new binding: Screenshot - CTRL+8
12:41:21.942 [JavaFX Application Thread] DEBUG Input                - Registered new binding: System info dump - CTRL+9
12:41:21.943 [JavaFX Application Thread] DEBUG Input                - Registered new binding: Restart - CTRL+R
12:41:21.945 [JavaFX Application Thread] DEBUG Input                - Registered new binding: Toggle Debug Camera - CTRL+7
12:41:21.952 [JavaFX Application Thread] DEBUG LoopRunner           - Starting loop
12:41:21.952 [JavaFX Application Thread] DEBUG LoopRunner           - Initializing JavaFX AnimationTimerLoop
12:41:21.953 [JavaFX Application Thread] DEBUG GameApplicationServi - Starting new game
12:41:21.955 [JavaFX Application Thread] DEBUG Input                - Clearing active input actions
12:41:21.973 [JavaFX Application Thread] DEBUG GameApplicationServi - Removing overlay from FXGLStartupScene and adding to FXGLLoadingScene
12:41:21.973 [JavaFX Application Thread] DEBUG PrimaryStageWindow   - FXGLStartupScene -> FXGLLoadingScene
12:41:21.973 [JavaFX Application Thread] DEBUG GameApplicationServi - Clearing previous game
12:41:21.974 [JavaFX Application Thread] DEBUG GameScene            - Clearing game scene
12:41:21.974 [JavaFX Application Thread] DEBUG GameWorld            - Clearing game world
12:41:21.974 [JavaFX Application Thread] DEBUG PhysicsWorld         - Clearing physics world
12:41:21.978 [FXGL Background Thread 4 ] DEBUG FXGLApplication      - Initializing game
12:41:21.978 [JavaFX Application Thread] DEBUG FXGLApplication      - Registering font factories with UI factory
12:41:22.022 [FXGL Background Thread 4 ] DEBUG FXGLAssetLoaderServi - Loading from file system: file:/C:/Users/macke/OneDrive/Documents/School/Semester%203/Programming%20in%20a%20Graphical%20User%20Interface/Homework/animals-revenge/build/resources/main/assets/ui/Home.fxml
12:41:22.261 [FXGL Background Thread 2 ] INFO  UpdaterService       - Your current version:  17.2
12:41:22.261 [FXGL Background Thread 2 ] INFO  UpdaterService       - Latest stable version: 17.3
12:41:22.460 [FXGL Background Thread 4 ] INFO  FXGLApplication      - Game initialization took: 0.482 sec
12:41:22.475 [JavaFX Application Thread] DEBUG Input                - Clearing active input actions
12:41:22.486 [JavaFX Application Thread] DEBUG GameApplicationServi - Removing overlay from FXGLLoadingScene and adding to GameScene
12:41:22.486 [JavaFX Application Thread] DEBUG PrimaryStageWindow   - FXGLLoadingScene -> GameScene
12:41:24.200 [JavaFX Application Thread] DEBUG FXGLAssetLoaderServi - Loading from file system: file:/C:/Users/macke/OneDrive/Documents/School/Semester%203/Programming%20in%20a%20Graphical%20User%20Interface/Homework/animals-revenge/build/resources/main/assets/ui/CustomProjectile.fxml
12:41:24.710 [FXGL Background Thread 3 ] DEBUG Engine               - Logging environment variables
12:41:24.711 [FXGL Background Thread 3 ] DEBUG Engine               - achievements: []
12:41:24.712 [FXGL Background Thread 3 ] DEBUG Engine               - actualHeight: 797.0
12:41:24.712 [FXGL Background Thread 3 ] DEBUG Engine               - actualHeightProperty: ReadOnlyDoubleProperty [value: 797.0]
12:41:24.712 [FXGL Background Thread 3 ] DEBUG Engine               - actualWidth: 1415.0
12:41:24.712 [FXGL Background Thread 3 ] DEBUG Engine               - actualWidthProperty: ReadOnlyDoubleProperty [value: 1415.0]
12:41:24.713 [FXGL Background Thread 3 ] DEBUG Engine               - appIcon: fxgl_icon.png
12:41:24.713 [FXGL Background Thread 3 ] DEBUG Engine               - applicationMode: DEVELOPER
12:41:24.713 [FXGL Background Thread 3 ] DEBUG Engine               - cSSList: [fxgl_dark.css]
12:41:24.713 [FXGL Background Thread 3 ] DEBUG Engine               - collisionDetectionStrategy: BRUTE_FORCE
12:41:24.713 [FXGL Background Thread 3 ] DEBUG Engine               - configClass: Optional.empty
12:41:24.713 [FXGL Background Thread 3 ] DEBUG Engine               - credits: []
12:41:24.719 [FXGL Background Thread 3 ] DEBUG Engine               - defaultCursor: CursorInfo(imageName=fxgl_default_cursor.png, hotspotX=7.0, hotspotY=6.0)
12:41:24.719 [FXGL Background Thread 3 ] DEBUG Engine               - devBBoxColorProperty: ObjectProperty [value: 0xff0000ff]
12:41:24.719 [FXGL Background Thread 3 ] DEBUG Engine               - devEnableDebugCameraProperty: BooleanProperty [value: false]
12:41:24.719 [FXGL Background Thread 3 ] DEBUG Engine               - devSensorColorProperty: ObjectProperty [value: 0xffff00ff]
12:41:24.719 [FXGL Background Thread 3 ] DEBUG Engine               - devShowBBoxProperty: BooleanProperty [value: false]
12:41:24.719 [FXGL Background Thread 3 ] DEBUG Engine               - devShowPositionProperty: BooleanProperty [value: false]
12:41:24.719 [FXGL Background Thread 3 ] DEBUG Engine               - enabledMenuItems: []
12:41:24.720 [FXGL Background Thread 3 ] DEBUG Engine               - engineServices: [class com.almasb.fxgl.app.services.FXGLAssetLoaderService, class com.almasb.fxgl.app.FXGLApplication$GameApplicationService, class com.almasb.fxgl.app.services.FXGLDialogService, class com.almasb.fxgl.app.services.IOTaskExecutorService, class com.almasb.fxgl.io.FileSystemService, class com.almasb.fxgl.localization.LocalizationService, class com.almasb.fxgl.app.services.SystemBundleService, class com.almasb.fxgl.profile.SaveLoadService, class com.almasb.fxgl.ui.FXGLUIFactoryServiceProvider, class com.almasb.fxgl.ui.FXGLDialogFactoryServiceProvider, class com.almasb.fxgl.audio.AudioPlayer, class com.almasb.fxgl.notification.impl.NotificationServiceProvider, class com.almasb.fxgl.achievement.AchievementService, class com.almasb.fxgl.cutscene.CutsceneService, class com.almasb.fxgl.minigames.MiniGameService, class com.almasb.fxgl.net.NetService, class com.almasb.fxgl.app.services.UpdaterService, class com.almasb.fxgl.dev.DevService]
12:41:24.720 [FXGL Background Thread 3 ] DEBUG Engine               - fontGame: Abel-Regular.ttf
12:41:24.720 [FXGL Background Thread 3 ] DEBUG Engine               - fontMono: TerminalLandMono-Regular.otf
12:41:24.720 [FXGL Background Thread 3 ] DEBUG Engine               - fontText: Courier-Prime.ttf
12:41:24.720 [FXGL Background Thread 3 ] DEBUG Engine               - fontUI: VarelaRound-Regular.ttf
12:41:24.720 [FXGL Background Thread 3 ] DEBUG Engine               - fullScreen: BooleanProperty [value: false]
12:41:24.720 [FXGL Background Thread 3 ] DEBUG Engine               - gameDifficulty: MEDIUM
12:41:24.720 [FXGL Background Thread 3 ] DEBUG Engine               - gameDifficultyProperty: ObjectProperty [value: MEDIUM]
12:41:24.720 [FXGL Background Thread 3 ] DEBUG Engine               - globalMusicVolume: 0.5
12:41:24.721 [FXGL Background Thread 3 ] DEBUG Engine               - globalMusicVolumeProperty: DoubleProperty [value: 0.5]
12:41:24.721 [FXGL Background Thread 3 ] DEBUG Engine               - globalSoundVolume: 0.5
12:41:24.721 [FXGL Background Thread 3 ] DEBUG Engine               - globalSoundVolumeProperty: DoubleProperty [value: 0.5]
12:41:24.721 [FXGL Background Thread 3 ] DEBUG Engine               - height: 820
12:41:24.721 [FXGL Background Thread 3 ] DEBUG Engine               - is3D: false
12:41:24.721 [FXGL Background Thread 3 ] DEBUG Engine               - isAndroid: false
12:41:24.721 [FXGL Background Thread 3 ] DEBUG Engine               - isBrowser: false
12:41:24.721 [FXGL Background Thread 3 ] DEBUG Engine               - isClickFeedbackEnabled: false
12:41:24.721 [FXGL Background Thread 3 ] DEBUG Engine               - isCloseConfirmation: false
12:41:24.721 [FXGL Background Thread 3 ] DEBUG Engine               - isDesktop: true
12:41:24.721 [FXGL Background Thread 3 ] DEBUG Engine               - isDeveloperMenuEnabled: false
12:41:24.721 [FXGL Background Thread 3 ] DEBUG Engine               - isEmbedded: false
12:41:24.721 [FXGL Background Thread 3 ] DEBUG Engine               - isEntityPreloadEnabled: true
12:41:24.721 [FXGL Background Thread 3 ] DEBUG Engine               - isExperimentalTiledLargeMap: false
12:41:24.721 [FXGL Background Thread 3 ] DEBUG Engine               - isFileSystemWriteAllowed: true
12:41:24.721 [FXGL Background Thread 3 ] DEBUG Engine               - isFullScreenAllowed: false
12:41:24.721 [FXGL Background Thread 3 ] DEBUG Engine               - isFullScreenFromStart: false
12:41:24.721 [FXGL Background Thread 3 ] DEBUG Engine               - isGameMenuEnabled: false
12:41:24.721 [FXGL Background Thread 3 ] DEBUG Engine               - isIOS: false
12:41:24.721 [FXGL Background Thread 3 ] DEBUG Engine               - isIntroEnabled: false
12:41:24.721 [FXGL Background Thread 3 ] DEBUG Engine               - isLinux: false
12:41:24.721 [FXGL Background Thread 3 ] DEBUG Engine               - isMac: false
12:41:24.722 [FXGL Background Thread 3 ] DEBUG Engine               - isMainMenuEnabled: false
12:41:24.722 [FXGL Background Thread 3 ] DEBUG Engine               - isManualResizeEnabled: false
12:41:24.722 [FXGL Background Thread 3 ] DEBUG Engine               - isMobile: false
12:41:24.723 [FXGL Background Thread 3 ] DEBUG Engine               - isNative: false
12:41:24.723 [FXGL Background Thread 3 ] DEBUG Engine               - isPauseMusicWhenMinimized: true
12:41:24.723 [FXGL Background Thread 3 ] DEBUG Engine               - isPreserveResizeRatio: false
12:41:24.723 [FXGL Background Thread 3 ] DEBUG Engine               - isProfilingEnabled: false
12:41:24.723 [FXGL Background Thread 3 ] DEBUG Engine               - isScaleAffectedOnResize: true
12:41:24.723 [FXGL Background Thread 3 ] DEBUG Engine               - isSingleStep: false
12:41:24.723 [FXGL Background Thread 3 ] DEBUG Engine               - isUserProfileEnabled: false
12:41:24.723 [FXGL Background Thread 3 ] DEBUG Engine               - isWindows: true
12:41:24.724 [FXGL Background Thread 3 ] DEBUG Engine               - language: ObjectProperty [value: ENGLISH]
12:41:24.724 [FXGL Background Thread 3 ] DEBUG Engine               - menuKey: ESCAPE
12:41:24.724 [FXGL Background Thread 3 ] DEBUG Engine               - mouseSensitivity: 0.2
12:41:24.724 [FXGL Background Thread 3 ] DEBUG Engine               - notificationViewClass: class com.almasb.fxgl.notification.view.XboxNotificationView
12:41:24.724 [FXGL Background Thread 3 ] DEBUG Engine               - pixelsPerMeter: 50.0
12:41:24.724 [FXGL Background Thread 3 ] DEBUG Engine               - platform: WINDOWS
12:41:24.724 [FXGL Background Thread 3 ] DEBUG Engine               - prefHeightProperty: ReadOnlyDoubleProperty [value: 820.0]
12:41:24.724 [FXGL Background Thread 3 ] DEBUG Engine               - prefWidthProperty: ReadOnlyDoubleProperty [value: 1480.0]
12:41:24.724 [FXGL Background Thread 3 ] DEBUG Engine               - profileDir: profiles/
12:41:24.724 [FXGL Background Thread 3 ] DEBUG Engine               - profileName: StringProperty [value: DEFAULT]
12:41:24.724 [FXGL Background Thread 3 ] DEBUG Engine               - randomSeed: -1
12:41:24.724 [FXGL Background Thread 3 ] DEBUG Engine               - runtimeInfo: RuntimeInfo(platform=WINDOWS, version=17.2, build=20.08.2022 16.50)
12:41:24.724 [FXGL Background Thread 3 ] DEBUG Engine               - saveFileExt: sav
12:41:24.724 [FXGL Background Thread 3 ] DEBUG Engine               - scaledHeightProp$fxgl: DoubleProperty [bound, value: 797.0]
12:41:24.724 [FXGL Background Thread 3 ] DEBUG Engine               - scaledWidthProp$fxgl: DoubleProperty [bound, value: 1415.0]
12:41:24.725 [FXGL Background Thread 3 ] DEBUG Engine               - sceneFactory: com.almasb.fxgl.app.scene.SceneFactory@629fa43d
12:41:24.725 [FXGL Background Thread 3 ] DEBUG Engine               - secondsIn24h: 60
12:41:24.725 [FXGL Background Thread 3 ] DEBUG Engine               - soundMenuBack: menu/back.wav
12:41:24.725 [FXGL Background Thread 3 ] DEBUG Engine               - soundMenuPress: menu/press.wav
12:41:24.725 [FXGL Background Thread 3 ] DEBUG Engine               - soundMenuSelect: menu/select.wav
12:41:24.725 [FXGL Background Thread 3 ] DEBUG Engine               - soundNotification: core/notification.wav
12:41:24.725 [FXGL Background Thread 3 ] DEBUG Engine               - stageStyle: DECORATED
12:41:24.725 [FXGL Background Thread 3 ] DEBUG Engine               - supportedLanguages: [ENGLISH, FRENCH, GERMAN, HUNGARIAN, RUSSIAN]
12:41:24.725 [FXGL Background Thread 3 ] DEBUG Engine               - ticksPerSecond: -1
12:41:24.725 [FXGL Background Thread 3 ] DEBUG Engine               - title: Untitled
12:41:24.725 [FXGL Background Thread 3 ] DEBUG Engine               - urlGithub: https://github.com/AlmasB/FXGL
12:41:24.725 [FXGL Background Thread 3 ] DEBUG Engine               - urlLeaderboard: http://fxgl-top.herokuapp.com/
12:41:24.725 [FXGL Background Thread 3 ] DEBUG Engine               - urlPOM: https://raw.githubusercontent.com/AlmasB/FXGL/release/README.md
12:41:24.725 [FXGL Background Thread 3 ] DEBUG Engine               - userAppClass: class edu.vanier.animals_revenge.MainApp
12:41:24.725 [FXGL Background Thread 3 ] DEBUG Engine               - version: 0.0
12:41:24.725 [FXGL Background Thread 3 ] DEBUG Engine               - versionCheckDays: 7
12:41:24.725 [FXGL Background Thread 3 ] DEBUG Engine               - width: 1480
12:41:24.725 [FXGL Background Thread 3 ] DEBUG Engine               - Logging services
12:41:24.725 [FXGL Background Thread 3 ] DEBUG Engine               - class com.almasb.fxgl.app.services.FXGLAssetLoaderService
12:41:24.725 [FXGL Background Thread 3 ] DEBUG Engine               - class com.almasb.fxgl.app.FXGLApplication$GameApplicationService
12:41:24.725 [FXGL Background Thread 3 ] DEBUG Engine               - class com.almasb.fxgl.app.services.FXGLDialogService
12:41:24.725 [FXGL Background Thread 3 ] DEBUG Engine               - class com.almasb.fxgl.app.services.IOTaskExecutorService
12:41:24.725 [FXGL Background Thread 3 ] DEBUG Engine               - class com.almasb.fxgl.io.FileSystemService
12:41:24.725 [FXGL Background Thread 3 ] DEBUG Engine               - class com.almasb.fxgl.localization.LocalizationService
12:41:24.725 [FXGL Background Thread 3 ] DEBUG Engine               - class com.almasb.fxgl.app.services.SystemBundleService
12:41:24.725 [FXGL Background Thread 3 ] DEBUG Engine               - class com.almasb.fxgl.profile.SaveLoadService
12:41:24.725 [FXGL Background Thread 3 ] DEBUG Engine               - class com.almasb.fxgl.ui.FXGLUIFactoryServiceProvider
12:41:24.725 [FXGL Background Thread 3 ] DEBUG Engine               - class com.almasb.fxgl.ui.FXGLDialogFactoryServiceProvider
12:41:24.725 [FXGL Background Thread 3 ] DEBUG Engine               - class com.almasb.fxgl.audio.AudioPlayer
12:41:24.725 [FXGL Background Thread 3 ] DEBUG Engine               - class com.almasb.fxgl.notification.impl.NotificationServiceProvider
12:41:24.725 [FXGL Background Thread 3 ] DEBUG Engine               - class com.almasb.fxgl.achievement.AchievementService
12:41:24.725 [FXGL Background Thread 3 ] DEBUG Engine               - class com.almasb.fxgl.cutscene.CutsceneService
12:41:24.725 [FXGL Background Thread 3 ] DEBUG Engine               - class com.almasb.fxgl.minigames.MiniGameService
12:41:24.725 [FXGL Background Thread 3 ] DEBUG Engine               - class com.almasb.fxgl.net.NetService
12:41:24.725 [FXGL Background Thread 3 ] DEBUG Engine               - class com.almasb.fxgl.app.services.UpdaterService
12:41:24.725 [FXGL Background Thread 3 ] DEBUG Engine               - class com.almasb.fxgl.dev.DevService
12:41:26.010 [JavaFX Application Thread] DEBUG LoopRunner           - Stopping loop
12:41:26.065 [JavaFX Application Thread] FATAL FXGLApplication      - Uncaught Exception:
java.lang.RuntimeException: java.lang.reflect.InvocationTargetException
	at javafx.fxml@20.0.2/javafx.fxml.FXMLLoader$MethodHandler.invoke(FXMLLoader.java:1858)
	at javafx.fxml@20.0.2/javafx.fxml.FXMLLoader$ControllerMethodEventHandler.handle(FXMLLoader.java:1726)
	at javafx.base@20.0.2/com.sun.javafx.event.CompositeEventHandler.dispatchBubblingEvent(CompositeEventHandler.java:86)
	at javafx.base@20.0.2/com.sun.javafx.event.EventHandlerManager.dispatchBubblingEvent(EventHandlerManager.java:232)
	at javafx.base@20.0.2/com.sun.javafx.event.EventHandlerManager.dispatchBubblingEvent(EventHandlerManager.java:189)
	at javafx.base@20.0.2/com.sun.javafx.event.BasicEventDispatcher.dispatchEvent(BasicEventDispatcher.java:58)
	at javafx.base@20.0.2/com.sun.javafx.event.EventDispatchChainImpl.dispatchEvent(EventDispatchChainImpl.java:114)
	at javafx.base@20.0.2/com.sun.javafx.event.EventUtil.fireEventImpl(EventUtil.java:74)
	at javafx.base@20.0.2/com.sun.javafx.event.EventUtil.fireEvent(EventUtil.java:49)
	at javafx.base@20.0.2/javafx.event.Event.fireEvent(Event.java:198)
	at javafx.controls@20.0.2/javafx.scene.control.MenuItem.fire(MenuItem.java:459)
	at javafx.controls@20.0.2/com.sun.javafx.scene.control.ContextMenuContent$MenuItemContainer.doSelect(ContextMenuContent.java:1385)
	at javafx.controls@20.0.2/com.sun.javafx.scene.control.ContextMenuContent$MenuItemContainer.lambda$createChildren$12(ContextMenuContent.java:1338)
	at javafx.base@20.0.2/com.sun.javafx.event.CompositeEventHandler$NormalEventHandlerRecord.handleBubblingEvent(CompositeEventHandler.java:247)
	at javafx.base@20.0.2/com.sun.javafx.event.CompositeEventHandler.dispatchBubblingEvent(CompositeEventHandler.java:80)
	at javafx.base@20.0.2/com.sun.javafx.event.EventHandlerManager.dispatchBubblingEvent(EventHandlerManager.java:232)
	at javafx.base@20.0.2/com.sun.javafx.event.EventHandlerManager.dispatchBubblingEvent(EventHandlerManager.java:189)
	at javafx.base@20.0.2/com.sun.javafx.event.CompositeEventDispatcher.dispatchBubblingEvent(CompositeEventDispatcher.java:59)
	at javafx.base@20.0.2/com.sun.javafx.event.BasicEventDispatcher.dispatchEvent(BasicEventDispatcher.java:58)
	at javafx.base@20.0.2/com.sun.javafx.event.EventDispatchChainImpl.dispatchEvent(EventDispatchChainImpl.java:114)
	at javafx.base@20.0.2/com.sun.javafx.event.BasicEventDispatcher.dispatchEvent(BasicEventDispatcher.java:56)
	at javafx.base@20.0.2/com.sun.javafx.event.EventDispatchChainImpl.dispatchEvent(EventDispatchChainImpl.java:114)
	at javafx.base@20.0.2/com.sun.javafx.event.BasicEventDispatcher.dispatchEvent(BasicEventDispatcher.java:56)
	at javafx.base@20.0.2/com.sun.javafx.event.EventDispatchChainImpl.dispatchEvent(EventDispatchChainImpl.java:114)
	at javafx.base@20.0.2/com.sun.javafx.event.BasicEventDispatcher.dispatchEvent(BasicEventDispatcher.java:56)
	at javafx.base@20.0.2/com.sun.javafx.event.EventDispatchChainImpl.dispatchEvent(EventDispatchChainImpl.java:114)
	at javafx.base@20.0.2/com.sun.javafx.event.EventUtil.fireEventImpl(EventUtil.java:74)
	at javafx.base@20.0.2/com.sun.javafx.event.EventUtil.fireEvent(EventUtil.java:54)
	at javafx.base@20.0.2/javafx.event.Event.fireEvent(Event.java:198)
	at javafx.graphics@20.0.2/javafx.scene.Scene$MouseHandler.process(Scene.java:3980)
	at javafx.graphics@20.0.2/javafx.scene.Scene.processMouseEvent(Scene.java:1890)
	at javafx.graphics@20.0.2/javafx.scene.Scene$ScenePeerListener.mouseEvent(Scene.java:2704)
	at javafx.graphics@20.0.2/com.sun.javafx.tk.quantum.GlassViewEventHandler$MouseEventNotification.run(GlassViewEventHandler.java:411)
	at javafx.graphics@20.0.2/com.sun.javafx.tk.quantum.GlassViewEventHandler$MouseEventNotification.run(GlassViewEventHandler.java:301)
	at java.base/java.security.AccessController.doPrivileged(AccessController.java:399)
	at javafx.graphics@20.0.2/com.sun.javafx.tk.quantum.GlassViewEventHandler.lambda$handleMouseEvent$2(GlassViewEventHandler.java:450)
	at javafx.graphics@20.0.2/com.sun.javafx.tk.quantum.QuantumToolkit.runWithoutRenderLock(QuantumToolkit.java:424)
	at javafx.graphics@20.0.2/com.sun.javafx.tk.quantum.GlassViewEventHandler.handleMouseEvent(GlassViewEventHandler.java:449)
	at javafx.graphics@20.0.2/com.sun.glass.ui.View.handleMouseEvent(View.java:551)
	at javafx.graphics@20.0.2/com.sun.glass.ui.View.notifyMouse(View.java:937)
	at javafx.graphics@20.0.2/com.sun.glass.ui.win.WinApplication._runLoop(Native Method)
	at javafx.graphics@20.0.2/com.sun.glass.ui.win.WinApplication.lambda$runLoop$3(WinApplication.java:185)
	at java.base/java.lang.Thread.run(Thread.java:833)
Caused by: java.lang.reflect.InvocationTargetException
	at java.base/jdk.internal.reflect.DirectMethodHandleAccessor.invoke(DirectMethodHandleAccessor.java:119)
	at java.base/java.lang.reflect.Method.invoke(Method.java:577)
	at com.sun.javafx.reflect.Trampoline.invoke(MethodUtil.java:72)
	at java.base/jdk.internal.reflect.DirectMethodHandleAccessor.invoke(DirectMethodHandleAccessor.java:104)
	at java.base/java.lang.reflect.Method.invoke(Method.java:577)
	at javafx.base@20.0.2/com.sun.javafx.reflect.MethodUtil.invoke(MethodUtil.java:270)
	at javafx.fxml@20.0.2/com.sun.javafx.fxml.MethodHelper.invoke(MethodHelper.java:84)
	at javafx.fxml@20.0.2/javafx.fxml.FXMLLoader$MethodHandler.invoke(FXMLLoader.java:1853)
	... 42 more
Caused by: java.lang.RuntimeException: TextArea.scrollTop : A bound value cannot be set.
	at javafx.base@20.0.2/javafx.beans.property.DoublePropertyBase.set(DoublePropertyBase.java:144)
	at javafx.base@20.0.2/javafx.beans.property.DoubleProperty.setValue(DoubleProperty.java:78)
	at javafx.controls@20.0.2/javafx.scene.control.TextArea.setScrollTop(TextArea.java:598)
	at javafx.controls@20.0.2/javafx.scene.control.skin.TextAreaSkin.scrollBoundsToVisible(TextAreaSkin.java:1112)
	at javafx.controls@20.0.2/javafx.scene.control.skin.TextAreaSkin.scrollCaretToVisible(TextAreaSkin.java:1093)
	at javafx.controls@20.0.2/javafx.scene.control.skin.TextAreaSkin$ContentView.layoutChildren(TextAreaSkin.java:1410)
	at javafx.graphics@20.0.2/javafx.scene.Parent.layout(Parent.java:1208)
	at javafx.graphics@20.0.2/javafx.scene.Parent.layout(Parent.java:1215)
	at javafx.graphics@20.0.2/javafx.scene.Parent.layout(Parent.java:1215)
	at javafx.graphics@20.0.2/javafx.scene.Parent.layout(Parent.java:1215)
	at javafx.graphics@20.0.2/javafx.scene.Parent.layout(Parent.java:1215)
	at javafx.graphics@20.0.2/javafx.scene.Parent.layout(Parent.java:1215)
	at javafx.graphics@20.0.2/javafx.scene.Scene.doLayoutPass(Scene.java:594)
	at javafx.graphics@20.0.2/javafx.scene.Scene.preferredSize(Scene.java:1789)
	at javafx.graphics@20.0.2/javafx.scene.Scene$2.preferredSize(Scene.java:411)
	at javafx.graphics@20.0.2/com.sun.javafx.scene.SceneHelper.preferredSize(SceneHelper.java:65)
	at javafx.graphics@20.0.2/javafx.stage.Window$12.invalidated(Window.java:1163)
	at javafx.base@20.0.2/javafx.beans.property.BooleanPropertyBase.markInvalid(BooleanPropertyBase.java:110)
	at javafx.base@20.0.2/javafx.beans.property.BooleanPropertyBase.set(BooleanPropertyBase.java:145)
	at javafx.graphics@20.0.2/javafx.stage.Window.setShowing(Window.java:1239)
	at javafx.graphics@20.0.2/javafx.stage.Window.show(Window.java:1254)
	at javafx.graphics@20.0.2/javafx.stage.Stage.show(Stage.java:277)
	at edu.vanier.animals_revenge.windows.AboutPage.<init>(AboutPage.java:125)
	at edu.vanier.animals_revenge.controllers.CustomProjectileController.OpenAboutPage(CustomProjectileController.java:363)
	at java.base/jdk.internal.reflect.DirectMethodHandleAccessor.invoke(DirectMethodHandleAccessor.java:104)
	... 49 more

12:41:26.066 [JavaFX Application Thread] FATAL FXGLApplication      - Application will now exit
12:41:26.108 [JavaFX Application Thread] DEBUG PrimaryStageWindow   - Push state: ErrorSubScene
12:41:26.108 [JavaFX Application Thread] DEBUG Input                - Clearing active input actions
12:41:26.109 [JavaFX Application Thread] DEBUG GameApplicationServi - Removing overlay from GameScene and adding to ErrorSubScene
12:41:26.109 [JavaFX Application Thread] DEBUG PrimaryStageWindow   - GameScene -> ErrorSubScene
12:41:33.721 [JavaFX Application Thread] DEBUG FXGLApplication      - Exiting FXGL
12:41:33.722 [JavaFX Application Thread] DEBUG Async                - Shutting down background threads
12:41:33.722 [JavaFX Application Thread] DEBUG PrimaryStageWindow   - Closing main window
12:41:33.780 [JavaFX Application Thread] DEBUG Logger               - Closing Logger
