00:49:37.572 [main                     ] DEBUG Logger               - Configured Logger
00:49:37.590 [main                     ] DEBUG GameApplication      - Logging settings
Title: Untitled
Version: 0.0
Width: 1480
Height: 820
Fullscreen: false
Intro: false
Profiling: false
Single step:false
App Mode: DEVELOPER
Menu Key: ESCAPE
Stage Style: DECORATED
Scene Factory: class com.almasb.fxgl.app.scene.SceneFactory

00:49:38.179 [JavaFX Application Thread] DEBUG FXGLApplication      - Initializing FXGL
00:49:38.192 [JavaFX Application Thread] INFO  Engine               - FXGL-17.2 (20.08.2022 16.50) on WINDOWS (J:18.0.2.1 FX:20.0.2)
00:49:38.193 [JavaFX Application Thread] DEBUG Engine               - JRE Vendor Name: Oracle Corporation
00:49:38.194 [JavaFX Application Thread] DEBUG Engine               - Running on OS: Windows 11 version 10.0
00:49:38.194 [JavaFX Application Thread] DEBUG Engine               - Architecture: amd64
00:49:38.194 [JavaFX Application Thread] INFO  Engine               - Source code and latest versions at: https://github.com/AlmasB/FXGL
00:49:38.195 [JavaFX Application Thread] INFO  Engine               -       Ask questions and discuss at: https://github.com/AlmasB/FXGL/discussions
00:49:38.195 [JavaFX Application Thread] INFO  Engine               -              Join the FXGL chat at: https://gitter.im/AlmasB/FXGL
00:49:38.296 [JavaFX Application Thread] DEBUG PrimaryStageWindow   - Creating a JavaFX scene
00:49:38.296 [JavaFX Application Thread] DEBUG PrimaryStageWindow   - Target size > screen size
00:49:38.344 [JavaFX Application Thread] DEBUG PrimaryStageWindow   - Target settings size: 1480.0 x 820.0
00:49:38.345 [JavaFX Application Thread] DEBUG PrimaryStageWindow   - Scaled scene size:    1415.0 x 797.0
00:49:38.345 [JavaFX Application Thread] DEBUG PrimaryStageWindow   - Scaled ratio: (0.956081081081081, 0.9719512195121951)
00:49:38.346 [JavaFX Application Thread] DEBUG PrimaryStageWindow   - Set initial scene to FXGLStartupScene
00:49:38.350 [JavaFX Application Thread] DEBUG PrimaryStageWindow   - Opening main window
00:49:38.475 [JavaFX Application Thread] DEBUG PrimaryStageWindow   - Window border size: (13.0, 35.5)
00:49:38.475 [JavaFX Application Thread] DEBUG PrimaryStageWindow   - Scaled size: 1415.0 x 797.0
00:49:38.476 [JavaFX Application Thread] DEBUG PrimaryStageWindow   - Scaled ratio: (0.956081081081081, 0.9719512195121951)
00:49:38.476 [JavaFX Application Thread] DEBUG PrimaryStageWindow   - Scene size: 1415.0 x 797.0
00:49:38.476 [JavaFX Application Thread] DEBUG PrimaryStageWindow   - Stage size: 1428.0 x 832.5
00:49:38.482 [FXGL Background Thread 1 ] DEBUG Engine               - Initializing environment variables
00:49:38.535 [FXGL Background Thread 1 ] DEBUG FXGLAssetLoaderServi - User app class for loading assets: class edu.vanier.animals_revenge.MainApp
00:49:38.535 [FXGL Background Thread 1 ] DEBUG GameApplicationServi - Applying CSS: fxgl_dark.css
00:49:38.536 [FXGL Background Thread 1 ] DEBUG FXGLAssetLoaderServi - Loading from file system: jar:file:/C:/Users/macke/.gradle/caches/modules-2/files-2.1/com.github.almasb/fxgl/17.2/35db6ae960eec2dcfd19262d3b7f9c42f0e95bc3/fxgl-17.2.jar!/fxglassets/ui/css/fxgl_dark.css
00:49:38.586 [FXGL Background Thread 1 ] DEBUG GameApplicationServi - Initializing application scenes
00:49:38.663 [FXGL Background Thread 1 ] DEBUG GameWorld            - Game world initialized
00:49:38.719 [FXGL Background Thread 1 ] DEBUG PhysicsWorld         - Physics world initialized: appHeight=820, physics.ppm=50.0
00:49:38.720 [FXGL Background Thread 1 ] DEBUG PhysicsWorld         - Using strategy: BRUTE_FORCE
00:49:38.725 [FXGL Background Thread 1 ] DEBUG GameScene            - Game scene initialized: 1480x820
00:49:38.725 [FXGL Background Thread 1 ] DEBUG GameApplicationServi - Application scenes initialized
00:49:38.742 [FXGL Background Thread 1 ] DEBUG SystemBundleService  - Loading FXGL system data
00:49:38.748 [FXGL Background Thread 1 ] DEBUG FileSystemAccess     - Reading from: C:\Users\macke\OneDrive\Documents\School\Semester 3\Programming in a Graphical User Interface\Homework\animals-revenge\system\fxgl.bundle
00:49:38.758 [FXGL Background Thread 1 ] DEBUG SystemBundleService  - Bundle FXGL: {}
00:49:38.758 [FXGL Background Thread 1 ] DEBUG UpdaterService       - Checking for updates
00:49:38.764 [FXGL Background Thread 4 ] DEBUG FXGLApplication      - Loading fonts
00:49:38.765 [FXGL Background Thread 1 ] DEBUG FXGLApplication      - Loading default localization
00:49:38.766 [FXGL Background Thread 4 ] DEBUG FXGLAssetLoaderServi - Loading from file system: jar:file:/C:/Users/macke/.gradle/caches/modules-2/files-2.1/com.github.almasb/fxgl/17.2/35db6ae960eec2dcfd19262d3b7f9c42f0e95bc3/fxgl-17.2.jar!/fxglassets/ui/fonts/VarelaRound-Regular.ttf
00:49:38.766 [FXGL Background Thread 1 ] DEBUG FXGLAssetLoaderServi - Loading from file system: jar:file:/C:/Users/macke/.gradle/caches/modules-2/files-2.1/com.github.almasb/fxgl/17.2/35db6ae960eec2dcfd19262d3b7f9c42f0e95bc3/fxgl-17.2.jar!/fxglassets/languages/english.lang
00:49:38.821 [FXGL Background Thread 1 ] INFO  FXGLApplication      - FXGL initialization took: 0.338 sec
00:49:38.832 [JavaFX Application Thread] DEBUG Input                - Registered new binding: Launch - RMB
00:49:38.833 [JavaFX Application Thread] DEBUG Input                - Registered new binding: Create - LMB
00:49:38.833 [JavaFX Application Thread] DEBUG Input                - Registered new binding: Drag - CTRL+LMB
00:49:38.834 [JavaFX Application Thread] DEBUG FXGLAssetLoaderServi - Loading from file system: jar:file:/C:/Users/macke/.gradle/caches/modules-2/files-2.1/com.github.almasb/fxgl/17.2/35db6ae960eec2dcfd19262d3b7f9c42f0e95bc3/fxgl-17.2.jar!/fxglassets/textures/fxgl_icon.png
00:49:38.858 [FXGL Background Thread 4 ] DEBUG FXGLAssetLoaderServi - Loading from file system: jar:file:/C:/Users/macke/.gradle/caches/modules-2/files-2.1/com.github.almasb/fxgl/17.2/35db6ae960eec2dcfd19262d3b7f9c42f0e95bc3/fxgl-17.2.jar!/fxglassets/ui/fonts/Abel-Regular.ttf
00:49:38.863 [FXGL Background Thread 4 ] DEBUG FXGLAssetLoaderServi - Loading from file system: jar:file:/C:/Users/macke/.gradle/caches/modules-2/files-2.1/com.github.almasb/fxgl/17.2/35db6ae960eec2dcfd19262d3b7f9c42f0e95bc3/fxgl-17.2.jar!/fxglassets/ui/fonts/TerminalLandMono-Regular.otf
00:49:38.868 [FXGL Background Thread 4 ] DEBUG FXGLAssetLoaderServi - Loading from file system: jar:file:/C:/Users/macke/.gradle/caches/modules-2/files-2.1/com.github.almasb/fxgl/17.2/35db6ae960eec2dcfd19262d3b7f9c42f0e95bc3/fxgl-17.2.jar!/fxglassets/ui/fonts/Courier-Prime.ttf
00:49:38.899 [JavaFX Application Thread] DEBUG FXGLAssetLoaderServi - Loading from file system: jar:file:/C:/Users/macke/.gradle/caches/modules-2/files-2.1/com.github.almasb/fxgl/17.2/35db6ae960eec2dcfd19262d3b7f9c42f0e95bc3/fxgl-17.2.jar!/fxglassets/textures/fxgl_default_cursor.png
00:49:38.909 [JavaFX Application Thread] DEBUG Input                - Registered new binding: Screenshot - CTRL+8
00:49:38.914 [JavaFX Application Thread] DEBUG Input                - Registered new binding: System info dump - CTRL+9
00:49:38.916 [JavaFX Application Thread] DEBUG Input                - Registered new binding: Restart - CTRL+R
00:49:38.917 [JavaFX Application Thread] DEBUG Input                - Registered new binding: Toggle Debug Camera - CTRL+7
00:49:38.927 [JavaFX Application Thread] DEBUG LoopRunner           - Starting loop
00:49:38.928 [JavaFX Application Thread] DEBUG LoopRunner           - Initializing JavaFX AnimationTimerLoop
00:49:38.931 [JavaFX Application Thread] DEBUG GameApplicationServi - Starting new game
00:49:38.932 [JavaFX Application Thread] DEBUG Input                - Clearing active input actions
00:49:38.944 [JavaFX Application Thread] DEBUG GameApplicationServi - Removing overlay from FXGLStartupScene and adding to FXGLLoadingScene
00:49:38.944 [JavaFX Application Thread] DEBUG PrimaryStageWindow   - FXGLStartupScene -> FXGLLoadingScene
00:49:38.944 [JavaFX Application Thread] DEBUG GameApplicationServi - Clearing previous game
00:49:38.944 [JavaFX Application Thread] DEBUG GameScene            - Clearing game scene
00:49:38.944 [JavaFX Application Thread] DEBUG GameWorld            - Clearing game world
00:49:38.944 [JavaFX Application Thread] DEBUG PhysicsWorld         - Clearing physics world
00:49:38.947 [FXGL Background Thread 4 ] DEBUG FXGLApplication      - Initializing game
00:49:38.947 [JavaFX Application Thread] DEBUG FXGLApplication      - Registering font factories with UI factory
00:49:38.989 [FXGL Background Thread 4 ] DEBUG FXGLAssetLoaderServi - Loading from file system: file:/C:/Users/macke/OneDrive/Documents/School/Semester%203/Programming%20in%20a%20Graphical%20User%20Interface/Homework/animals-revenge/build/resources/main/assets/ui/Home.fxml
00:49:39.240 [FXGL Background Thread 2 ] INFO  UpdaterService       - Your current version:  17.2
00:49:39.240 [FXGL Background Thread 2 ] INFO  UpdaterService       - Latest stable version: 17.3
00:49:39.453 [FXGL Background Thread 4 ] INFO  FXGLApplication      - Game initialization took: 0.506 sec
00:49:39.454 [JavaFX Application Thread] DEBUG Input                - Clearing active input actions
00:49:39.473 [JavaFX Application Thread] DEBUG GameApplicationServi - Removing overlay from FXGLLoadingScene and adding to GameScene
00:49:39.474 [JavaFX Application Thread] DEBUG PrimaryStageWindow   - FXGLLoadingScene -> GameScene
00:49:41.764 [FXGL Background Thread 3 ] DEBUG Engine               - Logging environment variables
00:49:41.765 [FXGL Background Thread 3 ] DEBUG Engine               - achievements: []
00:49:41.766 [FXGL Background Thread 3 ] DEBUG Engine               - actualHeight: 797.0
00:49:41.766 [FXGL Background Thread 3 ] DEBUG Engine               - actualHeightProperty: ReadOnlyDoubleProperty [value: 797.0]
00:49:41.766 [FXGL Background Thread 3 ] DEBUG Engine               - actualWidth: 1415.0
00:49:41.767 [FXGL Background Thread 3 ] DEBUG Engine               - actualWidthProperty: ReadOnlyDoubleProperty [value: 1415.0]
00:49:41.767 [FXGL Background Thread 3 ] DEBUG Engine               - appIcon: fxgl_icon.png
00:49:41.767 [FXGL Background Thread 3 ] DEBUG Engine               - applicationMode: DEVELOPER
00:49:41.767 [FXGL Background Thread 3 ] DEBUG Engine               - cSSList: [fxgl_dark.css]
00:49:41.767 [FXGL Background Thread 3 ] DEBUG Engine               - collisionDetectionStrategy: BRUTE_FORCE
00:49:41.767 [FXGL Background Thread 3 ] DEBUG Engine               - configClass: Optional.empty
00:49:41.767 [FXGL Background Thread 3 ] DEBUG Engine               - credits: []
00:49:41.771 [FXGL Background Thread 3 ] DEBUG Engine               - defaultCursor: CursorInfo(imageName=fxgl_default_cursor.png, hotspotX=7.0, hotspotY=6.0)
00:49:41.773 [FXGL Background Thread 3 ] DEBUG Engine               - devBBoxColorProperty: ObjectProperty [value: 0xff0000ff]
00:49:41.773 [FXGL Background Thread 3 ] DEBUG Engine               - devEnableDebugCameraProperty: BooleanProperty [value: false]
00:49:41.773 [FXGL Background Thread 3 ] DEBUG Engine               - devSensorColorProperty: ObjectProperty [value: 0xffff00ff]
00:49:41.774 [FXGL Background Thread 3 ] DEBUG Engine               - devShowBBoxProperty: BooleanProperty [value: false]
00:49:41.774 [FXGL Background Thread 3 ] DEBUG Engine               - devShowPositionProperty: BooleanProperty [value: false]
00:49:41.774 [FXGL Background Thread 3 ] DEBUG Engine               - enabledMenuItems: []
00:49:41.774 [FXGL Background Thread 3 ] DEBUG Engine               - engineServices: [class com.almasb.fxgl.app.services.FXGLAssetLoaderService, class com.almasb.fxgl.app.FXGLApplication$GameApplicationService, class com.almasb.fxgl.app.services.FXGLDialogService, class com.almasb.fxgl.app.services.IOTaskExecutorService, class com.almasb.fxgl.io.FileSystemService, class com.almasb.fxgl.localization.LocalizationService, class com.almasb.fxgl.app.services.SystemBundleService, class com.almasb.fxgl.profile.SaveLoadService, class com.almasb.fxgl.ui.FXGLUIFactoryServiceProvider, class com.almasb.fxgl.ui.FXGLDialogFactoryServiceProvider, class com.almasb.fxgl.audio.AudioPlayer, class com.almasb.fxgl.notification.impl.NotificationServiceProvider, class com.almasb.fxgl.achievement.AchievementService, class com.almasb.fxgl.cutscene.CutsceneService, class com.almasb.fxgl.minigames.MiniGameService, class com.almasb.fxgl.net.NetService, class com.almasb.fxgl.app.services.UpdaterService, class com.almasb.fxgl.dev.DevService]
00:49:41.775 [FXGL Background Thread 3 ] DEBUG Engine               - fontGame: Abel-Regular.ttf
00:49:41.775 [FXGL Background Thread 3 ] DEBUG Engine               - fontMono: TerminalLandMono-Regular.otf
00:49:41.776 [FXGL Background Thread 3 ] DEBUG Engine               - fontText: Courier-Prime.ttf
00:49:41.776 [FXGL Background Thread 3 ] DEBUG Engine               - fontUI: VarelaRound-Regular.ttf
00:49:41.776 [FXGL Background Thread 3 ] DEBUG Engine               - fullScreen: BooleanProperty [value: false]
00:49:41.776 [FXGL Background Thread 3 ] DEBUG Engine               - gameDifficulty: MEDIUM
00:49:41.776 [FXGL Background Thread 3 ] DEBUG Engine               - gameDifficultyProperty: ObjectProperty [value: MEDIUM]
00:49:41.777 [FXGL Background Thread 3 ] DEBUG Engine               - globalMusicVolume: 0.5
00:49:41.778 [FXGL Background Thread 3 ] DEBUG Engine               - globalMusicVolumeProperty: DoubleProperty [value: 0.5]
00:49:41.778 [FXGL Background Thread 3 ] DEBUG Engine               - globalSoundVolume: 0.5
00:49:41.778 [FXGL Background Thread 3 ] DEBUG Engine               - globalSoundVolumeProperty: DoubleProperty [value: 0.5]
00:49:41.778 [FXGL Background Thread 3 ] DEBUG Engine               - height: 820
00:49:41.778 [FXGL Background Thread 3 ] DEBUG Engine               - is3D: false
00:49:41.778 [FXGL Background Thread 3 ] DEBUG Engine               - isAndroid: false
00:49:41.779 [FXGL Background Thread 3 ] DEBUG Engine               - isBrowser: false
00:49:41.780 [FXGL Background Thread 3 ] DEBUG Engine               - isClickFeedbackEnabled: false
00:49:41.780 [FXGL Background Thread 3 ] DEBUG Engine               - isCloseConfirmation: false
00:49:41.780 [FXGL Background Thread 3 ] DEBUG Engine               - isDesktop: true
00:49:41.780 [FXGL Background Thread 3 ] DEBUG Engine               - isDeveloperMenuEnabled: false
00:49:41.780 [FXGL Background Thread 3 ] DEBUG Engine               - isEmbedded: false
00:49:41.780 [FXGL Background Thread 3 ] DEBUG Engine               - isEntityPreloadEnabled: true
00:49:41.780 [FXGL Background Thread 3 ] DEBUG Engine               - isExperimentalTiledLargeMap: false
00:49:41.780 [FXGL Background Thread 3 ] DEBUG Engine               - isFileSystemWriteAllowed: true
00:49:41.780 [FXGL Background Thread 3 ] DEBUG Engine               - isFullScreenAllowed: false
00:49:41.780 [FXGL Background Thread 3 ] DEBUG Engine               - isFullScreenFromStart: false
00:49:41.781 [FXGL Background Thread 3 ] DEBUG Engine               - isGameMenuEnabled: false
00:49:41.781 [FXGL Background Thread 3 ] DEBUG Engine               - isIOS: false
00:49:41.781 [FXGL Background Thread 3 ] DEBUG Engine               - isIntroEnabled: false
00:49:41.781 [FXGL Background Thread 3 ] DEBUG Engine               - isLinux: false
00:49:41.781 [FXGL Background Thread 3 ] DEBUG Engine               - isMac: false
00:49:41.781 [FXGL Background Thread 3 ] DEBUG Engine               - isMainMenuEnabled: false
00:49:41.781 [FXGL Background Thread 3 ] DEBUG Engine               - isManualResizeEnabled: false
00:49:41.781 [FXGL Background Thread 3 ] DEBUG Engine               - isMobile: false
00:49:41.781 [FXGL Background Thread 3 ] DEBUG Engine               - isNative: false
00:49:41.781 [FXGL Background Thread 3 ] DEBUG Engine               - isPauseMusicWhenMinimized: true
00:49:41.781 [FXGL Background Thread 3 ] DEBUG Engine               - isPreserveResizeRatio: false
00:49:41.781 [FXGL Background Thread 3 ] DEBUG Engine               - isProfilingEnabled: false
00:49:41.781 [FXGL Background Thread 3 ] DEBUG Engine               - isScaleAffectedOnResize: true
00:49:41.781 [FXGL Background Thread 3 ] DEBUG Engine               - isSingleStep: false
00:49:41.781 [FXGL Background Thread 3 ] DEBUG Engine               - isUserProfileEnabled: false
00:49:41.781 [FXGL Background Thread 3 ] DEBUG Engine               - isWindows: true
00:49:41.781 [FXGL Background Thread 3 ] DEBUG Engine               - language: ObjectProperty [value: ENGLISH]
00:49:41.781 [FXGL Background Thread 3 ] DEBUG Engine               - menuKey: ESCAPE
00:49:41.781 [FXGL Background Thread 3 ] DEBUG Engine               - mouseSensitivity: 0.2
00:49:41.781 [FXGL Background Thread 3 ] DEBUG Engine               - notificationViewClass: class com.almasb.fxgl.notification.view.XboxNotificationView
00:49:41.782 [FXGL Background Thread 3 ] DEBUG Engine               - pixelsPerMeter: 50.0
00:49:41.782 [FXGL Background Thread 3 ] DEBUG Engine               - platform: WINDOWS
00:49:41.782 [FXGL Background Thread 3 ] DEBUG Engine               - prefHeightProperty: ReadOnlyDoubleProperty [value: 820.0]
00:49:41.782 [FXGL Background Thread 3 ] DEBUG Engine               - prefWidthProperty: ReadOnlyDoubleProperty [value: 1480.0]
00:49:41.782 [FXGL Background Thread 3 ] DEBUG Engine               - profileDir: profiles/
00:49:41.782 [FXGL Background Thread 3 ] DEBUG Engine               - profileName: StringProperty [value: DEFAULT]
00:49:41.782 [FXGL Background Thread 3 ] DEBUG Engine               - randomSeed: -1
00:49:41.782 [FXGL Background Thread 3 ] DEBUG Engine               - runtimeInfo: RuntimeInfo(platform=WINDOWS, version=17.2, build=20.08.2022 16.50)
00:49:41.782 [FXGL Background Thread 3 ] DEBUG Engine               - saveFileExt: sav
00:49:41.782 [FXGL Background Thread 3 ] DEBUG Engine               - scaledHeightProp$fxgl: DoubleProperty [bound, value: 797.0]
00:49:41.783 [FXGL Background Thread 3 ] DEBUG Engine               - scaledWidthProp$fxgl: DoubleProperty [bound, value: 1415.0]
00:49:41.783 [FXGL Background Thread 3 ] DEBUG Engine               - sceneFactory: com.almasb.fxgl.app.scene.SceneFactory@6fb216bc
00:49:41.783 [FXGL Background Thread 3 ] DEBUG Engine               - secondsIn24h: 60
00:49:41.783 [FXGL Background Thread 3 ] DEBUG Engine               - soundMenuBack: menu/back.wav
00:49:41.783 [FXGL Background Thread 3 ] DEBUG Engine               - soundMenuPress: menu/press.wav
00:49:41.783 [FXGL Background Thread 3 ] DEBUG Engine               - soundMenuSelect: menu/select.wav
00:49:41.783 [FXGL Background Thread 3 ] DEBUG Engine               - soundNotification: core/notification.wav
00:49:41.783 [FXGL Background Thread 3 ] DEBUG Engine               - stageStyle: DECORATED
00:49:41.783 [FXGL Background Thread 3 ] DEBUG Engine               - supportedLanguages: [ENGLISH, FRENCH, GERMAN, HUNGARIAN, RUSSIAN]
00:49:41.784 [FXGL Background Thread 3 ] DEBUG Engine               - ticksPerSecond: -1
00:49:41.784 [FXGL Background Thread 3 ] DEBUG Engine               - title: Untitled
00:49:41.784 [FXGL Background Thread 3 ] DEBUG Engine               - urlGithub: https://github.com/AlmasB/FXGL
00:49:41.784 [FXGL Background Thread 3 ] DEBUG Engine               - urlLeaderboard: http://fxgl-top.herokuapp.com/
00:49:41.784 [FXGL Background Thread 3 ] DEBUG Engine               - urlPOM: https://raw.githubusercontent.com/AlmasB/FXGL/release/README.md
00:49:41.784 [FXGL Background Thread 3 ] DEBUG Engine               - userAppClass: class edu.vanier.animals_revenge.MainApp
00:49:41.784 [FXGL Background Thread 3 ] DEBUG Engine               - version: 0.0
00:49:41.784 [FXGL Background Thread 3 ] DEBUG Engine               - versionCheckDays: 7
00:49:41.784 [FXGL Background Thread 3 ] DEBUG Engine               - width: 1480
00:49:41.784 [FXGL Background Thread 3 ] DEBUG Engine               - Logging services
00:49:41.784 [FXGL Background Thread 3 ] DEBUG Engine               - class com.almasb.fxgl.app.services.FXGLAssetLoaderService
00:49:41.784 [FXGL Background Thread 3 ] DEBUG Engine               - class com.almasb.fxgl.app.FXGLApplication$GameApplicationService
00:49:41.784 [FXGL Background Thread 3 ] DEBUG Engine               - class com.almasb.fxgl.app.services.FXGLDialogService
00:49:41.784 [FXGL Background Thread 3 ] DEBUG Engine               - class com.almasb.fxgl.app.services.IOTaskExecutorService
00:49:41.784 [FXGL Background Thread 3 ] DEBUG Engine               - class com.almasb.fxgl.io.FileSystemService
00:49:41.784 [FXGL Background Thread 3 ] DEBUG Engine               - class com.almasb.fxgl.localization.LocalizationService
00:49:41.784 [FXGL Background Thread 3 ] DEBUG Engine               - class com.almasb.fxgl.app.services.SystemBundleService
00:49:41.785 [FXGL Background Thread 3 ] DEBUG Engine               - class com.almasb.fxgl.profile.SaveLoadService
00:49:41.785 [FXGL Background Thread 3 ] DEBUG Engine               - class com.almasb.fxgl.ui.FXGLUIFactoryServiceProvider
00:49:41.785 [FXGL Background Thread 3 ] DEBUG Engine               - class com.almasb.fxgl.ui.FXGLDialogFactoryServiceProvider
00:49:41.785 [FXGL Background Thread 3 ] DEBUG Engine               - class com.almasb.fxgl.audio.AudioPlayer
00:49:41.785 [FXGL Background Thread 3 ] DEBUG Engine               - class com.almasb.fxgl.notification.impl.NotificationServiceProvider
00:49:41.785 [FXGL Background Thread 3 ] DEBUG Engine               - class com.almasb.fxgl.achievement.AchievementService
00:49:41.785 [FXGL Background Thread 3 ] DEBUG Engine               - class com.almasb.fxgl.cutscene.CutsceneService
00:49:41.785 [FXGL Background Thread 3 ] DEBUG Engine               - class com.almasb.fxgl.minigames.MiniGameService
00:49:41.785 [FXGL Background Thread 3 ] DEBUG Engine               - class com.almasb.fxgl.net.NetService
00:49:41.785 [FXGL Background Thread 3 ] DEBUG Engine               - class com.almasb.fxgl.app.services.UpdaterService
00:49:41.785 [FXGL Background Thread 3 ] DEBUG Engine               - class com.almasb.fxgl.dev.DevService
00:49:49.015 [JavaFX Application Thread] DEBUG FXGLAssetLoaderServi - Loading from file system: file:/C:/Users/macke/OneDrive/Documents/School/Semester%203/Programming%20in%20a%20Graphical%20User%20Interface/Homework/animals-revenge/build/resources/main/assets/ui/CustomProjectile.fxml
00:49:54.866 [JavaFX Application Thread] DEBUG FXGLApplication      - Exiting FXGL
00:49:54.866 [JavaFX Application Thread] DEBUG LoopRunner           - Stopping loop
00:49:54.866 [JavaFX Application Thread] DEBUG SystemBundleService  - Saving FXGL system data
00:49:54.870 [JavaFX Application Thread] DEBUG FileSystemAccess     - Writing to: C:\Users\macke\OneDrive\Documents\School\Semester 3\Programming in a Graphical User Interface\Homework\animals-revenge\system\fxgl.bundle
00:49:54.873 [JavaFX Application Thread] DEBUG Async                - Shutting down background threads
00:49:54.873 [JavaFX Application Thread] DEBUG PrimaryStageWindow   - Closing main window
00:49:54.947 [JavaFX Application Thread] DEBUG Logger               - Closing Logger
