23:14:33.034 [main                     ] DEBUG Logger               - Configured Logger
23:14:33.063 [main                     ] DEBUG GameApplication      - Logging settings
Title: Untitled
Version: 0.0
Width: 1480
Height: 820
Fullscreen: false
Intro: false
Profiling: false
Single step:false
App Mode: DEVELOPER
Menu Key: ESCAPE
Stage Style: DECORATED
Scene Factory: class com.almasb.fxgl.app.scene.SceneFactory

23:14:33.682 [JavaFX Application Thread] DEBUG FXGLApplication      - Initializing FXGL
23:14:33.695 [JavaFX Application Thread] INFO  Engine               - FXGL-17.2 (20.08.2022 16.50) on WINDOWS (J:18.0.2.1 FX:20.0.2)
23:14:33.695 [JavaFX Application Thread] DEBUG Engine               - JRE Vendor Name: Oracle Corporation
23:14:33.696 [JavaFX Application Thread] DEBUG Engine               - Running on OS: Windows 11 version 10.0
23:14:33.696 [JavaFX Application Thread] DEBUG Engine               - Architecture: amd64
23:14:33.696 [JavaFX Application Thread] INFO  Engine               - Source code and latest versions at: https://github.com/AlmasB/FXGL
23:14:33.696 [JavaFX Application Thread] INFO  Engine               -       Ask questions and discuss at: https://github.com/AlmasB/FXGL/discussions
23:14:33.697 [JavaFX Application Thread] INFO  Engine               -              Join the FXGL chat at: https://gitter.im/AlmasB/FXGL
23:14:33.844 [JavaFX Application Thread] DEBUG PrimaryStageWindow   - Creating a JavaFX scene
23:14:33.844 [JavaFX Application Thread] DEBUG PrimaryStageWindow   - Target size > screen size
23:14:33.908 [JavaFX Application Thread] DEBUG PrimaryStageWindow   - Target settings size: 1480.0 x 820.0
23:14:33.908 [JavaFX Application Thread] DEBUG PrimaryStageWindow   - Scaled scene size:    1415.0 x 797.0
23:14:33.909 [JavaFX Application Thread] DEBUG PrimaryStageWindow   - Scaled ratio: (0.956081081081081, 0.9719512195121951)
23:14:33.911 [JavaFX Application Thread] DEBUG PrimaryStageWindow   - Set initial scene to FXGLStartupScene
23:14:33.925 [JavaFX Application Thread] DEBUG PrimaryStageWindow   - Opening main window
23:14:34.045 [JavaFX Application Thread] DEBUG PrimaryStageWindow   - Window border size: (13.0, 35.5)
23:14:34.045 [JavaFX Application Thread] DEBUG PrimaryStageWindow   - Scaled size: 1415.0 x 797.0
23:14:34.046 [JavaFX Application Thread] DEBUG PrimaryStageWindow   - Scaled ratio: (0.956081081081081, 0.9719512195121951)
23:14:34.046 [JavaFX Application Thread] DEBUG PrimaryStageWindow   - Scene size: 1415.0 x 797.0
23:14:34.046 [JavaFX Application Thread] DEBUG PrimaryStageWindow   - Stage size: 1428.0 x 832.5
23:14:34.056 [FXGL Background Thread 1 ] DEBUG Engine               - Initializing environment variables
23:14:34.121 [FXGL Background Thread 1 ] DEBUG FXGLAssetLoaderServi - User app class for loading assets: class edu.vanier.animals_revenge.MainApp
23:14:34.122 [FXGL Background Thread 1 ] DEBUG GameApplicationServi - Applying CSS: fxgl_dark.css
23:14:34.123 [FXGL Background Thread 1 ] DEBUG FXGLAssetLoaderServi - Loading from file system: jar:file:/C:/Users/macke/.gradle/caches/modules-2/files-2.1/com.github.almasb/fxgl/17.2/35db6ae960eec2dcfd19262d3b7f9c42f0e95bc3/fxgl-17.2.jar!/fxglassets/ui/css/fxgl_dark.css
23:14:34.188 [FXGL Background Thread 1 ] DEBUG GameApplicationServi - Initializing application scenes
23:14:34.265 [FXGL Background Thread 1 ] DEBUG GameWorld            - Game world initialized
23:14:34.356 [FXGL Background Thread 1 ] DEBUG PhysicsWorld         - Physics world initialized: appHeight=820, physics.ppm=50.0
23:14:34.357 [FXGL Background Thread 1 ] DEBUG PhysicsWorld         - Using strategy: BRUTE_FORCE
23:14:34.367 [FXGL Background Thread 1 ] DEBUG GameScene            - Game scene initialized: 1480x820
23:14:34.367 [FXGL Background Thread 1 ] DEBUG GameApplicationServi - Application scenes initialized
23:14:34.392 [FXGL Background Thread 1 ] DEBUG SystemBundleService  - Loading FXGL system data
23:14:34.398 [FXGL Background Thread 1 ] DEBUG FileSystemAccess     - Reading from: C:\Users\macke\OneDrive\Documents\School\Semester 3\Programming in a Graphical User Interface\Homework\animals-revenge\system\fxgl.bundle
23:14:34.413 [FXGL Background Thread 1 ] DEBUG SystemBundleService  - Bundle FXGL: {}
23:14:34.413 [FXGL Background Thread 1 ] DEBUG UpdaterService       - Checking for updates
23:14:34.420 [FXGL Background Thread 4 ] DEBUG FXGLApplication      - Loading fonts
23:14:34.421 [FXGL Background Thread 1 ] DEBUG FXGLApplication      - Loading default localization
23:14:34.421 [FXGL Background Thread 4 ] DEBUG FXGLAssetLoaderServi - Loading from file system: jar:file:/C:/Users/macke/.gradle/caches/modules-2/files-2.1/com.github.almasb/fxgl/17.2/35db6ae960eec2dcfd19262d3b7f9c42f0e95bc3/fxgl-17.2.jar!/fxglassets/ui/fonts/VarelaRound-Regular.ttf
23:14:34.423 [FXGL Background Thread 1 ] DEBUG FXGLAssetLoaderServi - Loading from file system: jar:file:/C:/Users/macke/.gradle/caches/modules-2/files-2.1/com.github.almasb/fxgl/17.2/35db6ae960eec2dcfd19262d3b7f9c42f0e95bc3/fxgl-17.2.jar!/fxglassets/languages/english.lang
23:14:34.481 [FXGL Background Thread 1 ] INFO  FXGLApplication      - FXGL initialization took: 0.425 sec
23:14:34.498 [JavaFX Application Thread] DEBUG Input                - Registered new binding: Launch - RMB
23:14:34.499 [JavaFX Application Thread] DEBUG Input                - Registered new binding: Create - LMB
23:14:34.499 [JavaFX Application Thread] DEBUG Input                - Registered new binding: Drag - CTRL+LMB
23:14:34.500 [JavaFX Application Thread] DEBUG FXGLAssetLoaderServi - Loading from file system: jar:file:/C:/Users/macke/.gradle/caches/modules-2/files-2.1/com.github.almasb/fxgl/17.2/35db6ae960eec2dcfd19262d3b7f9c42f0e95bc3/fxgl-17.2.jar!/fxglassets/textures/fxgl_icon.png
23:14:34.533 [FXGL Background Thread 4 ] DEBUG FXGLAssetLoaderServi - Loading from file system: jar:file:/C:/Users/macke/.gradle/caches/modules-2/files-2.1/com.github.almasb/fxgl/17.2/35db6ae960eec2dcfd19262d3b7f9c42f0e95bc3/fxgl-17.2.jar!/fxglassets/ui/fonts/Abel-Regular.ttf
23:14:34.539 [FXGL Background Thread 4 ] DEBUG FXGLAssetLoaderServi - Loading from file system: jar:file:/C:/Users/macke/.gradle/caches/modules-2/files-2.1/com.github.almasb/fxgl/17.2/35db6ae960eec2dcfd19262d3b7f9c42f0e95bc3/fxgl-17.2.jar!/fxglassets/ui/fonts/TerminalLandMono-Regular.otf
23:14:34.546 [FXGL Background Thread 4 ] DEBUG FXGLAssetLoaderServi - Loading from file system: jar:file:/C:/Users/macke/.gradle/caches/modules-2/files-2.1/com.github.almasb/fxgl/17.2/35db6ae960eec2dcfd19262d3b7f9c42f0e95bc3/fxgl-17.2.jar!/fxglassets/ui/fonts/Courier-Prime.ttf
23:14:34.578 [JavaFX Application Thread] DEBUG FXGLAssetLoaderServi - Loading from file system: jar:file:/C:/Users/macke/.gradle/caches/modules-2/files-2.1/com.github.almasb/fxgl/17.2/35db6ae960eec2dcfd19262d3b7f9c42f0e95bc3/fxgl-17.2.jar!/fxglassets/textures/fxgl_default_cursor.png
23:14:34.591 [JavaFX Application Thread] DEBUG Input                - Registered new binding: Screenshot - CTRL+8
23:14:34.593 [JavaFX Application Thread] DEBUG Input                - Registered new binding: System info dump - CTRL+9
23:14:34.594 [JavaFX Application Thread] DEBUG Input                - Registered new binding: Restart - CTRL+R
23:14:34.596 [JavaFX Application Thread] DEBUG Input                - Registered new binding: Toggle Debug Camera - CTRL+7
23:14:34.606 [JavaFX Application Thread] DEBUG LoopRunner           - Starting loop
23:14:34.606 [JavaFX Application Thread] DEBUG LoopRunner           - Initializing JavaFX AnimationTimerLoop
23:14:34.608 [JavaFX Application Thread] DEBUG GameApplicationServi - Starting new game
23:14:34.609 [JavaFX Application Thread] DEBUG Input                - Clearing active input actions
23:14:34.630 [JavaFX Application Thread] DEBUG GameApplicationServi - Removing overlay from FXGLStartupScene and adding to FXGLLoadingScene
23:14:34.630 [JavaFX Application Thread] DEBUG PrimaryStageWindow   - FXGLStartupScene -> FXGLLoadingScene
23:14:34.631 [JavaFX Application Thread] DEBUG GameApplicationServi - Clearing previous game
23:14:34.631 [JavaFX Application Thread] DEBUG GameScene            - Clearing game scene
23:14:34.631 [JavaFX Application Thread] DEBUG GameWorld            - Clearing game world
23:14:34.631 [JavaFX Application Thread] DEBUG PhysicsWorld         - Clearing physics world
23:14:34.636 [FXGL Background Thread 4 ] DEBUG FXGLApplication      - Initializing game
23:14:34.636 [JavaFX Application Thread] DEBUG FXGLApplication      - Registering font factories with UI factory
23:14:34.704 [FXGL Background Thread 4 ] DEBUG FXGLAssetLoaderServi - Loading from file system: file:/C:/Users/macke/OneDrive/Documents/School/Semester%203/Programming%20in%20a%20Graphical%20User%20Interface/Homework/animals-revenge/build/resources/main/assets/ui/Home.fxml
23:14:35.039 [FXGL Background Thread 2 ] INFO  UpdaterService       - Your current version:  17.2
23:14:35.039 [FXGL Background Thread 2 ] INFO  UpdaterService       - Latest stable version: 17.3
23:14:35.315 [FXGL Background Thread 4 ] INFO  FXGLApplication      - Game initialization took: 0.679 sec
23:14:35.317 [JavaFX Application Thread] DEBUG Input                - Clearing active input actions
23:14:35.335 [JavaFX Application Thread] DEBUG GameApplicationServi - Removing overlay from FXGLLoadingScene and adding to GameScene
23:14:35.336 [JavaFX Application Thread] DEBUG PrimaryStageWindow   - FXGLLoadingScene -> GameScene
23:14:36.795 [JavaFX Application Thread] DEBUG FXGLAssetLoaderServi - Loading from file system: file:/C:/Users/macke/OneDrive/Documents/School/Semester%203/Programming%20in%20a%20Graphical%20User%20Interface/Homework/animals-revenge/build/resources/main/assets/ui/1CustomProjectile.fxml
23:14:37.420 [FXGL Background Thread 3 ] DEBUG Engine               - Logging environment variables
23:14:37.423 [FXGL Background Thread 3 ] DEBUG Engine               - achievements: []
23:14:37.423 [FXGL Background Thread 3 ] DEBUG Engine               - actualHeight: 797.0
23:14:37.424 [FXGL Background Thread 3 ] DEBUG Engine               - actualHeightProperty: ReadOnlyDoubleProperty [value: 797.0]
23:14:37.431 [FXGL Background Thread 3 ] DEBUG Engine               - actualWidth: 1415.0
23:14:37.432 [FXGL Background Thread 3 ] DEBUG Engine               - actualWidthProperty: ReadOnlyDoubleProperty [value: 1415.0]
23:14:37.432 [FXGL Background Thread 3 ] DEBUG Engine               - appIcon: fxgl_icon.png
23:14:37.432 [FXGL Background Thread 3 ] DEBUG Engine               - applicationMode: DEVELOPER
23:14:37.433 [FXGL Background Thread 3 ] DEBUG Engine               - cSSList: [fxgl_dark.css]
23:14:37.433 [FXGL Background Thread 3 ] DEBUG Engine               - collisionDetectionStrategy: BRUTE_FORCE
23:14:37.433 [FXGL Background Thread 3 ] DEBUG Engine               - configClass: Optional.empty
23:14:37.433 [FXGL Background Thread 3 ] DEBUG Engine               - credits: []
23:14:37.435 [FXGL Background Thread 3 ] DEBUG Engine               - defaultCursor: CursorInfo(imageName=fxgl_default_cursor.png, hotspotX=7.0, hotspotY=6.0)
23:14:37.435 [FXGL Background Thread 3 ] DEBUG Engine               - devBBoxColorProperty: ObjectProperty [value: 0xff0000ff]
23:14:37.435 [FXGL Background Thread 3 ] DEBUG Engine               - devEnableDebugCameraProperty: BooleanProperty [value: false]
23:14:37.435 [FXGL Background Thread 3 ] DEBUG Engine               - devSensorColorProperty: ObjectProperty [value: 0xffff00ff]
23:14:37.435 [FXGL Background Thread 3 ] DEBUG Engine               - devShowBBoxProperty: BooleanProperty [value: false]
23:14:37.435 [FXGL Background Thread 3 ] DEBUG Engine               - devShowPositionProperty: BooleanProperty [value: false]
23:14:37.435 [FXGL Background Thread 3 ] DEBUG Engine               - enabledMenuItems: []
23:14:37.435 [FXGL Background Thread 3 ] DEBUG Engine               - engineServices: [class com.almasb.fxgl.app.services.FXGLAssetLoaderService, class com.almasb.fxgl.app.FXGLApplication$GameApplicationService, class com.almasb.fxgl.app.services.FXGLDialogService, class com.almasb.fxgl.app.services.IOTaskExecutorService, class com.almasb.fxgl.io.FileSystemService, class com.almasb.fxgl.localization.LocalizationService, class com.almasb.fxgl.app.services.SystemBundleService, class com.almasb.fxgl.profile.SaveLoadService, class com.almasb.fxgl.ui.FXGLUIFactoryServiceProvider, class com.almasb.fxgl.ui.FXGLDialogFactoryServiceProvider, class com.almasb.fxgl.audio.AudioPlayer, class com.almasb.fxgl.notification.impl.NotificationServiceProvider, class com.almasb.fxgl.achievement.AchievementService, class com.almasb.fxgl.cutscene.CutsceneService, class com.almasb.fxgl.minigames.MiniGameService, class com.almasb.fxgl.net.NetService, class com.almasb.fxgl.app.services.UpdaterService, class com.almasb.fxgl.dev.DevService]
23:14:37.435 [FXGL Background Thread 3 ] DEBUG Engine               - fontGame: Abel-Regular.ttf
23:14:37.436 [FXGL Background Thread 3 ] DEBUG Engine               - fontMono: TerminalLandMono-Regular.otf
23:14:37.436 [FXGL Background Thread 3 ] DEBUG Engine               - fontText: Courier-Prime.ttf
23:14:37.436 [FXGL Background Thread 3 ] DEBUG Engine               - fontUI: VarelaRound-Regular.ttf
23:14:37.436 [FXGL Background Thread 3 ] DEBUG Engine               - fullScreen: BooleanProperty [value: false]
23:14:37.436 [FXGL Background Thread 3 ] DEBUG Engine               - gameDifficulty: MEDIUM
23:14:37.436 [FXGL Background Thread 3 ] DEBUG Engine               - gameDifficultyProperty: ObjectProperty [value: MEDIUM]
23:14:37.436 [FXGL Background Thread 3 ] DEBUG Engine               - globalMusicVolume: 0.5
23:14:37.436 [FXGL Background Thread 3 ] DEBUG Engine               - globalMusicVolumeProperty: DoubleProperty [value: 0.5]
23:14:37.436 [FXGL Background Thread 3 ] DEBUG Engine               - globalSoundVolume: 0.5
23:14:37.437 [FXGL Background Thread 3 ] DEBUG Engine               - globalSoundVolumeProperty: DoubleProperty [value: 0.5]
23:14:37.437 [FXGL Background Thread 3 ] DEBUG Engine               - height: 820
23:14:37.437 [FXGL Background Thread 3 ] DEBUG Engine               - is3D: false
23:14:37.437 [FXGL Background Thread 3 ] DEBUG Engine               - isAndroid: false
23:14:37.437 [FXGL Background Thread 3 ] DEBUG Engine               - isBrowser: false
23:14:37.437 [FXGL Background Thread 3 ] DEBUG Engine               - isClickFeedbackEnabled: false
23:14:37.437 [FXGL Background Thread 3 ] DEBUG Engine               - isCloseConfirmation: false
23:14:37.437 [FXGL Background Thread 3 ] DEBUG Engine               - isDesktop: true
23:14:37.437 [FXGL Background Thread 3 ] DEBUG Engine               - isDeveloperMenuEnabled: false
23:14:37.437 [FXGL Background Thread 3 ] DEBUG Engine               - isEmbedded: false
23:14:37.437 [FXGL Background Thread 3 ] DEBUG Engine               - isEntityPreloadEnabled: true
23:14:37.437 [FXGL Background Thread 3 ] DEBUG Engine               - isExperimentalTiledLargeMap: false
23:14:37.437 [FXGL Background Thread 3 ] DEBUG Engine               - isFileSystemWriteAllowed: true
23:14:37.437 [FXGL Background Thread 3 ] DEBUG Engine               - isFullScreenAllowed: false
23:14:37.437 [FXGL Background Thread 3 ] DEBUG Engine               - isFullScreenFromStart: false
23:14:37.437 [FXGL Background Thread 3 ] DEBUG Engine               - isGameMenuEnabled: false
23:14:37.437 [FXGL Background Thread 3 ] DEBUG Engine               - isIOS: false
23:14:37.437 [FXGL Background Thread 3 ] DEBUG Engine               - isIntroEnabled: false
23:14:37.437 [FXGL Background Thread 3 ] DEBUG Engine               - isLinux: false
23:14:37.438 [FXGL Background Thread 3 ] DEBUG Engine               - isMac: false
23:14:37.438 [FXGL Background Thread 3 ] DEBUG Engine               - isMainMenuEnabled: false
23:14:37.438 [FXGL Background Thread 3 ] DEBUG Engine               - isManualResizeEnabled: false
23:14:37.438 [FXGL Background Thread 3 ] DEBUG Engine               - isMobile: false
23:14:37.438 [FXGL Background Thread 3 ] DEBUG Engine               - isNative: false
23:14:37.438 [FXGL Background Thread 3 ] DEBUG Engine               - isPauseMusicWhenMinimized: true
23:14:37.438 [FXGL Background Thread 3 ] DEBUG Engine               - isPreserveResizeRatio: false
23:14:37.438 [FXGL Background Thread 3 ] DEBUG Engine               - isProfilingEnabled: false
23:14:37.438 [FXGL Background Thread 3 ] DEBUG Engine               - isScaleAffectedOnResize: true
23:14:37.438 [FXGL Background Thread 3 ] DEBUG Engine               - isSingleStep: false
23:14:37.438 [FXGL Background Thread 3 ] DEBUG Engine               - isUserProfileEnabled: false
23:14:37.438 [FXGL Background Thread 3 ] DEBUG Engine               - isWindows: true
23:14:37.438 [FXGL Background Thread 3 ] DEBUG Engine               - language: ObjectProperty [value: ENGLISH]
23:14:37.438 [FXGL Background Thread 3 ] DEBUG Engine               - menuKey: ESCAPE
23:14:37.438 [FXGL Background Thread 3 ] DEBUG Engine               - mouseSensitivity: 0.2
23:14:37.438 [FXGL Background Thread 3 ] DEBUG Engine               - notificationViewClass: class com.almasb.fxgl.notification.view.XboxNotificationView
23:14:37.438 [FXGL Background Thread 3 ] DEBUG Engine               - pixelsPerMeter: 50.0
23:14:37.438 [FXGL Background Thread 3 ] DEBUG Engine               - platform: WINDOWS
23:14:37.438 [FXGL Background Thread 3 ] DEBUG Engine               - prefHeightProperty: ReadOnlyDoubleProperty [value: 820.0]
23:14:37.438 [FXGL Background Thread 3 ] DEBUG Engine               - prefWidthProperty: ReadOnlyDoubleProperty [value: 1480.0]
23:14:37.438 [FXGL Background Thread 3 ] DEBUG Engine               - profileDir: profiles/
23:14:37.438 [FXGL Background Thread 3 ] DEBUG Engine               - profileName: StringProperty [value: DEFAULT]
23:14:37.439 [FXGL Background Thread 3 ] DEBUG Engine               - randomSeed: -1
23:14:37.441 [FXGL Background Thread 3 ] DEBUG Engine               - runtimeInfo: RuntimeInfo(platform=WINDOWS, version=17.2, build=20.08.2022 16.50)
23:14:37.441 [FXGL Background Thread 3 ] DEBUG Engine               - saveFileExt: sav
23:14:37.441 [FXGL Background Thread 3 ] DEBUG Engine               - scaledHeightProp$fxgl: DoubleProperty [bound, value: 797.0]
23:14:37.442 [FXGL Background Thread 3 ] DEBUG Engine               - scaledWidthProp$fxgl: DoubleProperty [bound, value: 1415.0]
23:14:37.442 [FXGL Background Thread 3 ] DEBUG Engine               - sceneFactory: com.almasb.fxgl.app.scene.SceneFactory@22d2571f
23:14:37.442 [FXGL Background Thread 3 ] DEBUG Engine               - secondsIn24h: 60
23:14:37.442 [FXGL Background Thread 3 ] DEBUG Engine               - soundMenuBack: menu/back.wav
23:14:37.442 [FXGL Background Thread 3 ] DEBUG Engine               - soundMenuPress: menu/press.wav
23:14:37.442 [FXGL Background Thread 3 ] DEBUG Engine               - soundMenuSelect: menu/select.wav
23:14:37.442 [FXGL Background Thread 3 ] DEBUG Engine               - soundNotification: core/notification.wav
23:14:37.442 [FXGL Background Thread 3 ] DEBUG Engine               - stageStyle: DECORATED
23:14:37.442 [FXGL Background Thread 3 ] DEBUG Engine               - supportedLanguages: [ENGLISH, FRENCH, GERMAN, HUNGARIAN, RUSSIAN]
23:14:37.442 [FXGL Background Thread 3 ] DEBUG Engine               - ticksPerSecond: -1
23:14:37.442 [FXGL Background Thread 3 ] DEBUG Engine               - title: Untitled
23:14:37.442 [FXGL Background Thread 3 ] DEBUG Engine               - urlGithub: https://github.com/AlmasB/FXGL
23:14:37.442 [FXGL Background Thread 3 ] DEBUG Engine               - urlLeaderboard: http://fxgl-top.herokuapp.com/
23:14:37.442 [FXGL Background Thread 3 ] DEBUG Engine               - urlPOM: https://raw.githubusercontent.com/AlmasB/FXGL/release/README.md
23:14:37.442 [FXGL Background Thread 3 ] DEBUG Engine               - userAppClass: class edu.vanier.animals_revenge.MainApp
23:14:37.442 [FXGL Background Thread 3 ] DEBUG Engine               - version: 0.0
23:14:37.442 [FXGL Background Thread 3 ] DEBUG Engine               - versionCheckDays: 7
23:14:37.442 [FXGL Background Thread 3 ] DEBUG Engine               - width: 1480
23:14:37.442 [FXGL Background Thread 3 ] DEBUG Engine               - Logging services
23:14:37.442 [FXGL Background Thread 3 ] DEBUG Engine               - class com.almasb.fxgl.app.services.FXGLAssetLoaderService
23:14:37.442 [FXGL Background Thread 3 ] DEBUG Engine               - class com.almasb.fxgl.app.FXGLApplication$GameApplicationService
23:14:37.442 [FXGL Background Thread 3 ] DEBUG Engine               - class com.almasb.fxgl.app.services.FXGLDialogService
23:14:37.442 [FXGL Background Thread 3 ] DEBUG Engine               - class com.almasb.fxgl.app.services.IOTaskExecutorService
23:14:37.442 [FXGL Background Thread 3 ] DEBUG Engine               - class com.almasb.fxgl.io.FileSystemService
23:14:37.442 [FXGL Background Thread 3 ] DEBUG Engine               - class com.almasb.fxgl.localization.LocalizationService
23:14:37.442 [FXGL Background Thread 3 ] DEBUG Engine               - class com.almasb.fxgl.app.services.SystemBundleService
23:14:37.442 [FXGL Background Thread 3 ] DEBUG Engine               - class com.almasb.fxgl.profile.SaveLoadService
23:14:37.443 [FXGL Background Thread 3 ] DEBUG Engine               - class com.almasb.fxgl.ui.FXGLUIFactoryServiceProvider
23:14:37.443 [FXGL Background Thread 3 ] DEBUG Engine               - class com.almasb.fxgl.ui.FXGLDialogFactoryServiceProvider
23:14:37.443 [FXGL Background Thread 3 ] DEBUG Engine               - class com.almasb.fxgl.audio.AudioPlayer
23:14:37.443 [FXGL Background Thread 3 ] DEBUG Engine               - class com.almasb.fxgl.notification.impl.NotificationServiceProvider
23:14:37.443 [FXGL Background Thread 3 ] DEBUG Engine               - class com.almasb.fxgl.achievement.AchievementService
23:14:37.443 [FXGL Background Thread 3 ] DEBUG Engine               - class com.almasb.fxgl.cutscene.CutsceneService
23:14:37.443 [FXGL Background Thread 3 ] DEBUG Engine               - class com.almasb.fxgl.minigames.MiniGameService
23:14:37.443 [FXGL Background Thread 3 ] DEBUG Engine               - class com.almasb.fxgl.net.NetService
23:14:37.443 [FXGL Background Thread 3 ] DEBUG Engine               - class com.almasb.fxgl.app.services.UpdaterService
23:14:37.443 [FXGL Background Thread 3 ] DEBUG Engine               - class com.almasb.fxgl.dev.DevService
23:14:40.590 [JavaFX Application Thread] DEBUG FXGLApplication      - Exiting FXGL
23:14:40.591 [JavaFX Application Thread] DEBUG LoopRunner           - Stopping loop
23:14:40.591 [JavaFX Application Thread] DEBUG SystemBundleService  - Saving FXGL system data
23:14:40.596 [JavaFX Application Thread] DEBUG FileSystemAccess     - Writing to: C:\Users\macke\OneDrive\Documents\School\Semester 3\Programming in a Graphical User Interface\Homework\animals-revenge\system\fxgl.bundle
23:14:40.599 [JavaFX Application Thread] DEBUG Async                - Shutting down background threads
23:14:40.599 [JavaFX Application Thread] DEBUG PrimaryStageWindow   - Closing main window
23:14:40.627 [JavaFX Application Thread] DEBUG Logger               - Closing Logger
