23:12:56.186 [main                     ] DEBUG Logger               - Configured Logger
23:12:56.195 [main                     ] DEBUG GameApplication      - Logging settings
Title: Untitled
Version: 0.0
Width: 1480
Height: 820
Fullscreen: false
Intro: false
Profiling: false
Single step:false
App Mode: DEVELOPER
Menu Key: ESCAPE
Stage Style: DECORATED
Scene Factory: class com.almasb.fxgl.app.scene.SceneFactory

23:12:56.401 [JavaFX Application Thread] DEBUG FXGLApplication      - Initializing FXGL
23:12:56.405 [JavaFX Application Thread] INFO  Engine               - FXGL-17.2 (20.08.2022 16.50) on WINDOWS (J:18.0.2.1 FX:20.0.2)
23:12:56.405 [JavaFX Application Thread] DEBUG Engine               - JRE Vendor Name: Oracle Corporation
23:12:56.405 [JavaFX Application Thread] DEBUG Engine               - Running on OS: Windows 11 version 10.0
23:12:56.405 [JavaFX Application Thread] DEBUG Engine               - Architecture: amd64
23:12:56.405 [JavaFX Application Thread] INFO  Engine               - Source code and latest versions at: https://github.com/AlmasB/FXGL
23:12:56.405 [JavaFX Application Thread] INFO  Engine               -       Ask questions and discuss at: https://github.com/AlmasB/FXGL/discussions
23:12:56.406 [JavaFX Application Thread] INFO  Engine               -              Join the FXGL chat at: https://gitter.im/AlmasB/FXGL
23:12:56.464 [JavaFX Application Thread] DEBUG PrimaryStageWindow   - Creating a JavaFX scene
23:12:56.494 [JavaFX Application Thread] DEBUG PrimaryStageWindow   - Target settings size: 1480.0 x 820.0
23:12:56.494 [JavaFX Application Thread] DEBUG PrimaryStageWindow   - Scaled scene size:    1480.0 x 820.0
23:12:56.494 [JavaFX Application Thread] DEBUG PrimaryStageWindow   - Scaled ratio: (1.0, 1.0)
23:12:56.494 [JavaFX Application Thread] DEBUG PrimaryStageWindow   - Set initial scene to FXGLStartupScene
23:12:56.497 [JavaFX Application Thread] DEBUG PrimaryStageWindow   - Opening main window
23:12:56.551 [JavaFX Application Thread] DEBUG PrimaryStageWindow   - Window border size: (16.0, 39.0)
23:12:56.551 [JavaFX Application Thread] DEBUG PrimaryStageWindow   - Scaled size: 1480.0 x 820.0
23:12:56.551 [JavaFX Application Thread] DEBUG PrimaryStageWindow   - Scaled ratio: (1.0, 1.0)
23:12:56.551 [JavaFX Application Thread] DEBUG PrimaryStageWindow   - Scene size: 1480.0 x 820.0
23:12:56.551 [JavaFX Application Thread] DEBUG PrimaryStageWindow   - Stage size: 1496.0 x 859.0
23:12:56.555 [FXGL Background Thread 1 ] DEBUG Engine               - Initializing environment variables
23:12:56.578 [FXGL Background Thread 1 ] DEBUG FXGLAssetLoaderServi - User app class for loading assets: class edu.vanier.animals_revenge.MainApp
23:12:56.579 [FXGL Background Thread 1 ] DEBUG GameApplicationServi - Applying CSS: fxgl_dark.css
23:12:56.580 [FXGL Background Thread 1 ] DEBUG FXGLAssetLoaderServi - Loading from file system: jar:file:/C:/Users/ethan/.gradle/caches/modules-2/files-2.1/com.github.almasb/fxgl/17.2/35db6ae960eec2dcfd19262d3b7f9c42f0e95bc3/fxgl-17.2.jar!/fxglassets/ui/css/fxgl_dark.css
23:12:56.602 [FXGL Background Thread 1 ] DEBUG GameApplicationServi - Initializing application scenes
23:12:56.621 [FXGL Background Thread 1 ] DEBUG GameWorld            - Game world initialized
23:12:56.656 [FXGL Background Thread 1 ] DEBUG PhysicsWorld         - Physics world initialized: appHeight=820, physics.ppm=50.0
23:12:56.656 [FXGL Background Thread 1 ] DEBUG PhysicsWorld         - Using strategy: BRUTE_FORCE
23:12:56.659 [FXGL Background Thread 1 ] DEBUG GameScene            - Game scene initialized: 1480x820
23:12:56.659 [FXGL Background Thread 1 ] DEBUG GameApplicationServi - Application scenes initialized
23:12:56.670 [FXGL Background Thread 1 ] DEBUG SystemBundleService  - Loading FXGL system data
23:12:56.673 [FXGL Background Thread 1 ] DEBUG FileSystemAccess     - Reading from: C:\Users\ethan\IdeaProjects\animals-revenge\system\fxgl.bundle
23:12:56.678 [FXGL Background Thread 1 ] DEBUG SystemBundleService  - Bundle FXGL: {}
23:12:56.678 [FXGL Background Thread 1 ] DEBUG UpdaterService       - Checking for updates
23:12:56.681 [FXGL Background Thread 4 ] DEBUG FXGLApplication      - Loading fonts
23:12:56.682 [FXGL Background Thread 1 ] DEBUG FXGLApplication      - Loading default localization
23:12:56.682 [FXGL Background Thread 4 ] DEBUG FXGLAssetLoaderServi - Loading from file system: jar:file:/C:/Users/ethan/.gradle/caches/modules-2/files-2.1/com.github.almasb/fxgl/17.2/35db6ae960eec2dcfd19262d3b7f9c42f0e95bc3/fxgl-17.2.jar!/fxglassets/ui/fonts/VarelaRound-Regular.ttf
23:12:56.682 [FXGL Background Thread 1 ] DEBUG FXGLAssetLoaderServi - Loading from file system: jar:file:/C:/Users/ethan/.gradle/caches/modules-2/files-2.1/com.github.almasb/fxgl/17.2/35db6ae960eec2dcfd19262d3b7f9c42f0e95bc3/fxgl-17.2.jar!/fxglassets/languages/english.lang
23:12:56.696 [FXGL Background Thread 1 ] INFO  FXGLApplication      - FXGL initialization took: 0.141 sec
23:12:56.701 [JavaFX Application Thread] DEBUG Input                - Registered new binding: Launch - RMB
23:12:56.701 [JavaFX Application Thread] DEBUG Input                - Registered new binding: Create - LMB
23:12:56.701 [JavaFX Application Thread] DEBUG Input                - Registered new binding: Drag - CTRL+LMB
23:12:56.702 [JavaFX Application Thread] DEBUG FXGLAssetLoaderServi - Loading from file system: jar:file:/C:/Users/ethan/.gradle/caches/modules-2/files-2.1/com.github.almasb/fxgl/17.2/35db6ae960eec2dcfd19262d3b7f9c42f0e95bc3/fxgl-17.2.jar!/fxglassets/textures/fxgl_icon.png
23:12:56.712 [FXGL Background Thread 4 ] DEBUG FXGLAssetLoaderServi - Loading from file system: jar:file:/C:/Users/ethan/.gradle/caches/modules-2/files-2.1/com.github.almasb/fxgl/17.2/35db6ae960eec2dcfd19262d3b7f9c42f0e95bc3/fxgl-17.2.jar!/fxglassets/ui/fonts/Abel-Regular.ttf
23:12:56.718 [FXGL Background Thread 4 ] DEBUG FXGLAssetLoaderServi - Loading from file system: jar:file:/C:/Users/ethan/.gradle/caches/modules-2/files-2.1/com.github.almasb/fxgl/17.2/35db6ae960eec2dcfd19262d3b7f9c42f0e95bc3/fxgl-17.2.jar!/fxglassets/ui/fonts/TerminalLandMono-Regular.otf
23:12:56.723 [FXGL Background Thread 4 ] DEBUG FXGLAssetLoaderServi - Loading from file system: jar:file:/C:/Users/ethan/.gradle/caches/modules-2/files-2.1/com.github.almasb/fxgl/17.2/35db6ae960eec2dcfd19262d3b7f9c42f0e95bc3/fxgl-17.2.jar!/fxglassets/ui/fonts/Courier-Prime.ttf
23:12:56.728 [JavaFX Application Thread] DEBUG FXGLAssetLoaderServi - Loading from file system: jar:file:/C:/Users/ethan/.gradle/caches/modules-2/files-2.1/com.github.almasb/fxgl/17.2/35db6ae960eec2dcfd19262d3b7f9c42f0e95bc3/fxgl-17.2.jar!/fxglassets/textures/fxgl_default_cursor.png
23:12:56.734 [JavaFX Application Thread] DEBUG Input                - Registered new binding: Screenshot - CTRL+8
23:12:56.734 [JavaFX Application Thread] DEBUG Input                - Registered new binding: System info dump - CTRL+9
23:12:56.734 [JavaFX Application Thread] DEBUG Input                - Registered new binding: Restart - CTRL+R
23:12:56.735 [JavaFX Application Thread] DEBUG Input                - Registered new binding: Toggle Debug Camera - CTRL+7
23:12:56.736 [JavaFX Application Thread] DEBUG LoopRunner           - Starting loop
23:12:56.736 [JavaFX Application Thread] DEBUG LoopRunner           - Initializing JavaFX AnimationTimerLoop
23:12:56.738 [JavaFX Application Thread] DEBUG GameApplicationServi - Starting new game
23:12:56.738 [JavaFX Application Thread] DEBUG Input                - Clearing active input actions
23:12:56.748 [JavaFX Application Thread] DEBUG GameApplicationServi - Removing overlay from FXGLStartupScene and adding to FXGLLoadingScene
23:12:56.749 [JavaFX Application Thread] DEBUG PrimaryStageWindow   - FXGLStartupScene -> FXGLLoadingScene
23:12:56.749 [JavaFX Application Thread] DEBUG GameApplicationServi - Clearing previous game
23:12:56.749 [JavaFX Application Thread] DEBUG GameScene            - Clearing game scene
23:12:56.749 [JavaFX Application Thread] DEBUG GameWorld            - Clearing game world
23:12:56.749 [JavaFX Application Thread] DEBUG PhysicsWorld         - Clearing physics world
23:12:56.751 [JavaFX Application Thread] DEBUG FXGLApplication      - Registering font factories with UI factory
23:12:56.751 [FXGL Background Thread 4 ] DEBUG FXGLApplication      - Initializing game
23:12:56.773 [FXGL Background Thread 4 ] DEBUG FXGLAssetLoaderServi - Loading from file system: file:/C:/Users/ethan/IdeaProjects/animals-revenge/build/resources/main/assets/ui/Home.fxml
23:12:56.944 [FXGL Background Thread 2 ] INFO  UpdaterService       - Your current version:  17.2
23:12:56.947 [FXGL Background Thread 2 ] INFO  UpdaterService       - Latest stable version: 17.3
23:12:57.031 [FXGL Background Thread 4 ] INFO  FXGLApplication      - Game initialization took: 0.280 sec
23:12:57.031 [JavaFX Application Thread] DEBUG Input                - Clearing active input actions
23:12:57.038 [JavaFX Application Thread] DEBUG GameApplicationServi - Removing overlay from FXGLLoadingScene and adding to GameScene
23:12:57.038 [JavaFX Application Thread] DEBUG PrimaryStageWindow   - FXGLLoadingScene -> GameScene
23:12:58.047 [JavaFX Application Thread] DEBUG FXGLApplication      - Exiting FXGL
23:12:58.047 [JavaFX Application Thread] DEBUG LoopRunner           - Stopping loop
23:12:58.047 [JavaFX Application Thread] DEBUG SystemBundleService  - Saving FXGL system data
23:12:58.048 [JavaFX Application Thread] DEBUG FileSystemAccess     - Writing to: C:\Users\ethan\IdeaProjects\animals-revenge\system\fxgl.bundle
23:12:58.050 [JavaFX Application Thread] DEBUG Async                - Shutting down background threads
23:12:58.050 [JavaFX Application Thread] DEBUG PrimaryStageWindow   - Closing main window
23:12:58.059 [JavaFX Application Thread] DEBUG Logger               - Closing Logger
