15:33:57.339 [main                     ] DEBUG Logger               - Configured Logger
15:33:57.351 [main                     ] DEBUG GameApplication      - Logging settings
Title: Untitled
Version: 0.0
Width: 1480
Height: 820
Fullscreen: false
Intro: false
Profiling: false
Single step:false
App Mode: DEVELOPER
Menu Key: ESCAPE
Stage Style: DECORATED
Scene Factory: class com.almasb.fxgl.app.scene.SceneFactory

15:33:57.619 [JavaFX Application Thread] DEBUG FXGLApplication      - Initializing FXGL
15:33:57.627 [JavaFX Application Thread] INFO  Engine               - FXGL-17.2 (20.08.2022 16.50) on WINDOWS (J:18.0.1.1 FX:20.0.2)
15:33:57.627 [JavaFX Application Thread] DEBUG Engine               - JRE Vendor Name: Oracle Corporation
15:33:57.628 [JavaFX Application Thread] DEBUG Engine               - Running on OS: Windows 10 version 10.0
15:33:57.628 [JavaFX Application Thread] DEBUG Engine               - Architecture: amd64
15:33:57.628 [JavaFX Application Thread] INFO  Engine               - Source code and latest versions at: https://github.com/AlmasB/FXGL
15:33:57.628 [JavaFX Application Thread] INFO  Engine               -       Ask questions and discuss at: https://github.com/AlmasB/FXGL/discussions
15:33:57.628 [JavaFX Application Thread] INFO  Engine               -              Join the FXGL chat at: https://gitter.im/AlmasB/FXGL
15:33:57.711 [JavaFX Application Thread] DEBUG PrimaryStageWindow   - Creating a JavaFX scene
15:33:57.751 [JavaFX Application Thread] DEBUG PrimaryStageWindow   - Target settings size: 1480.0 x 820.0
15:33:57.751 [JavaFX Application Thread] DEBUG PrimaryStageWindow   - Scaled scene size:    1480.0 x 820.0
15:33:57.751 [JavaFX Application Thread] DEBUG PrimaryStageWindow   - Scaled ratio: (1.0, 1.0)
15:33:57.752 [JavaFX Application Thread] DEBUG PrimaryStageWindow   - Set initial scene to FXGLStartupScene
15:33:57.757 [JavaFX Application Thread] DEBUG PrimaryStageWindow   - Opening main window
15:33:57.827 [JavaFX Application Thread] DEBUG PrimaryStageWindow   - Window border size: (16.0, 39.0)
15:33:57.827 [JavaFX Application Thread] DEBUG PrimaryStageWindow   - Scaled size: 1480.0 x 820.0
15:33:57.827 [JavaFX Application Thread] DEBUG PrimaryStageWindow   - Scaled ratio: (1.0, 1.0)
15:33:57.828 [JavaFX Application Thread] DEBUG PrimaryStageWindow   - Scene size: 1480.0 x 820.0
15:33:57.828 [JavaFX Application Thread] DEBUG PrimaryStageWindow   - Stage size: 1496.0 x 859.0
15:33:57.832 [FXGL Background Thread 1 ] DEBUG Engine               - Initializing environment variables
15:33:57.867 [FXGL Background Thread 1 ] DEBUG FXGLAssetLoaderServi - User app class for loading assets: class edu.vanier.animals_revenge.MainApp
15:33:57.867 [FXGL Background Thread 1 ] DEBUG GameApplicationServi - Applying CSS: fxgl_dark.css
15:33:57.868 [FXGL Background Thread 1 ] DEBUG FXGLAssetLoaderServi - Loading from file system: jar:file:/C:/Users/2246745/.gradle/caches/modules-2/files-2.1/com.github.almasb/fxgl/17.2/35db6ae960eec2dcfd19262d3b7f9c42f0e95bc3/fxgl-17.2.jar!/fxglassets/ui/css/fxgl_dark.css
15:33:57.902 [FXGL Background Thread 1 ] DEBUG GameApplicationServi - Initializing application scenes
15:33:57.931 [FXGL Background Thread 1 ] DEBUG GameWorld            - Game world initialized
15:33:57.988 [FXGL Background Thread 1 ] DEBUG PhysicsWorld         - Physics world initialized: appHeight=820, physics.ppm=50.0
15:33:57.988 [FXGL Background Thread 1 ] DEBUG PhysicsWorld         - Using strategy: BRUTE_FORCE
15:33:57.992 [FXGL Background Thread 1 ] DEBUG GameScene            - Game scene initialized: 1480x820
15:33:57.992 [FXGL Background Thread 1 ] DEBUG GameApplicationServi - Application scenes initialized
15:33:58.006 [FXGL Background Thread 1 ] DEBUG SystemBundleService  - Loading FXGL system data
15:33:58.013 [FXGL Background Thread 1 ] DEBUG FileSystemAccess     - Reading from: C:\Users\2246745\Documents\GitHub\animals-revenge\system\fxgl.bundle
15:33:58.020 [FXGL Background Thread 1 ] DEBUG SystemBundleService  - Bundle FXGL: {}
15:33:58.020 [FXGL Background Thread 1 ] DEBUG UpdaterService       - Checking for updates
15:33:58.030 [FXGL Background Thread 4 ] DEBUG FXGLApplication      - Loading fonts
15:33:58.030 [FXGL Background Thread 4 ] DEBUG FXGLAssetLoaderServi - Loading from file system: jar:file:/C:/Users/2246745/.gradle/caches/modules-2/files-2.1/com.github.almasb/fxgl/17.2/35db6ae960eec2dcfd19262d3b7f9c42f0e95bc3/fxgl-17.2.jar!/fxglassets/ui/fonts/VarelaRound-Regular.ttf
15:33:58.032 [FXGL Background Thread 1 ] DEBUG FXGLApplication      - Loading default localization
15:33:58.033 [FXGL Background Thread 1 ] DEBUG FXGLAssetLoaderServi - Loading from file system: jar:file:/C:/Users/2246745/.gradle/caches/modules-2/files-2.1/com.github.almasb/fxgl/17.2/35db6ae960eec2dcfd19262d3b7f9c42f0e95bc3/fxgl-17.2.jar!/fxglassets/languages/english.lang
15:33:58.059 [FXGL Background Thread 1 ] INFO  FXGLApplication      - FXGL initialization took: 0.227 sec
15:33:58.063 [JavaFX Application Thread] DEBUG Input                - Registered new binding: Launch - RMB
15:33:58.063 [JavaFX Application Thread] DEBUG Input                - Registered new binding: Create - LMB
15:33:58.064 [JavaFX Application Thread] DEBUG Input                - Registered new binding: Drag - CTRL+LMB
15:33:58.064 [JavaFX Application Thread] DEBUG FXGLAssetLoaderServi - Loading from file system: jar:file:/C:/Users/2246745/.gradle/caches/modules-2/files-2.1/com.github.almasb/fxgl/17.2/35db6ae960eec2dcfd19262d3b7f9c42f0e95bc3/fxgl-17.2.jar!/fxglassets/textures/fxgl_icon.png
15:33:58.075 [FXGL Background Thread 4 ] DEBUG FXGLAssetLoaderServi - Loading from file system: jar:file:/C:/Users/2246745/.gradle/caches/modules-2/files-2.1/com.github.almasb/fxgl/17.2/35db6ae960eec2dcfd19262d3b7f9c42f0e95bc3/fxgl-17.2.jar!/fxglassets/ui/fonts/Abel-Regular.ttf
15:33:58.078 [FXGL Background Thread 4 ] DEBUG FXGLAssetLoaderServi - Loading from file system: jar:file:/C:/Users/2246745/.gradle/caches/modules-2/files-2.1/com.github.almasb/fxgl/17.2/35db6ae960eec2dcfd19262d3b7f9c42f0e95bc3/fxgl-17.2.jar!/fxglassets/ui/fonts/TerminalLandMono-Regular.otf
15:33:58.081 [FXGL Background Thread 4 ] DEBUG FXGLAssetLoaderServi - Loading from file system: jar:file:/C:/Users/2246745/.gradle/caches/modules-2/files-2.1/com.github.almasb/fxgl/17.2/35db6ae960eec2dcfd19262d3b7f9c42f0e95bc3/fxgl-17.2.jar!/fxglassets/ui/fonts/Courier-Prime.ttf
15:33:58.108 [JavaFX Application Thread] DEBUG FXGLAssetLoaderServi - Loading from file system: jar:file:/C:/Users/2246745/.gradle/caches/modules-2/files-2.1/com.github.almasb/fxgl/17.2/35db6ae960eec2dcfd19262d3b7f9c42f0e95bc3/fxgl-17.2.jar!/fxglassets/textures/fxgl_default_cursor.png
15:33:58.115 [JavaFX Application Thread] DEBUG Input                - Registered new binding: Screenshot - CTRL+8
15:33:58.115 [JavaFX Application Thread] DEBUG Input                - Registered new binding: System info dump - CTRL+9
15:33:58.116 [JavaFX Application Thread] DEBUG Input                - Registered new binding: Restart - CTRL+R
15:33:58.118 [JavaFX Application Thread] DEBUG Input                - Registered new binding: Toggle Debug Camera - CTRL+7
15:33:58.120 [JavaFX Application Thread] DEBUG LoopRunner           - Starting loop
15:33:58.120 [JavaFX Application Thread] DEBUG LoopRunner           - Initializing JavaFX AnimationTimerLoop
15:33:58.122 [JavaFX Application Thread] DEBUG GameApplicationServi - Starting new game
15:33:58.122 [JavaFX Application Thread] DEBUG Input                - Clearing active input actions
15:33:58.132 [JavaFX Application Thread] DEBUG GameApplicationServi - Removing overlay from FXGLStartupScene and adding to FXGLLoadingScene
15:33:58.132 [JavaFX Application Thread] DEBUG PrimaryStageWindow   - FXGLStartupScene -> FXGLLoadingScene
15:33:58.132 [JavaFX Application Thread] DEBUG GameApplicationServi - Clearing previous game
15:33:58.132 [JavaFX Application Thread] DEBUG GameScene            - Clearing game scene
15:33:58.132 [JavaFX Application Thread] DEBUG GameWorld            - Clearing game world
15:33:58.132 [JavaFX Application Thread] DEBUG PhysicsWorld         - Clearing physics world
15:33:58.134 [FXGL Background Thread 4 ] DEBUG FXGLApplication      - Initializing game
15:33:58.135 [JavaFX Application Thread] DEBUG FXGLApplication      - Registering font factories with UI factory
15:33:58.177 [FXGL Background Thread 4 ] DEBUG FXGLAssetLoaderServi - Loading from file system: file:/C:/Users/2246745/Documents/GitHub/animals-revenge/build/resources/main/assets/ui/Home.fxml
15:33:58.339 [FXGL Background Thread 2 ] INFO  UpdaterService       - Your current version:  17.2
15:33:58.339 [FXGL Background Thread 2 ] INFO  UpdaterService       - Latest stable version: 17.3
15:33:58.521 [FXGL Background Thread 4 ] INFO  FXGLApplication      - Game initialization took: 0.387 sec
15:33:58.521 [JavaFX Application Thread] DEBUG Input                - Clearing active input actions
15:33:58.530 [JavaFX Application Thread] DEBUG GameApplicationServi - Removing overlay from FXGLLoadingScene and adding to GameScene
15:33:58.530 [JavaFX Application Thread] DEBUG PrimaryStageWindow   - FXGLLoadingScene -> GameScene
15:33:59.514 [JavaFX Application Thread] DEBUG FXGLAssetLoaderServi - Loading from file system: file:/C:/Users/2246745/Documents/GitHub/animals-revenge/build/resources/main/assets/ui/Settings.fxml
15:34:00.943 [JavaFX Application Thread] DEBUG FXGLApplication      - Exiting FXGL
15:34:00.944 [JavaFX Application Thread] DEBUG LoopRunner           - Stopping loop
15:34:00.944 [JavaFX Application Thread] DEBUG SystemBundleService  - Saving FXGL system data
15:34:00.946 [JavaFX Application Thread] DEBUG FileSystemAccess     - Writing to: C:\Users\2246745\Documents\GitHub\animals-revenge\system\fxgl.bundle
15:34:00.948 [JavaFX Application Thread] DEBUG Async                - Shutting down background threads
15:34:00.948 [JavaFX Application Thread] DEBUG PrimaryStageWindow   - Closing main window
15:34:00.960 [JavaFX Application Thread] DEBUG Logger               - Closing Logger
