15:19:03.014 [main                     ] DEBUG Logger               - Configured Logger
15:19:03.058 [main                     ] DEBUG GameApplication      - Logging settings
Title: Untitled
Version: 0.0
Width: 1480
Height: 820
Fullscreen: false
Intro: false
Profiling: false
Single step:false
App Mode: DEVELOPER
Menu Key: ESCAPE
Stage Style: DECORATED
Scene Factory: class com.almasb.fxgl.app.scene.SceneFactory

15:19:03.725 [JavaFX Application Thread] DEBUG FXGLApplication      - Initializing FXGL
15:19:03.737 [JavaFX Application Thread] INFO  Engine               - FXGL-17.2 (20.08.2022 16.50) on WINDOWS (J:18.0.2.1 FX:20.0.2)
15:19:03.737 [JavaFX Application Thread] DEBUG Engine               - JRE Vendor Name: Oracle Corporation
15:19:03.738 [JavaFX Application Thread] DEBUG Engine               - Running on OS: Windows 11 version 10.0
15:19:03.738 [JavaFX Application Thread] DEBUG Engine               - Architecture: amd64
15:19:03.738 [JavaFX Application Thread] INFO  Engine               - Source code and latest versions at: https://github.com/AlmasB/FXGL
15:19:03.738 [JavaFX Application Thread] INFO  Engine               -       Ask questions and discuss at: https://github.com/AlmasB/FXGL/discussions
15:19:03.738 [JavaFX Application Thread] INFO  Engine               -              Join the FXGL chat at: https://gitter.im/AlmasB/FXGL
15:19:03.859 [JavaFX Application Thread] DEBUG PrimaryStageWindow   - Creating a JavaFX scene
15:19:03.859 [JavaFX Application Thread] DEBUG PrimaryStageWindow   - Target size > screen size
15:19:03.928 [JavaFX Application Thread] DEBUG PrimaryStageWindow   - Target settings size: 1480.0 x 820.0
15:19:03.928 [JavaFX Application Thread] DEBUG PrimaryStageWindow   - Scaled scene size:    1415.0 x 797.0
15:19:03.929 [JavaFX Application Thread] DEBUG PrimaryStageWindow   - Scaled ratio: (0.956081081081081, 0.9719512195121951)
15:19:03.932 [JavaFX Application Thread] DEBUG PrimaryStageWindow   - Set initial scene to FXGLStartupScene
15:19:03.938 [JavaFX Application Thread] DEBUG PrimaryStageWindow   - Opening main window
15:19:04.069 [JavaFX Application Thread] DEBUG PrimaryStageWindow   - Window border size: (13.0, 35.5)
15:19:04.069 [JavaFX Application Thread] DEBUG PrimaryStageWindow   - Scaled size: 1415.0 x 797.0
15:19:04.069 [JavaFX Application Thread] DEBUG PrimaryStageWindow   - Scaled ratio: (0.956081081081081, 0.9719512195121951)
15:19:04.070 [JavaFX Application Thread] DEBUG PrimaryStageWindow   - Scene size: 1415.0 x 797.0
15:19:04.070 [JavaFX Application Thread] DEBUG PrimaryStageWindow   - Stage size: 1428.0 x 832.5
15:19:04.076 [FXGL Background Thread 1 ] DEBUG Engine               - Initializing environment variables
15:19:04.145 [FXGL Background Thread 1 ] DEBUG FXGLAssetLoaderServi - User app class for loading assets: class edu.vanier.animals_revenge.MainApp
15:19:04.146 [FXGL Background Thread 1 ] DEBUG GameApplicationServi - Applying CSS: fxgl_dark.css
15:19:04.147 [FXGL Background Thread 1 ] DEBUG FXGLAssetLoaderServi - Loading from file system: jar:file:/C:/Users/macke/.gradle/caches/modules-2/files-2.1/com.github.almasb/fxgl/17.2/35db6ae960eec2dcfd19262d3b7f9c42f0e95bc3/fxgl-17.2.jar!/fxglassets/ui/css/fxgl_dark.css
15:19:04.213 [FXGL Background Thread 1 ] DEBUG GameApplicationServi - Initializing application scenes
15:19:04.312 [FXGL Background Thread 1 ] DEBUG GameWorld            - Game world initialized
15:19:04.371 [FXGL Background Thread 1 ] DEBUG PhysicsWorld         - Physics world initialized: appHeight=820, physics.ppm=50.0
15:19:04.371 [FXGL Background Thread 1 ] DEBUG PhysicsWorld         - Using strategy: BRUTE_FORCE
15:19:04.379 [FXGL Background Thread 1 ] DEBUG GameScene            - Game scene initialized: 1480x820
15:19:04.380 [FXGL Background Thread 1 ] DEBUG GameApplicationServi - Application scenes initialized
15:19:04.404 [FXGL Background Thread 1 ] DEBUG SystemBundleService  - Loading FXGL system data
15:19:04.420 [FXGL Background Thread 1 ] DEBUG FileSystemAccess     - Reading from: C:\Users\macke\OneDrive\Documents\School\Semester 3\Programming in a Graphical User Interface\Homework\animals-revenge\system\fxgl.bundle
15:19:04.437 [FXGL Background Thread 1 ] DEBUG SystemBundleService  - Bundle FXGL: {}
15:19:04.437 [FXGL Background Thread 1 ] DEBUG UpdaterService       - Checking for updates
15:19:04.462 [FXGL Background Thread 4 ] DEBUG FXGLApplication      - Loading fonts
15:19:04.464 [FXGL Background Thread 1 ] DEBUG FXGLApplication      - Loading default localization
15:19:04.464 [FXGL Background Thread 4 ] DEBUG FXGLAssetLoaderServi - Loading from file system: jar:file:/C:/Users/macke/.gradle/caches/modules-2/files-2.1/com.github.almasb/fxgl/17.2/35db6ae960eec2dcfd19262d3b7f9c42f0e95bc3/fxgl-17.2.jar!/fxglassets/ui/fonts/VarelaRound-Regular.ttf
15:19:04.466 [FXGL Background Thread 1 ] DEBUG FXGLAssetLoaderServi - Loading from file system: jar:file:/C:/Users/macke/.gradle/caches/modules-2/files-2.1/com.github.almasb/fxgl/17.2/35db6ae960eec2dcfd19262d3b7f9c42f0e95bc3/fxgl-17.2.jar!/fxglassets/languages/english.lang
15:19:04.598 [FXGL Background Thread 1 ] INFO  FXGLApplication      - FXGL initialization took: 0.522 sec
15:19:04.607 [JavaFX Application Thread] DEBUG Input                - Registered new binding: Launch - RMB
15:19:04.607 [JavaFX Application Thread] DEBUG Input                - Registered new binding: Create - LMB
15:19:04.607 [JavaFX Application Thread] DEBUG Input                - Registered new binding: Drag - CTRL+LMB
15:19:04.608 [JavaFX Application Thread] DEBUG FXGLAssetLoaderServi - Loading from file system: jar:file:/C:/Users/macke/.gradle/caches/modules-2/files-2.1/com.github.almasb/fxgl/17.2/35db6ae960eec2dcfd19262d3b7f9c42f0e95bc3/fxgl-17.2.jar!/fxglassets/textures/fxgl_icon.png
15:19:04.639 [FXGL Background Thread 4 ] DEBUG FXGLAssetLoaderServi - Loading from file system: jar:file:/C:/Users/macke/.gradle/caches/modules-2/files-2.1/com.github.almasb/fxgl/17.2/35db6ae960eec2dcfd19262d3b7f9c42f0e95bc3/fxgl-17.2.jar!/fxglassets/ui/fonts/Abel-Regular.ttf
15:19:04.645 [FXGL Background Thread 4 ] DEBUG FXGLAssetLoaderServi - Loading from file system: jar:file:/C:/Users/macke/.gradle/caches/modules-2/files-2.1/com.github.almasb/fxgl/17.2/35db6ae960eec2dcfd19262d3b7f9c42f0e95bc3/fxgl-17.2.jar!/fxglassets/ui/fonts/TerminalLandMono-Regular.otf
15:19:04.650 [FXGL Background Thread 4 ] DEBUG FXGLAssetLoaderServi - Loading from file system: jar:file:/C:/Users/macke/.gradle/caches/modules-2/files-2.1/com.github.almasb/fxgl/17.2/35db6ae960eec2dcfd19262d3b7f9c42f0e95bc3/fxgl-17.2.jar!/fxglassets/ui/fonts/Courier-Prime.ttf
15:19:04.687 [JavaFX Application Thread] DEBUG FXGLAssetLoaderServi - Loading from file system: jar:file:/C:/Users/macke/.gradle/caches/modules-2/files-2.1/com.github.almasb/fxgl/17.2/35db6ae960eec2dcfd19262d3b7f9c42f0e95bc3/fxgl-17.2.jar!/fxglassets/textures/fxgl_default_cursor.png
15:19:04.703 [JavaFX Application Thread] DEBUG Input                - Registered new binding: Screenshot - CTRL+8
15:19:04.703 [JavaFX Application Thread] DEBUG Input                - Registered new binding: System info dump - CTRL+9
15:19:04.704 [JavaFX Application Thread] DEBUG Input                - Registered new binding: Restart - CTRL+R
15:19:04.705 [JavaFX Application Thread] DEBUG Input                - Registered new binding: Toggle Debug Camera - CTRL+7
15:19:04.713 [JavaFX Application Thread] DEBUG LoopRunner           - Starting loop
15:19:04.713 [JavaFX Application Thread] DEBUG LoopRunner           - Initializing JavaFX AnimationTimerLoop
15:19:04.717 [JavaFX Application Thread] DEBUG GameApplicationServi - Starting new game
15:19:04.717 [JavaFX Application Thread] DEBUG Input                - Clearing active input actions
15:19:04.731 [JavaFX Application Thread] DEBUG GameApplicationServi - Removing overlay from FXGLStartupScene and adding to FXGLLoadingScene
15:19:04.731 [JavaFX Application Thread] DEBUG PrimaryStageWindow   - FXGLStartupScene -> FXGLLoadingScene
15:19:04.731 [JavaFX Application Thread] DEBUG GameApplicationServi - Clearing previous game
15:19:04.731 [JavaFX Application Thread] DEBUG GameScene            - Clearing game scene
15:19:04.731 [JavaFX Application Thread] DEBUG GameWorld            - Clearing game world
15:19:04.732 [JavaFX Application Thread] DEBUG PhysicsWorld         - Clearing physics world
15:19:04.736 [FXGL Background Thread 4 ] DEBUG FXGLApplication      - Initializing game
15:19:04.738 [JavaFX Application Thread] DEBUG FXGLApplication      - Registering font factories with UI factory
15:19:04.774 [FXGL Background Thread 4 ] DEBUG FXGLAssetLoaderServi - Loading from file system: file:/C:/Users/macke/OneDrive/Documents/School/Semester%203/Programming%20in%20a%20Graphical%20User%20Interface/Homework/animals-revenge/build/resources/main/assets/ui/Home.fxml
15:19:05.031 [FXGL Background Thread 2 ] INFO  UpdaterService       - Your current version:  17.2
15:19:05.032 [FXGL Background Thread 2 ] INFO  UpdaterService       - Latest stable version: 17.3
15:19:05.266 [FXGL Background Thread 4 ] INFO  FXGLApplication      - Game initialization took: 0.530 sec
15:19:05.269 [JavaFX Application Thread] DEBUG Input                - Clearing active input actions
15:19:05.302 [JavaFX Application Thread] DEBUG GameApplicationServi - Removing overlay from FXGLLoadingScene and adding to GameScene
15:19:05.302 [JavaFX Application Thread] DEBUG PrimaryStageWindow   - FXGLLoadingScene -> GameScene
15:19:06.610 [JavaFX Application Thread] DEBUG FXGLAssetLoaderServi - Loading from file system: file:/C:/Users/macke/OneDrive/Documents/School/Semester%203/Programming%20in%20a%20Graphical%20User%20Interface/Homework/animals-revenge/build/resources/main/assets/ui/Simulator.fxml
15:19:06.765 [JavaFX Application Thread] DEBUG FXGLAssetLoaderServi - Loading from file system: file:/C:/Users/macke/OneDrive/Documents/School/Semester%203/Programming%20in%20a%20Graphical%20User%20Interface/Homework/animals-revenge/build/resources/main/assets/textures/cannon.png
15:19:06.771 [JavaFX Application Thread] DEBUG FXGLAssetLoaderServi - Loading from file system: file:/C:/Users/macke/OneDrive/Documents/School/Semester%203/Programming%20in%20a%20Graphical%20User%20Interface/Homework/animals-revenge/build/resources/main/assets/textures/brick32x32.png
15:19:07.452 [FXGL Background Thread 3 ] DEBUG Engine               - Logging environment variables
15:19:07.452 [FXGL Background Thread 3 ] DEBUG Engine               - achievements: []
15:19:07.452 [FXGL Background Thread 3 ] DEBUG Engine               - actualHeight: 797.0
15:19:07.453 [FXGL Background Thread 3 ] DEBUG Engine               - actualHeightProperty: ReadOnlyDoubleProperty [value: 797.0]
15:19:07.453 [FXGL Background Thread 3 ] DEBUG Engine               - actualWidth: 1415.0
15:19:07.453 [FXGL Background Thread 3 ] DEBUG Engine               - actualWidthProperty: ReadOnlyDoubleProperty [value: 1415.0]
15:19:07.453 [FXGL Background Thread 3 ] DEBUG Engine               - appIcon: fxgl_icon.png
15:19:07.453 [FXGL Background Thread 3 ] DEBUG Engine               - applicationMode: DEVELOPER
15:19:07.453 [FXGL Background Thread 3 ] DEBUG Engine               - cSSList: [fxgl_dark.css]
15:19:07.453 [FXGL Background Thread 3 ] DEBUG Engine               - collisionDetectionStrategy: BRUTE_FORCE
15:19:07.453 [FXGL Background Thread 3 ] DEBUG Engine               - configClass: Optional.empty
15:19:07.453 [FXGL Background Thread 3 ] DEBUG Engine               - credits: []
15:19:07.461 [FXGL Background Thread 3 ] DEBUG Engine               - defaultCursor: CursorInfo(imageName=fxgl_default_cursor.png, hotspotX=7.0, hotspotY=6.0)
15:19:07.461 [FXGL Background Thread 3 ] DEBUG Engine               - devBBoxColorProperty: ObjectProperty [value: 0xff0000ff]
15:19:07.461 [FXGL Background Thread 3 ] DEBUG Engine               - devEnableDebugCameraProperty: BooleanProperty [value: false]
15:19:07.461 [FXGL Background Thread 3 ] DEBUG Engine               - devSensorColorProperty: ObjectProperty [value: 0xffff00ff]
15:19:07.461 [FXGL Background Thread 3 ] DEBUG Engine               - devShowBBoxProperty: BooleanProperty [value: false]
15:19:07.461 [FXGL Background Thread 3 ] DEBUG Engine               - devShowPositionProperty: BooleanProperty [value: false]
15:19:07.461 [FXGL Background Thread 3 ] DEBUG Engine               - enabledMenuItems: []
15:19:07.462 [FXGL Background Thread 3 ] DEBUG Engine               - engineServices: [class com.almasb.fxgl.app.services.FXGLAssetLoaderService, class com.almasb.fxgl.app.FXGLApplication$GameApplicationService, class com.almasb.fxgl.app.services.FXGLDialogService, class com.almasb.fxgl.app.services.IOTaskExecutorService, class com.almasb.fxgl.io.FileSystemService, class com.almasb.fxgl.localization.LocalizationService, class com.almasb.fxgl.app.services.SystemBundleService, class com.almasb.fxgl.profile.SaveLoadService, class com.almasb.fxgl.ui.FXGLUIFactoryServiceProvider, class com.almasb.fxgl.ui.FXGLDialogFactoryServiceProvider, class com.almasb.fxgl.audio.AudioPlayer, class com.almasb.fxgl.notification.impl.NotificationServiceProvider, class com.almasb.fxgl.achievement.AchievementService, class com.almasb.fxgl.cutscene.CutsceneService, class com.almasb.fxgl.minigames.MiniGameService, class com.almasb.fxgl.net.NetService, class com.almasb.fxgl.app.services.UpdaterService, class com.almasb.fxgl.dev.DevService]
15:19:07.462 [FXGL Background Thread 3 ] DEBUG Engine               - fontGame: Abel-Regular.ttf
15:19:07.462 [FXGL Background Thread 3 ] DEBUG Engine               - fontMono: TerminalLandMono-Regular.otf
15:19:07.462 [FXGL Background Thread 3 ] DEBUG Engine               - fontText: Courier-Prime.ttf
15:19:07.462 [FXGL Background Thread 3 ] DEBUG Engine               - fontUI: VarelaRound-Regular.ttf
15:19:07.462 [FXGL Background Thread 3 ] DEBUG Engine               - fullScreen: BooleanProperty [value: false]
15:19:07.462 [FXGL Background Thread 3 ] DEBUG Engine               - gameDifficulty: MEDIUM
15:19:07.462 [FXGL Background Thread 3 ] DEBUG Engine               - gameDifficultyProperty: ObjectProperty [value: MEDIUM]
15:19:07.462 [FXGL Background Thread 3 ] DEBUG Engine               - globalMusicVolume: 0.5
15:19:07.462 [FXGL Background Thread 3 ] DEBUG Engine               - globalMusicVolumeProperty: DoubleProperty [value: 0.5]
15:19:07.462 [FXGL Background Thread 3 ] DEBUG Engine               - globalSoundVolume: 0.5
15:19:07.462 [FXGL Background Thread 3 ] DEBUG Engine               - globalSoundVolumeProperty: DoubleProperty [value: 0.5]
15:19:07.462 [FXGL Background Thread 3 ] DEBUG Engine               - height: 820
15:19:07.462 [FXGL Background Thread 3 ] DEBUG Engine               - is3D: false
15:19:07.462 [FXGL Background Thread 3 ] DEBUG Engine               - isAndroid: false
15:19:07.462 [FXGL Background Thread 3 ] DEBUG Engine               - isBrowser: false
15:19:07.462 [FXGL Background Thread 3 ] DEBUG Engine               - isClickFeedbackEnabled: false
15:19:07.462 [FXGL Background Thread 3 ] DEBUG Engine               - isCloseConfirmation: false
15:19:07.463 [FXGL Background Thread 3 ] DEBUG Engine               - isDesktop: true
15:19:07.463 [FXGL Background Thread 3 ] DEBUG Engine               - isDeveloperMenuEnabled: false
15:19:07.463 [FXGL Background Thread 3 ] DEBUG Engine               - isEmbedded: false
15:19:07.463 [FXGL Background Thread 3 ] DEBUG Engine               - isEntityPreloadEnabled: true
15:19:07.463 [FXGL Background Thread 3 ] DEBUG Engine               - isExperimentalTiledLargeMap: false
15:19:07.463 [FXGL Background Thread 3 ] DEBUG Engine               - isFileSystemWriteAllowed: true
15:19:07.463 [FXGL Background Thread 3 ] DEBUG Engine               - isFullScreenAllowed: false
15:19:07.463 [FXGL Background Thread 3 ] DEBUG Engine               - isFullScreenFromStart: false
15:19:07.463 [FXGL Background Thread 3 ] DEBUG Engine               - isGameMenuEnabled: false
15:19:07.463 [FXGL Background Thread 3 ] DEBUG Engine               - isIOS: false
15:19:07.463 [FXGL Background Thread 3 ] DEBUG Engine               - isIntroEnabled: false
15:19:07.463 [FXGL Background Thread 3 ] DEBUG Engine               - isLinux: false
15:19:07.463 [FXGL Background Thread 3 ] DEBUG Engine               - isMac: false
15:19:07.463 [FXGL Background Thread 3 ] DEBUG Engine               - isMainMenuEnabled: false
15:19:07.463 [FXGL Background Thread 3 ] DEBUG Engine               - isManualResizeEnabled: false
15:19:07.463 [FXGL Background Thread 3 ] DEBUG Engine               - isMobile: false
15:19:07.463 [FXGL Background Thread 3 ] DEBUG Engine               - isNative: false
15:19:07.463 [FXGL Background Thread 3 ] DEBUG Engine               - isPauseMusicWhenMinimized: true
15:19:07.463 [FXGL Background Thread 3 ] DEBUG Engine               - isPreserveResizeRatio: false
15:19:07.463 [FXGL Background Thread 3 ] DEBUG Engine               - isProfilingEnabled: false
15:19:07.464 [FXGL Background Thread 3 ] DEBUG Engine               - isScaleAffectedOnResize: true
15:19:07.464 [FXGL Background Thread 3 ] DEBUG Engine               - isSingleStep: false
15:19:07.464 [FXGL Background Thread 3 ] DEBUG Engine               - isUserProfileEnabled: false
15:19:07.464 [FXGL Background Thread 3 ] DEBUG Engine               - isWindows: true
15:19:07.464 [FXGL Background Thread 3 ] DEBUG Engine               - language: ObjectProperty [value: ENGLISH]
15:19:07.464 [FXGL Background Thread 3 ] DEBUG Engine               - menuKey: ESCAPE
15:19:07.464 [FXGL Background Thread 3 ] DEBUG Engine               - mouseSensitivity: 0.2
15:19:07.464 [FXGL Background Thread 3 ] DEBUG Engine               - notificationViewClass: class com.almasb.fxgl.notification.view.XboxNotificationView
15:19:07.464 [FXGL Background Thread 3 ] DEBUG Engine               - pixelsPerMeter: 50.0
15:19:07.464 [FXGL Background Thread 3 ] DEBUG Engine               - platform: WINDOWS
15:19:07.464 [FXGL Background Thread 3 ] DEBUG Engine               - prefHeightProperty: ReadOnlyDoubleProperty [value: 820.0]
15:19:07.464 [FXGL Background Thread 3 ] DEBUG Engine               - prefWidthProperty: ReadOnlyDoubleProperty [value: 1480.0]
15:19:07.464 [FXGL Background Thread 3 ] DEBUG Engine               - profileDir: profiles/
15:19:07.464 [FXGL Background Thread 3 ] DEBUG Engine               - profileName: StringProperty [value: DEFAULT]
15:19:07.464 [FXGL Background Thread 3 ] DEBUG Engine               - randomSeed: -1
15:19:07.465 [FXGL Background Thread 3 ] DEBUG Engine               - runtimeInfo: RuntimeInfo(platform=WINDOWS, version=17.2, build=20.08.2022 16.50)
15:19:07.465 [FXGL Background Thread 3 ] DEBUG Engine               - saveFileExt: sav
15:19:07.465 [FXGL Background Thread 3 ] DEBUG Engine               - scaledHeightProp$fxgl: DoubleProperty [bound, value: 797.0]
15:19:07.466 [FXGL Background Thread 3 ] DEBUG Engine               - scaledWidthProp$fxgl: DoubleProperty [bound, value: 1415.0]
15:19:07.466 [FXGL Background Thread 3 ] DEBUG Engine               - sceneFactory: com.almasb.fxgl.app.scene.SceneFactory@649e135b
15:19:07.466 [FXGL Background Thread 3 ] DEBUG Engine               - secondsIn24h: 60
15:19:07.466 [FXGL Background Thread 3 ] DEBUG Engine               - soundMenuBack: menu/back.wav
15:19:07.466 [FXGL Background Thread 3 ] DEBUG Engine               - soundMenuPress: menu/press.wav
15:19:07.466 [FXGL Background Thread 3 ] DEBUG Engine               - soundMenuSelect: menu/select.wav
15:19:07.466 [FXGL Background Thread 3 ] DEBUG Engine               - soundNotification: core/notification.wav
15:19:07.466 [FXGL Background Thread 3 ] DEBUG Engine               - stageStyle: DECORATED
15:19:07.466 [FXGL Background Thread 3 ] DEBUG Engine               - supportedLanguages: [ENGLISH, FRENCH, GERMAN, HUNGARIAN, RUSSIAN]
15:19:07.466 [FXGL Background Thread 3 ] DEBUG Engine               - ticksPerSecond: -1
15:19:07.466 [FXGL Background Thread 3 ] DEBUG Engine               - title: Untitled
15:19:07.466 [FXGL Background Thread 3 ] DEBUG Engine               - urlGithub: https://github.com/AlmasB/FXGL
15:19:07.466 [FXGL Background Thread 3 ] DEBUG Engine               - urlLeaderboard: http://fxgl-top.herokuapp.com/
15:19:07.466 [FXGL Background Thread 3 ] DEBUG Engine               - urlPOM: https://raw.githubusercontent.com/AlmasB/FXGL/release/README.md
15:19:07.467 [FXGL Background Thread 3 ] DEBUG Engine               - userAppClass: class edu.vanier.animals_revenge.MainApp
15:19:07.467 [FXGL Background Thread 3 ] DEBUG Engine               - version: 0.0
15:19:07.467 [FXGL Background Thread 3 ] DEBUG Engine               - versionCheckDays: 7
15:19:07.467 [FXGL Background Thread 3 ] DEBUG Engine               - width: 1480
15:19:07.467 [FXGL Background Thread 3 ] DEBUG Engine               - Logging services
15:19:07.467 [FXGL Background Thread 3 ] DEBUG Engine               - class com.almasb.fxgl.app.services.FXGLAssetLoaderService
15:19:07.467 [FXGL Background Thread 3 ] DEBUG Engine               - class com.almasb.fxgl.app.FXGLApplication$GameApplicationService
15:19:07.467 [FXGL Background Thread 3 ] DEBUG Engine               - class com.almasb.fxgl.app.services.FXGLDialogService
15:19:07.467 [FXGL Background Thread 3 ] DEBUG Engine               - class com.almasb.fxgl.app.services.IOTaskExecutorService
15:19:07.467 [FXGL Background Thread 3 ] DEBUG Engine               - class com.almasb.fxgl.io.FileSystemService
15:19:07.467 [FXGL Background Thread 3 ] DEBUG Engine               - class com.almasb.fxgl.localization.LocalizationService
15:19:07.467 [FXGL Background Thread 3 ] DEBUG Engine               - class com.almasb.fxgl.app.services.SystemBundleService
15:19:07.467 [FXGL Background Thread 3 ] DEBUG Engine               - class com.almasb.fxgl.profile.SaveLoadService
15:19:07.467 [FXGL Background Thread 3 ] DEBUG Engine               - class com.almasb.fxgl.ui.FXGLUIFactoryServiceProvider
15:19:07.467 [FXGL Background Thread 3 ] DEBUG Engine               - class com.almasb.fxgl.ui.FXGLDialogFactoryServiceProvider
15:19:07.467 [FXGL Background Thread 3 ] DEBUG Engine               - class com.almasb.fxgl.audio.AudioPlayer
15:19:07.467 [FXGL Background Thread 3 ] DEBUG Engine               - class com.almasb.fxgl.notification.impl.NotificationServiceProvider
15:19:07.467 [FXGL Background Thread 3 ] DEBUG Engine               - class com.almasb.fxgl.achievement.AchievementService
15:19:07.467 [FXGL Background Thread 3 ] DEBUG Engine               - class com.almasb.fxgl.cutscene.CutsceneService
15:19:07.467 [FXGL Background Thread 3 ] DEBUG Engine               - class com.almasb.fxgl.minigames.MiniGameService
15:19:07.467 [FXGL Background Thread 3 ] DEBUG Engine               - class com.almasb.fxgl.net.NetService
15:19:07.467 [FXGL Background Thread 3 ] DEBUG Engine               - class com.almasb.fxgl.app.services.UpdaterService
15:19:07.467 [FXGL Background Thread 3 ] DEBUG Engine               - class com.almasb.fxgl.dev.DevService
15:19:31.677 [JavaFX Application Thread] DEBUG FXGLApplication      - Exiting FXGL
15:19:31.678 [JavaFX Application Thread] DEBUG LoopRunner           - Stopping loop
15:19:31.678 [JavaFX Application Thread] DEBUG SystemBundleService  - Saving FXGL system data
15:19:31.680 [JavaFX Application Thread] DEBUG FileSystemAccess     - Writing to: C:\Users\macke\OneDrive\Documents\School\Semester 3\Programming in a Graphical User Interface\Homework\animals-revenge\system\fxgl.bundle
15:19:31.683 [JavaFX Application Thread] DEBUG Async                - Shutting down background threads
15:19:31.683 [JavaFX Application Thread] DEBUG PrimaryStageWindow   - Closing main window
15:19:31.707 [JavaFX Application Thread] DEBUG Logger               - Closing Logger
