09:04:26.168 [main                     ] DEBUG Logger               - Configured Logger
09:04:26.181 [main                     ] DEBUG GameApplication      - Logging settings
Title: Untitled
Version: 0.0
Width: 1480
Height: 820
Fullscreen: false
Intro: false
Profiling: false
Single step:false
App Mode: DEVELOPER
Menu Key: ESCAPE
Stage Style: DECORATED
Scene Factory: class com.almasb.fxgl.app.scene.SceneFactory

09:04:26.441 [JavaFX Application Thread] DEBUG FXGLApplication      - Initializing FXGL
09:04:26.446 [JavaFX Application Thread] INFO  Engine               - FXGL-17.2 (20.08.2022 16.50) on WINDOWS (J:18.0.1.1 FX:20.0.2)
09:04:26.446 [JavaFX Application Thread] DEBUG Engine               - JRE Vendor Name: Oracle Corporation
09:04:26.446 [JavaFX Application Thread] DEBUG Engine               - Running on OS: Windows 10 version 10.0
09:04:26.446 [JavaFX Application Thread] DEBUG Engine               - Architecture: amd64
09:04:26.447 [JavaFX Application Thread] INFO  Engine               - Source code and latest versions at: https://github.com/AlmasB/FXGL
09:04:26.447 [JavaFX Application Thread] INFO  Engine               -       Ask questions and discuss at: https://github.com/AlmasB/FXGL/discussions
09:04:26.447 [JavaFX Application Thread] INFO  Engine               -              Join the FXGL chat at: https://gitter.im/AlmasB/FXGL
09:04:26.525 [JavaFX Application Thread] DEBUG PrimaryStageWindow   - Creating a JavaFX scene
09:04:26.565 [JavaFX Application Thread] DEBUG PrimaryStageWindow   - Target settings size: 1480.0 x 820.0
09:04:26.565 [JavaFX Application Thread] DEBUG PrimaryStageWindow   - Scaled scene size:    1480.0 x 820.0
09:04:26.565 [JavaFX Application Thread] DEBUG PrimaryStageWindow   - Scaled ratio: (1.0, 1.0)
09:04:26.567 [JavaFX Application Thread] DEBUG PrimaryStageWindow   - Set initial scene to FXGLStartupScene
09:04:26.570 [JavaFX Application Thread] DEBUG PrimaryStageWindow   - Opening main window
09:04:26.633 [JavaFX Application Thread] DEBUG PrimaryStageWindow   - Window border size: (16.0, 39.0)
09:04:26.633 [JavaFX Application Thread] DEBUG PrimaryStageWindow   - Scaled size: 1480.0 x 820.0
09:04:26.633 [JavaFX Application Thread] DEBUG PrimaryStageWindow   - Scaled ratio: (1.0, 1.0)
09:04:26.633 [JavaFX Application Thread] DEBUG PrimaryStageWindow   - Scene size: 1480.0 x 820.0
09:04:26.633 [JavaFX Application Thread] DEBUG PrimaryStageWindow   - Stage size: 1496.0 x 859.0
09:04:26.638 [FXGL Background Thread 1 ] DEBUG Engine               - Initializing environment variables
09:04:26.671 [FXGL Background Thread 1 ] DEBUG FXGLAssetLoaderServi - User app class for loading assets: class edu.vanier.animals_revenge.MainApp
09:04:26.671 [FXGL Background Thread 1 ] DEBUG GameApplicationServi - Applying CSS: fxgl_dark.css
09:04:26.674 [FXGL Background Thread 1 ] DEBUG FXGLAssetLoaderServi - Loading from file system: jar:file:/C:/Users/2268182/.gradle/caches/modules-2/files-2.1/com.github.almasb/fxgl/17.2/35db6ae960eec2dcfd19262d3b7f9c42f0e95bc3/fxgl-17.2.jar!/fxglassets/ui/css/fxgl_dark.css
09:04:26.705 [FXGL Background Thread 1 ] DEBUG GameApplicationServi - Initializing application scenes
09:04:26.735 [FXGL Background Thread 1 ] DEBUG GameWorld            - Game world initialized
09:04:26.798 [FXGL Background Thread 1 ] DEBUG PhysicsWorld         - Physics world initialized: appHeight=820, physics.ppm=50.0
09:04:26.798 [FXGL Background Thread 1 ] DEBUG PhysicsWorld         - Using strategy: BRUTE_FORCE
09:04:26.802 [FXGL Background Thread 1 ] DEBUG GameScene            - Game scene initialized: 1480x820
09:04:26.802 [FXGL Background Thread 1 ] DEBUG GameApplicationServi - Application scenes initialized
09:04:26.819 [FXGL Background Thread 1 ] DEBUG SystemBundleService  - Loading FXGL system data
09:04:26.827 [FXGL Background Thread 1 ] DEBUG FileSystemAccess     - Reading from: C:\Users\2268182\Documents\GitHub\animals-revenge\system\fxgl.bundle
09:04:26.837 [FXGL Background Thread 1 ] DEBUG SystemBundleService  - Bundle FXGL: {}
09:04:26.838 [FXGL Background Thread 1 ] DEBUG UpdaterService       - Checking for updates
09:04:26.846 [FXGL Background Thread 4 ] DEBUG FXGLApplication      - Loading fonts
09:04:26.847 [FXGL Background Thread 1 ] DEBUG FXGLApplication      - Loading default localization
09:04:26.847 [FXGL Background Thread 4 ] DEBUG FXGLAssetLoaderServi - Loading from file system: jar:file:/C:/Users/2268182/.gradle/caches/modules-2/files-2.1/com.github.almasb/fxgl/17.2/35db6ae960eec2dcfd19262d3b7f9c42f0e95bc3/fxgl-17.2.jar!/fxglassets/ui/fonts/VarelaRound-Regular.ttf
09:04:26.849 [FXGL Background Thread 1 ] DEBUG FXGLAssetLoaderServi - Loading from file system: jar:file:/C:/Users/2268182/.gradle/caches/modules-2/files-2.1/com.github.almasb/fxgl/17.2/35db6ae960eec2dcfd19262d3b7f9c42f0e95bc3/fxgl-17.2.jar!/fxglassets/languages/english.lang
09:04:26.875 [FXGL Background Thread 1 ] INFO  FXGLApplication      - FXGL initialization took: 0.237 sec
09:04:26.880 [JavaFX Application Thread] DEBUG Input                - Registered new binding: Launch - RMB
09:04:26.880 [JavaFX Application Thread] DEBUG Input                - Registered new binding: Create - LMB
09:04:26.881 [JavaFX Application Thread] DEBUG Input                - Registered new binding: Drag - CTRL+LMB
09:04:26.881 [JavaFX Application Thread] DEBUG FXGLAssetLoaderServi - Loading from file system: jar:file:/C:/Users/2268182/.gradle/caches/modules-2/files-2.1/com.github.almasb/fxgl/17.2/35db6ae960eec2dcfd19262d3b7f9c42f0e95bc3/fxgl-17.2.jar!/fxglassets/textures/fxgl_icon.png
09:04:26.913 [FXGL Background Thread 4 ] DEBUG FXGLAssetLoaderServi - Loading from file system: jar:file:/C:/Users/2268182/.gradle/caches/modules-2/files-2.1/com.github.almasb/fxgl/17.2/35db6ae960eec2dcfd19262d3b7f9c42f0e95bc3/fxgl-17.2.jar!/fxglassets/ui/fonts/Abel-Regular.ttf
09:04:26.917 [FXGL Background Thread 4 ] DEBUG FXGLAssetLoaderServi - Loading from file system: jar:file:/C:/Users/2268182/.gradle/caches/modules-2/files-2.1/com.github.almasb/fxgl/17.2/35db6ae960eec2dcfd19262d3b7f9c42f0e95bc3/fxgl-17.2.jar!/fxglassets/ui/fonts/TerminalLandMono-Regular.otf
09:04:26.921 [FXGL Background Thread 4 ] DEBUG FXGLAssetLoaderServi - Loading from file system: jar:file:/C:/Users/2268182/.gradle/caches/modules-2/files-2.1/com.github.almasb/fxgl/17.2/35db6ae960eec2dcfd19262d3b7f9c42f0e95bc3/fxgl-17.2.jar!/fxglassets/ui/fonts/Courier-Prime.ttf
09:04:26.930 [JavaFX Application Thread] DEBUG FXGLAssetLoaderServi - Loading from file system: jar:file:/C:/Users/2268182/.gradle/caches/modules-2/files-2.1/com.github.almasb/fxgl/17.2/35db6ae960eec2dcfd19262d3b7f9c42f0e95bc3/fxgl-17.2.jar!/fxglassets/textures/fxgl_default_cursor.png
09:04:26.941 [JavaFX Application Thread] DEBUG Input                - Registered new binding: Screenshot - CTRL+8
09:04:26.942 [JavaFX Application Thread] DEBUG Input                - Registered new binding: System info dump - CTRL+9
09:04:26.942 [JavaFX Application Thread] DEBUG Input                - Registered new binding: Restart - CTRL+R
09:04:26.943 [JavaFX Application Thread] DEBUG Input                - Registered new binding: Toggle Debug Camera - CTRL+7
09:04:26.945 [JavaFX Application Thread] DEBUG LoopRunner           - Starting loop
09:04:26.945 [JavaFX Application Thread] DEBUG LoopRunner           - Initializing JavaFX AnimationTimerLoop
09:04:26.946 [JavaFX Application Thread] DEBUG GameApplicationServi - Starting new game
09:04:26.947 [JavaFX Application Thread] DEBUG Input                - Clearing active input actions
09:04:26.958 [JavaFX Application Thread] DEBUG GameApplicationServi - Removing overlay from FXGLStartupScene and adding to FXGLLoadingScene
09:04:26.958 [JavaFX Application Thread] DEBUG PrimaryStageWindow   - FXGLStartupScene -> FXGLLoadingScene
09:04:26.959 [JavaFX Application Thread] DEBUG GameApplicationServi - Clearing previous game
09:04:26.959 [JavaFX Application Thread] DEBUG GameScene            - Clearing game scene
09:04:26.959 [JavaFX Application Thread] DEBUG GameWorld            - Clearing game world
09:04:26.959 [JavaFX Application Thread] DEBUG PhysicsWorld         - Clearing physics world
09:04:26.960 [JavaFX Application Thread] DEBUG FXGLApplication      - Registering font factories with UI factory
09:04:26.960 [FXGL Background Thread 4 ] DEBUG FXGLApplication      - Initializing game
09:04:27.007 [FXGL Background Thread 4 ] DEBUG FXGLAssetLoaderServi - Loading from file system: file:/C:/Users/2268182/Documents/GitHub/animals-revenge/build/resources/main/assets/ui/Home.fxml
09:04:27.245 [FXGL Background Thread 2 ] INFO  UpdaterService       - Your current version:  17.2
09:04:27.246 [FXGL Background Thread 2 ] INFO  UpdaterService       - Latest stable version: 17.3
09:04:27.357 [FXGL Background Thread 4 ] INFO  FXGLApplication      - Game initialization took: 0.397 sec
09:04:27.358 [JavaFX Application Thread] DEBUG Input                - Clearing active input actions
09:04:27.368 [JavaFX Application Thread] DEBUG GameApplicationServi - Removing overlay from FXGLLoadingScene and adding to GameScene
09:04:27.369 [JavaFX Application Thread] DEBUG PrimaryStageWindow   - FXGLLoadingScene -> GameScene
09:04:29.059 [JavaFX Application Thread] DEBUG FXGLAssetLoaderServi - Loading from file system: file:/C:/Users/2268182/Documents/GitHub/animals-revenge/build/resources/main/assets/ui/Simulator.fxml
09:04:29.119 [JavaFX Application Thread] DEBUG FXGLAssetLoaderServi - Loading from file system: file:/C:/Users/2268182/Documents/GitHub/animals-revenge/build/resources/main/assets/textures/cannon.png
09:04:29.843 [FXGL Background Thread 3 ] DEBUG Engine               - Logging environment variables
09:04:29.843 [FXGL Background Thread 3 ] DEBUG Engine               - achievements: []
09:04:29.843 [FXGL Background Thread 3 ] DEBUG Engine               - actualHeight: 820.0
09:04:29.843 [FXGL Background Thread 3 ] DEBUG Engine               - actualHeightProperty: ReadOnlyDoubleProperty [value: 820.0]
09:04:29.843 [FXGL Background Thread 3 ] DEBUG Engine               - actualWidth: 1480.0
09:04:29.843 [FXGL Background Thread 3 ] DEBUG Engine               - actualWidthProperty: ReadOnlyDoubleProperty [value: 1480.0]
09:04:29.843 [FXGL Background Thread 3 ] DEBUG Engine               - appIcon: fxgl_icon.png
09:04:29.843 [FXGL Background Thread 3 ] DEBUG Engine               - applicationMode: DEVELOPER
09:04:29.843 [FXGL Background Thread 3 ] DEBUG Engine               - cSSList: [fxgl_dark.css]
09:04:29.843 [FXGL Background Thread 3 ] DEBUG Engine               - collisionDetectionStrategy: BRUTE_FORCE
09:04:29.844 [FXGL Background Thread 3 ] DEBUG Engine               - configClass: Optional.empty
09:04:29.844 [FXGL Background Thread 3 ] DEBUG Engine               - credits: []
09:04:29.844 [FXGL Background Thread 3 ] DEBUG Engine               - defaultCursor: CursorInfo(imageName=fxgl_default_cursor.png, hotspotX=7.0, hotspotY=6.0)
09:04:29.845 [FXGL Background Thread 3 ] DEBUG Engine               - devBBoxColorProperty: ObjectProperty [value: 0xff0000ff]
09:04:29.845 [FXGL Background Thread 3 ] DEBUG Engine               - devEnableDebugCameraProperty: BooleanProperty [value: false]
09:04:29.845 [FXGL Background Thread 3 ] DEBUG Engine               - devSensorColorProperty: ObjectProperty [value: 0xffff00ff]
09:04:29.845 [FXGL Background Thread 3 ] DEBUG Engine               - devShowBBoxProperty: BooleanProperty [value: false]
09:04:29.845 [FXGL Background Thread 3 ] DEBUG Engine               - devShowPositionProperty: BooleanProperty [value: false]
09:04:29.845 [FXGL Background Thread 3 ] DEBUG Engine               - enabledMenuItems: []
09:04:29.845 [FXGL Background Thread 3 ] DEBUG Engine               - engineServices: [class com.almasb.fxgl.app.services.FXGLAssetLoaderService, class com.almasb.fxgl.app.FXGLApplication$GameApplicationService, class com.almasb.fxgl.app.services.FXGLDialogService, class com.almasb.fxgl.app.services.IOTaskExecutorService, class com.almasb.fxgl.io.FileSystemService, class com.almasb.fxgl.localization.LocalizationService, class com.almasb.fxgl.app.services.SystemBundleService, class com.almasb.fxgl.profile.SaveLoadService, class com.almasb.fxgl.ui.FXGLUIFactoryServiceProvider, class com.almasb.fxgl.ui.FXGLDialogFactoryServiceProvider, class com.almasb.fxgl.audio.AudioPlayer, class com.almasb.fxgl.notification.impl.NotificationServiceProvider, class com.almasb.fxgl.achievement.AchievementService, class com.almasb.fxgl.cutscene.CutsceneService, class com.almasb.fxgl.minigames.MiniGameService, class com.almasb.fxgl.net.NetService, class com.almasb.fxgl.app.services.UpdaterService, class com.almasb.fxgl.dev.DevService]
09:04:29.845 [FXGL Background Thread 3 ] DEBUG Engine               - fontGame: Abel-Regular.ttf
09:04:29.845 [FXGL Background Thread 3 ] DEBUG Engine               - fontMono: TerminalLandMono-Regular.otf
09:04:29.845 [FXGL Background Thread 3 ] DEBUG Engine               - fontText: Courier-Prime.ttf
09:04:29.845 [FXGL Background Thread 3 ] DEBUG Engine               - fontUI: VarelaRound-Regular.ttf
09:04:29.845 [FXGL Background Thread 3 ] DEBUG Engine               - fullScreen: BooleanProperty [value: false]
09:04:29.845 [FXGL Background Thread 3 ] DEBUG Engine               - gameDifficulty: MEDIUM
09:04:29.845 [FXGL Background Thread 3 ] DEBUG Engine               - gameDifficultyProperty: ObjectProperty [value: MEDIUM]
09:04:29.846 [FXGL Background Thread 3 ] DEBUG Engine               - globalMusicVolume: 0.5
09:04:29.846 [FXGL Background Thread 3 ] DEBUG Engine               - globalMusicVolumeProperty: DoubleProperty [value: 0.5]
09:04:29.846 [FXGL Background Thread 3 ] DEBUG Engine               - globalSoundVolume: 0.5
09:04:29.846 [FXGL Background Thread 3 ] DEBUG Engine               - globalSoundVolumeProperty: DoubleProperty [value: 0.5]
09:04:29.846 [FXGL Background Thread 3 ] DEBUG Engine               - height: 820
09:04:29.846 [FXGL Background Thread 3 ] DEBUG Engine               - is3D: false
09:04:29.846 [FXGL Background Thread 3 ] DEBUG Engine               - isAndroid: false
09:04:29.846 [FXGL Background Thread 3 ] DEBUG Engine               - isBrowser: false
09:04:29.846 [FXGL Background Thread 3 ] DEBUG Engine               - isClickFeedbackEnabled: false
09:04:29.846 [FXGL Background Thread 3 ] DEBUG Engine               - isCloseConfirmation: false
09:04:29.846 [FXGL Background Thread 3 ] DEBUG Engine               - isDesktop: true
09:04:29.846 [FXGL Background Thread 3 ] DEBUG Engine               - isDeveloperMenuEnabled: false
09:04:29.846 [FXGL Background Thread 3 ] DEBUG Engine               - isEmbedded: false
09:04:29.846 [FXGL Background Thread 3 ] DEBUG Engine               - isEntityPreloadEnabled: true
09:04:29.846 [FXGL Background Thread 3 ] DEBUG Engine               - isExperimentalTiledLargeMap: false
09:04:29.846 [FXGL Background Thread 3 ] DEBUG Engine               - isFileSystemWriteAllowed: true
09:04:29.846 [FXGL Background Thread 3 ] DEBUG Engine               - isFullScreenAllowed: false
09:04:29.846 [FXGL Background Thread 3 ] DEBUG Engine               - isFullScreenFromStart: false
09:04:29.847 [FXGL Background Thread 3 ] DEBUG Engine               - isGameMenuEnabled: false
09:04:29.847 [FXGL Background Thread 3 ] DEBUG Engine               - isIOS: false
09:04:29.847 [FXGL Background Thread 3 ] DEBUG Engine               - isIntroEnabled: false
09:04:29.847 [FXGL Background Thread 3 ] DEBUG Engine               - isLinux: false
09:04:29.847 [FXGL Background Thread 3 ] DEBUG Engine               - isMac: false
09:04:29.847 [FXGL Background Thread 3 ] DEBUG Engine               - isMainMenuEnabled: false
09:04:29.847 [FXGL Background Thread 3 ] DEBUG Engine               - isManualResizeEnabled: false
09:04:29.847 [FXGL Background Thread 3 ] DEBUG Engine               - isMobile: false
09:04:29.847 [FXGL Background Thread 3 ] DEBUG Engine               - isNative: false
09:04:29.847 [FXGL Background Thread 3 ] DEBUG Engine               - isPauseMusicWhenMinimized: true
09:04:29.847 [FXGL Background Thread 3 ] DEBUG Engine               - isPreserveResizeRatio: false
09:04:29.847 [FXGL Background Thread 3 ] DEBUG Engine               - isProfilingEnabled: false
09:04:29.847 [FXGL Background Thread 3 ] DEBUG Engine               - isScaleAffectedOnResize: true
09:04:29.847 [FXGL Background Thread 3 ] DEBUG Engine               - isSingleStep: false
09:04:29.847 [FXGL Background Thread 3 ] DEBUG Engine               - isUserProfileEnabled: false
09:04:29.847 [FXGL Background Thread 3 ] DEBUG Engine               - isWindows: true
09:04:29.847 [FXGL Background Thread 3 ] DEBUG Engine               - language: ObjectProperty [value: ENGLISH]
09:04:29.847 [FXGL Background Thread 3 ] DEBUG Engine               - menuKey: ESCAPE
09:04:29.847 [FXGL Background Thread 3 ] DEBUG Engine               - mouseSensitivity: 0.2
09:04:29.847 [FXGL Background Thread 3 ] DEBUG Engine               - notificationViewClass: class com.almasb.fxgl.notification.view.XboxNotificationView
09:04:29.848 [FXGL Background Thread 3 ] DEBUG Engine               - pixelsPerMeter: 50.0
09:04:29.848 [FXGL Background Thread 3 ] DEBUG Engine               - platform: WINDOWS
09:04:29.848 [FXGL Background Thread 3 ] DEBUG Engine               - prefHeightProperty: ReadOnlyDoubleProperty [value: 820.0]
09:04:29.848 [FXGL Background Thread 3 ] DEBUG Engine               - prefWidthProperty: ReadOnlyDoubleProperty [value: 1480.0]
09:04:29.848 [FXGL Background Thread 3 ] DEBUG Engine               - profileDir: profiles/
09:04:29.848 [FXGL Background Thread 3 ] DEBUG Engine               - profileName: StringProperty [value: DEFAULT]
09:04:29.848 [FXGL Background Thread 3 ] DEBUG Engine               - randomSeed: -1
09:04:29.848 [FXGL Background Thread 3 ] DEBUG Engine               - runtimeInfo: RuntimeInfo(platform=WINDOWS, version=17.2, build=20.08.2022 16.50)
09:04:29.848 [FXGL Background Thread 3 ] DEBUG Engine               - saveFileExt: sav
09:04:29.848 [FXGL Background Thread 3 ] DEBUG Engine               - scaledHeightProp$fxgl: DoubleProperty [bound, value: 820.0]
09:04:29.848 [FXGL Background Thread 3 ] DEBUG Engine               - scaledWidthProp$fxgl: DoubleProperty [bound, value: 1480.0]
09:04:29.848 [FXGL Background Thread 3 ] DEBUG Engine               - sceneFactory: com.almasb.fxgl.app.scene.SceneFactory@301bd4e3
09:04:29.848 [FXGL Background Thread 3 ] DEBUG Engine               - secondsIn24h: 60
09:04:29.848 [FXGL Background Thread 3 ] DEBUG Engine               - soundMenuBack: menu/back.wav
09:04:29.848 [FXGL Background Thread 3 ] DEBUG Engine               - soundMenuPress: menu/press.wav
09:04:29.849 [FXGL Background Thread 3 ] DEBUG Engine               - soundMenuSelect: menu/select.wav
09:04:29.849 [FXGL Background Thread 3 ] DEBUG Engine               - soundNotification: core/notification.wav
09:04:29.849 [FXGL Background Thread 3 ] DEBUG Engine               - stageStyle: DECORATED
09:04:29.849 [FXGL Background Thread 3 ] DEBUG Engine               - supportedLanguages: [ENGLISH, FRENCH, GERMAN, HUNGARIAN, RUSSIAN]
09:04:29.849 [FXGL Background Thread 3 ] DEBUG Engine               - ticksPerSecond: -1
09:04:29.849 [FXGL Background Thread 3 ] DEBUG Engine               - title: Untitled
09:04:29.849 [FXGL Background Thread 3 ] DEBUG Engine               - urlGithub: https://github.com/AlmasB/FXGL
09:04:29.849 [FXGL Background Thread 3 ] DEBUG Engine               - urlLeaderboard: http://fxgl-top.herokuapp.com/
09:04:29.849 [FXGL Background Thread 3 ] DEBUG Engine               - urlPOM: https://raw.githubusercontent.com/AlmasB/FXGL/release/README.md
09:04:29.849 [FXGL Background Thread 3 ] DEBUG Engine               - userAppClass: class edu.vanier.animals_revenge.MainApp
09:04:29.849 [FXGL Background Thread 3 ] DEBUG Engine               - version: 0.0
09:04:29.849 [FXGL Background Thread 3 ] DEBUG Engine               - versionCheckDays: 7
09:04:29.849 [FXGL Background Thread 3 ] DEBUG Engine               - width: 1480
09:04:29.849 [FXGL Background Thread 3 ] DEBUG Engine               - Logging services
09:04:29.849 [FXGL Background Thread 3 ] DEBUG Engine               - class com.almasb.fxgl.app.services.FXGLAssetLoaderService
09:04:29.849 [FXGL Background Thread 3 ] DEBUG Engine               - class com.almasb.fxgl.app.FXGLApplication$GameApplicationService
09:04:29.849 [FXGL Background Thread 3 ] DEBUG Engine               - class com.almasb.fxgl.app.services.FXGLDialogService
09:04:29.849 [FXGL Background Thread 3 ] DEBUG Engine               - class com.almasb.fxgl.app.services.IOTaskExecutorService
09:04:29.849 [FXGL Background Thread 3 ] DEBUG Engine               - class com.almasb.fxgl.io.FileSystemService
09:04:29.849 [FXGL Background Thread 3 ] DEBUG Engine               - class com.almasb.fxgl.localization.LocalizationService
09:04:29.849 [FXGL Background Thread 3 ] DEBUG Engine               - class com.almasb.fxgl.app.services.SystemBundleService
09:04:29.849 [FXGL Background Thread 3 ] DEBUG Engine               - class com.almasb.fxgl.profile.SaveLoadService
09:04:29.850 [FXGL Background Thread 3 ] DEBUG Engine               - class com.almasb.fxgl.ui.FXGLUIFactoryServiceProvider
09:04:29.850 [FXGL Background Thread 3 ] DEBUG Engine               - class com.almasb.fxgl.ui.FXGLDialogFactoryServiceProvider
09:04:29.850 [FXGL Background Thread 3 ] DEBUG Engine               - class com.almasb.fxgl.audio.AudioPlayer
09:04:29.850 [FXGL Background Thread 3 ] DEBUG Engine               - class com.almasb.fxgl.notification.impl.NotificationServiceProvider
09:04:29.850 [FXGL Background Thread 3 ] DEBUG Engine               - class com.almasb.fxgl.achievement.AchievementService
09:04:29.850 [FXGL Background Thread 3 ] DEBUG Engine               - class com.almasb.fxgl.cutscene.CutsceneService
09:04:29.850 [FXGL Background Thread 3 ] DEBUG Engine               - class com.almasb.fxgl.minigames.MiniGameService
09:04:29.850 [FXGL Background Thread 3 ] DEBUG Engine               - class com.almasb.fxgl.net.NetService
09:04:29.850 [FXGL Background Thread 3 ] DEBUG Engine               - class com.almasb.fxgl.app.services.UpdaterService
09:04:29.850 [FXGL Background Thread 3 ] DEBUG Engine               - class com.almasb.fxgl.dev.DevService
09:04:30.674 [JavaFX Application Thread] DEBUG FXGLAssetLoaderServi - Loading from file system: file:/C:/Users/2268182/Documents/GitHub/animals-revenge/build/resources/main/assets/ui/Home.fxml
09:04:32.162 [JavaFX Application Thread] DEBUG FXGLAssetLoaderServi - Loading from file system: file:/C:/Users/2268182/Documents/GitHub/animals-revenge/build/resources/main/assets/ui/CustomProjectile.fxml
09:04:38.901 [JavaFX Application Thread] DEBUG FXGLAssetLoaderServi - Loading from file system: file:/C:/Users/2268182/Documents/GitHub/animals-revenge/build/resources/main/assets/ui/Home.fxml
09:04:39.623 [JavaFX Application Thread] DEBUG FXGLAssetLoaderServi - Loading from file system: file:/C:/Users/2268182/Documents/GitHub/animals-revenge/build/resources/main/assets/ui/Simulator.fxml
09:04:46.946 [JavaFX Application Thread] DEBUG FXGLApplication      - Exiting FXGL
09:04:46.946 [JavaFX Application Thread] DEBUG LoopRunner           - Stopping loop
09:04:46.946 [JavaFX Application Thread] DEBUG SystemBundleService  - Saving FXGL system data
09:04:46.947 [JavaFX Application Thread] DEBUG FileSystemAccess     - Writing to: C:\Users\2268182\Documents\GitHub\animals-revenge\system\fxgl.bundle
09:04:46.947 [JavaFX Application Thread] DEBUG Async                - Shutting down background threads
09:04:46.947 [JavaFX Application Thread] DEBUG PrimaryStageWindow   - Closing main window
09:04:46.977 [JavaFX Application Thread] DEBUG Logger               - Closing Logger
