20:49:48.105 [main                     ] DEBUG Logger               - Configured Logger
20:49:48.125 [main                     ] DEBUG GameApplication      - Logging settings
Title: Untitled
Version: 0.0
Width: 1480
Height: 820
Fullscreen: false
Intro: false
Profiling: false
Single step:false
App Mode: DEVELOPER
Menu Key: ESCAPE
Stage Style: DECORATED
Scene Factory: class com.almasb.fxgl.app.scene.SceneFactory

20:49:48.539 [JavaFX Application Thread] DEBUG FXGLApplication      - Initializing FXGL
20:49:48.546 [JavaFX Application Thread] INFO  Engine               - FXGL-17.2 (20.08.2022 16.50) on WINDOWS (J:18.0.2.1 FX:20.0.2)
20:49:48.546 [JavaFX Application Thread] DEBUG Engine               - JRE Vendor Name: Oracle Corporation
20:49:48.547 [JavaFX Application Thread] DEBUG Engine               - Running on OS: Windows 11 version 10.0
20:49:48.547 [JavaFX Application Thread] DEBUG Engine               - Architecture: amd64
20:49:48.547 [JavaFX Application Thread] INFO  Engine               - Source code and latest versions at: https://github.com/AlmasB/FXGL
20:49:48.547 [JavaFX Application Thread] INFO  Engine               -       Ask questions and discuss at: https://github.com/AlmasB/FXGL/discussions
20:49:48.547 [JavaFX Application Thread] INFO  Engine               -              Join the FXGL chat at: https://gitter.im/AlmasB/FXGL
20:49:48.656 [JavaFX Application Thread] DEBUG PrimaryStageWindow   - Creating a JavaFX scene
20:49:48.656 [JavaFX Application Thread] DEBUG PrimaryStageWindow   - Target size > screen size
20:49:48.728 [JavaFX Application Thread] DEBUG PrimaryStageWindow   - Target settings size: 1480.0 x 820.0
20:49:48.729 [JavaFX Application Thread] DEBUG PrimaryStageWindow   - Scaled scene size:    1447.0 x 815.0
20:49:48.729 [JavaFX Application Thread] DEBUG PrimaryStageWindow   - Scaled ratio: (0.9777027027027027, 0.9939024390243902)
20:49:48.730 [JavaFX Application Thread] DEBUG PrimaryStageWindow   - Set initial scene to FXGLStartupScene
20:49:48.734 [JavaFX Application Thread] DEBUG PrimaryStageWindow   - Opening main window
20:49:48.837 [JavaFX Application Thread] DEBUG PrimaryStageWindow   - Window border size: (14.5999755859375, 37.79998779296875)
20:49:48.837 [JavaFX Application Thread] DEBUG PrimaryStageWindow   - Scaled size: 1447.0 x 815.0
20:49:48.837 [JavaFX Application Thread] DEBUG PrimaryStageWindow   - Scaled ratio: (0.9777027027027027, 0.9939024390243902)
20:49:48.838 [JavaFX Application Thread] DEBUG PrimaryStageWindow   - Scene size: 1447.0 x 815.0
20:49:48.838 [JavaFX Application Thread] DEBUG PrimaryStageWindow   - Stage size: 1461.5999755859375 x 852.7999877929688
20:49:48.848 [FXGL Background Thread 1 ] DEBUG Engine               - Initializing environment variables
20:49:48.905 [FXGL Background Thread 1 ] DEBUG FXGLAssetLoaderServi - User app class for loading assets: class edu.vanier.animals_revenge.MainApp
20:49:48.905 [FXGL Background Thread 1 ] DEBUG GameApplicationServi - Applying CSS: fxgl_dark.css
20:49:48.907 [FXGL Background Thread 1 ] DEBUG FXGLAssetLoaderServi - Loading from file system: jar:file:/C:/Users/zacha/.gradle/caches/modules-2/files-2.1/com.github.almasb/fxgl/17.2/35db6ae960eec2dcfd19262d3b7f9c42f0e95bc3/fxgl-17.2.jar!/fxglassets/ui/css/fxgl_dark.css
20:49:48.965 [FXGL Background Thread 1 ] DEBUG GameApplicationServi - Initializing application scenes
20:49:49.031 [FXGL Background Thread 1 ] DEBUG GameWorld            - Game world initialized
20:49:49.110 [FXGL Background Thread 1 ] DEBUG PhysicsWorld         - Physics world initialized: appHeight=820, physics.ppm=50.0
20:49:49.111 [FXGL Background Thread 1 ] DEBUG PhysicsWorld         - Using strategy: BRUTE_FORCE
20:49:49.118 [FXGL Background Thread 1 ] DEBUG GameScene            - Game scene initialized: 1480x820
20:49:49.118 [FXGL Background Thread 1 ] DEBUG GameApplicationServi - Application scenes initialized
20:49:49.146 [FXGL Background Thread 1 ] DEBUG SystemBundleService  - Loading FXGL system data
20:49:49.150 [FXGL Background Thread 1 ] DEBUG FileSystemAccess     - Reading from: C:\Users\zacha\OneDrive\Documents\GitHub\animals-revenge\system\fxgl.bundle
20:49:49.163 [FXGL Background Thread 1 ] DEBUG SystemBundleService  - Bundle FXGL: {}
20:49:49.164 [FXGL Background Thread 1 ] DEBUG UpdaterService       - Checking for updates
20:49:49.173 [FXGL Background Thread 4 ] DEBUG FXGLApplication      - Loading fonts
20:49:49.174 [FXGL Background Thread 1 ] DEBUG FXGLApplication      - Loading default localization
20:49:49.174 [FXGL Background Thread 4 ] DEBUG FXGLAssetLoaderServi - Loading from file system: jar:file:/C:/Users/zacha/.gradle/caches/modules-2/files-2.1/com.github.almasb/fxgl/17.2/35db6ae960eec2dcfd19262d3b7f9c42f0e95bc3/fxgl-17.2.jar!/fxglassets/ui/fonts/VarelaRound-Regular.ttf
20:49:49.175 [FXGL Background Thread 1 ] DEBUG FXGLAssetLoaderServi - Loading from file system: jar:file:/C:/Users/zacha/.gradle/caches/modules-2/files-2.1/com.github.almasb/fxgl/17.2/35db6ae960eec2dcfd19262d3b7f9c42f0e95bc3/fxgl-17.2.jar!/fxglassets/languages/english.lang
20:49:49.246 [FXGL Background Thread 1 ] INFO  FXGLApplication      - FXGL initialization took: 0.398 sec
20:49:49.254 [FXGL Background Thread 4 ] DEBUG FXGLAssetLoaderServi - Loading from file system: jar:file:/C:/Users/zacha/.gradle/caches/modules-2/files-2.1/com.github.almasb/fxgl/17.2/35db6ae960eec2dcfd19262d3b7f9c42f0e95bc3/fxgl-17.2.jar!/fxglassets/ui/fonts/Abel-Regular.ttf
20:49:49.258 [JavaFX Application Thread] DEBUG Input                - Registered new binding: Launch - RMB
20:49:49.259 [JavaFX Application Thread] DEBUG Input                - Registered new binding: Create - LMB
20:49:49.259 [JavaFX Application Thread] DEBUG Input                - Registered new binding: Drag - CTRL+LMB
20:49:49.261 [JavaFX Application Thread] DEBUG FXGLAssetLoaderServi - Loading from file system: jar:file:/C:/Users/zacha/.gradle/caches/modules-2/files-2.1/com.github.almasb/fxgl/17.2/35db6ae960eec2dcfd19262d3b7f9c42f0e95bc3/fxgl-17.2.jar!/fxglassets/textures/fxgl_icon.png
20:49:49.262 [FXGL Background Thread 4 ] DEBUG FXGLAssetLoaderServi - Loading from file system: jar:file:/C:/Users/zacha/.gradle/caches/modules-2/files-2.1/com.github.almasb/fxgl/17.2/35db6ae960eec2dcfd19262d3b7f9c42f0e95bc3/fxgl-17.2.jar!/fxglassets/ui/fonts/TerminalLandMono-Regular.otf
20:49:49.269 [FXGL Background Thread 4 ] DEBUG FXGLAssetLoaderServi - Loading from file system: jar:file:/C:/Users/zacha/.gradle/caches/modules-2/files-2.1/com.github.almasb/fxgl/17.2/35db6ae960eec2dcfd19262d3b7f9c42f0e95bc3/fxgl-17.2.jar!/fxglassets/ui/fonts/Courier-Prime.ttf
20:49:49.325 [JavaFX Application Thread] DEBUG FXGLAssetLoaderServi - Loading from file system: jar:file:/C:/Users/zacha/.gradle/caches/modules-2/files-2.1/com.github.almasb/fxgl/17.2/35db6ae960eec2dcfd19262d3b7f9c42f0e95bc3/fxgl-17.2.jar!/fxglassets/textures/fxgl_default_cursor.png
20:49:49.340 [JavaFX Application Thread] DEBUG Input                - Registered new binding: Screenshot - CTRL+8
20:49:49.340 [JavaFX Application Thread] DEBUG Input                - Registered new binding: System info dump - CTRL+9
20:49:49.341 [JavaFX Application Thread] DEBUG Input                - Registered new binding: Restart - CTRL+R
20:49:49.343 [JavaFX Application Thread] DEBUG Input                - Registered new binding: Toggle Debug Camera - CTRL+7
20:49:49.349 [JavaFX Application Thread] DEBUG LoopRunner           - Starting loop
20:49:49.349 [JavaFX Application Thread] DEBUG LoopRunner           - Initializing JavaFX AnimationTimerLoop
20:49:49.371 [JavaFX Application Thread] DEBUG GameApplicationServi - Starting new game
20:49:49.372 [JavaFX Application Thread] DEBUG Input                - Clearing active input actions
20:49:49.393 [JavaFX Application Thread] DEBUG GameApplicationServi - Removing overlay from FXGLStartupScene and adding to FXGLLoadingScene
20:49:49.395 [JavaFX Application Thread] DEBUG PrimaryStageWindow   - FXGLStartupScene -> FXGLLoadingScene
20:49:49.395 [JavaFX Application Thread] DEBUG GameApplicationServi - Clearing previous game
20:49:49.395 [JavaFX Application Thread] DEBUG GameScene            - Clearing game scene
20:49:49.395 [JavaFX Application Thread] DEBUG GameWorld            - Clearing game world
20:49:49.395 [JavaFX Application Thread] DEBUG PhysicsWorld         - Clearing physics world
20:49:49.399 [FXGL Background Thread 4 ] DEBUG FXGLApplication      - Initializing game
20:49:49.399 [JavaFX Application Thread] DEBUG FXGLApplication      - Registering font factories with UI factory
20:49:49.452 [FXGL Background Thread 4 ] DEBUG FXGLAssetLoaderServi - Loading from file system: file:/C:/Users/zacha/OneDrive/Documents/GitHub/animals-revenge/build/resources/main/assets/ui/Home.fxml
20:49:49.939 [FXGL Background Thread 2 ] INFO  UpdaterService       - Your current version:  17.2
20:49:49.939 [FXGL Background Thread 2 ] INFO  UpdaterService       - Latest stable version: 17.3
20:49:49.950 [FXGL Background Thread 4 ] INFO  FXGLApplication      - Game initialization took: 0.552 sec
20:49:49.963 [JavaFX Application Thread] DEBUG Input                - Clearing active input actions
20:49:49.979 [JavaFX Application Thread] DEBUG GameApplicationServi - Removing overlay from FXGLLoadingScene and adding to GameScene
20:49:49.979 [JavaFX Application Thread] DEBUG PrimaryStageWindow   - FXGLLoadingScene -> GameScene
20:49:51.824 [JavaFX Application Thread] DEBUG FXGLAssetLoaderServi - Loading from file system: file:/C:/Users/zacha/OneDrive/Documents/GitHub/animals-revenge/build/resources/main/assets/ui/Simulator.fxml
20:49:51.973 [JavaFX Application Thread] DEBUG FXGLAssetLoaderServi - Loading from file system: file:/C:/Users/zacha/OneDrive/Documents/GitHub/animals-revenge/build/resources/main/assets/textures/cannon.png
20:49:51.977 [JavaFX Application Thread] DEBUG FXGLAssetLoaderServi - Loading from file system: file:/C:/Users/zacha/OneDrive/Documents/GitHub/animals-revenge/build/resources/main/assets/textures/brick32x32.png
20:49:52.171 [FXGL Background Thread 3 ] DEBUG Engine               - Logging environment variables
20:49:52.171 [FXGL Background Thread 3 ] DEBUG Engine               - achievements: []
20:49:52.171 [FXGL Background Thread 3 ] DEBUG Engine               - actualHeight: 815.0
20:49:52.171 [FXGL Background Thread 3 ] DEBUG Engine               - actualHeightProperty: ReadOnlyDoubleProperty [value: 815.0]
20:49:52.171 [FXGL Background Thread 3 ] DEBUG Engine               - actualWidth: 1447.0
20:49:52.171 [FXGL Background Thread 3 ] DEBUG Engine               - actualWidthProperty: ReadOnlyDoubleProperty [value: 1447.0]
20:49:52.173 [FXGL Background Thread 3 ] DEBUG Engine               - appIcon: fxgl_icon.png
20:49:52.173 [FXGL Background Thread 3 ] DEBUG Engine               - applicationMode: DEVELOPER
20:49:52.173 [FXGL Background Thread 3 ] DEBUG Engine               - cSSList: [fxgl_dark.css]
20:49:52.173 [FXGL Background Thread 3 ] DEBUG Engine               - collisionDetectionStrategy: BRUTE_FORCE
20:49:52.173 [FXGL Background Thread 3 ] DEBUG Engine               - configClass: Optional.empty
20:49:52.174 [FXGL Background Thread 3 ] DEBUG Engine               - credits: []
20:49:52.178 [FXGL Background Thread 3 ] DEBUG Engine               - defaultCursor: CursorInfo(imageName=fxgl_default_cursor.png, hotspotX=7.0, hotspotY=6.0)
20:49:52.178 [FXGL Background Thread 3 ] DEBUG Engine               - devBBoxColorProperty: ObjectProperty [value: 0xff0000ff]
20:49:52.178 [FXGL Background Thread 3 ] DEBUG Engine               - devEnableDebugCameraProperty: BooleanProperty [value: false]
20:49:52.178 [FXGL Background Thread 3 ] DEBUG Engine               - devSensorColorProperty: ObjectProperty [value: 0xffff00ff]
20:49:52.178 [FXGL Background Thread 3 ] DEBUG Engine               - devShowBBoxProperty: BooleanProperty [value: false]
20:49:52.178 [FXGL Background Thread 3 ] DEBUG Engine               - devShowPositionProperty: BooleanProperty [value: false]
20:49:52.178 [FXGL Background Thread 3 ] DEBUG Engine               - enabledMenuItems: []
20:49:52.178 [FXGL Background Thread 3 ] DEBUG Engine               - engineServices: [class com.almasb.fxgl.app.services.FXGLAssetLoaderService, class com.almasb.fxgl.app.FXGLApplication$GameApplicationService, class com.almasb.fxgl.app.services.FXGLDialogService, class com.almasb.fxgl.app.services.IOTaskExecutorService, class com.almasb.fxgl.io.FileSystemService, class com.almasb.fxgl.localization.LocalizationService, class com.almasb.fxgl.app.services.SystemBundleService, class com.almasb.fxgl.profile.SaveLoadService, class com.almasb.fxgl.ui.FXGLUIFactoryServiceProvider, class com.almasb.fxgl.ui.FXGLDialogFactoryServiceProvider, class com.almasb.fxgl.audio.AudioPlayer, class com.almasb.fxgl.notification.impl.NotificationServiceProvider, class com.almasb.fxgl.achievement.AchievementService, class com.almasb.fxgl.cutscene.CutsceneService, class com.almasb.fxgl.minigames.MiniGameService, class com.almasb.fxgl.net.NetService, class com.almasb.fxgl.app.services.UpdaterService, class com.almasb.fxgl.dev.DevService]
20:49:52.178 [FXGL Background Thread 3 ] DEBUG Engine               - fontGame: Abel-Regular.ttf
20:49:52.178 [FXGL Background Thread 3 ] DEBUG Engine               - fontMono: TerminalLandMono-Regular.otf
20:49:52.178 [FXGL Background Thread 3 ] DEBUG Engine               - fontText: Courier-Prime.ttf
20:49:52.179 [FXGL Background Thread 3 ] DEBUG Engine               - fontUI: VarelaRound-Regular.ttf
20:49:52.179 [FXGL Background Thread 3 ] DEBUG Engine               - fullScreen: BooleanProperty [value: false]
20:49:52.179 [FXGL Background Thread 3 ] DEBUG Engine               - gameDifficulty: MEDIUM
20:49:52.179 [FXGL Background Thread 3 ] DEBUG Engine               - gameDifficultyProperty: ObjectProperty [value: MEDIUM]
20:49:52.179 [FXGL Background Thread 3 ] DEBUG Engine               - globalMusicVolume: 0.5
20:49:52.179 [FXGL Background Thread 3 ] DEBUG Engine               - globalMusicVolumeProperty: DoubleProperty [value: 0.5]
20:49:52.179 [FXGL Background Thread 3 ] DEBUG Engine               - globalSoundVolume: 0.5
20:49:52.179 [FXGL Background Thread 3 ] DEBUG Engine               - globalSoundVolumeProperty: DoubleProperty [value: 0.5]
20:49:52.179 [FXGL Background Thread 3 ] DEBUG Engine               - height: 820
20:49:52.179 [FXGL Background Thread 3 ] DEBUG Engine               - is3D: false
20:49:52.179 [FXGL Background Thread 3 ] DEBUG Engine               - isAndroid: false
20:49:52.179 [FXGL Background Thread 3 ] DEBUG Engine               - isBrowser: false
20:49:52.179 [FXGL Background Thread 3 ] DEBUG Engine               - isClickFeedbackEnabled: false
20:49:52.180 [FXGL Background Thread 3 ] DEBUG Engine               - isCloseConfirmation: false
20:49:52.180 [FXGL Background Thread 3 ] DEBUG Engine               - isDesktop: true
20:49:52.180 [FXGL Background Thread 3 ] DEBUG Engine               - isDeveloperMenuEnabled: false
20:49:52.180 [FXGL Background Thread 3 ] DEBUG Engine               - isEmbedded: false
20:49:52.180 [FXGL Background Thread 3 ] DEBUG Engine               - isEntityPreloadEnabled: true
20:49:52.180 [FXGL Background Thread 3 ] DEBUG Engine               - isExperimentalTiledLargeMap: false
20:49:52.180 [FXGL Background Thread 3 ] DEBUG Engine               - isFileSystemWriteAllowed: true
20:49:52.180 [FXGL Background Thread 3 ] DEBUG Engine               - isFullScreenAllowed: false
20:49:52.180 [FXGL Background Thread 3 ] DEBUG Engine               - isFullScreenFromStart: false
20:49:52.181 [FXGL Background Thread 3 ] DEBUG Engine               - isGameMenuEnabled: false
20:49:52.181 [FXGL Background Thread 3 ] DEBUG Engine               - isIOS: false
20:49:52.181 [FXGL Background Thread 3 ] DEBUG Engine               - isIntroEnabled: false
20:49:52.181 [FXGL Background Thread 3 ] DEBUG Engine               - isLinux: false
20:49:52.181 [FXGL Background Thread 3 ] DEBUG Engine               - isMac: false
20:49:52.181 [FXGL Background Thread 3 ] DEBUG Engine               - isMainMenuEnabled: false
20:49:52.181 [FXGL Background Thread 3 ] DEBUG Engine               - isManualResizeEnabled: false
20:49:52.181 [FXGL Background Thread 3 ] DEBUG Engine               - isMobile: false
20:49:52.181 [FXGL Background Thread 3 ] DEBUG Engine               - isNative: false
20:49:52.181 [FXGL Background Thread 3 ] DEBUG Engine               - isPauseMusicWhenMinimized: true
20:49:52.181 [FXGL Background Thread 3 ] DEBUG Engine               - isPreserveResizeRatio: false
20:49:52.181 [FXGL Background Thread 3 ] DEBUG Engine               - isProfilingEnabled: false
20:49:52.181 [FXGL Background Thread 3 ] DEBUG Engine               - isScaleAffectedOnResize: true
20:49:52.181 [FXGL Background Thread 3 ] DEBUG Engine               - isSingleStep: false
20:49:52.181 [FXGL Background Thread 3 ] DEBUG Engine               - isUserProfileEnabled: false
20:49:52.181 [FXGL Background Thread 3 ] DEBUG Engine               - isWindows: true
20:49:52.181 [FXGL Background Thread 3 ] DEBUG Engine               - language: ObjectProperty [value: ENGLISH]
20:49:52.181 [FXGL Background Thread 3 ] DEBUG Engine               - menuKey: ESCAPE
20:49:52.181 [FXGL Background Thread 3 ] DEBUG Engine               - mouseSensitivity: 0.2
20:49:52.183 [FXGL Background Thread 3 ] DEBUG Engine               - notificationViewClass: class com.almasb.fxgl.notification.view.XboxNotificationView
20:49:52.183 [FXGL Background Thread 3 ] DEBUG Engine               - pixelsPerMeter: 50.0
20:49:52.183 [FXGL Background Thread 3 ] DEBUG Engine               - platform: WINDOWS
20:49:52.183 [FXGL Background Thread 3 ] DEBUG Engine               - prefHeightProperty: ReadOnlyDoubleProperty [value: 820.0]
20:49:52.183 [FXGL Background Thread 3 ] DEBUG Engine               - prefWidthProperty: ReadOnlyDoubleProperty [value: 1480.0]
20:49:52.183 [FXGL Background Thread 3 ] DEBUG Engine               - profileDir: profiles/
20:49:52.183 [FXGL Background Thread 3 ] DEBUG Engine               - profileName: StringProperty [value: DEFAULT]
20:49:52.183 [FXGL Background Thread 3 ] DEBUG Engine               - randomSeed: -1
20:49:52.184 [FXGL Background Thread 3 ] DEBUG Engine               - runtimeInfo: RuntimeInfo(platform=WINDOWS, version=17.2, build=20.08.2022 16.50)
20:49:52.184 [FXGL Background Thread 3 ] DEBUG Engine               - saveFileExt: sav
20:49:52.184 [FXGL Background Thread 3 ] DEBUG Engine               - scaledHeightProp$fxgl: DoubleProperty [bound, value: 815.0]
20:49:52.184 [FXGL Background Thread 3 ] DEBUG Engine               - scaledWidthProp$fxgl: DoubleProperty [bound, value: 1447.0]
20:49:52.184 [FXGL Background Thread 3 ] DEBUG Engine               - sceneFactory: com.almasb.fxgl.app.scene.SceneFactory@e10125b
20:49:52.184 [FXGL Background Thread 3 ] DEBUG Engine               - secondsIn24h: 60
20:49:52.184 [FXGL Background Thread 3 ] DEBUG Engine               - soundMenuBack: menu/back.wav
20:49:52.184 [FXGL Background Thread 3 ] DEBUG Engine               - soundMenuPress: menu/press.wav
20:49:52.184 [FXGL Background Thread 3 ] DEBUG Engine               - soundMenuSelect: menu/select.wav
20:49:52.184 [FXGL Background Thread 3 ] DEBUG Engine               - soundNotification: core/notification.wav
20:49:52.184 [FXGL Background Thread 3 ] DEBUG Engine               - stageStyle: DECORATED
20:49:52.184 [FXGL Background Thread 3 ] DEBUG Engine               - supportedLanguages: [ENGLISH, FRENCH, GERMAN, HUNGARIAN, RUSSIAN]
20:49:52.184 [FXGL Background Thread 3 ] DEBUG Engine               - ticksPerSecond: -1
20:49:52.184 [FXGL Background Thread 3 ] DEBUG Engine               - title: Untitled
20:49:52.184 [FXGL Background Thread 3 ] DEBUG Engine               - urlGithub: https://github.com/AlmasB/FXGL
20:49:52.184 [FXGL Background Thread 3 ] DEBUG Engine               - urlLeaderboard: http://fxgl-top.herokuapp.com/
20:49:52.184 [FXGL Background Thread 3 ] DEBUG Engine               - urlPOM: https://raw.githubusercontent.com/AlmasB/FXGL/release/README.md
20:49:52.184 [FXGL Background Thread 3 ] DEBUG Engine               - userAppClass: class edu.vanier.animals_revenge.MainApp
20:49:52.184 [FXGL Background Thread 3 ] DEBUG Engine               - version: 0.0
20:49:52.185 [FXGL Background Thread 3 ] DEBUG Engine               - versionCheckDays: 7
20:49:52.185 [FXGL Background Thread 3 ] DEBUG Engine               - width: 1480
20:49:52.185 [FXGL Background Thread 3 ] DEBUG Engine               - Logging services
20:49:52.185 [FXGL Background Thread 3 ] DEBUG Engine               - class com.almasb.fxgl.app.services.FXGLAssetLoaderService
20:49:52.185 [FXGL Background Thread 3 ] DEBUG Engine               - class com.almasb.fxgl.app.FXGLApplication$GameApplicationService
20:49:52.185 [FXGL Background Thread 3 ] DEBUG Engine               - class com.almasb.fxgl.app.services.FXGLDialogService
20:49:52.185 [FXGL Background Thread 3 ] DEBUG Engine               - class com.almasb.fxgl.app.services.IOTaskExecutorService
20:49:52.185 [FXGL Background Thread 3 ] DEBUG Engine               - class com.almasb.fxgl.io.FileSystemService
20:49:52.185 [FXGL Background Thread 3 ] DEBUG Engine               - class com.almasb.fxgl.localization.LocalizationService
20:49:52.185 [FXGL Background Thread 3 ] DEBUG Engine               - class com.almasb.fxgl.app.services.SystemBundleService
20:49:52.185 [FXGL Background Thread 3 ] DEBUG Engine               - class com.almasb.fxgl.profile.SaveLoadService
20:49:52.185 [FXGL Background Thread 3 ] DEBUG Engine               - class com.almasb.fxgl.ui.FXGLUIFactoryServiceProvider
20:49:52.185 [FXGL Background Thread 3 ] DEBUG Engine               - class com.almasb.fxgl.ui.FXGLDialogFactoryServiceProvider
20:49:52.185 [FXGL Background Thread 3 ] DEBUG Engine               - class com.almasb.fxgl.audio.AudioPlayer
20:49:52.185 [FXGL Background Thread 3 ] DEBUG Engine               - class com.almasb.fxgl.notification.impl.NotificationServiceProvider
20:49:52.185 [FXGL Background Thread 3 ] DEBUG Engine               - class com.almasb.fxgl.achievement.AchievementService
20:49:52.185 [FXGL Background Thread 3 ] DEBUG Engine               - class com.almasb.fxgl.cutscene.CutsceneService
20:49:52.185 [FXGL Background Thread 3 ] DEBUG Engine               - class com.almasb.fxgl.minigames.MiniGameService
20:49:52.185 [FXGL Background Thread 3 ] DEBUG Engine               - class com.almasb.fxgl.net.NetService
20:49:52.185 [FXGL Background Thread 3 ] DEBUG Engine               - class com.almasb.fxgl.app.services.UpdaterService
20:49:52.186 [FXGL Background Thread 3 ] DEBUG Engine               - class com.almasb.fxgl.dev.DevService
20:50:33.433 [JavaFX Application Thread] DEBUG FXGLApplication      - Exiting FXGL
20:50:33.433 [JavaFX Application Thread] DEBUG LoopRunner           - Stopping loop
20:50:33.433 [JavaFX Application Thread] DEBUG SystemBundleService  - Saving FXGL system data
20:50:33.437 [JavaFX Application Thread] DEBUG FileSystemAccess     - Writing to: C:\Users\zacha\OneDrive\Documents\GitHub\animals-revenge\system\fxgl.bundle
20:50:33.441 [JavaFX Application Thread] DEBUG Async                - Shutting down background threads
20:50:33.441 [JavaFX Application Thread] DEBUG PrimaryStageWindow   - Closing main window
20:50:33.479 [JavaFX Application Thread] DEBUG Logger               - Closing Logger
