11:58:38.120 [main                     ] DEBUG Logger               - Configured Logger
11:58:38.140 [main                     ] DEBUG GameApplication      - Logging settings
Title: Untitled
Version: 0.0
Width: 1480
Height: 820
Fullscreen: false
Intro: false
Profiling: false
Single step:false
App Mode: DEVELOPER
Menu Key: ESCAPE
Stage Style: DECORATED
Scene Factory: class com.almasb.fxgl.app.scene.SceneFactory

11:58:38.668 [JavaFX Application Thread] DEBUG FXGLApplication      - Initializing FXGL
11:58:38.683 [JavaFX Application Thread] INFO  Engine               - FXGL-17.2 (20.08.2022 16.50) on WINDOWS (J:18.0.2.1 FX:20.0.2)
11:58:38.683 [JavaFX Application Thread] DEBUG Engine               - JRE Vendor Name: Oracle Corporation
11:58:38.685 [JavaFX Application Thread] DEBUG Engine               - Running on OS: Windows 11 version 10.0
11:58:38.685 [JavaFX Application Thread] DEBUG Engine               - Architecture: amd64
11:58:38.686 [JavaFX Application Thread] INFO  Engine               - Source code and latest versions at: https://github.com/AlmasB/FXGL
11:58:38.686 [JavaFX Application Thread] INFO  Engine               -       Ask questions and discuss at: https://github.com/AlmasB/FXGL/discussions
11:58:38.687 [JavaFX Application Thread] INFO  Engine               -              Join the FXGL chat at: https://gitter.im/AlmasB/FXGL
11:58:38.862 [JavaFX Application Thread] DEBUG PrimaryStageWindow   - Creating a JavaFX scene
11:58:38.862 [JavaFX Application Thread] DEBUG PrimaryStageWindow   - Target size > screen size
11:58:38.932 [JavaFX Application Thread] DEBUG PrimaryStageWindow   - Target settings size: 1480.0 x 820.0
11:58:38.932 [JavaFX Application Thread] DEBUG PrimaryStageWindow   - Scaled scene size:    1415.0 x 797.0
11:58:38.933 [JavaFX Application Thread] DEBUG PrimaryStageWindow   - Scaled ratio: (0.956081081081081, 0.9719512195121951)
11:58:38.935 [JavaFX Application Thread] DEBUG PrimaryStageWindow   - Set initial scene to FXGLStartupScene
11:58:38.943 [JavaFX Application Thread] DEBUG PrimaryStageWindow   - Opening main window
11:58:39.099 [JavaFX Application Thread] DEBUG PrimaryStageWindow   - Window border size: (13.0, 35.5)
11:58:39.099 [JavaFX Application Thread] DEBUG PrimaryStageWindow   - Scaled size: 1415.0 x 797.0
11:58:39.099 [JavaFX Application Thread] DEBUG PrimaryStageWindow   - Scaled ratio: (0.956081081081081, 0.9719512195121951)
11:58:39.099 [JavaFX Application Thread] DEBUG PrimaryStageWindow   - Scene size: 1415.0 x 797.0
11:58:39.100 [JavaFX Application Thread] DEBUG PrimaryStageWindow   - Stage size: 1428.0 x 832.5
11:58:39.108 [FXGL Background Thread 1 ] DEBUG Engine               - Initializing environment variables
11:58:39.158 [FXGL Background Thread 1 ] DEBUG FXGLAssetLoaderServi - User app class for loading assets: class edu.vanier.animals_revenge.MainApp
11:58:39.158 [FXGL Background Thread 1 ] DEBUG GameApplicationServi - Applying CSS: fxgl_dark.css
11:58:39.160 [FXGL Background Thread 1 ] DEBUG FXGLAssetLoaderServi - Loading from file system: jar:file:/C:/Users/macke/.gradle/caches/modules-2/files-2.1/com.github.almasb/fxgl/17.2/35db6ae960eec2dcfd19262d3b7f9c42f0e95bc3/fxgl-17.2.jar!/fxglassets/ui/css/fxgl_dark.css
11:58:39.205 [FXGL Background Thread 1 ] DEBUG GameApplicationServi - Initializing application scenes
11:58:39.405 [FXGL Background Thread 1 ] DEBUG GameWorld            - Game world initialized
11:58:39.494 [FXGL Background Thread 1 ] DEBUG PhysicsWorld         - Physics world initialized: appHeight=820, physics.ppm=50.0
11:58:39.494 [FXGL Background Thread 1 ] DEBUG PhysicsWorld         - Using strategy: BRUTE_FORCE
11:58:39.502 [FXGL Background Thread 1 ] DEBUG GameScene            - Game scene initialized: 1480x820
11:58:39.502 [FXGL Background Thread 1 ] DEBUG GameApplicationServi - Application scenes initialized
11:58:39.534 [FXGL Background Thread 1 ] DEBUG SystemBundleService  - Loading FXGL system data
11:58:39.548 [FXGL Background Thread 1 ] DEBUG FileSystemAccess     - Reading from: C:\Users\macke\OneDrive\Documents\School\Semester 3\Programming in a Graphical User Interface\Homework\animals-revenge\system\fxgl.bundle
11:58:39.572 [FXGL Background Thread 1 ] DEBUG SystemBundleService  - Bundle FXGL: {}
11:58:39.572 [FXGL Background Thread 1 ] DEBUG UpdaterService       - Checking for updates
11:58:39.626 [FXGL Background Thread 4 ] DEBUG FXGLApplication      - Loading fonts
11:58:39.627 [FXGL Background Thread 1 ] DEBUG FXGLApplication      - Loading default localization
11:58:39.628 [FXGL Background Thread 4 ] DEBUG FXGLAssetLoaderServi - Loading from file system: jar:file:/C:/Users/macke/.gradle/caches/modules-2/files-2.1/com.github.almasb/fxgl/17.2/35db6ae960eec2dcfd19262d3b7f9c42f0e95bc3/fxgl-17.2.jar!/fxglassets/ui/fonts/VarelaRound-Regular.ttf
11:58:39.629 [FXGL Background Thread 1 ] DEBUG FXGLAssetLoaderServi - Loading from file system: jar:file:/C:/Users/macke/.gradle/caches/modules-2/files-2.1/com.github.almasb/fxgl/17.2/35db6ae960eec2dcfd19262d3b7f9c42f0e95bc3/fxgl-17.2.jar!/fxglassets/languages/english.lang
11:58:39.770 [FXGL Background Thread 1 ] INFO  FXGLApplication      - FXGL initialization took: 0.661 sec
11:58:39.856 [JavaFX Application Thread] DEBUG Input                - Registered new binding: Launch - RMB
11:58:39.857 [JavaFX Application Thread] DEBUG Input                - Registered new binding: Create - LMB
11:58:39.859 [JavaFX Application Thread] DEBUG Input                - Registered new binding: Drag - CTRL+LMB
11:58:39.860 [FXGL Background Thread 4 ] DEBUG FXGLAssetLoaderServi - Loading from file system: jar:file:/C:/Users/macke/.gradle/caches/modules-2/files-2.1/com.github.almasb/fxgl/17.2/35db6ae960eec2dcfd19262d3b7f9c42f0e95bc3/fxgl-17.2.jar!/fxglassets/ui/fonts/Abel-Regular.ttf
11:58:39.869 [FXGL Background Thread 4 ] DEBUG FXGLAssetLoaderServi - Loading from file system: jar:file:/C:/Users/macke/.gradle/caches/modules-2/files-2.1/com.github.almasb/fxgl/17.2/35db6ae960eec2dcfd19262d3b7f9c42f0e95bc3/fxgl-17.2.jar!/fxglassets/ui/fonts/TerminalLandMono-Regular.otf
11:58:39.879 [JavaFX Application Thread] DEBUG Input                - Registered new binding: Delete - Backspace
11:58:39.880 [FXGL Background Thread 4 ] DEBUG FXGLAssetLoaderServi - Loading from file system: jar:file:/C:/Users/macke/.gradle/caches/modules-2/files-2.1/com.github.almasb/fxgl/17.2/35db6ae960eec2dcfd19262d3b7f9c42f0e95bc3/fxgl-17.2.jar!/fxglassets/ui/fonts/Courier-Prime.ttf
11:58:39.880 [JavaFX Application Thread] DEBUG FXGLAssetLoaderServi - Loading from file system: jar:file:/C:/Users/macke/.gradle/caches/modules-2/files-2.1/com.github.almasb/fxgl/17.2/35db6ae960eec2dcfd19262d3b7f9c42f0e95bc3/fxgl-17.2.jar!/fxglassets/textures/fxgl_icon.png
11:58:40.129 [JavaFX Application Thread] DEBUG FXGLAssetLoaderServi - Loading from file system: jar:file:/C:/Users/macke/.gradle/caches/modules-2/files-2.1/com.github.almasb/fxgl/17.2/35db6ae960eec2dcfd19262d3b7f9c42f0e95bc3/fxgl-17.2.jar!/fxglassets/textures/fxgl_default_cursor.png
11:58:40.176 [JavaFX Application Thread] DEBUG Input                - Registered new binding: Screenshot - CTRL+8
11:58:40.192 [JavaFX Application Thread] DEBUG Input                - Registered new binding: System info dump - CTRL+9
11:58:40.200 [JavaFX Application Thread] DEBUG Input                - Registered new binding: Restart - CTRL+R
11:58:40.225 [JavaFX Application Thread] DEBUG Input                - Registered new binding: Toggle Debug Camera - CTRL+7
11:58:40.284 [JavaFX Application Thread] DEBUG LoopRunner           - Starting loop
11:58:40.285 [JavaFX Application Thread] DEBUG LoopRunner           - Initializing JavaFX AnimationTimerLoop
11:58:40.317 [JavaFX Application Thread] DEBUG GameApplicationServi - Starting new game
11:58:40.320 [JavaFX Application Thread] DEBUG Input                - Clearing active input actions
11:58:40.374 [JavaFX Application Thread] DEBUG GameApplicationServi - Removing overlay from FXGLStartupScene and adding to FXGLLoadingScene
11:58:40.375 [JavaFX Application Thread] DEBUG PrimaryStageWindow   - FXGLStartupScene -> FXGLLoadingScene
11:58:40.375 [JavaFX Application Thread] DEBUG GameApplicationServi - Clearing previous game
11:58:40.375 [JavaFX Application Thread] DEBUG GameScene            - Clearing game scene
11:58:40.376 [JavaFX Application Thread] DEBUG GameWorld            - Clearing game world
11:58:40.376 [JavaFX Application Thread] DEBUG PhysicsWorld         - Clearing physics world
11:58:40.399 [FXGL Background Thread 4 ] DEBUG FXGLApplication      - Initializing game
11:58:40.399 [JavaFX Application Thread] DEBUG FXGLApplication      - Registering font factories with UI factory
11:58:40.715 [FXGL Background Thread 4 ] DEBUG FXGLAssetLoaderServi - Loading from file system: file:/C:/Users/macke/OneDrive/Documents/School/Semester%203/Programming%20in%20a%20Graphical%20User%20Interface/Homework/animals-revenge/build/resources/main/assets/sounds/brick_hit.wav
11:58:41.000 [FXGL Background Thread 4 ] DEBUG FXGLAssetLoaderServi - Loading from file system: file:/C:/Users/macke/OneDrive/Documents/School/Semester%203/Programming%20in%20a%20Graphical%20User%20Interface/Homework/animals-revenge/build/resources/main/assets/music/music1.mp3
11:58:41.351 [FXGL Background Thread 4 ] DEBUG FXGLAssetLoaderServi - Loading from file system: file:/C:/Users/macke/OneDrive/Documents/School/Semester%203/Programming%20in%20a%20Graphical%20User%20Interface/Homework/animals-revenge/build/resources/main/assets/ui/Home.fxml
11:58:42.027 [FXGL Background Thread 2 ] INFO  UpdaterService       - Your current version:  17.2
11:58:42.028 [FXGL Background Thread 2 ] INFO  UpdaterService       - Latest stable version: 17.3
11:58:42.638 [FXGL Background Thread 3 ] DEBUG Engine               - Logging environment variables
11:58:42.639 [FXGL Background Thread 3 ] DEBUG Engine               - achievements: []
11:58:42.639 [FXGL Background Thread 3 ] DEBUG Engine               - actualHeight: 797.0
11:58:42.639 [FXGL Background Thread 3 ] DEBUG Engine               - actualHeightProperty: ReadOnlyDoubleProperty [value: 797.0]
11:58:42.640 [FXGL Background Thread 3 ] DEBUG Engine               - actualWidth: 1415.0
11:58:42.640 [FXGL Background Thread 3 ] DEBUG Engine               - actualWidthProperty: ReadOnlyDoubleProperty [value: 1415.0]
11:58:42.640 [FXGL Background Thread 3 ] DEBUG Engine               - appIcon: fxgl_icon.png
11:58:42.640 [FXGL Background Thread 3 ] DEBUG Engine               - applicationMode: DEVELOPER
11:58:42.640 [FXGL Background Thread 3 ] DEBUG Engine               - cSSList: [fxgl_dark.css]
11:58:42.640 [FXGL Background Thread 3 ] DEBUG Engine               - collisionDetectionStrategy: BRUTE_FORCE
11:58:42.640 [FXGL Background Thread 3 ] DEBUG Engine               - configClass: Optional.empty
11:58:42.640 [FXGL Background Thread 3 ] DEBUG Engine               - credits: []
11:58:42.655 [FXGL Background Thread 3 ] DEBUG Engine               - defaultCursor: CursorInfo(imageName=fxgl_default_cursor.png, hotspotX=7.0, hotspotY=6.0)
11:58:42.656 [FXGL Background Thread 3 ] DEBUG Engine               - devBBoxColorProperty: ObjectProperty [value: 0xff0000ff]
11:58:42.656 [FXGL Background Thread 3 ] DEBUG Engine               - devEnableDebugCameraProperty: BooleanProperty [value: false]
11:58:42.656 [FXGL Background Thread 3 ] DEBUG Engine               - devSensorColorProperty: ObjectProperty [value: 0xffff00ff]
11:58:42.656 [FXGL Background Thread 3 ] DEBUG Engine               - devShowBBoxProperty: BooleanProperty [value: false]
11:58:42.656 [FXGL Background Thread 3 ] DEBUG Engine               - devShowPositionProperty: BooleanProperty [value: false]
11:58:42.656 [FXGL Background Thread 3 ] DEBUG Engine               - enabledMenuItems: []
11:58:42.656 [FXGL Background Thread 3 ] DEBUG Engine               - engineServices: [class com.almasb.fxgl.app.services.FXGLAssetLoaderService, class com.almasb.fxgl.app.FXGLApplication$GameApplicationService, class com.almasb.fxgl.app.services.FXGLDialogService, class com.almasb.fxgl.app.services.IOTaskExecutorService, class com.almasb.fxgl.io.FileSystemService, class com.almasb.fxgl.localization.LocalizationService, class com.almasb.fxgl.app.services.SystemBundleService, class com.almasb.fxgl.profile.SaveLoadService, class com.almasb.fxgl.ui.FXGLUIFactoryServiceProvider, class com.almasb.fxgl.ui.FXGLDialogFactoryServiceProvider, class com.almasb.fxgl.audio.AudioPlayer, class com.almasb.fxgl.notification.impl.NotificationServiceProvider, class com.almasb.fxgl.achievement.AchievementService, class com.almasb.fxgl.cutscene.CutsceneService, class com.almasb.fxgl.minigames.MiniGameService, class com.almasb.fxgl.net.NetService, class com.almasb.fxgl.app.services.UpdaterService, class com.almasb.fxgl.dev.DevService]
11:58:42.656 [FXGL Background Thread 3 ] DEBUG Engine               - fontGame: Abel-Regular.ttf
11:58:42.656 [FXGL Background Thread 3 ] DEBUG Engine               - fontMono: TerminalLandMono-Regular.otf
11:58:42.656 [FXGL Background Thread 3 ] DEBUG Engine               - fontText: Courier-Prime.ttf
11:58:42.656 [FXGL Background Thread 3 ] DEBUG Engine               - fontUI: VarelaRound-Regular.ttf
11:58:42.656 [FXGL Background Thread 3 ] DEBUG Engine               - fullScreen: BooleanProperty [value: false]
11:58:42.656 [FXGL Background Thread 3 ] DEBUG Engine               - gameDifficulty: MEDIUM
11:58:42.656 [FXGL Background Thread 3 ] DEBUG Engine               - gameDifficultyProperty: ObjectProperty [value: MEDIUM]
11:58:42.656 [FXGL Background Thread 3 ] DEBUG Engine               - globalMusicVolume: 0.5
11:58:42.656 [FXGL Background Thread 3 ] DEBUG Engine               - globalMusicVolumeProperty: DoubleProperty [value: 0.0]
11:58:42.656 [FXGL Background Thread 3 ] DEBUG Engine               - globalSoundVolume: 0.5
11:58:42.656 [FXGL Background Thread 3 ] DEBUG Engine               - globalSoundVolumeProperty: DoubleProperty [value: 0.0]
11:58:42.657 [FXGL Background Thread 3 ] DEBUG Engine               - height: 820
11:58:42.657 [FXGL Background Thread 3 ] DEBUG Engine               - is3D: false
11:58:42.657 [FXGL Background Thread 3 ] DEBUG Engine               - isAndroid: false
11:58:42.657 [FXGL Background Thread 3 ] DEBUG Engine               - isBrowser: false
11:58:42.657 [FXGL Background Thread 3 ] DEBUG Engine               - isClickFeedbackEnabled: false
11:58:42.657 [FXGL Background Thread 3 ] DEBUG Engine               - isCloseConfirmation: false
11:58:42.657 [FXGL Background Thread 3 ] DEBUG Engine               - isDesktop: true
11:58:42.657 [FXGL Background Thread 3 ] DEBUG Engine               - isDeveloperMenuEnabled: false
11:58:42.657 [FXGL Background Thread 3 ] DEBUG Engine               - isEmbedded: false
11:58:42.657 [FXGL Background Thread 3 ] DEBUG Engine               - isEntityPreloadEnabled: true
11:58:42.657 [FXGL Background Thread 3 ] DEBUG Engine               - isExperimentalTiledLargeMap: false
11:58:42.657 [FXGL Background Thread 3 ] DEBUG Engine               - isFileSystemWriteAllowed: true
11:58:42.657 [FXGL Background Thread 3 ] DEBUG Engine               - isFullScreenAllowed: false
11:58:42.657 [FXGL Background Thread 3 ] DEBUG Engine               - isFullScreenFromStart: false
11:58:42.657 [FXGL Background Thread 3 ] DEBUG Engine               - isGameMenuEnabled: false
11:58:42.657 [FXGL Background Thread 3 ] DEBUG Engine               - isIOS: false
11:58:42.657 [FXGL Background Thread 3 ] DEBUG Engine               - isIntroEnabled: false
11:58:42.657 [FXGL Background Thread 3 ] DEBUG Engine               - isLinux: false
11:58:42.657 [FXGL Background Thread 3 ] DEBUG Engine               - isMac: false
11:58:42.657 [FXGL Background Thread 3 ] DEBUG Engine               - isMainMenuEnabled: false
11:58:42.657 [FXGL Background Thread 3 ] DEBUG Engine               - isManualResizeEnabled: false
11:58:42.657 [FXGL Background Thread 3 ] DEBUG Engine               - isMobile: false
11:58:42.657 [FXGL Background Thread 3 ] DEBUG Engine               - isNative: false
11:58:42.657 [FXGL Background Thread 3 ] DEBUG Engine               - isPauseMusicWhenMinimized: true
11:58:42.657 [FXGL Background Thread 3 ] DEBUG Engine               - isPreserveResizeRatio: false
11:58:42.657 [FXGL Background Thread 3 ] DEBUG Engine               - isProfilingEnabled: false
11:58:42.657 [FXGL Background Thread 3 ] DEBUG Engine               - isScaleAffectedOnResize: true
11:58:42.658 [FXGL Background Thread 3 ] DEBUG Engine               - isSingleStep: false
11:58:42.658 [FXGL Background Thread 3 ] DEBUG Engine               - isUserProfileEnabled: false
11:58:42.658 [FXGL Background Thread 3 ] DEBUG Engine               - isWindows: true
11:58:42.658 [FXGL Background Thread 3 ] DEBUG Engine               - language: ObjectProperty [value: ENGLISH]
11:58:42.658 [FXGL Background Thread 3 ] DEBUG Engine               - menuKey: ESCAPE
11:58:42.658 [FXGL Background Thread 3 ] DEBUG Engine               - mouseSensitivity: 0.2
11:58:42.658 [FXGL Background Thread 3 ] DEBUG Engine               - notificationViewClass: class com.almasb.fxgl.notification.view.XboxNotificationView
11:58:42.658 [FXGL Background Thread 3 ] DEBUG Engine               - pixelsPerMeter: 50.0
11:58:42.658 [FXGL Background Thread 3 ] DEBUG Engine               - platform: WINDOWS
11:58:42.658 [FXGL Background Thread 3 ] DEBUG Engine               - prefHeightProperty: ReadOnlyDoubleProperty [value: 820.0]
11:58:42.659 [FXGL Background Thread 3 ] DEBUG Engine               - prefWidthProperty: ReadOnlyDoubleProperty [value: 1480.0]
11:58:42.659 [FXGL Background Thread 3 ] DEBUG Engine               - profileDir: profiles/
11:58:42.659 [FXGL Background Thread 3 ] DEBUG Engine               - profileName: StringProperty [value: DEFAULT]
11:58:42.659 [FXGL Background Thread 3 ] DEBUG Engine               - randomSeed: -1
11:58:42.662 [FXGL Background Thread 3 ] DEBUG Engine               - runtimeInfo: RuntimeInfo(platform=WINDOWS, version=17.2, build=20.08.2022 16.50)
11:58:42.663 [FXGL Background Thread 3 ] DEBUG Engine               - saveFileExt: sav
11:58:42.663 [FXGL Background Thread 3 ] DEBUG Engine               - scaledHeightProp$fxgl: DoubleProperty [bound, value: 797.0]
11:58:42.664 [FXGL Background Thread 3 ] DEBUG Engine               - scaledWidthProp$fxgl: DoubleProperty [bound, value: 1415.0]
11:58:42.664 [FXGL Background Thread 3 ] DEBUG Engine               - sceneFactory: com.almasb.fxgl.app.scene.SceneFactory@7afdaede
11:58:42.664 [FXGL Background Thread 3 ] DEBUG Engine               - secondsIn24h: 60
11:58:42.664 [FXGL Background Thread 3 ] DEBUG Engine               - soundMenuBack: menu/back.wav
11:58:42.664 [FXGL Background Thread 3 ] DEBUG Engine               - soundMenuPress: menu/press.wav
11:58:42.665 [FXGL Background Thread 3 ] DEBUG Engine               - soundMenuSelect: menu/select.wav
11:58:42.665 [FXGL Background Thread 3 ] DEBUG Engine               - soundNotification: core/notification.wav
11:58:42.665 [FXGL Background Thread 3 ] DEBUG Engine               - stageStyle: DECORATED
11:58:42.665 [FXGL Background Thread 3 ] DEBUG Engine               - supportedLanguages: [ENGLISH, FRENCH, GERMAN, HUNGARIAN, RUSSIAN]
11:58:42.665 [FXGL Background Thread 3 ] DEBUG Engine               - ticksPerSecond: -1
11:58:42.665 [FXGL Background Thread 3 ] DEBUG Engine               - title: Untitled
11:58:42.666 [FXGL Background Thread 3 ] DEBUG Engine               - urlGithub: https://github.com/AlmasB/FXGL
11:58:42.666 [FXGL Background Thread 3 ] DEBUG Engine               - urlLeaderboard: http://fxgl-top.herokuapp.com/
11:58:42.666 [FXGL Background Thread 3 ] DEBUG Engine               - urlPOM: https://raw.githubusercontent.com/AlmasB/FXGL/release/README.md
11:58:42.666 [FXGL Background Thread 3 ] DEBUG Engine               - userAppClass: class edu.vanier.animals_revenge.MainApp
11:58:42.666 [FXGL Background Thread 3 ] DEBUG Engine               - version: 0.0
11:58:42.666 [FXGL Background Thread 3 ] DEBUG Engine               - versionCheckDays: 7
11:58:42.666 [FXGL Background Thread 3 ] DEBUG Engine               - width: 1480
11:58:42.667 [FXGL Background Thread 3 ] DEBUG Engine               - Logging services
11:58:42.667 [FXGL Background Thread 3 ] DEBUG Engine               - class com.almasb.fxgl.app.services.FXGLAssetLoaderService
11:58:42.667 [FXGL Background Thread 3 ] DEBUG Engine               - class com.almasb.fxgl.app.FXGLApplication$GameApplicationService
11:58:42.667 [FXGL Background Thread 3 ] DEBUG Engine               - class com.almasb.fxgl.app.services.FXGLDialogService
11:58:42.667 [FXGL Background Thread 3 ] DEBUG Engine               - class com.almasb.fxgl.app.services.IOTaskExecutorService
11:58:42.667 [FXGL Background Thread 3 ] DEBUG Engine               - class com.almasb.fxgl.io.FileSystemService
11:58:42.668 [FXGL Background Thread 3 ] DEBUG Engine               - class com.almasb.fxgl.localization.LocalizationService
11:58:42.668 [FXGL Background Thread 3 ] DEBUG Engine               - class com.almasb.fxgl.app.services.SystemBundleService
11:58:42.668 [FXGL Background Thread 3 ] DEBUG Engine               - class com.almasb.fxgl.profile.SaveLoadService
11:58:42.668 [FXGL Background Thread 3 ] DEBUG Engine               - class com.almasb.fxgl.ui.FXGLUIFactoryServiceProvider
11:58:42.668 [FXGL Background Thread 3 ] DEBUG Engine               - class com.almasb.fxgl.ui.FXGLDialogFactoryServiceProvider
11:58:42.668 [FXGL Background Thread 3 ] DEBUG Engine               - class com.almasb.fxgl.audio.AudioPlayer
11:58:42.668 [FXGL Background Thread 3 ] DEBUG Engine               - class com.almasb.fxgl.notification.impl.NotificationServiceProvider
11:58:42.668 [FXGL Background Thread 3 ] DEBUG Engine               - class com.almasb.fxgl.achievement.AchievementService
11:58:42.668 [FXGL Background Thread 3 ] DEBUG Engine               - class com.almasb.fxgl.cutscene.CutsceneService
11:58:42.669 [FXGL Background Thread 3 ] DEBUG Engine               - class com.almasb.fxgl.minigames.MiniGameService
11:58:42.669 [FXGL Background Thread 3 ] DEBUG Engine               - class com.almasb.fxgl.net.NetService
11:58:42.669 [FXGL Background Thread 3 ] DEBUG Engine               - class com.almasb.fxgl.app.services.UpdaterService
11:58:42.669 [FXGL Background Thread 3 ] DEBUG Engine               - class com.almasb.fxgl.dev.DevService
11:58:42.980 [FXGL Background Thread 4 ] INFO  FXGLApplication      - Game initialization took: 2.581 sec
11:58:42.981 [JavaFX Application Thread] DEBUG Input                - Clearing active input actions
11:58:43.046 [JavaFX Application Thread] DEBUG GameApplicationServi - Removing overlay from FXGLLoadingScene and adding to GameScene
11:58:43.046 [JavaFX Application Thread] DEBUG PrimaryStageWindow   - FXGLLoadingScene -> GameScene
11:58:44.454 [JavaFX Application Thread] DEBUG FXGLAssetLoaderServi - Loading from file system: file:/C:/Users/macke/OneDrive/Documents/School/Semester%203/Programming%20in%20a%20Graphical%20User%20Interface/Homework/animals-revenge/build/resources/main/assets/ui/CustomProjectile.fxml
11:59:02.367 [JavaFX Application Thread] DEBUG LoopRunner           - Stopping loop
11:59:02.369 [JavaFX Application Thread] FATAL FXGLApplication      - Uncaught Exception:
java.lang.RuntimeException: java.lang.reflect.InvocationTargetException
	at javafx.fxml@20.0.2/javafx.fxml.FXMLLoader$MethodHandler.invoke(FXMLLoader.java:1858)
	at javafx.fxml@20.0.2/javafx.fxml.FXMLLoader$ControllerMethodEventHandler.handle(FXMLLoader.java:1726)
	at javafx.base@20.0.2/com.sun.javafx.event.CompositeEventHandler.dispatchBubblingEvent(CompositeEventHandler.java:86)
	at javafx.base@20.0.2/com.sun.javafx.event.EventHandlerManager.dispatchBubblingEvent(EventHandlerManager.java:232)
	at javafx.base@20.0.2/com.sun.javafx.event.EventHandlerManager.dispatchBubblingEvent(EventHandlerManager.java:189)
	at javafx.base@20.0.2/com.sun.javafx.event.CompositeEventDispatcher.dispatchBubblingEvent(CompositeEventDispatcher.java:59)
	at javafx.base@20.0.2/com.sun.javafx.event.BasicEventDispatcher.dispatchEvent(BasicEventDispatcher.java:58)
	at javafx.base@20.0.2/com.sun.javafx.event.EventDispatchChainImpl.dispatchEvent(EventDispatchChainImpl.java:114)
	at javafx.base@20.0.2/com.sun.javafx.event.BasicEventDispatcher.dispatchEvent(BasicEventDispatcher.java:56)
	at javafx.base@20.0.2/com.sun.javafx.event.EventDispatchChainImpl.dispatchEvent(EventDispatchChainImpl.java:114)
	at javafx.base@20.0.2/com.sun.javafx.event.BasicEventDispatcher.dispatchEvent(BasicEventDispatcher.java:56)
	at javafx.base@20.0.2/com.sun.javafx.event.EventDispatchChainImpl.dispatchEvent(EventDispatchChainImpl.java:114)
	at javafx.base@20.0.2/com.sun.javafx.event.EventUtil.fireEventImpl(EventUtil.java:74)
	at javafx.base@20.0.2/com.sun.javafx.event.EventUtil.fireEvent(EventUtil.java:49)
	at javafx.base@20.0.2/javafx.event.Event.fireEvent(Event.java:198)
	at javafx.graphics@20.0.2/javafx.scene.Node.fireEvent(Node.java:8944)
	at javafx.controls@20.0.2/com.sun.javafx.scene.control.behavior.TextFieldBehavior.fire(TextFieldBehavior.java:161)
	at javafx.controls@20.0.2/com.sun.javafx.scene.control.behavior.TextInputControlBehavior.lambda$keyMapping$62(TextInputControlBehavior.java:344)
	at javafx.controls@20.0.2/com.sun.javafx.scene.control.inputmap.InputMap.handle(InputMap.java:274)
	at javafx.base@20.0.2/com.sun.javafx.event.CompositeEventHandler$NormalEventHandlerRecord.handleBubblingEvent(CompositeEventHandler.java:247)
	at javafx.base@20.0.2/com.sun.javafx.event.CompositeEventHandler.dispatchBubblingEvent(CompositeEventHandler.java:80)
	at javafx.base@20.0.2/com.sun.javafx.event.EventHandlerManager.dispatchBubblingEvent(EventHandlerManager.java:232)
	at javafx.base@20.0.2/com.sun.javafx.event.EventHandlerManager.dispatchBubblingEvent(EventHandlerManager.java:189)
	at javafx.base@20.0.2/com.sun.javafx.event.CompositeEventDispatcher.dispatchBubblingEvent(CompositeEventDispatcher.java:59)
	at javafx.base@20.0.2/com.sun.javafx.event.BasicEventDispatcher.dispatchEvent(BasicEventDispatcher.java:58)
	at javafx.base@20.0.2/com.sun.javafx.event.EventDispatchChainImpl.dispatchEvent(EventDispatchChainImpl.java:114)
	at javafx.base@20.0.2/com.sun.javafx.event.BasicEventDispatcher.dispatchEvent(BasicEventDispatcher.java:56)
	at javafx.base@20.0.2/com.sun.javafx.event.EventDispatchChainImpl.dispatchEvent(EventDispatchChainImpl.java:114)
	at javafx.base@20.0.2/com.sun.javafx.event.BasicEventDispatcher.dispatchEvent(BasicEventDispatcher.java:56)
	at javafx.base@20.0.2/com.sun.javafx.event.EventDispatchChainImpl.dispatchEvent(EventDispatchChainImpl.java:114)
	at javafx.base@20.0.2/com.sun.javafx.event.EventUtil.fireEventImpl(EventUtil.java:74)
	at javafx.base@20.0.2/com.sun.javafx.event.EventUtil.fireEvent(EventUtil.java:54)
	at javafx.base@20.0.2/javafx.event.Event.fireEvent(Event.java:198)
	at javafx.graphics@20.0.2/javafx.scene.Scene.processKeyEvent(Scene.java:2190)
	at javafx.graphics@20.0.2/javafx.scene.Scene$ScenePeerListener.keyEvent(Scene.java:2711)
	at javafx.graphics@20.0.2/com.sun.javafx.tk.quantum.GlassViewEventHandler$KeyEventNotification.run(GlassViewEventHandler.java:218)
	at javafx.graphics@20.0.2/com.sun.javafx.tk.quantum.GlassViewEventHandler$KeyEventNotification.run(GlassViewEventHandler.java:150)
	at java.base/java.security.AccessController.doPrivileged(AccessController.java:399)
	at javafx.graphics@20.0.2/com.sun.javafx.tk.quantum.GlassViewEventHandler.lambda$handleKeyEvent$1(GlassViewEventHandler.java:250)
	at javafx.graphics@20.0.2/com.sun.javafx.tk.quantum.QuantumToolkit.runWithoutRenderLock(QuantumToolkit.java:424)
	at javafx.graphics@20.0.2/com.sun.javafx.tk.quantum.GlassViewEventHandler.handleKeyEvent(GlassViewEventHandler.java:249)
	at javafx.graphics@20.0.2/com.sun.glass.ui.View.handleKeyEvent(View.java:542)
	at javafx.graphics@20.0.2/com.sun.glass.ui.View.notifyKey(View.java:966)
	at javafx.graphics@20.0.2/com.sun.glass.ui.win.WinApplication._runLoop(Native Method)
	at javafx.graphics@20.0.2/com.sun.glass.ui.win.WinApplication.lambda$runLoop$3(WinApplication.java:185)
	at java.base/java.lang.Thread.run(Thread.java:833)
Caused by: java.lang.reflect.InvocationTargetException
	at java.base/jdk.internal.reflect.DirectMethodHandleAccessor.invoke(DirectMethodHandleAccessor.java:119)
	at java.base/java.lang.reflect.Method.invoke(Method.java:577)
	at com.sun.javafx.reflect.Trampoline.invoke(MethodUtil.java:72)
	at java.base/jdk.internal.reflect.DirectMethodHandleAccessor.invoke(DirectMethodHandleAccessor.java:104)
	at java.base/java.lang.reflect.Method.invoke(Method.java:577)
	at javafx.base@20.0.2/com.sun.javafx.reflect.MethodUtil.invoke(MethodUtil.java:270)
	at javafx.fxml@20.0.2/com.sun.javafx.fxml.MethodHelper.invoke(MethodHelper.java:84)
	at javafx.fxml@20.0.2/javafx.fxml.FXMLLoader$MethodHandler.invoke(FXMLLoader.java:1853)
	... 45 more
Caused by: java.lang.NumberFormatException: For input string: "awkldn"
	at java.base/jdk.internal.math.FloatingDecimal.readJavaFormatString(FloatingDecimal.java:2054)
	at java.base/jdk.internal.math.FloatingDecimal.parseFloat(FloatingDecimal.java:122)
	at java.base/java.lang.Float.parseFloat(Float.java:476)
	at edu.vanier.animals_revenge.controllers.CustomProjectileController.setDensity(CustomProjectileController.java:430)
	at edu.vanier.animals_revenge.controllers.CustomProjectileController.onTextChange(CustomProjectileController.java:513)
	at java.base/jdk.internal.reflect.DirectMethodHandleAccessor.invoke(DirectMethodHandleAccessor.java:104)
	... 52 more

11:59:02.370 [JavaFX Application Thread] FATAL FXGLApplication      - Application will now exit
11:59:02.384 [JavaFX Application Thread] DEBUG PrimaryStageWindow   - Push state: ErrorSubScene
11:59:02.384 [JavaFX Application Thread] DEBUG Input                - Clearing active input actions
11:59:02.387 [JavaFX Application Thread] DEBUG GameApplicationServi - Removing overlay from GameScene and adding to ErrorSubScene
11:59:02.387 [JavaFX Application Thread] DEBUG PrimaryStageWindow   - GameScene -> ErrorSubScene
11:59:03.907 [JavaFX Application Thread] DEBUG FXGLApplication      - Exiting FXGL
11:59:03.907 [JavaFX Application Thread] DEBUG Async                - Shutting down background threads
11:59:03.908 [JavaFX Application Thread] DEBUG PrimaryStageWindow   - Closing main window
11:59:03.949 [JavaFX Application Thread] DEBUG Logger               - Closing Logger
