16:58:34.274 [main                     ] DEBUG Logger               - Configured Logger
16:58:34.284 [main                     ] DEBUG GameApplication      - Logging settings
Title: Untitled
Version: 0.0
Width: 1480
Height: 820
Fullscreen: false
Intro: false
Profiling: false
Single step:false
App Mode: DEVELOPER
Menu Key: ESCAPE
Stage Style: DECORATED
Scene Factory: class com.almasb.fxgl.app.scene.SceneFactory

16:58:34.507 [JavaFX Application Thread] DEBUG FXGLApplication      - Initializing FXGL
16:58:34.510 [JavaFX Application Thread] INFO  Engine               - FXGL-17.2 (20.08.2022 16.50) on WINDOWS (J:18.0.2.1 FX:20.0.2)
16:58:34.511 [JavaFX Application Thread] DEBUG Engine               - JRE Vendor Name: Oracle Corporation
16:58:34.511 [JavaFX Application Thread] DEBUG Engine               - Running on OS: Windows 11 version 10.0
16:58:34.511 [JavaFX Application Thread] DEBUG Engine               - Architecture: amd64
16:58:34.511 [JavaFX Application Thread] INFO  Engine               - Source code and latest versions at: https://github.com/AlmasB/FXGL
16:58:34.511 [JavaFX Application Thread] INFO  Engine               -       Ask questions and discuss at: https://github.com/AlmasB/FXGL/discussions
16:58:34.511 [JavaFX Application Thread] INFO  Engine               -              Join the FXGL chat at: https://gitter.im/AlmasB/FXGL
16:58:34.571 [JavaFX Application Thread] DEBUG PrimaryStageWindow   - Creating a JavaFX scene
16:58:34.600 [JavaFX Application Thread] DEBUG PrimaryStageWindow   - Target settings size: 1480.0 x 820.0
16:58:34.600 [JavaFX Application Thread] DEBUG PrimaryStageWindow   - Scaled scene size:    1480.0 x 820.0
16:58:34.601 [JavaFX Application Thread] DEBUG PrimaryStageWindow   - Scaled ratio: (1.0, 1.0)
16:58:34.601 [JavaFX Application Thread] DEBUG PrimaryStageWindow   - Set initial scene to FXGLStartupScene
16:58:34.603 [JavaFX Application Thread] DEBUG PrimaryStageWindow   - Opening main window
16:58:34.659 [JavaFX Application Thread] DEBUG PrimaryStageWindow   - Window border size: (16.0, 39.0)
16:58:34.659 [JavaFX Application Thread] DEBUG PrimaryStageWindow   - Scaled size: 1480.0 x 820.0
16:58:34.659 [JavaFX Application Thread] DEBUG PrimaryStageWindow   - Scaled ratio: (1.0, 1.0)
16:58:34.660 [JavaFX Application Thread] DEBUG PrimaryStageWindow   - Scene size: 1480.0 x 820.0
16:58:34.660 [JavaFX Application Thread] DEBUG PrimaryStageWindow   - Stage size: 1496.0 x 859.0
16:58:34.664 [FXGL Background Thread 1 ] DEBUG Engine               - Initializing environment variables
16:58:34.688 [FXGL Background Thread 1 ] DEBUG FXGLAssetLoaderServi - User app class for loading assets: class edu.vanier.animals_revenge.MainApp
16:58:34.688 [FXGL Background Thread 1 ] DEBUG GameApplicationServi - Applying CSS: fxgl_dark.css
16:58:34.688 [FXGL Background Thread 1 ] DEBUG FXGLAssetLoaderServi - Loading from file system: jar:file:/C:/Users/ethan/.gradle/caches/modules-2/files-2.1/com.github.almasb/fxgl/17.2/35db6ae960eec2dcfd19262d3b7f9c42f0e95bc3/fxgl-17.2.jar!/fxglassets/ui/css/fxgl_dark.css
16:58:34.712 [FXGL Background Thread 1 ] DEBUG GameApplicationServi - Initializing application scenes
16:58:34.733 [FXGL Background Thread 1 ] DEBUG GameWorld            - Game world initialized
16:58:34.774 [FXGL Background Thread 1 ] DEBUG PhysicsWorld         - Physics world initialized: appHeight=820, physics.ppm=50.0
16:58:34.776 [FXGL Background Thread 1 ] DEBUG PhysicsWorld         - Using strategy: BRUTE_FORCE
16:58:34.778 [FXGL Background Thread 1 ] DEBUG GameScene            - Game scene initialized: 1480x820
16:58:34.778 [FXGL Background Thread 1 ] DEBUG GameApplicationServi - Application scenes initialized
16:58:34.788 [FXGL Background Thread 1 ] DEBUG SystemBundleService  - Loading FXGL system data
16:58:34.791 [FXGL Background Thread 1 ] DEBUG FileSystemAccess     - Reading from: C:\Users\ethan\Downloads\animals-revenge\system\fxgl.bundle
16:58:34.797 [FXGL Background Thread 1 ] DEBUG SystemBundleService  - Bundle FXGL: {}
16:58:34.797 [FXGL Background Thread 1 ] DEBUG UpdaterService       - Checking for updates
16:58:34.802 [FXGL Background Thread 4 ] DEBUG FXGLApplication      - Loading fonts
16:58:34.802 [FXGL Background Thread 1 ] DEBUG FXGLApplication      - Loading default localization
16:58:34.802 [FXGL Background Thread 4 ] DEBUG FXGLAssetLoaderServi - Loading from file system: jar:file:/C:/Users/ethan/.gradle/caches/modules-2/files-2.1/com.github.almasb/fxgl/17.2/35db6ae960eec2dcfd19262d3b7f9c42f0e95bc3/fxgl-17.2.jar!/fxglassets/ui/fonts/VarelaRound-Regular.ttf
16:58:34.803 [FXGL Background Thread 1 ] DEBUG FXGLAssetLoaderServi - Loading from file system: jar:file:/C:/Users/ethan/.gradle/caches/modules-2/files-2.1/com.github.almasb/fxgl/17.2/35db6ae960eec2dcfd19262d3b7f9c42f0e95bc3/fxgl-17.2.jar!/fxglassets/languages/english.lang
16:58:34.821 [FXGL Background Thread 1 ] INFO  FXGLApplication      - FXGL initialization took: 0.158 sec
16:58:34.824 [JavaFX Application Thread] DEBUG Input                - Registered new binding: Launch - RMB
16:58:34.824 [JavaFX Application Thread] DEBUG Input                - Registered new binding: Create - LMB
16:58:34.825 [JavaFX Application Thread] DEBUG Input                - Registered new binding: Drag - CTRL+LMB
16:58:34.825 [JavaFX Application Thread] DEBUG FXGLAssetLoaderServi - Loading from file system: jar:file:/C:/Users/ethan/.gradle/caches/modules-2/files-2.1/com.github.almasb/fxgl/17.2/35db6ae960eec2dcfd19262d3b7f9c42f0e95bc3/fxgl-17.2.jar!/fxglassets/textures/fxgl_icon.png
16:58:34.835 [FXGL Background Thread 4 ] DEBUG FXGLAssetLoaderServi - Loading from file system: jar:file:/C:/Users/ethan/.gradle/caches/modules-2/files-2.1/com.github.almasb/fxgl/17.2/35db6ae960eec2dcfd19262d3b7f9c42f0e95bc3/fxgl-17.2.jar!/fxglassets/ui/fonts/Abel-Regular.ttf
16:58:34.840 [FXGL Background Thread 4 ] DEBUG FXGLAssetLoaderServi - Loading from file system: jar:file:/C:/Users/ethan/.gradle/caches/modules-2/files-2.1/com.github.almasb/fxgl/17.2/35db6ae960eec2dcfd19262d3b7f9c42f0e95bc3/fxgl-17.2.jar!/fxglassets/ui/fonts/TerminalLandMono-Regular.otf
16:58:34.846 [FXGL Background Thread 4 ] DEBUG FXGLAssetLoaderServi - Loading from file system: jar:file:/C:/Users/ethan/.gradle/caches/modules-2/files-2.1/com.github.almasb/fxgl/17.2/35db6ae960eec2dcfd19262d3b7f9c42f0e95bc3/fxgl-17.2.jar!/fxglassets/ui/fonts/Courier-Prime.ttf
16:58:34.852 [JavaFX Application Thread] DEBUG FXGLAssetLoaderServi - Loading from file system: jar:file:/C:/Users/ethan/.gradle/caches/modules-2/files-2.1/com.github.almasb/fxgl/17.2/35db6ae960eec2dcfd19262d3b7f9c42f0e95bc3/fxgl-17.2.jar!/fxglassets/textures/fxgl_default_cursor.png
16:58:34.858 [JavaFX Application Thread] DEBUG Input                - Registered new binding: Screenshot - CTRL+8
16:58:34.859 [JavaFX Application Thread] DEBUG Input                - Registered new binding: System info dump - CTRL+9
16:58:34.859 [JavaFX Application Thread] DEBUG Input                - Registered new binding: Restart - CTRL+R
16:58:34.860 [JavaFX Application Thread] DEBUG Input                - Registered new binding: Toggle Debug Camera - CTRL+7
16:58:34.864 [JavaFX Application Thread] DEBUG LoopRunner           - Starting loop
16:58:34.864 [JavaFX Application Thread] DEBUG LoopRunner           - Initializing JavaFX AnimationTimerLoop
16:58:34.865 [JavaFX Application Thread] DEBUG GameApplicationServi - Starting new game
16:58:34.865 [JavaFX Application Thread] DEBUG Input                - Clearing active input actions
16:58:34.874 [JavaFX Application Thread] DEBUG GameApplicationServi - Removing overlay from FXGLStartupScene and adding to FXGLLoadingScene
16:58:34.874 [JavaFX Application Thread] DEBUG PrimaryStageWindow   - FXGLStartupScene -> FXGLLoadingScene
16:58:34.874 [JavaFX Application Thread] DEBUG GameApplicationServi - Clearing previous game
16:58:34.874 [JavaFX Application Thread] DEBUG GameScene            - Clearing game scene
16:58:34.874 [JavaFX Application Thread] DEBUG GameWorld            - Clearing game world
16:58:34.874 [JavaFX Application Thread] DEBUG PhysicsWorld         - Clearing physics world
16:58:34.877 [FXGL Background Thread 4 ] DEBUG FXGLApplication      - Initializing game
16:58:34.878 [JavaFX Application Thread] DEBUG FXGLApplication      - Registering font factories with UI factory
16:58:34.903 [FXGL Background Thread 4 ] DEBUG FXGLAssetLoaderServi - Loading from file system: file:/C:/Users/ethan/Downloads/animals-revenge/build/resources/main/assets/ui/Home.fxml
16:58:35.112 [FXGL Background Thread 2 ] INFO  UpdaterService       - Your current version:  17.2
16:58:35.112 [FXGL Background Thread 2 ] INFO  UpdaterService       - Latest stable version: 17.3
16:58:35.165 [FXGL Background Thread 4 ] INFO  FXGLApplication      - Game initialization took: 0.288 sec
16:58:35.166 [JavaFX Application Thread] DEBUG Input                - Clearing active input actions
16:58:35.172 [JavaFX Application Thread] DEBUG GameApplicationServi - Removing overlay from FXGLLoadingScene and adding to GameScene
16:58:35.172 [JavaFX Application Thread] DEBUG PrimaryStageWindow   - FXGLLoadingScene -> GameScene
16:58:36.366 [JavaFX Application Thread] DEBUG FXGLAssetLoaderServi - Loading from file system: file:/C:/Users/ethan/Downloads/animals-revenge/build/resources/main/assets/ui/Simulator.fxml
16:58:36.417 [JavaFX Application Thread] DEBUG FXGLAssetLoaderServi - Loading from file system: file:/C:/Users/ethan/Downloads/animals-revenge/build/resources/main/assets/textures/cannon.png
16:58:37.801 [FXGL Background Thread 3 ] DEBUG Engine               - Logging environment variables
16:58:37.801 [FXGL Background Thread 3 ] DEBUG Engine               - achievements: []
16:58:37.801 [FXGL Background Thread 3 ] DEBUG Engine               - actualHeight: 820.0
16:58:37.801 [FXGL Background Thread 3 ] DEBUG Engine               - actualHeightProperty: ReadOnlyDoubleProperty [value: 820.0]
16:58:37.801 [FXGL Background Thread 3 ] DEBUG Engine               - actualWidth: 1480.0
16:58:37.801 [FXGL Background Thread 3 ] DEBUG Engine               - actualWidthProperty: ReadOnlyDoubleProperty [value: 1480.0]
16:58:37.801 [FXGL Background Thread 3 ] DEBUG Engine               - appIcon: fxgl_icon.png
16:58:37.801 [FXGL Background Thread 3 ] DEBUG Engine               - applicationMode: DEVELOPER
16:58:37.801 [FXGL Background Thread 3 ] DEBUG Engine               - cSSList: [fxgl_dark.css]
16:58:37.801 [FXGL Background Thread 3 ] DEBUG Engine               - collisionDetectionStrategy: BRUTE_FORCE
16:58:37.801 [FXGL Background Thread 3 ] DEBUG Engine               - configClass: Optional.empty
16:58:37.801 [FXGL Background Thread 3 ] DEBUG Engine               - credits: []
16:58:37.802 [FXGL Background Thread 3 ] DEBUG Engine               - defaultCursor: CursorInfo(imageName=fxgl_default_cursor.png, hotspotX=7.0, hotspotY=6.0)
16:58:37.802 [FXGL Background Thread 3 ] DEBUG Engine               - devBBoxColorProperty: ObjectProperty [value: 0xff0000ff]
16:58:37.802 [FXGL Background Thread 3 ] DEBUG Engine               - devEnableDebugCameraProperty: BooleanProperty [value: false]
16:58:37.802 [FXGL Background Thread 3 ] DEBUG Engine               - devSensorColorProperty: ObjectProperty [value: 0xffff00ff]
16:58:37.802 [FXGL Background Thread 3 ] DEBUG Engine               - devShowBBoxProperty: BooleanProperty [value: false]
16:58:37.802 [FXGL Background Thread 3 ] DEBUG Engine               - devShowPositionProperty: BooleanProperty [value: false]
16:58:37.802 [FXGL Background Thread 3 ] DEBUG Engine               - enabledMenuItems: []
16:58:37.803 [FXGL Background Thread 3 ] DEBUG Engine               - engineServices: [class com.almasb.fxgl.app.services.FXGLAssetLoaderService, class com.almasb.fxgl.app.FXGLApplication$GameApplicationService, class com.almasb.fxgl.app.services.FXGLDialogService, class com.almasb.fxgl.app.services.IOTaskExecutorService, class com.almasb.fxgl.io.FileSystemService, class com.almasb.fxgl.localization.LocalizationService, class com.almasb.fxgl.app.services.SystemBundleService, class com.almasb.fxgl.profile.SaveLoadService, class com.almasb.fxgl.ui.FXGLUIFactoryServiceProvider, class com.almasb.fxgl.ui.FXGLDialogFactoryServiceProvider, class com.almasb.fxgl.audio.AudioPlayer, class com.almasb.fxgl.notification.impl.NotificationServiceProvider, class com.almasb.fxgl.achievement.AchievementService, class com.almasb.fxgl.cutscene.CutsceneService, class com.almasb.fxgl.minigames.MiniGameService, class com.almasb.fxgl.net.NetService, class com.almasb.fxgl.app.services.UpdaterService, class com.almasb.fxgl.dev.DevService]
16:58:37.803 [FXGL Background Thread 3 ] DEBUG Engine               - fontGame: Abel-Regular.ttf
16:58:37.803 [FXGL Background Thread 3 ] DEBUG Engine               - fontMono: TerminalLandMono-Regular.otf
16:58:37.803 [FXGL Background Thread 3 ] DEBUG Engine               - fontText: Courier-Prime.ttf
16:58:37.803 [FXGL Background Thread 3 ] DEBUG Engine               - fontUI: VarelaRound-Regular.ttf
16:58:37.803 [FXGL Background Thread 3 ] DEBUG Engine               - fullScreen: BooleanProperty [value: false]
16:58:37.803 [FXGL Background Thread 3 ] DEBUG Engine               - gameDifficulty: MEDIUM
16:58:37.803 [FXGL Background Thread 3 ] DEBUG Engine               - gameDifficultyProperty: ObjectProperty [value: MEDIUM]
16:58:37.803 [FXGL Background Thread 3 ] DEBUG Engine               - globalMusicVolume: 0.5
16:58:37.803 [FXGL Background Thread 3 ] DEBUG Engine               - globalMusicVolumeProperty: DoubleProperty [value: 0.5]
16:58:37.803 [FXGL Background Thread 3 ] DEBUG Engine               - globalSoundVolume: 0.5
16:58:37.803 [FXGL Background Thread 3 ] DEBUG Engine               - globalSoundVolumeProperty: DoubleProperty [value: 0.5]
16:58:37.803 [FXGL Background Thread 3 ] DEBUG Engine               - height: 820
16:58:37.803 [FXGL Background Thread 3 ] DEBUG Engine               - is3D: false
16:58:37.803 [FXGL Background Thread 3 ] DEBUG Engine               - isAndroid: false
16:58:37.803 [FXGL Background Thread 3 ] DEBUG Engine               - isBrowser: false
16:58:37.803 [FXGL Background Thread 3 ] DEBUG Engine               - isClickFeedbackEnabled: false
16:58:37.803 [FXGL Background Thread 3 ] DEBUG Engine               - isCloseConfirmation: false
16:58:37.803 [FXGL Background Thread 3 ] DEBUG Engine               - isDesktop: true
16:58:37.803 [FXGL Background Thread 3 ] DEBUG Engine               - isDeveloperMenuEnabled: false
16:58:37.803 [FXGL Background Thread 3 ] DEBUG Engine               - isEmbedded: false
16:58:37.803 [FXGL Background Thread 3 ] DEBUG Engine               - isEntityPreloadEnabled: true
16:58:37.803 [FXGL Background Thread 3 ] DEBUG Engine               - isExperimentalTiledLargeMap: false
16:58:37.803 [FXGL Background Thread 3 ] DEBUG Engine               - isFileSystemWriteAllowed: true
16:58:37.803 [FXGL Background Thread 3 ] DEBUG Engine               - isFullScreenAllowed: false
16:58:37.803 [FXGL Background Thread 3 ] DEBUG Engine               - isFullScreenFromStart: false
16:58:37.803 [FXGL Background Thread 3 ] DEBUG Engine               - isGameMenuEnabled: false
16:58:37.803 [FXGL Background Thread 3 ] DEBUG Engine               - isIOS: false
16:58:37.803 [FXGL Background Thread 3 ] DEBUG Engine               - isIntroEnabled: false
16:58:37.803 [FXGL Background Thread 3 ] DEBUG Engine               - isLinux: false
16:58:37.803 [FXGL Background Thread 3 ] DEBUG Engine               - isMac: false
16:58:37.803 [FXGL Background Thread 3 ] DEBUG Engine               - isMainMenuEnabled: false
16:58:37.803 [FXGL Background Thread 3 ] DEBUG Engine               - isManualResizeEnabled: false
16:58:37.803 [FXGL Background Thread 3 ] DEBUG Engine               - isMobile: false
16:58:37.803 [FXGL Background Thread 3 ] DEBUG Engine               - isNative: false
16:58:37.803 [FXGL Background Thread 3 ] DEBUG Engine               - isPauseMusicWhenMinimized: true
16:58:37.803 [FXGL Background Thread 3 ] DEBUG Engine               - isPreserveResizeRatio: false
16:58:37.803 [FXGL Background Thread 3 ] DEBUG Engine               - isProfilingEnabled: false
16:58:37.803 [FXGL Background Thread 3 ] DEBUG Engine               - isScaleAffectedOnResize: true
16:58:37.803 [FXGL Background Thread 3 ] DEBUG Engine               - isSingleStep: false
16:58:37.803 [FXGL Background Thread 3 ] DEBUG Engine               - isUserProfileEnabled: false
16:58:37.803 [FXGL Background Thread 3 ] DEBUG Engine               - isWindows: true
16:58:37.803 [FXGL Background Thread 3 ] DEBUG Engine               - language: ObjectProperty [value: ENGLISH]
16:58:37.803 [FXGL Background Thread 3 ] DEBUG Engine               - menuKey: ESCAPE
16:58:37.803 [FXGL Background Thread 3 ] DEBUG Engine               - mouseSensitivity: 0.2
16:58:37.803 [FXGL Background Thread 3 ] DEBUG Engine               - notificationViewClass: class com.almasb.fxgl.notification.view.XboxNotificationView
16:58:37.803 [FXGL Background Thread 3 ] DEBUG Engine               - pixelsPerMeter: 50.0
16:58:37.803 [FXGL Background Thread 3 ] DEBUG Engine               - platform: WINDOWS
16:58:37.805 [FXGL Background Thread 3 ] DEBUG Engine               - prefHeightProperty: ReadOnlyDoubleProperty [value: 820.0]
16:58:37.805 [FXGL Background Thread 3 ] DEBUG Engine               - prefWidthProperty: ReadOnlyDoubleProperty [value: 1480.0]
16:58:37.805 [FXGL Background Thread 3 ] DEBUG Engine               - profileDir: profiles/
16:58:37.805 [FXGL Background Thread 3 ] DEBUG Engine               - profileName: StringProperty [value: DEFAULT]
16:58:37.805 [FXGL Background Thread 3 ] DEBUG Engine               - randomSeed: -1
16:58:37.805 [FXGL Background Thread 3 ] DEBUG Engine               - runtimeInfo: RuntimeInfo(platform=WINDOWS, version=17.2, build=20.08.2022 16.50)
16:58:37.805 [FXGL Background Thread 3 ] DEBUG Engine               - saveFileExt: sav
16:58:37.805 [FXGL Background Thread 3 ] DEBUG Engine               - scaledHeightProp$fxgl: DoubleProperty [bound, value: 820.0]
16:58:37.805 [FXGL Background Thread 3 ] DEBUG Engine               - scaledWidthProp$fxgl: DoubleProperty [bound, value: 1480.0]
16:58:37.805 [FXGL Background Thread 3 ] DEBUG Engine               - sceneFactory: com.almasb.fxgl.app.scene.SceneFactory@59198ba9
16:58:37.805 [FXGL Background Thread 3 ] DEBUG Engine               - secondsIn24h: 60
16:58:37.805 [FXGL Background Thread 3 ] DEBUG Engine               - soundMenuBack: menu/back.wav
16:58:37.805 [FXGL Background Thread 3 ] DEBUG Engine               - soundMenuPress: menu/press.wav
16:58:37.805 [FXGL Background Thread 3 ] DEBUG Engine               - soundMenuSelect: menu/select.wav
16:58:37.805 [FXGL Background Thread 3 ] DEBUG Engine               - soundNotification: core/notification.wav
16:58:37.805 [FXGL Background Thread 3 ] DEBUG Engine               - stageStyle: DECORATED
16:58:37.805 [FXGL Background Thread 3 ] DEBUG Engine               - supportedLanguages: [ENGLISH, FRENCH, GERMAN, HUNGARIAN, RUSSIAN]
16:58:37.805 [FXGL Background Thread 3 ] DEBUG Engine               - ticksPerSecond: -1
16:58:37.805 [FXGL Background Thread 3 ] DEBUG Engine               - title: Untitled
16:58:37.805 [FXGL Background Thread 3 ] DEBUG Engine               - urlGithub: https://github.com/AlmasB/FXGL
16:58:37.805 [FXGL Background Thread 3 ] DEBUG Engine               - urlLeaderboard: http://fxgl-top.herokuapp.com/
16:58:37.805 [FXGL Background Thread 3 ] DEBUG Engine               - urlPOM: https://raw.githubusercontent.com/AlmasB/FXGL/release/README.md
16:58:37.805 [FXGL Background Thread 3 ] DEBUG Engine               - userAppClass: class edu.vanier.animals_revenge.MainApp
16:58:37.805 [FXGL Background Thread 3 ] DEBUG Engine               - version: 0.0
16:58:37.805 [FXGL Background Thread 3 ] DEBUG Engine               - versionCheckDays: 7
16:58:37.805 [FXGL Background Thread 3 ] DEBUG Engine               - width: 1480
16:58:37.805 [FXGL Background Thread 3 ] DEBUG Engine               - Logging services
16:58:37.805 [FXGL Background Thread 3 ] DEBUG Engine               - class com.almasb.fxgl.app.services.FXGLAssetLoaderService
16:58:37.805 [FXGL Background Thread 3 ] DEBUG Engine               - class com.almasb.fxgl.app.FXGLApplication$GameApplicationService
16:58:37.805 [FXGL Background Thread 3 ] DEBUG Engine               - class com.almasb.fxgl.app.services.FXGLDialogService
16:58:37.805 [FXGL Background Thread 3 ] DEBUG Engine               - class com.almasb.fxgl.app.services.IOTaskExecutorService
16:58:37.805 [FXGL Background Thread 3 ] DEBUG Engine               - class com.almasb.fxgl.io.FileSystemService
16:58:37.805 [FXGL Background Thread 3 ] DEBUG Engine               - class com.almasb.fxgl.localization.LocalizationService
16:58:37.805 [FXGL Background Thread 3 ] DEBUG Engine               - class com.almasb.fxgl.app.services.SystemBundleService
16:58:37.805 [FXGL Background Thread 3 ] DEBUG Engine               - class com.almasb.fxgl.profile.SaveLoadService
16:58:37.805 [FXGL Background Thread 3 ] DEBUG Engine               - class com.almasb.fxgl.ui.FXGLUIFactoryServiceProvider
16:58:37.806 [FXGL Background Thread 3 ] DEBUG Engine               - class com.almasb.fxgl.ui.FXGLDialogFactoryServiceProvider
16:58:37.806 [FXGL Background Thread 3 ] DEBUG Engine               - class com.almasb.fxgl.audio.AudioPlayer
16:58:37.806 [FXGL Background Thread 3 ] DEBUG Engine               - class com.almasb.fxgl.notification.impl.NotificationServiceProvider
16:58:37.806 [FXGL Background Thread 3 ] DEBUG Engine               - class com.almasb.fxgl.achievement.AchievementService
16:58:37.806 [FXGL Background Thread 3 ] DEBUG Engine               - class com.almasb.fxgl.cutscene.CutsceneService
16:58:37.806 [FXGL Background Thread 3 ] DEBUG Engine               - class com.almasb.fxgl.minigames.MiniGameService
16:58:37.806 [FXGL Background Thread 3 ] DEBUG Engine               - class com.almasb.fxgl.net.NetService
16:58:37.806 [FXGL Background Thread 3 ] DEBUG Engine               - class com.almasb.fxgl.app.services.UpdaterService
16:58:37.806 [FXGL Background Thread 3 ] DEBUG Engine               - class com.almasb.fxgl.dev.DevService
16:58:40.711 [JavaFX Application Thread] DEBUG FXGLAssetLoaderServi - Loading from file system: file:/C:/Users/ethan/Downloads/animals-revenge/build/resources/main/assets/textures/soccer.png
16:58:43.309 [JavaFX Application Thread] DEBUG FXGLApplication      - Exiting FXGL
16:58:43.309 [JavaFX Application Thread] DEBUG LoopRunner           - Stopping loop
16:58:43.309 [JavaFX Application Thread] DEBUG SystemBundleService  - Saving FXGL system data
16:58:43.310 [JavaFX Application Thread] DEBUG FileSystemAccess     - Writing to: C:\Users\ethan\Downloads\animals-revenge\system\fxgl.bundle
16:58:43.311 [JavaFX Application Thread] DEBUG Async                - Shutting down background threads
16:58:43.312 [JavaFX Application Thread] DEBUG PrimaryStageWindow   - Closing main window
16:58:43.322 [JavaFX Application Thread] DEBUG Logger               - Closing Logger
