01:40:24.861 [main                     ] DEBUG Logger               - Configured Logger
01:40:24.870 [main                     ] DEBUG GameApplication      - Logging settings
Title: Untitled
Version: 0.0
Width: 1480
Height: 820
Fullscreen: false
Intro: false
Profiling: false
Single step:false
App Mode: DEVELOPER
Menu Key: ESCAPE
Stage Style: DECORATED
Scene Factory: class com.almasb.fxgl.app.scene.SceneFactory

01:40:25.115 [JavaFX Application Thread] DEBUG FXGLApplication      - Initializing FXGL
01:40:25.120 [JavaFX Application Thread] INFO  Engine               - FXGL-17.2 (20.08.2022 16.50) on WINDOWS (J:18.0.2.1 FX:20.0.2)
01:40:25.120 [JavaFX Application Thread] DEBUG Engine               - JRE Vendor Name: Oracle Corporation
01:40:25.120 [JavaFX Application Thread] DEBUG Engine               - Running on OS: Windows 11 version 10.0
01:40:25.120 [JavaFX Application Thread] DEBUG Engine               - Architecture: amd64
01:40:25.120 [JavaFX Application Thread] INFO  Engine               - Source code and latest versions at: https://github.com/AlmasB/FXGL
01:40:25.120 [JavaFX Application Thread] INFO  Engine               -       Ask questions and discuss at: https://github.com/AlmasB/FXGL/discussions
01:40:25.121 [JavaFX Application Thread] INFO  Engine               -              Join the FXGL chat at: https://gitter.im/AlmasB/FXGL
01:40:25.171 [JavaFX Application Thread] DEBUG PrimaryStageWindow   - Creating a JavaFX scene
01:40:25.171 [JavaFX Application Thread] DEBUG PrimaryStageWindow   - Target size > screen size
01:40:25.198 [JavaFX Application Thread] DEBUG PrimaryStageWindow   - Target settings size: 1480.0 x 820.0
01:40:25.199 [JavaFX Application Thread] DEBUG PrimaryStageWindow   - Scaled scene size:    1415.0 x 797.0
01:40:25.199 [JavaFX Application Thread] DEBUG PrimaryStageWindow   - Scaled ratio: (0.956081081081081, 0.9719512195121951)
01:40:25.199 [JavaFX Application Thread] DEBUG PrimaryStageWindow   - Set initial scene to FXGLStartupScene
01:40:25.202 [JavaFX Application Thread] DEBUG PrimaryStageWindow   - Opening main window
01:40:25.255 [JavaFX Application Thread] DEBUG PrimaryStageWindow   - Window border size: (13.0, 35.5)
01:40:25.255 [JavaFX Application Thread] DEBUG PrimaryStageWindow   - Scaled size: 1415.0 x 797.0
01:40:25.255 [JavaFX Application Thread] DEBUG PrimaryStageWindow   - Scaled ratio: (0.956081081081081, 0.9719512195121951)
01:40:25.255 [JavaFX Application Thread] DEBUG PrimaryStageWindow   - Scene size: 1415.0 x 797.0
01:40:25.256 [JavaFX Application Thread] DEBUG PrimaryStageWindow   - Stage size: 1428.0 x 832.5
01:40:25.261 [FXGL Background Thread 1 ] DEBUG Engine               - Initializing environment variables
01:40:25.294 [FXGL Background Thread 1 ] DEBUG FXGLAssetLoaderServi - User app class for loading assets: class edu.vanier.animals_revenge.MainApp
01:40:25.294 [FXGL Background Thread 1 ] DEBUG GameApplicationServi - Applying CSS: fxgl_dark.css
01:40:25.295 [FXGL Background Thread 1 ] DEBUG FXGLAssetLoaderServi - Loading from file system: jar:file:/C:/Users/macke/.gradle/caches/modules-2/files-2.1/com.github.almasb/fxgl/17.2/35db6ae960eec2dcfd19262d3b7f9c42f0e95bc3/fxgl-17.2.jar!/fxglassets/ui/css/fxgl_dark.css
01:40:25.323 [FXGL Background Thread 1 ] DEBUG GameApplicationServi - Initializing application scenes
01:40:25.347 [FXGL Background Thread 1 ] DEBUG GameWorld            - Game world initialized
01:40:25.392 [FXGL Background Thread 1 ] DEBUG PhysicsWorld         - Physics world initialized: appHeight=820, physics.ppm=50.0
01:40:25.392 [FXGL Background Thread 1 ] DEBUG PhysicsWorld         - Using strategy: BRUTE_FORCE
01:40:25.395 [FXGL Background Thread 1 ] DEBUG GameScene            - Game scene initialized: 1480x820
01:40:25.395 [FXGL Background Thread 1 ] DEBUG GameApplicationServi - Application scenes initialized
01:40:25.408 [FXGL Background Thread 1 ] DEBUG SystemBundleService  - Loading FXGL system data
01:40:25.411 [FXGL Background Thread 1 ] DEBUG FileSystemAccess     - Reading from: C:\Users\macke\OneDrive\Documents\School\Semester 3\Programming in a Graphical User Interface\Homework\animals-revenge\system\fxgl.bundle
01:40:25.420 [FXGL Background Thread 1 ] DEBUG SystemBundleService  - Bundle FXGL: {}
01:40:25.420 [FXGL Background Thread 1 ] DEBUG UpdaterService       - Checking for updates
01:40:25.428 [FXGL Background Thread 4 ] DEBUG FXGLApplication      - Loading fonts
01:40:25.428 [FXGL Background Thread 4 ] DEBUG FXGLAssetLoaderServi - Loading from file system: jar:file:/C:/Users/macke/.gradle/caches/modules-2/files-2.1/com.github.almasb/fxgl/17.2/35db6ae960eec2dcfd19262d3b7f9c42f0e95bc3/fxgl-17.2.jar!/fxglassets/ui/fonts/VarelaRound-Regular.ttf
01:40:25.431 [FXGL Background Thread 1 ] DEBUG FXGLApplication      - Loading default localization
01:40:25.432 [FXGL Background Thread 1 ] DEBUG FXGLAssetLoaderServi - Loading from file system: jar:file:/C:/Users/macke/.gradle/caches/modules-2/files-2.1/com.github.almasb/fxgl/17.2/35db6ae960eec2dcfd19262d3b7f9c42f0e95bc3/fxgl-17.2.jar!/fxglassets/languages/english.lang
01:40:25.459 [FXGL Background Thread 1 ] INFO  FXGLApplication      - FXGL initialization took: 0.198 sec
01:40:25.462 [JavaFX Application Thread] DEBUG Input                - Registered new binding: Launch - RMB
01:40:25.463 [JavaFX Application Thread] DEBUG Input                - Registered new binding: Create - LMB
01:40:25.463 [JavaFX Application Thread] DEBUG Input                - Registered new binding: Drag - CTRL+LMB
01:40:25.463 [JavaFX Application Thread] DEBUG FXGLAssetLoaderServi - Loading from file system: jar:file:/C:/Users/macke/.gradle/caches/modules-2/files-2.1/com.github.almasb/fxgl/17.2/35db6ae960eec2dcfd19262d3b7f9c42f0e95bc3/fxgl-17.2.jar!/fxglassets/textures/fxgl_icon.png
01:40:25.506 [FXGL Background Thread 4 ] DEBUG FXGLAssetLoaderServi - Loading from file system: jar:file:/C:/Users/macke/.gradle/caches/modules-2/files-2.1/com.github.almasb/fxgl/17.2/35db6ae960eec2dcfd19262d3b7f9c42f0e95bc3/fxgl-17.2.jar!/fxglassets/ui/fonts/Abel-Regular.ttf
01:40:25.510 [JavaFX Application Thread] DEBUG FXGLAssetLoaderServi - Loading from file system: jar:file:/C:/Users/macke/.gradle/caches/modules-2/files-2.1/com.github.almasb/fxgl/17.2/35db6ae960eec2dcfd19262d3b7f9c42f0e95bc3/fxgl-17.2.jar!/fxglassets/textures/fxgl_default_cursor.png
01:40:25.510 [FXGL Background Thread 4 ] DEBUG FXGLAssetLoaderServi - Loading from file system: jar:file:/C:/Users/macke/.gradle/caches/modules-2/files-2.1/com.github.almasb/fxgl/17.2/35db6ae960eec2dcfd19262d3b7f9c42f0e95bc3/fxgl-17.2.jar!/fxglassets/ui/fonts/TerminalLandMono-Regular.otf
01:40:25.514 [FXGL Background Thread 4 ] DEBUG FXGLAssetLoaderServi - Loading from file system: jar:file:/C:/Users/macke/.gradle/caches/modules-2/files-2.1/com.github.almasb/fxgl/17.2/35db6ae960eec2dcfd19262d3b7f9c42f0e95bc3/fxgl-17.2.jar!/fxglassets/ui/fonts/Courier-Prime.ttf
01:40:25.517 [JavaFX Application Thread] DEBUG Input                - Registered new binding: Screenshot - CTRL+8
01:40:25.517 [JavaFX Application Thread] DEBUG Input                - Registered new binding: System info dump - CTRL+9
01:40:25.518 [JavaFX Application Thread] DEBUG Input                - Registered new binding: Restart - CTRL+R
01:40:25.519 [JavaFX Application Thread] DEBUG Input                - Registered new binding: Toggle Debug Camera - CTRL+7
01:40:25.521 [JavaFX Application Thread] DEBUG LoopRunner           - Starting loop
01:40:25.521 [JavaFX Application Thread] DEBUG LoopRunner           - Initializing JavaFX AnimationTimerLoop
01:40:25.524 [JavaFX Application Thread] DEBUG GameApplicationServi - Starting new game
01:40:25.525 [JavaFX Application Thread] DEBUG Input                - Clearing active input actions
01:40:25.538 [JavaFX Application Thread] DEBUG GameApplicationServi - Removing overlay from FXGLStartupScene and adding to FXGLLoadingScene
01:40:25.538 [JavaFX Application Thread] DEBUG PrimaryStageWindow   - FXGLStartupScene -> FXGLLoadingScene
01:40:25.540 [JavaFX Application Thread] DEBUG GameApplicationServi - Clearing previous game
01:40:25.540 [JavaFX Application Thread] DEBUG GameScene            - Clearing game scene
01:40:25.540 [JavaFX Application Thread] DEBUG GameWorld            - Clearing game world
01:40:25.540 [JavaFX Application Thread] DEBUG PhysicsWorld         - Clearing physics world
01:40:25.542 [JavaFX Application Thread] DEBUG FXGLApplication      - Registering font factories with UI factory
01:40:25.543 [FXGL Background Thread 4 ] DEBUG FXGLApplication      - Initializing game
01:40:25.571 [FXGL Background Thread 4 ] DEBUG FXGLAssetLoaderServi - Loading from file system: file:/C:/Users/macke/OneDrive/Documents/School/Semester%203/Programming%20in%20a%20Graphical%20User%20Interface/Homework/animals-revenge/build/resources/main/assets/ui/Home.fxml
01:40:25.795 [FXGL Background Thread 2 ] INFO  UpdaterService       - Your current version:  17.2
01:40:25.795 [FXGL Background Thread 2 ] INFO  UpdaterService       - Latest stable version: 17.3
01:40:25.841 [FXGL Background Thread 4 ] INFO  FXGLApplication      - Game initialization took: 0.298 sec
01:40:25.842 [JavaFX Application Thread] DEBUG Input                - Clearing active input actions
01:40:25.850 [JavaFX Application Thread] DEBUG GameApplicationServi - Removing overlay from FXGLLoadingScene and adding to GameScene
01:40:25.851 [JavaFX Application Thread] DEBUG PrimaryStageWindow   - FXGLLoadingScene -> GameScene
01:40:27.853 [JavaFX Application Thread] DEBUG FXGLAssetLoaderServi - Loading from file system: file:/C:/Users/macke/OneDrive/Documents/School/Semester%203/Programming%20in%20a%20Graphical%20User%20Interface/Homework/animals-revenge/build/resources/main/assets/ui/1CustomProjectile.fxml
01:40:28.427 [FXGL Background Thread 3 ] DEBUG Engine               - Logging environment variables
01:40:28.428 [FXGL Background Thread 3 ] DEBUG Engine               - achievements: []
01:40:28.428 [FXGL Background Thread 3 ] DEBUG Engine               - actualHeight: 797.0
01:40:28.428 [FXGL Background Thread 3 ] DEBUG Engine               - actualHeightProperty: ReadOnlyDoubleProperty [value: 797.0]
01:40:28.429 [FXGL Background Thread 3 ] DEBUG Engine               - actualWidth: 1415.0
01:40:28.429 [FXGL Background Thread 3 ] DEBUG Engine               - actualWidthProperty: ReadOnlyDoubleProperty [value: 1415.0]
01:40:28.430 [FXGL Background Thread 3 ] DEBUG Engine               - appIcon: fxgl_icon.png
01:40:28.430 [FXGL Background Thread 3 ] DEBUG Engine               - applicationMode: DEVELOPER
01:40:28.430 [FXGL Background Thread 3 ] DEBUG Engine               - cSSList: [fxgl_dark.css]
01:40:28.430 [FXGL Background Thread 3 ] DEBUG Engine               - collisionDetectionStrategy: BRUTE_FORCE
01:40:28.430 [FXGL Background Thread 3 ] DEBUG Engine               - configClass: Optional.empty
01:40:28.430 [FXGL Background Thread 3 ] DEBUG Engine               - credits: []
01:40:28.432 [FXGL Background Thread 3 ] DEBUG Engine               - defaultCursor: CursorInfo(imageName=fxgl_default_cursor.png, hotspotX=7.0, hotspotY=6.0)
01:40:28.432 [FXGL Background Thread 3 ] DEBUG Engine               - devBBoxColorProperty: ObjectProperty [value: 0xff0000ff]
01:40:28.432 [FXGL Background Thread 3 ] DEBUG Engine               - devEnableDebugCameraProperty: BooleanProperty [value: false]
01:40:28.432 [FXGL Background Thread 3 ] DEBUG Engine               - devSensorColorProperty: ObjectProperty [value: 0xffff00ff]
01:40:28.432 [FXGL Background Thread 3 ] DEBUG Engine               - devShowBBoxProperty: BooleanProperty [value: false]
01:40:28.432 [FXGL Background Thread 3 ] DEBUG Engine               - devShowPositionProperty: BooleanProperty [value: false]
01:40:28.432 [FXGL Background Thread 3 ] DEBUG Engine               - enabledMenuItems: []
01:40:28.432 [FXGL Background Thread 3 ] DEBUG Engine               - engineServices: [class com.almasb.fxgl.app.services.FXGLAssetLoaderService, class com.almasb.fxgl.app.FXGLApplication$GameApplicationService, class com.almasb.fxgl.app.services.FXGLDialogService, class com.almasb.fxgl.app.services.IOTaskExecutorService, class com.almasb.fxgl.io.FileSystemService, class com.almasb.fxgl.localization.LocalizationService, class com.almasb.fxgl.app.services.SystemBundleService, class com.almasb.fxgl.profile.SaveLoadService, class com.almasb.fxgl.ui.FXGLUIFactoryServiceProvider, class com.almasb.fxgl.ui.FXGLDialogFactoryServiceProvider, class com.almasb.fxgl.audio.AudioPlayer, class com.almasb.fxgl.notification.impl.NotificationServiceProvider, class com.almasb.fxgl.achievement.AchievementService, class com.almasb.fxgl.cutscene.CutsceneService, class com.almasb.fxgl.minigames.MiniGameService, class com.almasb.fxgl.net.NetService, class com.almasb.fxgl.app.services.UpdaterService, class com.almasb.fxgl.dev.DevService]
01:40:28.432 [FXGL Background Thread 3 ] DEBUG Engine               - fontGame: Abel-Regular.ttf
01:40:28.433 [FXGL Background Thread 3 ] DEBUG Engine               - fontMono: TerminalLandMono-Regular.otf
01:40:28.433 [FXGL Background Thread 3 ] DEBUG Engine               - fontText: Courier-Prime.ttf
01:40:28.433 [FXGL Background Thread 3 ] DEBUG Engine               - fontUI: VarelaRound-Regular.ttf
01:40:28.433 [FXGL Background Thread 3 ] DEBUG Engine               - fullScreen: BooleanProperty [value: false]
01:40:28.433 [FXGL Background Thread 3 ] DEBUG Engine               - gameDifficulty: MEDIUM
01:40:28.433 [FXGL Background Thread 3 ] DEBUG Engine               - gameDifficultyProperty: ObjectProperty [value: MEDIUM]
01:40:28.433 [FXGL Background Thread 3 ] DEBUG Engine               - globalMusicVolume: 0.5
01:40:28.433 [FXGL Background Thread 3 ] DEBUG Engine               - globalMusicVolumeProperty: DoubleProperty [value: 0.5]
01:40:28.433 [FXGL Background Thread 3 ] DEBUG Engine               - globalSoundVolume: 0.5
01:40:28.433 [FXGL Background Thread 3 ] DEBUG Engine               - globalSoundVolumeProperty: DoubleProperty [value: 0.5]
01:40:28.433 [FXGL Background Thread 3 ] DEBUG Engine               - height: 820
01:40:28.433 [FXGL Background Thread 3 ] DEBUG Engine               - is3D: false
01:40:28.433 [FXGL Background Thread 3 ] DEBUG Engine               - isAndroid: false
01:40:28.433 [FXGL Background Thread 3 ] DEBUG Engine               - isBrowser: false
01:40:28.433 [FXGL Background Thread 3 ] DEBUG Engine               - isClickFeedbackEnabled: false
01:40:28.433 [FXGL Background Thread 3 ] DEBUG Engine               - isCloseConfirmation: false
01:40:28.433 [FXGL Background Thread 3 ] DEBUG Engine               - isDesktop: true
01:40:28.433 [FXGL Background Thread 3 ] DEBUG Engine               - isDeveloperMenuEnabled: false
01:40:28.433 [FXGL Background Thread 3 ] DEBUG Engine               - isEmbedded: false
01:40:28.433 [FXGL Background Thread 3 ] DEBUG Engine               - isEntityPreloadEnabled: true
01:40:28.433 [FXGL Background Thread 3 ] DEBUG Engine               - isExperimentalTiledLargeMap: false
01:40:28.434 [FXGL Background Thread 3 ] DEBUG Engine               - isFileSystemWriteAllowed: true
01:40:28.434 [FXGL Background Thread 3 ] DEBUG Engine               - isFullScreenAllowed: false
01:40:28.434 [FXGL Background Thread 3 ] DEBUG Engine               - isFullScreenFromStart: false
01:40:28.434 [FXGL Background Thread 3 ] DEBUG Engine               - isGameMenuEnabled: false
01:40:28.434 [FXGL Background Thread 3 ] DEBUG Engine               - isIOS: false
01:40:28.434 [FXGL Background Thread 3 ] DEBUG Engine               - isIntroEnabled: false
01:40:28.434 [FXGL Background Thread 3 ] DEBUG Engine               - isLinux: false
01:40:28.434 [FXGL Background Thread 3 ] DEBUG Engine               - isMac: false
01:40:28.434 [FXGL Background Thread 3 ] DEBUG Engine               - isMainMenuEnabled: false
01:40:28.434 [FXGL Background Thread 3 ] DEBUG Engine               - isManualResizeEnabled: false
01:40:28.434 [FXGL Background Thread 3 ] DEBUG Engine               - isMobile: false
01:40:28.434 [FXGL Background Thread 3 ] DEBUG Engine               - isNative: false
01:40:28.434 [FXGL Background Thread 3 ] DEBUG Engine               - isPauseMusicWhenMinimized: true
01:40:28.434 [FXGL Background Thread 3 ] DEBUG Engine               - isPreserveResizeRatio: false
01:40:28.434 [FXGL Background Thread 3 ] DEBUG Engine               - isProfilingEnabled: false
01:40:28.434 [FXGL Background Thread 3 ] DEBUG Engine               - isScaleAffectedOnResize: true
01:40:28.434 [FXGL Background Thread 3 ] DEBUG Engine               - isSingleStep: false
01:40:28.434 [FXGL Background Thread 3 ] DEBUG Engine               - isUserProfileEnabled: false
01:40:28.434 [FXGL Background Thread 3 ] DEBUG Engine               - isWindows: true
01:40:28.435 [FXGL Background Thread 3 ] DEBUG Engine               - language: ObjectProperty [value: ENGLISH]
01:40:28.435 [FXGL Background Thread 3 ] DEBUG Engine               - menuKey: ESCAPE
01:40:28.435 [FXGL Background Thread 3 ] DEBUG Engine               - mouseSensitivity: 0.2
01:40:28.435 [FXGL Background Thread 3 ] DEBUG Engine               - notificationViewClass: class com.almasb.fxgl.notification.view.XboxNotificationView
01:40:28.435 [FXGL Background Thread 3 ] DEBUG Engine               - pixelsPerMeter: 50.0
01:40:28.435 [FXGL Background Thread 3 ] DEBUG Engine               - platform: WINDOWS
01:40:28.435 [FXGL Background Thread 3 ] DEBUG Engine               - prefHeightProperty: ReadOnlyDoubleProperty [value: 820.0]
01:40:28.435 [FXGL Background Thread 3 ] DEBUG Engine               - prefWidthProperty: ReadOnlyDoubleProperty [value: 1480.0]
01:40:28.435 [FXGL Background Thread 3 ] DEBUG Engine               - profileDir: profiles/
01:40:28.435 [FXGL Background Thread 3 ] DEBUG Engine               - profileName: StringProperty [value: DEFAULT]
01:40:28.435 [FXGL Background Thread 3 ] DEBUG Engine               - randomSeed: -1
01:40:28.436 [FXGL Background Thread 3 ] DEBUG Engine               - runtimeInfo: RuntimeInfo(platform=WINDOWS, version=17.2, build=20.08.2022 16.50)
01:40:28.436 [FXGL Background Thread 3 ] DEBUG Engine               - saveFileExt: sav
01:40:28.436 [FXGL Background Thread 3 ] DEBUG Engine               - scaledHeightProp$fxgl: DoubleProperty [bound, value: 797.0]
01:40:28.436 [FXGL Background Thread 3 ] DEBUG Engine               - scaledWidthProp$fxgl: DoubleProperty [bound, value: 1415.0]
01:40:28.436 [FXGL Background Thread 3 ] DEBUG Engine               - sceneFactory: com.almasb.fxgl.app.scene.SceneFactory@d515d6a
01:40:28.436 [FXGL Background Thread 3 ] DEBUG Engine               - secondsIn24h: 60
01:40:28.436 [FXGL Background Thread 3 ] DEBUG Engine               - soundMenuBack: menu/back.wav
01:40:28.436 [FXGL Background Thread 3 ] DEBUG Engine               - soundMenuPress: menu/press.wav
01:40:28.436 [FXGL Background Thread 3 ] DEBUG Engine               - soundMenuSelect: menu/select.wav
01:40:28.436 [FXGL Background Thread 3 ] DEBUG Engine               - soundNotification: core/notification.wav
01:40:28.436 [FXGL Background Thread 3 ] DEBUG Engine               - stageStyle: DECORATED
01:40:28.436 [FXGL Background Thread 3 ] DEBUG Engine               - supportedLanguages: [ENGLISH, FRENCH, GERMAN, HUNGARIAN, RUSSIAN]
01:40:28.436 [FXGL Background Thread 3 ] DEBUG Engine               - ticksPerSecond: -1
01:40:28.436 [FXGL Background Thread 3 ] DEBUG Engine               - title: Untitled
01:40:28.436 [FXGL Background Thread 3 ] DEBUG Engine               - urlGithub: https://github.com/AlmasB/FXGL
01:40:28.436 [FXGL Background Thread 3 ] DEBUG Engine               - urlLeaderboard: http://fxgl-top.herokuapp.com/
01:40:28.436 [FXGL Background Thread 3 ] DEBUG Engine               - urlPOM: https://raw.githubusercontent.com/AlmasB/FXGL/release/README.md
01:40:28.436 [FXGL Background Thread 3 ] DEBUG Engine               - userAppClass: class edu.vanier.animals_revenge.MainApp
01:40:28.436 [FXGL Background Thread 3 ] DEBUG Engine               - version: 0.0
01:40:28.436 [FXGL Background Thread 3 ] DEBUG Engine               - versionCheckDays: 7
01:40:28.436 [FXGL Background Thread 3 ] DEBUG Engine               - width: 1480
01:40:28.436 [FXGL Background Thread 3 ] DEBUG Engine               - Logging services
01:40:28.436 [FXGL Background Thread 3 ] DEBUG Engine               - class com.almasb.fxgl.app.services.FXGLAssetLoaderService
01:40:28.436 [FXGL Background Thread 3 ] DEBUG Engine               - class com.almasb.fxgl.app.FXGLApplication$GameApplicationService
01:40:28.436 [FXGL Background Thread 3 ] DEBUG Engine               - class com.almasb.fxgl.app.services.FXGLDialogService
01:40:28.436 [FXGL Background Thread 3 ] DEBUG Engine               - class com.almasb.fxgl.app.services.IOTaskExecutorService
01:40:28.436 [FXGL Background Thread 3 ] DEBUG Engine               - class com.almasb.fxgl.io.FileSystemService
01:40:28.436 [FXGL Background Thread 3 ] DEBUG Engine               - class com.almasb.fxgl.localization.LocalizationService
01:40:28.436 [FXGL Background Thread 3 ] DEBUG Engine               - class com.almasb.fxgl.app.services.SystemBundleService
01:40:28.436 [FXGL Background Thread 3 ] DEBUG Engine               - class com.almasb.fxgl.profile.SaveLoadService
01:40:28.436 [FXGL Background Thread 3 ] DEBUG Engine               - class com.almasb.fxgl.ui.FXGLUIFactoryServiceProvider
01:40:28.436 [FXGL Background Thread 3 ] DEBUG Engine               - class com.almasb.fxgl.ui.FXGLDialogFactoryServiceProvider
01:40:28.436 [FXGL Background Thread 3 ] DEBUG Engine               - class com.almasb.fxgl.audio.AudioPlayer
01:40:28.436 [FXGL Background Thread 3 ] DEBUG Engine               - class com.almasb.fxgl.notification.impl.NotificationServiceProvider
01:40:28.436 [FXGL Background Thread 3 ] DEBUG Engine               - class com.almasb.fxgl.achievement.AchievementService
01:40:28.436 [FXGL Background Thread 3 ] DEBUG Engine               - class com.almasb.fxgl.cutscene.CutsceneService
01:40:28.436 [FXGL Background Thread 3 ] DEBUG Engine               - class com.almasb.fxgl.minigames.MiniGameService
01:40:28.436 [FXGL Background Thread 3 ] DEBUG Engine               - class com.almasb.fxgl.net.NetService
01:40:28.436 [FXGL Background Thread 3 ] DEBUG Engine               - class com.almasb.fxgl.app.services.UpdaterService
01:40:28.436 [FXGL Background Thread 3 ] DEBUG Engine               - class com.almasb.fxgl.dev.DevService
01:40:32.988 [JavaFX Application Thread] DEBUG FXGLAssetLoaderServi - Loading from file system: file:/C:/Users/macke/OneDrive/Documents/School/Semester%203/Programming%20in%20a%20Graphical%20User%20Interface/Homework/animals-revenge/build/resources/main/assets/ui/Home.fxml
01:40:33.783 [JavaFX Application Thread] DEBUG FXGLAssetLoaderServi - Loading from file system: file:/C:/Users/macke/OneDrive/Documents/School/Semester%203/Programming%20in%20a%20Graphical%20User%20Interface/Homework/animals-revenge/build/resources/main/assets/ui/Simulator.fxml
01:40:33.815 [JavaFX Application Thread] DEBUG FXGLAssetLoaderServi - Loading from file system: file:/C:/Users/macke/OneDrive/Documents/School/Semester%203/Programming%20in%20a%20Graphical%20User%20Interface/Homework/animals-revenge/build/resources/main/assets/textures/cannon.png
01:40:36.249 [JavaFX Application Thread] DEBUG LoopRunner           - Stopping loop
01:40:36.251 [JavaFX Application Thread] FATAL FXGLApplication      - Uncaught Exception:
java.lang.RuntimeException: java.lang.reflect.InvocationTargetException
	at javafx.fxml@20.0.2/javafx.fxml.FXMLLoader$MethodHandler.invoke(FXMLLoader.java:1858)
	at javafx.fxml@20.0.2/javafx.fxml.FXMLLoader$ControllerMethodEventHandler.handle(FXMLLoader.java:1726)
	at javafx.base@20.0.2/com.sun.javafx.event.CompositeEventHandler.dispatchBubblingEvent(CompositeEventHandler.java:86)
	at javafx.base@20.0.2/com.sun.javafx.event.EventHandlerManager.dispatchBubblingEvent(EventHandlerManager.java:232)
	at javafx.base@20.0.2/com.sun.javafx.event.EventHandlerManager.dispatchBubblingEvent(EventHandlerManager.java:189)
	at javafx.base@20.0.2/com.sun.javafx.event.CompositeEventDispatcher.dispatchBubblingEvent(CompositeEventDispatcher.java:59)
	at javafx.base@20.0.2/com.sun.javafx.event.BasicEventDispatcher.dispatchEvent(BasicEventDispatcher.java:58)
	at javafx.base@20.0.2/com.sun.javafx.event.EventDispatchChainImpl.dispatchEvent(EventDispatchChainImpl.java:114)
	at javafx.base@20.0.2/com.sun.javafx.event.BasicEventDispatcher.dispatchEvent(BasicEventDispatcher.java:56)
	at javafx.base@20.0.2/com.sun.javafx.event.EventDispatchChainImpl.dispatchEvent(EventDispatchChainImpl.java:114)
	at javafx.base@20.0.2/com.sun.javafx.event.BasicEventDispatcher.dispatchEvent(BasicEventDispatcher.java:56)
	at javafx.base@20.0.2/com.sun.javafx.event.EventDispatchChainImpl.dispatchEvent(EventDispatchChainImpl.java:114)
	at javafx.base@20.0.2/com.sun.javafx.event.EventUtil.fireEventImpl(EventUtil.java:74)
	at javafx.base@20.0.2/com.sun.javafx.event.EventUtil.fireEvent(EventUtil.java:49)
	at javafx.base@20.0.2/javafx.event.Event.fireEvent(Event.java:198)
	at javafx.graphics@20.0.2/javafx.scene.Node.fireEvent(Node.java:8944)
	at javafx.controls@20.0.2/javafx.scene.control.Button.fire(Button.java:203)
	at javafx.controls@20.0.2/com.sun.javafx.scene.control.behavior.ButtonBehavior.mouseReleased(ButtonBehavior.java:207)
	at javafx.controls@20.0.2/com.sun.javafx.scene.control.inputmap.InputMap.handle(InputMap.java:274)
	at javafx.base@20.0.2/com.sun.javafx.event.CompositeEventHandler$NormalEventHandlerRecord.handleBubblingEvent(CompositeEventHandler.java:247)
	at javafx.base@20.0.2/com.sun.javafx.event.CompositeEventHandler.dispatchBubblingEvent(CompositeEventHandler.java:80)
	at javafx.base@20.0.2/com.sun.javafx.event.EventHandlerManager.dispatchBubblingEvent(EventHandlerManager.java:232)
	at javafx.base@20.0.2/com.sun.javafx.event.EventHandlerManager.dispatchBubblingEvent(EventHandlerManager.java:189)
	at javafx.base@20.0.2/com.sun.javafx.event.CompositeEventDispatcher.dispatchBubblingEvent(CompositeEventDispatcher.java:59)
	at javafx.base@20.0.2/com.sun.javafx.event.BasicEventDispatcher.dispatchEvent(BasicEventDispatcher.java:58)
	at javafx.base@20.0.2/com.sun.javafx.event.EventDispatchChainImpl.dispatchEvent(EventDispatchChainImpl.java:114)
	at javafx.base@20.0.2/com.sun.javafx.event.BasicEventDispatcher.dispatchEvent(BasicEventDispatcher.java:56)
	at javafx.base@20.0.2/com.sun.javafx.event.EventDispatchChainImpl.dispatchEvent(EventDispatchChainImpl.java:114)
	at javafx.base@20.0.2/com.sun.javafx.event.BasicEventDispatcher.dispatchEvent(BasicEventDispatcher.java:56)
	at javafx.base@20.0.2/com.sun.javafx.event.EventDispatchChainImpl.dispatchEvent(EventDispatchChainImpl.java:114)
	at javafx.base@20.0.2/com.sun.javafx.event.EventUtil.fireEventImpl(EventUtil.java:74)
	at javafx.base@20.0.2/com.sun.javafx.event.EventUtil.fireEvent(EventUtil.java:54)
	at javafx.base@20.0.2/javafx.event.Event.fireEvent(Event.java:198)
	at javafx.graphics@20.0.2/javafx.scene.Scene$MouseHandler.process(Scene.java:3980)
	at javafx.graphics@20.0.2/javafx.scene.Scene.processMouseEvent(Scene.java:1890)
	at javafx.graphics@20.0.2/javafx.scene.Scene$ScenePeerListener.mouseEvent(Scene.java:2704)
	at javafx.graphics@20.0.2/com.sun.javafx.tk.quantum.GlassViewEventHandler$MouseEventNotification.run(GlassViewEventHandler.java:411)
	at javafx.graphics@20.0.2/com.sun.javafx.tk.quantum.GlassViewEventHandler$MouseEventNotification.run(GlassViewEventHandler.java:301)
	at java.base/java.security.AccessController.doPrivileged(AccessController.java:399)
	at javafx.graphics@20.0.2/com.sun.javafx.tk.quantum.GlassViewEventHandler.lambda$handleMouseEvent$2(GlassViewEventHandler.java:450)
	at javafx.graphics@20.0.2/com.sun.javafx.tk.quantum.QuantumToolkit.runWithoutRenderLock(QuantumToolkit.java:424)
	at javafx.graphics@20.0.2/com.sun.javafx.tk.quantum.GlassViewEventHandler.handleMouseEvent(GlassViewEventHandler.java:449)
	at javafx.graphics@20.0.2/com.sun.glass.ui.View.handleMouseEvent(View.java:551)
	at javafx.graphics@20.0.2/com.sun.glass.ui.View.notifyMouse(View.java:937)
	at javafx.graphics@20.0.2/com.sun.glass.ui.win.WinApplication._runLoop(Native Method)
	at javafx.graphics@20.0.2/com.sun.glass.ui.win.WinApplication.lambda$runLoop$3(WinApplication.java:185)
	at java.base/java.lang.Thread.run(Thread.java:833)
Caused by: java.lang.reflect.InvocationTargetException
	at java.base/jdk.internal.reflect.DirectMethodHandleAccessor.invoke(DirectMethodHandleAccessor.java:116)
	at java.base/java.lang.reflect.Method.invoke(Method.java:577)
	at com.sun.javafx.reflect.Trampoline.invoke(MethodUtil.java:72)
	at java.base/jdk.internal.reflect.DirectMethodHandleAccessor.invoke(DirectMethodHandleAccessor.java:104)
	at java.base/java.lang.reflect.Method.invoke(Method.java:577)
	at javafx.base@20.0.2/com.sun.javafx.reflect.MethodUtil.invoke(MethodUtil.java:270)
	at javafx.fxml@20.0.2/com.sun.javafx.fxml.MethodHelper.invoke(MethodHelper.java:84)
	at javafx.fxml@20.0.2/javafx.fxml.FXMLLoader$MethodHandler.invoke(FXMLLoader.java:1855)
	... 46 more
Caused by: java.lang.NullPointerException: Cannot invoke "edu.vanier.animals_revenge.models.CustomProjectile.getMass()" because "proj" is null
	at edu.vanier.animals_revenge.MainApp.launch(MainApp.java:231)
	at edu.vanier.animals_revenge.controllers.SimulatorController.launch(SimulatorController.java:197)
	at java.base/jdk.internal.reflect.DirectMethodHandleAccessor.invoke(DirectMethodHandleAccessor.java:104)
	... 53 more

01:40:36.251 [JavaFX Application Thread] FATAL FXGLApplication      - Application will now exit
01:40:36.260 [JavaFX Application Thread] DEBUG PrimaryStageWindow   - Push state: ErrorSubScene
01:40:36.260 [JavaFX Application Thread] DEBUG Input                - Clearing active input actions
01:40:36.262 [JavaFX Application Thread] DEBUG GameApplicationServi - Removing overlay from GameScene and adding to ErrorSubScene
01:40:36.263 [JavaFX Application Thread] DEBUG PrimaryStageWindow   - GameScene -> ErrorSubScene
01:40:39.575 [JavaFX Application Thread] DEBUG FXGLApplication      - Exiting FXGL
01:40:39.575 [JavaFX Application Thread] DEBUG Async                - Shutting down background threads
01:40:39.575 [JavaFX Application Thread] DEBUG PrimaryStageWindow   - Closing main window
01:40:39.596 [JavaFX Application Thread] DEBUG Logger               - Closing Logger
