00:14:03.285 [main                     ] DEBUG Logger               - Configured Logger
00:14:03.293 [main                     ] DEBUG GameApplication      - Logging settings
Title: Untitled
Version: 0.0
Width: 1480
Height: 820
Fullscreen: false
Intro: false
Profiling: false
Single step:false
App Mode: DEVELOPER
Menu Key: ESCAPE
Stage Style: DECORATED
Scene Factory: class com.almasb.fxgl.app.scene.SceneFactory

00:14:03.525 [JavaFX Application Thread] DEBUG FXGLApplication      - Initializing FXGL
00:14:03.529 [JavaFX Application Thread] INFO  Engine               - FXGL-17.2 (20.08.2022 16.50) on WINDOWS (J:18.0.2.1 FX:20.0.2)
00:14:03.529 [JavaFX Application Thread] DEBUG Engine               - JRE Vendor Name: Oracle Corporation
00:14:03.529 [JavaFX Application Thread] DEBUG Engine               - Running on OS: Windows 11 version 10.0
00:14:03.529 [JavaFX Application Thread] DEBUG Engine               - Architecture: amd64
00:14:03.529 [JavaFX Application Thread] INFO  Engine               - Source code and latest versions at: https://github.com/AlmasB/FXGL
00:14:03.529 [JavaFX Application Thread] INFO  Engine               -       Ask questions and discuss at: https://github.com/AlmasB/FXGL/discussions
00:14:03.529 [JavaFX Application Thread] INFO  Engine               -              Join the FXGL chat at: https://gitter.im/AlmasB/FXGL
00:14:03.589 [JavaFX Application Thread] DEBUG PrimaryStageWindow   - Creating a JavaFX scene
00:14:03.617 [JavaFX Application Thread] DEBUG PrimaryStageWindow   - Target settings size: 1480.0 x 820.0
00:14:03.618 [JavaFX Application Thread] DEBUG PrimaryStageWindow   - Scaled scene size:    1480.0 x 820.0
00:14:03.618 [JavaFX Application Thread] DEBUG PrimaryStageWindow   - Scaled ratio: (1.0, 1.0)
00:14:03.618 [JavaFX Application Thread] DEBUG PrimaryStageWindow   - Set initial scene to FXGLStartupScene
00:14:03.621 [JavaFX Application Thread] DEBUG PrimaryStageWindow   - Opening main window
00:14:03.677 [JavaFX Application Thread] DEBUG PrimaryStageWindow   - Window border size: (16.0, 39.0)
00:14:03.677 [JavaFX Application Thread] DEBUG PrimaryStageWindow   - Scaled size: 1480.0 x 820.0
00:14:03.677 [JavaFX Application Thread] DEBUG PrimaryStageWindow   - Scaled ratio: (1.0, 1.0)
00:14:03.677 [JavaFX Application Thread] DEBUG PrimaryStageWindow   - Scene size: 1480.0 x 820.0
00:14:03.678 [JavaFX Application Thread] DEBUG PrimaryStageWindow   - Stage size: 1496.0 x 859.0
00:14:03.682 [FXGL Background Thread 1 ] DEBUG Engine               - Initializing environment variables
00:14:03.704 [FXGL Background Thread 1 ] DEBUG FXGLAssetLoaderServi - User app class for loading assets: class edu.vanier.animals_revenge.MainApp
00:14:03.704 [FXGL Background Thread 1 ] DEBUG GameApplicationServi - Applying CSS: fxgl_dark.css
00:14:03.705 [FXGL Background Thread 1 ] DEBUG FXGLAssetLoaderServi - Loading from file system: jar:file:/C:/Users/ethan/.gradle/caches/modules-2/files-2.1/com.github.almasb/fxgl/17.2/35db6ae960eec2dcfd19262d3b7f9c42f0e95bc3/fxgl-17.2.jar!/fxglassets/ui/css/fxgl_dark.css
00:14:03.728 [FXGL Background Thread 1 ] DEBUG GameApplicationServi - Initializing application scenes
00:14:03.748 [FXGL Background Thread 1 ] DEBUG GameWorld            - Game world initialized
00:14:03.785 [FXGL Background Thread 1 ] DEBUG PhysicsWorld         - Physics world initialized: appHeight=820, physics.ppm=50.0
00:14:03.785 [FXGL Background Thread 1 ] DEBUG PhysicsWorld         - Using strategy: BRUTE_FORCE
00:14:03.788 [FXGL Background Thread 1 ] DEBUG GameScene            - Game scene initialized: 1480x820
00:14:03.788 [FXGL Background Thread 1 ] DEBUG GameApplicationServi - Application scenes initialized
00:14:03.800 [FXGL Background Thread 1 ] DEBUG SystemBundleService  - Loading FXGL system data
00:14:03.803 [FXGL Background Thread 1 ] DEBUG FileSystemAccess     - Reading from: C:\Users\ethan\IdeaProjects\animals-revenge\system\fxgl.bundle
00:14:03.808 [FXGL Background Thread 1 ] DEBUG SystemBundleService  - Bundle FXGL: {}
00:14:03.808 [FXGL Background Thread 1 ] DEBUG UpdaterService       - Checking for updates
00:14:03.811 [FXGL Background Thread 4 ] DEBUG FXGLApplication      - Loading fonts
00:14:03.812 [FXGL Background Thread 4 ] DEBUG FXGLAssetLoaderServi - Loading from file system: jar:file:/C:/Users/ethan/.gradle/caches/modules-2/files-2.1/com.github.almasb/fxgl/17.2/35db6ae960eec2dcfd19262d3b7f9c42f0e95bc3/fxgl-17.2.jar!/fxglassets/ui/fonts/VarelaRound-Regular.ttf
00:14:03.812 [FXGL Background Thread 1 ] DEBUG FXGLApplication      - Loading default localization
00:14:03.813 [FXGL Background Thread 1 ] DEBUG FXGLAssetLoaderServi - Loading from file system: jar:file:/C:/Users/ethan/.gradle/caches/modules-2/files-2.1/com.github.almasb/fxgl/17.2/35db6ae960eec2dcfd19262d3b7f9c42f0e95bc3/fxgl-17.2.jar!/fxglassets/languages/english.lang
00:14:03.830 [FXGL Background Thread 1 ] INFO  FXGLApplication      - FXGL initialization took: 0.148 sec
00:14:03.834 [JavaFX Application Thread] DEBUG Input                - Registered new binding: Launch - RMB
00:14:03.835 [JavaFX Application Thread] DEBUG Input                - Registered new binding: Create - LMB
00:14:03.835 [JavaFX Application Thread] DEBUG Input                - Registered new binding: Drag - CTRL+LMB
00:14:03.835 [JavaFX Application Thread] DEBUG FXGLAssetLoaderServi - Loading from file system: jar:file:/C:/Users/ethan/.gradle/caches/modules-2/files-2.1/com.github.almasb/fxgl/17.2/35db6ae960eec2dcfd19262d3b7f9c42f0e95bc3/fxgl-17.2.jar!/fxglassets/textures/fxgl_icon.png
00:14:03.843 [FXGL Background Thread 4 ] DEBUG FXGLAssetLoaderServi - Loading from file system: jar:file:/C:/Users/ethan/.gradle/caches/modules-2/files-2.1/com.github.almasb/fxgl/17.2/35db6ae960eec2dcfd19262d3b7f9c42f0e95bc3/fxgl-17.2.jar!/fxglassets/ui/fonts/Abel-Regular.ttf
00:14:03.849 [FXGL Background Thread 4 ] DEBUG FXGLAssetLoaderServi - Loading from file system: jar:file:/C:/Users/ethan/.gradle/caches/modules-2/files-2.1/com.github.almasb/fxgl/17.2/35db6ae960eec2dcfd19262d3b7f9c42f0e95bc3/fxgl-17.2.jar!/fxglassets/ui/fonts/TerminalLandMono-Regular.otf
00:14:03.857 [FXGL Background Thread 4 ] DEBUG FXGLAssetLoaderServi - Loading from file system: jar:file:/C:/Users/ethan/.gradle/caches/modules-2/files-2.1/com.github.almasb/fxgl/17.2/35db6ae960eec2dcfd19262d3b7f9c42f0e95bc3/fxgl-17.2.jar!/fxglassets/ui/fonts/Courier-Prime.ttf
00:14:03.863 [JavaFX Application Thread] DEBUG FXGLAssetLoaderServi - Loading from file system: jar:file:/C:/Users/ethan/.gradle/caches/modules-2/files-2.1/com.github.almasb/fxgl/17.2/35db6ae960eec2dcfd19262d3b7f9c42f0e95bc3/fxgl-17.2.jar!/fxglassets/textures/fxgl_default_cursor.png
00:14:03.869 [JavaFX Application Thread] DEBUG Input                - Registered new binding: Screenshot - CTRL+8
00:14:03.870 [JavaFX Application Thread] DEBUG Input                - Registered new binding: System info dump - CTRL+9
00:14:03.870 [JavaFX Application Thread] DEBUG Input                - Registered new binding: Restart - CTRL+R
00:14:03.871 [JavaFX Application Thread] DEBUG Input                - Registered new binding: Toggle Debug Camera - CTRL+7
00:14:03.872 [JavaFX Application Thread] DEBUG LoopRunner           - Starting loop
00:14:03.872 [JavaFX Application Thread] DEBUG LoopRunner           - Initializing JavaFX AnimationTimerLoop
00:14:03.873 [JavaFX Application Thread] DEBUG GameApplicationServi - Starting new game
00:14:03.873 [JavaFX Application Thread] DEBUG Input                - Clearing active input actions
00:14:03.886 [JavaFX Application Thread] DEBUG GameApplicationServi - Removing overlay from FXGLStartupScene and adding to FXGLLoadingScene
00:14:03.886 [JavaFX Application Thread] DEBUG PrimaryStageWindow   - FXGLStartupScene -> FXGLLoadingScene
00:14:03.886 [JavaFX Application Thread] DEBUG GameApplicationServi - Clearing previous game
00:14:03.886 [JavaFX Application Thread] DEBUG GameScene            - Clearing game scene
00:14:03.886 [JavaFX Application Thread] DEBUG GameWorld            - Clearing game world
00:14:03.886 [JavaFX Application Thread] DEBUG PhysicsWorld         - Clearing physics world
00:14:03.887 [FXGL Background Thread 4 ] DEBUG FXGLApplication      - Initializing game
00:14:03.889 [JavaFX Application Thread] DEBUG FXGLApplication      - Registering font factories with UI factory
00:14:03.913 [FXGL Background Thread 4 ] DEBUG FXGLAssetLoaderServi - Loading from file system: file:/C:/Users/ethan/IdeaProjects/animals-revenge/build/resources/main/assets/ui/Home.fxml
00:14:04.098 [FXGL Background Thread 2 ] INFO  UpdaterService       - Your current version:  17.2
00:14:04.098 [FXGL Background Thread 2 ] INFO  UpdaterService       - Latest stable version: 17.3
00:14:04.180 [FXGL Background Thread 4 ] INFO  FXGLApplication      - Game initialization took: 0.293 sec
00:14:04.181 [JavaFX Application Thread] DEBUG Input                - Clearing active input actions
00:14:04.189 [JavaFX Application Thread] DEBUG GameApplicationServi - Removing overlay from FXGLLoadingScene and adding to GameScene
00:14:04.189 [JavaFX Application Thread] DEBUG PrimaryStageWindow   - FXGLLoadingScene -> GameScene
00:14:04.653 [JavaFX Application Thread] DEBUG FXGLAssetLoaderServi - Loading from file system: file:/C:/Users/ethan/IdeaProjects/animals-revenge/build/resources/main/assets/ui/Simulator.fxml
00:14:04.703 [JavaFX Application Thread] DEBUG FXGLAssetLoaderServi - Loading from file system: file:/C:/Users/ethan/IdeaProjects/animals-revenge/build/resources/main/assets/textures/cannon.png
00:14:05.739 [JavaFX Application Thread] DEBUG FXGLAssetLoaderServi - Loading from file system: file:/C:/Users/ethan/IdeaProjects/animals-revenge/build/resources/main/assets/ui/Home.fxml
00:14:06.811 [FXGL Background Thread 3 ] DEBUG Engine               - Logging environment variables
00:14:06.811 [FXGL Background Thread 3 ] DEBUG Engine               - achievements: []
00:14:06.811 [FXGL Background Thread 3 ] DEBUG Engine               - actualHeight: 820.0
00:14:06.811 [FXGL Background Thread 3 ] DEBUG Engine               - actualHeightProperty: ReadOnlyDoubleProperty [value: 820.0]
00:14:06.811 [FXGL Background Thread 3 ] DEBUG Engine               - actualWidth: 1480.0
00:14:06.811 [FXGL Background Thread 3 ] DEBUG Engine               - actualWidthProperty: ReadOnlyDoubleProperty [value: 1480.0]
00:14:06.811 [FXGL Background Thread 3 ] DEBUG Engine               - appIcon: fxgl_icon.png
00:14:06.811 [FXGL Background Thread 3 ] DEBUG Engine               - applicationMode: DEVELOPER
00:14:06.811 [FXGL Background Thread 3 ] DEBUG Engine               - cSSList: [fxgl_dark.css]
00:14:06.811 [FXGL Background Thread 3 ] DEBUG Engine               - collisionDetectionStrategy: BRUTE_FORCE
00:14:06.811 [FXGL Background Thread 3 ] DEBUG Engine               - configClass: Optional.empty
00:14:06.811 [FXGL Background Thread 3 ] DEBUG Engine               - credits: []
00:14:06.812 [FXGL Background Thread 3 ] DEBUG Engine               - defaultCursor: CursorInfo(imageName=fxgl_default_cursor.png, hotspotX=7.0, hotspotY=6.0)
00:14:06.812 [FXGL Background Thread 3 ] DEBUG Engine               - devBBoxColorProperty: ObjectProperty [value: 0xff0000ff]
00:14:06.812 [FXGL Background Thread 3 ] DEBUG Engine               - devEnableDebugCameraProperty: BooleanProperty [value: false]
00:14:06.812 [FXGL Background Thread 3 ] DEBUG Engine               - devSensorColorProperty: ObjectProperty [value: 0xffff00ff]
00:14:06.812 [FXGL Background Thread 3 ] DEBUG Engine               - devShowBBoxProperty: BooleanProperty [value: false]
00:14:06.812 [FXGL Background Thread 3 ] DEBUG Engine               - devShowPositionProperty: BooleanProperty [value: false]
00:14:06.812 [FXGL Background Thread 3 ] DEBUG Engine               - enabledMenuItems: []
00:14:06.812 [FXGL Background Thread 3 ] DEBUG Engine               - engineServices: [class com.almasb.fxgl.app.services.FXGLAssetLoaderService, class com.almasb.fxgl.app.FXGLApplication$GameApplicationService, class com.almasb.fxgl.app.services.FXGLDialogService, class com.almasb.fxgl.app.services.IOTaskExecutorService, class com.almasb.fxgl.io.FileSystemService, class com.almasb.fxgl.localization.LocalizationService, class com.almasb.fxgl.app.services.SystemBundleService, class com.almasb.fxgl.profile.SaveLoadService, class com.almasb.fxgl.ui.FXGLUIFactoryServiceProvider, class com.almasb.fxgl.ui.FXGLDialogFactoryServiceProvider, class com.almasb.fxgl.audio.AudioPlayer, class com.almasb.fxgl.notification.impl.NotificationServiceProvider, class com.almasb.fxgl.achievement.AchievementService, class com.almasb.fxgl.cutscene.CutsceneService, class com.almasb.fxgl.minigames.MiniGameService, class com.almasb.fxgl.net.NetService, class com.almasb.fxgl.app.services.UpdaterService, class com.almasb.fxgl.dev.DevService]
00:14:06.812 [FXGL Background Thread 3 ] DEBUG Engine               - fontGame: Abel-Regular.ttf
00:14:06.813 [FXGL Background Thread 3 ] DEBUG Engine               - fontMono: TerminalLandMono-Regular.otf
00:14:06.813 [FXGL Background Thread 3 ] DEBUG Engine               - fontText: Courier-Prime.ttf
00:14:06.813 [FXGL Background Thread 3 ] DEBUG Engine               - fontUI: VarelaRound-Regular.ttf
00:14:06.813 [FXGL Background Thread 3 ] DEBUG Engine               - fullScreen: BooleanProperty [value: false]
00:14:06.813 [FXGL Background Thread 3 ] DEBUG Engine               - gameDifficulty: MEDIUM
00:14:06.813 [FXGL Background Thread 3 ] DEBUG Engine               - gameDifficultyProperty: ObjectProperty [value: MEDIUM]
00:14:06.813 [FXGL Background Thread 3 ] DEBUG Engine               - globalMusicVolume: 0.5
00:14:06.813 [FXGL Background Thread 3 ] DEBUG Engine               - globalMusicVolumeProperty: DoubleProperty [value: 0.5]
00:14:06.813 [FXGL Background Thread 3 ] DEBUG Engine               - globalSoundVolume: 0.5
00:14:06.813 [FXGL Background Thread 3 ] DEBUG Engine               - globalSoundVolumeProperty: DoubleProperty [value: 0.5]
00:14:06.813 [FXGL Background Thread 3 ] DEBUG Engine               - height: 820
00:14:06.813 [FXGL Background Thread 3 ] DEBUG Engine               - is3D: false
00:14:06.813 [FXGL Background Thread 3 ] DEBUG Engine               - isAndroid: false
00:14:06.813 [FXGL Background Thread 3 ] DEBUG Engine               - isBrowser: false
00:14:06.813 [FXGL Background Thread 3 ] DEBUG Engine               - isClickFeedbackEnabled: false
00:14:06.813 [FXGL Background Thread 3 ] DEBUG Engine               - isCloseConfirmation: false
00:14:06.813 [FXGL Background Thread 3 ] DEBUG Engine               - isDesktop: true
00:14:06.813 [FXGL Background Thread 3 ] DEBUG Engine               - isDeveloperMenuEnabled: false
00:14:06.813 [FXGL Background Thread 3 ] DEBUG Engine               - isEmbedded: false
00:14:06.813 [FXGL Background Thread 3 ] DEBUG Engine               - isEntityPreloadEnabled: true
00:14:06.813 [FXGL Background Thread 3 ] DEBUG Engine               - isExperimentalTiledLargeMap: false
00:14:06.813 [FXGL Background Thread 3 ] DEBUG Engine               - isFileSystemWriteAllowed: true
00:14:06.813 [FXGL Background Thread 3 ] DEBUG Engine               - isFullScreenAllowed: false
00:14:06.813 [FXGL Background Thread 3 ] DEBUG Engine               - isFullScreenFromStart: false
00:14:06.813 [FXGL Background Thread 3 ] DEBUG Engine               - isGameMenuEnabled: false
00:14:06.813 [FXGL Background Thread 3 ] DEBUG Engine               - isIOS: false
00:14:06.813 [FXGL Background Thread 3 ] DEBUG Engine               - isIntroEnabled: false
00:14:06.813 [FXGL Background Thread 3 ] DEBUG Engine               - isLinux: false
00:14:06.813 [FXGL Background Thread 3 ] DEBUG Engine               - isMac: false
00:14:06.813 [FXGL Background Thread 3 ] DEBUG Engine               - isMainMenuEnabled: false
00:14:06.813 [FXGL Background Thread 3 ] DEBUG Engine               - isManualResizeEnabled: false
00:14:06.813 [FXGL Background Thread 3 ] DEBUG Engine               - isMobile: false
00:14:06.813 [FXGL Background Thread 3 ] DEBUG Engine               - isNative: false
00:14:06.814 [FXGL Background Thread 3 ] DEBUG Engine               - isPauseMusicWhenMinimized: true
00:14:06.814 [FXGL Background Thread 3 ] DEBUG Engine               - isPreserveResizeRatio: false
00:14:06.814 [FXGL Background Thread 3 ] DEBUG Engine               - isProfilingEnabled: false
00:14:06.814 [FXGL Background Thread 3 ] DEBUG Engine               - isScaleAffectedOnResize: true
00:14:06.814 [FXGL Background Thread 3 ] DEBUG Engine               - isSingleStep: false
00:14:06.814 [FXGL Background Thread 3 ] DEBUG Engine               - isUserProfileEnabled: false
00:14:06.814 [FXGL Background Thread 3 ] DEBUG Engine               - isWindows: true
00:14:06.814 [FXGL Background Thread 3 ] DEBUG Engine               - language: ObjectProperty [value: ENGLISH]
00:14:06.814 [FXGL Background Thread 3 ] DEBUG Engine               - menuKey: ESCAPE
00:14:06.814 [FXGL Background Thread 3 ] DEBUG Engine               - mouseSensitivity: 0.2
00:14:06.814 [FXGL Background Thread 3 ] DEBUG Engine               - notificationViewClass: class com.almasb.fxgl.notification.view.XboxNotificationView
00:14:06.814 [FXGL Background Thread 3 ] DEBUG Engine               - pixelsPerMeter: 50.0
00:14:06.814 [FXGL Background Thread 3 ] DEBUG Engine               - platform: WINDOWS
00:14:06.814 [FXGL Background Thread 3 ] DEBUG Engine               - prefHeightProperty: ReadOnlyDoubleProperty [value: 820.0]
00:14:06.814 [FXGL Background Thread 3 ] DEBUG Engine               - prefWidthProperty: ReadOnlyDoubleProperty [value: 1480.0]
00:14:06.814 [FXGL Background Thread 3 ] DEBUG Engine               - profileDir: profiles/
00:14:06.814 [FXGL Background Thread 3 ] DEBUG Engine               - profileName: StringProperty [value: DEFAULT]
00:14:06.814 [FXGL Background Thread 3 ] DEBUG Engine               - randomSeed: -1
00:14:06.814 [FXGL Background Thread 3 ] DEBUG Engine               - runtimeInfo: RuntimeInfo(platform=WINDOWS, version=17.2, build=20.08.2022 16.50)
00:14:06.814 [FXGL Background Thread 3 ] DEBUG Engine               - saveFileExt: sav
00:14:06.814 [FXGL Background Thread 3 ] DEBUG Engine               - scaledHeightProp$fxgl: DoubleProperty [bound, value: 820.0]
00:14:06.814 [FXGL Background Thread 3 ] DEBUG Engine               - scaledWidthProp$fxgl: DoubleProperty [bound, value: 1480.0]
00:14:06.814 [FXGL Background Thread 3 ] DEBUG Engine               - sceneFactory: com.almasb.fxgl.app.scene.SceneFactory@2ad50b16
00:14:06.814 [FXGL Background Thread 3 ] DEBUG Engine               - secondsIn24h: 60
00:14:06.814 [FXGL Background Thread 3 ] DEBUG Engine               - soundMenuBack: menu/back.wav
00:14:06.814 [FXGL Background Thread 3 ] DEBUG Engine               - soundMenuPress: menu/press.wav
00:14:06.814 [FXGL Background Thread 3 ] DEBUG Engine               - soundMenuSelect: menu/select.wav
00:14:06.814 [FXGL Background Thread 3 ] DEBUG Engine               - soundNotification: core/notification.wav
00:14:06.814 [FXGL Background Thread 3 ] DEBUG Engine               - stageStyle: DECORATED
00:14:06.814 [FXGL Background Thread 3 ] DEBUG Engine               - supportedLanguages: [ENGLISH, FRENCH, GERMAN, HUNGARIAN, RUSSIAN]
00:14:06.814 [FXGL Background Thread 3 ] DEBUG Engine               - ticksPerSecond: -1
00:14:06.814 [FXGL Background Thread 3 ] DEBUG Engine               - title: Untitled
00:14:06.814 [FXGL Background Thread 3 ] DEBUG Engine               - urlGithub: https://github.com/AlmasB/FXGL
00:14:06.814 [FXGL Background Thread 3 ] DEBUG Engine               - urlLeaderboard: http://fxgl-top.herokuapp.com/
00:14:06.815 [FXGL Background Thread 3 ] DEBUG Engine               - urlPOM: https://raw.githubusercontent.com/AlmasB/FXGL/release/README.md
00:14:06.815 [FXGL Background Thread 3 ] DEBUG Engine               - userAppClass: class edu.vanier.animals_revenge.MainApp
00:14:06.815 [FXGL Background Thread 3 ] DEBUG Engine               - version: 0.0
00:14:06.815 [FXGL Background Thread 3 ] DEBUG Engine               - versionCheckDays: 7
00:14:06.815 [FXGL Background Thread 3 ] DEBUG Engine               - width: 1480
00:14:06.815 [FXGL Background Thread 3 ] DEBUG Engine               - Logging services
00:14:06.815 [FXGL Background Thread 3 ] DEBUG Engine               - class com.almasb.fxgl.app.services.FXGLAssetLoaderService
00:14:06.815 [FXGL Background Thread 3 ] DEBUG Engine               - class com.almasb.fxgl.app.FXGLApplication$GameApplicationService
00:14:06.815 [FXGL Background Thread 3 ] DEBUG Engine               - class com.almasb.fxgl.app.services.FXGLDialogService
00:14:06.815 [FXGL Background Thread 3 ] DEBUG Engine               - class com.almasb.fxgl.app.services.IOTaskExecutorService
00:14:06.815 [FXGL Background Thread 3 ] DEBUG Engine               - class com.almasb.fxgl.io.FileSystemService
00:14:06.815 [FXGL Background Thread 3 ] DEBUG Engine               - class com.almasb.fxgl.localization.LocalizationService
00:14:06.815 [FXGL Background Thread 3 ] DEBUG Engine               - class com.almasb.fxgl.app.services.SystemBundleService
00:14:06.815 [FXGL Background Thread 3 ] DEBUG Engine               - class com.almasb.fxgl.profile.SaveLoadService
00:14:06.815 [FXGL Background Thread 3 ] DEBUG Engine               - class com.almasb.fxgl.ui.FXGLUIFactoryServiceProvider
00:14:06.815 [FXGL Background Thread 3 ] DEBUG Engine               - class com.almasb.fxgl.ui.FXGLDialogFactoryServiceProvider
00:14:06.815 [FXGL Background Thread 3 ] DEBUG Engine               - class com.almasb.fxgl.audio.AudioPlayer
00:14:06.815 [FXGL Background Thread 3 ] DEBUG Engine               - class com.almasb.fxgl.notification.impl.NotificationServiceProvider
00:14:06.815 [FXGL Background Thread 3 ] DEBUG Engine               - class com.almasb.fxgl.achievement.AchievementService
00:14:06.815 [FXGL Background Thread 3 ] DEBUG Engine               - class com.almasb.fxgl.cutscene.CutsceneService
00:14:06.815 [FXGL Background Thread 3 ] DEBUG Engine               - class com.almasb.fxgl.minigames.MiniGameService
00:14:06.815 [FXGL Background Thread 3 ] DEBUG Engine               - class com.almasb.fxgl.net.NetService
00:14:06.815 [FXGL Background Thread 3 ] DEBUG Engine               - class com.almasb.fxgl.app.services.UpdaterService
00:14:06.815 [FXGL Background Thread 3 ] DEBUG Engine               - class com.almasb.fxgl.dev.DevService
00:14:07.063 [JavaFX Application Thread] DEBUG FXGLAssetLoaderServi - Loading from file system: file:/C:/Users/ethan/IdeaProjects/animals-revenge/build/resources/main/assets/ui/1CustomProjectile.fxml
00:14:08.107 [JavaFX Application Thread] DEBUG FXGLAssetLoaderServi - Loading from file system: file:/C:/Users/ethan/IdeaProjects/animals-revenge/build/resources/main/assets/ui/Home.fxml
00:14:08.877 [JavaFX Application Thread] DEBUG FXGLAssetLoaderServi - Loading from file system: file:/C:/Users/ethan/IdeaProjects/animals-revenge/build/resources/main/assets/ui/Simulator.fxml
00:14:10.951 [JavaFX Application Thread] DEBUG FXGLAssetLoaderServi - Loading from file system: file:/C:/Users/ethan/IdeaProjects/animals-revenge/build/resources/main/assets/textures/soccer.png
00:14:16.964 [JavaFX Application Thread] DEBUG FXGLApplication      - Exiting FXGL
00:14:16.964 [JavaFX Application Thread] DEBUG LoopRunner           - Stopping loop
00:14:16.964 [JavaFX Application Thread] DEBUG SystemBundleService  - Saving FXGL system data
00:14:16.964 [JavaFX Application Thread] DEBUG FileSystemAccess     - Writing to: C:\Users\ethan\IdeaProjects\animals-revenge\system\fxgl.bundle
00:14:16.965 [JavaFX Application Thread] DEBUG Async                - Shutting down background threads
00:14:16.966 [JavaFX Application Thread] DEBUG PrimaryStageWindow   - Closing main window
00:14:16.973 [JavaFX Application Thread] DEBUG Logger               - Closing Logger
