12:59:16.779 [main                     ] DEBUG Logger               - Configured Logger
12:59:16.789 [main                     ] DEBUG GameApplication      - Logging settings
Title: Untitled
Version: 0.0
Width: 1480
Height: 820
Fullscreen: false
Intro: false
Profiling: false
Single step:false
App Mode: DEVELOPER
Menu Key: ESCAPE
Stage Style: DECORATED
Scene Factory: class com.almasb.fxgl.app.scene.SceneFactory

12:59:17.019 [JavaFX Application Thread] DEBUG FXGLApplication      - Initializing FXGL
12:59:17.023 [JavaFX Application Thread] INFO  Engine               - FXGL-17.2 (20.08.2022 16.50) on WINDOWS (J:18.0.2.1 FX:20.0.2)
12:59:17.023 [JavaFX Application Thread] DEBUG Engine               - JRE Vendor Name: Oracle Corporation
12:59:17.023 [JavaFX Application Thread] DEBUG Engine               - Running on OS: Windows 11 version 10.0
12:59:17.023 [JavaFX Application Thread] DEBUG Engine               - Architecture: amd64
12:59:17.023 [JavaFX Application Thread] INFO  Engine               - Source code and latest versions at: https://github.com/AlmasB/FXGL
12:59:17.024 [JavaFX Application Thread] INFO  Engine               -       Ask questions and discuss at: https://github.com/AlmasB/FXGL/discussions
12:59:17.024 [JavaFX Application Thread] INFO  Engine               -              Join the FXGL chat at: https://gitter.im/AlmasB/FXGL
12:59:17.075 [JavaFX Application Thread] DEBUG PrimaryStageWindow   - Creating a JavaFX scene
12:59:17.075 [JavaFX Application Thread] DEBUG PrimaryStageWindow   - Target size > screen size
12:59:17.108 [JavaFX Application Thread] DEBUG PrimaryStageWindow   - Target settings size: 1480.0 x 820.0
12:59:17.108 [JavaFX Application Thread] DEBUG PrimaryStageWindow   - Scaled scene size:    1415.0 x 797.0
12:59:17.108 [JavaFX Application Thread] DEBUG PrimaryStageWindow   - Scaled ratio: (0.956081081081081, 0.9719512195121951)
12:59:17.109 [JavaFX Application Thread] DEBUG PrimaryStageWindow   - Set initial scene to FXGLStartupScene
12:59:17.111 [JavaFX Application Thread] DEBUG PrimaryStageWindow   - Opening main window
12:59:17.173 [JavaFX Application Thread] DEBUG PrimaryStageWindow   - Window border size: (13.0, 35.5)
12:59:17.173 [JavaFX Application Thread] DEBUG PrimaryStageWindow   - Scaled size: 1415.0 x 797.0
12:59:17.173 [JavaFX Application Thread] DEBUG PrimaryStageWindow   - Scaled ratio: (0.956081081081081, 0.9719512195121951)
12:59:17.173 [JavaFX Application Thread] DEBUG PrimaryStageWindow   - Scene size: 1415.0 x 797.0
12:59:17.173 [JavaFX Application Thread] DEBUG PrimaryStageWindow   - Stage size: 1428.0 x 832.5
12:59:17.178 [FXGL Background Thread 1 ] DEBUG Engine               - Initializing environment variables
12:59:17.204 [FXGL Background Thread 1 ] DEBUG FXGLAssetLoaderServi - User app class for loading assets: class edu.vanier.animals_revenge.MainApp
12:59:17.204 [FXGL Background Thread 1 ] DEBUG GameApplicationServi - Applying CSS: fxgl_dark.css
12:59:17.205 [FXGL Background Thread 1 ] DEBUG FXGLAssetLoaderServi - Loading from file system: jar:file:/C:/Users/macke/.gradle/caches/modules-2/files-2.1/com.github.almasb/fxgl/17.2/35db6ae960eec2dcfd19262d3b7f9c42f0e95bc3/fxgl-17.2.jar!/fxglassets/ui/css/fxgl_dark.css
12:59:17.235 [FXGL Background Thread 1 ] DEBUG GameApplicationServi - Initializing application scenes
12:59:17.274 [FXGL Background Thread 1 ] DEBUG GameWorld            - Game world initialized
12:59:17.319 [FXGL Background Thread 1 ] DEBUG PhysicsWorld         - Physics world initialized: appHeight=820, physics.ppm=50.0
12:59:17.319 [FXGL Background Thread 1 ] DEBUG PhysicsWorld         - Using strategy: BRUTE_FORCE
12:59:17.322 [FXGL Background Thread 1 ] DEBUG GameScene            - Game scene initialized: 1480x820
12:59:17.322 [FXGL Background Thread 1 ] DEBUG GameApplicationServi - Application scenes initialized
12:59:17.337 [FXGL Background Thread 1 ] DEBUG SystemBundleService  - Loading FXGL system data
12:59:17.340 [FXGL Background Thread 1 ] DEBUG FileSystemAccess     - Reading from: C:\Users\macke\OneDrive\Documents\School\Semester 3\Programming in a Graphical User Interface\Homework\animals-revenge\system\fxgl.bundle
12:59:17.349 [FXGL Background Thread 1 ] DEBUG SystemBundleService  - Bundle FXGL: {}
12:59:17.349 [FXGL Background Thread 1 ] DEBUG UpdaterService       - Checking for updates
12:59:17.355 [FXGL Background Thread 4 ] DEBUG FXGLApplication      - Loading fonts
12:59:17.355 [FXGL Background Thread 1 ] DEBUG FXGLApplication      - Loading default localization
12:59:17.356 [FXGL Background Thread 4 ] DEBUG FXGLAssetLoaderServi - Loading from file system: jar:file:/C:/Users/macke/.gradle/caches/modules-2/files-2.1/com.github.almasb/fxgl/17.2/35db6ae960eec2dcfd19262d3b7f9c42f0e95bc3/fxgl-17.2.jar!/fxglassets/ui/fonts/VarelaRound-Regular.ttf
12:59:17.356 [FXGL Background Thread 1 ] DEBUG FXGLAssetLoaderServi - Loading from file system: jar:file:/C:/Users/macke/.gradle/caches/modules-2/files-2.1/com.github.almasb/fxgl/17.2/35db6ae960eec2dcfd19262d3b7f9c42f0e95bc3/fxgl-17.2.jar!/fxglassets/languages/english.lang
12:59:17.388 [FXGL Background Thread 1 ] INFO  FXGLApplication      - FXGL initialization took: 0.210 sec
12:59:17.391 [JavaFX Application Thread] DEBUG Input                - Registered new binding: Launch - RMB
12:59:17.392 [JavaFX Application Thread] DEBUG Input                - Registered new binding: Create - LMB
12:59:17.392 [JavaFX Application Thread] DEBUG Input                - Registered new binding: Drag - CTRL+LMB
12:59:17.393 [JavaFX Application Thread] DEBUG FXGLAssetLoaderServi - Loading from file system: jar:file:/C:/Users/macke/.gradle/caches/modules-2/files-2.1/com.github.almasb/fxgl/17.2/35db6ae960eec2dcfd19262d3b7f9c42f0e95bc3/fxgl-17.2.jar!/fxglassets/textures/fxgl_icon.png
12:59:17.421 [FXGL Background Thread 4 ] DEBUG FXGLAssetLoaderServi - Loading from file system: jar:file:/C:/Users/macke/.gradle/caches/modules-2/files-2.1/com.github.almasb/fxgl/17.2/35db6ae960eec2dcfd19262d3b7f9c42f0e95bc3/fxgl-17.2.jar!/fxglassets/ui/fonts/Abel-Regular.ttf
12:59:17.424 [FXGL Background Thread 4 ] DEBUG FXGLAssetLoaderServi - Loading from file system: jar:file:/C:/Users/macke/.gradle/caches/modules-2/files-2.1/com.github.almasb/fxgl/17.2/35db6ae960eec2dcfd19262d3b7f9c42f0e95bc3/fxgl-17.2.jar!/fxglassets/ui/fonts/TerminalLandMono-Regular.otf
12:59:17.430 [FXGL Background Thread 4 ] DEBUG FXGLAssetLoaderServi - Loading from file system: jar:file:/C:/Users/macke/.gradle/caches/modules-2/files-2.1/com.github.almasb/fxgl/17.2/35db6ae960eec2dcfd19262d3b7f9c42f0e95bc3/fxgl-17.2.jar!/fxglassets/ui/fonts/Courier-Prime.ttf
12:59:17.431 [JavaFX Application Thread] DEBUG FXGLAssetLoaderServi - Loading from file system: jar:file:/C:/Users/macke/.gradle/caches/modules-2/files-2.1/com.github.almasb/fxgl/17.2/35db6ae960eec2dcfd19262d3b7f9c42f0e95bc3/fxgl-17.2.jar!/fxglassets/textures/fxgl_default_cursor.png
12:59:17.436 [JavaFX Application Thread] DEBUG Input                - Registered new binding: Screenshot - CTRL+8
12:59:17.437 [JavaFX Application Thread] DEBUG Input                - Registered new binding: System info dump - CTRL+9
12:59:17.437 [JavaFX Application Thread] DEBUG Input                - Registered new binding: Restart - CTRL+R
12:59:17.440 [JavaFX Application Thread] DEBUG Input                - Registered new binding: Toggle Debug Camera - CTRL+7
12:59:17.444 [JavaFX Application Thread] DEBUG LoopRunner           - Starting loop
12:59:17.444 [JavaFX Application Thread] DEBUG LoopRunner           - Initializing JavaFX AnimationTimerLoop
12:59:17.445 [JavaFX Application Thread] DEBUG GameApplicationServi - Starting new game
12:59:17.446 [JavaFX Application Thread] DEBUG Input                - Clearing active input actions
12:59:17.453 [JavaFX Application Thread] DEBUG GameApplicationServi - Removing overlay from FXGLStartupScene and adding to FXGLLoadingScene
12:59:17.453 [JavaFX Application Thread] DEBUG PrimaryStageWindow   - FXGLStartupScene -> FXGLLoadingScene
12:59:17.453 [JavaFX Application Thread] DEBUG GameApplicationServi - Clearing previous game
12:59:17.453 [JavaFX Application Thread] DEBUG GameScene            - Clearing game scene
12:59:17.453 [JavaFX Application Thread] DEBUG GameWorld            - Clearing game world
12:59:17.453 [JavaFX Application Thread] DEBUG PhysicsWorld         - Clearing physics world
12:59:17.456 [FXGL Background Thread 4 ] DEBUG FXGLApplication      - Initializing game
12:59:17.456 [JavaFX Application Thread] DEBUG FXGLApplication      - Registering font factories with UI factory
12:59:17.487 [FXGL Background Thread 4 ] DEBUG FXGLAssetLoaderServi - Loading from file system: file:/C:/Users/macke/OneDrive/Documents/School/Semester%203/Programming%20in%20a%20Graphical%20User%20Interface/Homework/animals-revenge/build/resources/main/assets/ui/Home.fxml
12:59:17.668 [FXGL Background Thread 2 ] INFO  UpdaterService       - Your current version:  17.2
12:59:17.668 [FXGL Background Thread 2 ] INFO  UpdaterService       - Latest stable version: 17.3
12:59:17.750 [FXGL Background Thread 4 ] INFO  FXGLApplication      - Game initialization took: 0.295 sec
12:59:17.751 [JavaFX Application Thread] DEBUG Input                - Clearing active input actions
12:59:17.759 [JavaFX Application Thread] DEBUG GameApplicationServi - Removing overlay from FXGLLoadingScene and adding to GameScene
12:59:17.760 [JavaFX Application Thread] DEBUG PrimaryStageWindow   - FXGLLoadingScene -> GameScene
12:59:18.796 [JavaFX Application Thread] DEBUG FXGLAssetLoaderServi - Loading from file system: file:/C:/Users/macke/OneDrive/Documents/School/Semester%203/Programming%20in%20a%20Graphical%20User%20Interface/Homework/animals-revenge/build/resources/main/assets/ui/Simulator.fxml
12:59:18.852 [JavaFX Application Thread] DEBUG FXGLAssetLoaderServi - Loading from file system: file:/C:/Users/macke/OneDrive/Documents/School/Semester%203/Programming%20in%20a%20Graphical%20User%20Interface/Homework/animals-revenge/build/resources/main/assets/textures/cannon.png
12:59:20.354 [FXGL Background Thread 3 ] DEBUG Engine               - Logging environment variables
12:59:20.356 [FXGL Background Thread 3 ] DEBUG Engine               - achievements: []
12:59:20.357 [FXGL Background Thread 3 ] DEBUG Engine               - actualHeight: 797.0
12:59:20.357 [FXGL Background Thread 3 ] DEBUG Engine               - actualHeightProperty: ReadOnlyDoubleProperty [value: 797.0]
12:59:20.357 [FXGL Background Thread 3 ] DEBUG Engine               - actualWidth: 1415.0
12:59:20.357 [FXGL Background Thread 3 ] DEBUG Engine               - actualWidthProperty: ReadOnlyDoubleProperty [value: 1415.0]
12:59:20.358 [FXGL Background Thread 3 ] DEBUG Engine               - appIcon: fxgl_icon.png
12:59:20.358 [FXGL Background Thread 3 ] DEBUG Engine               - applicationMode: DEVELOPER
12:59:20.358 [FXGL Background Thread 3 ] DEBUG Engine               - cSSList: [fxgl_dark.css]
12:59:20.358 [FXGL Background Thread 3 ] DEBUG Engine               - collisionDetectionStrategy: BRUTE_FORCE
12:59:20.358 [FXGL Background Thread 3 ] DEBUG Engine               - configClass: Optional.empty
12:59:20.358 [FXGL Background Thread 3 ] DEBUG Engine               - credits: []
12:59:20.360 [FXGL Background Thread 3 ] DEBUG Engine               - defaultCursor: CursorInfo(imageName=fxgl_default_cursor.png, hotspotX=7.0, hotspotY=6.0)
12:59:20.360 [FXGL Background Thread 3 ] DEBUG Engine               - devBBoxColorProperty: ObjectProperty [value: 0xff0000ff]
12:59:20.360 [FXGL Background Thread 3 ] DEBUG Engine               - devEnableDebugCameraProperty: BooleanProperty [value: false]
12:59:20.360 [FXGL Background Thread 3 ] DEBUG Engine               - devSensorColorProperty: ObjectProperty [value: 0xffff00ff]
12:59:20.360 [FXGL Background Thread 3 ] DEBUG Engine               - devShowBBoxProperty: BooleanProperty [value: false]
12:59:20.360 [FXGL Background Thread 3 ] DEBUG Engine               - devShowPositionProperty: BooleanProperty [value: false]
12:59:20.360 [FXGL Background Thread 3 ] DEBUG Engine               - enabledMenuItems: []
12:59:20.361 [FXGL Background Thread 3 ] DEBUG Engine               - engineServices: [class com.almasb.fxgl.app.services.FXGLAssetLoaderService, class com.almasb.fxgl.app.FXGLApplication$GameApplicationService, class com.almasb.fxgl.app.services.FXGLDialogService, class com.almasb.fxgl.app.services.IOTaskExecutorService, class com.almasb.fxgl.io.FileSystemService, class com.almasb.fxgl.localization.LocalizationService, class com.almasb.fxgl.app.services.SystemBundleService, class com.almasb.fxgl.profile.SaveLoadService, class com.almasb.fxgl.ui.FXGLUIFactoryServiceProvider, class com.almasb.fxgl.ui.FXGLDialogFactoryServiceProvider, class com.almasb.fxgl.audio.AudioPlayer, class com.almasb.fxgl.notification.impl.NotificationServiceProvider, class com.almasb.fxgl.achievement.AchievementService, class com.almasb.fxgl.cutscene.CutsceneService, class com.almasb.fxgl.minigames.MiniGameService, class com.almasb.fxgl.net.NetService, class com.almasb.fxgl.app.services.UpdaterService, class com.almasb.fxgl.dev.DevService]
12:59:20.361 [FXGL Background Thread 3 ] DEBUG Engine               - fontGame: Abel-Regular.ttf
12:59:20.361 [FXGL Background Thread 3 ] DEBUG Engine               - fontMono: TerminalLandMono-Regular.otf
12:59:20.361 [FXGL Background Thread 3 ] DEBUG Engine               - fontText: Courier-Prime.ttf
12:59:20.361 [FXGL Background Thread 3 ] DEBUG Engine               - fontUI: VarelaRound-Regular.ttf
12:59:20.361 [FXGL Background Thread 3 ] DEBUG Engine               - fullScreen: BooleanProperty [value: false]
12:59:20.361 [FXGL Background Thread 3 ] DEBUG Engine               - gameDifficulty: MEDIUM
12:59:20.361 [FXGL Background Thread 3 ] DEBUG Engine               - gameDifficultyProperty: ObjectProperty [value: MEDIUM]
12:59:20.361 [FXGL Background Thread 3 ] DEBUG Engine               - globalMusicVolume: 0.5
12:59:20.361 [FXGL Background Thread 3 ] DEBUG Engine               - globalMusicVolumeProperty: DoubleProperty [value: 0.5]
12:59:20.361 [FXGL Background Thread 3 ] DEBUG Engine               - globalSoundVolume: 0.5
12:59:20.361 [FXGL Background Thread 3 ] DEBUG Engine               - globalSoundVolumeProperty: DoubleProperty [value: 0.5]
12:59:20.361 [FXGL Background Thread 3 ] DEBUG Engine               - height: 820
12:59:20.361 [FXGL Background Thread 3 ] DEBUG Engine               - is3D: false
12:59:20.361 [FXGL Background Thread 3 ] DEBUG Engine               - isAndroid: false
12:59:20.361 [FXGL Background Thread 3 ] DEBUG Engine               - isBrowser: false
12:59:20.362 [FXGL Background Thread 3 ] DEBUG Engine               - isClickFeedbackEnabled: false
12:59:20.362 [FXGL Background Thread 3 ] DEBUG Engine               - isCloseConfirmation: false
12:59:20.362 [FXGL Background Thread 3 ] DEBUG Engine               - isDesktop: true
12:59:20.362 [FXGL Background Thread 3 ] DEBUG Engine               - isDeveloperMenuEnabled: false
12:59:20.362 [FXGL Background Thread 3 ] DEBUG Engine               - isEmbedded: false
12:59:20.362 [FXGL Background Thread 3 ] DEBUG Engine               - isEntityPreloadEnabled: true
12:59:20.362 [FXGL Background Thread 3 ] DEBUG Engine               - isExperimentalTiledLargeMap: false
12:59:20.362 [FXGL Background Thread 3 ] DEBUG Engine               - isFileSystemWriteAllowed: true
12:59:20.362 [FXGL Background Thread 3 ] DEBUG Engine               - isFullScreenAllowed: false
12:59:20.362 [FXGL Background Thread 3 ] DEBUG Engine               - isFullScreenFromStart: false
12:59:20.362 [FXGL Background Thread 3 ] DEBUG Engine               - isGameMenuEnabled: false
12:59:20.362 [FXGL Background Thread 3 ] DEBUG Engine               - isIOS: false
12:59:20.362 [FXGL Background Thread 3 ] DEBUG Engine               - isIntroEnabled: false
12:59:20.362 [FXGL Background Thread 3 ] DEBUG Engine               - isLinux: false
12:59:20.363 [FXGL Background Thread 3 ] DEBUG Engine               - isMac: false
12:59:20.364 [FXGL Background Thread 3 ] DEBUG Engine               - isMainMenuEnabled: false
12:59:20.364 [FXGL Background Thread 3 ] DEBUG Engine               - isManualResizeEnabled: false
12:59:20.364 [FXGL Background Thread 3 ] DEBUG Engine               - isMobile: false
12:59:20.364 [FXGL Background Thread 3 ] DEBUG Engine               - isNative: false
12:59:20.364 [FXGL Background Thread 3 ] DEBUG Engine               - isPauseMusicWhenMinimized: true
12:59:20.364 [FXGL Background Thread 3 ] DEBUG Engine               - isPreserveResizeRatio: false
12:59:20.364 [FXGL Background Thread 3 ] DEBUG Engine               - isProfilingEnabled: false
12:59:20.364 [FXGL Background Thread 3 ] DEBUG Engine               - isScaleAffectedOnResize: true
12:59:20.364 [FXGL Background Thread 3 ] DEBUG Engine               - isSingleStep: false
12:59:20.364 [FXGL Background Thread 3 ] DEBUG Engine               - isUserProfileEnabled: false
12:59:20.364 [FXGL Background Thread 3 ] DEBUG Engine               - isWindows: true
12:59:20.364 [FXGL Background Thread 3 ] DEBUG Engine               - language: ObjectProperty [value: ENGLISH]
12:59:20.364 [FXGL Background Thread 3 ] DEBUG Engine               - menuKey: ESCAPE
12:59:20.364 [FXGL Background Thread 3 ] DEBUG Engine               - mouseSensitivity: 0.2
12:59:20.364 [FXGL Background Thread 3 ] DEBUG Engine               - notificationViewClass: class com.almasb.fxgl.notification.view.XboxNotificationView
12:59:20.364 [FXGL Background Thread 3 ] DEBUG Engine               - pixelsPerMeter: 50.0
12:59:20.364 [FXGL Background Thread 3 ] DEBUG Engine               - platform: WINDOWS
12:59:20.365 [FXGL Background Thread 3 ] DEBUG Engine               - prefHeightProperty: ReadOnlyDoubleProperty [value: 820.0]
12:59:20.365 [FXGL Background Thread 3 ] DEBUG Engine               - prefWidthProperty: ReadOnlyDoubleProperty [value: 1480.0]
12:59:20.365 [FXGL Background Thread 3 ] DEBUG Engine               - profileDir: profiles/
12:59:20.365 [FXGL Background Thread 3 ] DEBUG Engine               - profileName: StringProperty [value: DEFAULT]
12:59:20.365 [FXGL Background Thread 3 ] DEBUG Engine               - randomSeed: -1
12:59:20.365 [FXGL Background Thread 3 ] DEBUG Engine               - runtimeInfo: RuntimeInfo(platform=WINDOWS, version=17.2, build=20.08.2022 16.50)
12:59:20.365 [FXGL Background Thread 3 ] DEBUG Engine               - saveFileExt: sav
12:59:20.365 [FXGL Background Thread 3 ] DEBUG Engine               - scaledHeightProp$fxgl: DoubleProperty [bound, value: 797.0]
12:59:20.365 [FXGL Background Thread 3 ] DEBUG Engine               - scaledWidthProp$fxgl: DoubleProperty [bound, value: 1415.0]
12:59:20.365 [FXGL Background Thread 3 ] DEBUG Engine               - sceneFactory: com.almasb.fxgl.app.scene.SceneFactory@1b31582d
12:59:20.365 [FXGL Background Thread 3 ] DEBUG Engine               - secondsIn24h: 60
12:59:20.365 [FXGL Background Thread 3 ] DEBUG Engine               - soundMenuBack: menu/back.wav
12:59:20.365 [FXGL Background Thread 3 ] DEBUG Engine               - soundMenuPress: menu/press.wav
12:59:20.365 [FXGL Background Thread 3 ] DEBUG Engine               - soundMenuSelect: menu/select.wav
12:59:20.365 [FXGL Background Thread 3 ] DEBUG Engine               - soundNotification: core/notification.wav
12:59:20.365 [FXGL Background Thread 3 ] DEBUG Engine               - stageStyle: DECORATED
12:59:20.365 [FXGL Background Thread 3 ] DEBUG Engine               - supportedLanguages: [ENGLISH, FRENCH, GERMAN, HUNGARIAN, RUSSIAN]
12:59:20.365 [FXGL Background Thread 3 ] DEBUG Engine               - ticksPerSecond: -1
12:59:20.365 [FXGL Background Thread 3 ] DEBUG Engine               - title: Untitled
12:59:20.365 [FXGL Background Thread 3 ] DEBUG Engine               - urlGithub: https://github.com/AlmasB/FXGL
12:59:20.365 [FXGL Background Thread 3 ] DEBUG Engine               - urlLeaderboard: http://fxgl-top.herokuapp.com/
12:59:20.365 [FXGL Background Thread 3 ] DEBUG Engine               - urlPOM: https://raw.githubusercontent.com/AlmasB/FXGL/release/README.md
12:59:20.365 [FXGL Background Thread 3 ] DEBUG Engine               - userAppClass: class edu.vanier.animals_revenge.MainApp
12:59:20.365 [FXGL Background Thread 3 ] DEBUG Engine               - version: 0.0
12:59:20.365 [FXGL Background Thread 3 ] DEBUG Engine               - versionCheckDays: 7
12:59:20.365 [FXGL Background Thread 3 ] DEBUG Engine               - width: 1480
12:59:20.365 [FXGL Background Thread 3 ] DEBUG Engine               - Logging services
12:59:20.365 [FXGL Background Thread 3 ] DEBUG Engine               - class com.almasb.fxgl.app.services.FXGLAssetLoaderService
12:59:20.365 [FXGL Background Thread 3 ] DEBUG Engine               - class com.almasb.fxgl.app.FXGLApplication$GameApplicationService
12:59:20.365 [FXGL Background Thread 3 ] DEBUG Engine               - class com.almasb.fxgl.app.services.FXGLDialogService
12:59:20.365 [FXGL Background Thread 3 ] DEBUG Engine               - class com.almasb.fxgl.app.services.IOTaskExecutorService
12:59:20.365 [FXGL Background Thread 3 ] DEBUG Engine               - class com.almasb.fxgl.io.FileSystemService
12:59:20.365 [FXGL Background Thread 3 ] DEBUG Engine               - class com.almasb.fxgl.localization.LocalizationService
12:59:20.365 [FXGL Background Thread 3 ] DEBUG Engine               - class com.almasb.fxgl.app.services.SystemBundleService
12:59:20.365 [FXGL Background Thread 3 ] DEBUG Engine               - class com.almasb.fxgl.profile.SaveLoadService
12:59:20.365 [FXGL Background Thread 3 ] DEBUG Engine               - class com.almasb.fxgl.ui.FXGLUIFactoryServiceProvider
12:59:20.366 [FXGL Background Thread 3 ] DEBUG Engine               - class com.almasb.fxgl.ui.FXGLDialogFactoryServiceProvider
12:59:20.366 [FXGL Background Thread 3 ] DEBUG Engine               - class com.almasb.fxgl.audio.AudioPlayer
12:59:20.366 [FXGL Background Thread 3 ] DEBUG Engine               - class com.almasb.fxgl.notification.impl.NotificationServiceProvider
12:59:20.366 [FXGL Background Thread 3 ] DEBUG Engine               - class com.almasb.fxgl.achievement.AchievementService
12:59:20.366 [FXGL Background Thread 3 ] DEBUG Engine               - class com.almasb.fxgl.cutscene.CutsceneService
12:59:20.366 [FXGL Background Thread 3 ] DEBUG Engine               - class com.almasb.fxgl.minigames.MiniGameService
12:59:20.366 [FXGL Background Thread 3 ] DEBUG Engine               - class com.almasb.fxgl.net.NetService
12:59:20.366 [FXGL Background Thread 3 ] DEBUG Engine               - class com.almasb.fxgl.app.services.UpdaterService
12:59:20.366 [FXGL Background Thread 3 ] DEBUG Engine               - class com.almasb.fxgl.dev.DevService
12:59:21.094 [JavaFX Application Thread] DEBUG FXGLAssetLoaderServi - Loading from file system: file:/C:/Users/macke/OneDrive/Documents/School/Semester%203/Programming%20in%20a%20Graphical%20User%20Interface/Homework/animals-revenge/build/resources/main/assets/textures/soccer.png
12:59:21.101 [JavaFX Application Thread] DEBUG LoopRunner           - Stopping loop
12:59:21.102 [JavaFX Application Thread] FATAL FXGLApplication      - Uncaught Exception:
java.lang.IndexOutOfBoundsException: Index -1 out of bounds for length 0
	at java.base/jdk.internal.util.Preconditions.outOfBounds(Preconditions.java:100)
	at java.base/jdk.internal.util.Preconditions.outOfBoundsCheckIndex(Preconditions.java:106)
	at java.base/jdk.internal.util.Preconditions.checkIndex(Preconditions.java:302)
	at java.base/java.util.Objects.checkIndex(Objects.java:359)
	at java.base/java.util.ArrayList.get(ArrayList.java:427)
	at javafx.base@20.0.2/com.sun.javafx.collections.ObservableListWrapper.get(ObservableListWrapper.java:88)
	at edu.vanier.animals_revenge.graphs.AccelerationGraph.updateAccelerationGraph(AccelerationGraph.java:92)
	at edu.vanier.animals_revenge.graphs.AccelerationGraph.lambda$new$0(AccelerationGraph.java:54)
	at javafx.graphics@20.0.2/com.sun.scenario.animation.shared.TimelineClipCore.visitKeyFrame(TimelineClipCore.java:239)
	at javafx.graphics@20.0.2/com.sun.scenario.animation.shared.TimelineClipCore.playTo(TimelineClipCore.java:180)
	at javafx.graphics@20.0.2/javafx.animation.Timeline.doPlayTo(Timeline.java:172)
	at javafx.graphics@20.0.2/javafx.animation.AnimationAccessorImpl.playTo(AnimationAccessorImpl.java:39)
	at javafx.graphics@20.0.2/com.sun.scenario.animation.shared.InfiniteClipEnvelope.timePulse(InfiniteClipEnvelope.java:104)
	at javafx.graphics@20.0.2/javafx.animation.Animation.doTimePulse(Animation.java:1189)
	at javafx.graphics@20.0.2/javafx.animation.Animation$1.lambda$timePulse$0(Animation.java:207)
	at java.base/java.security.AccessController.doPrivileged(AccessController.java:399)
	at javafx.graphics@20.0.2/javafx.animation.Animation$1.timePulse(Animation.java:206)
	at javafx.graphics@20.0.2/com.sun.scenario.animation.AbstractPrimaryTimer.timePulseImpl(AbstractPrimaryTimer.java:343)
	at javafx.graphics@20.0.2/com.sun.scenario.animation.AbstractPrimaryTimer$MainLoop.run(AbstractPrimaryTimer.java:266)
	at javafx.graphics@20.0.2/com.sun.javafx.tk.quantum.QuantumToolkit.pulse(QuantumToolkit.java:588)
	at javafx.graphics@20.0.2/com.sun.javafx.tk.quantum.QuantumToolkit.pulse(QuantumToolkit.java:572)
	at javafx.graphics@20.0.2/com.sun.javafx.tk.quantum.QuantumToolkit.pulseFromQueue(QuantumToolkit.java:565)
	at javafx.graphics@20.0.2/com.sun.javafx.tk.quantum.QuantumToolkit.lambda$runToolkit$11(QuantumToolkit.java:352)
	at javafx.graphics@20.0.2/com.sun.glass.ui.InvokeLaterDispatcher$Future.run(InvokeLaterDispatcher.java:95)
	at javafx.graphics@20.0.2/com.sun.glass.ui.win.WinApplication._runLoop(Native Method)
	at javafx.graphics@20.0.2/com.sun.glass.ui.win.WinApplication.lambda$runLoop$3(WinApplication.java:185)
	at java.base/java.lang.Thread.run(Thread.java:833)

12:59:21.102 [JavaFX Application Thread] FATAL FXGLApplication      - Application will now exit
12:59:21.109 [JavaFX Application Thread] DEBUG PrimaryStageWindow   - Push state: ErrorSubScene
12:59:21.109 [JavaFX Application Thread] DEBUG Input                - Clearing active input actions
12:59:21.110 [JavaFX Application Thread] DEBUG GameApplicationServi - Removing overlay from GameScene and adding to ErrorSubScene
12:59:21.112 [JavaFX Application Thread] DEBUG PrimaryStageWindow   - GameScene -> ErrorSubScene
12:59:25.007 [JavaFX Application Thread] DEBUG FXGLApplication      - Exiting FXGL
12:59:25.007 [JavaFX Application Thread] DEBUG Async                - Shutting down background threads
12:59:25.007 [JavaFX Application Thread] DEBUG PrimaryStageWindow   - Closing main window
12:59:25.018 [JavaFX Application Thread] DEBUG Logger               - Closing Logger
