19:22:47.621 [main                     ] DEBUG Logger               - Configured Logger
19:22:47.640 [main                     ] DEBUG GameApplication      - Logging settings
Title: Untitled
Version: 0.0
Width: 1480
Height: 820
Fullscreen: false
Intro: false
Profiling: false
Single step:false
App Mode: DEVELOPER
Menu Key: ESCAPE
Stage Style: DECORATED
Scene Factory: class com.almasb.fxgl.app.scene.SceneFactory

19:22:48.460 [JavaFX Application Thread] DEBUG FXGLApplication      - Initializing FXGL
19:22:48.483 [JavaFX Application Thread] INFO  Engine               - FXGL-17.2 (20.08.2022 16.50) on WINDOWS (J:18.0.2.1 FX:20.0.2)
19:22:48.487 [JavaFX Application Thread] DEBUG Engine               - JRE Vendor Name: Oracle Corporation
19:22:48.490 [JavaFX Application Thread] DEBUG Engine               - Running on OS: Windows 11 version 10.0
19:22:48.491 [JavaFX Application Thread] DEBUG Engine               - Architecture: amd64
19:22:48.492 [JavaFX Application Thread] INFO  Engine               - Source code and latest versions at: https://github.com/AlmasB/FXGL
19:22:48.493 [JavaFX Application Thread] INFO  Engine               -       Ask questions and discuss at: https://github.com/AlmasB/FXGL/discussions
19:22:48.494 [JavaFX Application Thread] INFO  Engine               -              Join the FXGL chat at: https://gitter.im/AlmasB/FXGL
19:22:48.736 [JavaFX Application Thread] DEBUG PrimaryStageWindow   - Creating a JavaFX scene
19:22:48.737 [JavaFX Application Thread] DEBUG PrimaryStageWindow   - Target size > screen size
19:22:48.891 [JavaFX Application Thread] DEBUG PrimaryStageWindow   - Target settings size: 1480.0 x 820.0
19:22:48.892 [JavaFX Application Thread] DEBUG PrimaryStageWindow   - Scaled scene size:    1447.0 x 815.0
19:22:48.892 [JavaFX Application Thread] DEBUG PrimaryStageWindow   - Scaled ratio: (0.9777027027027027, 0.9939024390243902)
19:22:48.894 [JavaFX Application Thread] DEBUG PrimaryStageWindow   - Set initial scene to FXGLStartupScene
19:22:48.900 [JavaFX Application Thread] DEBUG PrimaryStageWindow   - Opening main window
19:22:49.149 [JavaFX Application Thread] DEBUG PrimaryStageWindow   - Window border size: (14.5999755859375, 37.79998779296875)
19:22:49.150 [JavaFX Application Thread] DEBUG PrimaryStageWindow   - Scaled size: 1447.0 x 815.0
19:22:49.150 [JavaFX Application Thread] DEBUG PrimaryStageWindow   - Scaled ratio: (0.9777027027027027, 0.9939024390243902)
19:22:49.151 [JavaFX Application Thread] DEBUG PrimaryStageWindow   - Scene size: 1447.0 x 815.0
19:22:49.152 [JavaFX Application Thread] DEBUG PrimaryStageWindow   - Stage size: 1461.5999755859375 x 852.7999877929688
19:22:49.263 [FXGL Background Thread 1 ] DEBUG Engine               - Initializing environment variables
19:22:49.368 [FXGL Background Thread 1 ] DEBUG FXGLAssetLoaderServi - User app class for loading assets: class edu.vanier.animals_revenge.MainApp
19:22:49.368 [FXGL Background Thread 1 ] DEBUG GameApplicationServi - Applying CSS: fxgl_dark.css
19:22:49.372 [FXGL Background Thread 1 ] DEBUG FXGLAssetLoaderServi - Loading from file system: jar:file:/C:/Users/anton/.gradle/caches/modules-2/files-2.1/com.github.almasb/fxgl/17.2/35db6ae960eec2dcfd19262d3b7f9c42f0e95bc3/fxgl-17.2.jar!/fxglassets/ui/css/fxgl_dark.css
19:22:49.452 [FXGL Background Thread 1 ] DEBUG GameApplicationServi - Initializing application scenes
19:22:49.715 [FXGL Background Thread 1 ] DEBUG GameWorld            - Game world initialized
19:22:49.829 [FXGL Background Thread 1 ] DEBUG PhysicsWorld         - Physics world initialized: appHeight=820, physics.ppm=50.0
19:22:49.830 [FXGL Background Thread 1 ] DEBUG PhysicsWorld         - Using strategy: BRUTE_FORCE
19:22:49.837 [FXGL Background Thread 1 ] DEBUG GameScene            - Game scene initialized: 1480x820
19:22:49.837 [FXGL Background Thread 1 ] DEBUG GameApplicationServi - Application scenes initialized
19:22:49.875 [FXGL Background Thread 1 ] DEBUG SystemBundleService  - Loading FXGL system data
19:22:49.887 [FXGL Background Thread 1 ] DEBUG FileSystemAccess     - Reading from: C:\Users\anton\OneDrive\Documents\GitHub\animals-revenge\system\fxgl.bundle
19:22:49.908 [FXGL Background Thread 1 ] DEBUG SystemBundleService  - Bundle FXGL: {}
19:22:49.908 [FXGL Background Thread 1 ] DEBUG UpdaterService       - Checking for updates
19:22:49.919 [FXGL Background Thread 1 ] DEBUG FXGLApplication      - Loading default localization
19:22:49.921 [FXGL Background Thread 1 ] DEBUG FXGLAssetLoaderServi - Loading from file system: jar:file:/C:/Users/anton/.gradle/caches/modules-2/files-2.1/com.github.almasb/fxgl/17.2/35db6ae960eec2dcfd19262d3b7f9c42f0e95bc3/fxgl-17.2.jar!/fxglassets/languages/english.lang
19:22:49.934 [FXGL Background Thread 4 ] DEBUG FXGLApplication      - Loading fonts
19:22:49.937 [FXGL Background Thread 4 ] DEBUG FXGLAssetLoaderServi - Loading from file system: jar:file:/C:/Users/anton/.gradle/caches/modules-2/files-2.1/com.github.almasb/fxgl/17.2/35db6ae960eec2dcfd19262d3b7f9c42f0e95bc3/fxgl-17.2.jar!/fxglassets/ui/fonts/VarelaRound-Regular.ttf
19:22:49.962 [FXGL Background Thread 1 ] INFO  FXGLApplication      - FXGL initialization took: 0.698 sec
19:22:49.970 [JavaFX Application Thread] DEBUG Input                - Registered new binding: Launch - RMB
19:22:49.970 [JavaFX Application Thread] DEBUG Input                - Registered new binding: Create - LMB
19:22:49.971 [JavaFX Application Thread] DEBUG Input                - Registered new binding: Drag - CTRL+LMB
19:22:49.972 [JavaFX Application Thread] DEBUG FXGLAssetLoaderServi - Loading from file system: jar:file:/C:/Users/anton/.gradle/caches/modules-2/files-2.1/com.github.almasb/fxgl/17.2/35db6ae960eec2dcfd19262d3b7f9c42f0e95bc3/fxgl-17.2.jar!/fxglassets/textures/fxgl_icon.png
19:22:50.057 [JavaFX Application Thread] DEBUG FXGLAssetLoaderServi - Loading from file system: jar:file:/C:/Users/anton/.gradle/caches/modules-2/files-2.1/com.github.almasb/fxgl/17.2/35db6ae960eec2dcfd19262d3b7f9c42f0e95bc3/fxgl-17.2.jar!/fxglassets/textures/fxgl_default_cursor.png
19:22:50.074 [JavaFX Application Thread] DEBUG Input                - Registered new binding: Screenshot - CTRL+8
19:22:50.075 [JavaFX Application Thread] DEBUG Input                - Registered new binding: System info dump - CTRL+9
19:22:50.076 [JavaFX Application Thread] DEBUG Input                - Registered new binding: Restart - CTRL+R
19:22:50.077 [JavaFX Application Thread] DEBUG Input                - Registered new binding: Toggle Debug Camera - CTRL+7
19:22:50.080 [JavaFX Application Thread] DEBUG LoopRunner           - Starting loop
19:22:50.080 [JavaFX Application Thread] DEBUG LoopRunner           - Initializing JavaFX AnimationTimerLoop
19:22:50.082 [JavaFX Application Thread] DEBUG GameApplicationServi - Starting new game
19:22:50.083 [JavaFX Application Thread] DEBUG Input                - Clearing active input actions
19:22:50.098 [JavaFX Application Thread] DEBUG GameApplicationServi - Removing overlay from FXGLStartupScene and adding to FXGLLoadingScene
19:22:50.098 [JavaFX Application Thread] DEBUG PrimaryStageWindow   - FXGLStartupScene -> FXGLLoadingScene
19:22:50.099 [JavaFX Application Thread] DEBUG GameApplicationServi - Clearing previous game
19:22:50.099 [JavaFX Application Thread] DEBUG GameScene            - Clearing game scene
19:22:50.099 [JavaFX Application Thread] DEBUG GameWorld            - Clearing game world
19:22:50.099 [JavaFX Application Thread] DEBUG PhysicsWorld         - Clearing physics world
19:22:50.101 [FXGL Background Thread 1 ] DEBUG FXGLApplication      - Initializing game
19:22:50.186 [FXGL Background Thread 1 ] DEBUG FXGLAssetLoaderServi - Loading from file system: file:/C:/Users/anton/OneDrive/Documents/GitHub/animals-revenge/build/resources/main/assets/ui/Home.fxml
19:22:50.494 [FXGL Background Thread 4 ] DEBUG FXGLAssetLoaderServi - Loading from file system: jar:file:/C:/Users/anton/.gradle/caches/modules-2/files-2.1/com.github.almasb/fxgl/17.2/35db6ae960eec2dcfd19262d3b7f9c42f0e95bc3/fxgl-17.2.jar!/fxglassets/ui/fonts/Abel-Regular.ttf
19:22:50.500 [FXGL Background Thread 4 ] DEBUG FXGLAssetLoaderServi - Loading from file system: jar:file:/C:/Users/anton/.gradle/caches/modules-2/files-2.1/com.github.almasb/fxgl/17.2/35db6ae960eec2dcfd19262d3b7f9c42f0e95bc3/fxgl-17.2.jar!/fxglassets/ui/fonts/TerminalLandMono-Regular.otf
19:22:50.511 [FXGL Background Thread 4 ] DEBUG FXGLAssetLoaderServi - Loading from file system: jar:file:/C:/Users/anton/.gradle/caches/modules-2/files-2.1/com.github.almasb/fxgl/17.2/35db6ae960eec2dcfd19262d3b7f9c42f0e95bc3/fxgl-17.2.jar!/fxglassets/ui/fonts/Courier-Prime.ttf
19:22:51.175 [FXGL Background Thread 2 ] INFO  UpdaterService       - Your current version:  17.2
19:22:51.175 [FXGL Background Thread 2 ] INFO  UpdaterService       - Latest stable version: 17.3
19:22:51.197 [FXGL Background Thread 1 ] INFO  FXGLApplication      - Game initialization took: 1.094 sec
19:22:51.383 [JavaFX Application Thread] DEBUG FXGLApplication      - Registering font factories with UI factory
19:22:51.383 [JavaFX Application Thread] DEBUG Input                - Clearing active input actions
19:22:51.416 [JavaFX Application Thread] DEBUG GameApplicationServi - Removing overlay from FXGLLoadingScene and adding to GameScene
19:22:51.417 [JavaFX Application Thread] DEBUG PrimaryStageWindow   - FXGLLoadingScene -> GameScene
19:22:52.916 [FXGL Background Thread 3 ] DEBUG Engine               - Logging environment variables
19:22:52.918 [FXGL Background Thread 3 ] DEBUG Engine               - achievements: []
19:22:52.918 [FXGL Background Thread 3 ] DEBUG Engine               - actualHeight: 815.0
19:22:52.918 [FXGL Background Thread 3 ] DEBUG Engine               - actualHeightProperty: ReadOnlyDoubleProperty [value: 815.0]
19:22:52.918 [FXGL Background Thread 3 ] DEBUG Engine               - actualWidth: 1447.0
19:22:52.918 [FXGL Background Thread 3 ] DEBUG Engine               - actualWidthProperty: ReadOnlyDoubleProperty [value: 1447.0]
19:22:52.918 [FXGL Background Thread 3 ] DEBUG Engine               - appIcon: fxgl_icon.png
19:22:52.920 [FXGL Background Thread 3 ] DEBUG Engine               - applicationMode: DEVELOPER
19:22:52.920 [FXGL Background Thread 3 ] DEBUG Engine               - cSSList: [fxgl_dark.css]
19:22:52.920 [FXGL Background Thread 3 ] DEBUG Engine               - collisionDetectionStrategy: BRUTE_FORCE
19:22:52.920 [FXGL Background Thread 3 ] DEBUG Engine               - configClass: Optional.empty
19:22:52.920 [FXGL Background Thread 3 ] DEBUG Engine               - credits: []
19:22:52.922 [FXGL Background Thread 3 ] DEBUG Engine               - defaultCursor: CursorInfo(imageName=fxgl_default_cursor.png, hotspotX=7.0, hotspotY=6.0)
19:22:52.923 [FXGL Background Thread 3 ] DEBUG Engine               - devBBoxColorProperty: ObjectProperty [value: 0xff0000ff]
19:22:52.923 [FXGL Background Thread 3 ] DEBUG Engine               - devEnableDebugCameraProperty: BooleanProperty [value: false]
19:22:52.923 [FXGL Background Thread 3 ] DEBUG Engine               - devSensorColorProperty: ObjectProperty [value: 0xffff00ff]
19:22:52.923 [FXGL Background Thread 3 ] DEBUG Engine               - devShowBBoxProperty: BooleanProperty [value: false]
19:22:52.923 [FXGL Background Thread 3 ] DEBUG Engine               - devShowPositionProperty: BooleanProperty [value: false]
19:22:52.923 [FXGL Background Thread 3 ] DEBUG Engine               - enabledMenuItems: []
19:22:52.924 [FXGL Background Thread 3 ] DEBUG Engine               - engineServices: [class com.almasb.fxgl.app.services.FXGLAssetLoaderService, class com.almasb.fxgl.app.FXGLApplication$GameApplicationService, class com.almasb.fxgl.app.services.FXGLDialogService, class com.almasb.fxgl.app.services.IOTaskExecutorService, class com.almasb.fxgl.io.FileSystemService, class com.almasb.fxgl.localization.LocalizationService, class com.almasb.fxgl.app.services.SystemBundleService, class com.almasb.fxgl.profile.SaveLoadService, class com.almasb.fxgl.ui.FXGLUIFactoryServiceProvider, class com.almasb.fxgl.ui.FXGLDialogFactoryServiceProvider, class com.almasb.fxgl.audio.AudioPlayer, class com.almasb.fxgl.notification.impl.NotificationServiceProvider, class com.almasb.fxgl.achievement.AchievementService, class com.almasb.fxgl.cutscene.CutsceneService, class com.almasb.fxgl.minigames.MiniGameService, class com.almasb.fxgl.net.NetService, class com.almasb.fxgl.app.services.UpdaterService, class com.almasb.fxgl.dev.DevService]
19:22:52.924 [FXGL Background Thread 3 ] DEBUG Engine               - fontGame: Abel-Regular.ttf
19:22:52.924 [FXGL Background Thread 3 ] DEBUG Engine               - fontMono: TerminalLandMono-Regular.otf
19:22:52.924 [FXGL Background Thread 3 ] DEBUG Engine               - fontText: Courier-Prime.ttf
19:22:52.924 [FXGL Background Thread 3 ] DEBUG Engine               - fontUI: VarelaRound-Regular.ttf
19:22:52.924 [FXGL Background Thread 3 ] DEBUG Engine               - fullScreen: BooleanProperty [value: false]
19:22:52.924 [FXGL Background Thread 3 ] DEBUG Engine               - gameDifficulty: MEDIUM
19:22:52.924 [FXGL Background Thread 3 ] DEBUG Engine               - gameDifficultyProperty: ObjectProperty [value: MEDIUM]
19:22:52.924 [FXGL Background Thread 3 ] DEBUG Engine               - globalMusicVolume: 0.5
19:22:52.924 [FXGL Background Thread 3 ] DEBUG Engine               - globalMusicVolumeProperty: DoubleProperty [value: 0.5]
19:22:52.924 [FXGL Background Thread 3 ] DEBUG Engine               - globalSoundVolume: 0.5
19:22:52.925 [FXGL Background Thread 3 ] DEBUG Engine               - globalSoundVolumeProperty: DoubleProperty [value: 0.5]
19:22:52.925 [FXGL Background Thread 3 ] DEBUG Engine               - height: 820
19:22:52.925 [FXGL Background Thread 3 ] DEBUG Engine               - is3D: false
19:22:52.925 [FXGL Background Thread 3 ] DEBUG Engine               - isAndroid: false
19:22:52.925 [FXGL Background Thread 3 ] DEBUG Engine               - isBrowser: false
19:22:52.925 [FXGL Background Thread 3 ] DEBUG Engine               - isClickFeedbackEnabled: false
19:22:52.925 [FXGL Background Thread 3 ] DEBUG Engine               - isCloseConfirmation: false
19:22:52.926 [FXGL Background Thread 3 ] DEBUG Engine               - isDesktop: true
19:22:52.926 [FXGL Background Thread 3 ] DEBUG Engine               - isDeveloperMenuEnabled: false
19:22:52.926 [FXGL Background Thread 3 ] DEBUG Engine               - isEmbedded: false
19:22:52.926 [FXGL Background Thread 3 ] DEBUG Engine               - isEntityPreloadEnabled: true
19:22:52.926 [FXGL Background Thread 3 ] DEBUG Engine               - isExperimentalTiledLargeMap: false
19:22:52.926 [FXGL Background Thread 3 ] DEBUG Engine               - isFileSystemWriteAllowed: true
19:22:52.926 [FXGL Background Thread 3 ] DEBUG Engine               - isFullScreenAllowed: false
19:22:52.926 [FXGL Background Thread 3 ] DEBUG Engine               - isFullScreenFromStart: false
19:22:52.926 [FXGL Background Thread 3 ] DEBUG Engine               - isGameMenuEnabled: false
19:22:52.926 [FXGL Background Thread 3 ] DEBUG Engine               - isIOS: false
19:22:52.927 [FXGL Background Thread 3 ] DEBUG Engine               - isIntroEnabled: false
19:22:52.927 [FXGL Background Thread 3 ] DEBUG Engine               - isLinux: false
19:22:52.927 [FXGL Background Thread 3 ] DEBUG Engine               - isMac: false
19:22:52.927 [FXGL Background Thread 3 ] DEBUG Engine               - isMainMenuEnabled: false
19:22:52.927 [FXGL Background Thread 3 ] DEBUG Engine               - isManualResizeEnabled: false
19:22:52.927 [FXGL Background Thread 3 ] DEBUG Engine               - isMobile: false
19:22:52.927 [FXGL Background Thread 3 ] DEBUG Engine               - isNative: false
19:22:52.927 [FXGL Background Thread 3 ] DEBUG Engine               - isPauseMusicWhenMinimized: true
19:22:52.927 [FXGL Background Thread 3 ] DEBUG Engine               - isPreserveResizeRatio: false
19:22:52.928 [FXGL Background Thread 3 ] DEBUG Engine               - isProfilingEnabled: false
19:22:52.928 [FXGL Background Thread 3 ] DEBUG Engine               - isScaleAffectedOnResize: true
19:22:52.928 [FXGL Background Thread 3 ] DEBUG Engine               - isSingleStep: false
19:22:52.928 [FXGL Background Thread 3 ] DEBUG Engine               - isUserProfileEnabled: false
19:22:52.928 [FXGL Background Thread 3 ] DEBUG Engine               - isWindows: true
19:22:52.928 [FXGL Background Thread 3 ] DEBUG Engine               - language: ObjectProperty [value: ENGLISH]
19:22:52.928 [FXGL Background Thread 3 ] DEBUG Engine               - menuKey: ESCAPE
19:22:52.928 [FXGL Background Thread 3 ] DEBUG Engine               - mouseSensitivity: 0.2
19:22:52.928 [FXGL Background Thread 3 ] DEBUG Engine               - notificationViewClass: class com.almasb.fxgl.notification.view.XboxNotificationView
19:22:52.928 [FXGL Background Thread 3 ] DEBUG Engine               - pixelsPerMeter: 50.0
19:22:52.928 [FXGL Background Thread 3 ] DEBUG Engine               - platform: WINDOWS
19:22:52.928 [FXGL Background Thread 3 ] DEBUG Engine               - prefHeightProperty: ReadOnlyDoubleProperty [value: 820.0]
19:22:52.929 [FXGL Background Thread 3 ] DEBUG Engine               - prefWidthProperty: ReadOnlyDoubleProperty [value: 1480.0]
19:22:52.929 [FXGL Background Thread 3 ] DEBUG Engine               - profileDir: profiles/
19:22:52.929 [FXGL Background Thread 3 ] DEBUG Engine               - profileName: StringProperty [value: DEFAULT]
19:22:52.929 [FXGL Background Thread 3 ] DEBUG Engine               - randomSeed: -1
19:22:52.929 [FXGL Background Thread 3 ] DEBUG Engine               - runtimeInfo: RuntimeInfo(platform=WINDOWS, version=17.2, build=20.08.2022 16.50)
19:22:52.929 [FXGL Background Thread 3 ] DEBUG Engine               - saveFileExt: sav
19:22:52.929 [FXGL Background Thread 3 ] DEBUG Engine               - scaledHeightProp$fxgl: DoubleProperty [bound, value: 815.0]
19:22:52.930 [FXGL Background Thread 3 ] DEBUG Engine               - scaledWidthProp$fxgl: DoubleProperty [bound, value: 1447.0]
19:22:52.930 [FXGL Background Thread 3 ] DEBUG Engine               - sceneFactory: com.almasb.fxgl.app.scene.SceneFactory@41a3a0af
19:22:52.930 [FXGL Background Thread 3 ] DEBUG Engine               - secondsIn24h: 60
19:22:52.930 [FXGL Background Thread 3 ] DEBUG Engine               - soundMenuBack: menu/back.wav
19:22:52.930 [FXGL Background Thread 3 ] DEBUG Engine               - soundMenuPress: menu/press.wav
19:22:52.930 [FXGL Background Thread 3 ] DEBUG Engine               - soundMenuSelect: menu/select.wav
19:22:52.930 [FXGL Background Thread 3 ] DEBUG Engine               - soundNotification: core/notification.wav
19:22:52.930 [FXGL Background Thread 3 ] DEBUG Engine               - stageStyle: DECORATED
19:22:52.930 [FXGL Background Thread 3 ] DEBUG Engine               - supportedLanguages: [ENGLISH, FRENCH, GERMAN, HUNGARIAN, RUSSIAN]
19:22:52.930 [FXGL Background Thread 3 ] DEBUG Engine               - ticksPerSecond: -1
19:22:52.930 [FXGL Background Thread 3 ] DEBUG Engine               - title: Untitled
19:22:52.931 [FXGL Background Thread 3 ] DEBUG Engine               - urlGithub: https://github.com/AlmasB/FXGL
19:22:52.931 [FXGL Background Thread 3 ] DEBUG Engine               - urlLeaderboard: http://fxgl-top.herokuapp.com/
19:22:52.931 [FXGL Background Thread 3 ] DEBUG Engine               - urlPOM: https://raw.githubusercontent.com/AlmasB/FXGL/release/README.md
19:22:52.931 [FXGL Background Thread 3 ] DEBUG Engine               - userAppClass: class edu.vanier.animals_revenge.MainApp
19:22:52.931 [FXGL Background Thread 3 ] DEBUG Engine               - version: 0.0
19:22:52.931 [FXGL Background Thread 3 ] DEBUG Engine               - versionCheckDays: 7
19:22:52.931 [FXGL Background Thread 3 ] DEBUG Engine               - width: 1480
19:22:52.931 [FXGL Background Thread 3 ] DEBUG Engine               - Logging services
19:22:52.931 [FXGL Background Thread 3 ] DEBUG Engine               - class com.almasb.fxgl.app.services.FXGLAssetLoaderService
19:22:52.931 [FXGL Background Thread 3 ] DEBUG Engine               - class com.almasb.fxgl.app.FXGLApplication$GameApplicationService
19:22:52.931 [FXGL Background Thread 3 ] DEBUG Engine               - class com.almasb.fxgl.app.services.FXGLDialogService
19:22:52.932 [FXGL Background Thread 3 ] DEBUG Engine               - class com.almasb.fxgl.app.services.IOTaskExecutorService
19:22:52.932 [FXGL Background Thread 3 ] DEBUG Engine               - class com.almasb.fxgl.io.FileSystemService
19:22:52.932 [FXGL Background Thread 3 ] DEBUG Engine               - class com.almasb.fxgl.localization.LocalizationService
19:22:52.932 [FXGL Background Thread 3 ] DEBUG Engine               - class com.almasb.fxgl.app.services.SystemBundleService
19:22:52.932 [FXGL Background Thread 3 ] DEBUG Engine               - class com.almasb.fxgl.profile.SaveLoadService
19:22:52.932 [FXGL Background Thread 3 ] DEBUG Engine               - class com.almasb.fxgl.ui.FXGLUIFactoryServiceProvider
19:22:52.932 [FXGL Background Thread 3 ] DEBUG Engine               - class com.almasb.fxgl.ui.FXGLDialogFactoryServiceProvider
19:22:52.932 [FXGL Background Thread 3 ] DEBUG Engine               - class com.almasb.fxgl.audio.AudioPlayer
19:22:52.932 [FXGL Background Thread 3 ] DEBUG Engine               - class com.almasb.fxgl.notification.impl.NotificationServiceProvider
19:22:52.932 [FXGL Background Thread 3 ] DEBUG Engine               - class com.almasb.fxgl.achievement.AchievementService
19:22:52.932 [FXGL Background Thread 3 ] DEBUG Engine               - class com.almasb.fxgl.cutscene.CutsceneService
19:22:52.932 [FXGL Background Thread 3 ] DEBUG Engine               - class com.almasb.fxgl.minigames.MiniGameService
19:22:52.933 [FXGL Background Thread 3 ] DEBUG Engine               - class com.almasb.fxgl.net.NetService
19:22:52.933 [FXGL Background Thread 3 ] DEBUG Engine               - class com.almasb.fxgl.app.services.UpdaterService
19:22:52.933 [FXGL Background Thread 3 ] DEBUG Engine               - class com.almasb.fxgl.dev.DevService
19:22:53.334 [JavaFX Application Thread] DEBUG FXGLAssetLoaderServi - Loading from file system: file:/C:/Users/anton/OneDrive/Documents/GitHub/animals-revenge/build/resources/main/assets/ui/Setting.fxml
19:24:51.936 [JavaFX Application Thread] DEBUG FXGLApplication      - Exiting FXGL
19:24:51.936 [JavaFX Application Thread] DEBUG LoopRunner           - Stopping loop
19:24:51.936 [JavaFX Application Thread] DEBUG SystemBundleService  - Saving FXGL system data
19:24:51.940 [JavaFX Application Thread] DEBUG FileSystemAccess     - Writing to: C:\Users\anton\OneDrive\Documents\GitHub\animals-revenge\system\fxgl.bundle
19:24:51.942 [JavaFX Application Thread] DEBUG Async                - Shutting down background threads
19:24:51.943 [JavaFX Application Thread] DEBUG PrimaryStageWindow   - Closing main window
19:24:51.962 [JavaFX Application Thread] DEBUG Logger               - Closing Logger
