15:43:42.375 [main                     ] DEBUG Logger               - Configured Logger
15:43:42.383 [main                     ] DEBUG GameApplication      - Logging settings
Title: Untitled
Version: 0.0
Width: 1480
Height: 820
Fullscreen: false
Intro: false
Profiling: false
Single step:false
App Mode: DEVELOPER
Menu Key: ESCAPE
Stage Style: DECORATED
Scene Factory: class com.almasb.fxgl.app.scene.SceneFactory

15:43:42.590 [JavaFX Application Thread] DEBUG FXGLApplication      - Initializing FXGL
15:43:42.594 [JavaFX Application Thread] INFO  Engine               - FXGL-17.2 (20.08.2022 16.50) on WINDOWS (J:18.0.2.1 FX:20.0.2)
15:43:42.594 [JavaFX Application Thread] DEBUG Engine               - JRE Vendor Name: Oracle Corporation
15:43:42.594 [JavaFX Application Thread] DEBUG Engine               - Running on OS: Windows 11 version 10.0
15:43:42.594 [JavaFX Application Thread] DEBUG Engine               - Architecture: amd64
15:43:42.594 [JavaFX Application Thread] INFO  Engine               - Source code and latest versions at: https://github.com/AlmasB/FXGL
15:43:42.594 [JavaFX Application Thread] INFO  Engine               -       Ask questions and discuss at: https://github.com/AlmasB/FXGL/discussions
15:43:42.594 [JavaFX Application Thread] INFO  Engine               -              Join the FXGL chat at: https://gitter.im/AlmasB/FXGL
15:43:42.653 [JavaFX Application Thread] DEBUG PrimaryStageWindow   - Creating a JavaFX scene
15:43:42.680 [JavaFX Application Thread] DEBUG PrimaryStageWindow   - Target settings size: 1480.0 x 820.0
15:43:42.680 [JavaFX Application Thread] DEBUG PrimaryStageWindow   - Scaled scene size:    1480.0 x 820.0
15:43:42.680 [JavaFX Application Thread] DEBUG PrimaryStageWindow   - Scaled ratio: (1.0, 1.0)
15:43:42.681 [JavaFX Application Thread] DEBUG PrimaryStageWindow   - Set initial scene to FXGLStartupScene
15:43:42.683 [JavaFX Application Thread] DEBUG PrimaryStageWindow   - Opening main window
15:43:42.742 [JavaFX Application Thread] DEBUG PrimaryStageWindow   - Window border size: (16.0, 39.0)
15:43:42.742 [JavaFX Application Thread] DEBUG PrimaryStageWindow   - Scaled size: 1480.0 x 820.0
15:43:42.743 [JavaFX Application Thread] DEBUG PrimaryStageWindow   - Scaled ratio: (1.0, 1.0)
15:43:42.743 [JavaFX Application Thread] DEBUG PrimaryStageWindow   - Scene size: 1480.0 x 820.0
15:43:42.743 [JavaFX Application Thread] DEBUG PrimaryStageWindow   - Stage size: 1496.0 x 859.0
15:43:42.748 [FXGL Background Thread 1 ] DEBUG Engine               - Initializing environment variables
15:43:42.772 [FXGL Background Thread 1 ] DEBUG FXGLAssetLoaderServi - User app class for loading assets: class edu.vanier.animals_revenge.MainApp
15:43:42.772 [FXGL Background Thread 1 ] DEBUG GameApplicationServi - Applying CSS: fxgl_dark.css
15:43:42.773 [FXGL Background Thread 1 ] DEBUG FXGLAssetLoaderServi - Loading from file system: jar:file:/C:/Users/ethan/.gradle/caches/modules-2/files-2.1/com.github.almasb/fxgl/17.2/35db6ae960eec2dcfd19262d3b7f9c42f0e95bc3/fxgl-17.2.jar!/fxglassets/ui/css/fxgl_dark.css
15:43:42.798 [FXGL Background Thread 1 ] DEBUG GameApplicationServi - Initializing application scenes
15:43:42.817 [FXGL Background Thread 1 ] DEBUG GameWorld            - Game world initialized
15:43:42.858 [FXGL Background Thread 1 ] DEBUG PhysicsWorld         - Physics world initialized: appHeight=820, physics.ppm=50.0
15:43:42.858 [FXGL Background Thread 1 ] DEBUG PhysicsWorld         - Using strategy: BRUTE_FORCE
15:43:42.860 [FXGL Background Thread 1 ] DEBUG GameScene            - Game scene initialized: 1480x820
15:43:42.860 [FXGL Background Thread 1 ] DEBUG GameApplicationServi - Application scenes initialized
15:43:42.873 [FXGL Background Thread 1 ] DEBUG SystemBundleService  - Loading FXGL system data
15:43:42.876 [FXGL Background Thread 1 ] DEBUG FileSystemAccess     - Reading from: C:\Users\ethan\IdeaProjects\animals-revenge\system\fxgl.bundle
15:43:42.882 [FXGL Background Thread 1 ] DEBUG SystemBundleService  - Bundle FXGL: {}
15:43:42.882 [FXGL Background Thread 1 ] DEBUG UpdaterService       - Checking for updates
15:43:42.884 [FXGL Background Thread 4 ] DEBUG FXGLApplication      - Loading fonts
15:43:42.885 [FXGL Background Thread 1 ] DEBUG FXGLApplication      - Loading default localization
15:43:42.885 [FXGL Background Thread 4 ] DEBUG FXGLAssetLoaderServi - Loading from file system: jar:file:/C:/Users/ethan/.gradle/caches/modules-2/files-2.1/com.github.almasb/fxgl/17.2/35db6ae960eec2dcfd19262d3b7f9c42f0e95bc3/fxgl-17.2.jar!/fxglassets/ui/fonts/VarelaRound-Regular.ttf
15:43:42.885 [FXGL Background Thread 1 ] DEBUG FXGLAssetLoaderServi - Loading from file system: jar:file:/C:/Users/ethan/.gradle/caches/modules-2/files-2.1/com.github.almasb/fxgl/17.2/35db6ae960eec2dcfd19262d3b7f9c42f0e95bc3/fxgl-17.2.jar!/fxglassets/languages/english.lang
15:43:42.904 [FXGL Background Thread 1 ] INFO  FXGLApplication      - FXGL initialization took: 0.156 sec
15:43:42.907 [JavaFX Application Thread] DEBUG Input                - Registered new binding: Launch - RMB
15:43:42.908 [JavaFX Application Thread] DEBUG Input                - Registered new binding: Create - LMB
15:43:42.908 [JavaFX Application Thread] DEBUG Input                - Registered new binding: Drag - CTRL+LMB
15:43:42.908 [JavaFX Application Thread] DEBUG FXGLAssetLoaderServi - Loading from file system: jar:file:/C:/Users/ethan/.gradle/caches/modules-2/files-2.1/com.github.almasb/fxgl/17.2/35db6ae960eec2dcfd19262d3b7f9c42f0e95bc3/fxgl-17.2.jar!/fxglassets/textures/fxgl_icon.png
15:43:42.917 [FXGL Background Thread 4 ] DEBUG FXGLAssetLoaderServi - Loading from file system: jar:file:/C:/Users/ethan/.gradle/caches/modules-2/files-2.1/com.github.almasb/fxgl/17.2/35db6ae960eec2dcfd19262d3b7f9c42f0e95bc3/fxgl-17.2.jar!/fxglassets/ui/fonts/Abel-Regular.ttf
15:43:42.922 [FXGL Background Thread 4 ] DEBUG FXGLAssetLoaderServi - Loading from file system: jar:file:/C:/Users/ethan/.gradle/caches/modules-2/files-2.1/com.github.almasb/fxgl/17.2/35db6ae960eec2dcfd19262d3b7f9c42f0e95bc3/fxgl-17.2.jar!/fxglassets/ui/fonts/TerminalLandMono-Regular.otf
15:43:42.927 [FXGL Background Thread 4 ] DEBUG FXGLAssetLoaderServi - Loading from file system: jar:file:/C:/Users/ethan/.gradle/caches/modules-2/files-2.1/com.github.almasb/fxgl/17.2/35db6ae960eec2dcfd19262d3b7f9c42f0e95bc3/fxgl-17.2.jar!/fxglassets/ui/fonts/Courier-Prime.ttf
15:43:42.934 [JavaFX Application Thread] DEBUG FXGLAssetLoaderServi - Loading from file system: jar:file:/C:/Users/ethan/.gradle/caches/modules-2/files-2.1/com.github.almasb/fxgl/17.2/35db6ae960eec2dcfd19262d3b7f9c42f0e95bc3/fxgl-17.2.jar!/fxglassets/textures/fxgl_default_cursor.png
15:43:42.942 [JavaFX Application Thread] DEBUG Input                - Registered new binding: Screenshot - CTRL+8
15:43:42.942 [JavaFX Application Thread] DEBUG Input                - Registered new binding: System info dump - CTRL+9
15:43:42.942 [JavaFX Application Thread] DEBUG Input                - Registered new binding: Restart - CTRL+R
15:43:42.943 [JavaFX Application Thread] DEBUG Input                - Registered new binding: Toggle Debug Camera - CTRL+7
15:43:42.945 [JavaFX Application Thread] DEBUG LoopRunner           - Starting loop
15:43:42.945 [JavaFX Application Thread] DEBUG LoopRunner           - Initializing JavaFX AnimationTimerLoop
15:43:42.946 [JavaFX Application Thread] DEBUG GameApplicationServi - Starting new game
15:43:42.947 [JavaFX Application Thread] DEBUG Input                - Clearing active input actions
15:43:42.955 [JavaFX Application Thread] DEBUG GameApplicationServi - Removing overlay from FXGLStartupScene and adding to FXGLLoadingScene
15:43:42.955 [JavaFX Application Thread] DEBUG PrimaryStageWindow   - FXGLStartupScene -> FXGLLoadingScene
15:43:42.955 [JavaFX Application Thread] DEBUG GameApplicationServi - Clearing previous game
15:43:42.955 [JavaFX Application Thread] DEBUG GameScene            - Clearing game scene
15:43:42.955 [JavaFX Application Thread] DEBUG GameWorld            - Clearing game world
15:43:42.955 [JavaFX Application Thread] DEBUG PhysicsWorld         - Clearing physics world
15:43:42.957 [FXGL Background Thread 4 ] DEBUG FXGLApplication      - Initializing game
15:43:42.958 [JavaFX Application Thread] DEBUG FXGLApplication      - Registering font factories with UI factory
15:43:42.983 [FXGL Background Thread 4 ] DEBUG FXGLAssetLoaderServi - Loading from file system: file:/C:/Users/ethan/IdeaProjects/animals-revenge/build/resources/main/assets/ui/Home.fxml
15:43:43.174 [FXGL Background Thread 2 ] INFO  UpdaterService       - Your current version:  17.2
15:43:43.174 [FXGL Background Thread 2 ] INFO  UpdaterService       - Latest stable version: 17.3
15:43:43.240 [FXGL Background Thread 4 ] INFO  FXGLApplication      - Game initialization took: 0.282 sec
15:43:43.248 [JavaFX Application Thread] DEBUG Input                - Clearing active input actions
15:43:43.255 [JavaFX Application Thread] DEBUG GameApplicationServi - Removing overlay from FXGLLoadingScene and adding to GameScene
15:43:43.255 [JavaFX Application Thread] DEBUG PrimaryStageWindow   - FXGLLoadingScene -> GameScene
15:43:44.859 [JavaFX Application Thread] DEBUG FXGLApplication      - Exiting FXGL
15:43:44.859 [JavaFX Application Thread] DEBUG LoopRunner           - Stopping loop
15:43:44.859 [JavaFX Application Thread] DEBUG SystemBundleService  - Saving FXGL system data
15:43:44.860 [JavaFX Application Thread] DEBUG FileSystemAccess     - Writing to: C:\Users\ethan\IdeaProjects\animals-revenge\system\fxgl.bundle
15:43:44.862 [JavaFX Application Thread] DEBUG Async                - Shutting down background threads
15:43:44.862 [JavaFX Application Thread] DEBUG PrimaryStageWindow   - Closing main window
15:43:44.869 [JavaFX Application Thread] DEBUG Logger               - Closing Logger
