11:48:51.756 [main                     ] DEBUG Logger               - Configured Logger
11:48:51.777 [main                     ] DEBUG GameApplication      - Logging settings
Title: Untitled
Version: 0.0
Width: 1480
Height: 820
Fullscreen: false
Intro: false
Profiling: false
Single step:false
App Mode: DEVELOPER
Menu Key: ESCAPE
Stage Style: DECORATED
Scene Factory: class com.almasb.fxgl.app.scene.SceneFactory

11:48:52.235 [JavaFX Application Thread] DEBUG FXGLApplication      - Initializing FXGL
11:48:52.246 [JavaFX Application Thread] INFO  Engine               - FXGL-17.2 (20.08.2022 16.50) on WINDOWS (J:18.0.2.1 FX:20.0.2)
11:48:52.247 [JavaFX Application Thread] DEBUG Engine               - JRE Vendor Name: Oracle Corporation
11:48:52.248 [JavaFX Application Thread] DEBUG Engine               - Running on OS: Windows 11 version 10.0
11:48:52.248 [JavaFX Application Thread] DEBUG Engine               - Architecture: amd64
11:48:52.248 [JavaFX Application Thread] INFO  Engine               - Source code and latest versions at: https://github.com/AlmasB/FXGL
11:48:52.249 [JavaFX Application Thread] INFO  Engine               -       Ask questions and discuss at: https://github.com/AlmasB/FXGL/discussions
11:48:52.249 [JavaFX Application Thread] INFO  Engine               -              Join the FXGL chat at: https://gitter.im/AlmasB/FXGL
11:48:52.363 [JavaFX Application Thread] DEBUG PrimaryStageWindow   - Creating a JavaFX scene
11:48:52.363 [JavaFX Application Thread] DEBUG PrimaryStageWindow   - Target size > screen size
11:48:52.440 [JavaFX Application Thread] DEBUG PrimaryStageWindow   - Target settings size: 1480.0 x 820.0
11:48:52.440 [JavaFX Application Thread] DEBUG PrimaryStageWindow   - Scaled scene size:    1415.0 x 797.0
11:48:52.441 [JavaFX Application Thread] DEBUG PrimaryStageWindow   - Scaled ratio: (0.956081081081081, 0.9719512195121951)
11:48:52.442 [JavaFX Application Thread] DEBUG PrimaryStageWindow   - Set initial scene to FXGLStartupScene
11:48:52.447 [JavaFX Application Thread] DEBUG PrimaryStageWindow   - Opening main window
11:48:52.584 [JavaFX Application Thread] DEBUG PrimaryStageWindow   - Window border size: (13.0, 35.5)
11:48:52.584 [JavaFX Application Thread] DEBUG PrimaryStageWindow   - Scaled size: 1415.0 x 797.0
11:48:52.585 [JavaFX Application Thread] DEBUG PrimaryStageWindow   - Scaled ratio: (0.956081081081081, 0.9719512195121951)
11:48:52.585 [JavaFX Application Thread] DEBUG PrimaryStageWindow   - Scene size: 1415.0 x 797.0
11:48:52.585 [JavaFX Application Thread] DEBUG PrimaryStageWindow   - Stage size: 1428.0 x 832.5
11:48:52.595 [FXGL Background Thread 1 ] DEBUG Engine               - Initializing environment variables
11:48:52.667 [FXGL Background Thread 1 ] DEBUG FXGLAssetLoaderServi - User app class for loading assets: class edu.vanier.animals_revenge.MainApp
11:48:52.667 [FXGL Background Thread 1 ] DEBUG GameApplicationServi - Applying CSS: fxgl_dark.css
11:48:52.668 [FXGL Background Thread 1 ] DEBUG FXGLAssetLoaderServi - Loading from file system: jar:file:/C:/Users/macke/.gradle/caches/modules-2/files-2.1/com.github.almasb/fxgl/17.2/35db6ae960eec2dcfd19262d3b7f9c42f0e95bc3/fxgl-17.2.jar!/fxglassets/ui/css/fxgl_dark.css
11:48:52.733 [FXGL Background Thread 1 ] DEBUG GameApplicationServi - Initializing application scenes
11:48:52.844 [FXGL Background Thread 1 ] DEBUG GameWorld            - Game world initialized
11:48:52.949 [FXGL Background Thread 1 ] DEBUG PhysicsWorld         - Physics world initialized: appHeight=820, physics.ppm=50.0
11:48:52.949 [FXGL Background Thread 1 ] DEBUG PhysicsWorld         - Using strategy: BRUTE_FORCE
11:48:52.956 [FXGL Background Thread 1 ] DEBUG GameScene            - Game scene initialized: 1480x820
11:48:52.957 [FXGL Background Thread 1 ] DEBUG GameApplicationServi - Application scenes initialized
11:48:52.994 [FXGL Background Thread 1 ] DEBUG SystemBundleService  - Loading FXGL system data
11:48:53.008 [FXGL Background Thread 1 ] DEBUG FileSystemAccess     - Reading from: C:\Users\macke\OneDrive\Documents\School\Semester 3\Programming in a Graphical User Interface\Homework\animals-revenge\system\fxgl.bundle
11:48:53.029 [FXGL Background Thread 1 ] DEBUG SystemBundleService  - Bundle FXGL: {}
11:48:53.030 [FXGL Background Thread 1 ] DEBUG UpdaterService       - Checking for updates
11:48:53.055 [FXGL Background Thread 1 ] DEBUG FXGLApplication      - Loading default localization
11:48:53.056 [FXGL Background Thread 4 ] DEBUG FXGLApplication      - Loading fonts
11:48:53.057 [FXGL Background Thread 4 ] DEBUG FXGLAssetLoaderServi - Loading from file system: jar:file:/C:/Users/macke/.gradle/caches/modules-2/files-2.1/com.github.almasb/fxgl/17.2/35db6ae960eec2dcfd19262d3b7f9c42f0e95bc3/fxgl-17.2.jar!/fxglassets/ui/fonts/VarelaRound-Regular.ttf
11:48:53.058 [FXGL Background Thread 1 ] DEBUG FXGLAssetLoaderServi - Loading from file system: jar:file:/C:/Users/macke/.gradle/caches/modules-2/files-2.1/com.github.almasb/fxgl/17.2/35db6ae960eec2dcfd19262d3b7f9c42f0e95bc3/fxgl-17.2.jar!/fxglassets/languages/english.lang
11:48:53.121 [FXGL Background Thread 1 ] INFO  FXGLApplication      - FXGL initialization took: 0.526 sec
11:48:53.131 [JavaFX Application Thread] DEBUG Input                - Registered new binding: Launch - RMB
11:48:53.131 [JavaFX Application Thread] DEBUG Input                - Registered new binding: Create - LMB
11:48:53.131 [JavaFX Application Thread] DEBUG Input                - Registered new binding: Drag - CTRL+LMB
11:48:53.133 [JavaFX Application Thread] DEBUG FXGLAssetLoaderServi - Loading from file system: jar:file:/C:/Users/macke/.gradle/caches/modules-2/files-2.1/com.github.almasb/fxgl/17.2/35db6ae960eec2dcfd19262d3b7f9c42f0e95bc3/fxgl-17.2.jar!/fxglassets/textures/fxgl_icon.png
11:48:53.211 [FXGL Background Thread 4 ] DEBUG FXGLAssetLoaderServi - Loading from file system: jar:file:/C:/Users/macke/.gradle/caches/modules-2/files-2.1/com.github.almasb/fxgl/17.2/35db6ae960eec2dcfd19262d3b7f9c42f0e95bc3/fxgl-17.2.jar!/fxglassets/ui/fonts/Abel-Regular.ttf
11:48:53.222 [FXGL Background Thread 4 ] DEBUG FXGLAssetLoaderServi - Loading from file system: jar:file:/C:/Users/macke/.gradle/caches/modules-2/files-2.1/com.github.almasb/fxgl/17.2/35db6ae960eec2dcfd19262d3b7f9c42f0e95bc3/fxgl-17.2.jar!/fxglassets/ui/fonts/TerminalLandMono-Regular.otf
11:48:53.232 [FXGL Background Thread 4 ] DEBUG FXGLAssetLoaderServi - Loading from file system: jar:file:/C:/Users/macke/.gradle/caches/modules-2/files-2.1/com.github.almasb/fxgl/17.2/35db6ae960eec2dcfd19262d3b7f9c42f0e95bc3/fxgl-17.2.jar!/fxglassets/ui/fonts/Courier-Prime.ttf
11:48:53.262 [JavaFX Application Thread] DEBUG FXGLAssetLoaderServi - Loading from file system: jar:file:/C:/Users/macke/.gradle/caches/modules-2/files-2.1/com.github.almasb/fxgl/17.2/35db6ae960eec2dcfd19262d3b7f9c42f0e95bc3/fxgl-17.2.jar!/fxglassets/textures/fxgl_default_cursor.png
11:48:53.281 [JavaFX Application Thread] DEBUG Input                - Registered new binding: Screenshot - CTRL+8
11:48:53.282 [JavaFX Application Thread] DEBUG Input                - Registered new binding: System info dump - CTRL+9
11:48:53.283 [JavaFX Application Thread] DEBUG Input                - Registered new binding: Restart - CTRL+R
11:48:53.285 [JavaFX Application Thread] DEBUG Input                - Registered new binding: Toggle Debug Camera - CTRL+7
11:48:53.294 [JavaFX Application Thread] DEBUG LoopRunner           - Starting loop
11:48:53.294 [JavaFX Application Thread] DEBUG LoopRunner           - Initializing JavaFX AnimationTimerLoop
11:48:53.297 [JavaFX Application Thread] DEBUG GameApplicationServi - Starting new game
11:48:53.307 [JavaFX Application Thread] DEBUG Input                - Clearing active input actions
11:48:53.346 [JavaFX Application Thread] DEBUG GameApplicationServi - Removing overlay from FXGLStartupScene and adding to FXGLLoadingScene
11:48:53.347 [JavaFX Application Thread] DEBUG PrimaryStageWindow   - FXGLStartupScene -> FXGLLoadingScene
11:48:53.347 [JavaFX Application Thread] DEBUG GameApplicationServi - Clearing previous game
11:48:53.347 [JavaFX Application Thread] DEBUG GameScene            - Clearing game scene
11:48:53.347 [JavaFX Application Thread] DEBUG GameWorld            - Clearing game world
11:48:53.347 [JavaFX Application Thread] DEBUG PhysicsWorld         - Clearing physics world
11:48:53.357 [FXGL Background Thread 4 ] DEBUG FXGLApplication      - Initializing game
11:48:53.357 [JavaFX Application Thread] DEBUG FXGLApplication      - Registering font factories with UI factory
11:48:53.480 [FXGL Background Thread 4 ] DEBUG FXGLAssetLoaderServi - Loading from file system: file:/C:/Users/macke/OneDrive/Documents/School/Semester%203/Programming%20in%20a%20Graphical%20User%20Interface/Homework/animals-revenge/build/resources/main/assets/ui/Home.fxml
11:48:54.106 [FXGL Background Thread 2 ] INFO  UpdaterService       - Your current version:  17.2
11:48:54.106 [FXGL Background Thread 2 ] INFO  UpdaterService       - Latest stable version: 17.3
11:48:54.763 [FXGL Background Thread 4 ] INFO  FXGLApplication      - Game initialization took: 1.405 sec
11:48:54.765 [JavaFX Application Thread] DEBUG Input                - Clearing active input actions
11:48:54.813 [JavaFX Application Thread] DEBUG GameApplicationServi - Removing overlay from FXGLLoadingScene and adding to GameScene
11:48:54.814 [JavaFX Application Thread] DEBUG PrimaryStageWindow   - FXGLLoadingScene -> GameScene
11:48:56.050 [FXGL Background Thread 3 ] DEBUG Engine               - Logging environment variables
11:48:56.050 [FXGL Background Thread 3 ] DEBUG Engine               - achievements: []
11:48:56.051 [FXGL Background Thread 3 ] DEBUG Engine               - actualHeight: 797.0
11:48:56.051 [FXGL Background Thread 3 ] DEBUG Engine               - actualHeightProperty: ReadOnlyDoubleProperty [value: 797.0]
11:48:56.051 [FXGL Background Thread 3 ] DEBUG Engine               - actualWidth: 1415.0
11:48:56.051 [FXGL Background Thread 3 ] DEBUG Engine               - actualWidthProperty: ReadOnlyDoubleProperty [value: 1415.0]
11:48:56.052 [FXGL Background Thread 3 ] DEBUG Engine               - appIcon: fxgl_icon.png
11:48:56.052 [FXGL Background Thread 3 ] DEBUG Engine               - applicationMode: DEVELOPER
11:48:56.052 [FXGL Background Thread 3 ] DEBUG Engine               - cSSList: [fxgl_dark.css]
11:48:56.052 [FXGL Background Thread 3 ] DEBUG Engine               - collisionDetectionStrategy: BRUTE_FORCE
11:48:56.052 [FXGL Background Thread 3 ] DEBUG Engine               - configClass: Optional.empty
11:48:56.052 [FXGL Background Thread 3 ] DEBUG Engine               - credits: []
11:48:56.055 [FXGL Background Thread 3 ] DEBUG Engine               - defaultCursor: CursorInfo(imageName=fxgl_default_cursor.png, hotspotX=7.0, hotspotY=6.0)
11:48:56.055 [FXGL Background Thread 3 ] DEBUG Engine               - devBBoxColorProperty: ObjectProperty [value: 0xff0000ff]
11:48:56.056 [FXGL Background Thread 3 ] DEBUG Engine               - devEnableDebugCameraProperty: BooleanProperty [value: false]
11:48:56.056 [FXGL Background Thread 3 ] DEBUG Engine               - devSensorColorProperty: ObjectProperty [value: 0xffff00ff]
11:48:56.056 [FXGL Background Thread 3 ] DEBUG Engine               - devShowBBoxProperty: BooleanProperty [value: false]
11:48:56.056 [FXGL Background Thread 3 ] DEBUG Engine               - devShowPositionProperty: BooleanProperty [value: false]
11:48:56.056 [FXGL Background Thread 3 ] DEBUG Engine               - enabledMenuItems: []
11:48:56.056 [FXGL Background Thread 3 ] DEBUG Engine               - engineServices: [class com.almasb.fxgl.app.services.FXGLAssetLoaderService, class com.almasb.fxgl.app.FXGLApplication$GameApplicationService, class com.almasb.fxgl.app.services.FXGLDialogService, class com.almasb.fxgl.app.services.IOTaskExecutorService, class com.almasb.fxgl.io.FileSystemService, class com.almasb.fxgl.localization.LocalizationService, class com.almasb.fxgl.app.services.SystemBundleService, class com.almasb.fxgl.profile.SaveLoadService, class com.almasb.fxgl.ui.FXGLUIFactoryServiceProvider, class com.almasb.fxgl.ui.FXGLDialogFactoryServiceProvider, class com.almasb.fxgl.audio.AudioPlayer, class com.almasb.fxgl.notification.impl.NotificationServiceProvider, class com.almasb.fxgl.achievement.AchievementService, class com.almasb.fxgl.cutscene.CutsceneService, class com.almasb.fxgl.minigames.MiniGameService, class com.almasb.fxgl.net.NetService, class com.almasb.fxgl.app.services.UpdaterService, class com.almasb.fxgl.dev.DevService]
11:48:56.056 [FXGL Background Thread 3 ] DEBUG Engine               - fontGame: Abel-Regular.ttf
11:48:56.056 [FXGL Background Thread 3 ] DEBUG Engine               - fontMono: TerminalLandMono-Regular.otf
11:48:56.057 [FXGL Background Thread 3 ] DEBUG Engine               - fontText: Courier-Prime.ttf
11:48:56.057 [FXGL Background Thread 3 ] DEBUG Engine               - fontUI: VarelaRound-Regular.ttf
11:48:56.057 [FXGL Background Thread 3 ] DEBUG Engine               - fullScreen: BooleanProperty [value: false]
11:48:56.057 [FXGL Background Thread 3 ] DEBUG Engine               - gameDifficulty: MEDIUM
11:48:56.057 [FXGL Background Thread 3 ] DEBUG Engine               - gameDifficultyProperty: ObjectProperty [value: MEDIUM]
11:48:56.057 [FXGL Background Thread 3 ] DEBUG Engine               - globalMusicVolume: 0.5
11:48:56.058 [FXGL Background Thread 3 ] DEBUG Engine               - globalMusicVolumeProperty: DoubleProperty [value: 0.5]
11:48:56.058 [FXGL Background Thread 3 ] DEBUG Engine               - globalSoundVolume: 0.5
11:48:56.058 [FXGL Background Thread 3 ] DEBUG Engine               - globalSoundVolumeProperty: DoubleProperty [value: 0.5]
11:48:56.058 [FXGL Background Thread 3 ] DEBUG Engine               - height: 820
11:48:56.058 [FXGL Background Thread 3 ] DEBUG Engine               - is3D: false
11:48:56.058 [FXGL Background Thread 3 ] DEBUG Engine               - isAndroid: false
11:48:56.058 [FXGL Background Thread 3 ] DEBUG Engine               - isBrowser: false
11:48:56.059 [FXGL Background Thread 3 ] DEBUG Engine               - isClickFeedbackEnabled: false
11:48:56.059 [FXGL Background Thread 3 ] DEBUG Engine               - isCloseConfirmation: false
11:48:56.059 [FXGL Background Thread 3 ] DEBUG Engine               - isDesktop: true
11:48:56.059 [FXGL Background Thread 3 ] DEBUG Engine               - isDeveloperMenuEnabled: false
11:48:56.059 [FXGL Background Thread 3 ] DEBUG Engine               - isEmbedded: false
11:48:56.059 [FXGL Background Thread 3 ] DEBUG Engine               - isEntityPreloadEnabled: true
11:48:56.059 [FXGL Background Thread 3 ] DEBUG Engine               - isExperimentalTiledLargeMap: false
11:48:56.059 [FXGL Background Thread 3 ] DEBUG Engine               - isFileSystemWriteAllowed: true
11:48:56.059 [FXGL Background Thread 3 ] DEBUG Engine               - isFullScreenAllowed: false
11:48:56.059 [FXGL Background Thread 3 ] DEBUG Engine               - isFullScreenFromStart: false
11:48:56.059 [FXGL Background Thread 3 ] DEBUG Engine               - isGameMenuEnabled: false
11:48:56.059 [FXGL Background Thread 3 ] DEBUG Engine               - isIOS: false
11:48:56.059 [FXGL Background Thread 3 ] DEBUG Engine               - isIntroEnabled: false
11:48:56.060 [FXGL Background Thread 3 ] DEBUG Engine               - isLinux: false
11:48:56.060 [FXGL Background Thread 3 ] DEBUG Engine               - isMac: false
11:48:56.060 [FXGL Background Thread 3 ] DEBUG Engine               - isMainMenuEnabled: false
11:48:56.060 [FXGL Background Thread 3 ] DEBUG Engine               - isManualResizeEnabled: false
11:48:56.060 [FXGL Background Thread 3 ] DEBUG Engine               - isMobile: false
11:48:56.060 [FXGL Background Thread 3 ] DEBUG Engine               - isNative: false
11:48:56.060 [FXGL Background Thread 3 ] DEBUG Engine               - isPauseMusicWhenMinimized: true
11:48:56.060 [FXGL Background Thread 3 ] DEBUG Engine               - isPreserveResizeRatio: false
11:48:56.061 [FXGL Background Thread 3 ] DEBUG Engine               - isProfilingEnabled: false
11:48:56.061 [JavaFX Application Thread] DEBUG FXGLAssetLoaderServi - Loading from file system: file:/C:/Users/macke/OneDrive/Documents/School/Semester%203/Programming%20in%20a%20Graphical%20User%20Interface/Homework/animals-revenge/build/resources/main/assets/ui/Simulator.fxml
11:48:56.061 [FXGL Background Thread 3 ] DEBUG Engine               - isScaleAffectedOnResize: true
11:48:56.061 [FXGL Background Thread 3 ] DEBUG Engine               - isSingleStep: false
11:48:56.062 [FXGL Background Thread 3 ] DEBUG Engine               - isUserProfileEnabled: false
11:48:56.062 [FXGL Background Thread 3 ] DEBUG Engine               - isWindows: true
11:48:56.062 [FXGL Background Thread 3 ] DEBUG Engine               - language: ObjectProperty [value: ENGLISH]
11:48:56.062 [FXGL Background Thread 3 ] DEBUG Engine               - menuKey: ESCAPE
11:48:56.062 [FXGL Background Thread 3 ] DEBUG Engine               - mouseSensitivity: 0.2
11:48:56.062 [FXGL Background Thread 3 ] DEBUG Engine               - notificationViewClass: class com.almasb.fxgl.notification.view.XboxNotificationView
11:48:56.063 [FXGL Background Thread 3 ] DEBUG Engine               - pixelsPerMeter: 50.0
11:48:56.063 [FXGL Background Thread 3 ] DEBUG Engine               - platform: WINDOWS
11:48:56.063 [FXGL Background Thread 3 ] DEBUG Engine               - prefHeightProperty: ReadOnlyDoubleProperty [value: 820.0]
11:48:56.063 [FXGL Background Thread 3 ] DEBUG Engine               - prefWidthProperty: ReadOnlyDoubleProperty [value: 1480.0]
11:48:56.063 [FXGL Background Thread 3 ] DEBUG Engine               - profileDir: profiles/
11:48:56.063 [FXGL Background Thread 3 ] DEBUG Engine               - profileName: StringProperty [value: DEFAULT]
11:48:56.063 [FXGL Background Thread 3 ] DEBUG Engine               - randomSeed: -1
11:48:56.064 [FXGL Background Thread 3 ] DEBUG Engine               - runtimeInfo: RuntimeInfo(platform=WINDOWS, version=17.2, build=20.08.2022 16.50)
11:48:56.064 [FXGL Background Thread 3 ] DEBUG Engine               - saveFileExt: sav
11:48:56.064 [FXGL Background Thread 3 ] DEBUG Engine               - scaledHeightProp$fxgl: DoubleProperty [bound, value: 797.0]
11:48:56.064 [FXGL Background Thread 3 ] DEBUG Engine               - scaledWidthProp$fxgl: DoubleProperty [bound, value: 1415.0]
11:48:56.064 [FXGL Background Thread 3 ] DEBUG Engine               - sceneFactory: com.almasb.fxgl.app.scene.SceneFactory@1d816635
11:48:56.064 [FXGL Background Thread 3 ] DEBUG Engine               - secondsIn24h: 60
11:48:56.064 [FXGL Background Thread 3 ] DEBUG Engine               - soundMenuBack: menu/back.wav
11:48:56.064 [FXGL Background Thread 3 ] DEBUG Engine               - soundMenuPress: menu/press.wav
11:48:56.064 [FXGL Background Thread 3 ] DEBUG Engine               - soundMenuSelect: menu/select.wav
11:48:56.064 [FXGL Background Thread 3 ] DEBUG Engine               - soundNotification: core/notification.wav
11:48:56.064 [FXGL Background Thread 3 ] DEBUG Engine               - stageStyle: DECORATED
11:48:56.064 [FXGL Background Thread 3 ] DEBUG Engine               - supportedLanguages: [ENGLISH, FRENCH, GERMAN, HUNGARIAN, RUSSIAN]
11:48:56.064 [FXGL Background Thread 3 ] DEBUG Engine               - ticksPerSecond: -1
11:48:56.064 [FXGL Background Thread 3 ] DEBUG Engine               - title: Untitled
11:48:56.064 [FXGL Background Thread 3 ] DEBUG Engine               - urlGithub: https://github.com/AlmasB/FXGL
11:48:56.064 [FXGL Background Thread 3 ] DEBUG Engine               - urlLeaderboard: http://fxgl-top.herokuapp.com/
11:48:56.064 [FXGL Background Thread 3 ] DEBUG Engine               - urlPOM: https://raw.githubusercontent.com/AlmasB/FXGL/release/README.md
11:48:56.064 [FXGL Background Thread 3 ] DEBUG Engine               - userAppClass: class edu.vanier.animals_revenge.MainApp
11:48:56.064 [FXGL Background Thread 3 ] DEBUG Engine               - version: 0.0
11:48:56.064 [FXGL Background Thread 3 ] DEBUG Engine               - versionCheckDays: 7
11:48:56.064 [FXGL Background Thread 3 ] DEBUG Engine               - width: 1480
11:48:56.064 [FXGL Background Thread 3 ] DEBUG Engine               - Logging services
11:48:56.065 [FXGL Background Thread 3 ] DEBUG Engine               - class com.almasb.fxgl.app.services.FXGLAssetLoaderService
11:48:56.065 [FXGL Background Thread 3 ] DEBUG Engine               - class com.almasb.fxgl.app.FXGLApplication$GameApplicationService
11:48:56.065 [FXGL Background Thread 3 ] DEBUG Engine               - class com.almasb.fxgl.app.services.FXGLDialogService
11:48:56.065 [FXGL Background Thread 3 ] DEBUG Engine               - class com.almasb.fxgl.app.services.IOTaskExecutorService
11:48:56.065 [FXGL Background Thread 3 ] DEBUG Engine               - class com.almasb.fxgl.io.FileSystemService
11:48:56.065 [FXGL Background Thread 3 ] DEBUG Engine               - class com.almasb.fxgl.localization.LocalizationService
11:48:56.065 [FXGL Background Thread 3 ] DEBUG Engine               - class com.almasb.fxgl.app.services.SystemBundleService
11:48:56.065 [FXGL Background Thread 3 ] DEBUG Engine               - class com.almasb.fxgl.profile.SaveLoadService
11:48:56.065 [FXGL Background Thread 3 ] DEBUG Engine               - class com.almasb.fxgl.ui.FXGLUIFactoryServiceProvider
11:48:56.065 [FXGL Background Thread 3 ] DEBUG Engine               - class com.almasb.fxgl.ui.FXGLDialogFactoryServiceProvider
11:48:56.065 [FXGL Background Thread 3 ] DEBUG Engine               - class com.almasb.fxgl.audio.AudioPlayer
11:48:56.065 [FXGL Background Thread 3 ] DEBUG Engine               - class com.almasb.fxgl.notification.impl.NotificationServiceProvider
11:48:56.065 [FXGL Background Thread 3 ] DEBUG Engine               - class com.almasb.fxgl.achievement.AchievementService
11:48:56.065 [FXGL Background Thread 3 ] DEBUG Engine               - class com.almasb.fxgl.cutscene.CutsceneService
11:48:56.065 [FXGL Background Thread 3 ] DEBUG Engine               - class com.almasb.fxgl.minigames.MiniGameService
11:48:56.065 [FXGL Background Thread 3 ] DEBUG Engine               - class com.almasb.fxgl.net.NetService
11:48:56.065 [FXGL Background Thread 3 ] DEBUG Engine               - class com.almasb.fxgl.app.services.UpdaterService
11:48:56.065 [FXGL Background Thread 3 ] DEBUG Engine               - class com.almasb.fxgl.dev.DevService
11:48:56.219 [JavaFX Application Thread] DEBUG FXGLAssetLoaderServi - Loading from file system: file:/C:/Users/macke/OneDrive/Documents/School/Semester%203/Programming%20in%20a%20Graphical%20User%20Interface/Homework/animals-revenge/build/resources/main/assets/textures/cannon.png
11:49:08.295 [JavaFX Application Thread] DEBUG FXGLApplication      - Exiting FXGL
11:49:08.295 [JavaFX Application Thread] DEBUG LoopRunner           - Stopping loop
11:49:08.295 [JavaFX Application Thread] DEBUG SystemBundleService  - Saving FXGL system data
11:49:08.298 [JavaFX Application Thread] DEBUG FileSystemAccess     - Writing to: C:\Users\macke\OneDrive\Documents\School\Semester 3\Programming in a Graphical User Interface\Homework\animals-revenge\system\fxgl.bundle
11:49:08.301 [JavaFX Application Thread] DEBUG Async                - Shutting down background threads
11:49:08.302 [JavaFX Application Thread] DEBUG PrimaryStageWindow   - Closing main window
11:49:08.347 [JavaFX Application Thread] DEBUG Logger               - Closing Logger
