12:50:27.709 [main                     ] DEBUG Logger               - Configured Logger
12:50:27.717 [main                     ] DEBUG GameApplication      - Logging settings
Title: Untitled
Version: 0.0
Width: 1480
Height: 820
Fullscreen: false
Intro: false
Profiling: false
Single step:false
App Mode: DEVELOPER
Menu Key: ESCAPE
Stage Style: DECORATED
Scene Factory: class com.almasb.fxgl.app.scene.SceneFactory

12:50:28.009 [JavaFX Application Thread] DEBUG FXGLApplication      - Initializing FXGL
12:50:28.012 [JavaFX Application Thread] INFO  Engine               - FXGL-17.2 (20.08.2022 16.50) on WINDOWS (J:18.0.2.1 FX:20.0.2)
12:50:28.012 [JavaFX Application Thread] DEBUG Engine               - JRE Vendor Name: Oracle Corporation
12:50:28.012 [JavaFX Application Thread] DEBUG Engine               - Running on OS: Windows 11 version 10.0
12:50:28.012 [JavaFX Application Thread] DEBUG Engine               - Architecture: amd64
12:50:28.012 [JavaFX Application Thread] INFO  Engine               - Source code and latest versions at: https://github.com/AlmasB/FXGL
12:50:28.012 [JavaFX Application Thread] INFO  Engine               -       Ask questions and discuss at: https://github.com/AlmasB/FXGL/discussions
12:50:28.013 [JavaFX Application Thread] INFO  Engine               -              Join the FXGL chat at: https://gitter.im/AlmasB/FXGL
12:50:28.084 [JavaFX Application Thread] DEBUG PrimaryStageWindow   - Creating a JavaFX scene
12:50:28.133 [JavaFX Application Thread] DEBUG PrimaryStageWindow   - Target settings size: 1480.0 x 820.0
12:50:28.133 [JavaFX Application Thread] DEBUG PrimaryStageWindow   - Scaled scene size:    1480.0 x 820.0
12:50:28.134 [JavaFX Application Thread] DEBUG PrimaryStageWindow   - Scaled ratio: (1.0, 1.0)
12:50:28.135 [JavaFX Application Thread] DEBUG PrimaryStageWindow   - Set initial scene to FXGLStartupScene
12:50:28.137 [JavaFX Application Thread] DEBUG PrimaryStageWindow   - Opening main window
12:50:28.195 [JavaFX Application Thread] DEBUG PrimaryStageWindow   - Window border size: (16.0, 39.0)
12:50:28.195 [JavaFX Application Thread] DEBUG PrimaryStageWindow   - Scaled size: 1480.0 x 820.0
12:50:28.195 [JavaFX Application Thread] DEBUG PrimaryStageWindow   - Scaled ratio: (1.0, 1.0)
12:50:28.195 [JavaFX Application Thread] DEBUG PrimaryStageWindow   - Scene size: 1480.0 x 820.0
12:50:28.195 [JavaFX Application Thread] DEBUG PrimaryStageWindow   - Stage size: 1496.0 x 859.0
12:50:28.199 [FXGL Background Thread 1 ] DEBUG Engine               - Initializing environment variables
12:50:28.225 [FXGL Background Thread 1 ] DEBUG FXGLAssetLoaderServi - User app class for loading assets: class edu.vanier.animals_revenge.MainApp
12:50:28.225 [FXGL Background Thread 1 ] DEBUG GameApplicationServi - Applying CSS: fxgl_dark.css
12:50:28.225 [FXGL Background Thread 1 ] DEBUG FXGLAssetLoaderServi - Loading from file system: jar:file:/C:/Users/ethan/.gradle/caches/modules-2/files-2.1/com.github.almasb/fxgl/17.2/35db6ae960eec2dcfd19262d3b7f9c42f0e95bc3/fxgl-17.2.jar!/fxglassets/ui/css/fxgl_dark.css
12:50:28.248 [FXGL Background Thread 1 ] DEBUG GameApplicationServi - Initializing application scenes
12:50:28.270 [FXGL Background Thread 1 ] DEBUG GameWorld            - Game world initialized
12:50:28.308 [FXGL Background Thread 1 ] DEBUG PhysicsWorld         - Physics world initialized: appHeight=820, physics.ppm=50.0
12:50:28.308 [FXGL Background Thread 1 ] DEBUG PhysicsWorld         - Using strategy: BRUTE_FORCE
12:50:28.310 [FXGL Background Thread 1 ] DEBUG GameScene            - Game scene initialized: 1480x820
12:50:28.310 [FXGL Background Thread 1 ] DEBUG GameApplicationServi - Application scenes initialized
12:50:28.321 [FXGL Background Thread 1 ] DEBUG SystemBundleService  - Loading FXGL system data
12:50:28.326 [FXGL Background Thread 1 ] DEBUG FileSystemAccess     - Reading from: C:\Users\ethan\IdeaProjects\animals-revenge\system\fxgl.bundle
12:50:28.332 [FXGL Background Thread 1 ] DEBUG SystemBundleService  - Bundle FXGL: {}
12:50:28.332 [FXGL Background Thread 1 ] DEBUG UpdaterService       - Checking for updates
12:50:28.335 [FXGL Background Thread 4 ] DEBUG FXGLApplication      - Loading fonts
12:50:28.335 [FXGL Background Thread 1 ] DEBUG FXGLApplication      - Loading default localization
12:50:28.336 [FXGL Background Thread 4 ] DEBUG FXGLAssetLoaderServi - Loading from file system: jar:file:/C:/Users/ethan/.gradle/caches/modules-2/files-2.1/com.github.almasb/fxgl/17.2/35db6ae960eec2dcfd19262d3b7f9c42f0e95bc3/fxgl-17.2.jar!/fxglassets/ui/fonts/VarelaRound-Regular.ttf
12:50:28.336 [FXGL Background Thread 1 ] DEBUG FXGLAssetLoaderServi - Loading from file system: jar:file:/C:/Users/ethan/.gradle/caches/modules-2/files-2.1/com.github.almasb/fxgl/17.2/35db6ae960eec2dcfd19262d3b7f9c42f0e95bc3/fxgl-17.2.jar!/fxglassets/languages/english.lang
12:50:28.347 [FXGL Background Thread 1 ] INFO  FXGLApplication      - FXGL initialization took: 0.149 sec
12:50:28.351 [JavaFX Application Thread] DEBUG Input                - Registered new binding: Launch - RMB
12:50:28.351 [JavaFX Application Thread] DEBUG Input                - Registered new binding: Create - LMB
12:50:28.351 [JavaFX Application Thread] DEBUG Input                - Registered new binding: Drag - CTRL+LMB
12:50:28.352 [JavaFX Application Thread] DEBUG FXGLAssetLoaderServi - Loading from file system: jar:file:/C:/Users/ethan/.gradle/caches/modules-2/files-2.1/com.github.almasb/fxgl/17.2/35db6ae960eec2dcfd19262d3b7f9c42f0e95bc3/fxgl-17.2.jar!/fxglassets/textures/fxgl_icon.png
12:50:28.366 [FXGL Background Thread 4 ] DEBUG FXGLAssetLoaderServi - Loading from file system: jar:file:/C:/Users/ethan/.gradle/caches/modules-2/files-2.1/com.github.almasb/fxgl/17.2/35db6ae960eec2dcfd19262d3b7f9c42f0e95bc3/fxgl-17.2.jar!/fxglassets/ui/fonts/Abel-Regular.ttf
12:50:28.371 [FXGL Background Thread 4 ] DEBUG FXGLAssetLoaderServi - Loading from file system: jar:file:/C:/Users/ethan/.gradle/caches/modules-2/files-2.1/com.github.almasb/fxgl/17.2/35db6ae960eec2dcfd19262d3b7f9c42f0e95bc3/fxgl-17.2.jar!/fxglassets/ui/fonts/TerminalLandMono-Regular.otf
12:50:28.376 [FXGL Background Thread 4 ] DEBUG FXGLAssetLoaderServi - Loading from file system: jar:file:/C:/Users/ethan/.gradle/caches/modules-2/files-2.1/com.github.almasb/fxgl/17.2/35db6ae960eec2dcfd19262d3b7f9c42f0e95bc3/fxgl-17.2.jar!/fxglassets/ui/fonts/Courier-Prime.ttf
12:50:28.380 [JavaFX Application Thread] DEBUG FXGLAssetLoaderServi - Loading from file system: jar:file:/C:/Users/ethan/.gradle/caches/modules-2/files-2.1/com.github.almasb/fxgl/17.2/35db6ae960eec2dcfd19262d3b7f9c42f0e95bc3/fxgl-17.2.jar!/fxglassets/textures/fxgl_default_cursor.png
12:50:28.385 [JavaFX Application Thread] DEBUG Input                - Registered new binding: Screenshot - CTRL+8
12:50:28.386 [JavaFX Application Thread] DEBUG Input                - Registered new binding: System info dump - CTRL+9
12:50:28.386 [JavaFX Application Thread] DEBUG Input                - Registered new binding: Restart - CTRL+R
12:50:28.386 [JavaFX Application Thread] DEBUG Input                - Registered new binding: Toggle Debug Camera - CTRL+7
12:50:28.388 [JavaFX Application Thread] DEBUG LoopRunner           - Starting loop
12:50:28.388 [JavaFX Application Thread] DEBUG LoopRunner           - Initializing JavaFX AnimationTimerLoop
12:50:28.389 [JavaFX Application Thread] DEBUG GameApplicationServi - Starting new game
12:50:28.389 [JavaFX Application Thread] DEBUG Input                - Clearing active input actions
12:50:28.401 [JavaFX Application Thread] DEBUG GameApplicationServi - Removing overlay from FXGLStartupScene and adding to FXGLLoadingScene
12:50:28.402 [JavaFX Application Thread] DEBUG PrimaryStageWindow   - FXGLStartupScene -> FXGLLoadingScene
12:50:28.402 [JavaFX Application Thread] DEBUG GameApplicationServi - Clearing previous game
12:50:28.402 [JavaFX Application Thread] DEBUG GameScene            - Clearing game scene
12:50:28.403 [JavaFX Application Thread] DEBUG GameWorld            - Clearing game world
12:50:28.403 [JavaFX Application Thread] DEBUG PhysicsWorld         - Clearing physics world
12:50:28.405 [JavaFX Application Thread] DEBUG FXGLApplication      - Registering font factories with UI factory
12:50:28.405 [FXGL Background Thread 4 ] DEBUG FXGLApplication      - Initializing game
12:50:28.456 [FXGL Background Thread 4 ] DEBUG FXGLAssetLoaderServi - Loading from file system: file:/C:/Users/ethan/IdeaProjects/animals-revenge/build/resources/main/assets/ui/Home.fxml
12:50:28.709 [FXGL Background Thread 4 ] INFO  FXGLApplication      - Game initialization took: 0.304 sec
12:50:28.712 [JavaFX Application Thread] DEBUG Input                - Clearing active input actions
12:50:28.719 [JavaFX Application Thread] DEBUG GameApplicationServi - Removing overlay from FXGLLoadingScene and adding to GameScene
12:50:28.720 [JavaFX Application Thread] DEBUG PrimaryStageWindow   - FXGLLoadingScene -> GameScene
12:50:28.733 [FXGL Background Thread 2 ] INFO  UpdaterService       - Your current version:  17.2
12:50:28.733 [FXGL Background Thread 2 ] INFO  UpdaterService       - Latest stable version: 17.3
12:50:31.336 [FXGL Background Thread 3 ] DEBUG Engine               - Logging environment variables
12:50:31.336 [FXGL Background Thread 3 ] DEBUG Engine               - achievements: []
12:50:31.336 [FXGL Background Thread 3 ] DEBUG Engine               - actualHeight: 820.0
12:50:31.336 [FXGL Background Thread 3 ] DEBUG Engine               - actualHeightProperty: ReadOnlyDoubleProperty [value: 820.0]
12:50:31.336 [FXGL Background Thread 3 ] DEBUG Engine               - actualWidth: 1480.0
12:50:31.336 [FXGL Background Thread 3 ] DEBUG Engine               - actualWidthProperty: ReadOnlyDoubleProperty [value: 1480.0]
12:50:31.336 [FXGL Background Thread 3 ] DEBUG Engine               - appIcon: fxgl_icon.png
12:50:31.336 [FXGL Background Thread 3 ] DEBUG Engine               - applicationMode: DEVELOPER
12:50:31.336 [FXGL Background Thread 3 ] DEBUG Engine               - cSSList: [fxgl_dark.css]
12:50:31.336 [FXGL Background Thread 3 ] DEBUG Engine               - collisionDetectionStrategy: BRUTE_FORCE
12:50:31.336 [FXGL Background Thread 3 ] DEBUG Engine               - configClass: Optional.empty
12:50:31.336 [FXGL Background Thread 3 ] DEBUG Engine               - credits: []
12:50:31.337 [FXGL Background Thread 3 ] DEBUG Engine               - defaultCursor: CursorInfo(imageName=fxgl_default_cursor.png, hotspotX=7.0, hotspotY=6.0)
12:50:31.337 [FXGL Background Thread 3 ] DEBUG Engine               - devBBoxColorProperty: ObjectProperty [value: 0xff0000ff]
12:50:31.338 [FXGL Background Thread 3 ] DEBUG Engine               - devEnableDebugCameraProperty: BooleanProperty [value: false]
12:50:31.338 [FXGL Background Thread 3 ] DEBUG Engine               - devSensorColorProperty: ObjectProperty [value: 0xffff00ff]
12:50:31.338 [FXGL Background Thread 3 ] DEBUG Engine               - devShowBBoxProperty: BooleanProperty [value: false]
12:50:31.338 [FXGL Background Thread 3 ] DEBUG Engine               - devShowPositionProperty: BooleanProperty [value: false]
12:50:31.338 [FXGL Background Thread 3 ] DEBUG Engine               - enabledMenuItems: []
12:50:31.338 [FXGL Background Thread 3 ] DEBUG Engine               - engineServices: [class com.almasb.fxgl.app.services.FXGLAssetLoaderService, class com.almasb.fxgl.app.FXGLApplication$GameApplicationService, class com.almasb.fxgl.app.services.FXGLDialogService, class com.almasb.fxgl.app.services.IOTaskExecutorService, class com.almasb.fxgl.io.FileSystemService, class com.almasb.fxgl.localization.LocalizationService, class com.almasb.fxgl.app.services.SystemBundleService, class com.almasb.fxgl.profile.SaveLoadService, class com.almasb.fxgl.ui.FXGLUIFactoryServiceProvider, class com.almasb.fxgl.ui.FXGLDialogFactoryServiceProvider, class com.almasb.fxgl.audio.AudioPlayer, class com.almasb.fxgl.notification.impl.NotificationServiceProvider, class com.almasb.fxgl.achievement.AchievementService, class com.almasb.fxgl.cutscene.CutsceneService, class com.almasb.fxgl.minigames.MiniGameService, class com.almasb.fxgl.net.NetService, class com.almasb.fxgl.app.services.UpdaterService, class com.almasb.fxgl.dev.DevService]
12:50:31.338 [FXGL Background Thread 3 ] DEBUG Engine               - fontGame: Abel-Regular.ttf
12:50:31.338 [FXGL Background Thread 3 ] DEBUG Engine               - fontMono: TerminalLandMono-Regular.otf
12:50:31.338 [FXGL Background Thread 3 ] DEBUG Engine               - fontText: Courier-Prime.ttf
12:50:31.338 [FXGL Background Thread 3 ] DEBUG Engine               - fontUI: VarelaRound-Regular.ttf
12:50:31.338 [FXGL Background Thread 3 ] DEBUG Engine               - fullScreen: BooleanProperty [value: false]
12:50:31.338 [FXGL Background Thread 3 ] DEBUG Engine               - gameDifficulty: MEDIUM
12:50:31.338 [FXGL Background Thread 3 ] DEBUG Engine               - gameDifficultyProperty: ObjectProperty [value: MEDIUM]
12:50:31.338 [FXGL Background Thread 3 ] DEBUG Engine               - globalMusicVolume: 0.5
12:50:31.338 [FXGL Background Thread 3 ] DEBUG Engine               - globalMusicVolumeProperty: DoubleProperty [value: 0.5]
12:50:31.338 [FXGL Background Thread 3 ] DEBUG Engine               - globalSoundVolume: 0.5
12:50:31.338 [FXGL Background Thread 3 ] DEBUG Engine               - globalSoundVolumeProperty: DoubleProperty [value: 0.5]
12:50:31.338 [FXGL Background Thread 3 ] DEBUG Engine               - height: 820
12:50:31.338 [FXGL Background Thread 3 ] DEBUG Engine               - is3D: false
12:50:31.338 [FXGL Background Thread 3 ] DEBUG Engine               - isAndroid: false
12:50:31.338 [FXGL Background Thread 3 ] DEBUG Engine               - isBrowser: false
12:50:31.338 [FXGL Background Thread 3 ] DEBUG Engine               - isClickFeedbackEnabled: false
12:50:31.338 [FXGL Background Thread 3 ] DEBUG Engine               - isCloseConfirmation: false
12:50:31.338 [FXGL Background Thread 3 ] DEBUG Engine               - isDesktop: true
12:50:31.338 [FXGL Background Thread 3 ] DEBUG Engine               - isDeveloperMenuEnabled: false
12:50:31.338 [FXGL Background Thread 3 ] DEBUG Engine               - isEmbedded: false
12:50:31.338 [FXGL Background Thread 3 ] DEBUG Engine               - isEntityPreloadEnabled: true
12:50:31.339 [FXGL Background Thread 3 ] DEBUG Engine               - isExperimentalTiledLargeMap: false
12:50:31.339 [FXGL Background Thread 3 ] DEBUG Engine               - isFileSystemWriteAllowed: true
12:50:31.339 [FXGL Background Thread 3 ] DEBUG Engine               - isFullScreenAllowed: false
12:50:31.339 [FXGL Background Thread 3 ] DEBUG Engine               - isFullScreenFromStart: false
12:50:31.339 [FXGL Background Thread 3 ] DEBUG Engine               - isGameMenuEnabled: false
12:50:31.339 [FXGL Background Thread 3 ] DEBUG Engine               - isIOS: false
12:50:31.339 [FXGL Background Thread 3 ] DEBUG Engine               - isIntroEnabled: false
12:50:31.339 [FXGL Background Thread 3 ] DEBUG Engine               - isLinux: false
12:50:31.339 [FXGL Background Thread 3 ] DEBUG Engine               - isMac: false
12:50:31.339 [FXGL Background Thread 3 ] DEBUG Engine               - isMainMenuEnabled: false
12:50:31.339 [FXGL Background Thread 3 ] DEBUG Engine               - isManualResizeEnabled: false
12:50:31.339 [FXGL Background Thread 3 ] DEBUG Engine               - isMobile: false
12:50:31.339 [FXGL Background Thread 3 ] DEBUG Engine               - isNative: false
12:50:31.339 [FXGL Background Thread 3 ] DEBUG Engine               - isPauseMusicWhenMinimized: true
12:50:31.339 [FXGL Background Thread 3 ] DEBUG Engine               - isPreserveResizeRatio: false
12:50:31.339 [FXGL Background Thread 3 ] DEBUG Engine               - isProfilingEnabled: false
12:50:31.339 [FXGL Background Thread 3 ] DEBUG Engine               - isScaleAffectedOnResize: true
12:50:31.339 [FXGL Background Thread 3 ] DEBUG Engine               - isSingleStep: false
12:50:31.339 [FXGL Background Thread 3 ] DEBUG Engine               - isUserProfileEnabled: false
12:50:31.339 [FXGL Background Thread 3 ] DEBUG Engine               - isWindows: true
12:50:31.339 [FXGL Background Thread 3 ] DEBUG Engine               - language: ObjectProperty [value: ENGLISH]
12:50:31.339 [FXGL Background Thread 3 ] DEBUG Engine               - menuKey: ESCAPE
12:50:31.339 [FXGL Background Thread 3 ] DEBUG Engine               - mouseSensitivity: 0.2
12:50:31.339 [FXGL Background Thread 3 ] DEBUG Engine               - notificationViewClass: class com.almasb.fxgl.notification.view.XboxNotificationView
12:50:31.339 [FXGL Background Thread 3 ] DEBUG Engine               - pixelsPerMeter: 50.0
12:50:31.339 [FXGL Background Thread 3 ] DEBUG Engine               - platform: WINDOWS
12:50:31.339 [FXGL Background Thread 3 ] DEBUG Engine               - prefHeightProperty: ReadOnlyDoubleProperty [value: 820.0]
12:50:31.339 [FXGL Background Thread 3 ] DEBUG Engine               - prefWidthProperty: ReadOnlyDoubleProperty [value: 1480.0]
12:50:31.339 [FXGL Background Thread 3 ] DEBUG Engine               - profileDir: profiles/
12:50:31.339 [FXGL Background Thread 3 ] DEBUG Engine               - profileName: StringProperty [value: DEFAULT]
12:50:31.339 [FXGL Background Thread 3 ] DEBUG Engine               - randomSeed: -1
12:50:31.340 [FXGL Background Thread 3 ] DEBUG Engine               - runtimeInfo: RuntimeInfo(platform=WINDOWS, version=17.2, build=20.08.2022 16.50)
12:50:31.340 [FXGL Background Thread 3 ] DEBUG Engine               - saveFileExt: sav
12:50:31.340 [FXGL Background Thread 3 ] DEBUG Engine               - scaledHeightProp$fxgl: DoubleProperty [bound, value: 820.0]
12:50:31.340 [FXGL Background Thread 3 ] DEBUG Engine               - scaledWidthProp$fxgl: DoubleProperty [bound, value: 1480.0]
12:50:31.340 [FXGL Background Thread 3 ] DEBUG Engine               - sceneFactory: com.almasb.fxgl.app.scene.SceneFactory@44185996
12:50:31.340 [FXGL Background Thread 3 ] DEBUG Engine               - secondsIn24h: 60
12:50:31.340 [FXGL Background Thread 3 ] DEBUG Engine               - soundMenuBack: menu/back.wav
12:50:31.340 [FXGL Background Thread 3 ] DEBUG Engine               - soundMenuPress: menu/press.wav
12:50:31.340 [FXGL Background Thread 3 ] DEBUG Engine               - soundMenuSelect: menu/select.wav
12:50:31.340 [FXGL Background Thread 3 ] DEBUG Engine               - soundNotification: core/notification.wav
12:50:31.340 [FXGL Background Thread 3 ] DEBUG Engine               - stageStyle: DECORATED
12:50:31.340 [FXGL Background Thread 3 ] DEBUG Engine               - supportedLanguages: [ENGLISH, FRENCH, GERMAN, HUNGARIAN, RUSSIAN]
12:50:31.340 [FXGL Background Thread 3 ] DEBUG Engine               - ticksPerSecond: -1
12:50:31.340 [FXGL Background Thread 3 ] DEBUG Engine               - title: Untitled
12:50:31.340 [FXGL Background Thread 3 ] DEBUG Engine               - urlGithub: https://github.com/AlmasB/FXGL
12:50:31.340 [FXGL Background Thread 3 ] DEBUG Engine               - urlLeaderboard: http://fxgl-top.herokuapp.com/
12:50:31.340 [FXGL Background Thread 3 ] DEBUG Engine               - urlPOM: https://raw.githubusercontent.com/AlmasB/FXGL/release/README.md
12:50:31.340 [FXGL Background Thread 3 ] DEBUG Engine               - userAppClass: class edu.vanier.animals_revenge.MainApp
12:50:31.340 [FXGL Background Thread 3 ] DEBUG Engine               - version: 0.0
12:50:31.340 [FXGL Background Thread 3 ] DEBUG Engine               - versionCheckDays: 7
12:50:31.340 [FXGL Background Thread 3 ] DEBUG Engine               - width: 1480
12:50:31.340 [FXGL Background Thread 3 ] DEBUG Engine               - Logging services
12:50:31.340 [FXGL Background Thread 3 ] DEBUG Engine               - class com.almasb.fxgl.app.services.FXGLAssetLoaderService
12:50:31.340 [FXGL Background Thread 3 ] DEBUG Engine               - class com.almasb.fxgl.app.FXGLApplication$GameApplicationService
12:50:31.340 [FXGL Background Thread 3 ] DEBUG Engine               - class com.almasb.fxgl.app.services.FXGLDialogService
12:50:31.340 [FXGL Background Thread 3 ] DEBUG Engine               - class com.almasb.fxgl.app.services.IOTaskExecutorService
12:50:31.340 [FXGL Background Thread 3 ] DEBUG Engine               - class com.almasb.fxgl.io.FileSystemService
12:50:31.340 [FXGL Background Thread 3 ] DEBUG Engine               - class com.almasb.fxgl.localization.LocalizationService
12:50:31.340 [FXGL Background Thread 3 ] DEBUG Engine               - class com.almasb.fxgl.app.services.SystemBundleService
12:50:31.340 [FXGL Background Thread 3 ] DEBUG Engine               - class com.almasb.fxgl.profile.SaveLoadService
12:50:31.340 [FXGL Background Thread 3 ] DEBUG Engine               - class com.almasb.fxgl.ui.FXGLUIFactoryServiceProvider
12:50:31.340 [FXGL Background Thread 3 ] DEBUG Engine               - class com.almasb.fxgl.ui.FXGLDialogFactoryServiceProvider
12:50:31.340 [FXGL Background Thread 3 ] DEBUG Engine               - class com.almasb.fxgl.audio.AudioPlayer
12:50:31.340 [FXGL Background Thread 3 ] DEBUG Engine               - class com.almasb.fxgl.notification.impl.NotificationServiceProvider
12:50:31.340 [FXGL Background Thread 3 ] DEBUG Engine               - class com.almasb.fxgl.achievement.AchievementService
12:50:31.340 [FXGL Background Thread 3 ] DEBUG Engine               - class com.almasb.fxgl.cutscene.CutsceneService
12:50:31.340 [FXGL Background Thread 3 ] DEBUG Engine               - class com.almasb.fxgl.minigames.MiniGameService
12:50:31.340 [FXGL Background Thread 3 ] DEBUG Engine               - class com.almasb.fxgl.net.NetService
12:50:31.340 [FXGL Background Thread 3 ] DEBUG Engine               - class com.almasb.fxgl.app.services.UpdaterService
12:50:31.340 [FXGL Background Thread 3 ] DEBUG Engine               - class com.almasb.fxgl.dev.DevService
12:50:38.590 [JavaFX Application Thread] DEBUG FXGLAssetLoaderServi - Loading from file system: file:/C:/Users/ethan/IdeaProjects/animals-revenge/build/resources/main/assets/ui/Simulator.fxml
12:50:38.643 [JavaFX Application Thread] DEBUG FXGLAssetLoaderServi - Loading from file system: file:/C:/Users/ethan/IdeaProjects/animals-revenge/build/resources/main/assets/textures/cannon.png
12:51:21.085 [JavaFX Application Thread] DEBUG FXGLApplication      - Exiting FXGL
12:51:21.085 [JavaFX Application Thread] DEBUG LoopRunner           - Stopping loop
12:51:21.085 [JavaFX Application Thread] DEBUG SystemBundleService  - Saving FXGL system data
12:51:21.086 [JavaFX Application Thread] DEBUG FileSystemAccess     - Writing to: C:\Users\ethan\IdeaProjects\animals-revenge\system\fxgl.bundle
12:51:21.087 [JavaFX Application Thread] DEBUG Async                - Shutting down background threads
12:51:21.087 [JavaFX Application Thread] DEBUG PrimaryStageWindow   - Closing main window
12:51:21.094 [JavaFX Application Thread] DEBUG Logger               - Closing Logger
