18:49:10.662 [main                     ] DEBUG Logger               - Configured Logger
18:49:10.731 [main                     ] DEBUG GameApplication      - Logging settings
Title: Untitled
Version: 0.0
Width: 1480
Height: 820
Fullscreen: false
Intro: false
Profiling: false
Single step:false
App Mode: DEVELOPER
Menu Key: ESCAPE
Stage Style: DECORATED
Scene Factory: class com.almasb.fxgl.app.scene.SceneFactory

18:49:11.691 [JavaFX Application Thread] DEBUG FXGLApplication      - Initializing FXGL
18:49:11.743 [JavaFX Application Thread] INFO  Engine               - FXGL-17.2 (20.08.2022 16.50) on WINDOWS (J:18.0.2.1 FX:20.0.2)
18:49:11.743 [JavaFX Application Thread] DEBUG Engine               - JRE Vendor Name: Oracle Corporation
18:49:11.744 [JavaFX Application Thread] DEBUG Engine               - Running on OS: Windows 11 version 10.0
18:49:11.744 [JavaFX Application Thread] DEBUG Engine               - Architecture: amd64
18:49:11.744 [JavaFX Application Thread] INFO  Engine               - Source code and latest versions at: https://github.com/AlmasB/FXGL
18:49:11.744 [JavaFX Application Thread] INFO  Engine               -       Ask questions and discuss at: https://github.com/AlmasB/FXGL/discussions
18:49:11.745 [JavaFX Application Thread] INFO  Engine               -              Join the FXGL chat at: https://gitter.im/AlmasB/FXGL
18:49:11.999 [JavaFX Application Thread] DEBUG PrimaryStageWindow   - Creating a JavaFX scene
18:49:11.999 [JavaFX Application Thread] DEBUG PrimaryStageWindow   - Target size > screen size
18:49:12.110 [JavaFX Application Thread] DEBUG PrimaryStageWindow   - Target settings size: 1480.0 x 820.0
18:49:12.110 [JavaFX Application Thread] DEBUG PrimaryStageWindow   - Scaled scene size:    1415.0 x 797.0
18:49:12.111 [JavaFX Application Thread] DEBUG PrimaryStageWindow   - Scaled ratio: (0.956081081081081, 0.9719512195121951)
18:49:12.117 [JavaFX Application Thread] DEBUG PrimaryStageWindow   - Set initial scene to FXGLStartupScene
18:49:12.124 [JavaFX Application Thread] DEBUG PrimaryStageWindow   - Opening main window
18:49:12.394 [JavaFX Application Thread] DEBUG PrimaryStageWindow   - Window border size: (13.0, 35.5)
18:49:12.394 [JavaFX Application Thread] DEBUG PrimaryStageWindow   - Scaled size: 1415.0 x 797.0
18:49:12.394 [JavaFX Application Thread] DEBUG PrimaryStageWindow   - Scaled ratio: (0.956081081081081, 0.9719512195121951)
18:49:12.394 [JavaFX Application Thread] DEBUG PrimaryStageWindow   - Scene size: 1415.0 x 797.0
18:49:12.395 [JavaFX Application Thread] DEBUG PrimaryStageWindow   - Stage size: 1428.0 x 832.5
18:49:12.402 [FXGL Background Thread 1 ] DEBUG Engine               - Initializing environment variables
18:49:12.520 [FXGL Background Thread 1 ] DEBUG FXGLAssetLoaderServi - User app class for loading assets: class edu.vanier.animals_revenge.MainApp
18:49:12.520 [FXGL Background Thread 1 ] DEBUG GameApplicationServi - Applying CSS: fxgl_dark.css
18:49:12.523 [FXGL Background Thread 1 ] DEBUG FXGLAssetLoaderServi - Loading from file system: jar:file:/C:/Users/macke/.gradle/caches/modules-2/files-2.1/com.github.almasb/fxgl/17.2/35db6ae960eec2dcfd19262d3b7f9c42f0e95bc3/fxgl-17.2.jar!/fxglassets/ui/css/fxgl_dark.css
18:49:12.646 [FXGL Background Thread 1 ] DEBUG GameApplicationServi - Initializing application scenes
18:49:12.953 [FXGL Background Thread 1 ] DEBUG GameWorld            - Game world initialized
18:49:13.301 [FXGL Background Thread 1 ] DEBUG PhysicsWorld         - Physics world initialized: appHeight=820, physics.ppm=50.0
18:49:13.302 [FXGL Background Thread 1 ] DEBUG PhysicsWorld         - Using strategy: BRUTE_FORCE
18:49:13.319 [FXGL Background Thread 1 ] DEBUG GameScene            - Game scene initialized: 1480x820
18:49:13.319 [FXGL Background Thread 1 ] DEBUG GameApplicationServi - Application scenes initialized
18:49:13.357 [FXGL Background Thread 1 ] DEBUG SystemBundleService  - Loading FXGL system data
18:49:13.368 [FXGL Background Thread 1 ] DEBUG FileSystemAccess     - Reading from: C:\Users\macke\OneDrive\Documents\School\Semester 3\Programming in a Graphical User Interface\Homework\animals-revenge\system\fxgl.bundle
18:49:13.386 [FXGL Background Thread 1 ] DEBUG SystemBundleService  - Bundle FXGL: {}
18:49:13.387 [FXGL Background Thread 1 ] DEBUG UpdaterService       - Checking for updates
18:49:13.424 [FXGL Background Thread 4 ] DEBUG FXGLApplication      - Loading fonts
18:49:13.426 [FXGL Background Thread 4 ] DEBUG FXGLAssetLoaderServi - Loading from file system: jar:file:/C:/Users/macke/.gradle/caches/modules-2/files-2.1/com.github.almasb/fxgl/17.2/35db6ae960eec2dcfd19262d3b7f9c42f0e95bc3/fxgl-17.2.jar!/fxglassets/ui/fonts/VarelaRound-Regular.ttf
18:49:13.431 [FXGL Background Thread 1 ] DEBUG FXGLApplication      - Loading default localization
18:49:13.435 [FXGL Background Thread 1 ] DEBUG FXGLAssetLoaderServi - Loading from file system: jar:file:/C:/Users/macke/.gradle/caches/modules-2/files-2.1/com.github.almasb/fxgl/17.2/35db6ae960eec2dcfd19262d3b7f9c42f0e95bc3/fxgl-17.2.jar!/fxglassets/languages/english.lang
18:49:13.683 [FXGL Background Thread 4 ] DEBUG FXGLAssetLoaderServi - Loading from file system: jar:file:/C:/Users/macke/.gradle/caches/modules-2/files-2.1/com.github.almasb/fxgl/17.2/35db6ae960eec2dcfd19262d3b7f9c42f0e95bc3/fxgl-17.2.jar!/fxglassets/ui/fonts/Abel-Regular.ttf
18:49:13.694 [FXGL Background Thread 4 ] DEBUG FXGLAssetLoaderServi - Loading from file system: jar:file:/C:/Users/macke/.gradle/caches/modules-2/files-2.1/com.github.almasb/fxgl/17.2/35db6ae960eec2dcfd19262d3b7f9c42f0e95bc3/fxgl-17.2.jar!/fxglassets/ui/fonts/TerminalLandMono-Regular.otf
18:49:13.705 [FXGL Background Thread 4 ] DEBUG FXGLAssetLoaderServi - Loading from file system: jar:file:/C:/Users/macke/.gradle/caches/modules-2/files-2.1/com.github.almasb/fxgl/17.2/35db6ae960eec2dcfd19262d3b7f9c42f0e95bc3/fxgl-17.2.jar!/fxglassets/ui/fonts/Courier-Prime.ttf
18:49:13.715 [FXGL Background Thread 1 ] INFO  FXGLApplication      - FXGL initialization took: 1.313 sec
18:49:13.837 [JavaFX Application Thread] DEBUG Input                - Registered new binding: Launch - RMB
18:49:13.838 [JavaFX Application Thread] DEBUG Input                - Registered new binding: Create - LMB
18:49:13.838 [JavaFX Application Thread] DEBUG Input                - Registered new binding: Drag - CTRL+LMB
18:49:13.840 [JavaFX Application Thread] DEBUG FXGLAssetLoaderServi - Loading from file system: jar:file:/C:/Users/macke/.gradle/caches/modules-2/files-2.1/com.github.almasb/fxgl/17.2/35db6ae960eec2dcfd19262d3b7f9c42f0e95bc3/fxgl-17.2.jar!/fxglassets/textures/fxgl_icon.png
18:49:14.232 [JavaFX Application Thread] DEBUG FXGLAssetLoaderServi - Loading from file system: jar:file:/C:/Users/macke/.gradle/caches/modules-2/files-2.1/com.github.almasb/fxgl/17.2/35db6ae960eec2dcfd19262d3b7f9c42f0e95bc3/fxgl-17.2.jar!/fxglassets/textures/fxgl_default_cursor.png
18:49:14.365 [JavaFX Application Thread] DEBUG Input                - Registered new binding: Screenshot - CTRL+8
18:49:14.377 [JavaFX Application Thread] DEBUG Input                - Registered new binding: System info dump - CTRL+9
18:49:14.387 [JavaFX Application Thread] DEBUG Input                - Registered new binding: Restart - CTRL+R
18:49:14.412 [JavaFX Application Thread] DEBUG Input                - Registered new binding: Toggle Debug Camera - CTRL+7
18:49:14.475 [JavaFX Application Thread] DEBUG LoopRunner           - Starting loop
18:49:14.475 [JavaFX Application Thread] DEBUG LoopRunner           - Initializing JavaFX AnimationTimerLoop
18:49:14.514 [JavaFX Application Thread] DEBUG GameApplicationServi - Starting new game
18:49:14.514 [JavaFX Application Thread] DEBUG Input                - Clearing active input actions
18:49:14.609 [JavaFX Application Thread] DEBUG GameApplicationServi - Removing overlay from FXGLStartupScene and adding to FXGLLoadingScene
18:49:14.610 [JavaFX Application Thread] DEBUG PrimaryStageWindow   - FXGLStartupScene -> FXGLLoadingScene
18:49:14.611 [JavaFX Application Thread] DEBUG GameApplicationServi - Clearing previous game
18:49:14.612 [JavaFX Application Thread] DEBUG GameScene            - Clearing game scene
18:49:14.612 [JavaFX Application Thread] DEBUG GameWorld            - Clearing game world
18:49:14.612 [JavaFX Application Thread] DEBUG PhysicsWorld         - Clearing physics world
18:49:14.629 [FXGL Background Thread 4 ] DEBUG FXGLApplication      - Initializing game
18:49:14.629 [JavaFX Application Thread] DEBUG FXGLApplication      - Registering font factories with UI factory
18:49:15.224 [FXGL Background Thread 4 ] DEBUG FXGLAssetLoaderServi - Loading from file system: file:/C:/Users/macke/OneDrive/Documents/School/Semester%203/Programming%20in%20a%20Graphical%20User%20Interface/Homework/animals-revenge/build/resources/main/assets/ui/Home.fxml
18:49:16.419 [FXGL Background Thread 3 ] DEBUG Engine               - Logging environment variables
18:49:16.420 [FXGL Background Thread 3 ] DEBUG Engine               - achievements: []
18:49:16.420 [FXGL Background Thread 3 ] DEBUG Engine               - actualHeight: 797.0
18:49:16.420 [FXGL Background Thread 3 ] DEBUG Engine               - actualHeightProperty: ReadOnlyDoubleProperty [value: 797.0]
18:49:16.421 [FXGL Background Thread 3 ] DEBUG Engine               - actualWidth: 1415.0
18:49:16.421 [FXGL Background Thread 3 ] DEBUG Engine               - actualWidthProperty: ReadOnlyDoubleProperty [value: 1415.0]
18:49:16.421 [FXGL Background Thread 3 ] DEBUG Engine               - appIcon: fxgl_icon.png
18:49:16.421 [FXGL Background Thread 3 ] DEBUG Engine               - applicationMode: DEVELOPER
18:49:16.421 [FXGL Background Thread 3 ] DEBUG Engine               - cSSList: [fxgl_dark.css]
18:49:16.421 [FXGL Background Thread 3 ] DEBUG Engine               - collisionDetectionStrategy: BRUTE_FORCE
18:49:16.421 [FXGL Background Thread 3 ] DEBUG Engine               - configClass: Optional.empty
18:49:16.421 [FXGL Background Thread 3 ] DEBUG Engine               - credits: []
18:49:16.434 [FXGL Background Thread 3 ] DEBUG Engine               - defaultCursor: CursorInfo(imageName=fxgl_default_cursor.png, hotspotX=7.0, hotspotY=6.0)
18:49:16.434 [FXGL Background Thread 3 ] DEBUG Engine               - devBBoxColorProperty: ObjectProperty [value: 0xff0000ff]
18:49:16.435 [FXGL Background Thread 3 ] DEBUG Engine               - devEnableDebugCameraProperty: BooleanProperty [value: false]
18:49:16.435 [FXGL Background Thread 3 ] DEBUG Engine               - devSensorColorProperty: ObjectProperty [value: 0xffff00ff]
18:49:16.435 [FXGL Background Thread 3 ] DEBUG Engine               - devShowBBoxProperty: BooleanProperty [value: false]
18:49:16.435 [FXGL Background Thread 3 ] DEBUG Engine               - devShowPositionProperty: BooleanProperty [value: false]
18:49:16.440 [FXGL Background Thread 3 ] DEBUG Engine               - enabledMenuItems: []
18:49:16.440 [FXGL Background Thread 3 ] DEBUG Engine               - engineServices: [class com.almasb.fxgl.app.services.FXGLAssetLoaderService, class com.almasb.fxgl.app.FXGLApplication$GameApplicationService, class com.almasb.fxgl.app.services.FXGLDialogService, class com.almasb.fxgl.app.services.IOTaskExecutorService, class com.almasb.fxgl.io.FileSystemService, class com.almasb.fxgl.localization.LocalizationService, class com.almasb.fxgl.app.services.SystemBundleService, class com.almasb.fxgl.profile.SaveLoadService, class com.almasb.fxgl.ui.FXGLUIFactoryServiceProvider, class com.almasb.fxgl.ui.FXGLDialogFactoryServiceProvider, class com.almasb.fxgl.audio.AudioPlayer, class com.almasb.fxgl.notification.impl.NotificationServiceProvider, class com.almasb.fxgl.achievement.AchievementService, class com.almasb.fxgl.cutscene.CutsceneService, class com.almasb.fxgl.minigames.MiniGameService, class com.almasb.fxgl.net.NetService, class com.almasb.fxgl.app.services.UpdaterService, class com.almasb.fxgl.dev.DevService]
18:49:16.440 [FXGL Background Thread 3 ] DEBUG Engine               - fontGame: Abel-Regular.ttf
18:49:16.440 [FXGL Background Thread 3 ] DEBUG Engine               - fontMono: TerminalLandMono-Regular.otf
18:49:16.440 [FXGL Background Thread 3 ] DEBUG Engine               - fontText: Courier-Prime.ttf
18:49:16.440 [FXGL Background Thread 3 ] DEBUG Engine               - fontUI: VarelaRound-Regular.ttf
18:49:16.440 [FXGL Background Thread 3 ] DEBUG Engine               - fullScreen: BooleanProperty [value: false]
18:49:16.441 [FXGL Background Thread 3 ] DEBUG Engine               - gameDifficulty: MEDIUM
18:49:16.441 [FXGL Background Thread 3 ] DEBUG Engine               - gameDifficultyProperty: ObjectProperty [value: MEDIUM]
18:49:16.441 [FXGL Background Thread 3 ] DEBUG Engine               - globalMusicVolume: 0.5
18:49:16.441 [FXGL Background Thread 3 ] DEBUG Engine               - globalMusicVolumeProperty: DoubleProperty [value: 0.5]
18:49:16.441 [FXGL Background Thread 3 ] DEBUG Engine               - globalSoundVolume: 0.5
18:49:16.441 [FXGL Background Thread 3 ] DEBUG Engine               - globalSoundVolumeProperty: DoubleProperty [value: 0.5]
18:49:16.441 [FXGL Background Thread 3 ] DEBUG Engine               - height: 820
18:49:16.441 [FXGL Background Thread 3 ] DEBUG Engine               - is3D: false
18:49:16.442 [FXGL Background Thread 3 ] DEBUG Engine               - isAndroid: false
18:49:16.442 [FXGL Background Thread 3 ] DEBUG Engine               - isBrowser: false
18:49:16.442 [FXGL Background Thread 3 ] DEBUG Engine               - isClickFeedbackEnabled: false
18:49:16.442 [FXGL Background Thread 3 ] DEBUG Engine               - isCloseConfirmation: false
18:49:16.442 [FXGL Background Thread 3 ] DEBUG Engine               - isDesktop: true
18:49:16.442 [FXGL Background Thread 3 ] DEBUG Engine               - isDeveloperMenuEnabled: false
18:49:16.442 [FXGL Background Thread 3 ] DEBUG Engine               - isEmbedded: false
18:49:16.442 [FXGL Background Thread 3 ] DEBUG Engine               - isEntityPreloadEnabled: true
18:49:16.442 [FXGL Background Thread 3 ] DEBUG Engine               - isExperimentalTiledLargeMap: false
18:49:16.442 [FXGL Background Thread 3 ] DEBUG Engine               - isFileSystemWriteAllowed: true
18:49:16.442 [FXGL Background Thread 3 ] DEBUG Engine               - isFullScreenAllowed: false
18:49:16.443 [FXGL Background Thread 3 ] DEBUG Engine               - isFullScreenFromStart: false
18:49:16.443 [FXGL Background Thread 3 ] DEBUG Engine               - isGameMenuEnabled: false
18:49:16.443 [FXGL Background Thread 3 ] DEBUG Engine               - isIOS: false
18:49:16.443 [FXGL Background Thread 3 ] DEBUG Engine               - isIntroEnabled: false
18:49:16.443 [FXGL Background Thread 3 ] DEBUG Engine               - isLinux: false
18:49:16.443 [FXGL Background Thread 3 ] DEBUG Engine               - isMac: false
18:49:16.443 [FXGL Background Thread 3 ] DEBUG Engine               - isMainMenuEnabled: false
18:49:16.443 [FXGL Background Thread 3 ] DEBUG Engine               - isManualResizeEnabled: false
18:49:16.443 [FXGL Background Thread 3 ] DEBUG Engine               - isMobile: false
18:49:16.443 [FXGL Background Thread 3 ] DEBUG Engine               - isNative: false
18:49:16.443 [FXGL Background Thread 3 ] DEBUG Engine               - isPauseMusicWhenMinimized: true
18:49:16.444 [FXGL Background Thread 3 ] DEBUG Engine               - isPreserveResizeRatio: false
18:49:16.444 [FXGL Background Thread 3 ] DEBUG Engine               - isProfilingEnabled: false
18:49:16.444 [FXGL Background Thread 3 ] DEBUG Engine               - isScaleAffectedOnResize: true
18:49:16.444 [FXGL Background Thread 3 ] DEBUG Engine               - isSingleStep: false
18:49:16.444 [FXGL Background Thread 3 ] DEBUG Engine               - isUserProfileEnabled: false
18:49:16.444 [FXGL Background Thread 3 ] DEBUG Engine               - isWindows: true
18:49:16.444 [FXGL Background Thread 3 ] DEBUG Engine               - language: ObjectProperty [value: ENGLISH]
18:49:16.444 [FXGL Background Thread 3 ] DEBUG Engine               - menuKey: ESCAPE
18:49:16.444 [FXGL Background Thread 3 ] DEBUG Engine               - mouseSensitivity: 0.2
18:49:16.444 [FXGL Background Thread 3 ] DEBUG Engine               - notificationViewClass: class com.almasb.fxgl.notification.view.XboxNotificationView
18:49:16.444 [FXGL Background Thread 3 ] DEBUG Engine               - pixelsPerMeter: 50.0
18:49:16.445 [FXGL Background Thread 3 ] DEBUG Engine               - platform: WINDOWS
18:49:16.445 [FXGL Background Thread 3 ] DEBUG Engine               - prefHeightProperty: ReadOnlyDoubleProperty [value: 820.0]
18:49:16.445 [FXGL Background Thread 3 ] DEBUG Engine               - prefWidthProperty: ReadOnlyDoubleProperty [value: 1480.0]
18:49:16.445 [FXGL Background Thread 3 ] DEBUG Engine               - profileDir: profiles/
18:49:16.445 [FXGL Background Thread 3 ] DEBUG Engine               - profileName: StringProperty [value: DEFAULT]
18:49:16.445 [FXGL Background Thread 3 ] DEBUG Engine               - randomSeed: -1
18:49:16.449 [FXGL Background Thread 3 ] DEBUG Engine               - runtimeInfo: RuntimeInfo(platform=WINDOWS, version=17.2, build=20.08.2022 16.50)
18:49:16.449 [FXGL Background Thread 3 ] DEBUG Engine               - saveFileExt: sav
18:49:16.449 [FXGL Background Thread 3 ] DEBUG Engine               - scaledHeightProp$fxgl: DoubleProperty [bound, value: 797.0]
18:49:16.449 [FXGL Background Thread 3 ] DEBUG Engine               - scaledWidthProp$fxgl: DoubleProperty [bound, value: 1415.0]
18:49:16.450 [FXGL Background Thread 3 ] DEBUG Engine               - sceneFactory: com.almasb.fxgl.app.scene.SceneFactory@36ec7efa
18:49:16.450 [FXGL Background Thread 3 ] DEBUG Engine               - secondsIn24h: 60
18:49:16.450 [FXGL Background Thread 3 ] DEBUG Engine               - soundMenuBack: menu/back.wav
18:49:16.450 [FXGL Background Thread 3 ] DEBUG Engine               - soundMenuPress: menu/press.wav
18:49:16.450 [FXGL Background Thread 3 ] DEBUG Engine               - soundMenuSelect: menu/select.wav
18:49:16.450 [FXGL Background Thread 3 ] DEBUG Engine               - soundNotification: core/notification.wav
18:49:16.450 [FXGL Background Thread 3 ] DEBUG Engine               - stageStyle: DECORATED
18:49:16.450 [FXGL Background Thread 3 ] DEBUG Engine               - supportedLanguages: [ENGLISH, FRENCH, GERMAN, HUNGARIAN, RUSSIAN]
18:49:16.450 [FXGL Background Thread 3 ] DEBUG Engine               - ticksPerSecond: -1
18:49:16.450 [FXGL Background Thread 3 ] DEBUG Engine               - title: Untitled
18:49:16.450 [FXGL Background Thread 3 ] DEBUG Engine               - urlGithub: https://github.com/AlmasB/FXGL
18:49:16.451 [FXGL Background Thread 3 ] DEBUG Engine               - urlLeaderboard: http://fxgl-top.herokuapp.com/
18:49:16.451 [FXGL Background Thread 3 ] DEBUG Engine               - urlPOM: https://raw.githubusercontent.com/AlmasB/FXGL/release/README.md
18:49:16.451 [FXGL Background Thread 3 ] DEBUG Engine               - userAppClass: class edu.vanier.animals_revenge.MainApp
18:49:16.451 [FXGL Background Thread 3 ] DEBUG Engine               - version: 0.0
18:49:16.451 [FXGL Background Thread 3 ] DEBUG Engine               - versionCheckDays: 7
18:49:16.451 [FXGL Background Thread 3 ] DEBUG Engine               - width: 1480
18:49:16.451 [FXGL Background Thread 3 ] DEBUG Engine               - Logging services
18:49:16.451 [FXGL Background Thread 3 ] DEBUG Engine               - class com.almasb.fxgl.app.services.FXGLAssetLoaderService
18:49:16.451 [FXGL Background Thread 3 ] DEBUG Engine               - class com.almasb.fxgl.app.FXGLApplication$GameApplicationService
18:49:16.451 [FXGL Background Thread 3 ] DEBUG Engine               - class com.almasb.fxgl.app.services.FXGLDialogService
18:49:16.452 [FXGL Background Thread 3 ] DEBUG Engine               - class com.almasb.fxgl.app.services.IOTaskExecutorService
18:49:16.452 [FXGL Background Thread 3 ] DEBUG Engine               - class com.almasb.fxgl.io.FileSystemService
18:49:16.452 [FXGL Background Thread 3 ] DEBUG Engine               - class com.almasb.fxgl.localization.LocalizationService
18:49:16.452 [FXGL Background Thread 3 ] DEBUG Engine               - class com.almasb.fxgl.app.services.SystemBundleService
18:49:16.452 [FXGL Background Thread 3 ] DEBUG Engine               - class com.almasb.fxgl.profile.SaveLoadService
18:49:16.452 [FXGL Background Thread 3 ] DEBUG Engine               - class com.almasb.fxgl.ui.FXGLUIFactoryServiceProvider
18:49:16.452 [FXGL Background Thread 3 ] DEBUG Engine               - class com.almasb.fxgl.ui.FXGLDialogFactoryServiceProvider
18:49:16.452 [FXGL Background Thread 3 ] DEBUG Engine               - class com.almasb.fxgl.audio.AudioPlayer
18:49:16.452 [FXGL Background Thread 3 ] DEBUG Engine               - class com.almasb.fxgl.notification.impl.NotificationServiceProvider
18:49:16.452 [FXGL Background Thread 3 ] DEBUG Engine               - class com.almasb.fxgl.achievement.AchievementService
18:49:16.452 [FXGL Background Thread 3 ] DEBUG Engine               - class com.almasb.fxgl.cutscene.CutsceneService
18:49:16.452 [FXGL Background Thread 3 ] DEBUG Engine               - class com.almasb.fxgl.minigames.MiniGameService
18:49:16.453 [FXGL Background Thread 3 ] DEBUG Engine               - class com.almasb.fxgl.net.NetService
18:49:16.453 [FXGL Background Thread 3 ] DEBUG Engine               - class com.almasb.fxgl.app.services.UpdaterService
18:49:16.453 [FXGL Background Thread 3 ] DEBUG Engine               - class com.almasb.fxgl.dev.DevService
18:49:16.921 [FXGL Background Thread 4 ] INFO  FXGLApplication      - Game initialization took: 2.291 sec
18:49:16.922 [JavaFX Application Thread] DEBUG Input                - Clearing active input actions
18:49:16.948 [JavaFX Application Thread] DEBUG GameApplicationServi - Removing overlay from FXGLLoadingScene and adding to GameScene
18:49:16.949 [JavaFX Application Thread] DEBUG PrimaryStageWindow   - FXGLLoadingScene -> GameScene
18:49:16.962 [FXGL Background Thread 2 ] INFO  UpdaterService       - Your current version:  17.2
18:49:16.962 [FXGL Background Thread 2 ] INFO  UpdaterService       - Latest stable version: 17.3
18:49:18.618 [JavaFX Application Thread] DEBUG FXGLAssetLoaderServi - Loading from file system: file:/C:/Users/macke/OneDrive/Documents/School/Semester%203/Programming%20in%20a%20Graphical%20User%20Interface/Homework/animals-revenge/build/resources/main/assets/ui/1CustomProjectile.fxml
18:49:28.757 [JavaFX Application Thread] DEBUG FXGLApplication      - Exiting FXGL
18:49:28.757 [JavaFX Application Thread] DEBUG LoopRunner           - Stopping loop
18:49:28.757 [JavaFX Application Thread] DEBUG SystemBundleService  - Saving FXGL system data
18:49:28.762 [JavaFX Application Thread] DEBUG FileSystemAccess     - Writing to: C:\Users\macke\OneDrive\Documents\School\Semester 3\Programming in a Graphical User Interface\Homework\animals-revenge\system\fxgl.bundle
18:49:28.767 [JavaFX Application Thread] DEBUG Async                - Shutting down background threads
18:49:28.768 [JavaFX Application Thread] DEBUG PrimaryStageWindow   - Closing main window
18:49:28.851 [JavaFX Application Thread] DEBUG Logger               - Closing Logger
