03:55:43.930 [main                     ] DEBUG Logger               - Configured Logger
03:55:43.947 [main                     ] DEBUG GameApplication      - Logging settings
Title: Untitled
Version: 0.0
Width: 1480
Height: 820
Fullscreen: false
Intro: false
Profiling: false
Single step:false
App Mode: DEVELOPER
Menu Key: ESCAPE
Stage Style: DECORATED
Scene Factory: class com.almasb.fxgl.app.scene.SceneFactory

03:55:44.417 [JavaFX Application Thread] DEBUG FXGLApplication      - Initializing FXGL
03:55:44.430 [JavaFX Application Thread] INFO  Engine               - FXGL-17.2 (20.08.2022 16.50) on WINDOWS (J:18.0.2.1 FX:20.0.2)
03:55:44.430 [JavaFX Application Thread] DEBUG Engine               - JRE Vendor Name: Oracle Corporation
03:55:44.431 [JavaFX Application Thread] DEBUG Engine               - Running on OS: Windows 11 version 10.0
03:55:44.431 [JavaFX Application Thread] DEBUG Engine               - Architecture: amd64
03:55:44.431 [JavaFX Application Thread] INFO  Engine               - Source code and latest versions at: https://github.com/AlmasB/FXGL
03:55:44.431 [JavaFX Application Thread] INFO  Engine               -       Ask questions and discuss at: https://github.com/AlmasB/FXGL/discussions
03:55:44.432 [JavaFX Application Thread] INFO  Engine               -              Join the FXGL chat at: https://gitter.im/AlmasB/FXGL
03:55:44.561 [JavaFX Application Thread] DEBUG PrimaryStageWindow   - Creating a JavaFX scene
03:55:44.561 [JavaFX Application Thread] DEBUG PrimaryStageWindow   - Target size > screen size
03:55:44.638 [JavaFX Application Thread] DEBUG PrimaryStageWindow   - Target settings size: 1480.0 x 820.0
03:55:44.638 [JavaFX Application Thread] DEBUG PrimaryStageWindow   - Scaled scene size:    1447.0 x 815.0
03:55:44.639 [JavaFX Application Thread] DEBUG PrimaryStageWindow   - Scaled ratio: (0.9777027027027027, 0.9939024390243902)
03:55:44.640 [JavaFX Application Thread] DEBUG PrimaryStageWindow   - Set initial scene to FXGLStartupScene
03:55:44.645 [JavaFX Application Thread] DEBUG PrimaryStageWindow   - Opening main window
03:55:44.759 [JavaFX Application Thread] DEBUG PrimaryStageWindow   - Window border size: (14.5999755859375, 37.79998779296875)
03:55:44.760 [JavaFX Application Thread] DEBUG PrimaryStageWindow   - Scaled size: 1447.0 x 815.0
03:55:44.760 [JavaFX Application Thread] DEBUG PrimaryStageWindow   - Scaled ratio: (0.9777027027027027, 0.9939024390243902)
03:55:44.760 [JavaFX Application Thread] DEBUG PrimaryStageWindow   - Scene size: 1447.0 x 815.0
03:55:44.762 [JavaFX Application Thread] DEBUG PrimaryStageWindow   - Stage size: 1461.5999755859375 x 852.7999877929688
03:55:44.776 [FXGL Background Thread 1 ] DEBUG Engine               - Initializing environment variables
03:55:44.874 [FXGL Background Thread 1 ] DEBUG FXGLAssetLoaderServi - User app class for loading assets: class edu.vanier.animals_revenge.MainApp
03:55:44.874 [FXGL Background Thread 1 ] DEBUG GameApplicationServi - Applying CSS: fxgl_dark.css
03:55:44.876 [FXGL Background Thread 1 ] DEBUG FXGLAssetLoaderServi - Loading from file system: jar:file:/C:/Users/anton/.gradle/caches/modules-2/files-2.1/com.github.almasb/fxgl/17.2/35db6ae960eec2dcfd19262d3b7f9c42f0e95bc3/fxgl-17.2.jar!/fxglassets/ui/css/fxgl_dark.css
03:55:44.949 [FXGL Background Thread 1 ] DEBUG GameApplicationServi - Initializing application scenes
03:55:45.063 [FXGL Background Thread 1 ] DEBUG GameWorld            - Game world initialized
03:55:45.143 [FXGL Background Thread 1 ] DEBUG PhysicsWorld         - Physics world initialized: appHeight=820, physics.ppm=50.0
03:55:45.143 [FXGL Background Thread 1 ] DEBUG PhysicsWorld         - Using strategy: BRUTE_FORCE
03:55:45.147 [FXGL Background Thread 1 ] DEBUG GameScene            - Game scene initialized: 1480x820
03:55:45.147 [FXGL Background Thread 1 ] DEBUG GameApplicationServi - Application scenes initialized
03:55:45.171 [FXGL Background Thread 1 ] DEBUG SystemBundleService  - Loading FXGL system data
03:55:45.179 [FXGL Background Thread 1 ] DEBUG FileSystemAccess     - Reading from: C:\Users\anton\OneDrive\Documents\GitHub\animals-revenge\system\fxgl.bundle
03:55:45.193 [FXGL Background Thread 1 ] DEBUG SystemBundleService  - Bundle FXGL: {}
03:55:45.194 [FXGL Background Thread 1 ] DEBUG UpdaterService       - Checking for updates
03:55:45.202 [FXGL Background Thread 1 ] DEBUG FXGLApplication      - Loading default localization
03:55:45.204 [FXGL Background Thread 4 ] DEBUG FXGLApplication      - Loading fonts
03:55:45.205 [FXGL Background Thread 4 ] DEBUG FXGLAssetLoaderServi - Loading from file system: jar:file:/C:/Users/anton/.gradle/caches/modules-2/files-2.1/com.github.almasb/fxgl/17.2/35db6ae960eec2dcfd19262d3b7f9c42f0e95bc3/fxgl-17.2.jar!/fxglassets/ui/fonts/VarelaRound-Regular.ttf
03:55:45.205 [FXGL Background Thread 1 ] DEBUG FXGLAssetLoaderServi - Loading from file system: jar:file:/C:/Users/anton/.gradle/caches/modules-2/files-2.1/com.github.almasb/fxgl/17.2/35db6ae960eec2dcfd19262d3b7f9c42f0e95bc3/fxgl-17.2.jar!/fxglassets/languages/english.lang
03:55:45.238 [FXGL Background Thread 1 ] INFO  FXGLApplication      - FXGL initialization took: 0.461 sec
03:55:45.245 [JavaFX Application Thread] DEBUG Input                - Registered new binding: Launch - RMB
03:55:45.245 [JavaFX Application Thread] DEBUG Input                - Registered new binding: Create - LMB
03:55:45.245 [JavaFX Application Thread] DEBUG Input                - Registered new binding: Drag - CTRL+LMB
03:55:45.247 [JavaFX Application Thread] DEBUG FXGLAssetLoaderServi - Loading from file system: jar:file:/C:/Users/anton/.gradle/caches/modules-2/files-2.1/com.github.almasb/fxgl/17.2/35db6ae960eec2dcfd19262d3b7f9c42f0e95bc3/fxgl-17.2.jar!/fxglassets/textures/fxgl_icon.png
03:55:45.320 [JavaFX Application Thread] DEBUG FXGLAssetLoaderServi - Loading from file system: jar:file:/C:/Users/anton/.gradle/caches/modules-2/files-2.1/com.github.almasb/fxgl/17.2/35db6ae960eec2dcfd19262d3b7f9c42f0e95bc3/fxgl-17.2.jar!/fxglassets/textures/fxgl_default_cursor.png
03:55:45.337 [JavaFX Application Thread] DEBUG Input                - Registered new binding: Screenshot - CTRL+8
03:55:45.339 [JavaFX Application Thread] DEBUG Input                - Registered new binding: System info dump - CTRL+9
03:55:45.340 [JavaFX Application Thread] DEBUG Input                - Registered new binding: Restart - CTRL+R
03:55:45.342 [JavaFX Application Thread] DEBUG Input                - Registered new binding: Toggle Debug Camera - CTRL+7
03:55:45.353 [JavaFX Application Thread] DEBUG LoopRunner           - Starting loop
03:55:45.353 [JavaFX Application Thread] DEBUG LoopRunner           - Initializing JavaFX AnimationTimerLoop
03:55:45.359 [JavaFX Application Thread] DEBUG GameApplicationServi - Starting new game
03:55:45.360 [JavaFX Application Thread] DEBUG Input                - Clearing active input actions
03:55:45.378 [FXGL Background Thread 4 ] DEBUG FXGLAssetLoaderServi - Loading from file system: jar:file:/C:/Users/anton/.gradle/caches/modules-2/files-2.1/com.github.almasb/fxgl/17.2/35db6ae960eec2dcfd19262d3b7f9c42f0e95bc3/fxgl-17.2.jar!/fxglassets/ui/fonts/Abel-Regular.ttf
03:55:45.385 [JavaFX Application Thread] DEBUG GameApplicationServi - Removing overlay from FXGLStartupScene and adding to FXGLLoadingScene
03:55:45.387 [JavaFX Application Thread] DEBUG PrimaryStageWindow   - FXGLStartupScene -> FXGLLoadingScene
03:55:45.387 [JavaFX Application Thread] DEBUG GameApplicationServi - Clearing previous game
03:55:45.388 [JavaFX Application Thread] DEBUG GameScene            - Clearing game scene
03:55:45.388 [JavaFX Application Thread] DEBUG GameWorld            - Clearing game world
03:55:45.388 [JavaFX Application Thread] DEBUG PhysicsWorld         - Clearing physics world
03:55:45.389 [FXGL Background Thread 4 ] DEBUG FXGLAssetLoaderServi - Loading from file system: jar:file:/C:/Users/anton/.gradle/caches/modules-2/files-2.1/com.github.almasb/fxgl/17.2/35db6ae960eec2dcfd19262d3b7f9c42f0e95bc3/fxgl-17.2.jar!/fxglassets/ui/fonts/TerminalLandMono-Regular.otf
03:55:45.390 [FXGL Background Thread 1 ] DEBUG FXGLApplication      - Initializing game
03:55:45.405 [FXGL Background Thread 4 ] DEBUG FXGLAssetLoaderServi - Loading from file system: jar:file:/C:/Users/anton/.gradle/caches/modules-2/files-2.1/com.github.almasb/fxgl/17.2/35db6ae960eec2dcfd19262d3b7f9c42f0e95bc3/fxgl-17.2.jar!/fxglassets/ui/fonts/Courier-Prime.ttf
03:55:45.498 [FXGL Background Thread 1 ] DEBUG FXGLAssetLoaderServi - Loading from file system: file:/C:/Users/anton/OneDrive/Documents/GitHub/animals-revenge/build/resources/main/assets/sounds/brick_hit.wav
03:55:45.527 [JavaFX Application Thread] DEBUG FXGLApplication      - Registering font factories with UI factory
03:55:45.785 [FXGL Background Thread 1 ] DEBUG FXGLAssetLoaderServi - Loading from file system: file:/C:/Users/anton/OneDrive/Documents/GitHub/animals-revenge/build/resources/main/assets/ui/Home.fxml
03:55:46.480 [FXGL Background Thread 2 ] INFO  UpdaterService       - Your current version:  17.2
03:55:46.480 [FXGL Background Thread 2 ] INFO  UpdaterService       - Latest stable version: 17.3
03:55:46.917 [FXGL Background Thread 1 ] INFO  FXGLApplication      - Game initialization took: 1.526 sec
03:55:46.922 [JavaFX Application Thread] DEBUG Input                - Clearing active input actions
03:55:46.962 [JavaFX Application Thread] DEBUG GameApplicationServi - Removing overlay from FXGLLoadingScene and adding to GameScene
03:55:46.962 [JavaFX Application Thread] DEBUG PrimaryStageWindow   - FXGLLoadingScene -> GameScene
03:55:48.199 [FXGL Background Thread 3 ] DEBUG Engine               - Logging environment variables
03:55:48.217 [FXGL Background Thread 3 ] DEBUG Engine               - achievements: []
03:55:48.218 [FXGL Background Thread 3 ] DEBUG Engine               - actualHeight: 815.0
03:55:48.218 [FXGL Background Thread 3 ] DEBUG Engine               - actualHeightProperty: ReadOnlyDoubleProperty [value: 815.0]
03:55:48.218 [FXGL Background Thread 3 ] DEBUG Engine               - actualWidth: 1447.0
03:55:48.219 [FXGL Background Thread 3 ] DEBUG Engine               - actualWidthProperty: ReadOnlyDoubleProperty [value: 1447.0]
03:55:48.219 [FXGL Background Thread 3 ] DEBUG Engine               - appIcon: fxgl_icon.png
03:55:48.220 [FXGL Background Thread 3 ] DEBUG Engine               - applicationMode: DEVELOPER
03:55:48.220 [FXGL Background Thread 3 ] DEBUG Engine               - cSSList: [fxgl_dark.css]
03:55:48.221 [FXGL Background Thread 3 ] DEBUG Engine               - collisionDetectionStrategy: BRUTE_FORCE
03:55:48.222 [FXGL Background Thread 3 ] DEBUG Engine               - configClass: Optional.empty
03:55:48.223 [FXGL Background Thread 3 ] DEBUG Engine               - credits: []
03:55:48.235 [FXGL Background Thread 3 ] DEBUG Engine               - defaultCursor: CursorInfo(imageName=fxgl_default_cursor.png, hotspotX=7.0, hotspotY=6.0)
03:55:48.237 [FXGL Background Thread 3 ] DEBUG Engine               - devBBoxColorProperty: ObjectProperty [value: 0xff0000ff]
03:55:48.239 [FXGL Background Thread 3 ] DEBUG Engine               - devEnableDebugCameraProperty: BooleanProperty [value: false]
03:55:48.240 [FXGL Background Thread 3 ] DEBUG Engine               - devSensorColorProperty: ObjectProperty [value: 0xffff00ff]
03:55:48.241 [FXGL Background Thread 3 ] DEBUG Engine               - devShowBBoxProperty: BooleanProperty [value: false]
03:55:48.242 [FXGL Background Thread 3 ] DEBUG Engine               - devShowPositionProperty: BooleanProperty [value: false]
03:55:48.242 [FXGL Background Thread 3 ] DEBUG Engine               - enabledMenuItems: []
03:55:48.245 [FXGL Background Thread 3 ] DEBUG Engine               - engineServices: [class com.almasb.fxgl.app.services.FXGLAssetLoaderService, class com.almasb.fxgl.app.FXGLApplication$GameApplicationService, class com.almasb.fxgl.app.services.FXGLDialogService, class com.almasb.fxgl.app.services.IOTaskExecutorService, class com.almasb.fxgl.io.FileSystemService, class com.almasb.fxgl.localization.LocalizationService, class com.almasb.fxgl.app.services.SystemBundleService, class com.almasb.fxgl.profile.SaveLoadService, class com.almasb.fxgl.ui.FXGLUIFactoryServiceProvider, class com.almasb.fxgl.ui.FXGLDialogFactoryServiceProvider, class com.almasb.fxgl.audio.AudioPlayer, class com.almasb.fxgl.notification.impl.NotificationServiceProvider, class com.almasb.fxgl.achievement.AchievementService, class com.almasb.fxgl.cutscene.CutsceneService, class com.almasb.fxgl.minigames.MiniGameService, class com.almasb.fxgl.net.NetService, class com.almasb.fxgl.app.services.UpdaterService, class com.almasb.fxgl.dev.DevService]
03:55:48.245 [FXGL Background Thread 3 ] DEBUG Engine               - fontGame: Abel-Regular.ttf
03:55:48.246 [FXGL Background Thread 3 ] DEBUG Engine               - fontMono: TerminalLandMono-Regular.otf
03:55:48.246 [FXGL Background Thread 3 ] DEBUG Engine               - fontText: Courier-Prime.ttf
03:55:48.249 [FXGL Background Thread 3 ] DEBUG Engine               - fontUI: VarelaRound-Regular.ttf
03:55:48.250 [FXGL Background Thread 3 ] DEBUG Engine               - fullScreen: BooleanProperty [value: false]
03:55:48.250 [FXGL Background Thread 3 ] DEBUG Engine               - gameDifficulty: MEDIUM
03:55:48.250 [FXGL Background Thread 3 ] DEBUG Engine               - gameDifficultyProperty: ObjectProperty [value: MEDIUM]
03:55:48.250 [FXGL Background Thread 3 ] DEBUG Engine               - globalMusicVolume: 0.5
03:55:48.250 [FXGL Background Thread 3 ] DEBUG Engine               - globalMusicVolumeProperty: DoubleProperty [value: 0.0]
03:55:48.250 [FXGL Background Thread 3 ] DEBUG Engine               - globalSoundVolume: 0.5
03:55:48.251 [FXGL Background Thread 3 ] DEBUG Engine               - globalSoundVolumeProperty: DoubleProperty [value: 0.0]
03:55:48.254 [FXGL Background Thread 3 ] DEBUG Engine               - height: 820
03:55:48.255 [FXGL Background Thread 3 ] DEBUG Engine               - is3D: false
03:55:48.261 [FXGL Background Thread 3 ] DEBUG Engine               - isAndroid: false
03:55:48.261 [FXGL Background Thread 3 ] DEBUG Engine               - isBrowser: false
03:55:48.263 [FXGL Background Thread 3 ] DEBUG Engine               - isClickFeedbackEnabled: false
03:55:48.263 [FXGL Background Thread 3 ] DEBUG Engine               - isCloseConfirmation: false
03:55:48.263 [FXGL Background Thread 3 ] DEBUG Engine               - isDesktop: true
03:55:48.263 [FXGL Background Thread 3 ] DEBUG Engine               - isDeveloperMenuEnabled: false
03:55:48.265 [FXGL Background Thread 3 ] DEBUG Engine               - isEmbedded: false
03:55:48.265 [FXGL Background Thread 3 ] DEBUG Engine               - isEntityPreloadEnabled: true
03:55:48.265 [FXGL Background Thread 3 ] DEBUG Engine               - isExperimentalTiledLargeMap: false
03:55:48.266 [FXGL Background Thread 3 ] DEBUG Engine               - isFileSystemWriteAllowed: true
03:55:48.267 [FXGL Background Thread 3 ] DEBUG Engine               - isFullScreenAllowed: false
03:55:48.267 [FXGL Background Thread 3 ] DEBUG Engine               - isFullScreenFromStart: false
03:55:48.268 [FXGL Background Thread 3 ] DEBUG Engine               - isGameMenuEnabled: false
03:55:48.269 [FXGL Background Thread 3 ] DEBUG Engine               - isIOS: false
03:55:48.270 [FXGL Background Thread 3 ] DEBUG Engine               - isIntroEnabled: false
03:55:48.271 [FXGL Background Thread 3 ] DEBUG Engine               - isLinux: false
03:55:48.271 [FXGL Background Thread 3 ] DEBUG Engine               - isMac: false
03:55:48.272 [FXGL Background Thread 3 ] DEBUG Engine               - isMainMenuEnabled: false
03:55:48.272 [FXGL Background Thread 3 ] DEBUG Engine               - isManualResizeEnabled: false
03:55:48.274 [FXGL Background Thread 3 ] DEBUG Engine               - isMobile: false
03:55:48.275 [FXGL Background Thread 3 ] DEBUG Engine               - isNative: false
03:55:48.275 [FXGL Background Thread 3 ] DEBUG Engine               - isPauseMusicWhenMinimized: true
03:55:48.276 [FXGL Background Thread 3 ] DEBUG Engine               - isPreserveResizeRatio: false
03:55:48.277 [FXGL Background Thread 3 ] DEBUG Engine               - isProfilingEnabled: false
03:55:48.282 [FXGL Background Thread 3 ] DEBUG Engine               - isScaleAffectedOnResize: true
03:55:48.283 [FXGL Background Thread 3 ] DEBUG Engine               - isSingleStep: false
03:55:48.283 [FXGL Background Thread 3 ] DEBUG Engine               - isUserProfileEnabled: false
03:55:48.284 [FXGL Background Thread 3 ] DEBUG Engine               - isWindows: true
03:55:48.284 [FXGL Background Thread 3 ] DEBUG Engine               - language: ObjectProperty [value: ENGLISH]
03:55:48.285 [FXGL Background Thread 3 ] DEBUG Engine               - menuKey: ESCAPE
03:55:48.286 [FXGL Background Thread 3 ] DEBUG Engine               - mouseSensitivity: 0.2
03:55:48.286 [FXGL Background Thread 3 ] DEBUG Engine               - notificationViewClass: class com.almasb.fxgl.notification.view.XboxNotificationView
03:55:48.286 [FXGL Background Thread 3 ] DEBUG Engine               - pixelsPerMeter: 50.0
03:55:48.286 [FXGL Background Thread 3 ] DEBUG Engine               - platform: WINDOWS
03:55:48.286 [FXGL Background Thread 3 ] DEBUG Engine               - prefHeightProperty: ReadOnlyDoubleProperty [value: 820.0]
03:55:48.286 [FXGL Background Thread 3 ] DEBUG Engine               - prefWidthProperty: ReadOnlyDoubleProperty [value: 1480.0]
03:55:48.286 [FXGL Background Thread 3 ] DEBUG Engine               - profileDir: profiles/
03:55:48.287 [FXGL Background Thread 3 ] DEBUG Engine               - profileName: StringProperty [value: DEFAULT]
03:55:48.287 [FXGL Background Thread 3 ] DEBUG Engine               - randomSeed: -1
03:55:48.287 [FXGL Background Thread 3 ] DEBUG Engine               - runtimeInfo: RuntimeInfo(platform=WINDOWS, version=17.2, build=20.08.2022 16.50)
03:55:48.287 [FXGL Background Thread 3 ] DEBUG Engine               - saveFileExt: sav
03:55:48.287 [FXGL Background Thread 3 ] DEBUG Engine               - scaledHeightProp$fxgl: DoubleProperty [bound, value: 815.0]
03:55:48.288 [FXGL Background Thread 3 ] DEBUG Engine               - scaledWidthProp$fxgl: DoubleProperty [bound, value: 1447.0]
03:55:48.288 [FXGL Background Thread 3 ] DEBUG Engine               - sceneFactory: com.almasb.fxgl.app.scene.SceneFactory@beab919
03:55:48.288 [FXGL Background Thread 3 ] DEBUG Engine               - secondsIn24h: 60
03:55:48.288 [FXGL Background Thread 3 ] DEBUG Engine               - soundMenuBack: menu/back.wav
03:55:48.288 [FXGL Background Thread 3 ] DEBUG Engine               - soundMenuPress: menu/press.wav
03:55:48.288 [FXGL Background Thread 3 ] DEBUG Engine               - soundMenuSelect: menu/select.wav
03:55:48.288 [FXGL Background Thread 3 ] DEBUG Engine               - soundNotification: core/notification.wav
03:55:48.288 [FXGL Background Thread 3 ] DEBUG Engine               - stageStyle: DECORATED
03:55:48.288 [FXGL Background Thread 3 ] DEBUG Engine               - supportedLanguages: [ENGLISH, FRENCH, GERMAN, HUNGARIAN, RUSSIAN]
03:55:48.288 [FXGL Background Thread 3 ] DEBUG Engine               - ticksPerSecond: -1
03:55:48.289 [FXGL Background Thread 3 ] DEBUG Engine               - title: Untitled
03:55:48.289 [FXGL Background Thread 3 ] DEBUG Engine               - urlGithub: https://github.com/AlmasB/FXGL
03:55:48.289 [FXGL Background Thread 3 ] DEBUG Engine               - urlLeaderboard: http://fxgl-top.herokuapp.com/
03:55:48.289 [FXGL Background Thread 3 ] DEBUG Engine               - urlPOM: https://raw.githubusercontent.com/AlmasB/FXGL/release/README.md
03:55:48.289 [FXGL Background Thread 3 ] DEBUG Engine               - userAppClass: class edu.vanier.animals_revenge.MainApp
03:55:48.289 [FXGL Background Thread 3 ] DEBUG Engine               - version: 0.0
03:55:48.289 [FXGL Background Thread 3 ] DEBUG Engine               - versionCheckDays: 7
03:55:48.289 [FXGL Background Thread 3 ] DEBUG Engine               - width: 1480
03:55:48.289 [FXGL Background Thread 3 ] DEBUG Engine               - Logging services
03:55:48.290 [FXGL Background Thread 3 ] DEBUG Engine               - class com.almasb.fxgl.app.services.FXGLAssetLoaderService
03:55:48.290 [FXGL Background Thread 3 ] DEBUG Engine               - class com.almasb.fxgl.app.FXGLApplication$GameApplicationService
03:55:48.290 [FXGL Background Thread 3 ] DEBUG Engine               - class com.almasb.fxgl.app.services.FXGLDialogService
03:55:48.290 [FXGL Background Thread 3 ] DEBUG Engine               - class com.almasb.fxgl.app.services.IOTaskExecutorService
03:55:48.290 [FXGL Background Thread 3 ] DEBUG Engine               - class com.almasb.fxgl.io.FileSystemService
03:55:48.290 [FXGL Background Thread 3 ] DEBUG Engine               - class com.almasb.fxgl.localization.LocalizationService
03:55:48.290 [FXGL Background Thread 3 ] DEBUG Engine               - class com.almasb.fxgl.app.services.SystemBundleService
03:55:48.290 [FXGL Background Thread 3 ] DEBUG Engine               - class com.almasb.fxgl.profile.SaveLoadService
03:55:48.291 [FXGL Background Thread 3 ] DEBUG Engine               - class com.almasb.fxgl.ui.FXGLUIFactoryServiceProvider
03:55:48.291 [FXGL Background Thread 3 ] DEBUG Engine               - class com.almasb.fxgl.ui.FXGLDialogFactoryServiceProvider
03:55:48.291 [FXGL Background Thread 3 ] DEBUG Engine               - class com.almasb.fxgl.audio.AudioPlayer
03:55:48.291 [FXGL Background Thread 3 ] DEBUG Engine               - class com.almasb.fxgl.notification.impl.NotificationServiceProvider
03:55:48.291 [FXGL Background Thread 3 ] DEBUG Engine               - class com.almasb.fxgl.achievement.AchievementService
03:55:48.291 [FXGL Background Thread 3 ] DEBUG Engine               - class com.almasb.fxgl.cutscene.CutsceneService
03:55:48.291 [FXGL Background Thread 3 ] DEBUG Engine               - class com.almasb.fxgl.minigames.MiniGameService
03:55:48.291 [FXGL Background Thread 3 ] DEBUG Engine               - class com.almasb.fxgl.net.NetService
03:55:48.291 [FXGL Background Thread 3 ] DEBUG Engine               - class com.almasb.fxgl.app.services.UpdaterService
03:55:48.291 [FXGL Background Thread 3 ] DEBUG Engine               - class com.almasb.fxgl.dev.DevService
03:55:50.871 [JavaFX Application Thread] DEBUG FXGLAssetLoaderServi - Loading from file system: file:/C:/Users/anton/OneDrive/Documents/GitHub/animals-revenge/build/resources/main/assets/ui/Simulator.fxml
03:55:51.046 [JavaFX Application Thread] DEBUG FXGLAssetLoaderServi - Loading from file system: file:/C:/Users/anton/OneDrive/Documents/GitHub/animals-revenge/build/resources/main/assets/textures/cannon.png
03:55:59.901 [JavaFX Application Thread] DEBUG FXGLAssetLoaderServi - Loading from file system: file:/C:/Users/anton/OneDrive/Documents/GitHub/animals-revenge/build/resources/main/assets/ui/Home.fxml
03:56:00.784 [JavaFX Application Thread] DEBUG FXGLAssetLoaderServi - Loading from file system: file:/C:/Users/anton/OneDrive/Documents/GitHub/animals-revenge/build/resources/main/assets/ui/Setting.fxml
03:56:02.409 [JavaFX Application Thread] DEBUG FXGLAssetLoaderServi - Loading from file system: file:/C:/Users/anton/OneDrive/Documents/GitHub/animals-revenge/build/resources/main/assets/ui/Home.fxml
03:56:03.409 [JavaFX Application Thread] DEBUG FXGLAssetLoaderServi - Loading from file system: file:/C:/Users/anton/OneDrive/Documents/GitHub/animals-revenge/build/resources/main/assets/ui/Simulator.fxml
03:56:06.770 [JavaFX Application Thread] DEBUG FXGLAssetLoaderServi - Loading from file system: file:/C:/Users/anton/OneDrive/Documents/GitHub/animals-revenge/build/resources/main/assets/ui/Home.fxml
03:56:08.481 [JavaFX Application Thread] DEBUG FXGLAssetLoaderServi - Loading from file system: file:/C:/Users/anton/OneDrive/Documents/GitHub/animals-revenge/build/resources/main/assets/ui/Setting.fxml
03:56:13.185 [JavaFX Application Thread] DEBUG FXGLAssetLoaderServi - Loading from file system: file:/C:/Users/anton/OneDrive/Documents/GitHub/animals-revenge/build/resources/main/assets/ui/Home.fxml
03:56:15.384 [JavaFX Application Thread] DEBUG FXGLAssetLoaderServi - Loading from file system: file:/C:/Users/anton/OneDrive/Documents/GitHub/animals-revenge/build/resources/main/assets/ui/Simulator.fxml
03:56:21.757 [JavaFX Application Thread] DEBUG FXGLAssetLoaderServi - Loading from file system: file:/C:/Users/anton/OneDrive/Documents/GitHub/animals-revenge/build/resources/main/assets/ui/Home.fxml
03:56:23.081 [JavaFX Application Thread] DEBUG FXGLAssetLoaderServi - Loading from file system: file:/C:/Users/anton/OneDrive/Documents/GitHub/animals-revenge/build/resources/main/assets/ui/Setting.fxml
03:56:25.697 [JavaFX Application Thread] DEBUG FXGLAssetLoaderServi - Loading from file system: file:/C:/Users/anton/OneDrive/Documents/GitHub/animals-revenge/build/resources/main/assets/ui/Home.fxml
03:56:26.673 [JavaFX Application Thread] DEBUG FXGLAssetLoaderServi - Loading from file system: file:/C:/Users/anton/OneDrive/Documents/GitHub/animals-revenge/build/resources/main/assets/ui/Simulator.fxml
03:56:31.471 [JavaFX Application Thread] DEBUG FXGLAssetLoaderServi - Loading from file system: file:/C:/Users/anton/OneDrive/Documents/GitHub/animals-revenge/build/resources/main/assets/ui/Home.fxml
03:56:32.680 [JavaFX Application Thread] DEBUG FXGLAssetLoaderServi - Loading from file system: file:/C:/Users/anton/OneDrive/Documents/GitHub/animals-revenge/build/resources/main/assets/ui/Setting.fxml
03:56:34.753 [JavaFX Application Thread] DEBUG FXGLAssetLoaderServi - Loading from file system: file:/C:/Users/anton/OneDrive/Documents/GitHub/animals-revenge/build/resources/main/assets/ui/Home.fxml
03:56:35.649 [JavaFX Application Thread] DEBUG FXGLAssetLoaderServi - Loading from file system: file:/C:/Users/anton/OneDrive/Documents/GitHub/animals-revenge/build/resources/main/assets/ui/Simulator.fxml
03:56:39.858 [JavaFX Application Thread] DEBUG FXGLAssetLoaderServi - Loading from file system: file:/C:/Users/anton/OneDrive/Documents/GitHub/animals-revenge/build/resources/main/assets/ui/Home.fxml
03:56:41.009 [JavaFX Application Thread] DEBUG FXGLApplication      - Exiting FXGL
03:56:41.009 [JavaFX Application Thread] DEBUG LoopRunner           - Stopping loop
03:56:41.009 [JavaFX Application Thread] DEBUG SystemBundleService  - Saving FXGL system data
03:56:41.028 [JavaFX Application Thread] DEBUG FileSystemAccess     - Writing to: C:\Users\anton\OneDrive\Documents\GitHub\animals-revenge\system\fxgl.bundle
03:56:41.034 [JavaFX Application Thread] DEBUG Async                - Shutting down background threads
03:56:41.035 [JavaFX Application Thread] DEBUG PrimaryStageWindow   - Closing main window
03:56:41.062 [JavaFX Application Thread] DEBUG Logger               - Closing Logger
