21:21:41.050 [main                     ] DEBUG Logger               - Configured Logger
21:21:41.078 [main                     ] DEBUG GameApplication      - Logging settings
Title: Untitled
Version: 0.0
Width: 1480
Height: 820
Fullscreen: false
Intro: false
Profiling: false
Single step:false
App Mode: DEVELOPER
Menu Key: ESCAPE
Stage Style: DECORATED
Scene Factory: class com.almasb.fxgl.app.scene.SceneFactory

21:21:41.587 [JavaFX Application Thread] DEBUG FXGLApplication      - Initializing FXGL
21:21:41.596 [JavaFX Application Thread] INFO  Engine               - FXGL-17.2 (20.08.2022 16.50) on WINDOWS (J:18.0.2.1 FX:20.0.2)
21:21:41.596 [JavaFX Application Thread] DEBUG Engine               - JRE Vendor Name: Oracle Corporation
21:21:41.597 [JavaFX Application Thread] DEBUG Engine               - Running on OS: Windows 11 version 10.0
21:21:41.597 [JavaFX Application Thread] DEBUG Engine               - Architecture: amd64
21:21:41.597 [JavaFX Application Thread] INFO  Engine               - Source code and latest versions at: https://github.com/AlmasB/FXGL
21:21:41.599 [JavaFX Application Thread] INFO  Engine               -       Ask questions and discuss at: https://github.com/AlmasB/FXGL/discussions
21:21:41.599 [JavaFX Application Thread] INFO  Engine               -              Join the FXGL chat at: https://gitter.im/AlmasB/FXGL
21:21:41.686 [JavaFX Application Thread] DEBUG PrimaryStageWindow   - Creating a JavaFX scene
21:21:41.687 [JavaFX Application Thread] DEBUG PrimaryStageWindow   - Target size > screen size
21:21:41.740 [JavaFX Application Thread] DEBUG PrimaryStageWindow   - Target settings size: 1480.0 x 820.0
21:21:41.740 [JavaFX Application Thread] DEBUG PrimaryStageWindow   - Scaled scene size:    1415.0 x 797.0
21:21:41.740 [JavaFX Application Thread] DEBUG PrimaryStageWindow   - Scaled ratio: (0.956081081081081, 0.9719512195121951)
21:21:41.741 [JavaFX Application Thread] DEBUG PrimaryStageWindow   - Set initial scene to FXGLStartupScene
21:21:41.745 [JavaFX Application Thread] DEBUG PrimaryStageWindow   - Opening main window
21:21:41.829 [JavaFX Application Thread] DEBUG PrimaryStageWindow   - Window border size: (13.0, 35.5)
21:21:41.829 [JavaFX Application Thread] DEBUG PrimaryStageWindow   - Scaled size: 1415.0 x 797.0
21:21:41.830 [JavaFX Application Thread] DEBUG PrimaryStageWindow   - Scaled ratio: (0.956081081081081, 0.9719512195121951)
21:21:41.830 [JavaFX Application Thread] DEBUG PrimaryStageWindow   - Scene size: 1415.0 x 797.0
21:21:41.830 [JavaFX Application Thread] DEBUG PrimaryStageWindow   - Stage size: 1428.0 x 832.5
21:21:41.838 [FXGL Background Thread 1 ] DEBUG Engine               - Initializing environment variables
21:21:41.881 [FXGL Background Thread 1 ] DEBUG FXGLAssetLoaderServi - User app class for loading assets: class edu.vanier.animals_revenge.MainApp
21:21:41.881 [FXGL Background Thread 1 ] DEBUG GameApplicationServi - Applying CSS: fxgl_dark.css
21:21:41.883 [FXGL Background Thread 1 ] DEBUG FXGLAssetLoaderServi - Loading from file system: jar:file:/C:/Users/macke/.gradle/caches/modules-2/files-2.1/com.github.almasb/fxgl/17.2/35db6ae960eec2dcfd19262d3b7f9c42f0e95bc3/fxgl-17.2.jar!/fxglassets/ui/css/fxgl_dark.css
21:21:41.928 [FXGL Background Thread 1 ] DEBUG GameApplicationServi - Initializing application scenes
21:21:42.108 [FXGL Background Thread 1 ] DEBUG GameWorld            - Game world initialized
21:21:42.190 [FXGL Background Thread 1 ] DEBUG PhysicsWorld         - Physics world initialized: appHeight=820, physics.ppm=50.0
21:21:42.190 [FXGL Background Thread 1 ] DEBUG PhysicsWorld         - Using strategy: BRUTE_FORCE
21:21:42.198 [FXGL Background Thread 1 ] DEBUG GameScene            - Game scene initialized: 1480x820
21:21:42.198 [FXGL Background Thread 1 ] DEBUG GameApplicationServi - Application scenes initialized
21:21:42.216 [FXGL Background Thread 1 ] DEBUG SystemBundleService  - Loading FXGL system data
21:21:42.225 [FXGL Background Thread 1 ] DEBUG FileSystemAccess     - Reading from: C:\Users\macke\OneDrive\Documents\School\Semester 3\Programming in a Graphical User Interface\Homework\animals-revenge\system\fxgl.bundle
21:21:42.235 [FXGL Background Thread 1 ] DEBUG SystemBundleService  - Bundle FXGL: {}
21:21:42.235 [FXGL Background Thread 1 ] DEBUG UpdaterService       - Checking for updates
21:21:42.244 [FXGL Background Thread 4 ] DEBUG FXGLApplication      - Loading fonts
21:21:42.245 [FXGL Background Thread 1 ] DEBUG FXGLApplication      - Loading default localization
21:21:42.245 [FXGL Background Thread 4 ] DEBUG FXGLAssetLoaderServi - Loading from file system: jar:file:/C:/Users/macke/.gradle/caches/modules-2/files-2.1/com.github.almasb/fxgl/17.2/35db6ae960eec2dcfd19262d3b7f9c42f0e95bc3/fxgl-17.2.jar!/fxglassets/ui/fonts/VarelaRound-Regular.ttf
21:21:42.246 [FXGL Background Thread 1 ] DEBUG FXGLAssetLoaderServi - Loading from file system: jar:file:/C:/Users/macke/.gradle/caches/modules-2/files-2.1/com.github.almasb/fxgl/17.2/35db6ae960eec2dcfd19262d3b7f9c42f0e95bc3/fxgl-17.2.jar!/fxglassets/languages/english.lang
21:21:42.291 [FXGL Background Thread 1 ] INFO  FXGLApplication      - FXGL initialization took: 0.453 sec
21:21:42.296 [JavaFX Application Thread] DEBUG Input                - Registered new binding: Launch - RMB
21:21:42.296 [JavaFX Application Thread] DEBUG Input                - Registered new binding: Create - LMB
21:21:42.297 [JavaFX Application Thread] DEBUG Input                - Registered new binding: Drag - CTRL+LMB
21:21:42.298 [JavaFX Application Thread] DEBUG FXGLAssetLoaderServi - Loading from file system: jar:file:/C:/Users/macke/.gradle/caches/modules-2/files-2.1/com.github.almasb/fxgl/17.2/35db6ae960eec2dcfd19262d3b7f9c42f0e95bc3/fxgl-17.2.jar!/fxglassets/textures/fxgl_icon.png
21:21:42.332 [FXGL Background Thread 4 ] DEBUG FXGLAssetLoaderServi - Loading from file system: jar:file:/C:/Users/macke/.gradle/caches/modules-2/files-2.1/com.github.almasb/fxgl/17.2/35db6ae960eec2dcfd19262d3b7f9c42f0e95bc3/fxgl-17.2.jar!/fxglassets/ui/fonts/Abel-Regular.ttf
21:21:42.338 [FXGL Background Thread 4 ] DEBUG FXGLAssetLoaderServi - Loading from file system: jar:file:/C:/Users/macke/.gradle/caches/modules-2/files-2.1/com.github.almasb/fxgl/17.2/35db6ae960eec2dcfd19262d3b7f9c42f0e95bc3/fxgl-17.2.jar!/fxglassets/ui/fonts/TerminalLandMono-Regular.otf
21:21:42.344 [FXGL Background Thread 4 ] DEBUG FXGLAssetLoaderServi - Loading from file system: jar:file:/C:/Users/macke/.gradle/caches/modules-2/files-2.1/com.github.almasb/fxgl/17.2/35db6ae960eec2dcfd19262d3b7f9c42f0e95bc3/fxgl-17.2.jar!/fxglassets/ui/fonts/Courier-Prime.ttf
21:21:42.362 [JavaFX Application Thread] DEBUG FXGLAssetLoaderServi - Loading from file system: jar:file:/C:/Users/macke/.gradle/caches/modules-2/files-2.1/com.github.almasb/fxgl/17.2/35db6ae960eec2dcfd19262d3b7f9c42f0e95bc3/fxgl-17.2.jar!/fxglassets/textures/fxgl_default_cursor.png
21:21:42.380 [JavaFX Application Thread] DEBUG Input                - Registered new binding: Screenshot - CTRL+8
21:21:42.381 [JavaFX Application Thread] DEBUG Input                - Registered new binding: System info dump - CTRL+9
21:21:42.383 [JavaFX Application Thread] DEBUG Input                - Registered new binding: Restart - CTRL+R
21:21:42.386 [JavaFX Application Thread] DEBUG Input                - Registered new binding: Toggle Debug Camera - CTRL+7
21:21:42.392 [JavaFX Application Thread] DEBUG LoopRunner           - Starting loop
21:21:42.392 [JavaFX Application Thread] DEBUG LoopRunner           - Initializing JavaFX AnimationTimerLoop
21:21:42.398 [JavaFX Application Thread] DEBUG GameApplicationServi - Starting new game
21:21:42.400 [JavaFX Application Thread] DEBUG Input                - Clearing active input actions
21:21:42.432 [JavaFX Application Thread] DEBUG GameApplicationServi - Removing overlay from FXGLStartupScene and adding to FXGLLoadingScene
21:21:42.433 [JavaFX Application Thread] DEBUG PrimaryStageWindow   - FXGLStartupScene -> FXGLLoadingScene
21:21:42.433 [JavaFX Application Thread] DEBUG GameApplicationServi - Clearing previous game
21:21:42.433 [JavaFX Application Thread] DEBUG GameScene            - Clearing game scene
21:21:42.433 [JavaFX Application Thread] DEBUG GameWorld            - Clearing game world
21:21:42.433 [JavaFX Application Thread] DEBUG PhysicsWorld         - Clearing physics world
21:21:42.439 [FXGL Background Thread 4 ] DEBUG FXGLApplication      - Initializing game
21:21:42.439 [JavaFX Application Thread] DEBUG FXGLApplication      - Registering font factories with UI factory
21:21:42.513 [FXGL Background Thread 4 ] DEBUG FXGLAssetLoaderServi - Loading from file system: file:/C:/Users/macke/OneDrive/Documents/School/Semester%203/Programming%20in%20a%20Graphical%20User%20Interface/Homework/animals-revenge/build/resources/main/assets/ui/Home.fxml
21:21:42.965 [FXGL Background Thread 2 ] INFO  UpdaterService       - Your current version:  17.2
21:21:42.965 [FXGL Background Thread 2 ] INFO  UpdaterService       - Latest stable version: 17.3
21:21:43.111 [FXGL Background Thread 4 ] INFO  FXGLApplication      - Game initialization took: 0.672 sec
21:21:43.112 [JavaFX Application Thread] DEBUG Input                - Clearing active input actions
21:21:43.129 [JavaFX Application Thread] DEBUG GameApplicationServi - Removing overlay from FXGLLoadingScene and adding to GameScene
21:21:43.130 [JavaFX Application Thread] DEBUG PrimaryStageWindow   - FXGLLoadingScene -> GameScene
21:21:44.868 [JavaFX Application Thread] DEBUG FXGLAssetLoaderServi - Loading from file system: file:/C:/Users/macke/OneDrive/Documents/School/Semester%203/Programming%20in%20a%20Graphical%20User%20Interface/Homework/animals-revenge/build/resources/main/assets/ui/CustomProjectile.fxml
21:21:45.242 [FXGL Background Thread 3 ] DEBUG Engine               - Logging environment variables
21:21:45.243 [FXGL Background Thread 3 ] DEBUG Engine               - achievements: []
21:21:45.243 [FXGL Background Thread 3 ] DEBUG Engine               - actualHeight: 797.0
21:21:45.243 [FXGL Background Thread 3 ] DEBUG Engine               - actualHeightProperty: ReadOnlyDoubleProperty [value: 797.0]
21:21:45.243 [FXGL Background Thread 3 ] DEBUG Engine               - actualWidth: 1415.0
21:21:45.243 [FXGL Background Thread 3 ] DEBUG Engine               - actualWidthProperty: ReadOnlyDoubleProperty [value: 1415.0]
21:21:45.243 [FXGL Background Thread 3 ] DEBUG Engine               - appIcon: fxgl_icon.png
21:21:45.243 [FXGL Background Thread 3 ] DEBUG Engine               - applicationMode: DEVELOPER
21:21:45.244 [FXGL Background Thread 3 ] DEBUG Engine               - cSSList: [fxgl_dark.css]
21:21:45.244 [FXGL Background Thread 3 ] DEBUG Engine               - collisionDetectionStrategy: BRUTE_FORCE
21:21:45.244 [FXGL Background Thread 3 ] DEBUG Engine               - configClass: Optional.empty
21:21:45.244 [FXGL Background Thread 3 ] DEBUG Engine               - credits: []
21:21:45.246 [FXGL Background Thread 3 ] DEBUG Engine               - defaultCursor: CursorInfo(imageName=fxgl_default_cursor.png, hotspotX=7.0, hotspotY=6.0)
21:21:45.246 [FXGL Background Thread 3 ] DEBUG Engine               - devBBoxColorProperty: ObjectProperty [value: 0xff0000ff]
21:21:45.246 [FXGL Background Thread 3 ] DEBUG Engine               - devEnableDebugCameraProperty: BooleanProperty [value: false]
21:21:45.246 [FXGL Background Thread 3 ] DEBUG Engine               - devSensorColorProperty: ObjectProperty [value: 0xffff00ff]
21:21:45.247 [FXGL Background Thread 3 ] DEBUG Engine               - devShowBBoxProperty: BooleanProperty [value: false]
21:21:45.247 [FXGL Background Thread 3 ] DEBUG Engine               - devShowPositionProperty: BooleanProperty [value: false]
21:21:45.247 [FXGL Background Thread 3 ] DEBUG Engine               - enabledMenuItems: []
21:21:45.247 [FXGL Background Thread 3 ] DEBUG Engine               - engineServices: [class com.almasb.fxgl.app.services.FXGLAssetLoaderService, class com.almasb.fxgl.app.FXGLApplication$GameApplicationService, class com.almasb.fxgl.app.services.FXGLDialogService, class com.almasb.fxgl.app.services.IOTaskExecutorService, class com.almasb.fxgl.io.FileSystemService, class com.almasb.fxgl.localization.LocalizationService, class com.almasb.fxgl.app.services.SystemBundleService, class com.almasb.fxgl.profile.SaveLoadService, class com.almasb.fxgl.ui.FXGLUIFactoryServiceProvider, class com.almasb.fxgl.ui.FXGLDialogFactoryServiceProvider, class com.almasb.fxgl.audio.AudioPlayer, class com.almasb.fxgl.notification.impl.NotificationServiceProvider, class com.almasb.fxgl.achievement.AchievementService, class com.almasb.fxgl.cutscene.CutsceneService, class com.almasb.fxgl.minigames.MiniGameService, class com.almasb.fxgl.net.NetService, class com.almasb.fxgl.app.services.UpdaterService, class com.almasb.fxgl.dev.DevService]
21:21:45.247 [FXGL Background Thread 3 ] DEBUG Engine               - fontGame: Abel-Regular.ttf
21:21:45.247 [FXGL Background Thread 3 ] DEBUG Engine               - fontMono: TerminalLandMono-Regular.otf
21:21:45.247 [FXGL Background Thread 3 ] DEBUG Engine               - fontText: Courier-Prime.ttf
21:21:45.247 [FXGL Background Thread 3 ] DEBUG Engine               - fontUI: VarelaRound-Regular.ttf
21:21:45.248 [FXGL Background Thread 3 ] DEBUG Engine               - fullScreen: BooleanProperty [value: false]
21:21:45.248 [FXGL Background Thread 3 ] DEBUG Engine               - gameDifficulty: MEDIUM
21:21:45.248 [FXGL Background Thread 3 ] DEBUG Engine               - gameDifficultyProperty: ObjectProperty [value: MEDIUM]
21:21:45.248 [FXGL Background Thread 3 ] DEBUG Engine               - globalMusicVolume: 0.5
21:21:45.248 [FXGL Background Thread 3 ] DEBUG Engine               - globalMusicVolumeProperty: DoubleProperty [value: 0.5]
21:21:45.248 [FXGL Background Thread 3 ] DEBUG Engine               - globalSoundVolume: 0.5
21:21:45.249 [FXGL Background Thread 3 ] DEBUG Engine               - globalSoundVolumeProperty: DoubleProperty [value: 0.5]
21:21:45.249 [FXGL Background Thread 3 ] DEBUG Engine               - height: 820
21:21:45.249 [FXGL Background Thread 3 ] DEBUG Engine               - is3D: false
21:21:45.249 [FXGL Background Thread 3 ] DEBUG Engine               - isAndroid: false
21:21:45.249 [FXGL Background Thread 3 ] DEBUG Engine               - isBrowser: false
21:21:45.249 [FXGL Background Thread 3 ] DEBUG Engine               - isClickFeedbackEnabled: false
21:21:45.249 [FXGL Background Thread 3 ] DEBUG Engine               - isCloseConfirmation: false
21:21:45.249 [FXGL Background Thread 3 ] DEBUG Engine               - isDesktop: true
21:21:45.249 [FXGL Background Thread 3 ] DEBUG Engine               - isDeveloperMenuEnabled: false
21:21:45.249 [FXGL Background Thread 3 ] DEBUG Engine               - isEmbedded: false
21:21:45.249 [FXGL Background Thread 3 ] DEBUG Engine               - isEntityPreloadEnabled: true
21:21:45.249 [FXGL Background Thread 3 ] DEBUG Engine               - isExperimentalTiledLargeMap: false
21:21:45.249 [FXGL Background Thread 3 ] DEBUG Engine               - isFileSystemWriteAllowed: true
21:21:45.249 [FXGL Background Thread 3 ] DEBUG Engine               - isFullScreenAllowed: false
21:21:45.249 [FXGL Background Thread 3 ] DEBUG Engine               - isFullScreenFromStart: false
21:21:45.249 [FXGL Background Thread 3 ] DEBUG Engine               - isGameMenuEnabled: false
21:21:45.250 [FXGL Background Thread 3 ] DEBUG Engine               - isIOS: false
21:21:45.250 [FXGL Background Thread 3 ] DEBUG Engine               - isIntroEnabled: false
21:21:45.250 [FXGL Background Thread 3 ] DEBUG Engine               - isLinux: false
21:21:45.250 [FXGL Background Thread 3 ] DEBUG Engine               - isMac: false
21:21:45.250 [FXGL Background Thread 3 ] DEBUG Engine               - isMainMenuEnabled: false
21:21:45.250 [FXGL Background Thread 3 ] DEBUG Engine               - isManualResizeEnabled: false
21:21:45.250 [FXGL Background Thread 3 ] DEBUG Engine               - isMobile: false
21:21:45.250 [FXGL Background Thread 3 ] DEBUG Engine               - isNative: false
21:21:45.250 [FXGL Background Thread 3 ] DEBUG Engine               - isPauseMusicWhenMinimized: true
21:21:45.250 [FXGL Background Thread 3 ] DEBUG Engine               - isPreserveResizeRatio: false
21:21:45.250 [FXGL Background Thread 3 ] DEBUG Engine               - isProfilingEnabled: false
21:21:45.250 [FXGL Background Thread 3 ] DEBUG Engine               - isScaleAffectedOnResize: true
21:21:45.250 [FXGL Background Thread 3 ] DEBUG Engine               - isSingleStep: false
21:21:45.250 [FXGL Background Thread 3 ] DEBUG Engine               - isUserProfileEnabled: false
21:21:45.250 [FXGL Background Thread 3 ] DEBUG Engine               - isWindows: true
21:21:45.250 [FXGL Background Thread 3 ] DEBUG Engine               - language: ObjectProperty [value: ENGLISH]
21:21:45.250 [FXGL Background Thread 3 ] DEBUG Engine               - menuKey: ESCAPE
21:21:45.250 [FXGL Background Thread 3 ] DEBUG Engine               - mouseSensitivity: 0.2
21:21:45.250 [FXGL Background Thread 3 ] DEBUG Engine               - notificationViewClass: class com.almasb.fxgl.notification.view.XboxNotificationView
21:21:45.251 [FXGL Background Thread 3 ] DEBUG Engine               - pixelsPerMeter: 50.0
21:21:45.251 [FXGL Background Thread 3 ] DEBUG Engine               - platform: WINDOWS
21:21:45.251 [FXGL Background Thread 3 ] DEBUG Engine               - prefHeightProperty: ReadOnlyDoubleProperty [value: 820.0]
21:21:45.251 [FXGL Background Thread 3 ] DEBUG Engine               - prefWidthProperty: ReadOnlyDoubleProperty [value: 1480.0]
21:21:45.251 [FXGL Background Thread 3 ] DEBUG Engine               - profileDir: profiles/
21:21:45.251 [FXGL Background Thread 3 ] DEBUG Engine               - profileName: StringProperty [value: DEFAULT]
21:21:45.251 [FXGL Background Thread 3 ] DEBUG Engine               - randomSeed: -1
21:21:45.251 [FXGL Background Thread 3 ] DEBUG Engine               - runtimeInfo: RuntimeInfo(platform=WINDOWS, version=17.2, build=20.08.2022 16.50)
21:21:45.252 [FXGL Background Thread 3 ] DEBUG Engine               - saveFileExt: sav
21:21:45.252 [FXGL Background Thread 3 ] DEBUG Engine               - scaledHeightProp$fxgl: DoubleProperty [bound, value: 797.0]
21:21:45.252 [FXGL Background Thread 3 ] DEBUG Engine               - scaledWidthProp$fxgl: DoubleProperty [bound, value: 1415.0]
21:21:45.252 [FXGL Background Thread 3 ] DEBUG Engine               - sceneFactory: com.almasb.fxgl.app.scene.SceneFactory@7dcf733
21:21:45.252 [FXGL Background Thread 3 ] DEBUG Engine               - secondsIn24h: 60
21:21:45.252 [FXGL Background Thread 3 ] DEBUG Engine               - soundMenuBack: menu/back.wav
21:21:45.252 [FXGL Background Thread 3 ] DEBUG Engine               - soundMenuPress: menu/press.wav
21:21:45.252 [FXGL Background Thread 3 ] DEBUG Engine               - soundMenuSelect: menu/select.wav
21:21:45.252 [FXGL Background Thread 3 ] DEBUG Engine               - soundNotification: core/notification.wav
21:21:45.252 [FXGL Background Thread 3 ] DEBUG Engine               - stageStyle: DECORATED
21:21:45.252 [FXGL Background Thread 3 ] DEBUG Engine               - supportedLanguages: [ENGLISH, FRENCH, GERMAN, HUNGARIAN, RUSSIAN]
21:21:45.252 [FXGL Background Thread 3 ] DEBUG Engine               - ticksPerSecond: -1
21:21:45.252 [FXGL Background Thread 3 ] DEBUG Engine               - title: Untitled
21:21:45.252 [FXGL Background Thread 3 ] DEBUG Engine               - urlGithub: https://github.com/AlmasB/FXGL
21:21:45.252 [FXGL Background Thread 3 ] DEBUG Engine               - urlLeaderboard: http://fxgl-top.herokuapp.com/
21:21:45.252 [FXGL Background Thread 3 ] DEBUG Engine               - urlPOM: https://raw.githubusercontent.com/AlmasB/FXGL/release/README.md
21:21:45.252 [FXGL Background Thread 3 ] DEBUG Engine               - userAppClass: class edu.vanier.animals_revenge.MainApp
21:21:45.252 [FXGL Background Thread 3 ] DEBUG Engine               - version: 0.0
21:21:45.252 [FXGL Background Thread 3 ] DEBUG Engine               - versionCheckDays: 7
21:21:45.252 [FXGL Background Thread 3 ] DEBUG Engine               - width: 1480
21:21:45.252 [FXGL Background Thread 3 ] DEBUG Engine               - Logging services
21:21:45.252 [FXGL Background Thread 3 ] DEBUG Engine               - class com.almasb.fxgl.app.services.FXGLAssetLoaderService
21:21:45.252 [FXGL Background Thread 3 ] DEBUG Engine               - class com.almasb.fxgl.app.FXGLApplication$GameApplicationService
21:21:45.252 [FXGL Background Thread 3 ] DEBUG Engine               - class com.almasb.fxgl.app.services.FXGLDialogService
21:21:45.252 [FXGL Background Thread 3 ] DEBUG Engine               - class com.almasb.fxgl.app.services.IOTaskExecutorService
21:21:45.252 [FXGL Background Thread 3 ] DEBUG Engine               - class com.almasb.fxgl.io.FileSystemService
21:21:45.253 [FXGL Background Thread 3 ] DEBUG Engine               - class com.almasb.fxgl.localization.LocalizationService
21:21:45.253 [FXGL Background Thread 3 ] DEBUG Engine               - class com.almasb.fxgl.app.services.SystemBundleService
21:21:45.253 [FXGL Background Thread 3 ] DEBUG Engine               - class com.almasb.fxgl.profile.SaveLoadService
21:21:45.253 [FXGL Background Thread 3 ] DEBUG Engine               - class com.almasb.fxgl.ui.FXGLUIFactoryServiceProvider
21:21:45.253 [FXGL Background Thread 3 ] DEBUG Engine               - class com.almasb.fxgl.ui.FXGLDialogFactoryServiceProvider
21:21:45.253 [FXGL Background Thread 3 ] DEBUG Engine               - class com.almasb.fxgl.audio.AudioPlayer
21:21:45.253 [FXGL Background Thread 3 ] DEBUG Engine               - class com.almasb.fxgl.notification.impl.NotificationServiceProvider
21:21:45.253 [FXGL Background Thread 3 ] DEBUG Engine               - class com.almasb.fxgl.achievement.AchievementService
21:21:45.253 [FXGL Background Thread 3 ] DEBUG Engine               - class com.almasb.fxgl.cutscene.CutsceneService
21:21:45.253 [FXGL Background Thread 3 ] DEBUG Engine               - class com.almasb.fxgl.minigames.MiniGameService
21:21:45.253 [FXGL Background Thread 3 ] DEBUG Engine               - class com.almasb.fxgl.net.NetService
21:21:45.253 [FXGL Background Thread 3 ] DEBUG Engine               - class com.almasb.fxgl.app.services.UpdaterService
21:21:45.253 [FXGL Background Thread 3 ] DEBUG Engine               - class com.almasb.fxgl.dev.DevService
21:21:49.508 [JavaFX Application Thread] DEBUG FXGLAssetLoaderServi - Loading from file system: file:/C:/Users/macke/OneDrive/Documents/School/Semester%203/Programming%20in%20a%20Graphical%20User%20Interface/Homework/animals-revenge/build/resources/main/assets/ui/Home.fxml
21:21:50.691 [JavaFX Application Thread] DEBUG FXGLAssetLoaderServi - Loading from file system: file:/C:/Users/macke/OneDrive/Documents/School/Semester%203/Programming%20in%20a%20Graphical%20User%20Interface/Homework/animals-revenge/build/resources/main/assets/ui/Simulator.fxml
21:21:50.752 [JavaFX Application Thread] DEBUG FXGLAssetLoaderServi - Loading from file system: file:/C:/Users/macke/OneDrive/Documents/School/Semester%203/Programming%20in%20a%20Graphical%20User%20Interface/Homework/animals-revenge/build/resources/main/assets/textures/cannon.png
21:21:56.299 [JavaFX Application Thread] DEBUG LoopRunner           - Stopping loop
21:21:56.304 [JavaFX Application Thread] FATAL FXGLApplication      - Uncaught Exception:
java.lang.RuntimeException: java.lang.reflect.InvocationTargetException
	at javafx.fxml@20.0.2/javafx.fxml.FXMLLoader$MethodHandler.invoke(FXMLLoader.java:1858)
	at javafx.fxml@20.0.2/javafx.fxml.FXMLLoader$ControllerMethodEventHandler.handle(FXMLLoader.java:1726)
	at javafx.base@20.0.2/com.sun.javafx.event.CompositeEventHandler.dispatchBubblingEvent(CompositeEventHandler.java:86)
	at javafx.base@20.0.2/com.sun.javafx.event.EventHandlerManager.dispatchBubblingEvent(EventHandlerManager.java:232)
	at javafx.base@20.0.2/com.sun.javafx.event.EventHandlerManager.dispatchBubblingEvent(EventHandlerManager.java:189)
	at javafx.base@20.0.2/com.sun.javafx.event.CompositeEventDispatcher.dispatchBubblingEvent(CompositeEventDispatcher.java:59)
	at javafx.base@20.0.2/com.sun.javafx.event.BasicEventDispatcher.dispatchEvent(BasicEventDispatcher.java:58)
	at javafx.base@20.0.2/com.sun.javafx.event.EventDispatchChainImpl.dispatchEvent(EventDispatchChainImpl.java:114)
	at javafx.base@20.0.2/com.sun.javafx.event.BasicEventDispatcher.dispatchEvent(BasicEventDispatcher.java:56)
	at javafx.base@20.0.2/com.sun.javafx.event.EventDispatchChainImpl.dispatchEvent(EventDispatchChainImpl.java:114)
	at javafx.base@20.0.2/com.sun.javafx.event.BasicEventDispatcher.dispatchEvent(BasicEventDispatcher.java:56)
	at javafx.base@20.0.2/com.sun.javafx.event.EventDispatchChainImpl.dispatchEvent(EventDispatchChainImpl.java:114)
	at javafx.base@20.0.2/com.sun.javafx.event.EventUtil.fireEventImpl(EventUtil.java:74)
	at javafx.base@20.0.2/com.sun.javafx.event.EventUtil.fireEvent(EventUtil.java:49)
	at javafx.base@20.0.2/javafx.event.Event.fireEvent(Event.java:198)
	at javafx.graphics@20.0.2/javafx.scene.Node.fireEvent(Node.java:8944)
	at javafx.controls@20.0.2/javafx.scene.control.Button.fire(Button.java:203)
	at javafx.controls@20.0.2/com.sun.javafx.scene.control.behavior.ButtonBehavior.mouseReleased(ButtonBehavior.java:207)
	at javafx.controls@20.0.2/com.sun.javafx.scene.control.inputmap.InputMap.handle(InputMap.java:274)
	at javafx.base@20.0.2/com.sun.javafx.event.CompositeEventHandler$NormalEventHandlerRecord.handleBubblingEvent(CompositeEventHandler.java:247)
	at javafx.base@20.0.2/com.sun.javafx.event.CompositeEventHandler.dispatchBubblingEvent(CompositeEventHandler.java:80)
	at javafx.base@20.0.2/com.sun.javafx.event.EventHandlerManager.dispatchBubblingEvent(EventHandlerManager.java:232)
	at javafx.base@20.0.2/com.sun.javafx.event.EventHandlerManager.dispatchBubblingEvent(EventHandlerManager.java:189)
	at javafx.base@20.0.2/com.sun.javafx.event.CompositeEventDispatcher.dispatchBubblingEvent(CompositeEventDispatcher.java:59)
	at javafx.base@20.0.2/com.sun.javafx.event.BasicEventDispatcher.dispatchEvent(BasicEventDispatcher.java:58)
	at javafx.base@20.0.2/com.sun.javafx.event.EventDispatchChainImpl.dispatchEvent(EventDispatchChainImpl.java:114)
	at javafx.base@20.0.2/com.sun.javafx.event.BasicEventDispatcher.dispatchEvent(BasicEventDispatcher.java:56)
	at javafx.base@20.0.2/com.sun.javafx.event.EventDispatchChainImpl.dispatchEvent(EventDispatchChainImpl.java:114)
	at javafx.base@20.0.2/com.sun.javafx.event.BasicEventDispatcher.dispatchEvent(BasicEventDispatcher.java:56)
	at javafx.base@20.0.2/com.sun.javafx.event.EventDispatchChainImpl.dispatchEvent(EventDispatchChainImpl.java:114)
	at javafx.base@20.0.2/com.sun.javafx.event.EventUtil.fireEventImpl(EventUtil.java:74)
	at javafx.base@20.0.2/com.sun.javafx.event.EventUtil.fireEvent(EventUtil.java:54)
	at javafx.base@20.0.2/javafx.event.Event.fireEvent(Event.java:198)
	at javafx.graphics@20.0.2/javafx.scene.Scene$MouseHandler.process(Scene.java:3980)
	at javafx.graphics@20.0.2/javafx.scene.Scene.processMouseEvent(Scene.java:1890)
	at javafx.graphics@20.0.2/javafx.scene.Scene$ScenePeerListener.mouseEvent(Scene.java:2704)
	at javafx.graphics@20.0.2/com.sun.javafx.tk.quantum.GlassViewEventHandler$MouseEventNotification.run(GlassViewEventHandler.java:411)
	at javafx.graphics@20.0.2/com.sun.javafx.tk.quantum.GlassViewEventHandler$MouseEventNotification.run(GlassViewEventHandler.java:301)
	at java.base/java.security.AccessController.doPrivileged(AccessController.java:399)
	at javafx.graphics@20.0.2/com.sun.javafx.tk.quantum.GlassViewEventHandler.lambda$handleMouseEvent$2(GlassViewEventHandler.java:450)
	at javafx.graphics@20.0.2/com.sun.javafx.tk.quantum.QuantumToolkit.runWithoutRenderLock(QuantumToolkit.java:424)
	at javafx.graphics@20.0.2/com.sun.javafx.tk.quantum.GlassViewEventHandler.handleMouseEvent(GlassViewEventHandler.java:449)
	at javafx.graphics@20.0.2/com.sun.glass.ui.View.handleMouseEvent(View.java:551)
	at javafx.graphics@20.0.2/com.sun.glass.ui.View.notifyMouse(View.java:937)
	at javafx.graphics@20.0.2/com.sun.glass.ui.win.WinApplication._runLoop(Native Method)
	at javafx.graphics@20.0.2/com.sun.glass.ui.win.WinApplication.lambda$runLoop$3(WinApplication.java:185)
	at java.base/java.lang.Thread.run(Thread.java:833)
Caused by: java.lang.reflect.InvocationTargetException
	at java.base/jdk.internal.reflect.DirectMethodHandleAccessor.invoke(DirectMethodHandleAccessor.java:116)
	at java.base/java.lang.reflect.Method.invoke(Method.java:577)
	at com.sun.javafx.reflect.Trampoline.invoke(MethodUtil.java:72)
	at java.base/jdk.internal.reflect.DirectMethodHandleAccessor.invoke(DirectMethodHandleAccessor.java:104)
	at java.base/java.lang.reflect.Method.invoke(Method.java:577)
	at javafx.base@20.0.2/com.sun.javafx.reflect.MethodUtil.invoke(MethodUtil.java:270)
	at javafx.fxml@20.0.2/com.sun.javafx.fxml.MethodHelper.invoke(MethodHelper.java:84)
	at javafx.fxml@20.0.2/javafx.fxml.FXMLLoader$MethodHandler.invoke(FXMLLoader.java:1855)
	... 46 more
Caused by: java.lang.NullPointerException: Cannot invoke "edu.vanier.animals_revenge.models.CustomProjectileCircle.getRadius()" because "c" is null
	at edu.vanier.animals_revenge.MainApp.launch(MainApp.java:270)
	at edu.vanier.animals_revenge.controllers.SimulatorController.launch(SimulatorController.java:205)
	at java.base/jdk.internal.reflect.DirectMethodHandleAccessor.invoke(DirectMethodHandleAccessor.java:104)
	... 53 more

21:21:56.304 [JavaFX Application Thread] FATAL FXGLApplication      - Application will now exit
21:21:56.319 [JavaFX Application Thread] DEBUG PrimaryStageWindow   - Push state: ErrorSubScene
21:21:56.319 [JavaFX Application Thread] DEBUG Input                - Clearing active input actions
21:21:56.320 [JavaFX Application Thread] DEBUG GameApplicationServi - Removing overlay from GameScene and adding to ErrorSubScene
21:21:56.320 [JavaFX Application Thread] DEBUG PrimaryStageWindow   - GameScene -> ErrorSubScene
21:22:03.648 [JavaFX Application Thread] DEBUG FXGLApplication      - Exiting FXGL
21:22:03.649 [JavaFX Application Thread] DEBUG Async                - Shutting down background threads
21:22:03.649 [JavaFX Application Thread] DEBUG PrimaryStageWindow   - Closing main window
21:22:03.684 [JavaFX Application Thread] DEBUG Logger               - Closing Logger
