22:00:18.196 [main                     ] DEBUG Logger               - Configured Logger
22:00:18.216 [main                     ] DEBUG GameApplication      - Logging settings
Title: Untitled
Version: 0.0
Width: 1480
Height: 820
Fullscreen: false
Intro: false
Profiling: false
Single step:false
App Mode: DEVELOPER
Menu Key: ESCAPE
Stage Style: DECORATED
Scene Factory: class com.almasb.fxgl.app.scene.SceneFactory

22:00:18.450 [JavaFX Application Thread] DEBUG FXGLApplication      - Initializing FXGL
22:00:18.455 [JavaFX Application Thread] INFO  Engine               - FXGL-17.2 (20.08.2022 16.50) on WINDOWS (J:18.0.2.1 FX:20.0.2)
22:00:18.455 [JavaFX Application Thread] DEBUG Engine               - JRE Vendor Name: Oracle Corporation
22:00:18.455 [JavaFX Application Thread] DEBUG Engine               - Running on OS: Windows 11 version 10.0
22:00:18.455 [JavaFX Application Thread] DEBUG Engine               - Architecture: amd64
22:00:18.455 [JavaFX Application Thread] INFO  Engine               - Source code and latest versions at: https://github.com/AlmasB/FXGL
22:00:18.455 [JavaFX Application Thread] INFO  Engine               -       Ask questions and discuss at: https://github.com/AlmasB/FXGL/discussions
22:00:18.456 [JavaFX Application Thread] INFO  Engine               -              Join the FXGL chat at: https://gitter.im/AlmasB/FXGL
22:00:18.518 [JavaFX Application Thread] DEBUG PrimaryStageWindow   - Creating a JavaFX scene
22:00:18.550 [JavaFX Application Thread] DEBUG PrimaryStageWindow   - Target settings size: 1480.0 x 820.0
22:00:18.551 [JavaFX Application Thread] DEBUG PrimaryStageWindow   - Scaled scene size:    1480.0 x 820.0
22:00:18.551 [JavaFX Application Thread] DEBUG PrimaryStageWindow   - Scaled ratio: (1.0, 1.0)
22:00:18.551 [JavaFX Application Thread] DEBUG PrimaryStageWindow   - Set initial scene to FXGLStartupScene
22:00:18.554 [JavaFX Application Thread] DEBUG PrimaryStageWindow   - Opening main window
22:00:18.609 [JavaFX Application Thread] DEBUG PrimaryStageWindow   - Window border size: (16.0, 39.0)
22:00:18.609 [JavaFX Application Thread] DEBUG PrimaryStageWindow   - Scaled size: 1480.0 x 820.0
22:00:18.609 [JavaFX Application Thread] DEBUG PrimaryStageWindow   - Scaled ratio: (1.0, 1.0)
22:00:18.610 [JavaFX Application Thread] DEBUG PrimaryStageWindow   - Scene size: 1480.0 x 820.0
22:00:18.610 [JavaFX Application Thread] DEBUG PrimaryStageWindow   - Stage size: 1496.0 x 859.0
22:00:18.615 [FXGL Background Thread 1 ] DEBUG Engine               - Initializing environment variables
22:00:18.654 [FXGL Background Thread 1 ] DEBUG FXGLAssetLoaderServi - User app class for loading assets: class edu.vanier.animals_revenge.MainApp
22:00:18.654 [FXGL Background Thread 1 ] DEBUG GameApplicationServi - Applying CSS: fxgl_dark.css
22:00:18.656 [FXGL Background Thread 1 ] DEBUG FXGLAssetLoaderServi - Loading from file system: jar:file:/C:/Users/ethan/.gradle/caches/modules-2/files-2.1/com.github.almasb/fxgl/17.2/35db6ae960eec2dcfd19262d3b7f9c42f0e95bc3/fxgl-17.2.jar!/fxglassets/ui/css/fxgl_dark.css
22:00:18.686 [FXGL Background Thread 1 ] DEBUG GameApplicationServi - Initializing application scenes
22:00:18.708 [FXGL Background Thread 1 ] DEBUG GameWorld            - Game world initialized
22:00:18.751 [FXGL Background Thread 1 ] DEBUG PhysicsWorld         - Physics world initialized: appHeight=820, physics.ppm=50.0
22:00:18.752 [FXGL Background Thread 1 ] DEBUG PhysicsWorld         - Using strategy: BRUTE_FORCE
22:00:18.754 [FXGL Background Thread 1 ] DEBUG GameScene            - Game scene initialized: 1480x820
22:00:18.755 [FXGL Background Thread 1 ] DEBUG GameApplicationServi - Application scenes initialized
22:00:18.768 [FXGL Background Thread 1 ] DEBUG SystemBundleService  - Loading FXGL system data
22:00:18.773 [FXGL Background Thread 1 ] DEBUG FileSystemAccess     - Reading from: C:\Users\ethan\IdeaProjects\animals-revenge\system\fxgl.bundle
22:00:18.779 [FXGL Background Thread 1 ] DEBUG SystemBundleService  - Bundle FXGL: {}
22:00:18.780 [FXGL Background Thread 1 ] DEBUG UpdaterService       - Checking for updates
22:00:18.783 [FXGL Background Thread 4 ] DEBUG FXGLApplication      - Loading fonts
22:00:18.783 [FXGL Background Thread 4 ] DEBUG FXGLAssetLoaderServi - Loading from file system: jar:file:/C:/Users/ethan/.gradle/caches/modules-2/files-2.1/com.github.almasb/fxgl/17.2/35db6ae960eec2dcfd19262d3b7f9c42f0e95bc3/fxgl-17.2.jar!/fxglassets/ui/fonts/VarelaRound-Regular.ttf
22:00:18.783 [FXGL Background Thread 1 ] DEBUG FXGLApplication      - Loading default localization
22:00:18.784 [FXGL Background Thread 1 ] DEBUG FXGLAssetLoaderServi - Loading from file system: jar:file:/C:/Users/ethan/.gradle/caches/modules-2/files-2.1/com.github.almasb/fxgl/17.2/35db6ae960eec2dcfd19262d3b7f9c42f0e95bc3/fxgl-17.2.jar!/fxglassets/languages/english.lang
22:00:18.805 [FXGL Background Thread 1 ] INFO  FXGLApplication      - FXGL initialization took: 0.189 sec
22:00:18.811 [JavaFX Application Thread] DEBUG Input                - Registered new binding: Launch - RMB
22:00:18.812 [JavaFX Application Thread] DEBUG Input                - Registered new binding: Create - LMB
22:00:18.812 [JavaFX Application Thread] DEBUG Input                - Registered new binding: Drag - CTRL+LMB
22:00:18.816 [JavaFX Application Thread] DEBUG Input                - Registered new binding: Delete - Backspace
22:00:18.817 [JavaFX Application Thread] DEBUG FXGLAssetLoaderServi - Loading from file system: jar:file:/C:/Users/ethan/.gradle/caches/modules-2/files-2.1/com.github.almasb/fxgl/17.2/35db6ae960eec2dcfd19262d3b7f9c42f0e95bc3/fxgl-17.2.jar!/fxglassets/textures/fxgl_icon.png
22:00:18.824 [FXGL Background Thread 4 ] DEBUG FXGLAssetLoaderServi - Loading from file system: jar:file:/C:/Users/ethan/.gradle/caches/modules-2/files-2.1/com.github.almasb/fxgl/17.2/35db6ae960eec2dcfd19262d3b7f9c42f0e95bc3/fxgl-17.2.jar!/fxglassets/ui/fonts/Abel-Regular.ttf
22:00:18.830 [FXGL Background Thread 4 ] DEBUG FXGLAssetLoaderServi - Loading from file system: jar:file:/C:/Users/ethan/.gradle/caches/modules-2/files-2.1/com.github.almasb/fxgl/17.2/35db6ae960eec2dcfd19262d3b7f9c42f0e95bc3/fxgl-17.2.jar!/fxglassets/ui/fonts/TerminalLandMono-Regular.otf
22:00:18.836 [FXGL Background Thread 4 ] DEBUG FXGLAssetLoaderServi - Loading from file system: jar:file:/C:/Users/ethan/.gradle/caches/modules-2/files-2.1/com.github.almasb/fxgl/17.2/35db6ae960eec2dcfd19262d3b7f9c42f0e95bc3/fxgl-17.2.jar!/fxglassets/ui/fonts/Courier-Prime.ttf
22:00:18.849 [JavaFX Application Thread] DEBUG FXGLAssetLoaderServi - Loading from file system: jar:file:/C:/Users/ethan/.gradle/caches/modules-2/files-2.1/com.github.almasb/fxgl/17.2/35db6ae960eec2dcfd19262d3b7f9c42f0e95bc3/fxgl-17.2.jar!/fxglassets/textures/fxgl_default_cursor.png
22:00:18.850 [JavaFX Application Thread] DEBUG Input                - Registered new binding: Screenshot - CTRL+8
22:00:18.851 [JavaFX Application Thread] DEBUG Input                - Registered new binding: System info dump - CTRL+9
22:00:18.851 [JavaFX Application Thread] DEBUG Input                - Registered new binding: Restart - CTRL+R
22:00:18.852 [JavaFX Application Thread] DEBUG Input                - Registered new binding: Toggle Debug Camera - CTRL+7
22:00:18.853 [JavaFX Application Thread] DEBUG LoopRunner           - Starting loop
22:00:18.853 [JavaFX Application Thread] DEBUG LoopRunner           - Initializing JavaFX AnimationTimerLoop
22:00:18.854 [JavaFX Application Thread] DEBUG GameApplicationServi - Starting new game
22:00:18.854 [JavaFX Application Thread] DEBUG Input                - Clearing active input actions
22:00:18.862 [JavaFX Application Thread] DEBUG GameApplicationServi - Removing overlay from FXGLStartupScene and adding to FXGLLoadingScene
22:00:18.862 [JavaFX Application Thread] DEBUG PrimaryStageWindow   - FXGLStartupScene -> FXGLLoadingScene
22:00:18.862 [JavaFX Application Thread] DEBUG GameApplicationServi - Clearing previous game
22:00:18.862 [JavaFX Application Thread] DEBUG GameScene            - Clearing game scene
22:00:18.862 [JavaFX Application Thread] DEBUG GameWorld            - Clearing game world
22:00:18.862 [JavaFX Application Thread] DEBUG PhysicsWorld         - Clearing physics world
22:00:18.864 [FXGL Background Thread 4 ] DEBUG FXGLApplication      - Initializing game
22:00:18.865 [JavaFX Application Thread] DEBUG FXGLApplication      - Registering font factories with UI factory
22:00:19.050 [FXGL Background Thread 4 ] DEBUG FXGLAssetLoaderServi - Loading from file system: file:/C:/Users/ethan/IdeaProjects/animals-revenge/build/resources/main/assets/ui/Home.fxml
22:00:19.146 [FXGL Background Thread 2 ] INFO  UpdaterService       - Your current version:  17.2
22:00:19.147 [FXGL Background Thread 2 ] INFO  UpdaterService       - Latest stable version: 17.3
22:00:19.303 [FXGL Background Thread 4 ] INFO  FXGLApplication      - Game initialization took: 0.440 sec
22:00:19.303 [JavaFX Application Thread] DEBUG Input                - Clearing active input actions
22:00:19.311 [JavaFX Application Thread] DEBUG GameApplicationServi - Removing overlay from FXGLLoadingScene and adding to GameScene
22:00:19.312 [JavaFX Application Thread] DEBUG PrimaryStageWindow   - FXGLLoadingScene -> GameScene
22:00:20.316 [JavaFX Application Thread] DEBUG FXGLAssetLoaderServi - Loading from file system: file:/C:/Users/ethan/IdeaProjects/animals-revenge/build/resources/main/assets/ui/Simulator.fxml
22:00:20.375 [JavaFX Application Thread] DEBUG FXGLAssetLoaderServi - Loading from file system: file:/C:/Users/ethan/IdeaProjects/animals-revenge/build/resources/main/assets/textures/cannon.png
22:00:21.788 [FXGL Background Thread 3 ] DEBUG Engine               - Logging environment variables
22:00:21.790 [FXGL Background Thread 3 ] DEBUG Engine               - achievements: []
22:00:21.790 [FXGL Background Thread 3 ] DEBUG Engine               - actualHeight: 820.0
22:00:21.790 [FXGL Background Thread 3 ] DEBUG Engine               - actualHeightProperty: ReadOnlyDoubleProperty [value: 820.0]
22:00:21.790 [FXGL Background Thread 3 ] DEBUG Engine               - actualWidth: 1480.0
22:00:21.790 [FXGL Background Thread 3 ] DEBUG Engine               - actualWidthProperty: ReadOnlyDoubleProperty [value: 1480.0]
22:00:21.790 [FXGL Background Thread 3 ] DEBUG Engine               - appIcon: fxgl_icon.png
22:00:21.790 [FXGL Background Thread 3 ] DEBUG Engine               - applicationMode: DEVELOPER
22:00:21.790 [FXGL Background Thread 3 ] DEBUG Engine               - cSSList: [fxgl_dark.css]
22:00:21.790 [FXGL Background Thread 3 ] DEBUG Engine               - collisionDetectionStrategy: BRUTE_FORCE
22:00:21.790 [FXGL Background Thread 3 ] DEBUG Engine               - configClass: Optional.empty
22:00:21.790 [FXGL Background Thread 3 ] DEBUG Engine               - credits: []
22:00:21.791 [FXGL Background Thread 3 ] DEBUG Engine               - defaultCursor: CursorInfo(imageName=fxgl_default_cursor.png, hotspotX=7.0, hotspotY=6.0)
22:00:21.791 [FXGL Background Thread 3 ] DEBUG Engine               - devBBoxColorProperty: ObjectProperty [value: 0xff0000ff]
22:00:21.791 [FXGL Background Thread 3 ] DEBUG Engine               - devEnableDebugCameraProperty: BooleanProperty [value: false]
22:00:21.791 [FXGL Background Thread 3 ] DEBUG Engine               - devSensorColorProperty: ObjectProperty [value: 0xffff00ff]
22:00:21.791 [FXGL Background Thread 3 ] DEBUG Engine               - devShowBBoxProperty: BooleanProperty [value: false]
22:00:21.791 [FXGL Background Thread 3 ] DEBUG Engine               - devShowPositionProperty: BooleanProperty [value: false]
22:00:21.791 [FXGL Background Thread 3 ] DEBUG Engine               - enabledMenuItems: []
22:00:21.791 [FXGL Background Thread 3 ] DEBUG Engine               - engineServices: [class com.almasb.fxgl.app.services.FXGLAssetLoaderService, class com.almasb.fxgl.app.FXGLApplication$GameApplicationService, class com.almasb.fxgl.app.services.FXGLDialogService, class com.almasb.fxgl.app.services.IOTaskExecutorService, class com.almasb.fxgl.io.FileSystemService, class com.almasb.fxgl.localization.LocalizationService, class com.almasb.fxgl.app.services.SystemBundleService, class com.almasb.fxgl.profile.SaveLoadService, class com.almasb.fxgl.ui.FXGLUIFactoryServiceProvider, class com.almasb.fxgl.ui.FXGLDialogFactoryServiceProvider, class com.almasb.fxgl.audio.AudioPlayer, class com.almasb.fxgl.notification.impl.NotificationServiceProvider, class com.almasb.fxgl.achievement.AchievementService, class com.almasb.fxgl.cutscene.CutsceneService, class com.almasb.fxgl.minigames.MiniGameService, class com.almasb.fxgl.net.NetService, class com.almasb.fxgl.app.services.UpdaterService, class com.almasb.fxgl.dev.DevService]
22:00:21.792 [FXGL Background Thread 3 ] DEBUG Engine               - fontGame: Abel-Regular.ttf
22:00:21.792 [FXGL Background Thread 3 ] DEBUG Engine               - fontMono: TerminalLandMono-Regular.otf
22:00:21.792 [FXGL Background Thread 3 ] DEBUG Engine               - fontText: Courier-Prime.ttf
22:00:21.792 [FXGL Background Thread 3 ] DEBUG Engine               - fontUI: VarelaRound-Regular.ttf
22:00:21.792 [FXGL Background Thread 3 ] DEBUG Engine               - fullScreen: BooleanProperty [value: false]
22:00:21.792 [FXGL Background Thread 3 ] DEBUG Engine               - gameDifficulty: MEDIUM
22:00:21.792 [FXGL Background Thread 3 ] DEBUG Engine               - gameDifficultyProperty: ObjectProperty [value: MEDIUM]
22:00:21.792 [FXGL Background Thread 3 ] DEBUG Engine               - globalMusicVolume: 0.5
22:00:21.792 [FXGL Background Thread 3 ] DEBUG Engine               - globalMusicVolumeProperty: DoubleProperty [value: 0.5]
22:00:21.792 [FXGL Background Thread 3 ] DEBUG Engine               - globalSoundVolume: 0.5
22:00:21.792 [FXGL Background Thread 3 ] DEBUG Engine               - globalSoundVolumeProperty: DoubleProperty [value: 0.5]
22:00:21.792 [FXGL Background Thread 3 ] DEBUG Engine               - height: 820
22:00:21.792 [FXGL Background Thread 3 ] DEBUG Engine               - is3D: false
22:00:21.792 [FXGL Background Thread 3 ] DEBUG Engine               - isAndroid: false
22:00:21.792 [FXGL Background Thread 3 ] DEBUG Engine               - isBrowser: false
22:00:21.792 [FXGL Background Thread 3 ] DEBUG Engine               - isClickFeedbackEnabled: false
22:00:21.792 [FXGL Background Thread 3 ] DEBUG Engine               - isCloseConfirmation: false
22:00:21.792 [FXGL Background Thread 3 ] DEBUG Engine               - isDesktop: true
22:00:21.792 [FXGL Background Thread 3 ] DEBUG Engine               - isDeveloperMenuEnabled: false
22:00:21.792 [FXGL Background Thread 3 ] DEBUG Engine               - isEmbedded: false
22:00:21.792 [FXGL Background Thread 3 ] DEBUG Engine               - isEntityPreloadEnabled: true
22:00:21.792 [FXGL Background Thread 3 ] DEBUG Engine               - isExperimentalTiledLargeMap: false
22:00:21.792 [FXGL Background Thread 3 ] DEBUG Engine               - isFileSystemWriteAllowed: true
22:00:21.792 [FXGL Background Thread 3 ] DEBUG Engine               - isFullScreenAllowed: false
22:00:21.792 [FXGL Background Thread 3 ] DEBUG Engine               - isFullScreenFromStart: false
22:00:21.793 [FXGL Background Thread 3 ] DEBUG Engine               - isGameMenuEnabled: false
22:00:21.793 [FXGL Background Thread 3 ] DEBUG Engine               - isIOS: false
22:00:21.793 [FXGL Background Thread 3 ] DEBUG Engine               - isIntroEnabled: false
22:00:21.793 [FXGL Background Thread 3 ] DEBUG Engine               - isLinux: false
22:00:21.793 [FXGL Background Thread 3 ] DEBUG Engine               - isMac: false
22:00:21.793 [FXGL Background Thread 3 ] DEBUG Engine               - isMainMenuEnabled: false
22:00:21.793 [FXGL Background Thread 3 ] DEBUG Engine               - isManualResizeEnabled: false
22:00:21.793 [FXGL Background Thread 3 ] DEBUG Engine               - isMobile: false
22:00:21.793 [FXGL Background Thread 3 ] DEBUG Engine               - isNative: false
22:00:21.793 [FXGL Background Thread 3 ] DEBUG Engine               - isPauseMusicWhenMinimized: true
22:00:21.793 [FXGL Background Thread 3 ] DEBUG Engine               - isPreserveResizeRatio: false
22:00:21.793 [FXGL Background Thread 3 ] DEBUG Engine               - isProfilingEnabled: false
22:00:21.793 [FXGL Background Thread 3 ] DEBUG Engine               - isScaleAffectedOnResize: true
22:00:21.793 [FXGL Background Thread 3 ] DEBUG Engine               - isSingleStep: false
22:00:21.793 [FXGL Background Thread 3 ] DEBUG Engine               - isUserProfileEnabled: false
22:00:21.793 [FXGL Background Thread 3 ] DEBUG Engine               - isWindows: true
22:00:21.793 [FXGL Background Thread 3 ] DEBUG Engine               - language: ObjectProperty [value: ENGLISH]
22:00:21.793 [FXGL Background Thread 3 ] DEBUG Engine               - menuKey: ESCAPE
22:00:21.793 [FXGL Background Thread 3 ] DEBUG Engine               - mouseSensitivity: 0.2
22:00:21.793 [FXGL Background Thread 3 ] DEBUG Engine               - notificationViewClass: class com.almasb.fxgl.notification.view.XboxNotificationView
22:00:21.793 [FXGL Background Thread 3 ] DEBUG Engine               - pixelsPerMeter: 50.0
22:00:21.793 [FXGL Background Thread 3 ] DEBUG Engine               - platform: WINDOWS
22:00:21.793 [FXGL Background Thread 3 ] DEBUG Engine               - prefHeightProperty: ReadOnlyDoubleProperty [value: 820.0]
22:00:21.793 [FXGL Background Thread 3 ] DEBUG Engine               - prefWidthProperty: ReadOnlyDoubleProperty [value: 1480.0]
22:00:21.794 [FXGL Background Thread 3 ] DEBUG Engine               - profileDir: profiles/
22:00:21.794 [FXGL Background Thread 3 ] DEBUG Engine               - profileName: StringProperty [value: DEFAULT]
22:00:21.794 [FXGL Background Thread 3 ] DEBUG Engine               - randomSeed: -1
22:00:21.794 [FXGL Background Thread 3 ] DEBUG Engine               - runtimeInfo: RuntimeInfo(platform=WINDOWS, version=17.2, build=20.08.2022 16.50)
22:00:21.794 [FXGL Background Thread 3 ] DEBUG Engine               - saveFileExt: sav
22:00:21.794 [FXGL Background Thread 3 ] DEBUG Engine               - scaledHeightProp$fxgl: DoubleProperty [bound, value: 820.0]
22:00:21.794 [FXGL Background Thread 3 ] DEBUG Engine               - scaledWidthProp$fxgl: DoubleProperty [bound, value: 1480.0]
22:00:21.794 [FXGL Background Thread 3 ] DEBUG Engine               - sceneFactory: com.almasb.fxgl.app.scene.SceneFactory@66578421
22:00:21.794 [FXGL Background Thread 3 ] DEBUG Engine               - secondsIn24h: 60
22:00:21.794 [FXGL Background Thread 3 ] DEBUG Engine               - soundMenuBack: menu/back.wav
22:00:21.794 [FXGL Background Thread 3 ] DEBUG Engine               - soundMenuPress: menu/press.wav
22:00:21.794 [FXGL Background Thread 3 ] DEBUG Engine               - soundMenuSelect: menu/select.wav
22:00:21.794 [FXGL Background Thread 3 ] DEBUG Engine               - soundNotification: core/notification.wav
22:00:21.794 [FXGL Background Thread 3 ] DEBUG Engine               - stageStyle: DECORATED
22:00:21.794 [FXGL Background Thread 3 ] DEBUG Engine               - supportedLanguages: [ENGLISH, FRENCH, GERMAN, HUNGARIAN, RUSSIAN]
22:00:21.794 [FXGL Background Thread 3 ] DEBUG Engine               - ticksPerSecond: -1
22:00:21.794 [FXGL Background Thread 3 ] DEBUG Engine               - title: Untitled
22:00:21.794 [FXGL Background Thread 3 ] DEBUG Engine               - urlGithub: https://github.com/AlmasB/FXGL
22:00:21.794 [FXGL Background Thread 3 ] DEBUG Engine               - urlLeaderboard: http://fxgl-top.herokuapp.com/
22:00:21.794 [FXGL Background Thread 3 ] DEBUG Engine               - urlPOM: https://raw.githubusercontent.com/AlmasB/FXGL/release/README.md
22:00:21.794 [FXGL Background Thread 3 ] DEBUG Engine               - userAppClass: class edu.vanier.animals_revenge.MainApp
22:00:21.795 [FXGL Background Thread 3 ] DEBUG Engine               - version: 0.0
22:00:21.795 [FXGL Background Thread 3 ] DEBUG Engine               - versionCheckDays: 7
22:00:21.795 [FXGL Background Thread 3 ] DEBUG Engine               - width: 1480
22:00:21.795 [FXGL Background Thread 3 ] DEBUG Engine               - Logging services
22:00:21.795 [FXGL Background Thread 3 ] DEBUG Engine               - class com.almasb.fxgl.app.services.FXGLAssetLoaderService
22:00:21.795 [FXGL Background Thread 3 ] DEBUG Engine               - class com.almasb.fxgl.app.FXGLApplication$GameApplicationService
22:00:21.795 [FXGL Background Thread 3 ] DEBUG Engine               - class com.almasb.fxgl.app.services.FXGLDialogService
22:00:21.795 [FXGL Background Thread 3 ] DEBUG Engine               - class com.almasb.fxgl.app.services.IOTaskExecutorService
22:00:21.795 [FXGL Background Thread 3 ] DEBUG Engine               - class com.almasb.fxgl.io.FileSystemService
22:00:21.795 [FXGL Background Thread 3 ] DEBUG Engine               - class com.almasb.fxgl.localization.LocalizationService
22:00:21.795 [FXGL Background Thread 3 ] DEBUG Engine               - class com.almasb.fxgl.app.services.SystemBundleService
22:00:21.795 [FXGL Background Thread 3 ] DEBUG Engine               - class com.almasb.fxgl.profile.SaveLoadService
22:00:21.795 [FXGL Background Thread 3 ] DEBUG Engine               - class com.almasb.fxgl.ui.FXGLUIFactoryServiceProvider
22:00:21.795 [FXGL Background Thread 3 ] DEBUG Engine               - class com.almasb.fxgl.ui.FXGLDialogFactoryServiceProvider
22:00:21.795 [FXGL Background Thread 3 ] DEBUG Engine               - class com.almasb.fxgl.audio.AudioPlayer
22:00:21.795 [FXGL Background Thread 3 ] DEBUG Engine               - class com.almasb.fxgl.notification.impl.NotificationServiceProvider
22:00:21.795 [FXGL Background Thread 3 ] DEBUG Engine               - class com.almasb.fxgl.achievement.AchievementService
22:00:21.795 [FXGL Background Thread 3 ] DEBUG Engine               - class com.almasb.fxgl.cutscene.CutsceneService
22:00:21.795 [FXGL Background Thread 3 ] DEBUG Engine               - class com.almasb.fxgl.minigames.MiniGameService
22:00:21.795 [FXGL Background Thread 3 ] DEBUG Engine               - class com.almasb.fxgl.net.NetService
22:00:21.795 [FXGL Background Thread 3 ] DEBUG Engine               - class com.almasb.fxgl.app.services.UpdaterService
22:00:21.795 [FXGL Background Thread 3 ] DEBUG Engine               - class com.almasb.fxgl.dev.DevService
22:00:31.232 [JavaFX Application Thread] DEBUG FXGLAssetLoaderServi - Loading from file system: file:/C:/Users/ethan/IdeaProjects/animals-revenge/build/resources/main/assets/ui/Home.fxml
22:00:32.700 [JavaFX Application Thread] DEBUG FXGLAssetLoaderServi - Loading from file system: file:/C:/Users/ethan/IdeaProjects/animals-revenge/build/resources/main/assets/ui/Simulator.fxml
22:00:33.846 [JavaFX Application Thread] DEBUG FXGLAssetLoaderServi - Loading from file system: file:/C:/Users/ethan/IdeaProjects/animals-revenge/build/resources/main/assets/textures/red.png
22:00:52.657 [JavaFX Application Thread] DEBUG FXGLApplication      - Exiting FXGL
22:00:52.657 [JavaFX Application Thread] DEBUG LoopRunner           - Stopping loop
22:00:52.657 [JavaFX Application Thread] DEBUG SystemBundleService  - Saving FXGL system data
22:00:52.658 [JavaFX Application Thread] DEBUG FileSystemAccess     - Writing to: C:\Users\ethan\IdeaProjects\animals-revenge\system\fxgl.bundle
22:00:52.659 [JavaFX Application Thread] DEBUG Async                - Shutting down background threads
22:00:52.659 [JavaFX Application Thread] DEBUG PrimaryStageWindow   - Closing main window
22:00:52.665 [JavaFX Application Thread] DEBUG Logger               - Closing Logger
