15:40:55.280 [main                     ] DEBUG Logger               - Configured Logger
15:40:55.326 [main                     ] DEBUG GameApplication      - Logging settings
Title: Untitled
Version: 0.0
Width: 1480
Height: 820
Fullscreen: false
Intro: false
Profiling: false
Single step:false
App Mode: DEVELOPER
Menu Key: ESCAPE
Stage Style: DECORATED
Scene Factory: class com.almasb.fxgl.app.scene.SceneFactory

15:40:55.976 [JavaFX Application Thread] DEBUG FXGLApplication      - Initializing FXGL
15:40:55.998 [JavaFX Application Thread] INFO  Engine               - FXGL-17.2 (20.08.2022 16.50) on WINDOWS (J:18.0.2.1 FX:20.0.2)
15:40:55.998 [JavaFX Application Thread] DEBUG Engine               - JRE Vendor Name: Oracle Corporation
15:40:55.999 [JavaFX Application Thread] DEBUG Engine               - Running on OS: Windows 11 version 10.0
15:40:55.999 [JavaFX Application Thread] DEBUG Engine               - Architecture: amd64
15:40:55.999 [JavaFX Application Thread] INFO  Engine               - Source code and latest versions at: https://github.com/AlmasB/FXGL
15:40:55.999 [JavaFX Application Thread] INFO  Engine               -       Ask questions and discuss at: https://github.com/AlmasB/FXGL/discussions
15:40:56.000 [JavaFX Application Thread] INFO  Engine               -              Join the FXGL chat at: https://gitter.im/AlmasB/FXGL
15:40:56.136 [JavaFX Application Thread] DEBUG PrimaryStageWindow   - Creating a JavaFX scene
15:40:56.136 [JavaFX Application Thread] DEBUG PrimaryStageWindow   - Target size > screen size
15:40:56.219 [JavaFX Application Thread] DEBUG PrimaryStageWindow   - Target settings size: 1480.0 x 820.0
15:40:56.219 [JavaFX Application Thread] DEBUG PrimaryStageWindow   - Scaled scene size:    1415.0 x 797.0
15:40:56.220 [JavaFX Application Thread] DEBUG PrimaryStageWindow   - Scaled ratio: (0.956081081081081, 0.9719512195121951)
15:40:56.225 [JavaFX Application Thread] DEBUG PrimaryStageWindow   - Set initial scene to FXGLStartupScene
15:40:56.232 [JavaFX Application Thread] DEBUG PrimaryStageWindow   - Opening main window
15:40:56.351 [JavaFX Application Thread] DEBUG PrimaryStageWindow   - Window border size: (13.0, 35.5)
15:40:56.351 [JavaFX Application Thread] DEBUG PrimaryStageWindow   - Scaled size: 1415.0 x 797.0
15:40:56.352 [JavaFX Application Thread] DEBUG PrimaryStageWindow   - Scaled ratio: (0.956081081081081, 0.9719512195121951)
15:40:56.352 [JavaFX Application Thread] DEBUG PrimaryStageWindow   - Scene size: 1415.0 x 797.0
15:40:56.352 [JavaFX Application Thread] DEBUG PrimaryStageWindow   - Stage size: 1428.0 x 832.5
15:40:56.359 [FXGL Background Thread 1 ] DEBUG Engine               - Initializing environment variables
15:40:56.407 [FXGL Background Thread 1 ] DEBUG FXGLAssetLoaderServi - User app class for loading assets: class edu.vanier.animals_revenge.MainApp
15:40:56.407 [FXGL Background Thread 1 ] DEBUG GameApplicationServi - Applying CSS: fxgl_dark.css
15:40:56.409 [FXGL Background Thread 1 ] DEBUG FXGLAssetLoaderServi - Loading from file system: jar:file:/C:/Users/macke/.gradle/caches/modules-2/files-2.1/com.github.almasb/fxgl/17.2/35db6ae960eec2dcfd19262d3b7f9c42f0e95bc3/fxgl-17.2.jar!/fxglassets/ui/css/fxgl_dark.css
15:40:56.451 [FXGL Background Thread 1 ] DEBUG GameApplicationServi - Initializing application scenes
15:40:56.515 [FXGL Background Thread 1 ] DEBUG GameWorld            - Game world initialized
15:40:56.595 [FXGL Background Thread 1 ] DEBUG PhysicsWorld         - Physics world initialized: appHeight=820, physics.ppm=50.0
15:40:56.596 [FXGL Background Thread 1 ] DEBUG PhysicsWorld         - Using strategy: BRUTE_FORCE
15:40:56.600 [FXGL Background Thread 1 ] DEBUG GameScene            - Game scene initialized: 1480x820
15:40:56.600 [FXGL Background Thread 1 ] DEBUG GameApplicationServi - Application scenes initialized
15:40:56.617 [FXGL Background Thread 1 ] DEBUG SystemBundleService  - Loading FXGL system data
15:40:56.623 [FXGL Background Thread 1 ] DEBUG FileSystemAccess     - Reading from: C:\Users\macke\OneDrive\Documents\School\Semester 3\Programming in a Graphical User Interface\Homework\animals-revenge\system\fxgl.bundle
15:40:56.633 [FXGL Background Thread 1 ] DEBUG SystemBundleService  - Bundle FXGL: {}
15:40:56.634 [FXGL Background Thread 1 ] DEBUG UpdaterService       - Checking for updates
15:40:56.651 [FXGL Background Thread 4 ] DEBUG FXGLApplication      - Loading fonts
15:40:56.651 [FXGL Background Thread 1 ] DEBUG FXGLApplication      - Loading default localization
15:40:56.652 [FXGL Background Thread 4 ] DEBUG FXGLAssetLoaderServi - Loading from file system: jar:file:/C:/Users/macke/.gradle/caches/modules-2/files-2.1/com.github.almasb/fxgl/17.2/35db6ae960eec2dcfd19262d3b7f9c42f0e95bc3/fxgl-17.2.jar!/fxglassets/ui/fonts/VarelaRound-Regular.ttf
15:40:56.652 [FXGL Background Thread 1 ] DEBUG FXGLAssetLoaderServi - Loading from file system: jar:file:/C:/Users/macke/.gradle/caches/modules-2/files-2.1/com.github.almasb/fxgl/17.2/35db6ae960eec2dcfd19262d3b7f9c42f0e95bc3/fxgl-17.2.jar!/fxglassets/languages/english.lang
15:40:56.705 [FXGL Background Thread 1 ] INFO  FXGLApplication      - FXGL initialization took: 0.346 sec
15:40:56.711 [JavaFX Application Thread] DEBUG Input                - Registered new binding: Launch - RMB
15:40:56.712 [JavaFX Application Thread] DEBUG Input                - Registered new binding: Create - LMB
15:40:56.712 [JavaFX Application Thread] DEBUG Input                - Registered new binding: Drag - CTRL+LMB
15:40:56.713 [JavaFX Application Thread] DEBUG FXGLAssetLoaderServi - Loading from file system: jar:file:/C:/Users/macke/.gradle/caches/modules-2/files-2.1/com.github.almasb/fxgl/17.2/35db6ae960eec2dcfd19262d3b7f9c42f0e95bc3/fxgl-17.2.jar!/fxglassets/textures/fxgl_icon.png
15:40:56.758 [FXGL Background Thread 4 ] DEBUG FXGLAssetLoaderServi - Loading from file system: jar:file:/C:/Users/macke/.gradle/caches/modules-2/files-2.1/com.github.almasb/fxgl/17.2/35db6ae960eec2dcfd19262d3b7f9c42f0e95bc3/fxgl-17.2.jar!/fxglassets/ui/fonts/Abel-Regular.ttf
15:40:56.772 [FXGL Background Thread 4 ] DEBUG FXGLAssetLoaderServi - Loading from file system: jar:file:/C:/Users/macke/.gradle/caches/modules-2/files-2.1/com.github.almasb/fxgl/17.2/35db6ae960eec2dcfd19262d3b7f9c42f0e95bc3/fxgl-17.2.jar!/fxglassets/ui/fonts/TerminalLandMono-Regular.otf
15:40:56.777 [FXGL Background Thread 4 ] DEBUG FXGLAssetLoaderServi - Loading from file system: jar:file:/C:/Users/macke/.gradle/caches/modules-2/files-2.1/com.github.almasb/fxgl/17.2/35db6ae960eec2dcfd19262d3b7f9c42f0e95bc3/fxgl-17.2.jar!/fxglassets/ui/fonts/Courier-Prime.ttf
15:40:56.829 [JavaFX Application Thread] DEBUG FXGLAssetLoaderServi - Loading from file system: jar:file:/C:/Users/macke/.gradle/caches/modules-2/files-2.1/com.github.almasb/fxgl/17.2/35db6ae960eec2dcfd19262d3b7f9c42f0e95bc3/fxgl-17.2.jar!/fxglassets/textures/fxgl_default_cursor.png
15:40:56.870 [JavaFX Application Thread] DEBUG Input                - Registered new binding: Screenshot - CTRL+8
15:40:56.872 [JavaFX Application Thread] DEBUG Input                - Registered new binding: System info dump - CTRL+9
15:40:56.873 [JavaFX Application Thread] DEBUG Input                - Registered new binding: Restart - CTRL+R
15:40:56.875 [JavaFX Application Thread] DEBUG Input                - Registered new binding: Toggle Debug Camera - CTRL+7
15:40:56.881 [JavaFX Application Thread] DEBUG LoopRunner           - Starting loop
15:40:56.882 [JavaFX Application Thread] DEBUG LoopRunner           - Initializing JavaFX AnimationTimerLoop
15:40:56.895 [JavaFX Application Thread] DEBUG GameApplicationServi - Starting new game
15:40:56.897 [JavaFX Application Thread] DEBUG Input                - Clearing active input actions
15:40:56.914 [JavaFX Application Thread] DEBUG GameApplicationServi - Removing overlay from FXGLStartupScene and adding to FXGLLoadingScene
15:40:56.914 [JavaFX Application Thread] DEBUG PrimaryStageWindow   - FXGLStartupScene -> FXGLLoadingScene
15:40:56.914 [JavaFX Application Thread] DEBUG GameApplicationServi - Clearing previous game
15:40:56.914 [JavaFX Application Thread] DEBUG GameScene            - Clearing game scene
15:40:56.914 [JavaFX Application Thread] DEBUG GameWorld            - Clearing game world
15:40:56.914 [JavaFX Application Thread] DEBUG PhysicsWorld         - Clearing physics world
15:40:56.917 [JavaFX Application Thread] DEBUG FXGLApplication      - Registering font factories with UI factory
15:40:56.917 [FXGL Background Thread 4 ] DEBUG FXGLApplication      - Initializing game
15:40:56.961 [FXGL Background Thread 4 ] DEBUG FXGLAssetLoaderServi - Loading from file system: file:/C:/Users/macke/OneDrive/Documents/School/Semester%203/Programming%20in%20a%20Graphical%20User%20Interface/Homework/animals-revenge/build/resources/main/assets/ui/Home.fxml
15:40:57.214 [FXGL Background Thread 2 ] INFO  UpdaterService       - Your current version:  17.2
15:40:57.215 [FXGL Background Thread 2 ] INFO  UpdaterService       - Latest stable version: 17.3
15:40:57.481 [FXGL Background Thread 4 ] INFO  FXGLApplication      - Game initialization took: 0.563 sec
15:40:57.482 [JavaFX Application Thread] DEBUG Input                - Clearing active input actions
15:40:57.563 [JavaFX Application Thread] DEBUG GameApplicationServi - Removing overlay from FXGLLoadingScene and adding to GameScene
15:40:57.564 [JavaFX Application Thread] DEBUG PrimaryStageWindow   - FXGLLoadingScene -> GameScene
15:40:59.648 [FXGL Background Thread 3 ] DEBUG Engine               - Logging environment variables
15:40:59.649 [FXGL Background Thread 3 ] DEBUG Engine               - achievements: []
15:40:59.650 [FXGL Background Thread 3 ] DEBUG Engine               - actualHeight: 797.0
15:40:59.650 [FXGL Background Thread 3 ] DEBUG Engine               - actualHeightProperty: ReadOnlyDoubleProperty [value: 797.0]
15:40:59.650 [FXGL Background Thread 3 ] DEBUG Engine               - actualWidth: 1415.0
15:40:59.651 [FXGL Background Thread 3 ] DEBUG Engine               - actualWidthProperty: ReadOnlyDoubleProperty [value: 1415.0]
15:40:59.651 [FXGL Background Thread 3 ] DEBUG Engine               - appIcon: fxgl_icon.png
15:40:59.651 [FXGL Background Thread 3 ] DEBUG Engine               - applicationMode: DEVELOPER
15:40:59.651 [FXGL Background Thread 3 ] DEBUG Engine               - cSSList: [fxgl_dark.css]
15:40:59.653 [FXGL Background Thread 3 ] DEBUG Engine               - collisionDetectionStrategy: BRUTE_FORCE
15:40:59.653 [FXGL Background Thread 3 ] DEBUG Engine               - configClass: Optional.empty
15:40:59.653 [FXGL Background Thread 3 ] DEBUG Engine               - credits: []
15:40:59.655 [FXGL Background Thread 3 ] DEBUG Engine               - defaultCursor: CursorInfo(imageName=fxgl_default_cursor.png, hotspotX=7.0, hotspotY=6.0)
15:40:59.655 [FXGL Background Thread 3 ] DEBUG Engine               - devBBoxColorProperty: ObjectProperty [value: 0xff0000ff]
15:40:59.655 [FXGL Background Thread 3 ] DEBUG Engine               - devEnableDebugCameraProperty: BooleanProperty [value: false]
15:40:59.655 [FXGL Background Thread 3 ] DEBUG Engine               - devSensorColorProperty: ObjectProperty [value: 0xffff00ff]
15:40:59.656 [FXGL Background Thread 3 ] DEBUG Engine               - devShowBBoxProperty: BooleanProperty [value: false]
15:40:59.656 [FXGL Background Thread 3 ] DEBUG Engine               - devShowPositionProperty: BooleanProperty [value: false]
15:40:59.656 [FXGL Background Thread 3 ] DEBUG Engine               - enabledMenuItems: []
15:40:59.656 [FXGL Background Thread 3 ] DEBUG Engine               - engineServices: [class com.almasb.fxgl.app.services.FXGLAssetLoaderService, class com.almasb.fxgl.app.FXGLApplication$GameApplicationService, class com.almasb.fxgl.app.services.FXGLDialogService, class com.almasb.fxgl.app.services.IOTaskExecutorService, class com.almasb.fxgl.io.FileSystemService, class com.almasb.fxgl.localization.LocalizationService, class com.almasb.fxgl.app.services.SystemBundleService, class com.almasb.fxgl.profile.SaveLoadService, class com.almasb.fxgl.ui.FXGLUIFactoryServiceProvider, class com.almasb.fxgl.ui.FXGLDialogFactoryServiceProvider, class com.almasb.fxgl.audio.AudioPlayer, class com.almasb.fxgl.notification.impl.NotificationServiceProvider, class com.almasb.fxgl.achievement.AchievementService, class com.almasb.fxgl.cutscene.CutsceneService, class com.almasb.fxgl.minigames.MiniGameService, class com.almasb.fxgl.net.NetService, class com.almasb.fxgl.app.services.UpdaterService, class com.almasb.fxgl.dev.DevService]
15:40:59.656 [FXGL Background Thread 3 ] DEBUG Engine               - fontGame: Abel-Regular.ttf
15:40:59.656 [FXGL Background Thread 3 ] DEBUG Engine               - fontMono: TerminalLandMono-Regular.otf
15:40:59.656 [FXGL Background Thread 3 ] DEBUG Engine               - fontText: Courier-Prime.ttf
15:40:59.656 [FXGL Background Thread 3 ] DEBUG Engine               - fontUI: VarelaRound-Regular.ttf
15:40:59.656 [FXGL Background Thread 3 ] DEBUG Engine               - fullScreen: BooleanProperty [value: false]
15:40:59.657 [FXGL Background Thread 3 ] DEBUG Engine               - gameDifficulty: MEDIUM
15:40:59.657 [FXGL Background Thread 3 ] DEBUG Engine               - gameDifficultyProperty: ObjectProperty [value: MEDIUM]
15:40:59.657 [FXGL Background Thread 3 ] DEBUG Engine               - globalMusicVolume: 0.5
15:40:59.657 [FXGL Background Thread 3 ] DEBUG Engine               - globalMusicVolumeProperty: DoubleProperty [value: 0.5]
15:40:59.657 [FXGL Background Thread 3 ] DEBUG Engine               - globalSoundVolume: 0.5
15:40:59.658 [FXGL Background Thread 3 ] DEBUG Engine               - globalSoundVolumeProperty: DoubleProperty [value: 0.5]
15:40:59.658 [FXGL Background Thread 3 ] DEBUG Engine               - height: 820
15:40:59.658 [FXGL Background Thread 3 ] DEBUG Engine               - is3D: false
15:40:59.658 [FXGL Background Thread 3 ] DEBUG Engine               - isAndroid: false
15:40:59.658 [FXGL Background Thread 3 ] DEBUG Engine               - isBrowser: false
15:40:59.658 [FXGL Background Thread 3 ] DEBUG Engine               - isClickFeedbackEnabled: false
15:40:59.658 [FXGL Background Thread 3 ] DEBUG Engine               - isCloseConfirmation: false
15:40:59.658 [FXGL Background Thread 3 ] DEBUG Engine               - isDesktop: true
15:40:59.658 [FXGL Background Thread 3 ] DEBUG Engine               - isDeveloperMenuEnabled: false
15:40:59.658 [FXGL Background Thread 3 ] DEBUG Engine               - isEmbedded: false
15:40:59.658 [FXGL Background Thread 3 ] DEBUG Engine               - isEntityPreloadEnabled: true
15:40:59.659 [FXGL Background Thread 3 ] DEBUG Engine               - isExperimentalTiledLargeMap: false
15:40:59.659 [FXGL Background Thread 3 ] DEBUG Engine               - isFileSystemWriteAllowed: true
15:40:59.659 [FXGL Background Thread 3 ] DEBUG Engine               - isFullScreenAllowed: false
15:40:59.659 [FXGL Background Thread 3 ] DEBUG Engine               - isFullScreenFromStart: false
15:40:59.659 [FXGL Background Thread 3 ] DEBUG Engine               - isGameMenuEnabled: false
15:40:59.659 [FXGL Background Thread 3 ] DEBUG Engine               - isIOS: false
15:40:59.659 [FXGL Background Thread 3 ] DEBUG Engine               - isIntroEnabled: false
15:40:59.659 [FXGL Background Thread 3 ] DEBUG Engine               - isLinux: false
15:40:59.659 [FXGL Background Thread 3 ] DEBUG Engine               - isMac: false
15:40:59.659 [FXGL Background Thread 3 ] DEBUG Engine               - isMainMenuEnabled: false
15:40:59.659 [FXGL Background Thread 3 ] DEBUG Engine               - isManualResizeEnabled: false
15:40:59.659 [FXGL Background Thread 3 ] DEBUG Engine               - isMobile: false
15:40:59.659 [FXGL Background Thread 3 ] DEBUG Engine               - isNative: false
15:40:59.659 [FXGL Background Thread 3 ] DEBUG Engine               - isPauseMusicWhenMinimized: true
15:40:59.660 [FXGL Background Thread 3 ] DEBUG Engine               - isPreserveResizeRatio: false
15:40:59.660 [FXGL Background Thread 3 ] DEBUG Engine               - isProfilingEnabled: false
15:40:59.660 [FXGL Background Thread 3 ] DEBUG Engine               - isScaleAffectedOnResize: true
15:40:59.660 [FXGL Background Thread 3 ] DEBUG Engine               - isSingleStep: false
15:40:59.660 [FXGL Background Thread 3 ] DEBUG Engine               - isUserProfileEnabled: false
15:40:59.660 [FXGL Background Thread 3 ] DEBUG Engine               - isWindows: true
15:40:59.661 [FXGL Background Thread 3 ] DEBUG Engine               - language: ObjectProperty [value: ENGLISH]
15:40:59.661 [FXGL Background Thread 3 ] DEBUG Engine               - menuKey: ESCAPE
15:40:59.661 [FXGL Background Thread 3 ] DEBUG Engine               - mouseSensitivity: 0.2
15:40:59.661 [FXGL Background Thread 3 ] DEBUG Engine               - notificationViewClass: class com.almasb.fxgl.notification.view.XboxNotificationView
15:40:59.661 [FXGL Background Thread 3 ] DEBUG Engine               - pixelsPerMeter: 50.0
15:40:59.661 [FXGL Background Thread 3 ] DEBUG Engine               - platform: WINDOWS
15:40:59.661 [FXGL Background Thread 3 ] DEBUG Engine               - prefHeightProperty: ReadOnlyDoubleProperty [value: 820.0]
15:40:59.662 [FXGL Background Thread 3 ] DEBUG Engine               - prefWidthProperty: ReadOnlyDoubleProperty [value: 1480.0]
15:40:59.662 [FXGL Background Thread 3 ] DEBUG Engine               - profileDir: profiles/
15:40:59.662 [FXGL Background Thread 3 ] DEBUG Engine               - profileName: StringProperty [value: DEFAULT]
15:40:59.662 [FXGL Background Thread 3 ] DEBUG Engine               - randomSeed: -1
15:40:59.662 [FXGL Background Thread 3 ] DEBUG Engine               - runtimeInfo: RuntimeInfo(platform=WINDOWS, version=17.2, build=20.08.2022 16.50)
15:40:59.662 [FXGL Background Thread 3 ] DEBUG Engine               - saveFileExt: sav
15:40:59.662 [FXGL Background Thread 3 ] DEBUG Engine               - scaledHeightProp$fxgl: DoubleProperty [bound, value: 797.0]
15:40:59.663 [FXGL Background Thread 3 ] DEBUG Engine               - scaledWidthProp$fxgl: DoubleProperty [bound, value: 1415.0]
15:40:59.663 [FXGL Background Thread 3 ] DEBUG Engine               - sceneFactory: com.almasb.fxgl.app.scene.SceneFactory@73eeeee3
15:40:59.663 [FXGL Background Thread 3 ] DEBUG Engine               - secondsIn24h: 60
15:40:59.663 [FXGL Background Thread 3 ] DEBUG Engine               - soundMenuBack: menu/back.wav
15:40:59.663 [FXGL Background Thread 3 ] DEBUG Engine               - soundMenuPress: menu/press.wav
15:40:59.663 [FXGL Background Thread 3 ] DEBUG Engine               - soundMenuSelect: menu/select.wav
15:40:59.663 [FXGL Background Thread 3 ] DEBUG Engine               - soundNotification: core/notification.wav
15:40:59.663 [FXGL Background Thread 3 ] DEBUG Engine               - stageStyle: DECORATED
15:40:59.663 [FXGL Background Thread 3 ] DEBUG Engine               - supportedLanguages: [ENGLISH, FRENCH, GERMAN, HUNGARIAN, RUSSIAN]
15:40:59.663 [FXGL Background Thread 3 ] DEBUG Engine               - ticksPerSecond: -1
15:40:59.663 [FXGL Background Thread 3 ] DEBUG Engine               - title: Untitled
15:40:59.663 [FXGL Background Thread 3 ] DEBUG Engine               - urlGithub: https://github.com/AlmasB/FXGL
15:40:59.663 [FXGL Background Thread 3 ] DEBUG Engine               - urlLeaderboard: http://fxgl-top.herokuapp.com/
15:40:59.663 [FXGL Background Thread 3 ] DEBUG Engine               - urlPOM: https://raw.githubusercontent.com/AlmasB/FXGL/release/README.md
15:40:59.663 [FXGL Background Thread 3 ] DEBUG Engine               - userAppClass: class edu.vanier.animals_revenge.MainApp
15:40:59.663 [FXGL Background Thread 3 ] DEBUG Engine               - version: 0.0
15:40:59.663 [FXGL Background Thread 3 ] DEBUG Engine               - versionCheckDays: 7
15:40:59.663 [FXGL Background Thread 3 ] DEBUG Engine               - width: 1480
15:40:59.663 [FXGL Background Thread 3 ] DEBUG Engine               - Logging services
15:40:59.663 [FXGL Background Thread 3 ] DEBUG Engine               - class com.almasb.fxgl.app.services.FXGLAssetLoaderService
15:40:59.663 [FXGL Background Thread 3 ] DEBUG Engine               - class com.almasb.fxgl.app.FXGLApplication$GameApplicationService
15:40:59.664 [FXGL Background Thread 3 ] DEBUG Engine               - class com.almasb.fxgl.app.services.FXGLDialogService
15:40:59.664 [FXGL Background Thread 3 ] DEBUG Engine               - class com.almasb.fxgl.app.services.IOTaskExecutorService
15:40:59.664 [FXGL Background Thread 3 ] DEBUG Engine               - class com.almasb.fxgl.io.FileSystemService
15:40:59.664 [FXGL Background Thread 3 ] DEBUG Engine               - class com.almasb.fxgl.localization.LocalizationService
15:40:59.664 [FXGL Background Thread 3 ] DEBUG Engine               - class com.almasb.fxgl.app.services.SystemBundleService
15:40:59.664 [FXGL Background Thread 3 ] DEBUG Engine               - class com.almasb.fxgl.profile.SaveLoadService
15:40:59.664 [FXGL Background Thread 3 ] DEBUG Engine               - class com.almasb.fxgl.ui.FXGLUIFactoryServiceProvider
15:40:59.664 [FXGL Background Thread 3 ] DEBUG Engine               - class com.almasb.fxgl.ui.FXGLDialogFactoryServiceProvider
15:40:59.664 [FXGL Background Thread 3 ] DEBUG Engine               - class com.almasb.fxgl.audio.AudioPlayer
15:40:59.664 [FXGL Background Thread 3 ] DEBUG Engine               - class com.almasb.fxgl.notification.impl.NotificationServiceProvider
15:40:59.664 [FXGL Background Thread 3 ] DEBUG Engine               - class com.almasb.fxgl.achievement.AchievementService
15:40:59.664 [FXGL Background Thread 3 ] DEBUG Engine               - class com.almasb.fxgl.cutscene.CutsceneService
15:40:59.664 [FXGL Background Thread 3 ] DEBUG Engine               - class com.almasb.fxgl.minigames.MiniGameService
15:40:59.664 [FXGL Background Thread 3 ] DEBUG Engine               - class com.almasb.fxgl.net.NetService
15:40:59.664 [FXGL Background Thread 3 ] DEBUG Engine               - class com.almasb.fxgl.app.services.UpdaterService
15:40:59.664 [FXGL Background Thread 3 ] DEBUG Engine               - class com.almasb.fxgl.dev.DevService
15:41:00.582 [JavaFX Application Thread] DEBUG FXGLAssetLoaderServi - Loading from file system: file:/C:/Users/macke/OneDrive/Documents/School/Semester%203/Programming%20in%20a%20Graphical%20User%20Interface/Homework/animals-revenge/build/resources/main/assets/ui/Simulator.fxml
15:41:00.758 [JavaFX Application Thread] DEBUG FXGLAssetLoaderServi - Loading from file system: file:/C:/Users/macke/OneDrive/Documents/School/Semester%203/Programming%20in%20a%20Graphical%20User%20Interface/Homework/animals-revenge/build/resources/main/assets/textures/cannon.png
15:41:00.764 [JavaFX Application Thread] DEBUG FXGLAssetLoaderServi - Loading from file system: file:/C:/Users/macke/OneDrive/Documents/School/Semester%203/Programming%20in%20a%20Graphical%20User%20Interface/Homework/animals-revenge/build/resources/main/assets/textures/brick32x32.png
15:41:04.152 [JavaFX Application Thread] DEBUG FXGLAssetLoaderServi - Loading from file system: file:/C:/Users/macke/OneDrive/Documents/School/Semester%203/Programming%20in%20a%20Graphical%20User%20Interface/Homework/animals-revenge/build/resources/main/assets/ui/Home.fxml
15:41:05.322 [JavaFX Application Thread] DEBUG FXGLAssetLoaderServi - Loading from file system: file:/C:/Users/macke/OneDrive/Documents/School/Semester%203/Programming%20in%20a%20Graphical%20User%20Interface/Homework/animals-revenge/build/resources/main/assets/ui/CustomProjectile.fxml
15:41:23.023 [JavaFX Application Thread] DEBUG FXGLApplication      - Exiting FXGL
15:41:23.025 [JavaFX Application Thread] DEBUG LoopRunner           - Stopping loop
15:41:23.025 [JavaFX Application Thread] DEBUG SystemBundleService  - Saving FXGL system data
15:41:23.028 [JavaFX Application Thread] DEBUG FileSystemAccess     - Writing to: C:\Users\macke\OneDrive\Documents\School\Semester 3\Programming in a Graphical User Interface\Homework\animals-revenge\system\fxgl.bundle
15:41:23.029 [JavaFX Application Thread] DEBUG Async                - Shutting down background threads
15:41:23.036 [JavaFX Application Thread] DEBUG PrimaryStageWindow   - Closing main window
15:41:23.106 [JavaFX Application Thread] DEBUG Logger               - Closing Logger
