15:35:25.151 [main                     ] DEBUG Logger               - Configured Logger
15:35:25.161 [main                     ] DEBUG GameApplication      - Logging settings
Title: Untitled
Version: 0.0
Width: 1480
Height: 820
Fullscreen: false
Intro: false
Profiling: false
Single step:false
App Mode: DEVELOPER
Menu Key: ESCAPE
Stage Style: DECORATED
Scene Factory: class com.almasb.fxgl.app.scene.SceneFactory

15:35:25.403 [JavaFX Application Thread] DEBUG FXGLApplication      - Initializing FXGL
15:35:25.407 [JavaFX Application Thread] INFO  Engine               - FXGL-17.2 (20.08.2022 16.50) on WINDOWS (J:18.0.2.1 FX:20.0.2)
15:35:25.407 [JavaFX Application Thread] DEBUG Engine               - JRE Vendor Name: Oracle Corporation
15:35:25.408 [JavaFX Application Thread] DEBUG Engine               - Running on OS: Windows 11 version 10.0
15:35:25.408 [JavaFX Application Thread] DEBUG Engine               - Architecture: amd64
15:35:25.409 [JavaFX Application Thread] INFO  Engine               - Source code and latest versions at: https://github.com/AlmasB/FXGL
15:35:25.409 [JavaFX Application Thread] INFO  Engine               -       Ask questions and discuss at: https://github.com/AlmasB/FXGL/discussions
15:35:25.409 [JavaFX Application Thread] INFO  Engine               -              Join the FXGL chat at: https://gitter.im/AlmasB/FXGL
15:35:25.462 [JavaFX Application Thread] DEBUG PrimaryStageWindow   - Creating a JavaFX scene
15:35:25.463 [JavaFX Application Thread] DEBUG PrimaryStageWindow   - Target size > screen size
15:35:25.494 [JavaFX Application Thread] DEBUG PrimaryStageWindow   - Target settings size: 1480.0 x 820.0
15:35:25.495 [JavaFX Application Thread] DEBUG PrimaryStageWindow   - Scaled scene size:    1415.0 x 797.0
15:35:25.495 [JavaFX Application Thread] DEBUG PrimaryStageWindow   - Scaled ratio: (0.956081081081081, 0.9719512195121951)
15:35:25.496 [JavaFX Application Thread] DEBUG PrimaryStageWindow   - Set initial scene to FXGLStartupScene
15:35:25.498 [JavaFX Application Thread] DEBUG PrimaryStageWindow   - Opening main window
15:35:25.556 [JavaFX Application Thread] DEBUG PrimaryStageWindow   - Window border size: (13.0, 35.5)
15:35:25.558 [JavaFX Application Thread] DEBUG PrimaryStageWindow   - Scaled size: 1415.0 x 797.0
15:35:25.558 [JavaFX Application Thread] DEBUG PrimaryStageWindow   - Scaled ratio: (0.956081081081081, 0.9719512195121951)
15:35:25.558 [JavaFX Application Thread] DEBUG PrimaryStageWindow   - Scene size: 1415.0 x 797.0
15:35:25.558 [JavaFX Application Thread] DEBUG PrimaryStageWindow   - Stage size: 1428.0 x 832.5
15:35:25.563 [FXGL Background Thread 1 ] DEBUG Engine               - Initializing environment variables
15:35:25.596 [FXGL Background Thread 1 ] DEBUG FXGLAssetLoaderServi - User app class for loading assets: class edu.vanier.animals_revenge.MainApp
15:35:25.596 [FXGL Background Thread 1 ] DEBUG GameApplicationServi - Applying CSS: fxgl_dark.css
15:35:25.598 [FXGL Background Thread 1 ] DEBUG FXGLAssetLoaderServi - Loading from file system: jar:file:/C:/Users/macke/.gradle/caches/modules-2/files-2.1/com.github.almasb/fxgl/17.2/35db6ae960eec2dcfd19262d3b7f9c42f0e95bc3/fxgl-17.2.jar!/fxglassets/ui/css/fxgl_dark.css
15:35:25.628 [FXGL Background Thread 1 ] DEBUG GameApplicationServi - Initializing application scenes
15:35:25.661 [FXGL Background Thread 1 ] DEBUG GameWorld            - Game world initialized
15:35:25.709 [FXGL Background Thread 1 ] DEBUG PhysicsWorld         - Physics world initialized: appHeight=820, physics.ppm=50.0
15:35:25.710 [FXGL Background Thread 1 ] DEBUG PhysicsWorld         - Using strategy: BRUTE_FORCE
15:35:25.713 [FXGL Background Thread 1 ] DEBUG GameScene            - Game scene initialized: 1480x820
15:35:25.714 [FXGL Background Thread 1 ] DEBUG GameApplicationServi - Application scenes initialized
15:35:25.729 [FXGL Background Thread 1 ] DEBUG SystemBundleService  - Loading FXGL system data
15:35:25.734 [FXGL Background Thread 1 ] DEBUG FileSystemAccess     - Reading from: C:\Users\macke\OneDrive\Documents\School\Semester 3\Programming in a Graphical User Interface\Homework\animals-revenge\system\fxgl.bundle
15:35:25.742 [FXGL Background Thread 1 ] DEBUG SystemBundleService  - Bundle FXGL: {}
15:35:25.743 [FXGL Background Thread 1 ] DEBUG UpdaterService       - Checking for updates
15:35:25.749 [FXGL Background Thread 4 ] DEBUG FXGLApplication      - Loading fonts
15:35:25.749 [FXGL Background Thread 1 ] DEBUG FXGLApplication      - Loading default localization
15:35:25.750 [FXGL Background Thread 4 ] DEBUG FXGLAssetLoaderServi - Loading from file system: jar:file:/C:/Users/macke/.gradle/caches/modules-2/files-2.1/com.github.almasb/fxgl/17.2/35db6ae960eec2dcfd19262d3b7f9c42f0e95bc3/fxgl-17.2.jar!/fxglassets/ui/fonts/VarelaRound-Regular.ttf
15:35:25.750 [FXGL Background Thread 1 ] DEBUG FXGLAssetLoaderServi - Loading from file system: jar:file:/C:/Users/macke/.gradle/caches/modules-2/files-2.1/com.github.almasb/fxgl/17.2/35db6ae960eec2dcfd19262d3b7f9c42f0e95bc3/fxgl-17.2.jar!/fxglassets/languages/english.lang
15:35:25.769 [FXGL Background Thread 1 ] INFO  FXGLApplication      - FXGL initialization took: 0.206 sec
15:35:25.773 [JavaFX Application Thread] DEBUG Input                - Registered new binding: Launch - RMB
15:35:25.774 [JavaFX Application Thread] DEBUG Input                - Registered new binding: Create - LMB
15:35:25.774 [JavaFX Application Thread] DEBUG Input                - Registered new binding: Drag - CTRL+LMB
15:35:25.774 [JavaFX Application Thread] DEBUG FXGLAssetLoaderServi - Loading from file system: jar:file:/C:/Users/macke/.gradle/caches/modules-2/files-2.1/com.github.almasb/fxgl/17.2/35db6ae960eec2dcfd19262d3b7f9c42f0e95bc3/fxgl-17.2.jar!/fxglassets/textures/fxgl_icon.png
15:35:25.806 [JavaFX Application Thread] DEBUG FXGLAssetLoaderServi - Loading from file system: jar:file:/C:/Users/macke/.gradle/caches/modules-2/files-2.1/com.github.almasb/fxgl/17.2/35db6ae960eec2dcfd19262d3b7f9c42f0e95bc3/fxgl-17.2.jar!/fxglassets/textures/fxgl_default_cursor.png
15:35:25.807 [FXGL Background Thread 4 ] DEBUG FXGLAssetLoaderServi - Loading from file system: jar:file:/C:/Users/macke/.gradle/caches/modules-2/files-2.1/com.github.almasb/fxgl/17.2/35db6ae960eec2dcfd19262d3b7f9c42f0e95bc3/fxgl-17.2.jar!/fxglassets/ui/fonts/Abel-Regular.ttf
15:35:25.810 [FXGL Background Thread 4 ] DEBUG FXGLAssetLoaderServi - Loading from file system: jar:file:/C:/Users/macke/.gradle/caches/modules-2/files-2.1/com.github.almasb/fxgl/17.2/35db6ae960eec2dcfd19262d3b7f9c42f0e95bc3/fxgl-17.2.jar!/fxglassets/ui/fonts/TerminalLandMono-Regular.otf
15:35:25.813 [JavaFX Application Thread] DEBUG Input                - Registered new binding: Screenshot - CTRL+8
15:35:25.813 [JavaFX Application Thread] DEBUG Input                - Registered new binding: System info dump - CTRL+9
15:35:25.813 [FXGL Background Thread 4 ] DEBUG FXGLAssetLoaderServi - Loading from file system: jar:file:/C:/Users/macke/.gradle/caches/modules-2/files-2.1/com.github.almasb/fxgl/17.2/35db6ae960eec2dcfd19262d3b7f9c42f0e95bc3/fxgl-17.2.jar!/fxglassets/ui/fonts/Courier-Prime.ttf
15:35:25.814 [JavaFX Application Thread] DEBUG Input                - Registered new binding: Restart - CTRL+R
15:35:25.815 [JavaFX Application Thread] DEBUG Input                - Registered new binding: Toggle Debug Camera - CTRL+7
15:35:25.817 [JavaFX Application Thread] DEBUG LoopRunner           - Starting loop
15:35:25.817 [JavaFX Application Thread] DEBUG LoopRunner           - Initializing JavaFX AnimationTimerLoop
15:35:25.818 [JavaFX Application Thread] DEBUG GameApplicationServi - Starting new game
15:35:25.818 [JavaFX Application Thread] DEBUG Input                - Clearing active input actions
15:35:25.831 [JavaFX Application Thread] DEBUG GameApplicationServi - Removing overlay from FXGLStartupScene and adding to FXGLLoadingScene
15:35:25.831 [JavaFX Application Thread] DEBUG PrimaryStageWindow   - FXGLStartupScene -> FXGLLoadingScene
15:35:25.831 [JavaFX Application Thread] DEBUG GameApplicationServi - Clearing previous game
15:35:25.831 [JavaFX Application Thread] DEBUG GameScene            - Clearing game scene
15:35:25.831 [JavaFX Application Thread] DEBUG GameWorld            - Clearing game world
15:35:25.831 [JavaFX Application Thread] DEBUG PhysicsWorld         - Clearing physics world
15:35:25.834 [FXGL Background Thread 4 ] DEBUG FXGLApplication      - Initializing game
15:35:25.834 [JavaFX Application Thread] DEBUG FXGLApplication      - Registering font factories with UI factory
15:35:25.867 [FXGL Background Thread 4 ] DEBUG FXGLAssetLoaderServi - Loading from file system: file:/C:/Users/macke/OneDrive/Documents/School/Semester%203/Programming%20in%20a%20Graphical%20User%20Interface/Homework/animals-revenge/build/resources/main/assets/ui/Home.fxml
15:35:26.069 [FXGL Background Thread 2 ] INFO  UpdaterService       - Your current version:  17.2
15:35:26.070 [FXGL Background Thread 2 ] INFO  UpdaterService       - Latest stable version: 17.3
15:35:26.126 [FXGL Background Thread 4 ] INFO  FXGLApplication      - Game initialization took: 0.292 sec
15:35:26.126 [JavaFX Application Thread] DEBUG Input                - Clearing active input actions
15:35:26.134 [JavaFX Application Thread] DEBUG GameApplicationServi - Removing overlay from FXGLLoadingScene and adding to GameScene
15:35:26.134 [JavaFX Application Thread] DEBUG PrimaryStageWindow   - FXGLLoadingScene -> GameScene
15:35:26.936 [JavaFX Application Thread] DEBUG FXGLAssetLoaderServi - Loading from file system: file:/C:/Users/macke/OneDrive/Documents/School/Semester%203/Programming%20in%20a%20Graphical%20User%20Interface/Homework/animals-revenge/build/resources/main/assets/ui/CustomProjectile.fxml
15:35:28.747 [FXGL Background Thread 3 ] DEBUG Engine               - Logging environment variables
15:35:28.747 [FXGL Background Thread 3 ] DEBUG Engine               - achievements: []
15:35:28.748 [FXGL Background Thread 3 ] DEBUG Engine               - actualHeight: 797.0
15:35:28.748 [FXGL Background Thread 3 ] DEBUG Engine               - actualHeightProperty: ReadOnlyDoubleProperty [value: 797.0]
15:35:28.749 [FXGL Background Thread 3 ] DEBUG Engine               - actualWidth: 1415.0
15:35:28.749 [FXGL Background Thread 3 ] DEBUG Engine               - actualWidthProperty: ReadOnlyDoubleProperty [value: 1415.0]
15:35:28.749 [FXGL Background Thread 3 ] DEBUG Engine               - appIcon: fxgl_icon.png
15:35:28.749 [FXGL Background Thread 3 ] DEBUG Engine               - applicationMode: DEVELOPER
15:35:28.749 [FXGL Background Thread 3 ] DEBUG Engine               - cSSList: [fxgl_dark.css]
15:35:28.749 [FXGL Background Thread 3 ] DEBUG Engine               - collisionDetectionStrategy: BRUTE_FORCE
15:35:28.749 [FXGL Background Thread 3 ] DEBUG Engine               - configClass: Optional.empty
15:35:28.750 [FXGL Background Thread 3 ] DEBUG Engine               - credits: []
15:35:28.750 [FXGL Background Thread 3 ] DEBUG Engine               - defaultCursor: CursorInfo(imageName=fxgl_default_cursor.png, hotspotX=7.0, hotspotY=6.0)
15:35:28.750 [FXGL Background Thread 3 ] DEBUG Engine               - devBBoxColorProperty: ObjectProperty [value: 0xff0000ff]
15:35:28.750 [FXGL Background Thread 3 ] DEBUG Engine               - devEnableDebugCameraProperty: BooleanProperty [value: false]
15:35:28.750 [FXGL Background Thread 3 ] DEBUG Engine               - devSensorColorProperty: ObjectProperty [value: 0xffff00ff]
15:35:28.750 [FXGL Background Thread 3 ] DEBUG Engine               - devShowBBoxProperty: BooleanProperty [value: false]
15:35:28.750 [FXGL Background Thread 3 ] DEBUG Engine               - devShowPositionProperty: BooleanProperty [value: false]
15:35:28.750 [FXGL Background Thread 3 ] DEBUG Engine               - enabledMenuItems: []
15:35:28.750 [FXGL Background Thread 3 ] DEBUG Engine               - engineServices: [class com.almasb.fxgl.app.services.FXGLAssetLoaderService, class com.almasb.fxgl.app.FXGLApplication$GameApplicationService, class com.almasb.fxgl.app.services.FXGLDialogService, class com.almasb.fxgl.app.services.IOTaskExecutorService, class com.almasb.fxgl.io.FileSystemService, class com.almasb.fxgl.localization.LocalizationService, class com.almasb.fxgl.app.services.SystemBundleService, class com.almasb.fxgl.profile.SaveLoadService, class com.almasb.fxgl.ui.FXGLUIFactoryServiceProvider, class com.almasb.fxgl.ui.FXGLDialogFactoryServiceProvider, class com.almasb.fxgl.audio.AudioPlayer, class com.almasb.fxgl.notification.impl.NotificationServiceProvider, class com.almasb.fxgl.achievement.AchievementService, class com.almasb.fxgl.cutscene.CutsceneService, class com.almasb.fxgl.minigames.MiniGameService, class com.almasb.fxgl.net.NetService, class com.almasb.fxgl.app.services.UpdaterService, class com.almasb.fxgl.dev.DevService]
15:35:28.750 [FXGL Background Thread 3 ] DEBUG Engine               - fontGame: Abel-Regular.ttf
15:35:28.750 [FXGL Background Thread 3 ] DEBUG Engine               - fontMono: TerminalLandMono-Regular.otf
15:35:28.750 [FXGL Background Thread 3 ] DEBUG Engine               - fontText: Courier-Prime.ttf
15:35:28.751 [FXGL Background Thread 3 ] DEBUG Engine               - fontUI: VarelaRound-Regular.ttf
15:35:28.751 [FXGL Background Thread 3 ] DEBUG Engine               - fullScreen: BooleanProperty [value: false]
15:35:28.751 [FXGL Background Thread 3 ] DEBUG Engine               - gameDifficulty: MEDIUM
15:35:28.751 [FXGL Background Thread 3 ] DEBUG Engine               - gameDifficultyProperty: ObjectProperty [value: MEDIUM]
15:35:28.751 [FXGL Background Thread 3 ] DEBUG Engine               - globalMusicVolume: 0.5
15:35:28.751 [FXGL Background Thread 3 ] DEBUG Engine               - globalMusicVolumeProperty: DoubleProperty [value: 0.5]
15:35:28.751 [FXGL Background Thread 3 ] DEBUG Engine               - globalSoundVolume: 0.5
15:35:28.751 [FXGL Background Thread 3 ] DEBUG Engine               - globalSoundVolumeProperty: DoubleProperty [value: 0.5]
15:35:28.751 [FXGL Background Thread 3 ] DEBUG Engine               - height: 820
15:35:28.751 [FXGL Background Thread 3 ] DEBUG Engine               - is3D: false
15:35:28.751 [FXGL Background Thread 3 ] DEBUG Engine               - isAndroid: false
15:35:28.751 [FXGL Background Thread 3 ] DEBUG Engine               - isBrowser: false
15:35:28.751 [FXGL Background Thread 3 ] DEBUG Engine               - isClickFeedbackEnabled: false
15:35:28.751 [FXGL Background Thread 3 ] DEBUG Engine               - isCloseConfirmation: false
15:35:28.751 [FXGL Background Thread 3 ] DEBUG Engine               - isDesktop: true
15:35:28.751 [FXGL Background Thread 3 ] DEBUG Engine               - isDeveloperMenuEnabled: false
15:35:28.751 [FXGL Background Thread 3 ] DEBUG Engine               - isEmbedded: false
15:35:28.751 [FXGL Background Thread 3 ] DEBUG Engine               - isEntityPreloadEnabled: true
15:35:28.751 [FXGL Background Thread 3 ] DEBUG Engine               - isExperimentalTiledLargeMap: false
15:35:28.751 [FXGL Background Thread 3 ] DEBUG Engine               - isFileSystemWriteAllowed: true
15:35:28.751 [FXGL Background Thread 3 ] DEBUG Engine               - isFullScreenAllowed: false
15:35:28.751 [FXGL Background Thread 3 ] DEBUG Engine               - isFullScreenFromStart: false
15:35:28.752 [FXGL Background Thread 3 ] DEBUG Engine               - isGameMenuEnabled: false
15:35:28.752 [FXGL Background Thread 3 ] DEBUG Engine               - isIOS: false
15:35:28.752 [FXGL Background Thread 3 ] DEBUG Engine               - isIntroEnabled: false
15:35:28.752 [FXGL Background Thread 3 ] DEBUG Engine               - isLinux: false
15:35:28.752 [FXGL Background Thread 3 ] DEBUG Engine               - isMac: false
15:35:28.752 [FXGL Background Thread 3 ] DEBUG Engine               - isMainMenuEnabled: false
15:35:28.752 [FXGL Background Thread 3 ] DEBUG Engine               - isManualResizeEnabled: false
15:35:28.752 [FXGL Background Thread 3 ] DEBUG Engine               - isMobile: false
15:35:28.752 [FXGL Background Thread 3 ] DEBUG Engine               - isNative: false
15:35:28.752 [FXGL Background Thread 3 ] DEBUG Engine               - isPauseMusicWhenMinimized: true
15:35:28.753 [FXGL Background Thread 3 ] DEBUG Engine               - isPreserveResizeRatio: false
15:35:28.753 [FXGL Background Thread 3 ] DEBUG Engine               - isProfilingEnabled: false
15:35:28.753 [FXGL Background Thread 3 ] DEBUG Engine               - isScaleAffectedOnResize: true
15:35:28.753 [FXGL Background Thread 3 ] DEBUG Engine               - isSingleStep: false
15:35:28.753 [FXGL Background Thread 3 ] DEBUG Engine               - isUserProfileEnabled: false
15:35:28.753 [FXGL Background Thread 3 ] DEBUG Engine               - isWindows: true
15:35:28.753 [FXGL Background Thread 3 ] DEBUG Engine               - language: ObjectProperty [value: ENGLISH]
15:35:28.753 [FXGL Background Thread 3 ] DEBUG Engine               - menuKey: ESCAPE
15:35:28.753 [FXGL Background Thread 3 ] DEBUG Engine               - mouseSensitivity: 0.2
15:35:28.753 [FXGL Background Thread 3 ] DEBUG Engine               - notificationViewClass: class com.almasb.fxgl.notification.view.XboxNotificationView
15:35:28.753 [FXGL Background Thread 3 ] DEBUG Engine               - pixelsPerMeter: 50.0
15:35:28.753 [FXGL Background Thread 3 ] DEBUG Engine               - platform: WINDOWS
15:35:28.754 [FXGL Background Thread 3 ] DEBUG Engine               - prefHeightProperty: ReadOnlyDoubleProperty [value: 820.0]
15:35:28.754 [FXGL Background Thread 3 ] DEBUG Engine               - prefWidthProperty: ReadOnlyDoubleProperty [value: 1480.0]
15:35:28.754 [FXGL Background Thread 3 ] DEBUG Engine               - profileDir: profiles/
15:35:28.754 [FXGL Background Thread 3 ] DEBUG Engine               - profileName: StringProperty [value: DEFAULT]
15:35:28.754 [FXGL Background Thread 3 ] DEBUG Engine               - randomSeed: -1
15:35:28.754 [FXGL Background Thread 3 ] DEBUG Engine               - runtimeInfo: RuntimeInfo(platform=WINDOWS, version=17.2, build=20.08.2022 16.50)
15:35:28.754 [FXGL Background Thread 3 ] DEBUG Engine               - saveFileExt: sav
15:35:28.754 [FXGL Background Thread 3 ] DEBUG Engine               - scaledHeightProp$fxgl: DoubleProperty [bound, value: 797.0]
15:35:28.754 [FXGL Background Thread 3 ] DEBUG Engine               - scaledWidthProp$fxgl: DoubleProperty [bound, value: 1415.0]
15:35:28.754 [FXGL Background Thread 3 ] DEBUG Engine               - sceneFactory: com.almasb.fxgl.app.scene.SceneFactory@63433986
15:35:28.754 [FXGL Background Thread 3 ] DEBUG Engine               - secondsIn24h: 60
15:35:28.754 [FXGL Background Thread 3 ] DEBUG Engine               - soundMenuBack: menu/back.wav
15:35:28.754 [FXGL Background Thread 3 ] DEBUG Engine               - soundMenuPress: menu/press.wav
15:35:28.754 [FXGL Background Thread 3 ] DEBUG Engine               - soundMenuSelect: menu/select.wav
15:35:28.754 [FXGL Background Thread 3 ] DEBUG Engine               - soundNotification: core/notification.wav
15:35:28.754 [FXGL Background Thread 3 ] DEBUG Engine               - stageStyle: DECORATED
15:35:28.754 [FXGL Background Thread 3 ] DEBUG Engine               - supportedLanguages: [ENGLISH, FRENCH, GERMAN, HUNGARIAN, RUSSIAN]
15:35:28.754 [FXGL Background Thread 3 ] DEBUG Engine               - ticksPerSecond: -1
15:35:28.754 [FXGL Background Thread 3 ] DEBUG Engine               - title: Untitled
15:35:28.754 [FXGL Background Thread 3 ] DEBUG Engine               - urlGithub: https://github.com/AlmasB/FXGL
15:35:28.754 [FXGL Background Thread 3 ] DEBUG Engine               - urlLeaderboard: http://fxgl-top.herokuapp.com/
15:35:28.754 [FXGL Background Thread 3 ] DEBUG Engine               - urlPOM: https://raw.githubusercontent.com/AlmasB/FXGL/release/README.md
15:35:28.754 [FXGL Background Thread 3 ] DEBUG Engine               - userAppClass: class edu.vanier.animals_revenge.MainApp
15:35:28.754 [FXGL Background Thread 3 ] DEBUG Engine               - version: 0.0
15:35:28.754 [FXGL Background Thread 3 ] DEBUG Engine               - versionCheckDays: 7
15:35:28.754 [FXGL Background Thread 3 ] DEBUG Engine               - width: 1480
15:35:28.755 [FXGL Background Thread 3 ] DEBUG Engine               - Logging services
15:35:28.755 [FXGL Background Thread 3 ] DEBUG Engine               - class com.almasb.fxgl.app.services.FXGLAssetLoaderService
15:35:28.755 [FXGL Background Thread 3 ] DEBUG Engine               - class com.almasb.fxgl.app.FXGLApplication$GameApplicationService
15:35:28.755 [FXGL Background Thread 3 ] DEBUG Engine               - class com.almasb.fxgl.app.services.FXGLDialogService
15:35:28.755 [FXGL Background Thread 3 ] DEBUG Engine               - class com.almasb.fxgl.app.services.IOTaskExecutorService
15:35:28.755 [FXGL Background Thread 3 ] DEBUG Engine               - class com.almasb.fxgl.io.FileSystemService
15:35:28.755 [FXGL Background Thread 3 ] DEBUG Engine               - class com.almasb.fxgl.localization.LocalizationService
15:35:28.755 [FXGL Background Thread 3 ] DEBUG Engine               - class com.almasb.fxgl.app.services.SystemBundleService
15:35:28.755 [FXGL Background Thread 3 ] DEBUG Engine               - class com.almasb.fxgl.profile.SaveLoadService
15:35:28.755 [FXGL Background Thread 3 ] DEBUG Engine               - class com.almasb.fxgl.ui.FXGLUIFactoryServiceProvider
15:35:28.755 [FXGL Background Thread 3 ] DEBUG Engine               - class com.almasb.fxgl.ui.FXGLDialogFactoryServiceProvider
15:35:28.755 [FXGL Background Thread 3 ] DEBUG Engine               - class com.almasb.fxgl.audio.AudioPlayer
15:35:28.755 [FXGL Background Thread 3 ] DEBUG Engine               - class com.almasb.fxgl.notification.impl.NotificationServiceProvider
15:35:28.755 [FXGL Background Thread 3 ] DEBUG Engine               - class com.almasb.fxgl.achievement.AchievementService
15:35:28.755 [FXGL Background Thread 3 ] DEBUG Engine               - class com.almasb.fxgl.cutscene.CutsceneService
15:35:28.755 [FXGL Background Thread 3 ] DEBUG Engine               - class com.almasb.fxgl.minigames.MiniGameService
15:35:28.755 [FXGL Background Thread 3 ] DEBUG Engine               - class com.almasb.fxgl.net.NetService
15:35:28.755 [FXGL Background Thread 3 ] DEBUG Engine               - class com.almasb.fxgl.app.services.UpdaterService
15:35:28.755 [FXGL Background Thread 3 ] DEBUG Engine               - class com.almasb.fxgl.dev.DevService
15:35:29.602 [JavaFX Application Thread] DEBUG FXGLApplication      - Exiting FXGL
15:35:29.602 [JavaFX Application Thread] DEBUG LoopRunner           - Stopping loop
15:35:29.602 [JavaFX Application Thread] DEBUG SystemBundleService  - Saving FXGL system data
15:35:29.604 [JavaFX Application Thread] DEBUG FileSystemAccess     - Writing to: C:\Users\macke\OneDrive\Documents\School\Semester 3\Programming in a Graphical User Interface\Homework\animals-revenge\system\fxgl.bundle
15:35:29.605 [JavaFX Application Thread] DEBUG Async                - Shutting down background threads
15:35:29.605 [JavaFX Application Thread] DEBUG PrimaryStageWindow   - Closing main window
15:35:29.623 [JavaFX Application Thread] DEBUG Logger               - Closing Logger
