22:54:46.540 [main                     ] DEBUG Logger               - Configured Logger
22:54:46.549 [main                     ] DEBUG GameApplication      - Logging settings
Title: Untitled
Version: 0.0
Width: 1480
Height: 820
Fullscreen: false
Intro: false
Profiling: false
Single step:false
App Mode: DEVELOPER
Menu Key: ESCAPE
Stage Style: DECORATED
Scene Factory: class com.almasb.fxgl.app.scene.SceneFactory

22:54:46.751 [JavaFX Application Thread] DEBUG FXGLApplication      - Initializing FXGL
22:54:46.754 [JavaFX Application Thread] INFO  Engine               - FXGL-17.2 (20.08.2022 16.50) on WINDOWS (J:18.0.2.1 FX:20.0.2)
22:54:46.755 [JavaFX Application Thread] DEBUG Engine               - JRE Vendor Name: Oracle Corporation
22:54:46.755 [JavaFX Application Thread] DEBUG Engine               - Running on OS: Windows 11 version 10.0
22:54:46.755 [JavaFX Application Thread] DEBUG Engine               - Architecture: amd64
22:54:46.755 [JavaFX Application Thread] INFO  Engine               - Source code and latest versions at: https://github.com/AlmasB/FXGL
22:54:46.755 [JavaFX Application Thread] INFO  Engine               -       Ask questions and discuss at: https://github.com/AlmasB/FXGL/discussions
22:54:46.755 [JavaFX Application Thread] INFO  Engine               -              Join the FXGL chat at: https://gitter.im/AlmasB/FXGL
22:54:46.815 [JavaFX Application Thread] DEBUG PrimaryStageWindow   - Creating a JavaFX scene
22:54:46.842 [JavaFX Application Thread] DEBUG PrimaryStageWindow   - Target settings size: 1480.0 x 820.0
22:54:46.843 [JavaFX Application Thread] DEBUG PrimaryStageWindow   - Scaled scene size:    1480.0 x 820.0
22:54:46.843 [JavaFX Application Thread] DEBUG PrimaryStageWindow   - Scaled ratio: (1.0, 1.0)
22:54:46.844 [JavaFX Application Thread] DEBUG PrimaryStageWindow   - Set initial scene to FXGLStartupScene
22:54:46.847 [JavaFX Application Thread] DEBUG PrimaryStageWindow   - Opening main window
22:54:46.901 [JavaFX Application Thread] DEBUG PrimaryStageWindow   - Window border size: (16.0, 39.0)
22:54:46.901 [JavaFX Application Thread] DEBUG PrimaryStageWindow   - Scaled size: 1480.0 x 820.0
22:54:46.901 [JavaFX Application Thread] DEBUG PrimaryStageWindow   - Scaled ratio: (1.0, 1.0)
22:54:46.901 [JavaFX Application Thread] DEBUG PrimaryStageWindow   - Scene size: 1480.0 x 820.0
22:54:46.901 [JavaFX Application Thread] DEBUG PrimaryStageWindow   - Stage size: 1496.0 x 859.0
22:54:46.905 [FXGL Background Thread 1 ] DEBUG Engine               - Initializing environment variables
22:54:46.928 [FXGL Background Thread 1 ] DEBUG FXGLAssetLoaderServi - User app class for loading assets: class edu.vanier.animals_revenge.MainApp
22:54:46.928 [FXGL Background Thread 1 ] DEBUG GameApplicationServi - Applying CSS: fxgl_dark.css
22:54:46.929 [FXGL Background Thread 1 ] DEBUG FXGLAssetLoaderServi - Loading from file system: jar:file:/C:/Users/ethan/.gradle/caches/modules-2/files-2.1/com.github.almasb/fxgl/17.2/35db6ae960eec2dcfd19262d3b7f9c42f0e95bc3/fxgl-17.2.jar!/fxglassets/ui/css/fxgl_dark.css
22:54:46.952 [FXGL Background Thread 1 ] DEBUG GameApplicationServi - Initializing application scenes
22:54:46.969 [FXGL Background Thread 1 ] DEBUG GameWorld            - Game world initialized
22:54:47.008 [FXGL Background Thread 1 ] DEBUG PhysicsWorld         - Physics world initialized: appHeight=820, physics.ppm=50.0
22:54:47.008 [FXGL Background Thread 1 ] DEBUG PhysicsWorld         - Using strategy: BRUTE_FORCE
22:54:47.010 [FXGL Background Thread 1 ] DEBUG GameScene            - Game scene initialized: 1480x820
22:54:47.010 [FXGL Background Thread 1 ] DEBUG GameApplicationServi - Application scenes initialized
22:54:47.020 [FXGL Background Thread 1 ] DEBUG SystemBundleService  - Loading FXGL system data
22:54:47.023 [FXGL Background Thread 1 ] DEBUG FileSystemAccess     - Reading from: C:\Users\ethan\IdeaProjects\animals-revenge\system\fxgl.bundle
22:54:47.029 [FXGL Background Thread 1 ] DEBUG SystemBundleService  - Bundle FXGL: {}
22:54:47.029 [FXGL Background Thread 1 ] DEBUG UpdaterService       - Checking for updates
22:54:47.033 [FXGL Background Thread 4 ] DEBUG FXGLApplication      - Loading fonts
22:54:47.033 [FXGL Background Thread 1 ] DEBUG FXGLApplication      - Loading default localization
22:54:47.033 [FXGL Background Thread 4 ] DEBUG FXGLAssetLoaderServi - Loading from file system: jar:file:/C:/Users/ethan/.gradle/caches/modules-2/files-2.1/com.github.almasb/fxgl/17.2/35db6ae960eec2dcfd19262d3b7f9c42f0e95bc3/fxgl-17.2.jar!/fxglassets/ui/fonts/VarelaRound-Regular.ttf
22:54:47.033 [FXGL Background Thread 1 ] DEBUG FXGLAssetLoaderServi - Loading from file system: jar:file:/C:/Users/ethan/.gradle/caches/modules-2/files-2.1/com.github.almasb/fxgl/17.2/35db6ae960eec2dcfd19262d3b7f9c42f0e95bc3/fxgl-17.2.jar!/fxglassets/languages/english.lang
22:54:47.048 [FXGL Background Thread 1 ] INFO  FXGLApplication      - FXGL initialization took: 0.143 sec
22:54:47.049 [JavaFX Application Thread] DEBUG FXGLAssetLoaderServi - Loading from file system: jar:file:/C:/Users/ethan/.gradle/caches/modules-2/files-2.1/com.github.almasb/fxgl/17.2/35db6ae960eec2dcfd19262d3b7f9c42f0e95bc3/fxgl-17.2.jar!/fxglassets/textures/fxgl_icon.png
22:54:47.063 [FXGL Background Thread 4 ] DEBUG FXGLAssetLoaderServi - Loading from file system: jar:file:/C:/Users/ethan/.gradle/caches/modules-2/files-2.1/com.github.almasb/fxgl/17.2/35db6ae960eec2dcfd19262d3b7f9c42f0e95bc3/fxgl-17.2.jar!/fxglassets/ui/fonts/Abel-Regular.ttf
22:54:47.068 [FXGL Background Thread 4 ] DEBUG FXGLAssetLoaderServi - Loading from file system: jar:file:/C:/Users/ethan/.gradle/caches/modules-2/files-2.1/com.github.almasb/fxgl/17.2/35db6ae960eec2dcfd19262d3b7f9c42f0e95bc3/fxgl-17.2.jar!/fxglassets/ui/fonts/TerminalLandMono-Regular.otf
22:54:47.073 [FXGL Background Thread 4 ] DEBUG FXGLAssetLoaderServi - Loading from file system: jar:file:/C:/Users/ethan/.gradle/caches/modules-2/files-2.1/com.github.almasb/fxgl/17.2/35db6ae960eec2dcfd19262d3b7f9c42f0e95bc3/fxgl-17.2.jar!/fxglassets/ui/fonts/Courier-Prime.ttf
22:54:47.078 [JavaFX Application Thread] DEBUG FXGLAssetLoaderServi - Loading from file system: jar:file:/C:/Users/ethan/.gradle/caches/modules-2/files-2.1/com.github.almasb/fxgl/17.2/35db6ae960eec2dcfd19262d3b7f9c42f0e95bc3/fxgl-17.2.jar!/fxglassets/textures/fxgl_default_cursor.png
22:54:47.087 [JavaFX Application Thread] DEBUG Input                - Registered new binding: Screenshot - CTRL+8
22:54:47.088 [JavaFX Application Thread] DEBUG Input                - Registered new binding: System info dump - CTRL+9
22:54:47.088 [JavaFX Application Thread] DEBUG Input                - Registered new binding: Restart - CTRL+R
22:54:47.091 [JavaFX Application Thread] DEBUG Input                - Registered new binding: Toggle Debug Camera - CTRL+7
22:54:47.093 [JavaFX Application Thread] DEBUG LoopRunner           - Starting loop
22:54:47.093 [JavaFX Application Thread] DEBUG LoopRunner           - Initializing JavaFX AnimationTimerLoop
22:54:47.094 [JavaFX Application Thread] DEBUG GameApplicationServi - Starting new game
22:54:47.095 [JavaFX Application Thread] DEBUG Input                - Clearing active input actions
22:54:47.102 [JavaFX Application Thread] DEBUG GameApplicationServi - Removing overlay from FXGLStartupScene and adding to FXGLLoadingScene
22:54:47.102 [JavaFX Application Thread] DEBUG PrimaryStageWindow   - FXGLStartupScene -> FXGLLoadingScene
22:54:47.103 [JavaFX Application Thread] DEBUG GameApplicationServi - Clearing previous game
22:54:47.103 [JavaFX Application Thread] DEBUG GameScene            - Clearing game scene
22:54:47.103 [JavaFX Application Thread] DEBUG GameWorld            - Clearing game world
22:54:47.103 [JavaFX Application Thread] DEBUG PhysicsWorld         - Clearing physics world
22:54:47.104 [FXGL Background Thread 4 ] DEBUG FXGLApplication      - Initializing game
22:54:47.105 [JavaFX Application Thread] DEBUG FXGLApplication      - Registering font factories with UI factory
22:54:47.123 [FXGL Background Thread 4 ] DEBUG FXGLAssetLoaderServi - Loading from file system: file:/C:/Users/ethan/IdeaProjects/animals-revenge/build/resources/main/assets/ui/Home.fxml
22:54:47.279 [FXGL Background Thread 2 ] INFO  UpdaterService       - Your current version:  17.2
22:54:47.279 [FXGL Background Thread 2 ] INFO  UpdaterService       - Latest stable version: 17.3
22:54:47.389 [FXGL Background Thread 4 ] INFO  FXGLApplication      - Game initialization took: 0.285 sec
22:54:47.390 [JavaFX Application Thread] DEBUG Input                - Clearing active input actions
22:54:47.396 [JavaFX Application Thread] DEBUG GameApplicationServi - Removing overlay from FXGLLoadingScene and adding to GameScene
22:54:47.396 [JavaFX Application Thread] DEBUG PrimaryStageWindow   - FXGLLoadingScene -> GameScene
22:54:47.867 [JavaFX Application Thread] DEBUG FXGLAssetLoaderServi - Loading from file system: file:/C:/Users/ethan/IdeaProjects/animals-revenge/build/resources/main/assets/ui/Simulator.fxml
22:54:47.894 [JavaFX Application Thread] DEBUG FXGLAssetLoaderServi - Loading from file system: file:/C:/Users/ethan/IdeaProjects/animals-revenge/build/resources/main/assets/textures/soccer.png
22:54:47.897 [JavaFX Application Thread] DEBUG FXGLAssetLoaderServi - Loading from file system: file:/C:/Users/ethan/IdeaProjects/animals-revenge/build/resources/main/assets/textures/brick.png
22:54:49.501 [JavaFX Application Thread] DEBUG FXGLApplication      - Exiting FXGL
22:54:49.501 [JavaFX Application Thread] DEBUG LoopRunner           - Stopping loop
22:54:49.501 [JavaFX Application Thread] DEBUG SystemBundleService  - Saving FXGL system data
22:54:49.502 [JavaFX Application Thread] DEBUG FileSystemAccess     - Writing to: C:\Users\ethan\IdeaProjects\animals-revenge\system\fxgl.bundle
22:54:49.503 [JavaFX Application Thread] DEBUG Async                - Shutting down background threads
22:54:49.504 [JavaFX Application Thread] DEBUG PrimaryStageWindow   - Closing main window
22:54:49.514 [JavaFX Application Thread] DEBUG Logger               - Closing Logger
