03:56:43.478 [main                     ] DEBUG Logger               - Configured Logger
03:56:43.494 [main                     ] DEBUG GameApplication      - Logging settings
Title: Untitled
Version: 0.0
Width: 1480
Height: 820
Fullscreen: false
Intro: false
Profiling: false
Single step:false
App Mode: DEVELOPER
Menu Key: ESCAPE
Stage Style: DECORATED
Scene Factory: class com.almasb.fxgl.app.scene.SceneFactory

03:56:43.989 [JavaFX Application Thread] DEBUG FXGLApplication      - Initializing FXGL
03:56:43.999 [JavaFX Application Thread] INFO  Engine               - FXGL-17.2 (20.08.2022 16.50) on WINDOWS (J:18.0.2.1 FX:20.0.2)
03:56:44.000 [JavaFX Application Thread] DEBUG Engine               - JRE Vendor Name: Oracle Corporation
03:56:44.000 [JavaFX Application Thread] DEBUG Engine               - Running on OS: Windows 11 version 10.0
03:56:44.001 [JavaFX Application Thread] DEBUG Engine               - Architecture: amd64
03:56:44.001 [JavaFX Application Thread] INFO  Engine               - Source code and latest versions at: https://github.com/AlmasB/FXGL
03:56:44.002 [JavaFX Application Thread] INFO  Engine               -       Ask questions and discuss at: https://github.com/AlmasB/FXGL/discussions
03:56:44.002 [JavaFX Application Thread] INFO  Engine               -              Join the FXGL chat at: https://gitter.im/AlmasB/FXGL
03:56:44.151 [JavaFX Application Thread] DEBUG PrimaryStageWindow   - Creating a JavaFX scene
03:56:44.151 [JavaFX Application Thread] DEBUG PrimaryStageWindow   - Target size > screen size
03:56:44.227 [JavaFX Application Thread] DEBUG PrimaryStageWindow   - Target settings size: 1480.0 x 820.0
03:56:44.228 [JavaFX Application Thread] DEBUG PrimaryStageWindow   - Scaled scene size:    1447.0 x 815.0
03:56:44.228 [JavaFX Application Thread] DEBUG PrimaryStageWindow   - Scaled ratio: (0.9777027027027027, 0.9939024390243902)
03:56:44.229 [JavaFX Application Thread] DEBUG PrimaryStageWindow   - Set initial scene to FXGLStartupScene
03:56:44.236 [JavaFX Application Thread] DEBUG PrimaryStageWindow   - Opening main window
03:56:44.354 [JavaFX Application Thread] DEBUG PrimaryStageWindow   - Window border size: (14.5999755859375, 37.79998779296875)
03:56:44.355 [JavaFX Application Thread] DEBUG PrimaryStageWindow   - Scaled size: 1447.0 x 815.0
03:56:44.358 [JavaFX Application Thread] DEBUG PrimaryStageWindow   - Scaled ratio: (0.9777027027027027, 0.9939024390243902)
03:56:44.360 [JavaFX Application Thread] DEBUG PrimaryStageWindow   - Scene size: 1447.0 x 815.0
03:56:44.362 [JavaFX Application Thread] DEBUG PrimaryStageWindow   - Stage size: 1461.5999755859375 x 852.7999877929688
03:56:44.377 [FXGL Background Thread 1 ] DEBUG Engine               - Initializing environment variables
03:56:44.465 [FXGL Background Thread 1 ] DEBUG FXGLAssetLoaderServi - User app class for loading assets: class edu.vanier.animals_revenge.MainApp
03:56:44.465 [FXGL Background Thread 1 ] DEBUG GameApplicationServi - Applying CSS: fxgl_dark.css
03:56:44.467 [FXGL Background Thread 1 ] DEBUG FXGLAssetLoaderServi - Loading from file system: jar:file:/C:/Users/anton/.gradle/caches/modules-2/files-2.1/com.github.almasb/fxgl/17.2/35db6ae960eec2dcfd19262d3b7f9c42f0e95bc3/fxgl-17.2.jar!/fxglassets/ui/css/fxgl_dark.css
03:56:44.545 [FXGL Background Thread 1 ] DEBUG GameApplicationServi - Initializing application scenes
03:56:44.653 [FXGL Background Thread 1 ] DEBUG GameWorld            - Game world initialized
03:56:44.752 [FXGL Background Thread 1 ] DEBUG PhysicsWorld         - Physics world initialized: appHeight=820, physics.ppm=50.0
03:56:44.753 [FXGL Background Thread 1 ] DEBUG PhysicsWorld         - Using strategy: BRUTE_FORCE
03:56:44.758 [FXGL Background Thread 1 ] DEBUG GameScene            - Game scene initialized: 1480x820
03:56:44.758 [FXGL Background Thread 1 ] DEBUG GameApplicationServi - Application scenes initialized
03:56:44.775 [FXGL Background Thread 1 ] DEBUG SystemBundleService  - Loading FXGL system data
03:56:44.783 [FXGL Background Thread 1 ] DEBUG FileSystemAccess     - Reading from: C:\Users\anton\OneDrive\Documents\GitHub\animals-revenge\system\fxgl.bundle
03:56:44.797 [FXGL Background Thread 1 ] DEBUG SystemBundleService  - Bundle FXGL: {}
03:56:44.797 [FXGL Background Thread 1 ] DEBUG UpdaterService       - Checking for updates
03:56:44.807 [FXGL Background Thread 4 ] DEBUG FXGLApplication      - Loading fonts
03:56:44.809 [FXGL Background Thread 4 ] DEBUG FXGLAssetLoaderServi - Loading from file system: jar:file:/C:/Users/anton/.gradle/caches/modules-2/files-2.1/com.github.almasb/fxgl/17.2/35db6ae960eec2dcfd19262d3b7f9c42f0e95bc3/fxgl-17.2.jar!/fxglassets/ui/fonts/VarelaRound-Regular.ttf
03:56:44.809 [FXGL Background Thread 1 ] DEBUG FXGLApplication      - Loading default localization
03:56:44.811 [FXGL Background Thread 1 ] DEBUG FXGLAssetLoaderServi - Loading from file system: jar:file:/C:/Users/anton/.gradle/caches/modules-2/files-2.1/com.github.almasb/fxgl/17.2/35db6ae960eec2dcfd19262d3b7f9c42f0e95bc3/fxgl-17.2.jar!/fxglassets/languages/english.lang
03:56:44.857 [FXGL Background Thread 1 ] INFO  FXGLApplication      - FXGL initialization took: 0.478 sec
03:56:44.865 [JavaFX Application Thread] DEBUG Input                - Registered new binding: Launch - RMB
03:56:44.866 [JavaFX Application Thread] DEBUG Input                - Registered new binding: Create - LMB
03:56:44.866 [JavaFX Application Thread] DEBUG Input                - Registered new binding: Drag - CTRL+LMB
03:56:44.872 [JavaFX Application Thread] DEBUG FXGLAssetLoaderServi - Loading from file system: jar:file:/C:/Users/anton/.gradle/caches/modules-2/files-2.1/com.github.almasb/fxgl/17.2/35db6ae960eec2dcfd19262d3b7f9c42f0e95bc3/fxgl-17.2.jar!/fxglassets/textures/fxgl_icon.png
03:56:44.994 [JavaFX Application Thread] DEBUG FXGLAssetLoaderServi - Loading from file system: jar:file:/C:/Users/anton/.gradle/caches/modules-2/files-2.1/com.github.almasb/fxgl/17.2/35db6ae960eec2dcfd19262d3b7f9c42f0e95bc3/fxgl-17.2.jar!/fxglassets/textures/fxgl_default_cursor.png
03:56:45.010 [JavaFX Application Thread] DEBUG Input                - Registered new binding: Screenshot - CTRL+8
03:56:45.012 [JavaFX Application Thread] DEBUG Input                - Registered new binding: System info dump - CTRL+9
03:56:45.013 [JavaFX Application Thread] DEBUG Input                - Registered new binding: Restart - CTRL+R
03:56:45.015 [JavaFX Application Thread] DEBUG Input                - Registered new binding: Toggle Debug Camera - CTRL+7
03:56:45.022 [JavaFX Application Thread] DEBUG LoopRunner           - Starting loop
03:56:45.022 [JavaFX Application Thread] DEBUG LoopRunner           - Initializing JavaFX AnimationTimerLoop
03:56:45.029 [JavaFX Application Thread] DEBUG GameApplicationServi - Starting new game
03:56:45.029 [JavaFX Application Thread] DEBUG Input                - Clearing active input actions
03:56:45.065 [FXGL Background Thread 4 ] DEBUG FXGLAssetLoaderServi - Loading from file system: jar:file:/C:/Users/anton/.gradle/caches/modules-2/files-2.1/com.github.almasb/fxgl/17.2/35db6ae960eec2dcfd19262d3b7f9c42f0e95bc3/fxgl-17.2.jar!/fxglassets/ui/fonts/Abel-Regular.ttf
03:56:45.070 [JavaFX Application Thread] DEBUG GameApplicationServi - Removing overlay from FXGLStartupScene and adding to FXGLLoadingScene
03:56:45.071 [JavaFX Application Thread] DEBUG PrimaryStageWindow   - FXGLStartupScene -> FXGLLoadingScene
03:56:45.071 [JavaFX Application Thread] DEBUG GameApplicationServi - Clearing previous game
03:56:45.072 [JavaFX Application Thread] DEBUG GameScene            - Clearing game scene
03:56:45.072 [JavaFX Application Thread] DEBUG GameWorld            - Clearing game world
03:56:45.072 [JavaFX Application Thread] DEBUG PhysicsWorld         - Clearing physics world
03:56:45.075 [FXGL Background Thread 1 ] DEBUG FXGLApplication      - Initializing game
03:56:45.078 [FXGL Background Thread 4 ] DEBUG FXGLAssetLoaderServi - Loading from file system: jar:file:/C:/Users/anton/.gradle/caches/modules-2/files-2.1/com.github.almasb/fxgl/17.2/35db6ae960eec2dcfd19262d3b7f9c42f0e95bc3/fxgl-17.2.jar!/fxglassets/ui/fonts/TerminalLandMono-Regular.otf
03:56:45.092 [FXGL Background Thread 4 ] DEBUG FXGLAssetLoaderServi - Loading from file system: jar:file:/C:/Users/anton/.gradle/caches/modules-2/files-2.1/com.github.almasb/fxgl/17.2/35db6ae960eec2dcfd19262d3b7f9c42f0e95bc3/fxgl-17.2.jar!/fxglassets/ui/fonts/Courier-Prime.ttf
03:56:45.195 [FXGL Background Thread 1 ] DEBUG FXGLAssetLoaderServi - Loading from file system: file:/C:/Users/anton/OneDrive/Documents/GitHub/animals-revenge/build/resources/main/assets/sounds/brick_hit.wav
03:56:45.256 [JavaFX Application Thread] DEBUG FXGLApplication      - Registering font factories with UI factory
03:56:45.537 [FXGL Background Thread 1 ] DEBUG FXGLAssetLoaderServi - Loading from file system: file:/C:/Users/anton/OneDrive/Documents/GitHub/animals-revenge/build/resources/main/assets/ui/Home.fxml
03:56:46.256 [FXGL Background Thread 2 ] INFO  UpdaterService       - Your current version:  17.2
03:56:46.256 [FXGL Background Thread 2 ] INFO  UpdaterService       - Latest stable version: 17.3
03:56:46.647 [FXGL Background Thread 1 ] INFO  FXGLApplication      - Game initialization took: 1.572 sec
03:56:46.660 [JavaFX Application Thread] DEBUG Input                - Clearing active input actions
03:56:46.700 [JavaFX Application Thread] DEBUG GameApplicationServi - Removing overlay from FXGLLoadingScene and adding to GameScene
03:56:46.700 [JavaFX Application Thread] DEBUG PrimaryStageWindow   - FXGLLoadingScene -> GameScene
03:56:47.803 [FXGL Background Thread 3 ] DEBUG Engine               - Logging environment variables
03:56:47.803 [FXGL Background Thread 3 ] DEBUG Engine               - achievements: []
03:56:47.803 [FXGL Background Thread 3 ] DEBUG Engine               - actualHeight: 815.0
03:56:47.804 [FXGL Background Thread 3 ] DEBUG Engine               - actualHeightProperty: ReadOnlyDoubleProperty [value: 815.0]
03:56:47.804 [FXGL Background Thread 3 ] DEBUG Engine               - actualWidth: 1447.0
03:56:47.804 [FXGL Background Thread 3 ] DEBUG Engine               - actualWidthProperty: ReadOnlyDoubleProperty [value: 1447.0]
03:56:47.804 [FXGL Background Thread 3 ] DEBUG Engine               - appIcon: fxgl_icon.png
03:56:47.804 [FXGL Background Thread 3 ] DEBUG Engine               - applicationMode: DEVELOPER
03:56:47.804 [FXGL Background Thread 3 ] DEBUG Engine               - cSSList: [fxgl_dark.css]
03:56:47.804 [FXGL Background Thread 3 ] DEBUG Engine               - collisionDetectionStrategy: BRUTE_FORCE
03:56:47.804 [FXGL Background Thread 3 ] DEBUG Engine               - configClass: Optional.empty
03:56:47.804 [FXGL Background Thread 3 ] DEBUG Engine               - credits: []
03:56:47.805 [FXGL Background Thread 3 ] DEBUG Engine               - defaultCursor: CursorInfo(imageName=fxgl_default_cursor.png, hotspotX=7.0, hotspotY=6.0)
03:56:47.806 [FXGL Background Thread 3 ] DEBUG Engine               - devBBoxColorProperty: ObjectProperty [value: 0xff0000ff]
03:56:47.806 [FXGL Background Thread 3 ] DEBUG Engine               - devEnableDebugCameraProperty: BooleanProperty [value: false]
03:56:47.806 [FXGL Background Thread 3 ] DEBUG Engine               - devSensorColorProperty: ObjectProperty [value: 0xffff00ff]
03:56:47.806 [FXGL Background Thread 3 ] DEBUG Engine               - devShowBBoxProperty: BooleanProperty [value: false]
03:56:47.806 [FXGL Background Thread 3 ] DEBUG Engine               - devShowPositionProperty: BooleanProperty [value: false]
03:56:47.806 [FXGL Background Thread 3 ] DEBUG Engine               - enabledMenuItems: []
03:56:47.806 [FXGL Background Thread 3 ] DEBUG Engine               - engineServices: [class com.almasb.fxgl.app.services.FXGLAssetLoaderService, class com.almasb.fxgl.app.FXGLApplication$GameApplicationService, class com.almasb.fxgl.app.services.FXGLDialogService, class com.almasb.fxgl.app.services.IOTaskExecutorService, class com.almasb.fxgl.io.FileSystemService, class com.almasb.fxgl.localization.LocalizationService, class com.almasb.fxgl.app.services.SystemBundleService, class com.almasb.fxgl.profile.SaveLoadService, class com.almasb.fxgl.ui.FXGLUIFactoryServiceProvider, class com.almasb.fxgl.ui.FXGLDialogFactoryServiceProvider, class com.almasb.fxgl.audio.AudioPlayer, class com.almasb.fxgl.notification.impl.NotificationServiceProvider, class com.almasb.fxgl.achievement.AchievementService, class com.almasb.fxgl.cutscene.CutsceneService, class com.almasb.fxgl.minigames.MiniGameService, class com.almasb.fxgl.net.NetService, class com.almasb.fxgl.app.services.UpdaterService, class com.almasb.fxgl.dev.DevService]
03:56:47.806 [FXGL Background Thread 3 ] DEBUG Engine               - fontGame: Abel-Regular.ttf
03:56:47.806 [FXGL Background Thread 3 ] DEBUG Engine               - fontMono: TerminalLandMono-Regular.otf
03:56:47.806 [FXGL Background Thread 3 ] DEBUG Engine               - fontText: Courier-Prime.ttf
03:56:47.807 [FXGL Background Thread 3 ] DEBUG Engine               - fontUI: VarelaRound-Regular.ttf
03:56:47.807 [FXGL Background Thread 3 ] DEBUG Engine               - fullScreen: BooleanProperty [value: false]
03:56:47.807 [FXGL Background Thread 3 ] DEBUG Engine               - gameDifficulty: MEDIUM
03:56:47.807 [FXGL Background Thread 3 ] DEBUG Engine               - gameDifficultyProperty: ObjectProperty [value: MEDIUM]
03:56:47.807 [FXGL Background Thread 3 ] DEBUG Engine               - globalMusicVolume: 0.5
03:56:47.807 [FXGL Background Thread 3 ] DEBUG Engine               - globalMusicVolumeProperty: DoubleProperty [value: 0.0]
03:56:47.807 [FXGL Background Thread 3 ] DEBUG Engine               - globalSoundVolume: 0.5
03:56:47.807 [FXGL Background Thread 3 ] DEBUG Engine               - globalSoundVolumeProperty: DoubleProperty [value: 0.0]
03:56:47.807 [FXGL Background Thread 3 ] DEBUG Engine               - height: 820
03:56:47.807 [FXGL Background Thread 3 ] DEBUG Engine               - is3D: false
03:56:47.808 [FXGL Background Thread 3 ] DEBUG Engine               - isAndroid: false
03:56:47.808 [FXGL Background Thread 3 ] DEBUG Engine               - isBrowser: false
03:56:47.808 [FXGL Background Thread 3 ] DEBUG Engine               - isClickFeedbackEnabled: false
03:56:47.808 [FXGL Background Thread 3 ] DEBUG Engine               - isCloseConfirmation: false
03:56:47.808 [FXGL Background Thread 3 ] DEBUG Engine               - isDesktop: true
03:56:47.808 [FXGL Background Thread 3 ] DEBUG Engine               - isDeveloperMenuEnabled: false
03:56:47.808 [FXGL Background Thread 3 ] DEBUG Engine               - isEmbedded: false
03:56:47.809 [FXGL Background Thread 3 ] DEBUG Engine               - isEntityPreloadEnabled: true
03:56:47.809 [FXGL Background Thread 3 ] DEBUG Engine               - isExperimentalTiledLargeMap: false
03:56:47.809 [FXGL Background Thread 3 ] DEBUG Engine               - isFileSystemWriteAllowed: true
03:56:47.809 [FXGL Background Thread 3 ] DEBUG Engine               - isFullScreenAllowed: false
03:56:47.809 [FXGL Background Thread 3 ] DEBUG Engine               - isFullScreenFromStart: false
03:56:47.809 [FXGL Background Thread 3 ] DEBUG Engine               - isGameMenuEnabled: false
03:56:47.809 [FXGL Background Thread 3 ] DEBUG Engine               - isIOS: false
03:56:47.809 [FXGL Background Thread 3 ] DEBUG Engine               - isIntroEnabled: false
03:56:47.809 [FXGL Background Thread 3 ] DEBUG Engine               - isLinux: false
03:56:47.809 [FXGL Background Thread 3 ] DEBUG Engine               - isMac: false
03:56:47.809 [FXGL Background Thread 3 ] DEBUG Engine               - isMainMenuEnabled: false
03:56:47.809 [FXGL Background Thread 3 ] DEBUG Engine               - isManualResizeEnabled: false
03:56:47.810 [FXGL Background Thread 3 ] DEBUG Engine               - isMobile: false
03:56:47.810 [FXGL Background Thread 3 ] DEBUG Engine               - isNative: false
03:56:47.810 [FXGL Background Thread 3 ] DEBUG Engine               - isPauseMusicWhenMinimized: true
03:56:47.810 [FXGL Background Thread 3 ] DEBUG Engine               - isPreserveResizeRatio: false
03:56:47.810 [FXGL Background Thread 3 ] DEBUG Engine               - isProfilingEnabled: false
03:56:47.810 [FXGL Background Thread 3 ] DEBUG Engine               - isScaleAffectedOnResize: true
03:56:47.810 [FXGL Background Thread 3 ] DEBUG Engine               - isSingleStep: false
03:56:47.810 [FXGL Background Thread 3 ] DEBUG Engine               - isUserProfileEnabled: false
03:56:47.810 [FXGL Background Thread 3 ] DEBUG Engine               - isWindows: true
03:56:47.810 [FXGL Background Thread 3 ] DEBUG Engine               - language: ObjectProperty [value: ENGLISH]
03:56:47.810 [FXGL Background Thread 3 ] DEBUG Engine               - menuKey: ESCAPE
03:56:47.810 [FXGL Background Thread 3 ] DEBUG Engine               - mouseSensitivity: 0.2
03:56:47.810 [FXGL Background Thread 3 ] DEBUG Engine               - notificationViewClass: class com.almasb.fxgl.notification.view.XboxNotificationView
03:56:47.810 [FXGL Background Thread 3 ] DEBUG Engine               - pixelsPerMeter: 50.0
03:56:47.810 [FXGL Background Thread 3 ] DEBUG Engine               - platform: WINDOWS
03:56:47.810 [FXGL Background Thread 3 ] DEBUG Engine               - prefHeightProperty: ReadOnlyDoubleProperty [value: 820.0]
03:56:47.810 [FXGL Background Thread 3 ] DEBUG Engine               - prefWidthProperty: ReadOnlyDoubleProperty [value: 1480.0]
03:56:47.810 [FXGL Background Thread 3 ] DEBUG Engine               - profileDir: profiles/
03:56:47.810 [FXGL Background Thread 3 ] DEBUG Engine               - profileName: StringProperty [value: DEFAULT]
03:56:47.810 [FXGL Background Thread 3 ] DEBUG Engine               - randomSeed: -1
03:56:47.811 [FXGL Background Thread 3 ] DEBUG Engine               - runtimeInfo: RuntimeInfo(platform=WINDOWS, version=17.2, build=20.08.2022 16.50)
03:56:47.811 [FXGL Background Thread 3 ] DEBUG Engine               - saveFileExt: sav
03:56:47.811 [FXGL Background Thread 3 ] DEBUG Engine               - scaledHeightProp$fxgl: DoubleProperty [bound, value: 815.0]
03:56:47.811 [FXGL Background Thread 3 ] DEBUG Engine               - scaledWidthProp$fxgl: DoubleProperty [bound, value: 1447.0]
03:56:47.811 [FXGL Background Thread 3 ] DEBUG Engine               - sceneFactory: com.almasb.fxgl.app.scene.SceneFactory@2cf0c277
03:56:47.811 [FXGL Background Thread 3 ] DEBUG Engine               - secondsIn24h: 60
03:56:47.811 [FXGL Background Thread 3 ] DEBUG Engine               - soundMenuBack: menu/back.wav
03:56:47.811 [FXGL Background Thread 3 ] DEBUG Engine               - soundMenuPress: menu/press.wav
03:56:47.811 [FXGL Background Thread 3 ] DEBUG Engine               - soundMenuSelect: menu/select.wav
03:56:47.811 [FXGL Background Thread 3 ] DEBUG Engine               - soundNotification: core/notification.wav
03:56:47.811 [FXGL Background Thread 3 ] DEBUG Engine               - stageStyle: DECORATED
03:56:47.811 [FXGL Background Thread 3 ] DEBUG Engine               - supportedLanguages: [ENGLISH, FRENCH, GERMAN, HUNGARIAN, RUSSIAN]
03:56:47.811 [FXGL Background Thread 3 ] DEBUG Engine               - ticksPerSecond: -1
03:56:47.811 [FXGL Background Thread 3 ] DEBUG Engine               - title: Untitled
03:56:47.811 [FXGL Background Thread 3 ] DEBUG Engine               - urlGithub: https://github.com/AlmasB/FXGL
03:56:47.811 [FXGL Background Thread 3 ] DEBUG Engine               - urlLeaderboard: http://fxgl-top.herokuapp.com/
03:56:47.811 [FXGL Background Thread 3 ] DEBUG Engine               - urlPOM: https://raw.githubusercontent.com/AlmasB/FXGL/release/README.md
03:56:47.812 [FXGL Background Thread 3 ] DEBUG Engine               - userAppClass: class edu.vanier.animals_revenge.MainApp
03:56:47.812 [FXGL Background Thread 3 ] DEBUG Engine               - version: 0.0
03:56:47.812 [FXGL Background Thread 3 ] DEBUG Engine               - versionCheckDays: 7
03:56:47.812 [FXGL Background Thread 3 ] DEBUG Engine               - width: 1480
03:56:47.812 [FXGL Background Thread 3 ] DEBUG Engine               - Logging services
03:56:47.812 [FXGL Background Thread 3 ] DEBUG Engine               - class com.almasb.fxgl.app.services.FXGLAssetLoaderService
03:56:47.812 [FXGL Background Thread 3 ] DEBUG Engine               - class com.almasb.fxgl.app.FXGLApplication$GameApplicationService
03:56:47.812 [FXGL Background Thread 3 ] DEBUG Engine               - class com.almasb.fxgl.app.services.FXGLDialogService
03:56:47.812 [FXGL Background Thread 3 ] DEBUG Engine               - class com.almasb.fxgl.app.services.IOTaskExecutorService
03:56:47.812 [FXGL Background Thread 3 ] DEBUG Engine               - class com.almasb.fxgl.io.FileSystemService
03:56:47.812 [FXGL Background Thread 3 ] DEBUG Engine               - class com.almasb.fxgl.localization.LocalizationService
03:56:47.812 [FXGL Background Thread 3 ] DEBUG Engine               - class com.almasb.fxgl.app.services.SystemBundleService
03:56:47.812 [FXGL Background Thread 3 ] DEBUG Engine               - class com.almasb.fxgl.profile.SaveLoadService
03:56:47.812 [FXGL Background Thread 3 ] DEBUG Engine               - class com.almasb.fxgl.ui.FXGLUIFactoryServiceProvider
03:56:47.812 [FXGL Background Thread 3 ] DEBUG Engine               - class com.almasb.fxgl.ui.FXGLDialogFactoryServiceProvider
03:56:47.812 [FXGL Background Thread 3 ] DEBUG Engine               - class com.almasb.fxgl.audio.AudioPlayer
03:56:47.812 [FXGL Background Thread 3 ] DEBUG Engine               - class com.almasb.fxgl.notification.impl.NotificationServiceProvider
03:56:47.812 [FXGL Background Thread 3 ] DEBUG Engine               - class com.almasb.fxgl.achievement.AchievementService
03:56:47.812 [FXGL Background Thread 3 ] DEBUG Engine               - class com.almasb.fxgl.cutscene.CutsceneService
03:56:47.812 [FXGL Background Thread 3 ] DEBUG Engine               - class com.almasb.fxgl.minigames.MiniGameService
03:56:47.812 [FXGL Background Thread 3 ] DEBUG Engine               - class com.almasb.fxgl.net.NetService
03:56:47.812 [FXGL Background Thread 3 ] DEBUG Engine               - class com.almasb.fxgl.app.services.UpdaterService
03:56:47.812 [FXGL Background Thread 3 ] DEBUG Engine               - class com.almasb.fxgl.dev.DevService
03:56:50.941 [JavaFX Application Thread] DEBUG FXGLAssetLoaderServi - Loading from file system: file:/C:/Users/anton/OneDrive/Documents/GitHub/animals-revenge/build/resources/main/assets/ui/Simulator.fxml
03:56:51.060 [JavaFX Application Thread] DEBUG FXGLAssetLoaderServi - Loading from file system: file:/C:/Users/anton/OneDrive/Documents/GitHub/animals-revenge/build/resources/main/assets/textures/cannon.png
03:56:57.011 [JavaFX Application Thread] DEBUG FXGLAssetLoaderServi - Loading from file system: file:/C:/Users/anton/OneDrive/Documents/GitHub/animals-revenge/build/resources/main/assets/ui/Home.fxml
03:56:58.078 [JavaFX Application Thread] DEBUG FXGLAssetLoaderServi - Loading from file system: file:/C:/Users/anton/OneDrive/Documents/GitHub/animals-revenge/build/resources/main/assets/ui/Setting.fxml
03:57:00.633 [JavaFX Application Thread] DEBUG FXGLAssetLoaderServi - Loading from file system: file:/C:/Users/anton/OneDrive/Documents/GitHub/animals-revenge/build/resources/main/assets/ui/Home.fxml
03:57:01.746 [JavaFX Application Thread] DEBUG FXGLAssetLoaderServi - Loading from file system: file:/C:/Users/anton/OneDrive/Documents/GitHub/animals-revenge/build/resources/main/assets/ui/Simulator.fxml
03:57:07.424 [JavaFX Application Thread] DEBUG FXGLApplication      - Exiting FXGL
03:57:07.425 [JavaFX Application Thread] DEBUG LoopRunner           - Stopping loop
03:57:07.425 [JavaFX Application Thread] DEBUG SystemBundleService  - Saving FXGL system data
03:57:07.427 [JavaFX Application Thread] DEBUG FileSystemAccess     - Writing to: C:\Users\anton\OneDrive\Documents\GitHub\animals-revenge\system\fxgl.bundle
03:57:07.431 [JavaFX Application Thread] DEBUG Async                - Shutting down background threads
03:57:07.431 [JavaFX Application Thread] DEBUG PrimaryStageWindow   - Closing main window
03:57:07.444 [JavaFX Application Thread] DEBUG Logger               - Closing Logger
