17:53:19.073 [main                     ] DEBUG Logger               - Configured Logger
17:53:19.097 [main                     ] DEBUG GameApplication      - Logging settings
Title: Untitled
Version: 0.0
Width: 1480
Height: 820
Fullscreen: false
Intro: false
Profiling: false
Single step:false
App Mode: DEVELOPER
Menu Key: ESCAPE
Stage Style: DECORATED
Scene Factory: class com.almasb.fxgl.app.scene.SceneFactory

17:53:19.606 [JavaFX Application Thread] DEBUG FXGLApplication      - Initializing FXGL
17:53:19.624 [JavaFX Application Thread] INFO  Engine               - FXGL-17.2 (20.08.2022 16.50) on WINDOWS (J:18.0.2.1 FX:20.0.2)
17:53:19.625 [JavaFX Application Thread] DEBUG Engine               - JRE Vendor Name: Oracle Corporation
17:53:19.626 [JavaFX Application Thread] DEBUG Engine               - Running on OS: Windows 11 version 10.0
17:53:19.626 [JavaFX Application Thread] DEBUG Engine               - Architecture: amd64
17:53:19.627 [JavaFX Application Thread] INFO  Engine               - Source code and latest versions at: https://github.com/AlmasB/FXGL
17:53:19.628 [JavaFX Application Thread] INFO  Engine               -       Ask questions and discuss at: https://github.com/AlmasB/FXGL/discussions
17:53:19.628 [JavaFX Application Thread] INFO  Engine               -              Join the FXGL chat at: https://gitter.im/AlmasB/FXGL
17:53:19.762 [JavaFX Application Thread] DEBUG PrimaryStageWindow   - Creating a JavaFX scene
17:53:19.762 [JavaFX Application Thread] DEBUG PrimaryStageWindow   - Target size > screen size
17:53:19.833 [JavaFX Application Thread] DEBUG PrimaryStageWindow   - Target settings size: 1480.0 x 820.0
17:53:19.833 [JavaFX Application Thread] DEBUG PrimaryStageWindow   - Scaled scene size:    1447.0 x 815.0
17:53:19.834 [JavaFX Application Thread] DEBUG PrimaryStageWindow   - Scaled ratio: (0.9777027027027027, 0.9939024390243902)
17:53:19.836 [JavaFX Application Thread] DEBUG PrimaryStageWindow   - Set initial scene to FXGLStartupScene
17:53:19.841 [JavaFX Application Thread] DEBUG PrimaryStageWindow   - Opening main window
17:53:19.985 [JavaFX Application Thread] DEBUG PrimaryStageWindow   - Window border size: (14.5999755859375, 37.79998779296875)
17:53:19.986 [JavaFX Application Thread] DEBUG PrimaryStageWindow   - Scaled size: 1447.0 x 815.0
17:53:19.986 [JavaFX Application Thread] DEBUG PrimaryStageWindow   - Scaled ratio: (0.9777027027027027, 0.9939024390243902)
17:53:19.986 [JavaFX Application Thread] DEBUG PrimaryStageWindow   - Scene size: 1447.0 x 815.0
17:53:19.987 [JavaFX Application Thread] DEBUG PrimaryStageWindow   - Stage size: 1461.5999755859375 x 852.7999877929688
17:53:20.000 [FXGL Background Thread 1 ] DEBUG Engine               - Initializing environment variables
17:53:20.079 [FXGL Background Thread 1 ] DEBUG FXGLAssetLoaderServi - User app class for loading assets: class edu.vanier.animals_revenge.MainApp
17:53:20.081 [FXGL Background Thread 1 ] DEBUG GameApplicationServi - Applying CSS: fxgl_dark.css
17:53:20.083 [FXGL Background Thread 1 ] DEBUG FXGLAssetLoaderServi - Loading from file system: jar:file:/C:/Users/zacha/.gradle/caches/modules-2/files-2.1/com.github.almasb/fxgl/17.2/35db6ae960eec2dcfd19262d3b7f9c42f0e95bc3/fxgl-17.2.jar!/fxglassets/ui/css/fxgl_dark.css
17:53:20.143 [FXGL Background Thread 1 ] DEBUG GameApplicationServi - Initializing application scenes
17:53:20.197 [FXGL Background Thread 1 ] DEBUG GameWorld            - Game world initialized
17:53:20.303 [FXGL Background Thread 1 ] DEBUG PhysicsWorld         - Physics world initialized: appHeight=820, physics.ppm=50.0
17:53:20.303 [FXGL Background Thread 1 ] DEBUG PhysicsWorld         - Using strategy: BRUTE_FORCE
17:53:20.310 [FXGL Background Thread 1 ] DEBUG GameScene            - Game scene initialized: 1480x820
17:53:20.310 [FXGL Background Thread 1 ] DEBUG GameApplicationServi - Application scenes initialized
17:53:20.336 [FXGL Background Thread 1 ] DEBUG SystemBundleService  - Loading FXGL system data
17:53:20.342 [FXGL Background Thread 1 ] DEBUG FileSystemAccess     - Reading from: C:\Users\zacha\OneDrive\Documents\GitHub\animals-revenge\system\fxgl.bundle
17:53:20.356 [FXGL Background Thread 1 ] DEBUG SystemBundleService  - Bundle FXGL: {}
17:53:20.356 [FXGL Background Thread 1 ] DEBUG UpdaterService       - Checking for updates
17:53:20.370 [FXGL Background Thread 4 ] DEBUG FXGLApplication      - Loading fonts
17:53:20.372 [FXGL Background Thread 1 ] DEBUG FXGLApplication      - Loading default localization
17:53:20.374 [FXGL Background Thread 1 ] DEBUG FXGLAssetLoaderServi - Loading from file system: jar:file:/C:/Users/zacha/.gradle/caches/modules-2/files-2.1/com.github.almasb/fxgl/17.2/35db6ae960eec2dcfd19262d3b7f9c42f0e95bc3/fxgl-17.2.jar!/fxglassets/languages/english.lang
17:53:20.442 [FXGL Background Thread 1 ] INFO  FXGLApplication      - FXGL initialization took: 0.442 sec
17:53:20.456 [JavaFX Application Thread] DEBUG Input                - Registered new binding: Launch - RMB
17:53:20.457 [JavaFX Application Thread] DEBUG Input                - Registered new binding: Create - LMB
17:53:20.457 [JavaFX Application Thread] DEBUG Input                - Registered new binding: Drag - CTRL+LMB
17:53:20.459 [JavaFX Application Thread] DEBUG FXGLAssetLoaderServi - Loading from file system: jar:file:/C:/Users/zacha/.gradle/caches/modules-2/files-2.1/com.github.almasb/fxgl/17.2/35db6ae960eec2dcfd19262d3b7f9c42f0e95bc3/fxgl-17.2.jar!/fxglassets/textures/fxgl_icon.png
17:53:20.480 [FXGL Background Thread 4 ] DEBUG FXGLAssetLoaderServi - Loading from file system: jar:file:/C:/Users/zacha/.gradle/caches/modules-2/files-2.1/com.github.almasb/fxgl/17.2/35db6ae960eec2dcfd19262d3b7f9c42f0e95bc3/fxgl-17.2.jar!/fxglassets/ui/fonts/Abel-Regular.ttf
17:53:20.488 [FXGL Background Thread 4 ] DEBUG FXGLAssetLoaderServi - Loading from file system: jar:file:/C:/Users/zacha/.gradle/caches/modules-2/files-2.1/com.github.almasb/fxgl/17.2/35db6ae960eec2dcfd19262d3b7f9c42f0e95bc3/fxgl-17.2.jar!/fxglassets/ui/fonts/TerminalLandMono-Regular.otf
17:53:20.495 [FXGL Background Thread 4 ] DEBUG FXGLAssetLoaderServi - Loading from file system: jar:file:/C:/Users/zacha/.gradle/caches/modules-2/files-2.1/com.github.almasb/fxgl/17.2/35db6ae960eec2dcfd19262d3b7f9c42f0e95bc3/fxgl-17.2.jar!/fxglassets/ui/fonts/Courier-Prime.ttf
17:53:20.549 [JavaFX Application Thread] DEBUG FXGLAssetLoaderServi - Loading from file system: jar:file:/C:/Users/zacha/.gradle/caches/modules-2/files-2.1/com.github.almasb/fxgl/17.2/35db6ae960eec2dcfd19262d3b7f9c42f0e95bc3/fxgl-17.2.jar!/fxglassets/textures/fxgl_default_cursor.png
17:53:20.563 [JavaFX Application Thread] DEBUG Input                - Registered new binding: Screenshot - CTRL+8
17:53:20.565 [JavaFX Application Thread] DEBUG Input                - Registered new binding: System info dump - CTRL+9
17:53:20.566 [JavaFX Application Thread] DEBUG Input                - Registered new binding: Restart - CTRL+R
17:53:20.567 [JavaFX Application Thread] DEBUG Input                - Registered new binding: Toggle Debug Camera - CTRL+7
17:53:20.571 [JavaFX Application Thread] DEBUG LoopRunner           - Starting loop
17:53:20.571 [JavaFX Application Thread] DEBUG LoopRunner           - Initializing JavaFX AnimationTimerLoop
17:53:20.582 [JavaFX Application Thread] DEBUG GameApplicationServi - Starting new game
17:53:20.584 [JavaFX Application Thread] DEBUG Input                - Clearing active input actions
17:53:20.615 [JavaFX Application Thread] DEBUG GameApplicationServi - Removing overlay from FXGLStartupScene and adding to FXGLLoadingScene
17:53:20.616 [JavaFX Application Thread] DEBUG PrimaryStageWindow   - FXGLStartupScene -> FXGLLoadingScene
17:53:20.616 [JavaFX Application Thread] DEBUG GameApplicationServi - Clearing previous game
17:53:20.617 [JavaFX Application Thread] DEBUG GameScene            - Clearing game scene
17:53:20.617 [JavaFX Application Thread] DEBUG GameWorld            - Clearing game world
17:53:20.617 [JavaFX Application Thread] DEBUG PhysicsWorld         - Clearing physics world
17:53:20.625 [FXGL Background Thread 4 ] DEBUG FXGLApplication      - Initializing game
17:53:20.628 [JavaFX Application Thread] DEBUG FXGLApplication      - Registering font factories with UI factory
17:53:20.701 [FXGL Background Thread 4 ] DEBUG FXGLAssetLoaderServi - Loading from file system: file:/C:/Users/zacha/OneDrive/Documents/GitHub/animals-revenge/build/resources/main/assets/ui/Home.fxml
17:53:21.100 [FXGL Background Thread 2 ] INFO  UpdaterService       - Your current version:  17.2
17:53:21.101 [FXGL Background Thread 2 ] INFO  UpdaterService       - Latest stable version: 17.3
17:53:21.329 [FXGL Background Thread 4 ] INFO  FXGLApplication      - Game initialization took: 0.704 sec
17:53:21.330 [JavaFX Application Thread] DEBUG Input                - Clearing active input actions
17:53:21.347 [JavaFX Application Thread] DEBUG GameApplicationServi - Removing overlay from FXGLLoadingScene and adding to GameScene
17:53:21.348 [JavaFX Application Thread] DEBUG PrimaryStageWindow   - FXGLLoadingScene -> GameScene
17:53:23.285 [JavaFX Application Thread] DEBUG FXGLAssetLoaderServi - Loading from file system: file:/C:/Users/zacha/OneDrive/Documents/GitHub/animals-revenge/build/resources/main/assets/ui/Simulator.fxml
17:53:23.367 [FXGL Background Thread 3 ] DEBUG Engine               - Logging environment variables
17:53:23.371 [FXGL Background Thread 3 ] DEBUG Engine               - achievements: []
17:53:23.371 [FXGL Background Thread 3 ] DEBUG Engine               - actualHeight: 815.0
17:53:23.371 [FXGL Background Thread 3 ] DEBUG Engine               - actualHeightProperty: ReadOnlyDoubleProperty [value: 823.2000122070312]
17:53:23.371 [FXGL Background Thread 3 ] DEBUG Engine               - actualWidth: 1447.0
17:53:23.372 [FXGL Background Thread 3 ] DEBUG Engine               - actualWidthProperty: ReadOnlyDoubleProperty [value: 1450.4000244140625]
17:53:23.372 [FXGL Background Thread 3 ] DEBUG Engine               - appIcon: fxgl_icon.png
17:53:23.372 [FXGL Background Thread 3 ] DEBUG Engine               - applicationMode: DEVELOPER
17:53:23.372 [FXGL Background Thread 3 ] DEBUG Engine               - cSSList: [fxgl_dark.css]
17:53:23.372 [FXGL Background Thread 3 ] DEBUG Engine               - collisionDetectionStrategy: BRUTE_FORCE
17:53:23.372 [FXGL Background Thread 3 ] DEBUG Engine               - configClass: Optional.empty
17:53:23.372 [FXGL Background Thread 3 ] DEBUG Engine               - credits: []
17:53:23.376 [FXGL Background Thread 3 ] DEBUG Engine               - defaultCursor: CursorInfo(imageName=fxgl_default_cursor.png, hotspotX=7.0, hotspotY=6.0)
17:53:23.377 [FXGL Background Thread 3 ] DEBUG Engine               - devBBoxColorProperty: ObjectProperty [value: 0xff0000ff]
17:53:23.377 [FXGL Background Thread 3 ] DEBUG Engine               - devEnableDebugCameraProperty: BooleanProperty [value: false]
17:53:23.377 [FXGL Background Thread 3 ] DEBUG Engine               - devSensorColorProperty: ObjectProperty [value: 0xffff00ff]
17:53:23.378 [FXGL Background Thread 3 ] DEBUG Engine               - devShowBBoxProperty: BooleanProperty [value: false]
17:53:23.378 [FXGL Background Thread 3 ] DEBUG Engine               - devShowPositionProperty: BooleanProperty [value: false]
17:53:23.378 [FXGL Background Thread 3 ] DEBUG Engine               - enabledMenuItems: []
17:53:23.378 [FXGL Background Thread 3 ] DEBUG Engine               - engineServices: [class com.almasb.fxgl.app.services.FXGLAssetLoaderService, class com.almasb.fxgl.app.FXGLApplication$GameApplicationService, class com.almasb.fxgl.app.services.FXGLDialogService, class com.almasb.fxgl.app.services.IOTaskExecutorService, class com.almasb.fxgl.io.FileSystemService, class com.almasb.fxgl.localization.LocalizationService, class com.almasb.fxgl.app.services.SystemBundleService, class com.almasb.fxgl.profile.SaveLoadService, class com.almasb.fxgl.ui.FXGLUIFactoryServiceProvider, class com.almasb.fxgl.ui.FXGLDialogFactoryServiceProvider, class com.almasb.fxgl.audio.AudioPlayer, class com.almasb.fxgl.notification.impl.NotificationServiceProvider, class com.almasb.fxgl.achievement.AchievementService, class com.almasb.fxgl.cutscene.CutsceneService, class com.almasb.fxgl.minigames.MiniGameService, class com.almasb.fxgl.net.NetService, class com.almasb.fxgl.app.services.UpdaterService, class com.almasb.fxgl.dev.DevService]
17:53:23.378 [FXGL Background Thread 3 ] DEBUG Engine               - fontGame: Abel-Regular.ttf
17:53:23.378 [FXGL Background Thread 3 ] DEBUG Engine               - fontMono: TerminalLandMono-Regular.otf
17:53:23.378 [FXGL Background Thread 3 ] DEBUG Engine               - fontText: Courier-Prime.ttf
17:53:23.378 [FXGL Background Thread 3 ] DEBUG Engine               - fontUI: VarelaRound-Regular.ttf
17:53:23.378 [FXGL Background Thread 3 ] DEBUG Engine               - fullScreen: BooleanProperty [value: false]
17:53:23.379 [FXGL Background Thread 3 ] DEBUG Engine               - gameDifficulty: MEDIUM
17:53:23.379 [FXGL Background Thread 3 ] DEBUG Engine               - gameDifficultyProperty: ObjectProperty [value: MEDIUM]
17:53:23.379 [FXGL Background Thread 3 ] DEBUG Engine               - globalMusicVolume: 0.5
17:53:23.379 [FXGL Background Thread 3 ] DEBUG Engine               - globalMusicVolumeProperty: DoubleProperty [value: 0.5]
17:53:23.379 [FXGL Background Thread 3 ] DEBUG Engine               - globalSoundVolume: 0.5
17:53:23.380 [FXGL Background Thread 3 ] DEBUG Engine               - globalSoundVolumeProperty: DoubleProperty [value: 0.5]
17:53:23.380 [FXGL Background Thread 3 ] DEBUG Engine               - height: 820
17:53:23.380 [FXGL Background Thread 3 ] DEBUG Engine               - is3D: false
17:53:23.380 [FXGL Background Thread 3 ] DEBUG Engine               - isAndroid: false
17:53:23.380 [FXGL Background Thread 3 ] DEBUG Engine               - isBrowser: false
17:53:23.380 [FXGL Background Thread 3 ] DEBUG Engine               - isClickFeedbackEnabled: false
17:53:23.380 [FXGL Background Thread 3 ] DEBUG Engine               - isCloseConfirmation: false
17:53:23.380 [FXGL Background Thread 3 ] DEBUG Engine               - isDesktop: true
17:53:23.380 [FXGL Background Thread 3 ] DEBUG Engine               - isDeveloperMenuEnabled: false
17:53:23.380 [FXGL Background Thread 3 ] DEBUG Engine               - isEmbedded: false
17:53:23.381 [FXGL Background Thread 3 ] DEBUG Engine               - isEntityPreloadEnabled: true
17:53:23.381 [FXGL Background Thread 3 ] DEBUG Engine               - isExperimentalTiledLargeMap: false
17:53:23.381 [FXGL Background Thread 3 ] DEBUG Engine               - isFileSystemWriteAllowed: true
17:53:23.381 [FXGL Background Thread 3 ] DEBUG Engine               - isFullScreenAllowed: false
17:53:23.381 [FXGL Background Thread 3 ] DEBUG Engine               - isFullScreenFromStart: false
17:53:23.381 [FXGL Background Thread 3 ] DEBUG Engine               - isGameMenuEnabled: false
17:53:23.381 [FXGL Background Thread 3 ] DEBUG Engine               - isIOS: false
17:53:23.381 [FXGL Background Thread 3 ] DEBUG Engine               - isIntroEnabled: false
17:53:23.382 [FXGL Background Thread 3 ] DEBUG Engine               - isLinux: false
17:53:23.382 [FXGL Background Thread 3 ] DEBUG Engine               - isMac: false
17:53:23.382 [FXGL Background Thread 3 ] DEBUG Engine               - isMainMenuEnabled: false
17:53:23.383 [FXGL Background Thread 3 ] DEBUG Engine               - isManualResizeEnabled: false
17:53:23.383 [FXGL Background Thread 3 ] DEBUG Engine               - isMobile: false
17:53:23.383 [FXGL Background Thread 3 ] DEBUG Engine               - isNative: false
17:53:23.384 [FXGL Background Thread 3 ] DEBUG Engine               - isPauseMusicWhenMinimized: true
17:53:23.384 [FXGL Background Thread 3 ] DEBUG Engine               - isPreserveResizeRatio: false
17:53:23.385 [FXGL Background Thread 3 ] DEBUG Engine               - isProfilingEnabled: false
17:53:23.385 [FXGL Background Thread 3 ] DEBUG Engine               - isScaleAffectedOnResize: true
17:53:23.385 [FXGL Background Thread 3 ] DEBUG Engine               - isSingleStep: false
17:53:23.385 [FXGL Background Thread 3 ] DEBUG Engine               - isUserProfileEnabled: false
17:53:23.385 [FXGL Background Thread 3 ] DEBUG Engine               - isWindows: true
17:53:23.385 [FXGL Background Thread 3 ] DEBUG Engine               - language: ObjectProperty [value: ENGLISH]
17:53:23.385 [FXGL Background Thread 3 ] DEBUG Engine               - menuKey: ESCAPE
17:53:23.385 [FXGL Background Thread 3 ] DEBUG Engine               - mouseSensitivity: 0.2
17:53:23.385 [FXGL Background Thread 3 ] DEBUG Engine               - notificationViewClass: class com.almasb.fxgl.notification.view.XboxNotificationView
17:53:23.385 [FXGL Background Thread 3 ] DEBUG Engine               - pixelsPerMeter: 50.0
17:53:23.385 [FXGL Background Thread 3 ] DEBUG Engine               - platform: WINDOWS
17:53:23.386 [FXGL Background Thread 3 ] DEBUG Engine               - prefHeightProperty: ReadOnlyDoubleProperty [value: 820.0]
17:53:23.386 [FXGL Background Thread 3 ] DEBUG Engine               - prefWidthProperty: ReadOnlyDoubleProperty [value: 1480.0]
17:53:23.386 [FXGL Background Thread 3 ] DEBUG Engine               - profileDir: profiles/
17:53:23.386 [FXGL Background Thread 3 ] DEBUG Engine               - profileName: StringProperty [value: DEFAULT]
17:53:23.386 [FXGL Background Thread 3 ] DEBUG Engine               - randomSeed: -1
17:53:23.386 [FXGL Background Thread 3 ] DEBUG Engine               - runtimeInfo: RuntimeInfo(platform=WINDOWS, version=17.2, build=20.08.2022 16.50)
17:53:23.386 [FXGL Background Thread 3 ] DEBUG Engine               - saveFileExt: sav
17:53:23.386 [FXGL Background Thread 3 ] DEBUG Engine               - scaledHeightProp$fxgl: DoubleProperty [bound, value: 823.2000122070312]
17:53:23.387 [FXGL Background Thread 3 ] DEBUG Engine               - scaledWidthProp$fxgl: DoubleProperty [bound, value: 1450.4000244140625]
17:53:23.387 [FXGL Background Thread 3 ] DEBUG Engine               - sceneFactory: com.almasb.fxgl.app.scene.SceneFactory@128e4448
17:53:23.387 [FXGL Background Thread 3 ] DEBUG Engine               - secondsIn24h: 60
17:53:23.387 [FXGL Background Thread 3 ] DEBUG Engine               - soundMenuBack: menu/back.wav
17:53:23.387 [FXGL Background Thread 3 ] DEBUG Engine               - soundMenuPress: menu/press.wav
17:53:23.387 [FXGL Background Thread 3 ] DEBUG Engine               - soundMenuSelect: menu/select.wav
17:53:23.387 [FXGL Background Thread 3 ] DEBUG Engine               - soundNotification: core/notification.wav
17:53:23.387 [FXGL Background Thread 3 ] DEBUG Engine               - stageStyle: DECORATED
17:53:23.387 [FXGL Background Thread 3 ] DEBUG Engine               - supportedLanguages: [ENGLISH, FRENCH, GERMAN, HUNGARIAN, RUSSIAN]
17:53:23.387 [FXGL Background Thread 3 ] DEBUG Engine               - ticksPerSecond: -1
17:53:23.387 [FXGL Background Thread 3 ] DEBUG Engine               - title: Untitled
17:53:23.387 [FXGL Background Thread 3 ] DEBUG Engine               - urlGithub: https://github.com/AlmasB/FXGL
17:53:23.387 [FXGL Background Thread 3 ] DEBUG Engine               - urlLeaderboard: http://fxgl-top.herokuapp.com/
17:53:23.387 [FXGL Background Thread 3 ] DEBUG Engine               - urlPOM: https://raw.githubusercontent.com/AlmasB/FXGL/release/README.md
17:53:23.387 [FXGL Background Thread 3 ] DEBUG Engine               - userAppClass: class edu.vanier.animals_revenge.MainApp
17:53:23.387 [FXGL Background Thread 3 ] DEBUG Engine               - version: 0.0
17:53:23.388 [FXGL Background Thread 3 ] DEBUG Engine               - versionCheckDays: 7
17:53:23.388 [FXGL Background Thread 3 ] DEBUG Engine               - width: 1480
17:53:23.388 [FXGL Background Thread 3 ] DEBUG Engine               - Logging services
17:53:23.388 [FXGL Background Thread 3 ] DEBUG Engine               - class com.almasb.fxgl.app.services.FXGLAssetLoaderService
17:53:23.388 [FXGL Background Thread 3 ] DEBUG Engine               - class com.almasb.fxgl.app.FXGLApplication$GameApplicationService
17:53:23.388 [FXGL Background Thread 3 ] DEBUG Engine               - class com.almasb.fxgl.app.services.FXGLDialogService
17:53:23.388 [FXGL Background Thread 3 ] DEBUG Engine               - class com.almasb.fxgl.app.services.IOTaskExecutorService
17:53:23.388 [FXGL Background Thread 3 ] DEBUG Engine               - class com.almasb.fxgl.io.FileSystemService
17:53:23.388 [FXGL Background Thread 3 ] DEBUG Engine               - class com.almasb.fxgl.localization.LocalizationService
17:53:23.388 [FXGL Background Thread 3 ] DEBUG Engine               - class com.almasb.fxgl.app.services.SystemBundleService
17:53:23.389 [FXGL Background Thread 3 ] DEBUG Engine               - class com.almasb.fxgl.profile.SaveLoadService
17:53:23.389 [FXGL Background Thread 3 ] DEBUG Engine               - class com.almasb.fxgl.ui.FXGLUIFactoryServiceProvider
17:53:23.389 [FXGL Background Thread 3 ] DEBUG Engine               - class com.almasb.fxgl.ui.FXGLDialogFactoryServiceProvider
17:53:23.389 [FXGL Background Thread 3 ] DEBUG Engine               - class com.almasb.fxgl.audio.AudioPlayer
17:53:23.389 [FXGL Background Thread 3 ] DEBUG Engine               - class com.almasb.fxgl.notification.impl.NotificationServiceProvider
17:53:23.389 [FXGL Background Thread 3 ] DEBUG Engine               - class com.almasb.fxgl.achievement.AchievementService
17:53:23.389 [FXGL Background Thread 3 ] DEBUG Engine               - class com.almasb.fxgl.cutscene.CutsceneService
17:53:23.389 [FXGL Background Thread 3 ] DEBUG Engine               - class com.almasb.fxgl.minigames.MiniGameService
17:53:23.389 [FXGL Background Thread 3 ] DEBUG Engine               - class com.almasb.fxgl.net.NetService
17:53:23.390 [FXGL Background Thread 3 ] DEBUG Engine               - class com.almasb.fxgl.app.services.UpdaterService
17:53:23.390 [FXGL Background Thread 3 ] DEBUG Engine               - class com.almasb.fxgl.dev.DevService
17:53:23.449 [JavaFX Application Thread] DEBUG FXGLAssetLoaderServi - Loading from file system: file:/C:/Users/zacha/OneDrive/Documents/GitHub/animals-revenge/build/resources/main/assets/textures/cannon.png
17:53:23.453 [JavaFX Application Thread] DEBUG FXGLAssetLoaderServi - Loading from file system: file:/C:/Users/zacha/OneDrive/Documents/GitHub/animals-revenge/build/resources/main/assets/textures/brick32x32.png
17:53:31.940 [JavaFX Application Thread] DEBUG LoopRunner           - Stopping loop
17:53:31.943 [JavaFX Application Thread] FATAL FXGLApplication      - Uncaught Exception:
java.lang.RuntimeException: java.lang.reflect.InvocationTargetException
	at javafx.fxml@20.0.2/javafx.fxml.FXMLLoader$MethodHandler.invoke(FXMLLoader.java:1858)
	at javafx.fxml@20.0.2/javafx.fxml.FXMLLoader$ControllerMethodEventHandler.handle(FXMLLoader.java:1726)
	at javafx.base@20.0.2/com.sun.javafx.event.CompositeEventHandler.dispatchBubblingEvent(CompositeEventHandler.java:86)
	at javafx.base@20.0.2/com.sun.javafx.event.EventHandlerManager.dispatchBubblingEvent(EventHandlerManager.java:232)
	at javafx.base@20.0.2/com.sun.javafx.event.EventHandlerManager.dispatchBubblingEvent(EventHandlerManager.java:189)
	at javafx.base@20.0.2/com.sun.javafx.event.CompositeEventDispatcher.dispatchBubblingEvent(CompositeEventDispatcher.java:59)
	at javafx.base@20.0.2/com.sun.javafx.event.BasicEventDispatcher.dispatchEvent(BasicEventDispatcher.java:58)
	at javafx.base@20.0.2/com.sun.javafx.event.EventDispatchChainImpl.dispatchEvent(EventDispatchChainImpl.java:114)
	at javafx.base@20.0.2/com.sun.javafx.event.BasicEventDispatcher.dispatchEvent(BasicEventDispatcher.java:56)
	at javafx.base@20.0.2/com.sun.javafx.event.EventDispatchChainImpl.dispatchEvent(EventDispatchChainImpl.java:114)
	at javafx.base@20.0.2/com.sun.javafx.event.BasicEventDispatcher.dispatchEvent(BasicEventDispatcher.java:56)
	at javafx.base@20.0.2/com.sun.javafx.event.EventDispatchChainImpl.dispatchEvent(EventDispatchChainImpl.java:114)
	at javafx.base@20.0.2/com.sun.javafx.event.EventUtil.fireEventImpl(EventUtil.java:74)
	at javafx.base@20.0.2/com.sun.javafx.event.EventUtil.fireEvent(EventUtil.java:54)
	at javafx.base@20.0.2/javafx.event.Event.fireEvent(Event.java:198)
	at javafx.graphics@20.0.2/javafx.scene.Scene$ClickGenerator.postProcess(Scene.java:3684)
	at javafx.graphics@20.0.2/javafx.scene.Scene$MouseHandler.process(Scene.java:3989)
	at javafx.graphics@20.0.2/javafx.scene.Scene.processMouseEvent(Scene.java:1890)
	at javafx.graphics@20.0.2/javafx.scene.Scene$ScenePeerListener.mouseEvent(Scene.java:2704)
	at javafx.graphics@20.0.2/com.sun.javafx.tk.quantum.GlassViewEventHandler$MouseEventNotification.run(GlassViewEventHandler.java:411)
	at javafx.graphics@20.0.2/com.sun.javafx.tk.quantum.GlassViewEventHandler$MouseEventNotification.run(GlassViewEventHandler.java:301)
	at java.base/java.security.AccessController.doPrivileged(AccessController.java:399)
	at javafx.graphics@20.0.2/com.sun.javafx.tk.quantum.GlassViewEventHandler.lambda$handleMouseEvent$2(GlassViewEventHandler.java:450)
	at javafx.graphics@20.0.2/com.sun.javafx.tk.quantum.QuantumToolkit.runWithoutRenderLock(QuantumToolkit.java:424)
	at javafx.graphics@20.0.2/com.sun.javafx.tk.quantum.GlassViewEventHandler.handleMouseEvent(GlassViewEventHandler.java:449)
	at javafx.graphics@20.0.2/com.sun.glass.ui.View.handleMouseEvent(View.java:551)
	at javafx.graphics@20.0.2/com.sun.glass.ui.View.notifyMouse(View.java:937)
	at javafx.graphics@20.0.2/com.sun.glass.ui.win.WinApplication._runLoop(Native Method)
	at javafx.graphics@20.0.2/com.sun.glass.ui.win.WinApplication.lambda$runLoop$3(WinApplication.java:185)
	at java.base/java.lang.Thread.run(Thread.java:833)
Caused by: java.lang.reflect.InvocationTargetException
	at java.base/jdk.internal.reflect.DirectMethodHandleAccessor.invoke(DirectMethodHandleAccessor.java:116)
	at java.base/java.lang.reflect.Method.invoke(Method.java:577)
	at com.sun.javafx.reflect.Trampoline.invoke(MethodUtil.java:72)
	at java.base/jdk.internal.reflect.DirectMethodHandleAccessor.invoke(DirectMethodHandleAccessor.java:104)
	at java.base/java.lang.reflect.Method.invoke(Method.java:577)
	at javafx.base@20.0.2/com.sun.javafx.reflect.MethodUtil.invoke(MethodUtil.java:270)
	at javafx.fxml@20.0.2/com.sun.javafx.fxml.MethodHelper.invoke(MethodHelper.java:84)
	at javafx.fxml@20.0.2/javafx.fxml.FXMLLoader$MethodHandler.invoke(FXMLLoader.java:1853)
	... 29 more
Caused by: java.lang.NullPointerException: Cannot invoke "javafx.scene.control.Slider.getValue()" because "this.frictionSlider" is null
	at edu.vanier.animals_revenge.controllers.SimulatorController.getFriction(SimulatorController.java:288)
	at edu.vanier.animals_revenge.controllers.SimulatorController.select(SimulatorController.java:215)
	at java.base/jdk.internal.reflect.DirectMethodHandleAccessor.invoke(DirectMethodHandleAccessor.java:104)
	... 36 more

17:53:31.943 [JavaFX Application Thread] FATAL FXGLApplication      - Application will now exit
17:53:31.968 [JavaFX Application Thread] DEBUG PrimaryStageWindow   - Push state: ErrorSubScene
17:53:31.968 [JavaFX Application Thread] DEBUG Input                - Clearing active input actions
17:53:31.971 [JavaFX Application Thread] DEBUG GameApplicationServi - Removing overlay from GameScene and adding to ErrorSubScene
17:53:31.972 [JavaFX Application Thread] DEBUG PrimaryStageWindow   - GameScene -> ErrorSubScene
17:53:43.587 [JavaFX Application Thread] DEBUG FXGLApplication      - Exiting FXGL
17:53:43.587 [JavaFX Application Thread] DEBUG Async                - Shutting down background threads
17:53:43.587 [JavaFX Application Thread] DEBUG PrimaryStageWindow   - Closing main window
17:53:43.625 [JavaFX Application Thread] DEBUG Logger               - Closing Logger
