16:41:11.688 [main                     ] DEBUG Logger               - Configured Logger
16:41:11.720 [main                     ] DEBUG GameApplication      - Logging settings
Title: Untitled
Version: 0.0
Width: 1480
Height: 820
Fullscreen: false
Intro: false
Profiling: false
Single step:false
App Mode: DEVELOPER
Menu Key: ESCAPE
Stage Style: DECORATED
Scene Factory: class com.almasb.fxgl.app.scene.SceneFactory

16:41:12.226 [JavaFX Application Thread] DEBUG FXGLApplication      - Initializing FXGL
16:41:12.236 [JavaFX Application Thread] INFO  Engine               - FXGL-17.2 (20.08.2022 16.50) on WINDOWS (J:18.0.2.1 FX:20.0.2)
16:41:12.237 [JavaFX Application Thread] DEBUG Engine               - JRE Vendor Name: Oracle Corporation
16:41:12.237 [JavaFX Application Thread] DEBUG Engine               - Running on OS: Windows 11 version 10.0
16:41:12.238 [JavaFX Application Thread] DEBUG Engine               - Architecture: amd64
16:41:12.238 [JavaFX Application Thread] INFO  Engine               - Source code and latest versions at: https://github.com/AlmasB/FXGL
16:41:12.238 [JavaFX Application Thread] INFO  Engine               -       Ask questions and discuss at: https://github.com/AlmasB/FXGL/discussions
16:41:12.239 [JavaFX Application Thread] INFO  Engine               -              Join the FXGL chat at: https://gitter.im/AlmasB/FXGL
16:41:12.361 [JavaFX Application Thread] DEBUG PrimaryStageWindow   - Creating a JavaFX scene
16:41:12.362 [JavaFX Application Thread] DEBUG PrimaryStageWindow   - Target size > screen size
16:41:12.426 [JavaFX Application Thread] DEBUG PrimaryStageWindow   - Target settings size: 1480.0 x 820.0
16:41:12.426 [JavaFX Application Thread] DEBUG PrimaryStageWindow   - Scaled scene size:    1447.0 x 815.0
16:41:12.427 [JavaFX Application Thread] DEBUG PrimaryStageWindow   - Scaled ratio: (0.9777027027027027, 0.9939024390243902)
16:41:12.429 [JavaFX Application Thread] DEBUG PrimaryStageWindow   - Set initial scene to FXGLStartupScene
16:41:12.434 [JavaFX Application Thread] DEBUG PrimaryStageWindow   - Opening main window
16:41:12.553 [JavaFX Application Thread] DEBUG PrimaryStageWindow   - Window border size: (14.5999755859375, 37.79998779296875)
16:41:12.553 [JavaFX Application Thread] DEBUG PrimaryStageWindow   - Scaled size: 1447.0 x 815.0
16:41:12.555 [JavaFX Application Thread] DEBUG PrimaryStageWindow   - Scaled ratio: (0.9777027027027027, 0.9939024390243902)
16:41:12.555 [JavaFX Application Thread] DEBUG PrimaryStageWindow   - Scene size: 1447.0 x 815.0
16:41:12.555 [JavaFX Application Thread] DEBUG PrimaryStageWindow   - Stage size: 1461.5999755859375 x 852.7999877929688
16:41:12.563 [FXGL Background Thread 1 ] DEBUG Engine               - Initializing environment variables
16:41:12.619 [FXGL Background Thread 1 ] DEBUG FXGLAssetLoaderServi - User app class for loading assets: class edu.vanier.animals_revenge.MainApp
16:41:12.619 [FXGL Background Thread 1 ] DEBUG GameApplicationServi - Applying CSS: fxgl_dark.css
16:41:12.621 [FXGL Background Thread 1 ] DEBUG FXGLAssetLoaderServi - Loading from file system: jar:file:/C:/Users/zacha/.gradle/caches/modules-2/files-2.1/com.github.almasb/fxgl/17.2/35db6ae960eec2dcfd19262d3b7f9c42f0e95bc3/fxgl-17.2.jar!/fxglassets/ui/css/fxgl_dark.css
16:41:12.674 [FXGL Background Thread 1 ] DEBUG GameApplicationServi - Initializing application scenes
16:41:12.729 [FXGL Background Thread 1 ] DEBUG GameWorld            - Game world initialized
16:41:12.818 [FXGL Background Thread 1 ] DEBUG PhysicsWorld         - Physics world initialized: appHeight=820, physics.ppm=50.0
16:41:12.818 [FXGL Background Thread 1 ] DEBUG PhysicsWorld         - Using strategy: BRUTE_FORCE
16:41:12.824 [FXGL Background Thread 1 ] DEBUG GameScene            - Game scene initialized: 1480x820
16:41:12.824 [FXGL Background Thread 1 ] DEBUG GameApplicationServi - Application scenes initialized
16:41:12.843 [FXGL Background Thread 1 ] DEBUG SystemBundleService  - Loading FXGL system data
16:41:12.849 [FXGL Background Thread 1 ] DEBUG FileSystemAccess     - Reading from: C:\Users\zacha\OneDrive\Documents\GitHub\animals-revenge\system\fxgl.bundle
16:41:12.860 [FXGL Background Thread 1 ] DEBUG SystemBundleService  - Bundle FXGL: {}
16:41:12.860 [FXGL Background Thread 1 ] DEBUG UpdaterService       - Checking for updates
16:41:12.872 [FXGL Background Thread 4 ] DEBUG FXGLApplication      - Loading fonts
16:41:12.874 [FXGL Background Thread 4 ] DEBUG FXGLAssetLoaderServi - Loading from file system: jar:file:/C:/Users/zacha/.gradle/caches/modules-2/files-2.1/com.github.almasb/fxgl/17.2/35db6ae960eec2dcfd19262d3b7f9c42f0e95bc3/fxgl-17.2.jar!/fxglassets/ui/fonts/VarelaRound-Regular.ttf
16:41:12.874 [FXGL Background Thread 1 ] DEBUG FXGLApplication      - Loading default localization
16:41:12.875 [FXGL Background Thread 1 ] DEBUG FXGLAssetLoaderServi - Loading from file system: jar:file:/C:/Users/zacha/.gradle/caches/modules-2/files-2.1/com.github.almasb/fxgl/17.2/35db6ae960eec2dcfd19262d3b7f9c42f0e95bc3/fxgl-17.2.jar!/fxglassets/languages/english.lang
16:41:12.933 [FXGL Background Thread 1 ] INFO  FXGLApplication      - FXGL initialization took: 0.370 sec
16:41:12.949 [JavaFX Application Thread] DEBUG Input                - Registered new binding: Launch - RMB
16:41:12.950 [JavaFX Application Thread] DEBUG Input                - Registered new binding: Create - LMB
16:41:12.950 [JavaFX Application Thread] DEBUG Input                - Registered new binding: Drag - CTRL+LMB
16:41:12.951 [JavaFX Application Thread] DEBUG FXGLAssetLoaderServi - Loading from file system: jar:file:/C:/Users/zacha/.gradle/caches/modules-2/files-2.1/com.github.almasb/fxgl/17.2/35db6ae960eec2dcfd19262d3b7f9c42f0e95bc3/fxgl-17.2.jar!/fxglassets/textures/fxgl_icon.png
16:41:12.959 [FXGL Background Thread 4 ] DEBUG FXGLAssetLoaderServi - Loading from file system: jar:file:/C:/Users/zacha/.gradle/caches/modules-2/files-2.1/com.github.almasb/fxgl/17.2/35db6ae960eec2dcfd19262d3b7f9c42f0e95bc3/fxgl-17.2.jar!/fxglassets/ui/fonts/Abel-Regular.ttf
16:41:12.965 [FXGL Background Thread 4 ] DEBUG FXGLAssetLoaderServi - Loading from file system: jar:file:/C:/Users/zacha/.gradle/caches/modules-2/files-2.1/com.github.almasb/fxgl/17.2/35db6ae960eec2dcfd19262d3b7f9c42f0e95bc3/fxgl-17.2.jar!/fxglassets/ui/fonts/TerminalLandMono-Regular.otf
16:41:12.972 [FXGL Background Thread 4 ] DEBUG FXGLAssetLoaderServi - Loading from file system: jar:file:/C:/Users/zacha/.gradle/caches/modules-2/files-2.1/com.github.almasb/fxgl/17.2/35db6ae960eec2dcfd19262d3b7f9c42f0e95bc3/fxgl-17.2.jar!/fxglassets/ui/fonts/Courier-Prime.ttf
16:41:13.022 [JavaFX Application Thread] DEBUG FXGLAssetLoaderServi - Loading from file system: jar:file:/C:/Users/zacha/.gradle/caches/modules-2/files-2.1/com.github.almasb/fxgl/17.2/35db6ae960eec2dcfd19262d3b7f9c42f0e95bc3/fxgl-17.2.jar!/fxglassets/textures/fxgl_default_cursor.png
16:41:13.036 [JavaFX Application Thread] DEBUG Input                - Registered new binding: Screenshot - CTRL+8
16:41:13.045 [JavaFX Application Thread] DEBUG Input                - Registered new binding: System info dump - CTRL+9
16:41:13.047 [JavaFX Application Thread] DEBUG Input                - Registered new binding: Restart - CTRL+R
16:41:13.050 [JavaFX Application Thread] DEBUG Input                - Registered new binding: Toggle Debug Camera - CTRL+7
16:41:13.062 [JavaFX Application Thread] DEBUG LoopRunner           - Starting loop
16:41:13.062 [JavaFX Application Thread] DEBUG LoopRunner           - Initializing JavaFX AnimationTimerLoop
16:41:13.068 [JavaFX Application Thread] DEBUG GameApplicationServi - Starting new game
16:41:13.069 [JavaFX Application Thread] DEBUG Input                - Clearing active input actions
16:41:13.086 [JavaFX Application Thread] DEBUG GameApplicationServi - Removing overlay from FXGLStartupScene and adding to FXGLLoadingScene
16:41:13.087 [JavaFX Application Thread] DEBUG PrimaryStageWindow   - FXGLStartupScene -> FXGLLoadingScene
16:41:13.088 [JavaFX Application Thread] DEBUG GameApplicationServi - Clearing previous game
16:41:13.088 [JavaFX Application Thread] DEBUG GameScene            - Clearing game scene
16:41:13.088 [JavaFX Application Thread] DEBUG GameWorld            - Clearing game world
16:41:13.088 [JavaFX Application Thread] DEBUG PhysicsWorld         - Clearing physics world
16:41:13.094 [JavaFX Application Thread] DEBUG FXGLApplication      - Registering font factories with UI factory
16:41:13.094 [FXGL Background Thread 4 ] DEBUG FXGLApplication      - Initializing game
16:41:13.153 [FXGL Background Thread 4 ] DEBUG FXGLAssetLoaderServi - Loading from file system: file:/C:/Users/zacha/OneDrive/Documents/GitHub/animals-revenge/build/resources/main/assets/ui/Home.fxml
16:41:13.470 [FXGL Background Thread 2 ] INFO  UpdaterService       - Your current version:  17.2
16:41:13.472 [FXGL Background Thread 2 ] INFO  UpdaterService       - Latest stable version: 17.3
16:41:13.678 [FXGL Background Thread 4 ] INFO  FXGLApplication      - Game initialization took: 0.584 sec
16:41:13.679 [JavaFX Application Thread] DEBUG Input                - Clearing active input actions
16:41:13.700 [JavaFX Application Thread] DEBUG GameApplicationServi - Removing overlay from FXGLLoadingScene and adding to GameScene
16:41:13.701 [JavaFX Application Thread] DEBUG PrimaryStageWindow   - FXGLLoadingScene -> GameScene
16:41:15.868 [FXGL Background Thread 3 ] DEBUG Engine               - Logging environment variables
16:41:15.868 [FXGL Background Thread 3 ] DEBUG Engine               - achievements: []
16:41:15.869 [FXGL Background Thread 3 ] DEBUG Engine               - actualHeight: 815.0
16:41:15.869 [FXGL Background Thread 3 ] DEBUG Engine               - actualHeightProperty: ReadOnlyDoubleProperty [value: 815.0]
16:41:15.869 [FXGL Background Thread 3 ] DEBUG Engine               - actualWidth: 1447.0
16:41:15.869 [FXGL Background Thread 3 ] DEBUG Engine               - actualWidthProperty: ReadOnlyDoubleProperty [value: 1447.0]
16:41:15.869 [FXGL Background Thread 3 ] DEBUG Engine               - appIcon: fxgl_icon.png
16:41:15.869 [FXGL Background Thread 3 ] DEBUG Engine               - applicationMode: DEVELOPER
16:41:15.869 [FXGL Background Thread 3 ] DEBUG Engine               - cSSList: [fxgl_dark.css]
16:41:15.870 [FXGL Background Thread 3 ] DEBUG Engine               - collisionDetectionStrategy: BRUTE_FORCE
16:41:15.870 [FXGL Background Thread 3 ] DEBUG Engine               - configClass: Optional.empty
16:41:15.870 [FXGL Background Thread 3 ] DEBUG Engine               - credits: []
16:41:15.872 [FXGL Background Thread 3 ] DEBUG Engine               - defaultCursor: CursorInfo(imageName=fxgl_default_cursor.png, hotspotX=7.0, hotspotY=6.0)
16:41:15.873 [FXGL Background Thread 3 ] DEBUG Engine               - devBBoxColorProperty: ObjectProperty [value: 0xff0000ff]
16:41:15.873 [FXGL Background Thread 3 ] DEBUG Engine               - devEnableDebugCameraProperty: BooleanProperty [value: false]
16:41:15.873 [FXGL Background Thread 3 ] DEBUG Engine               - devSensorColorProperty: ObjectProperty [value: 0xffff00ff]
16:41:15.874 [FXGL Background Thread 3 ] DEBUG Engine               - devShowBBoxProperty: BooleanProperty [value: false]
16:41:15.874 [FXGL Background Thread 3 ] DEBUG Engine               - devShowPositionProperty: BooleanProperty [value: false]
16:41:15.874 [FXGL Background Thread 3 ] DEBUG Engine               - enabledMenuItems: []
16:41:15.874 [FXGL Background Thread 3 ] DEBUG Engine               - engineServices: [class com.almasb.fxgl.app.services.FXGLAssetLoaderService, class com.almasb.fxgl.app.FXGLApplication$GameApplicationService, class com.almasb.fxgl.app.services.FXGLDialogService, class com.almasb.fxgl.app.services.IOTaskExecutorService, class com.almasb.fxgl.io.FileSystemService, class com.almasb.fxgl.localization.LocalizationService, class com.almasb.fxgl.app.services.SystemBundleService, class com.almasb.fxgl.profile.SaveLoadService, class com.almasb.fxgl.ui.FXGLUIFactoryServiceProvider, class com.almasb.fxgl.ui.FXGLDialogFactoryServiceProvider, class com.almasb.fxgl.audio.AudioPlayer, class com.almasb.fxgl.notification.impl.NotificationServiceProvider, class com.almasb.fxgl.achievement.AchievementService, class com.almasb.fxgl.cutscene.CutsceneService, class com.almasb.fxgl.minigames.MiniGameService, class com.almasb.fxgl.net.NetService, class com.almasb.fxgl.app.services.UpdaterService, class com.almasb.fxgl.dev.DevService]
16:41:15.874 [FXGL Background Thread 3 ] DEBUG Engine               - fontGame: Abel-Regular.ttf
16:41:15.874 [FXGL Background Thread 3 ] DEBUG Engine               - fontMono: TerminalLandMono-Regular.otf
16:41:15.874 [FXGL Background Thread 3 ] DEBUG Engine               - fontText: Courier-Prime.ttf
16:41:15.874 [FXGL Background Thread 3 ] DEBUG Engine               - fontUI: VarelaRound-Regular.ttf
16:41:15.875 [FXGL Background Thread 3 ] DEBUG Engine               - fullScreen: BooleanProperty [value: false]
16:41:15.875 [FXGL Background Thread 3 ] DEBUG Engine               - gameDifficulty: MEDIUM
16:41:15.875 [FXGL Background Thread 3 ] DEBUG Engine               - gameDifficultyProperty: ObjectProperty [value: MEDIUM]
16:41:15.875 [FXGL Background Thread 3 ] DEBUG Engine               - globalMusicVolume: 0.5
16:41:15.876 [FXGL Background Thread 3 ] DEBUG Engine               - globalMusicVolumeProperty: DoubleProperty [value: 0.5]
16:41:15.876 [FXGL Background Thread 3 ] DEBUG Engine               - globalSoundVolume: 0.5
16:41:15.876 [FXGL Background Thread 3 ] DEBUG Engine               - globalSoundVolumeProperty: DoubleProperty [value: 0.5]
16:41:15.876 [FXGL Background Thread 3 ] DEBUG Engine               - height: 820
16:41:15.876 [FXGL Background Thread 3 ] DEBUG Engine               - is3D: false
16:41:15.876 [FXGL Background Thread 3 ] DEBUG Engine               - isAndroid: false
16:41:15.876 [FXGL Background Thread 3 ] DEBUG Engine               - isBrowser: false
16:41:15.876 [FXGL Background Thread 3 ] DEBUG Engine               - isClickFeedbackEnabled: false
16:41:15.876 [FXGL Background Thread 3 ] DEBUG Engine               - isCloseConfirmation: false
16:41:15.876 [FXGL Background Thread 3 ] DEBUG Engine               - isDesktop: true
16:41:15.876 [FXGL Background Thread 3 ] DEBUG Engine               - isDeveloperMenuEnabled: false
16:41:15.876 [FXGL Background Thread 3 ] DEBUG Engine               - isEmbedded: false
16:41:15.876 [FXGL Background Thread 3 ] DEBUG Engine               - isEntityPreloadEnabled: true
16:41:15.876 [FXGL Background Thread 3 ] DEBUG Engine               - isExperimentalTiledLargeMap: false
16:41:15.876 [FXGL Background Thread 3 ] DEBUG Engine               - isFileSystemWriteAllowed: true
16:41:15.877 [FXGL Background Thread 3 ] DEBUG Engine               - isFullScreenAllowed: false
16:41:15.877 [FXGL Background Thread 3 ] DEBUG Engine               - isFullScreenFromStart: false
16:41:15.877 [FXGL Background Thread 3 ] DEBUG Engine               - isGameMenuEnabled: false
16:41:15.877 [FXGL Background Thread 3 ] DEBUG Engine               - isIOS: false
16:41:15.877 [FXGL Background Thread 3 ] DEBUG Engine               - isIntroEnabled: false
16:41:15.877 [FXGL Background Thread 3 ] DEBUG Engine               - isLinux: false
16:41:15.877 [FXGL Background Thread 3 ] DEBUG Engine               - isMac: false
16:41:15.877 [FXGL Background Thread 3 ] DEBUG Engine               - isMainMenuEnabled: false
16:41:15.877 [FXGL Background Thread 3 ] DEBUG Engine               - isManualResizeEnabled: false
16:41:15.877 [FXGL Background Thread 3 ] DEBUG Engine               - isMobile: false
16:41:15.877 [FXGL Background Thread 3 ] DEBUG Engine               - isNative: false
16:41:15.877 [FXGL Background Thread 3 ] DEBUG Engine               - isPauseMusicWhenMinimized: true
16:41:15.879 [FXGL Background Thread 3 ] DEBUG Engine               - isPreserveResizeRatio: false
16:41:15.879 [FXGL Background Thread 3 ] DEBUG Engine               - isProfilingEnabled: false
16:41:15.879 [FXGL Background Thread 3 ] DEBUG Engine               - isScaleAffectedOnResize: true
16:41:15.879 [FXGL Background Thread 3 ] DEBUG Engine               - isSingleStep: false
16:41:15.879 [FXGL Background Thread 3 ] DEBUG Engine               - isUserProfileEnabled: false
16:41:15.879 [FXGL Background Thread 3 ] DEBUG Engine               - isWindows: true
16:41:15.879 [FXGL Background Thread 3 ] DEBUG Engine               - language: ObjectProperty [value: ENGLISH]
16:41:15.879 [FXGL Background Thread 3 ] DEBUG Engine               - menuKey: ESCAPE
16:41:15.879 [FXGL Background Thread 3 ] DEBUG Engine               - mouseSensitivity: 0.2
16:41:15.879 [FXGL Background Thread 3 ] DEBUG Engine               - notificationViewClass: class com.almasb.fxgl.notification.view.XboxNotificationView
16:41:15.879 [FXGL Background Thread 3 ] DEBUG Engine               - pixelsPerMeter: 50.0
16:41:15.879 [FXGL Background Thread 3 ] DEBUG Engine               - platform: WINDOWS
16:41:15.879 [FXGL Background Thread 3 ] DEBUG Engine               - prefHeightProperty: ReadOnlyDoubleProperty [value: 820.0]
16:41:15.879 [FXGL Background Thread 3 ] DEBUG Engine               - prefWidthProperty: ReadOnlyDoubleProperty [value: 1480.0]
16:41:15.879 [FXGL Background Thread 3 ] DEBUG Engine               - profileDir: profiles/
16:41:15.879 [FXGL Background Thread 3 ] DEBUG Engine               - profileName: StringProperty [value: DEFAULT]
16:41:15.879 [FXGL Background Thread 3 ] DEBUG Engine               - randomSeed: -1
16:41:15.880 [FXGL Background Thread 3 ] DEBUG Engine               - runtimeInfo: RuntimeInfo(platform=WINDOWS, version=17.2, build=20.08.2022 16.50)
16:41:15.880 [FXGL Background Thread 3 ] DEBUG Engine               - saveFileExt: sav
16:41:15.880 [FXGL Background Thread 3 ] DEBUG Engine               - scaledHeightProp$fxgl: DoubleProperty [bound, value: 815.0]
16:41:15.880 [FXGL Background Thread 3 ] DEBUG Engine               - scaledWidthProp$fxgl: DoubleProperty [bound, value: 1447.0]
16:41:15.880 [FXGL Background Thread 3 ] DEBUG Engine               - sceneFactory: com.almasb.fxgl.app.scene.SceneFactory@1e18a159
16:41:15.880 [FXGL Background Thread 3 ] DEBUG Engine               - secondsIn24h: 60
16:41:15.880 [FXGL Background Thread 3 ] DEBUG Engine               - soundMenuBack: menu/back.wav
16:41:15.880 [FXGL Background Thread 3 ] DEBUG Engine               - soundMenuPress: menu/press.wav
16:41:15.880 [FXGL Background Thread 3 ] DEBUG Engine               - soundMenuSelect: menu/select.wav
16:41:15.880 [FXGL Background Thread 3 ] DEBUG Engine               - soundNotification: core/notification.wav
16:41:15.880 [FXGL Background Thread 3 ] DEBUG Engine               - stageStyle: DECORATED
16:41:15.880 [FXGL Background Thread 3 ] DEBUG Engine               - supportedLanguages: [ENGLISH, FRENCH, GERMAN, HUNGARIAN, RUSSIAN]
16:41:15.880 [FXGL Background Thread 3 ] DEBUG Engine               - ticksPerSecond: -1
16:41:15.880 [FXGL Background Thread 3 ] DEBUG Engine               - title: Untitled
16:41:15.881 [FXGL Background Thread 3 ] DEBUG Engine               - urlGithub: https://github.com/AlmasB/FXGL
16:41:15.881 [FXGL Background Thread 3 ] DEBUG Engine               - urlLeaderboard: http://fxgl-top.herokuapp.com/
16:41:15.881 [FXGL Background Thread 3 ] DEBUG Engine               - urlPOM: https://raw.githubusercontent.com/AlmasB/FXGL/release/README.md
16:41:15.881 [FXGL Background Thread 3 ] DEBUG Engine               - userAppClass: class edu.vanier.animals_revenge.MainApp
16:41:15.881 [FXGL Background Thread 3 ] DEBUG Engine               - version: 0.0
16:41:15.881 [FXGL Background Thread 3 ] DEBUG Engine               - versionCheckDays: 7
16:41:15.881 [FXGL Background Thread 3 ] DEBUG Engine               - width: 1480
16:41:15.881 [FXGL Background Thread 3 ] DEBUG Engine               - Logging services
16:41:15.881 [FXGL Background Thread 3 ] DEBUG Engine               - class com.almasb.fxgl.app.services.FXGLAssetLoaderService
16:41:15.881 [FXGL Background Thread 3 ] DEBUG Engine               - class com.almasb.fxgl.app.FXGLApplication$GameApplicationService
16:41:15.881 [FXGL Background Thread 3 ] DEBUG Engine               - class com.almasb.fxgl.app.services.FXGLDialogService
16:41:15.881 [FXGL Background Thread 3 ] DEBUG Engine               - class com.almasb.fxgl.app.services.IOTaskExecutorService
16:41:15.881 [FXGL Background Thread 3 ] DEBUG Engine               - class com.almasb.fxgl.io.FileSystemService
16:41:15.881 [FXGL Background Thread 3 ] DEBUG Engine               - class com.almasb.fxgl.localization.LocalizationService
16:41:15.881 [FXGL Background Thread 3 ] DEBUG Engine               - class com.almasb.fxgl.app.services.SystemBundleService
16:41:15.881 [FXGL Background Thread 3 ] DEBUG Engine               - class com.almasb.fxgl.profile.SaveLoadService
16:41:15.881 [FXGL Background Thread 3 ] DEBUG Engine               - class com.almasb.fxgl.ui.FXGLUIFactoryServiceProvider
16:41:15.881 [FXGL Background Thread 3 ] DEBUG Engine               - class com.almasb.fxgl.ui.FXGLDialogFactoryServiceProvider
16:41:15.881 [FXGL Background Thread 3 ] DEBUG Engine               - class com.almasb.fxgl.audio.AudioPlayer
16:41:15.881 [FXGL Background Thread 3 ] DEBUG Engine               - class com.almasb.fxgl.notification.impl.NotificationServiceProvider
16:41:15.881 [FXGL Background Thread 3 ] DEBUG Engine               - class com.almasb.fxgl.achievement.AchievementService
16:41:15.881 [FXGL Background Thread 3 ] DEBUG Engine               - class com.almasb.fxgl.cutscene.CutsceneService
16:41:15.881 [FXGL Background Thread 3 ] DEBUG Engine               - class com.almasb.fxgl.minigames.MiniGameService
16:41:15.881 [FXGL Background Thread 3 ] DEBUG Engine               - class com.almasb.fxgl.net.NetService
16:41:15.881 [FXGL Background Thread 3 ] DEBUG Engine               - class com.almasb.fxgl.app.services.UpdaterService
16:41:15.881 [FXGL Background Thread 3 ] DEBUG Engine               - class com.almasb.fxgl.dev.DevService
16:41:16.901 [JavaFX Application Thread] DEBUG FXGLAssetLoaderServi - Loading from file system: file:/C:/Users/zacha/OneDrive/Documents/GitHub/animals-revenge/build/resources/main/assets/ui/Simulator.fxml
16:41:17.026 [JavaFX Application Thread] DEBUG FXGLAssetLoaderServi - Loading from file system: file:/C:/Users/zacha/OneDrive/Documents/GitHub/animals-revenge/build/resources/main/assets/textures/cannon.png
16:41:17.031 [JavaFX Application Thread] DEBUG FXGLAssetLoaderServi - Loading from file system: file:/C:/Users/zacha/OneDrive/Documents/GitHub/animals-revenge/build/resources/main/assets/textures/brick32x32.png
16:41:28.193 [JavaFX Application Thread] DEBUG FXGLAssetLoaderServi - Loading from file system: file:/C:/Users/zacha/OneDrive/Documents/GitHub/animals-revenge/build/resources/main/assets/textures/soccer.png
16:42:18.018 [JavaFX Application Thread] DEBUG FXGLApplication      - Exiting FXGL
16:42:18.018 [JavaFX Application Thread] DEBUG LoopRunner           - Stopping loop
16:42:18.018 [JavaFX Application Thread] DEBUG SystemBundleService  - Saving FXGL system data
16:42:18.021 [JavaFX Application Thread] DEBUG FileSystemAccess     - Writing to: C:\Users\zacha\OneDrive\Documents\GitHub\animals-revenge\system\fxgl.bundle
16:42:18.023 [JavaFX Application Thread] DEBUG Async                - Shutting down background threads
16:42:18.023 [JavaFX Application Thread] DEBUG PrimaryStageWindow   - Closing main window
16:42:18.035 [JavaFX Application Thread] DEBUG Logger               - Closing Logger
