21:09:59.254 [main                     ] DEBUG Logger               - Configured Logger
21:09:59.273 [main                     ] DEBUG GameApplication      - Logging settings
Title: Untitled
Version: 0.0
Width: 1480
Height: 820
Fullscreen: false
Intro: false
Profiling: false
Single step:false
App Mode: DEVELOPER
Menu Key: ESCAPE
Stage Style: DECORATED
Scene Factory: class com.almasb.fxgl.app.scene.SceneFactory

21:09:59.498 [JavaFX Application Thread] DEBUG FXGLApplication      - Initializing FXGL
21:09:59.503 [JavaFX Application Thread] INFO  Engine               - FXGL-17.2 (20.08.2022 16.50) on WINDOWS (J:18.0.2.1 FX:20.0.2)
21:09:59.503 [JavaFX Application Thread] DEBUG Engine               - JRE Vendor Name: Oracle Corporation
21:09:59.503 [JavaFX Application Thread] DEBUG Engine               - Running on OS: Windows 11 version 10.0
21:09:59.503 [JavaFX Application Thread] DEBUG Engine               - Architecture: amd64
21:09:59.503 [JavaFX Application Thread] INFO  Engine               - Source code and latest versions at: https://github.com/AlmasB/FXGL
21:09:59.503 [JavaFX Application Thread] INFO  Engine               -       Ask questions and discuss at: https://github.com/AlmasB/FXGL/discussions
21:09:59.504 [JavaFX Application Thread] INFO  Engine               -              Join the FXGL chat at: https://gitter.im/AlmasB/FXGL
21:09:59.566 [JavaFX Application Thread] DEBUG PrimaryStageWindow   - Creating a JavaFX scene
21:09:59.596 [JavaFX Application Thread] DEBUG PrimaryStageWindow   - Target settings size: 1480.0 x 820.0
21:09:59.596 [JavaFX Application Thread] DEBUG PrimaryStageWindow   - Scaled scene size:    1480.0 x 820.0
21:09:59.596 [JavaFX Application Thread] DEBUG PrimaryStageWindow   - Scaled ratio: (1.0, 1.0)
21:09:59.597 [JavaFX Application Thread] DEBUG PrimaryStageWindow   - Set initial scene to FXGLStartupScene
21:09:59.599 [JavaFX Application Thread] DEBUG PrimaryStageWindow   - Opening main window
21:09:59.652 [JavaFX Application Thread] DEBUG PrimaryStageWindow   - Window border size: (16.0, 39.0)
21:09:59.653 [JavaFX Application Thread] DEBUG PrimaryStageWindow   - Scaled size: 1480.0 x 820.0
21:09:59.653 [JavaFX Application Thread] DEBUG PrimaryStageWindow   - Scaled ratio: (1.0, 1.0)
21:09:59.653 [JavaFX Application Thread] DEBUG PrimaryStageWindow   - Scene size: 1480.0 x 820.0
21:09:59.653 [JavaFX Application Thread] DEBUG PrimaryStageWindow   - Stage size: 1496.0 x 859.0
21:09:59.658 [FXGL Background Thread 1 ] DEBUG Engine               - Initializing environment variables
21:09:59.698 [FXGL Background Thread 1 ] DEBUG FXGLAssetLoaderServi - User app class for loading assets: class edu.vanier.animals_revenge.MainApp
21:09:59.698 [FXGL Background Thread 1 ] DEBUG GameApplicationServi - Applying CSS: fxgl_dark.css
21:09:59.700 [FXGL Background Thread 1 ] DEBUG FXGLAssetLoaderServi - Loading from file system: jar:file:/C:/Users/ethan/.gradle/caches/modules-2/files-2.1/com.github.almasb/fxgl/17.2/35db6ae960eec2dcfd19262d3b7f9c42f0e95bc3/fxgl-17.2.jar!/fxglassets/ui/css/fxgl_dark.css
21:09:59.729 [FXGL Background Thread 1 ] DEBUG GameApplicationServi - Initializing application scenes
21:09:59.752 [FXGL Background Thread 1 ] DEBUG GameWorld            - Game world initialized
21:09:59.792 [FXGL Background Thread 1 ] DEBUG PhysicsWorld         - Physics world initialized: appHeight=820, physics.ppm=50.0
21:09:59.793 [FXGL Background Thread 1 ] DEBUG PhysicsWorld         - Using strategy: BRUTE_FORCE
21:09:59.796 [FXGL Background Thread 1 ] DEBUG GameScene            - Game scene initialized: 1480x820
21:09:59.796 [FXGL Background Thread 1 ] DEBUG GameApplicationServi - Application scenes initialized
21:09:59.807 [FXGL Background Thread 1 ] DEBUG SystemBundleService  - Loading FXGL system data
21:09:59.811 [FXGL Background Thread 1 ] DEBUG FileSystemAccess     - Reading from: C:\Users\ethan\IdeaProjects\animals-revenge\system\fxgl.bundle
21:09:59.818 [FXGL Background Thread 1 ] DEBUG SystemBundleService  - Bundle FXGL: {}
21:09:59.818 [FXGL Background Thread 1 ] DEBUG UpdaterService       - Checking for updates
21:09:59.822 [FXGL Background Thread 4 ] DEBUG FXGLApplication      - Loading fonts
21:09:59.822 [FXGL Background Thread 4 ] DEBUG FXGLAssetLoaderServi - Loading from file system: jar:file:/C:/Users/ethan/.gradle/caches/modules-2/files-2.1/com.github.almasb/fxgl/17.2/35db6ae960eec2dcfd19262d3b7f9c42f0e95bc3/fxgl-17.2.jar!/fxglassets/ui/fonts/VarelaRound-Regular.ttf
21:09:59.822 [FXGL Background Thread 1 ] DEBUG FXGLApplication      - Loading default localization
21:09:59.823 [FXGL Background Thread 1 ] DEBUG FXGLAssetLoaderServi - Loading from file system: jar:file:/C:/Users/ethan/.gradle/caches/modules-2/files-2.1/com.github.almasb/fxgl/17.2/35db6ae960eec2dcfd19262d3b7f9c42f0e95bc3/fxgl-17.2.jar!/fxglassets/languages/english.lang
21:09:59.839 [FXGL Background Thread 1 ] INFO  FXGLApplication      - FXGL initialization took: 0.181 sec
21:09:59.844 [JavaFX Application Thread] DEBUG Input                - Registered new binding: Launch - RMB
21:09:59.844 [JavaFX Application Thread] DEBUG Input                - Registered new binding: Create - LMB
21:09:59.844 [JavaFX Application Thread] DEBUG Input                - Registered new binding: Drag - CTRL+LMB
21:09:59.849 [JavaFX Application Thread] DEBUG Input                - Registered new binding: Delete - Backspace
21:09:59.853 [JavaFX Application Thread] DEBUG FXGLAssetLoaderServi - Loading from file system: file:/C:/Users/ethan/IdeaProjects/animals-revenge/build/resources/main/assets/sounds/brick_hit.wav
21:09:59.854 [FXGL Background Thread 4 ] DEBUG FXGLAssetLoaderServi - Loading from file system: jar:file:/C:/Users/ethan/.gradle/caches/modules-2/files-2.1/com.github.almasb/fxgl/17.2/35db6ae960eec2dcfd19262d3b7f9c42f0e95bc3/fxgl-17.2.jar!/fxglassets/ui/fonts/Abel-Regular.ttf
21:09:59.863 [FXGL Background Thread 4 ] DEBUG FXGLAssetLoaderServi - Loading from file system: jar:file:/C:/Users/ethan/.gradle/caches/modules-2/files-2.1/com.github.almasb/fxgl/17.2/35db6ae960eec2dcfd19262d3b7f9c42f0e95bc3/fxgl-17.2.jar!/fxglassets/ui/fonts/TerminalLandMono-Regular.otf
21:09:59.868 [FXGL Background Thread 4 ] DEBUG FXGLAssetLoaderServi - Loading from file system: jar:file:/C:/Users/ethan/.gradle/caches/modules-2/files-2.1/com.github.almasb/fxgl/17.2/35db6ae960eec2dcfd19262d3b7f9c42f0e95bc3/fxgl-17.2.jar!/fxglassets/ui/fonts/Courier-Prime.ttf
21:09:59.897 [JavaFX Application Thread] DEBUG FXGLAssetLoaderServi - Loading from file system: file:/C:/Users/ethan/IdeaProjects/animals-revenge/build/resources/main/assets/music/music3.mp3
21:09:59.931 [JavaFX Application Thread] DEBUG AudioPlayer          - Playing music com.almasb.fxgl.audio.Music@7cbe45d7
21:09:59.931 [JavaFX Application Thread] DEBUG FXGLAssetLoaderServi - Loading from file system: jar:file:/C:/Users/ethan/.gradle/caches/modules-2/files-2.1/com.github.almasb/fxgl/17.2/35db6ae960eec2dcfd19262d3b7f9c42f0e95bc3/fxgl-17.2.jar!/fxglassets/textures/fxgl_icon.png
21:09:59.954 [JavaFX Application Thread] DEBUG FXGLAssetLoaderServi - Loading from file system: jar:file:/C:/Users/ethan/.gradle/caches/modules-2/files-2.1/com.github.almasb/fxgl/17.2/35db6ae960eec2dcfd19262d3b7f9c42f0e95bc3/fxgl-17.2.jar!/fxglassets/textures/fxgl_default_cursor.png
21:09:59.956 [JavaFX Application Thread] DEBUG Input                - Registered new binding: Screenshot - CTRL+8
21:09:59.956 [JavaFX Application Thread] DEBUG Input                - Registered new binding: System info dump - CTRL+9
21:09:59.956 [JavaFX Application Thread] DEBUG Input                - Registered new binding: Restart - CTRL+R
21:09:59.957 [JavaFX Application Thread] DEBUG Input                - Registered new binding: Toggle Debug Camera - CTRL+7
21:09:59.958 [JavaFX Application Thread] DEBUG LoopRunner           - Starting loop
21:09:59.958 [JavaFX Application Thread] DEBUG LoopRunner           - Initializing JavaFX AnimationTimerLoop
21:09:59.959 [JavaFX Application Thread] DEBUG GameApplicationServi - Starting new game
21:09:59.959 [JavaFX Application Thread] DEBUG Input                - Clearing active input actions
21:09:59.967 [JavaFX Application Thread] DEBUG GameApplicationServi - Removing overlay from FXGLStartupScene and adding to FXGLLoadingScene
21:09:59.968 [JavaFX Application Thread] DEBUG PrimaryStageWindow   - FXGLStartupScene -> FXGLLoadingScene
21:09:59.968 [JavaFX Application Thread] DEBUG GameApplicationServi - Clearing previous game
21:09:59.968 [JavaFX Application Thread] DEBUG GameScene            - Clearing game scene
21:09:59.968 [JavaFX Application Thread] DEBUG GameWorld            - Clearing game world
21:09:59.968 [JavaFX Application Thread] DEBUG PhysicsWorld         - Clearing physics world
21:09:59.970 [FXGL Background Thread 4 ] DEBUG FXGLApplication      - Initializing game
21:09:59.974 [JavaFX Application Thread] DEBUG FXGLApplication      - Registering font factories with UI factory
21:10:00.007 [FXGL Background Thread 4 ] DEBUG AudioPlayer          - Playing music com.almasb.fxgl.audio.Music@7cbe45d7
21:10:00.009 [FXGL Background Thread 4 ] DEBUG FXGLAssetLoaderServi - Loading from file system: file:/C:/Users/ethan/IdeaProjects/animals-revenge/build/resources/main/assets/ui/Home.fxml
21:10:00.134 [FXGL Background Thread 2 ] INFO  UpdaterService       - Your current version:  17.2
21:10:00.134 [FXGL Background Thread 2 ] INFO  UpdaterService       - Latest stable version: 17.3
21:10:00.276 [FXGL Background Thread 4 ] INFO  FXGLApplication      - Game initialization took: 0.306 sec
21:10:00.283 [JavaFX Application Thread] DEBUG Input                - Clearing active input actions
21:10:00.292 [JavaFX Application Thread] DEBUG GameApplicationServi - Removing overlay from FXGLLoadingScene and adding to GameScene
21:10:00.293 [JavaFX Application Thread] DEBUG PrimaryStageWindow   - FXGLLoadingScene -> GameScene
21:10:00.835 [JavaFX Application Thread] DEBUG FXGLAssetLoaderServi - Loading from file system: file:/C:/Users/ethan/IdeaProjects/animals-revenge/build/resources/main/assets/ui/Simulator.fxml
21:10:00.892 [JavaFX Application Thread] DEBUG FXGLAssetLoaderServi - Loading from file system: file:/C:/Users/ethan/IdeaProjects/animals-revenge/build/resources/main/assets/textures/cannon.png
21:10:02.687 [JavaFX Application Thread] DEBUG FXGLAssetLoaderServi - Loading from file system: file:/C:/Users/ethan/IdeaProjects/animals-revenge/build/resources/main/assets/textures/red.png
21:10:02.823 [FXGL Background Thread 3 ] DEBUG Engine               - Logging environment variables
21:10:02.823 [FXGL Background Thread 3 ] DEBUG Engine               - achievements: []
21:10:02.823 [FXGL Background Thread 3 ] DEBUG Engine               - actualHeight: 820.0
21:10:02.823 [FXGL Background Thread 3 ] DEBUG Engine               - actualHeightProperty: ReadOnlyDoubleProperty [value: 820.0]
21:10:02.823 [FXGL Background Thread 3 ] DEBUG Engine               - actualWidth: 1480.0
21:10:02.823 [FXGL Background Thread 3 ] DEBUG Engine               - actualWidthProperty: ReadOnlyDoubleProperty [value: 1480.0]
21:10:02.823 [FXGL Background Thread 3 ] DEBUG Engine               - appIcon: fxgl_icon.png
21:10:02.823 [FXGL Background Thread 3 ] DEBUG Engine               - applicationMode: DEVELOPER
21:10:02.823 [FXGL Background Thread 3 ] DEBUG Engine               - cSSList: [fxgl_dark.css]
21:10:02.823 [FXGL Background Thread 3 ] DEBUG Engine               - collisionDetectionStrategy: BRUTE_FORCE
21:10:02.823 [FXGL Background Thread 3 ] DEBUG Engine               - configClass: Optional.empty
21:10:02.823 [FXGL Background Thread 3 ] DEBUG Engine               - credits: []
21:10:02.824 [FXGL Background Thread 3 ] DEBUG Engine               - defaultCursor: CursorInfo(imageName=fxgl_default_cursor.png, hotspotX=7.0, hotspotY=6.0)
21:10:02.824 [FXGL Background Thread 3 ] DEBUG Engine               - devBBoxColorProperty: ObjectProperty [value: 0xff0000ff]
21:10:02.824 [FXGL Background Thread 3 ] DEBUG Engine               - devEnableDebugCameraProperty: BooleanProperty [value: false]
21:10:02.824 [FXGL Background Thread 3 ] DEBUG Engine               - devSensorColorProperty: ObjectProperty [value: 0xffff00ff]
21:10:02.824 [FXGL Background Thread 3 ] DEBUG Engine               - devShowBBoxProperty: BooleanProperty [value: false]
21:10:02.824 [FXGL Background Thread 3 ] DEBUG Engine               - devShowPositionProperty: BooleanProperty [value: false]
21:10:02.824 [FXGL Background Thread 3 ] DEBUG Engine               - enabledMenuItems: []
21:10:02.825 [FXGL Background Thread 3 ] DEBUG Engine               - engineServices: [class com.almasb.fxgl.app.services.FXGLAssetLoaderService, class com.almasb.fxgl.app.FXGLApplication$GameApplicationService, class com.almasb.fxgl.app.services.FXGLDialogService, class com.almasb.fxgl.app.services.IOTaskExecutorService, class com.almasb.fxgl.io.FileSystemService, class com.almasb.fxgl.localization.LocalizationService, class com.almasb.fxgl.app.services.SystemBundleService, class com.almasb.fxgl.profile.SaveLoadService, class com.almasb.fxgl.ui.FXGLUIFactoryServiceProvider, class com.almasb.fxgl.ui.FXGLDialogFactoryServiceProvider, class com.almasb.fxgl.audio.AudioPlayer, class com.almasb.fxgl.notification.impl.NotificationServiceProvider, class com.almasb.fxgl.achievement.AchievementService, class com.almasb.fxgl.cutscene.CutsceneService, class com.almasb.fxgl.minigames.MiniGameService, class com.almasb.fxgl.net.NetService, class com.almasb.fxgl.app.services.UpdaterService, class com.almasb.fxgl.dev.DevService]
21:10:02.825 [FXGL Background Thread 3 ] DEBUG Engine               - fontGame: Abel-Regular.ttf
21:10:02.825 [FXGL Background Thread 3 ] DEBUG Engine               - fontMono: TerminalLandMono-Regular.otf
21:10:02.825 [FXGL Background Thread 3 ] DEBUG Engine               - fontText: Courier-Prime.ttf
21:10:02.825 [FXGL Background Thread 3 ] DEBUG Engine               - fontUI: VarelaRound-Regular.ttf
21:10:02.825 [FXGL Background Thread 3 ] DEBUG Engine               - fullScreen: BooleanProperty [value: false]
21:10:02.825 [FXGL Background Thread 3 ] DEBUG Engine               - gameDifficulty: MEDIUM
21:10:02.825 [FXGL Background Thread 3 ] DEBUG Engine               - gameDifficultyProperty: ObjectProperty [value: MEDIUM]
21:10:02.825 [FXGL Background Thread 3 ] DEBUG Engine               - globalMusicVolume: 0.5
21:10:02.825 [FXGL Background Thread 3 ] DEBUG Engine               - globalMusicVolumeProperty: DoubleProperty [value: 0.0]
21:10:02.825 [FXGL Background Thread 3 ] DEBUG Engine               - globalSoundVolume: 0.5
21:10:02.825 [FXGL Background Thread 3 ] DEBUG Engine               - globalSoundVolumeProperty: DoubleProperty [value: 0.0]
21:10:02.825 [FXGL Background Thread 3 ] DEBUG Engine               - height: 820
21:10:02.825 [FXGL Background Thread 3 ] DEBUG Engine               - is3D: false
21:10:02.825 [FXGL Background Thread 3 ] DEBUG Engine               - isAndroid: false
21:10:02.825 [FXGL Background Thread 3 ] DEBUG Engine               - isBrowser: false
21:10:02.825 [FXGL Background Thread 3 ] DEBUG Engine               - isClickFeedbackEnabled: false
21:10:02.825 [FXGL Background Thread 3 ] DEBUG Engine               - isCloseConfirmation: false
21:10:02.825 [FXGL Background Thread 3 ] DEBUG Engine               - isDesktop: true
21:10:02.825 [FXGL Background Thread 3 ] DEBUG Engine               - isDeveloperMenuEnabled: false
21:10:02.825 [FXGL Background Thread 3 ] DEBUG Engine               - isEmbedded: false
21:10:02.825 [FXGL Background Thread 3 ] DEBUG Engine               - isEntityPreloadEnabled: true
21:10:02.825 [FXGL Background Thread 3 ] DEBUG Engine               - isExperimentalTiledLargeMap: false
21:10:02.825 [FXGL Background Thread 3 ] DEBUG Engine               - isFileSystemWriteAllowed: true
21:10:02.825 [FXGL Background Thread 3 ] DEBUG Engine               - isFullScreenAllowed: false
21:10:02.825 [FXGL Background Thread 3 ] DEBUG Engine               - isFullScreenFromStart: false
21:10:02.825 [FXGL Background Thread 3 ] DEBUG Engine               - isGameMenuEnabled: false
21:10:02.825 [FXGL Background Thread 3 ] DEBUG Engine               - isIOS: false
21:10:02.827 [FXGL Background Thread 3 ] DEBUG Engine               - isIntroEnabled: false
21:10:02.827 [FXGL Background Thread 3 ] DEBUG Engine               - isLinux: false
21:10:02.827 [FXGL Background Thread 3 ] DEBUG Engine               - isMac: false
21:10:02.827 [FXGL Background Thread 3 ] DEBUG Engine               - isMainMenuEnabled: false
21:10:02.827 [FXGL Background Thread 3 ] DEBUG Engine               - isManualResizeEnabled: false
21:10:02.827 [FXGL Background Thread 3 ] DEBUG Engine               - isMobile: false
21:10:02.827 [FXGL Background Thread 3 ] DEBUG Engine               - isNative: false
21:10:02.827 [FXGL Background Thread 3 ] DEBUG Engine               - isPauseMusicWhenMinimized: true
21:10:02.827 [FXGL Background Thread 3 ] DEBUG Engine               - isPreserveResizeRatio: false
21:10:02.827 [FXGL Background Thread 3 ] DEBUG Engine               - isProfilingEnabled: false
21:10:02.827 [FXGL Background Thread 3 ] DEBUG Engine               - isScaleAffectedOnResize: true
21:10:02.827 [FXGL Background Thread 3 ] DEBUG Engine               - isSingleStep: false
21:10:02.827 [FXGL Background Thread 3 ] DEBUG Engine               - isUserProfileEnabled: false
21:10:02.827 [FXGL Background Thread 3 ] DEBUG Engine               - isWindows: true
21:10:02.827 [FXGL Background Thread 3 ] DEBUG Engine               - language: ObjectProperty [value: ENGLISH]
21:10:02.827 [FXGL Background Thread 3 ] DEBUG Engine               - menuKey: ESCAPE
21:10:02.827 [FXGL Background Thread 3 ] DEBUG Engine               - mouseSensitivity: 0.2
21:10:02.827 [FXGL Background Thread 3 ] DEBUG Engine               - notificationViewClass: class com.almasb.fxgl.notification.view.XboxNotificationView
21:10:02.827 [FXGL Background Thread 3 ] DEBUG Engine               - pixelsPerMeter: 50.0
21:10:02.827 [FXGL Background Thread 3 ] DEBUG Engine               - platform: WINDOWS
21:10:02.827 [FXGL Background Thread 3 ] DEBUG Engine               - prefHeightProperty: ReadOnlyDoubleProperty [value: 820.0]
21:10:02.827 [FXGL Background Thread 3 ] DEBUG Engine               - prefWidthProperty: ReadOnlyDoubleProperty [value: 1480.0]
21:10:02.828 [FXGL Background Thread 3 ] DEBUG Engine               - profileDir: profiles/
21:10:02.828 [FXGL Background Thread 3 ] DEBUG Engine               - profileName: StringProperty [value: DEFAULT]
21:10:02.828 [FXGL Background Thread 3 ] DEBUG Engine               - randomSeed: -1
21:10:02.828 [FXGL Background Thread 3 ] DEBUG Engine               - runtimeInfo: RuntimeInfo(platform=WINDOWS, version=17.2, build=20.08.2022 16.50)
21:10:02.828 [FXGL Background Thread 3 ] DEBUG Engine               - saveFileExt: sav
21:10:02.828 [FXGL Background Thread 3 ] DEBUG Engine               - scaledHeightProp$fxgl: DoubleProperty [bound, value: 820.0]
21:10:02.828 [FXGL Background Thread 3 ] DEBUG Engine               - scaledWidthProp$fxgl: DoubleProperty [bound, value: 1480.0]
21:10:02.828 [FXGL Background Thread 3 ] DEBUG Engine               - sceneFactory: com.almasb.fxgl.app.scene.SceneFactory@4d88f709
21:10:02.828 [FXGL Background Thread 3 ] DEBUG Engine               - secondsIn24h: 60
21:10:02.828 [FXGL Background Thread 3 ] DEBUG Engine               - soundMenuBack: menu/back.wav
21:10:02.828 [FXGL Background Thread 3 ] DEBUG Engine               - soundMenuPress: menu/press.wav
21:10:02.828 [FXGL Background Thread 3 ] DEBUG Engine               - soundMenuSelect: menu/select.wav
21:10:02.828 [FXGL Background Thread 3 ] DEBUG Engine               - soundNotification: core/notification.wav
21:10:02.828 [FXGL Background Thread 3 ] DEBUG Engine               - stageStyle: DECORATED
21:10:02.828 [FXGL Background Thread 3 ] DEBUG Engine               - supportedLanguages: [ENGLISH, FRENCH, GERMAN, HUNGARIAN, RUSSIAN]
21:10:02.828 [FXGL Background Thread 3 ] DEBUG Engine               - ticksPerSecond: -1
21:10:02.828 [FXGL Background Thread 3 ] DEBUG Engine               - title: Untitled
21:10:02.828 [FXGL Background Thread 3 ] DEBUG Engine               - urlGithub: https://github.com/AlmasB/FXGL
21:10:02.828 [FXGL Background Thread 3 ] DEBUG Engine               - urlLeaderboard: http://fxgl-top.herokuapp.com/
21:10:02.828 [FXGL Background Thread 3 ] DEBUG Engine               - urlPOM: https://raw.githubusercontent.com/AlmasB/FXGL/release/README.md
21:10:02.828 [FXGL Background Thread 3 ] DEBUG Engine               - userAppClass: class edu.vanier.animals_revenge.MainApp
21:10:02.828 [FXGL Background Thread 3 ] DEBUG Engine               - version: 0.0
21:10:02.828 [FXGL Background Thread 3 ] DEBUG Engine               - versionCheckDays: 7
21:10:02.828 [FXGL Background Thread 3 ] DEBUG Engine               - width: 1480
21:10:02.829 [FXGL Background Thread 3 ] DEBUG Engine               - Logging services
21:10:02.829 [FXGL Background Thread 3 ] DEBUG Engine               - class com.almasb.fxgl.app.services.FXGLAssetLoaderService
21:10:02.829 [FXGL Background Thread 3 ] DEBUG Engine               - class com.almasb.fxgl.app.FXGLApplication$GameApplicationService
21:10:02.829 [FXGL Background Thread 3 ] DEBUG Engine               - class com.almasb.fxgl.app.services.FXGLDialogService
21:10:02.829 [FXGL Background Thread 3 ] DEBUG Engine               - class com.almasb.fxgl.app.services.IOTaskExecutorService
21:10:02.829 [FXGL Background Thread 3 ] DEBUG Engine               - class com.almasb.fxgl.io.FileSystemService
21:10:02.829 [FXGL Background Thread 3 ] DEBUG Engine               - class com.almasb.fxgl.localization.LocalizationService
21:10:02.829 [FXGL Background Thread 3 ] DEBUG Engine               - class com.almasb.fxgl.app.services.SystemBundleService
21:10:02.829 [FXGL Background Thread 3 ] DEBUG Engine               - class com.almasb.fxgl.profile.SaveLoadService
21:10:02.829 [FXGL Background Thread 3 ] DEBUG Engine               - class com.almasb.fxgl.ui.FXGLUIFactoryServiceProvider
21:10:02.829 [FXGL Background Thread 3 ] DEBUG Engine               - class com.almasb.fxgl.ui.FXGLDialogFactoryServiceProvider
21:10:02.829 [FXGL Background Thread 3 ] DEBUG Engine               - class com.almasb.fxgl.audio.AudioPlayer
21:10:02.829 [FXGL Background Thread 3 ] DEBUG Engine               - class com.almasb.fxgl.notification.impl.NotificationServiceProvider
21:10:02.829 [FXGL Background Thread 3 ] DEBUG Engine               - class com.almasb.fxgl.achievement.AchievementService
21:10:02.829 [FXGL Background Thread 3 ] DEBUG Engine               - class com.almasb.fxgl.cutscene.CutsceneService
21:10:02.829 [FXGL Background Thread 3 ] DEBUG Engine               - class com.almasb.fxgl.minigames.MiniGameService
21:10:02.829 [FXGL Background Thread 3 ] DEBUG Engine               - class com.almasb.fxgl.net.NetService
21:10:02.829 [FXGL Background Thread 3 ] DEBUG Engine               - class com.almasb.fxgl.app.services.UpdaterService
21:10:02.829 [FXGL Background Thread 3 ] DEBUG Engine               - class com.almasb.fxgl.dev.DevService
21:10:05.547 [JavaFX Application Thread] DEBUG FXGLAssetLoaderServi - Loading from file system: file:/C:/Users/ethan/IdeaProjects/animals-revenge/build/resources/main/assets/ui/Home.fxml
21:10:06.393 [JavaFX Application Thread] DEBUG FXGLAssetLoaderServi - Loading from file system: file:/C:/Users/ethan/IdeaProjects/animals-revenge/build/resources/main/assets/ui/Setting.fxml
21:10:16.232 [JavaFX Application Thread] DEBUG FXGLAssetLoaderServi - Loading from file system: file:/C:/Users/ethan/IdeaProjects/animals-revenge/build/resources/main/assets/ui/Home.fxml
21:10:18.144 [JavaFX Application Thread] DEBUG FXGLAssetLoaderServi - Loading from file system: file:/C:/Users/ethan/IdeaProjects/animals-revenge/build/resources/main/assets/ui/Simulator.fxml
21:10:19.589 [JavaFX Application Thread] DEBUG FXGLApplication      - Exiting FXGL
21:10:19.589 [JavaFX Application Thread] DEBUG LoopRunner           - Stopping loop
21:10:19.589 [JavaFX Application Thread] DEBUG SystemBundleService  - Saving FXGL system data
21:10:19.590 [JavaFX Application Thread] DEBUG FileSystemAccess     - Writing to: C:\Users\ethan\IdeaProjects\animals-revenge\system\fxgl.bundle
21:10:19.591 [JavaFX Application Thread] DEBUG Async                - Shutting down background threads
21:10:19.591 [JavaFX Application Thread] DEBUG PrimaryStageWindow   - Closing main window
21:10:19.595 [JavaFX Application Thread] DEBUG Logger               - Closing Logger
