12:53:17.546 [main                     ] DEBUG Logger               - Configured Logger
12:53:17.581 [main                     ] DEBUG GameApplication      - Logging settings
Title: Untitled
Version: 0.0
Width: 1480
Height: 820
Fullscreen: false
Intro: false
Profiling: false
Single step:false
App Mode: DEVELOPER
Menu Key: ESCAPE
Stage Style: DECORATED
Scene Factory: class com.almasb.fxgl.app.scene.SceneFactory

12:53:18.253 [JavaFX Application Thread] DEBUG FXGLApplication      - Initializing FXGL
12:53:18.269 [JavaFX Application Thread] INFO  Engine               - FXGL-17.2 (20.08.2022 16.50) on WINDOWS (J:18.0.2.1 FX:20.0.2)
12:53:18.270 [JavaFX Application Thread] DEBUG Engine               - JRE Vendor Name: Oracle Corporation
12:53:18.271 [JavaFX Application Thread] DEBUG Engine               - Running on OS: Windows 11 version 10.0
12:53:18.271 [JavaFX Application Thread] DEBUG Engine               - Architecture: amd64
12:53:18.272 [JavaFX Application Thread] INFO  Engine               - Source code and latest versions at: https://github.com/AlmasB/FXGL
12:53:18.272 [JavaFX Application Thread] INFO  Engine               -       Ask questions and discuss at: https://github.com/AlmasB/FXGL/discussions
12:53:18.273 [JavaFX Application Thread] INFO  Engine               -              Join the FXGL chat at: https://gitter.im/AlmasB/FXGL
12:53:18.371 [JavaFX Application Thread] DEBUG PrimaryStageWindow   - Creating a JavaFX scene
12:53:18.371 [JavaFX Application Thread] DEBUG PrimaryStageWindow   - Target size > screen size
12:53:18.451 [JavaFX Application Thread] DEBUG PrimaryStageWindow   - Target settings size: 1480.0 x 820.0
12:53:18.452 [JavaFX Application Thread] DEBUG PrimaryStageWindow   - Scaled scene size:    1415.0 x 797.0
12:53:18.452 [JavaFX Application Thread] DEBUG PrimaryStageWindow   - Scaled ratio: (0.956081081081081, 0.9719512195121951)
12:53:18.454 [JavaFX Application Thread] DEBUG PrimaryStageWindow   - Set initial scene to FXGLStartupScene
12:53:18.458 [JavaFX Application Thread] DEBUG PrimaryStageWindow   - Opening main window
12:53:18.586 [JavaFX Application Thread] DEBUG PrimaryStageWindow   - Window border size: (13.0, 35.5)
12:53:18.587 [JavaFX Application Thread] DEBUG PrimaryStageWindow   - Scaled size: 1415.0 x 797.0
12:53:18.587 [JavaFX Application Thread] DEBUG PrimaryStageWindow   - Scaled ratio: (0.956081081081081, 0.9719512195121951)
12:53:18.587 [JavaFX Application Thread] DEBUG PrimaryStageWindow   - Scene size: 1415.0 x 797.0
12:53:18.587 [JavaFX Application Thread] DEBUG PrimaryStageWindow   - Stage size: 1428.0 x 832.5
12:53:18.594 [FXGL Background Thread 1 ] DEBUG Engine               - Initializing environment variables
12:53:18.645 [FXGL Background Thread 1 ] DEBUG FXGLAssetLoaderServi - User app class for loading assets: class edu.vanier.animals_revenge.MainApp
12:53:18.645 [FXGL Background Thread 1 ] DEBUG GameApplicationServi - Applying CSS: fxgl_dark.css
12:53:18.646 [FXGL Background Thread 1 ] DEBUG FXGLAssetLoaderServi - Loading from file system: jar:file:/C:/Users/macke/.gradle/caches/modules-2/files-2.1/com.github.almasb/fxgl/17.2/35db6ae960eec2dcfd19262d3b7f9c42f0e95bc3/fxgl-17.2.jar!/fxglassets/ui/css/fxgl_dark.css
12:53:18.703 [FXGL Background Thread 1 ] DEBUG GameApplicationServi - Initializing application scenes
12:53:18.770 [FXGL Background Thread 1 ] DEBUG GameWorld            - Game world initialized
12:53:18.841 [FXGL Background Thread 1 ] DEBUG PhysicsWorld         - Physics world initialized: appHeight=820, physics.ppm=50.0
12:53:18.841 [FXGL Background Thread 1 ] DEBUG PhysicsWorld         - Using strategy: BRUTE_FORCE
12:53:18.846 [FXGL Background Thread 1 ] DEBUG GameScene            - Game scene initialized: 1480x820
12:53:18.846 [FXGL Background Thread 1 ] DEBUG GameApplicationServi - Application scenes initialized
12:53:18.871 [FXGL Background Thread 1 ] DEBUG SystemBundleService  - Loading FXGL system data
12:53:18.879 [FXGL Background Thread 1 ] DEBUG FileSystemAccess     - Reading from: C:\Users\macke\OneDrive\Documents\School\Semester 3\Programming in a Graphical User Interface\Homework\animals-revenge\system\fxgl.bundle
12:53:18.898 [FXGL Background Thread 1 ] DEBUG SystemBundleService  - Bundle FXGL: {}
12:53:18.899 [FXGL Background Thread 1 ] DEBUG UpdaterService       - Checking for updates
12:53:18.935 [FXGL Background Thread 4 ] DEBUG FXGLApplication      - Loading fonts
12:53:18.937 [FXGL Background Thread 4 ] DEBUG FXGLAssetLoaderServi - Loading from file system: jar:file:/C:/Users/macke/.gradle/caches/modules-2/files-2.1/com.github.almasb/fxgl/17.2/35db6ae960eec2dcfd19262d3b7f9c42f0e95bc3/fxgl-17.2.jar!/fxglassets/ui/fonts/VarelaRound-Regular.ttf
12:53:18.942 [FXGL Background Thread 1 ] DEBUG FXGLApplication      - Loading default localization
12:53:18.948 [FXGL Background Thread 1 ] DEBUG FXGLAssetLoaderServi - Loading from file system: jar:file:/C:/Users/macke/.gradle/caches/modules-2/files-2.1/com.github.almasb/fxgl/17.2/35db6ae960eec2dcfd19262d3b7f9c42f0e95bc3/fxgl-17.2.jar!/fxglassets/languages/english.lang
12:53:19.049 [FXGL Background Thread 1 ] INFO  FXGLApplication      - FXGL initialization took: 0.454 sec
12:53:19.062 [JavaFX Application Thread] DEBUG Input                - Registered new binding: Launch - RMB
12:53:19.064 [JavaFX Application Thread] DEBUG Input                - Registered new binding: Create - LMB
12:53:19.064 [JavaFX Application Thread] DEBUG Input                - Registered new binding: Drag - CTRL+LMB
12:53:19.065 [JavaFX Application Thread] DEBUG FXGLAssetLoaderServi - Loading from file system: jar:file:/C:/Users/macke/.gradle/caches/modules-2/files-2.1/com.github.almasb/fxgl/17.2/35db6ae960eec2dcfd19262d3b7f9c42f0e95bc3/fxgl-17.2.jar!/fxglassets/textures/fxgl_icon.png
12:53:19.109 [FXGL Background Thread 4 ] DEBUG FXGLAssetLoaderServi - Loading from file system: jar:file:/C:/Users/macke/.gradle/caches/modules-2/files-2.1/com.github.almasb/fxgl/17.2/35db6ae960eec2dcfd19262d3b7f9c42f0e95bc3/fxgl-17.2.jar!/fxglassets/ui/fonts/Abel-Regular.ttf
12:53:19.116 [FXGL Background Thread 4 ] DEBUG FXGLAssetLoaderServi - Loading from file system: jar:file:/C:/Users/macke/.gradle/caches/modules-2/files-2.1/com.github.almasb/fxgl/17.2/35db6ae960eec2dcfd19262d3b7f9c42f0e95bc3/fxgl-17.2.jar!/fxglassets/ui/fonts/TerminalLandMono-Regular.otf
12:53:19.122 [FXGL Background Thread 4 ] DEBUG FXGLAssetLoaderServi - Loading from file system: jar:file:/C:/Users/macke/.gradle/caches/modules-2/files-2.1/com.github.almasb/fxgl/17.2/35db6ae960eec2dcfd19262d3b7f9c42f0e95bc3/fxgl-17.2.jar!/fxglassets/ui/fonts/Courier-Prime.ttf
12:53:19.165 [JavaFX Application Thread] DEBUG FXGLAssetLoaderServi - Loading from file system: jar:file:/C:/Users/macke/.gradle/caches/modules-2/files-2.1/com.github.almasb/fxgl/17.2/35db6ae960eec2dcfd19262d3b7f9c42f0e95bc3/fxgl-17.2.jar!/fxglassets/textures/fxgl_default_cursor.png
12:53:19.189 [JavaFX Application Thread] DEBUG Input                - Registered new binding: Screenshot - CTRL+8
12:53:19.191 [JavaFX Application Thread] DEBUG Input                - Registered new binding: System info dump - CTRL+9
12:53:19.193 [JavaFX Application Thread] DEBUG Input                - Registered new binding: Restart - CTRL+R
12:53:19.200 [JavaFX Application Thread] DEBUG Input                - Registered new binding: Toggle Debug Camera - CTRL+7
12:53:19.203 [JavaFX Application Thread] DEBUG LoopRunner           - Starting loop
12:53:19.204 [JavaFX Application Thread] DEBUG LoopRunner           - Initializing JavaFX AnimationTimerLoop
12:53:19.207 [JavaFX Application Thread] DEBUG GameApplicationServi - Starting new game
12:53:19.208 [JavaFX Application Thread] DEBUG Input                - Clearing active input actions
12:53:19.226 [JavaFX Application Thread] DEBUG GameApplicationServi - Removing overlay from FXGLStartupScene and adding to FXGLLoadingScene
12:53:19.226 [JavaFX Application Thread] DEBUG PrimaryStageWindow   - FXGLStartupScene -> FXGLLoadingScene
12:53:19.227 [JavaFX Application Thread] DEBUG GameApplicationServi - Clearing previous game
12:53:19.227 [JavaFX Application Thread] DEBUG GameScene            - Clearing game scene
12:53:19.227 [JavaFX Application Thread] DEBUG GameWorld            - Clearing game world
12:53:19.227 [JavaFX Application Thread] DEBUG PhysicsWorld         - Clearing physics world
12:53:19.230 [FXGL Background Thread 4 ] DEBUG FXGLApplication      - Initializing game
12:53:19.231 [JavaFX Application Thread] DEBUG FXGLApplication      - Registering font factories with UI factory
12:53:19.273 [FXGL Background Thread 4 ] DEBUG FXGLAssetLoaderServi - Loading from file system: file:/C:/Users/macke/OneDrive/Documents/School/Semester%203/Programming%20in%20a%20Graphical%20User%20Interface/Homework/animals-revenge/build/resources/main/assets/ui/Home.fxml
12:53:19.597 [FXGL Background Thread 2 ] INFO  UpdaterService       - Your current version:  17.2
12:53:19.597 [FXGL Background Thread 2 ] INFO  UpdaterService       - Latest stable version: 17.3
12:53:19.722 [FXGL Background Thread 4 ] INFO  FXGLApplication      - Game initialization took: 0.492 sec
12:53:19.733 [JavaFX Application Thread] DEBUG Input                - Clearing active input actions
12:53:19.769 [JavaFX Application Thread] DEBUG GameApplicationServi - Removing overlay from FXGLLoadingScene and adding to GameScene
12:53:19.770 [JavaFX Application Thread] DEBUG PrimaryStageWindow   - FXGLLoadingScene -> GameScene
12:53:21.251 [JavaFX Application Thread] DEBUG FXGLAssetLoaderServi - Loading from file system: file:/C:/Users/macke/OneDrive/Documents/School/Semester%203/Programming%20in%20a%20Graphical%20User%20Interface/Homework/animals-revenge/build/resources/main/assets/ui/CustomProjectile.fxml
12:53:21.927 [FXGL Background Thread 3 ] DEBUG Engine               - Logging environment variables
12:53:21.927 [FXGL Background Thread 3 ] DEBUG Engine               - achievements: []
12:53:21.927 [FXGL Background Thread 3 ] DEBUG Engine               - actualHeight: 797.0
12:53:21.928 [FXGL Background Thread 3 ] DEBUG Engine               - actualHeightProperty: ReadOnlyDoubleProperty [value: 797.0]
12:53:21.928 [FXGL Background Thread 3 ] DEBUG Engine               - actualWidth: 1415.0
12:53:21.928 [FXGL Background Thread 3 ] DEBUG Engine               - actualWidthProperty: ReadOnlyDoubleProperty [value: 1415.0]
12:53:21.928 [FXGL Background Thread 3 ] DEBUG Engine               - appIcon: fxgl_icon.png
12:53:21.928 [FXGL Background Thread 3 ] DEBUG Engine               - applicationMode: DEVELOPER
12:53:21.928 [FXGL Background Thread 3 ] DEBUG Engine               - cSSList: [fxgl_dark.css]
12:53:21.928 [FXGL Background Thread 3 ] DEBUG Engine               - collisionDetectionStrategy: BRUTE_FORCE
12:53:21.928 [FXGL Background Thread 3 ] DEBUG Engine               - configClass: Optional.empty
12:53:21.928 [FXGL Background Thread 3 ] DEBUG Engine               - credits: []
12:53:21.935 [FXGL Background Thread 3 ] DEBUG Engine               - defaultCursor: CursorInfo(imageName=fxgl_default_cursor.png, hotspotX=7.0, hotspotY=6.0)
12:53:21.936 [FXGL Background Thread 3 ] DEBUG Engine               - devBBoxColorProperty: ObjectProperty [value: 0xff0000ff]
12:53:21.936 [FXGL Background Thread 3 ] DEBUG Engine               - devEnableDebugCameraProperty: BooleanProperty [value: false]
12:53:21.936 [FXGL Background Thread 3 ] DEBUG Engine               - devSensorColorProperty: ObjectProperty [value: 0xffff00ff]
12:53:21.936 [FXGL Background Thread 3 ] DEBUG Engine               - devShowBBoxProperty: BooleanProperty [value: false]
12:53:21.936 [FXGL Background Thread 3 ] DEBUG Engine               - devShowPositionProperty: BooleanProperty [value: false]
12:53:21.936 [FXGL Background Thread 3 ] DEBUG Engine               - enabledMenuItems: []
12:53:21.936 [FXGL Background Thread 3 ] DEBUG Engine               - engineServices: [class com.almasb.fxgl.app.services.FXGLAssetLoaderService, class com.almasb.fxgl.app.FXGLApplication$GameApplicationService, class com.almasb.fxgl.app.services.FXGLDialogService, class com.almasb.fxgl.app.services.IOTaskExecutorService, class com.almasb.fxgl.io.FileSystemService, class com.almasb.fxgl.localization.LocalizationService, class com.almasb.fxgl.app.services.SystemBundleService, class com.almasb.fxgl.profile.SaveLoadService, class com.almasb.fxgl.ui.FXGLUIFactoryServiceProvider, class com.almasb.fxgl.ui.FXGLDialogFactoryServiceProvider, class com.almasb.fxgl.audio.AudioPlayer, class com.almasb.fxgl.notification.impl.NotificationServiceProvider, class com.almasb.fxgl.achievement.AchievementService, class com.almasb.fxgl.cutscene.CutsceneService, class com.almasb.fxgl.minigames.MiniGameService, class com.almasb.fxgl.net.NetService, class com.almasb.fxgl.app.services.UpdaterService, class com.almasb.fxgl.dev.DevService]
12:53:21.936 [FXGL Background Thread 3 ] DEBUG Engine               - fontGame: Abel-Regular.ttf
12:53:21.936 [FXGL Background Thread 3 ] DEBUG Engine               - fontMono: TerminalLandMono-Regular.otf
12:53:21.936 [FXGL Background Thread 3 ] DEBUG Engine               - fontText: Courier-Prime.ttf
12:53:21.936 [FXGL Background Thread 3 ] DEBUG Engine               - fontUI: VarelaRound-Regular.ttf
12:53:21.936 [FXGL Background Thread 3 ] DEBUG Engine               - fullScreen: BooleanProperty [value: false]
12:53:21.936 [FXGL Background Thread 3 ] DEBUG Engine               - gameDifficulty: MEDIUM
12:53:21.936 [FXGL Background Thread 3 ] DEBUG Engine               - gameDifficultyProperty: ObjectProperty [value: MEDIUM]
12:53:21.936 [FXGL Background Thread 3 ] DEBUG Engine               - globalMusicVolume: 0.5
12:53:21.936 [FXGL Background Thread 3 ] DEBUG Engine               - globalMusicVolumeProperty: DoubleProperty [value: 0.5]
12:53:21.937 [FXGL Background Thread 3 ] DEBUG Engine               - globalSoundVolume: 0.5
12:53:21.937 [FXGL Background Thread 3 ] DEBUG Engine               - globalSoundVolumeProperty: DoubleProperty [value: 0.5]
12:53:21.937 [FXGL Background Thread 3 ] DEBUG Engine               - height: 820
12:53:21.937 [FXGL Background Thread 3 ] DEBUG Engine               - is3D: false
12:53:21.937 [FXGL Background Thread 3 ] DEBUG Engine               - isAndroid: false
12:53:21.937 [FXGL Background Thread 3 ] DEBUG Engine               - isBrowser: false
12:53:21.937 [FXGL Background Thread 3 ] DEBUG Engine               - isClickFeedbackEnabled: false
12:53:21.937 [FXGL Background Thread 3 ] DEBUG Engine               - isCloseConfirmation: false
12:53:21.937 [FXGL Background Thread 3 ] DEBUG Engine               - isDesktop: true
12:53:21.937 [FXGL Background Thread 3 ] DEBUG Engine               - isDeveloperMenuEnabled: false
12:53:21.937 [FXGL Background Thread 3 ] DEBUG Engine               - isEmbedded: false
12:53:21.937 [FXGL Background Thread 3 ] DEBUG Engine               - isEntityPreloadEnabled: true
12:53:21.937 [FXGL Background Thread 3 ] DEBUG Engine               - isExperimentalTiledLargeMap: false
12:53:21.937 [FXGL Background Thread 3 ] DEBUG Engine               - isFileSystemWriteAllowed: true
12:53:21.937 [FXGL Background Thread 3 ] DEBUG Engine               - isFullScreenAllowed: false
12:53:21.937 [FXGL Background Thread 3 ] DEBUG Engine               - isFullScreenFromStart: false
12:53:21.937 [FXGL Background Thread 3 ] DEBUG Engine               - isGameMenuEnabled: false
12:53:21.937 [FXGL Background Thread 3 ] DEBUG Engine               - isIOS: false
12:53:21.937 [FXGL Background Thread 3 ] DEBUG Engine               - isIntroEnabled: false
12:53:21.937 [FXGL Background Thread 3 ] DEBUG Engine               - isLinux: false
12:53:21.937 [FXGL Background Thread 3 ] DEBUG Engine               - isMac: false
12:53:21.937 [FXGL Background Thread 3 ] DEBUG Engine               - isMainMenuEnabled: false
12:53:21.938 [FXGL Background Thread 3 ] DEBUG Engine               - isManualResizeEnabled: false
12:53:21.938 [FXGL Background Thread 3 ] DEBUG Engine               - isMobile: false
12:53:21.938 [FXGL Background Thread 3 ] DEBUG Engine               - isNative: false
12:53:21.938 [FXGL Background Thread 3 ] DEBUG Engine               - isPauseMusicWhenMinimized: true
12:53:21.938 [FXGL Background Thread 3 ] DEBUG Engine               - isPreserveResizeRatio: false
12:53:21.938 [FXGL Background Thread 3 ] DEBUG Engine               - isProfilingEnabled: false
12:53:21.938 [FXGL Background Thread 3 ] DEBUG Engine               - isScaleAffectedOnResize: true
12:53:21.938 [FXGL Background Thread 3 ] DEBUG Engine               - isSingleStep: false
12:53:21.938 [FXGL Background Thread 3 ] DEBUG Engine               - isUserProfileEnabled: false
12:53:21.938 [FXGL Background Thread 3 ] DEBUG Engine               - isWindows: true
12:53:21.938 [FXGL Background Thread 3 ] DEBUG Engine               - language: ObjectProperty [value: ENGLISH]
12:53:21.939 [FXGL Background Thread 3 ] DEBUG Engine               - menuKey: ESCAPE
12:53:21.939 [FXGL Background Thread 3 ] DEBUG Engine               - mouseSensitivity: 0.2
12:53:21.940 [FXGL Background Thread 3 ] DEBUG Engine               - notificationViewClass: class com.almasb.fxgl.notification.view.XboxNotificationView
12:53:21.940 [FXGL Background Thread 3 ] DEBUG Engine               - pixelsPerMeter: 50.0
12:53:21.940 [FXGL Background Thread 3 ] DEBUG Engine               - platform: WINDOWS
12:53:21.940 [FXGL Background Thread 3 ] DEBUG Engine               - prefHeightProperty: ReadOnlyDoubleProperty [value: 820.0]
12:53:21.940 [FXGL Background Thread 3 ] DEBUG Engine               - prefWidthProperty: ReadOnlyDoubleProperty [value: 1480.0]
12:53:21.940 [FXGL Background Thread 3 ] DEBUG Engine               - profileDir: profiles/
12:53:21.940 [FXGL Background Thread 3 ] DEBUG Engine               - profileName: StringProperty [value: DEFAULT]
12:53:21.940 [FXGL Background Thread 3 ] DEBUG Engine               - randomSeed: -1
12:53:21.941 [FXGL Background Thread 3 ] DEBUG Engine               - runtimeInfo: RuntimeInfo(platform=WINDOWS, version=17.2, build=20.08.2022 16.50)
12:53:21.941 [FXGL Background Thread 3 ] DEBUG Engine               - saveFileExt: sav
12:53:21.941 [FXGL Background Thread 3 ] DEBUG Engine               - scaledHeightProp$fxgl: DoubleProperty [bound, value: 797.0]
12:53:21.941 [FXGL Background Thread 3 ] DEBUG Engine               - scaledWidthProp$fxgl: DoubleProperty [bound, value: 1415.0]
12:53:21.942 [FXGL Background Thread 3 ] DEBUG Engine               - sceneFactory: com.almasb.fxgl.app.scene.SceneFactory@c2cbd1e
12:53:21.942 [FXGL Background Thread 3 ] DEBUG Engine               - secondsIn24h: 60
12:53:21.942 [FXGL Background Thread 3 ] DEBUG Engine               - soundMenuBack: menu/back.wav
12:53:21.942 [FXGL Background Thread 3 ] DEBUG Engine               - soundMenuPress: menu/press.wav
12:53:21.942 [FXGL Background Thread 3 ] DEBUG Engine               - soundMenuSelect: menu/select.wav
12:53:21.942 [FXGL Background Thread 3 ] DEBUG Engine               - soundNotification: core/notification.wav
12:53:21.942 [FXGL Background Thread 3 ] DEBUG Engine               - stageStyle: DECORATED
12:53:21.942 [FXGL Background Thread 3 ] DEBUG Engine               - supportedLanguages: [ENGLISH, FRENCH, GERMAN, HUNGARIAN, RUSSIAN]
12:53:21.942 [FXGL Background Thread 3 ] DEBUG Engine               - ticksPerSecond: -1
12:53:21.942 [FXGL Background Thread 3 ] DEBUG Engine               - title: Untitled
12:53:21.942 [FXGL Background Thread 3 ] DEBUG Engine               - urlGithub: https://github.com/AlmasB/FXGL
12:53:21.942 [FXGL Background Thread 3 ] DEBUG Engine               - urlLeaderboard: http://fxgl-top.herokuapp.com/
12:53:21.942 [FXGL Background Thread 3 ] DEBUG Engine               - urlPOM: https://raw.githubusercontent.com/AlmasB/FXGL/release/README.md
12:53:21.942 [FXGL Background Thread 3 ] DEBUG Engine               - userAppClass: class edu.vanier.animals_revenge.MainApp
12:53:21.942 [FXGL Background Thread 3 ] DEBUG Engine               - version: 0.0
12:53:21.942 [FXGL Background Thread 3 ] DEBUG Engine               - versionCheckDays: 7
12:53:21.942 [FXGL Background Thread 3 ] DEBUG Engine               - width: 1480
12:53:21.942 [FXGL Background Thread 3 ] DEBUG Engine               - Logging services
12:53:21.942 [FXGL Background Thread 3 ] DEBUG Engine               - class com.almasb.fxgl.app.services.FXGLAssetLoaderService
12:53:21.942 [FXGL Background Thread 3 ] DEBUG Engine               - class com.almasb.fxgl.app.FXGLApplication$GameApplicationService
12:53:21.942 [FXGL Background Thread 3 ] DEBUG Engine               - class com.almasb.fxgl.app.services.FXGLDialogService
12:53:21.942 [FXGL Background Thread 3 ] DEBUG Engine               - class com.almasb.fxgl.app.services.IOTaskExecutorService
12:53:21.942 [FXGL Background Thread 3 ] DEBUG Engine               - class com.almasb.fxgl.io.FileSystemService
12:53:21.942 [FXGL Background Thread 3 ] DEBUG Engine               - class com.almasb.fxgl.localization.LocalizationService
12:53:21.942 [FXGL Background Thread 3 ] DEBUG Engine               - class com.almasb.fxgl.app.services.SystemBundleService
12:53:21.942 [FXGL Background Thread 3 ] DEBUG Engine               - class com.almasb.fxgl.profile.SaveLoadService
12:53:21.942 [FXGL Background Thread 3 ] DEBUG Engine               - class com.almasb.fxgl.ui.FXGLUIFactoryServiceProvider
12:53:21.942 [FXGL Background Thread 3 ] DEBUG Engine               - class com.almasb.fxgl.ui.FXGLDialogFactoryServiceProvider
12:53:21.942 [FXGL Background Thread 3 ] DEBUG Engine               - class com.almasb.fxgl.audio.AudioPlayer
12:53:21.943 [FXGL Background Thread 3 ] DEBUG Engine               - class com.almasb.fxgl.notification.impl.NotificationServiceProvider
12:53:21.943 [FXGL Background Thread 3 ] DEBUG Engine               - class com.almasb.fxgl.achievement.AchievementService
12:53:21.943 [FXGL Background Thread 3 ] DEBUG Engine               - class com.almasb.fxgl.cutscene.CutsceneService
12:53:21.943 [FXGL Background Thread 3 ] DEBUG Engine               - class com.almasb.fxgl.minigames.MiniGameService
12:53:21.943 [FXGL Background Thread 3 ] DEBUG Engine               - class com.almasb.fxgl.net.NetService
12:53:21.943 [FXGL Background Thread 3 ] DEBUG Engine               - class com.almasb.fxgl.app.services.UpdaterService
12:53:21.943 [FXGL Background Thread 3 ] DEBUG Engine               - class com.almasb.fxgl.dev.DevService
12:53:25.850 [JavaFX Application Thread] DEBUG LoopRunner           - Stopping loop
12:53:25.852 [JavaFX Application Thread] FATAL FXGLApplication      - Uncaught Exception:
java.lang.RuntimeException: java.lang.reflect.InvocationTargetException
	at javafx.fxml@20.0.2/javafx.fxml.FXMLLoader$MethodHandler.invoke(FXMLLoader.java:1858)
	at javafx.fxml@20.0.2/javafx.fxml.FXMLLoader$ControllerMethodEventHandler.handle(FXMLLoader.java:1726)
	at javafx.base@20.0.2/com.sun.javafx.event.CompositeEventHandler.dispatchBubblingEvent(CompositeEventHandler.java:86)
	at javafx.base@20.0.2/com.sun.javafx.event.EventHandlerManager.dispatchBubblingEvent(EventHandlerManager.java:232)
	at javafx.base@20.0.2/com.sun.javafx.event.EventHandlerManager.dispatchBubblingEvent(EventHandlerManager.java:189)
	at javafx.base@20.0.2/com.sun.javafx.event.BasicEventDispatcher.dispatchEvent(BasicEventDispatcher.java:58)
	at javafx.base@20.0.2/com.sun.javafx.event.EventDispatchChainImpl.dispatchEvent(EventDispatchChainImpl.java:114)
	at javafx.base@20.0.2/com.sun.javafx.event.EventUtil.fireEventImpl(EventUtil.java:74)
	at javafx.base@20.0.2/com.sun.javafx.event.EventUtil.fireEvent(EventUtil.java:49)
	at javafx.base@20.0.2/javafx.event.Event.fireEvent(Event.java:198)
	at javafx.controls@20.0.2/javafx.scene.control.MenuItem.fire(MenuItem.java:459)
	at javafx.controls@20.0.2/com.sun.javafx.scene.control.ContextMenuContent$MenuItemContainer.doSelect(ContextMenuContent.java:1385)
	at javafx.controls@20.0.2/com.sun.javafx.scene.control.ContextMenuContent$MenuItemContainer.lambda$createChildren$12(ContextMenuContent.java:1338)
	at javafx.base@20.0.2/com.sun.javafx.event.CompositeEventHandler$NormalEventHandlerRecord.handleBubblingEvent(CompositeEventHandler.java:247)
	at javafx.base@20.0.2/com.sun.javafx.event.CompositeEventHandler.dispatchBubblingEvent(CompositeEventHandler.java:80)
	at javafx.base@20.0.2/com.sun.javafx.event.EventHandlerManager.dispatchBubblingEvent(EventHandlerManager.java:232)
	at javafx.base@20.0.2/com.sun.javafx.event.EventHandlerManager.dispatchBubblingEvent(EventHandlerManager.java:189)
	at javafx.base@20.0.2/com.sun.javafx.event.CompositeEventDispatcher.dispatchBubblingEvent(CompositeEventDispatcher.java:59)
	at javafx.base@20.0.2/com.sun.javafx.event.BasicEventDispatcher.dispatchEvent(BasicEventDispatcher.java:58)
	at javafx.base@20.0.2/com.sun.javafx.event.EventDispatchChainImpl.dispatchEvent(EventDispatchChainImpl.java:114)
	at javafx.base@20.0.2/com.sun.javafx.event.BasicEventDispatcher.dispatchEvent(BasicEventDispatcher.java:56)
	at javafx.base@20.0.2/com.sun.javafx.event.EventDispatchChainImpl.dispatchEvent(EventDispatchChainImpl.java:114)
	at javafx.base@20.0.2/com.sun.javafx.event.BasicEventDispatcher.dispatchEvent(BasicEventDispatcher.java:56)
	at javafx.base@20.0.2/com.sun.javafx.event.EventDispatchChainImpl.dispatchEvent(EventDispatchChainImpl.java:114)
	at javafx.base@20.0.2/com.sun.javafx.event.BasicEventDispatcher.dispatchEvent(BasicEventDispatcher.java:56)
	at javafx.base@20.0.2/com.sun.javafx.event.EventDispatchChainImpl.dispatchEvent(EventDispatchChainImpl.java:114)
	at javafx.base@20.0.2/com.sun.javafx.event.EventUtil.fireEventImpl(EventUtil.java:74)
	at javafx.base@20.0.2/com.sun.javafx.event.EventUtil.fireEvent(EventUtil.java:54)
	at javafx.base@20.0.2/javafx.event.Event.fireEvent(Event.java:198)
	at javafx.graphics@20.0.2/javafx.scene.Scene$MouseHandler.process(Scene.java:3980)
	at javafx.graphics@20.0.2/javafx.scene.Scene.processMouseEvent(Scene.java:1890)
	at javafx.graphics@20.0.2/javafx.scene.Scene$ScenePeerListener.mouseEvent(Scene.java:2704)
	at javafx.graphics@20.0.2/com.sun.javafx.tk.quantum.GlassViewEventHandler$MouseEventNotification.run(GlassViewEventHandler.java:411)
	at javafx.graphics@20.0.2/com.sun.javafx.tk.quantum.GlassViewEventHandler$MouseEventNotification.run(GlassViewEventHandler.java:301)
	at java.base/java.security.AccessController.doPrivileged(AccessController.java:399)
	at javafx.graphics@20.0.2/com.sun.javafx.tk.quantum.GlassViewEventHandler.lambda$handleMouseEvent$2(GlassViewEventHandler.java:450)
	at javafx.graphics@20.0.2/com.sun.javafx.tk.quantum.QuantumToolkit.runWithoutRenderLock(QuantumToolkit.java:424)
	at javafx.graphics@20.0.2/com.sun.javafx.tk.quantum.GlassViewEventHandler.handleMouseEvent(GlassViewEventHandler.java:449)
	at javafx.graphics@20.0.2/com.sun.glass.ui.View.handleMouseEvent(View.java:551)
	at javafx.graphics@20.0.2/com.sun.glass.ui.View.notifyMouse(View.java:937)
	at javafx.graphics@20.0.2/com.sun.glass.ui.win.WinApplication._runLoop(Native Method)
	at javafx.graphics@20.0.2/com.sun.glass.ui.win.WinApplication.lambda$runLoop$3(WinApplication.java:185)
	at java.base/java.lang.Thread.run(Thread.java:833)
Caused by: java.lang.reflect.InvocationTargetException
	at java.base/jdk.internal.reflect.DirectMethodHandleAccessor.invoke(DirectMethodHandleAccessor.java:119)
	at java.base/java.lang.reflect.Method.invoke(Method.java:577)
	at com.sun.javafx.reflect.Trampoline.invoke(MethodUtil.java:72)
	at java.base/jdk.internal.reflect.DirectMethodHandleAccessor.invoke(DirectMethodHandleAccessor.java:104)
	at java.base/java.lang.reflect.Method.invoke(Method.java:577)
	at javafx.base@20.0.2/com.sun.javafx.reflect.MethodUtil.invoke(MethodUtil.java:270)
	at javafx.fxml@20.0.2/com.sun.javafx.fxml.MethodHelper.invoke(MethodHelper.java:84)
	at javafx.fxml@20.0.2/javafx.fxml.FXMLLoader$MethodHandler.invoke(FXMLLoader.java:1853)
	... 42 more
Caused by: java.lang.IllegalArgumentException: The file: C:\Users\macke\OneDrive\Documents\School\Semester%203\Programming%20in%20a%20Graphical%20User%20Interface\Homework\animals-revenge\build\resources\main\other\README.md doesn't exist.
	at java.desktop/java.awt.Desktop.checkFileValidation(Desktop.java:368)
	at java.desktop/java.awt.Desktop.open(Desktop.java:429)
	at edu.vanier.animals_revenge.controllers.CustomProjectileController.OpenAboutPage(CustomProjectileController.java:373)
	at java.base/jdk.internal.reflect.DirectMethodHandleAccessor.invoke(DirectMethodHandleAccessor.java:104)
	... 49 more

12:53:25.853 [JavaFX Application Thread] FATAL FXGLApplication      - Application will now exit
12:53:25.872 [JavaFX Application Thread] DEBUG PrimaryStageWindow   - Push state: ErrorSubScene
12:53:25.872 [JavaFX Application Thread] DEBUG Input                - Clearing active input actions
12:53:25.874 [JavaFX Application Thread] DEBUG GameApplicationServi - Removing overlay from GameScene and adding to ErrorSubScene
12:53:25.875 [JavaFX Application Thread] DEBUG PrimaryStageWindow   - GameScene -> ErrorSubScene
12:55:16.771 [JavaFX Application Thread] DEBUG FXGLApplication      - Exiting FXGL
12:55:16.771 [JavaFX Application Thread] DEBUG Async                - Shutting down background threads
12:55:16.771 [JavaFX Application Thread] DEBUG PrimaryStageWindow   - Closing main window
12:55:16.854 [JavaFX Application Thread] DEBUG Logger               - Closing Logger
