23:16:54.416 [main                     ] DEBUG Logger               - Configured Logger
23:16:54.449 [main                     ] DEBUG GameApplication      - Logging settings
Title: Untitled
Version: 0.0
Width: 1480
Height: 820
Fullscreen: false
Intro: false
Profiling: false
Single step:false
App Mode: DEVELOPER
Menu Key: ESCAPE
Stage Style: DECORATED
Scene Factory: class com.almasb.fxgl.app.scene.SceneFactory

23:16:55.129 [JavaFX Application Thread] DEBUG FXGLApplication      - Initializing FXGL
23:16:55.141 [JavaFX Application Thread] INFO  Engine               - FXGL-17.2 (20.08.2022 16.50) on WINDOWS (J:18.0.2.1 FX:20.0.2)
23:16:55.142 [JavaFX Application Thread] DEBUG Engine               - JRE Vendor Name: Oracle Corporation
23:16:55.144 [JavaFX Application Thread] DEBUG Engine               - Running on OS: Windows 11 version 10.0
23:16:55.144 [JavaFX Application Thread] DEBUG Engine               - Architecture: amd64
23:16:55.144 [JavaFX Application Thread] INFO  Engine               - Source code and latest versions at: https://github.com/AlmasB/FXGL
23:16:55.145 [JavaFX Application Thread] INFO  Engine               -       Ask questions and discuss at: https://github.com/AlmasB/FXGL/discussions
23:16:55.145 [JavaFX Application Thread] INFO  Engine               -              Join the FXGL chat at: https://gitter.im/AlmasB/FXGL
23:16:55.276 [JavaFX Application Thread] DEBUG PrimaryStageWindow   - Creating a JavaFX scene
23:16:55.277 [JavaFX Application Thread] DEBUG PrimaryStageWindow   - Target size > screen size
23:16:55.344 [JavaFX Application Thread] DEBUG PrimaryStageWindow   - Target settings size: 1480.0 x 820.0
23:16:55.345 [JavaFX Application Thread] DEBUG PrimaryStageWindow   - Scaled scene size:    1415.0 x 797.0
23:16:55.346 [JavaFX Application Thread] DEBUG PrimaryStageWindow   - Scaled ratio: (0.956081081081081, 0.9719512195121951)
23:16:55.348 [JavaFX Application Thread] DEBUG PrimaryStageWindow   - Set initial scene to FXGLStartupScene
23:16:55.356 [JavaFX Application Thread] DEBUG PrimaryStageWindow   - Opening main window
23:16:55.496 [JavaFX Application Thread] DEBUG PrimaryStageWindow   - Window border size: (13.0, 35.5)
23:16:55.497 [JavaFX Application Thread] DEBUG PrimaryStageWindow   - Scaled size: 1415.0 x 797.0
23:16:55.497 [JavaFX Application Thread] DEBUG PrimaryStageWindow   - Scaled ratio: (0.956081081081081, 0.9719512195121951)
23:16:55.497 [JavaFX Application Thread] DEBUG PrimaryStageWindow   - Scene size: 1415.0 x 797.0
23:16:55.497 [JavaFX Application Thread] DEBUG PrimaryStageWindow   - Stage size: 1428.0 x 832.5
23:16:55.508 [FXGL Background Thread 1 ] DEBUG Engine               - Initializing environment variables
23:16:55.583 [FXGL Background Thread 1 ] DEBUG FXGLAssetLoaderServi - User app class for loading assets: class edu.vanier.animals_revenge.MainApp
23:16:55.583 [FXGL Background Thread 1 ] DEBUG GameApplicationServi - Applying CSS: fxgl_dark.css
23:16:55.585 [FXGL Background Thread 1 ] DEBUG FXGLAssetLoaderServi - Loading from file system: jar:file:/C:/Users/macke/.gradle/caches/modules-2/files-2.1/com.github.almasb/fxgl/17.2/35db6ae960eec2dcfd19262d3b7f9c42f0e95bc3/fxgl-17.2.jar!/fxglassets/ui/css/fxgl_dark.css
23:16:55.697 [FXGL Background Thread 1 ] DEBUG GameApplicationServi - Initializing application scenes
23:16:55.875 [FXGL Background Thread 1 ] DEBUG GameWorld            - Game world initialized
23:16:55.949 [FXGL Background Thread 1 ] DEBUG PhysicsWorld         - Physics world initialized: appHeight=820, physics.ppm=50.0
23:16:55.950 [FXGL Background Thread 1 ] DEBUG PhysicsWorld         - Using strategy: BRUTE_FORCE
23:16:55.961 [FXGL Background Thread 1 ] DEBUG GameScene            - Game scene initialized: 1480x820
23:16:55.961 [FXGL Background Thread 1 ] DEBUG GameApplicationServi - Application scenes initialized
23:16:56.000 [FXGL Background Thread 1 ] DEBUG SystemBundleService  - Loading FXGL system data
23:16:56.013 [FXGL Background Thread 1 ] DEBUG FileSystemAccess     - Reading from: C:\Users\macke\OneDrive\Documents\School\Semester 3\Programming in a Graphical User Interface\Homework\animals-revenge\system\fxgl.bundle
23:16:56.034 [FXGL Background Thread 1 ] DEBUG SystemBundleService  - Bundle FXGL: {}
23:16:56.034 [FXGL Background Thread 1 ] DEBUG UpdaterService       - Checking for updates
23:16:56.062 [FXGL Background Thread 4 ] DEBUG FXGLApplication      - Loading fonts
23:16:56.063 [FXGL Background Thread 4 ] DEBUG FXGLAssetLoaderServi - Loading from file system: jar:file:/C:/Users/macke/.gradle/caches/modules-2/files-2.1/com.github.almasb/fxgl/17.2/35db6ae960eec2dcfd19262d3b7f9c42f0e95bc3/fxgl-17.2.jar!/fxglassets/ui/fonts/VarelaRound-Regular.ttf
23:16:56.069 [FXGL Background Thread 1 ] DEBUG FXGLApplication      - Loading default localization
23:16:56.070 [FXGL Background Thread 1 ] DEBUG FXGLAssetLoaderServi - Loading from file system: jar:file:/C:/Users/macke/.gradle/caches/modules-2/files-2.1/com.github.almasb/fxgl/17.2/35db6ae960eec2dcfd19262d3b7f9c42f0e95bc3/fxgl-17.2.jar!/fxglassets/languages/english.lang
23:16:56.307 [FXGL Background Thread 4 ] DEBUG FXGLAssetLoaderServi - Loading from file system: jar:file:/C:/Users/macke/.gradle/caches/modules-2/files-2.1/com.github.almasb/fxgl/17.2/35db6ae960eec2dcfd19262d3b7f9c42f0e95bc3/fxgl-17.2.jar!/fxglassets/ui/fonts/Abel-Regular.ttf
23:16:56.316 [FXGL Background Thread 4 ] DEBUG FXGLAssetLoaderServi - Loading from file system: jar:file:/C:/Users/macke/.gradle/caches/modules-2/files-2.1/com.github.almasb/fxgl/17.2/35db6ae960eec2dcfd19262d3b7f9c42f0e95bc3/fxgl-17.2.jar!/fxglassets/ui/fonts/TerminalLandMono-Regular.otf
23:16:56.333 [FXGL Background Thread 4 ] DEBUG FXGLAssetLoaderServi - Loading from file system: jar:file:/C:/Users/macke/.gradle/caches/modules-2/files-2.1/com.github.almasb/fxgl/17.2/35db6ae960eec2dcfd19262d3b7f9c42f0e95bc3/fxgl-17.2.jar!/fxglassets/ui/fonts/Courier-Prime.ttf
23:16:56.377 [JavaFX Application Thread] DEBUG FXGLApplication      - Registering font factories with UI factory
23:16:56.419 [FXGL Background Thread 1 ] INFO  FXGLApplication      - FXGL initialization took: 0.909 sec
23:16:56.438 [JavaFX Application Thread] DEBUG Input                - Registered new binding: Launch - RMB
23:16:56.439 [JavaFX Application Thread] DEBUG Input                - Registered new binding: Create - LMB
23:16:56.440 [JavaFX Application Thread] DEBUG Input                - Registered new binding: Drag - CTRL+LMB
23:16:56.442 [JavaFX Application Thread] DEBUG FXGLAssetLoaderServi - Loading from file system: jar:file:/C:/Users/macke/.gradle/caches/modules-2/files-2.1/com.github.almasb/fxgl/17.2/35db6ae960eec2dcfd19262d3b7f9c42f0e95bc3/fxgl-17.2.jar!/fxglassets/textures/fxgl_icon.png
23:16:56.693 [JavaFX Application Thread] DEBUG FXGLAssetLoaderServi - Loading from file system: jar:file:/C:/Users/macke/.gradle/caches/modules-2/files-2.1/com.github.almasb/fxgl/17.2/35db6ae960eec2dcfd19262d3b7f9c42f0e95bc3/fxgl-17.2.jar!/fxglassets/textures/fxgl_default_cursor.png
23:16:56.746 [JavaFX Application Thread] DEBUG Input                - Registered new binding: Screenshot - CTRL+8
23:16:56.752 [JavaFX Application Thread] DEBUG Input                - Registered new binding: System info dump - CTRL+9
23:16:56.756 [JavaFX Application Thread] DEBUG Input                - Registered new binding: Restart - CTRL+R
23:16:56.766 [JavaFX Application Thread] DEBUG Input                - Registered new binding: Toggle Debug Camera - CTRL+7
23:16:56.789 [JavaFX Application Thread] DEBUG LoopRunner           - Starting loop
23:16:56.789 [JavaFX Application Thread] DEBUG LoopRunner           - Initializing JavaFX AnimationTimerLoop
23:16:56.794 [JavaFX Application Thread] DEBUG GameApplicationServi - Starting new game
23:16:56.795 [JavaFX Application Thread] DEBUG Input                - Clearing active input actions
23:16:56.840 [JavaFX Application Thread] DEBUG GameApplicationServi - Removing overlay from FXGLStartupScene and adding to FXGLLoadingScene
23:16:56.841 [JavaFX Application Thread] DEBUG PrimaryStageWindow   - FXGLStartupScene -> FXGLLoadingScene
23:16:56.841 [JavaFX Application Thread] DEBUG GameApplicationServi - Clearing previous game
23:16:56.841 [JavaFX Application Thread] DEBUG GameScene            - Clearing game scene
23:16:56.841 [JavaFX Application Thread] DEBUG GameWorld            - Clearing game world
23:16:56.842 [JavaFX Application Thread] DEBUG PhysicsWorld         - Clearing physics world
23:16:56.851 [FXGL Background Thread 1 ] DEBUG FXGLApplication      - Initializing game
23:16:56.969 [FXGL Background Thread 1 ] DEBUG FXGLAssetLoaderServi - Loading from file system: file:/C:/Users/macke/OneDrive/Documents/School/Semester%203/Programming%20in%20a%20Graphical%20User%20Interface/Homework/animals-revenge/build/resources/main/assets/ui/Home.fxml
23:16:57.685 [FXGL Background Thread 2 ] INFO  UpdaterService       - Your current version:  17.2
23:16:57.686 [FXGL Background Thread 2 ] INFO  UpdaterService       - Latest stable version: 17.3
23:16:57.891 [FXGL Background Thread 1 ] INFO  FXGLApplication      - Game initialization took: 1.040 sec
23:16:57.898 [JavaFX Application Thread] DEBUG Input                - Clearing active input actions
23:16:57.925 [JavaFX Application Thread] DEBUG GameApplicationServi - Removing overlay from FXGLLoadingScene and adding to GameScene
23:16:57.925 [JavaFX Application Thread] DEBUG PrimaryStageWindow   - FXGLLoadingScene -> GameScene
23:16:58.890 [JavaFX Application Thread] DEBUG FXGLAssetLoaderServi - Loading from file system: file:/C:/Users/macke/OneDrive/Documents/School/Semester%203/Programming%20in%20a%20Graphical%20User%20Interface/Homework/animals-revenge/build/resources/main/assets/ui/1CustomProjectile.fxml
23:16:59.011 [JavaFX Application Thread] WARN  FXGLAssetLoaderServi - Failed to load file:/C:/Users/macke/OneDrive/Documents/School/Semester%203/Programming%20in%20a%20Graphical%20User%20Interface/Homework/animals-revenge/build/resources/main/assets/ui/1CustomProjectile.fxml
javafx.fxml.LoadException: Error resolving onAction='#r', either the event handler is not in the Namespace or there is an error in the script.
unknown path:144

	at javafx.fxml@20.0.2/javafx.fxml.FXMLLoader.constructLoadException(FXMLLoader.java:2718)
	at javafx.fxml@20.0.2/javafx.fxml.FXMLLoader$Element.processEventHandlerAttributes(FXMLLoader.java:623)
	at javafx.fxml@20.0.2/javafx.fxml.FXMLLoader$ValueElement.processEndElement(FXMLLoader.java:783)
	at javafx.fxml@20.0.2/javafx.fxml.FXMLLoader.processEndElement(FXMLLoader.java:2969)
	at javafx.fxml@20.0.2/javafx.fxml.FXMLLoader.loadImpl(FXMLLoader.java:2654)
	at javafx.fxml@20.0.2/javafx.fxml.FXMLLoader.load(FXMLLoader.java:2547)
	at com.almasb.fxgl.app.services.UIAssetLoader.load(FXGLAssetLoaderService.kt:767)
	at com.almasb.fxgl.app.services.UIAssetLoader.load(FXGLAssetLoaderService.kt:757)
	at com.almasb.fxgl.app.services.FXGLAssetLoaderService.load(FXGLAssetLoaderService.kt:530)
	at com.almasb.fxgl.app.services.FXGLAssetLoaderService.loadUI(FXGLAssetLoaderService.kt:460)
	at edu.vanier.animals_revenge.MainApp.loadFXML(MainApp.java:178)
	at edu.vanier.animals_revenge.controllers.HomeController.switchScenes(HomeController.java:46)
	at java.base/jdk.internal.reflect.DirectMethodHandleAccessor.invoke(DirectMethodHandleAccessor.java:104)
	at java.base/java.lang.reflect.Method.invoke(Method.java:577)
	at com.sun.javafx.reflect.Trampoline.invoke(MethodUtil.java:72)
	at java.base/jdk.internal.reflect.DirectMethodHandleAccessor.invoke(DirectMethodHandleAccessor.java:104)
	at java.base/java.lang.reflect.Method.invoke(Method.java:577)
	at javafx.base@20.0.2/com.sun.javafx.reflect.MethodUtil.invoke(MethodUtil.java:270)
	at javafx.fxml@20.0.2/com.sun.javafx.fxml.MethodHelper.invoke(MethodHelper.java:84)
	at javafx.fxml@20.0.2/javafx.fxml.FXMLLoader$MethodHandler.invoke(FXMLLoader.java:1853)
	at javafx.fxml@20.0.2/javafx.fxml.FXMLLoader$ControllerMethodEventHandler.handle(FXMLLoader.java:1726)
	at javafx.base@20.0.2/com.sun.javafx.event.CompositeEventHandler.dispatchBubblingEvent(CompositeEventHandler.java:86)
	at javafx.base@20.0.2/com.sun.javafx.event.EventHandlerManager.dispatchBubblingEvent(EventHandlerManager.java:232)
	at javafx.base@20.0.2/com.sun.javafx.event.EventHandlerManager.dispatchBubblingEvent(EventHandlerManager.java:189)
	at javafx.base@20.0.2/com.sun.javafx.event.CompositeEventDispatcher.dispatchBubblingEvent(CompositeEventDispatcher.java:59)
	at javafx.base@20.0.2/com.sun.javafx.event.BasicEventDispatcher.dispatchEvent(BasicEventDispatcher.java:58)
	at javafx.base@20.0.2/com.sun.javafx.event.EventDispatchChainImpl.dispatchEvent(EventDispatchChainImpl.java:114)
	at javafx.base@20.0.2/com.sun.javafx.event.BasicEventDispatcher.dispatchEvent(BasicEventDispatcher.java:56)
	at javafx.base@20.0.2/com.sun.javafx.event.EventDispatchChainImpl.dispatchEvent(EventDispatchChainImpl.java:114)
	at javafx.base@20.0.2/com.sun.javafx.event.BasicEventDispatcher.dispatchEvent(BasicEventDispatcher.java:56)
	at javafx.base@20.0.2/com.sun.javafx.event.EventDispatchChainImpl.dispatchEvent(EventDispatchChainImpl.java:114)
	at javafx.base@20.0.2/com.sun.javafx.event.EventUtil.fireEventImpl(EventUtil.java:74)
	at javafx.base@20.0.2/com.sun.javafx.event.EventUtil.fireEvent(EventUtil.java:49)
	at javafx.base@20.0.2/javafx.event.Event.fireEvent(Event.java:198)
	at javafx.graphics@20.0.2/javafx.scene.Node.fireEvent(Node.java:8944)
	at javafx.controls@20.0.2/javafx.scene.control.Button.fire(Button.java:203)
	at javafx.controls@20.0.2/com.sun.javafx.scene.control.behavior.ButtonBehavior.mouseReleased(ButtonBehavior.java:207)
	at javafx.controls@20.0.2/com.sun.javafx.scene.control.inputmap.InputMap.handle(InputMap.java:274)
	at javafx.base@20.0.2/com.sun.javafx.event.CompositeEventHandler$NormalEventHandlerRecord.handleBubblingEvent(CompositeEventHandler.java:247)
	at javafx.base@20.0.2/com.sun.javafx.event.CompositeEventHandler.dispatchBubblingEvent(CompositeEventHandler.java:80)
	at javafx.base@20.0.2/com.sun.javafx.event.EventHandlerManager.dispatchBubblingEvent(EventHandlerManager.java:232)
	at javafx.base@20.0.2/com.sun.javafx.event.EventHandlerManager.dispatchBubblingEvent(EventHandlerManager.java:189)
	at javafx.base@20.0.2/com.sun.javafx.event.CompositeEventDispatcher.dispatchBubblingEvent(CompositeEventDispatcher.java:59)
	at javafx.base@20.0.2/com.sun.javafx.event.BasicEventDispatcher.dispatchEvent(BasicEventDispatcher.java:58)
	at javafx.base@20.0.2/com.sun.javafx.event.EventDispatchChainImpl.dispatchEvent(EventDispatchChainImpl.java:114)
	at javafx.base@20.0.2/com.sun.javafx.event.BasicEventDispatcher.dispatchEvent(BasicEventDispatcher.java:56)
	at javafx.base@20.0.2/com.sun.javafx.event.EventDispatchChainImpl.dispatchEvent(EventDispatchChainImpl.java:114)
	at javafx.base@20.0.2/com.sun.javafx.event.BasicEventDispatcher.dispatchEvent(BasicEventDispatcher.java:56)
	at javafx.base@20.0.2/com.sun.javafx.event.EventDispatchChainImpl.dispatchEvent(EventDispatchChainImpl.java:114)
	at javafx.base@20.0.2/com.sun.javafx.event.EventUtil.fireEventImpl(EventUtil.java:74)
	at javafx.base@20.0.2/com.sun.javafx.event.EventUtil.fireEvent(EventUtil.java:54)
	at javafx.base@20.0.2/javafx.event.Event.fireEvent(Event.java:198)
	at javafx.graphics@20.0.2/javafx.scene.Scene$MouseHandler.process(Scene.java:3980)
	at javafx.graphics@20.0.2/javafx.scene.Scene.processMouseEvent(Scene.java:1890)
	at javafx.graphics@20.0.2/javafx.scene.Scene$ScenePeerListener.mouseEvent(Scene.java:2704)
	at javafx.graphics@20.0.2/com.sun.javafx.tk.quantum.GlassViewEventHandler$MouseEventNotification.run(GlassViewEventHandler.java:411)
	at javafx.graphics@20.0.2/com.sun.javafx.tk.quantum.GlassViewEventHandler$MouseEventNotification.run(GlassViewEventHandler.java:301)
	at java.base/java.security.AccessController.doPrivileged(AccessController.java:399)
	at javafx.graphics@20.0.2/com.sun.javafx.tk.quantum.GlassViewEventHandler.lambda$handleMouseEvent$2(GlassViewEventHandler.java:450)
	at javafx.graphics@20.0.2/com.sun.javafx.tk.quantum.QuantumToolkit.runWithoutRenderLock(QuantumToolkit.java:424)
	at javafx.graphics@20.0.2/com.sun.javafx.tk.quantum.GlassViewEventHandler.handleMouseEvent(GlassViewEventHandler.java:449)
	at javafx.graphics@20.0.2/com.sun.glass.ui.View.handleMouseEvent(View.java:551)
	at javafx.graphics@20.0.2/com.sun.glass.ui.View.notifyMouse(View.java:937)
	at javafx.graphics@20.0.2/com.sun.glass.ui.win.WinApplication._runLoop(Native Method)
	at javafx.graphics@20.0.2/com.sun.glass.ui.win.WinApplication.lambda$runLoop$3(WinApplication.java:185)
	at java.base/java.lang.Thread.run(Thread.java:833)

23:16:59.052 [FXGL Background Thread 3 ] DEBUG Engine               - Logging environment variables
23:16:59.054 [FXGL Background Thread 3 ] DEBUG Engine               - achievements: []
23:16:59.054 [FXGL Background Thread 3 ] DEBUG Engine               - actualHeight: 797.0
23:16:59.054 [FXGL Background Thread 3 ] DEBUG Engine               - actualHeightProperty: ReadOnlyDoubleProperty [value: 797.0]
23:16:59.055 [FXGL Background Thread 3 ] DEBUG Engine               - actualWidth: 1415.0
23:16:59.055 [FXGL Background Thread 3 ] DEBUG Engine               - actualWidthProperty: ReadOnlyDoubleProperty [value: 1415.0]
23:16:59.055 [FXGL Background Thread 3 ] DEBUG Engine               - appIcon: fxgl_icon.png
23:16:59.055 [FXGL Background Thread 3 ] DEBUG Engine               - applicationMode: DEVELOPER
23:16:59.055 [FXGL Background Thread 3 ] DEBUG Engine               - cSSList: [fxgl_dark.css]
23:16:59.055 [FXGL Background Thread 3 ] DEBUG Engine               - collisionDetectionStrategy: BRUTE_FORCE
23:16:59.055 [FXGL Background Thread 3 ] DEBUG Engine               - configClass: Optional.empty
23:16:59.055 [FXGL Background Thread 3 ] DEBUG Engine               - credits: []
23:16:59.063 [FXGL Background Thread 3 ] DEBUG Engine               - defaultCursor: CursorInfo(imageName=fxgl_default_cursor.png, hotspotX=7.0, hotspotY=6.0)
23:16:59.063 [FXGL Background Thread 3 ] DEBUG Engine               - devBBoxColorProperty: ObjectProperty [value: 0xff0000ff]
23:16:59.063 [FXGL Background Thread 3 ] DEBUG Engine               - devEnableDebugCameraProperty: BooleanProperty [value: false]
23:16:59.063 [FXGL Background Thread 3 ] DEBUG Engine               - devSensorColorProperty: ObjectProperty [value: 0xffff00ff]
23:16:59.064 [FXGL Background Thread 3 ] DEBUG Engine               - devShowBBoxProperty: BooleanProperty [value: false]
23:16:59.064 [FXGL Background Thread 3 ] DEBUG Engine               - devShowPositionProperty: BooleanProperty [value: false]
23:16:59.064 [FXGL Background Thread 3 ] DEBUG Engine               - enabledMenuItems: []
23:16:59.064 [FXGL Background Thread 3 ] DEBUG Engine               - engineServices: [class com.almasb.fxgl.app.services.FXGLAssetLoaderService, class com.almasb.fxgl.app.FXGLApplication$GameApplicationService, class com.almasb.fxgl.app.services.FXGLDialogService, class com.almasb.fxgl.app.services.IOTaskExecutorService, class com.almasb.fxgl.io.FileSystemService, class com.almasb.fxgl.localization.LocalizationService, class com.almasb.fxgl.app.services.SystemBundleService, class com.almasb.fxgl.profile.SaveLoadService, class com.almasb.fxgl.ui.FXGLUIFactoryServiceProvider, class com.almasb.fxgl.ui.FXGLDialogFactoryServiceProvider, class com.almasb.fxgl.audio.AudioPlayer, class com.almasb.fxgl.notification.impl.NotificationServiceProvider, class com.almasb.fxgl.achievement.AchievementService, class com.almasb.fxgl.cutscene.CutsceneService, class com.almasb.fxgl.minigames.MiniGameService, class com.almasb.fxgl.net.NetService, class com.almasb.fxgl.app.services.UpdaterService, class com.almasb.fxgl.dev.DevService]
23:16:59.064 [FXGL Background Thread 3 ] DEBUG Engine               - fontGame: Abel-Regular.ttf
23:16:59.064 [FXGL Background Thread 3 ] DEBUG Engine               - fontMono: TerminalLandMono-Regular.otf
23:16:59.064 [FXGL Background Thread 3 ] DEBUG Engine               - fontText: Courier-Prime.ttf
23:16:59.064 [FXGL Background Thread 3 ] DEBUG Engine               - fontUI: VarelaRound-Regular.ttf
23:16:59.064 [FXGL Background Thread 3 ] DEBUG Engine               - fullScreen: BooleanProperty [value: false]
23:16:59.064 [FXGL Background Thread 3 ] DEBUG Engine               - gameDifficulty: MEDIUM
23:16:59.064 [FXGL Background Thread 3 ] DEBUG Engine               - gameDifficultyProperty: ObjectProperty [value: MEDIUM]
23:16:59.065 [FXGL Background Thread 3 ] DEBUG Engine               - globalMusicVolume: 0.5
23:16:59.065 [FXGL Background Thread 3 ] DEBUG Engine               - globalMusicVolumeProperty: DoubleProperty [value: 0.5]
23:16:59.065 [FXGL Background Thread 3 ] DEBUG Engine               - globalSoundVolume: 0.5
23:16:59.065 [FXGL Background Thread 3 ] DEBUG Engine               - globalSoundVolumeProperty: DoubleProperty [value: 0.5]
23:16:59.065 [FXGL Background Thread 3 ] DEBUG Engine               - height: 820
23:16:59.065 [FXGL Background Thread 3 ] DEBUG Engine               - is3D: false
23:16:59.065 [FXGL Background Thread 3 ] DEBUG Engine               - isAndroid: false
23:16:59.065 [FXGL Background Thread 3 ] DEBUG Engine               - isBrowser: false
23:16:59.065 [FXGL Background Thread 3 ] DEBUG Engine               - isClickFeedbackEnabled: false
23:16:59.066 [FXGL Background Thread 3 ] DEBUG Engine               - isCloseConfirmation: false
23:16:59.066 [FXGL Background Thread 3 ] DEBUG Engine               - isDesktop: true
23:16:59.066 [FXGL Background Thread 3 ] DEBUG Engine               - isDeveloperMenuEnabled: false
23:16:59.066 [FXGL Background Thread 3 ] DEBUG Engine               - isEmbedded: false
23:16:59.066 [FXGL Background Thread 3 ] DEBUG Engine               - isEntityPreloadEnabled: true
23:16:59.066 [FXGL Background Thread 3 ] DEBUG Engine               - isExperimentalTiledLargeMap: false
23:16:59.066 [FXGL Background Thread 3 ] DEBUG Engine               - isFileSystemWriteAllowed: true
23:16:59.066 [FXGL Background Thread 3 ] DEBUG Engine               - isFullScreenAllowed: false
23:16:59.066 [FXGL Background Thread 3 ] DEBUG Engine               - isFullScreenFromStart: false
23:16:59.066 [FXGL Background Thread 3 ] DEBUG Engine               - isGameMenuEnabled: false
23:16:59.066 [FXGL Background Thread 3 ] DEBUG Engine               - isIOS: false
23:16:59.066 [FXGL Background Thread 3 ] DEBUG Engine               - isIntroEnabled: false
23:16:59.066 [FXGL Background Thread 3 ] DEBUG Engine               - isLinux: false
23:16:59.066 [FXGL Background Thread 3 ] DEBUG Engine               - isMac: false
23:16:59.066 [FXGL Background Thread 3 ] DEBUG Engine               - isMainMenuEnabled: false
23:16:59.066 [FXGL Background Thread 3 ] DEBUG Engine               - isManualResizeEnabled: false
23:16:59.067 [FXGL Background Thread 3 ] DEBUG Engine               - isMobile: false
23:16:59.067 [FXGL Background Thread 3 ] DEBUG Engine               - isNative: false
23:16:59.067 [FXGL Background Thread 3 ] DEBUG Engine               - isPauseMusicWhenMinimized: true
23:16:59.067 [FXGL Background Thread 3 ] DEBUG Engine               - isPreserveResizeRatio: false
23:16:59.067 [FXGL Background Thread 3 ] DEBUG Engine               - isProfilingEnabled: false
23:16:59.067 [FXGL Background Thread 3 ] DEBUG Engine               - isScaleAffectedOnResize: true
23:16:59.067 [FXGL Background Thread 3 ] DEBUG Engine               - isSingleStep: false
23:16:59.067 [FXGL Background Thread 3 ] DEBUG Engine               - isUserProfileEnabled: false
23:16:59.067 [FXGL Background Thread 3 ] DEBUG Engine               - isWindows: true
23:16:59.067 [FXGL Background Thread 3 ] DEBUG Engine               - language: ObjectProperty [value: ENGLISH]
23:16:59.067 [FXGL Background Thread 3 ] DEBUG Engine               - menuKey: ESCAPE
23:16:59.067 [FXGL Background Thread 3 ] DEBUG Engine               - mouseSensitivity: 0.2
23:16:59.067 [FXGL Background Thread 3 ] DEBUG Engine               - notificationViewClass: class com.almasb.fxgl.notification.view.XboxNotificationView
23:16:59.067 [FXGL Background Thread 3 ] DEBUG Engine               - pixelsPerMeter: 50.0
23:16:59.067 [FXGL Background Thread 3 ] DEBUG Engine               - platform: WINDOWS
23:16:59.068 [FXGL Background Thread 3 ] DEBUG Engine               - prefHeightProperty: ReadOnlyDoubleProperty [value: 820.0]
23:16:59.068 [FXGL Background Thread 3 ] DEBUG Engine               - prefWidthProperty: ReadOnlyDoubleProperty [value: 1480.0]
23:16:59.068 [FXGL Background Thread 3 ] DEBUG Engine               - profileDir: profiles/
23:16:59.068 [FXGL Background Thread 3 ] DEBUG Engine               - profileName: StringProperty [value: DEFAULT]
23:16:59.068 [FXGL Background Thread 3 ] DEBUG Engine               - randomSeed: -1
23:16:59.071 [FXGL Background Thread 3 ] DEBUG Engine               - runtimeInfo: RuntimeInfo(platform=WINDOWS, version=17.2, build=20.08.2022 16.50)
23:16:59.071 [FXGL Background Thread 3 ] DEBUG Engine               - saveFileExt: sav
23:16:59.071 [FXGL Background Thread 3 ] DEBUG Engine               - scaledHeightProp$fxgl: DoubleProperty [bound, value: 797.0]
23:16:59.071 [FXGL Background Thread 3 ] DEBUG Engine               - scaledWidthProp$fxgl: DoubleProperty [bound, value: 1415.0]
23:16:59.071 [FXGL Background Thread 3 ] DEBUG Engine               - sceneFactory: com.almasb.fxgl.app.scene.SceneFactory@7cb7be07
23:16:59.071 [FXGL Background Thread 3 ] DEBUG Engine               - secondsIn24h: 60
23:16:59.071 [FXGL Background Thread 3 ] DEBUG Engine               - soundMenuBack: menu/back.wav
23:16:59.072 [FXGL Background Thread 3 ] DEBUG Engine               - soundMenuPress: menu/press.wav
23:16:59.072 [FXGL Background Thread 3 ] DEBUG Engine               - soundMenuSelect: menu/select.wav
23:16:59.072 [FXGL Background Thread 3 ] DEBUG Engine               - soundNotification: core/notification.wav
23:16:59.072 [FXGL Background Thread 3 ] DEBUG Engine               - stageStyle: DECORATED
23:16:59.072 [FXGL Background Thread 3 ] DEBUG Engine               - supportedLanguages: [ENGLISH, FRENCH, GERMAN, HUNGARIAN, RUSSIAN]
23:16:59.072 [FXGL Background Thread 3 ] DEBUG Engine               - ticksPerSecond: -1
23:16:59.072 [FXGL Background Thread 3 ] DEBUG Engine               - title: Untitled
23:16:59.072 [FXGL Background Thread 3 ] DEBUG Engine               - urlGithub: https://github.com/AlmasB/FXGL
23:16:59.072 [FXGL Background Thread 3 ] DEBUG Engine               - urlLeaderboard: http://fxgl-top.herokuapp.com/
23:16:59.072 [FXGL Background Thread 3 ] DEBUG Engine               - urlPOM: https://raw.githubusercontent.com/AlmasB/FXGL/release/README.md
23:16:59.072 [FXGL Background Thread 3 ] DEBUG Engine               - userAppClass: class edu.vanier.animals_revenge.MainApp
23:16:59.072 [FXGL Background Thread 3 ] DEBUG Engine               - version: 0.0
23:16:59.072 [FXGL Background Thread 3 ] DEBUG Engine               - versionCheckDays: 7
23:16:59.072 [FXGL Background Thread 3 ] DEBUG Engine               - width: 1480
23:16:59.073 [FXGL Background Thread 3 ] DEBUG Engine               - Logging services
23:16:59.073 [FXGL Background Thread 3 ] DEBUG Engine               - class com.almasb.fxgl.app.services.FXGLAssetLoaderService
23:16:59.073 [FXGL Background Thread 3 ] DEBUG Engine               - class com.almasb.fxgl.app.FXGLApplication$GameApplicationService
23:16:59.073 [FXGL Background Thread 3 ] DEBUG Engine               - class com.almasb.fxgl.app.services.FXGLDialogService
23:16:59.073 [FXGL Background Thread 3 ] DEBUG Engine               - class com.almasb.fxgl.app.services.IOTaskExecutorService
23:16:59.073 [FXGL Background Thread 3 ] DEBUG Engine               - class com.almasb.fxgl.io.FileSystemService
23:16:59.073 [FXGL Background Thread 3 ] DEBUG Engine               - class com.almasb.fxgl.localization.LocalizationService
23:16:59.073 [FXGL Background Thread 3 ] DEBUG Engine               - class com.almasb.fxgl.app.services.SystemBundleService
23:16:59.073 [FXGL Background Thread 3 ] DEBUG Engine               - class com.almasb.fxgl.profile.SaveLoadService
23:16:59.073 [FXGL Background Thread 3 ] DEBUG Engine               - class com.almasb.fxgl.ui.FXGLUIFactoryServiceProvider
23:16:59.073 [FXGL Background Thread 3 ] DEBUG Engine               - class com.almasb.fxgl.ui.FXGLDialogFactoryServiceProvider
23:16:59.073 [FXGL Background Thread 3 ] DEBUG Engine               - class com.almasb.fxgl.audio.AudioPlayer
23:16:59.073 [FXGL Background Thread 3 ] DEBUG Engine               - class com.almasb.fxgl.notification.impl.NotificationServiceProvider
23:16:59.073 [FXGL Background Thread 3 ] DEBUG Engine               - class com.almasb.fxgl.achievement.AchievementService
23:16:59.073 [FXGL Background Thread 3 ] DEBUG Engine               - class com.almasb.fxgl.cutscene.CutsceneService
23:16:59.073 [FXGL Background Thread 3 ] DEBUG Engine               - class com.almasb.fxgl.minigames.MiniGameService
23:16:59.073 [FXGL Background Thread 3 ] DEBUG Engine               - class com.almasb.fxgl.net.NetService
23:16:59.073 [FXGL Background Thread 3 ] DEBUG Engine               - class com.almasb.fxgl.app.services.UpdaterService
23:16:59.074 [FXGL Background Thread 3 ] DEBUG Engine               - class com.almasb.fxgl.dev.DevService
23:17:00.924 [JavaFX Application Thread] DEBUG FXGLApplication      - Exiting FXGL
23:17:00.924 [JavaFX Application Thread] DEBUG LoopRunner           - Stopping loop
23:17:00.924 [JavaFX Application Thread] DEBUG SystemBundleService  - Saving FXGL system data
23:17:00.927 [JavaFX Application Thread] DEBUG FileSystemAccess     - Writing to: C:\Users\macke\OneDrive\Documents\School\Semester 3\Programming in a Graphical User Interface\Homework\animals-revenge\system\fxgl.bundle
23:17:00.931 [JavaFX Application Thread] DEBUG Async                - Shutting down background threads
23:17:00.931 [JavaFX Application Thread] DEBUG PrimaryStageWindow   - Closing main window
23:17:00.963 [JavaFX Application Thread] DEBUG Logger               - Closing Logger
