08:01:31.103 [main                     ] DEBUG Logger               - Configured Logger
08:01:31.139 [main                     ] DEBUG GameApplication      - Logging settings
Title: Untitled
Version: 0.0
Width: 1480
Height: 820
Fullscreen: false
Intro: false
Profiling: false
Single step:false
App Mode: DEVELOPER
Menu Key: ESCAPE
Stage Style: DECORATED
Scene Factory: class com.almasb.fxgl.app.scene.SceneFactory

08:01:31.929 [JavaFX Application Thread] DEBUG FXGLApplication      - Initializing FXGL
08:01:31.953 [JavaFX Application Thread] INFO  Engine               - FXGL-17.2 (20.08.2022 16.50) on WINDOWS (J:18.0.2.1 FX:20.0.2)
08:01:31.953 [JavaFX Application Thread] DEBUG Engine               - JRE Vendor Name: Oracle Corporation
08:01:31.954 [JavaFX Application Thread] DEBUG Engine               - Running on OS: Windows 11 version 10.0
08:01:31.954 [JavaFX Application Thread] DEBUG Engine               - Architecture: amd64
08:01:31.954 [JavaFX Application Thread] INFO  Engine               - Source code and latest versions at: https://github.com/AlmasB/FXGL
08:01:31.955 [JavaFX Application Thread] INFO  Engine               -       Ask questions and discuss at: https://github.com/AlmasB/FXGL/discussions
08:01:31.955 [JavaFX Application Thread] INFO  Engine               -              Join the FXGL chat at: https://gitter.im/AlmasB/FXGL
08:01:32.161 [JavaFX Application Thread] DEBUG PrimaryStageWindow   - Creating a JavaFX scene
08:01:32.161 [JavaFX Application Thread] DEBUG PrimaryStageWindow   - Target size > screen size
08:01:32.280 [JavaFX Application Thread] DEBUG PrimaryStageWindow   - Target settings size: 1480.0 x 820.0
08:01:32.280 [JavaFX Application Thread] DEBUG PrimaryStageWindow   - Scaled scene size:    1415.0 x 797.0
08:01:32.281 [JavaFX Application Thread] DEBUG PrimaryStageWindow   - Scaled ratio: (0.956081081081081, 0.9719512195121951)
08:01:32.292 [JavaFX Application Thread] DEBUG PrimaryStageWindow   - Set initial scene to FXGLStartupScene
08:01:32.299 [JavaFX Application Thread] DEBUG PrimaryStageWindow   - Opening main window
08:01:32.546 [JavaFX Application Thread] DEBUG PrimaryStageWindow   - Window border size: (13.0, 35.5)
08:01:32.546 [JavaFX Application Thread] DEBUG PrimaryStageWindow   - Scaled size: 1415.0 x 797.0
08:01:32.547 [JavaFX Application Thread] DEBUG PrimaryStageWindow   - Scaled ratio: (0.956081081081081, 0.9719512195121951)
08:01:32.547 [JavaFX Application Thread] DEBUG PrimaryStageWindow   - Scene size: 1415.0 x 797.0
08:01:32.547 [JavaFX Application Thread] DEBUG PrimaryStageWindow   - Stage size: 1428.0 x 832.5
08:01:32.560 [FXGL Background Thread 1 ] DEBUG Engine               - Initializing environment variables
08:01:32.667 [FXGL Background Thread 1 ] DEBUG FXGLAssetLoaderServi - User app class for loading assets: class edu.vanier.animals_revenge.MainApp
08:01:32.667 [FXGL Background Thread 1 ] DEBUG GameApplicationServi - Applying CSS: fxgl_dark.css
08:01:32.671 [FXGL Background Thread 1 ] DEBUG FXGLAssetLoaderServi - Loading from file system: jar:file:/C:/Users/macke/.gradle/caches/modules-2/files-2.1/com.github.almasb/fxgl/17.2/35db6ae960eec2dcfd19262d3b7f9c42f0e95bc3/fxgl-17.2.jar!/fxglassets/ui/css/fxgl_dark.css
08:01:32.809 [FXGL Background Thread 1 ] DEBUG GameApplicationServi - Initializing application scenes
08:01:33.109 [FXGL Background Thread 1 ] DEBUG GameWorld            - Game world initialized
08:01:33.404 [FXGL Background Thread 1 ] DEBUG PhysicsWorld         - Physics world initialized: appHeight=820, physics.ppm=50.0
08:01:33.405 [FXGL Background Thread 1 ] DEBUG PhysicsWorld         - Using strategy: BRUTE_FORCE
08:01:33.419 [FXGL Background Thread 1 ] DEBUG GameScene            - Game scene initialized: 1480x820
08:01:33.420 [FXGL Background Thread 1 ] DEBUG GameApplicationServi - Application scenes initialized
08:01:33.464 [FXGL Background Thread 1 ] DEBUG SystemBundleService  - Loading FXGL system data
08:01:33.476 [FXGL Background Thread 1 ] DEBUG FileSystemAccess     - Reading from: C:\Users\macke\OneDrive\Documents\School\Semester 3\Programming in a Graphical User Interface\Homework\animals-revenge\system\fxgl.bundle
08:01:33.502 [FXGL Background Thread 1 ] DEBUG SystemBundleService  - Bundle FXGL: {}
08:01:33.503 [FXGL Background Thread 1 ] DEBUG UpdaterService       - Checking for updates
08:01:33.566 [FXGL Background Thread 4 ] DEBUG FXGLApplication      - Loading fonts
08:01:33.566 [FXGL Background Thread 1 ] DEBUG FXGLApplication      - Loading default localization
08:01:33.568 [FXGL Background Thread 4 ] DEBUG FXGLAssetLoaderServi - Loading from file system: jar:file:/C:/Users/macke/.gradle/caches/modules-2/files-2.1/com.github.almasb/fxgl/17.2/35db6ae960eec2dcfd19262d3b7f9c42f0e95bc3/fxgl-17.2.jar!/fxglassets/ui/fonts/VarelaRound-Regular.ttf
08:01:33.570 [FXGL Background Thread 1 ] DEBUG FXGLAssetLoaderServi - Loading from file system: jar:file:/C:/Users/macke/.gradle/caches/modules-2/files-2.1/com.github.almasb/fxgl/17.2/35db6ae960eec2dcfd19262d3b7f9c42f0e95bc3/fxgl-17.2.jar!/fxglassets/languages/english.lang
08:01:33.879 [FXGL Background Thread 4 ] DEBUG FXGLAssetLoaderServi - Loading from file system: jar:file:/C:/Users/macke/.gradle/caches/modules-2/files-2.1/com.github.almasb/fxgl/17.2/35db6ae960eec2dcfd19262d3b7f9c42f0e95bc3/fxgl-17.2.jar!/fxglassets/ui/fonts/Abel-Regular.ttf
08:01:33.889 [FXGL Background Thread 4 ] DEBUG FXGLAssetLoaderServi - Loading from file system: jar:file:/C:/Users/macke/.gradle/caches/modules-2/files-2.1/com.github.almasb/fxgl/17.2/35db6ae960eec2dcfd19262d3b7f9c42f0e95bc3/fxgl-17.2.jar!/fxglassets/ui/fonts/TerminalLandMono-Regular.otf
08:01:33.898 [FXGL Background Thread 4 ] DEBUG FXGLAssetLoaderServi - Loading from file system: jar:file:/C:/Users/macke/.gradle/caches/modules-2/files-2.1/com.github.almasb/fxgl/17.2/35db6ae960eec2dcfd19262d3b7f9c42f0e95bc3/fxgl-17.2.jar!/fxglassets/ui/fonts/Courier-Prime.ttf
08:01:33.949 [JavaFX Application Thread] DEBUG FXGLApplication      - Registering font factories with UI factory
08:01:34.061 [FXGL Background Thread 1 ] INFO  FXGLApplication      - FXGL initialization took: 1.501 sec
08:01:34.146 [JavaFX Application Thread] DEBUG Input                - Registered new binding: Launch - RMB
08:01:34.149 [JavaFX Application Thread] DEBUG Input                - Registered new binding: Create - LMB
08:01:34.149 [JavaFX Application Thread] DEBUG Input                - Registered new binding: Drag - CTRL+LMB
08:01:34.151 [JavaFX Application Thread] DEBUG FXGLAssetLoaderServi - Loading from file system: jar:file:/C:/Users/macke/.gradle/caches/modules-2/files-2.1/com.github.almasb/fxgl/17.2/35db6ae960eec2dcfd19262d3b7f9c42f0e95bc3/fxgl-17.2.jar!/fxglassets/textures/fxgl_icon.png
08:01:34.569 [JavaFX Application Thread] DEBUG FXGLAssetLoaderServi - Loading from file system: jar:file:/C:/Users/macke/.gradle/caches/modules-2/files-2.1/com.github.almasb/fxgl/17.2/35db6ae960eec2dcfd19262d3b7f9c42f0e95bc3/fxgl-17.2.jar!/fxglassets/textures/fxgl_default_cursor.png
08:01:34.660 [JavaFX Application Thread] DEBUG Input                - Registered new binding: Screenshot - CTRL+8
08:01:34.662 [JavaFX Application Thread] DEBUG Input                - Registered new binding: System info dump - CTRL+9
08:01:34.663 [JavaFX Application Thread] DEBUG Input                - Registered new binding: Restart - CTRL+R
08:01:34.669 [JavaFX Application Thread] DEBUG Input                - Registered new binding: Toggle Debug Camera - CTRL+7
08:01:34.678 [JavaFX Application Thread] DEBUG LoopRunner           - Starting loop
08:01:34.678 [JavaFX Application Thread] DEBUG LoopRunner           - Initializing JavaFX AnimationTimerLoop
08:01:34.683 [JavaFX Application Thread] DEBUG GameApplicationServi - Starting new game
08:01:34.685 [JavaFX Application Thread] DEBUG Input                - Clearing active input actions
08:01:34.776 [JavaFX Application Thread] DEBUG GameApplicationServi - Removing overlay from FXGLStartupScene and adding to FXGLLoadingScene
08:01:34.776 [JavaFX Application Thread] DEBUG PrimaryStageWindow   - FXGLStartupScene -> FXGLLoadingScene
08:01:34.777 [JavaFX Application Thread] DEBUG GameApplicationServi - Clearing previous game
08:01:34.777 [JavaFX Application Thread] DEBUG GameScene            - Clearing game scene
08:01:34.777 [JavaFX Application Thread] DEBUG GameWorld            - Clearing game world
08:01:34.777 [JavaFX Application Thread] DEBUG PhysicsWorld         - Clearing physics world
08:01:34.813 [FXGL Background Thread 1 ] DEBUG FXGLApplication      - Initializing game
08:01:35.229 [FXGL Background Thread 1 ] DEBUG FXGLAssetLoaderServi - Loading from file system: file:/C:/Users/macke/OneDrive/Documents/School/Semester%203/Programming%20in%20a%20Graphical%20User%20Interface/Homework/animals-revenge/build/resources/main/assets/ui/Home.fxml
08:01:36.560 [FXGL Background Thread 3 ] DEBUG Engine               - Logging environment variables
08:01:36.561 [FXGL Background Thread 3 ] DEBUG Engine               - achievements: []
08:01:36.561 [FXGL Background Thread 3 ] DEBUG Engine               - actualHeight: 797.0
08:01:36.562 [FXGL Background Thread 3 ] DEBUG Engine               - actualHeightProperty: ReadOnlyDoubleProperty [value: 797.0]
08:01:36.563 [FXGL Background Thread 3 ] DEBUG Engine               - actualWidth: 1415.0
08:01:36.563 [FXGL Background Thread 3 ] DEBUG Engine               - actualWidthProperty: ReadOnlyDoubleProperty [value: 1415.0]
08:01:36.563 [FXGL Background Thread 3 ] DEBUG Engine               - appIcon: fxgl_icon.png
08:01:36.563 [FXGL Background Thread 3 ] DEBUG Engine               - applicationMode: DEVELOPER
08:01:36.564 [FXGL Background Thread 3 ] DEBUG Engine               - cSSList: [fxgl_dark.css]
08:01:36.564 [FXGL Background Thread 3 ] DEBUG Engine               - collisionDetectionStrategy: BRUTE_FORCE
08:01:36.564 [FXGL Background Thread 3 ] DEBUG Engine               - configClass: Optional.empty
08:01:36.564 [FXGL Background Thread 3 ] DEBUG Engine               - credits: []
08:01:36.578 [FXGL Background Thread 3 ] DEBUG Engine               - defaultCursor: CursorInfo(imageName=fxgl_default_cursor.png, hotspotX=7.0, hotspotY=6.0)
08:01:36.578 [FXGL Background Thread 3 ] DEBUG Engine               - devBBoxColorProperty: ObjectProperty [value: 0xff0000ff]
08:01:36.578 [FXGL Background Thread 3 ] DEBUG Engine               - devEnableDebugCameraProperty: BooleanProperty [value: false]
08:01:36.578 [FXGL Background Thread 3 ] DEBUG Engine               - devSensorColorProperty: ObjectProperty [value: 0xffff00ff]
08:01:36.579 [FXGL Background Thread 3 ] DEBUG Engine               - devShowBBoxProperty: BooleanProperty [value: false]
08:01:36.579 [FXGL Background Thread 3 ] DEBUG Engine               - devShowPositionProperty: BooleanProperty [value: false]
08:01:36.583 [FXGL Background Thread 3 ] DEBUG Engine               - enabledMenuItems: []
08:01:36.583 [FXGL Background Thread 3 ] DEBUG Engine               - engineServices: [class com.almasb.fxgl.app.services.FXGLAssetLoaderService, class com.almasb.fxgl.app.FXGLApplication$GameApplicationService, class com.almasb.fxgl.app.services.FXGLDialogService, class com.almasb.fxgl.app.services.IOTaskExecutorService, class com.almasb.fxgl.io.FileSystemService, class com.almasb.fxgl.localization.LocalizationService, class com.almasb.fxgl.app.services.SystemBundleService, class com.almasb.fxgl.profile.SaveLoadService, class com.almasb.fxgl.ui.FXGLUIFactoryServiceProvider, class com.almasb.fxgl.ui.FXGLDialogFactoryServiceProvider, class com.almasb.fxgl.audio.AudioPlayer, class com.almasb.fxgl.notification.impl.NotificationServiceProvider, class com.almasb.fxgl.achievement.AchievementService, class com.almasb.fxgl.cutscene.CutsceneService, class com.almasb.fxgl.minigames.MiniGameService, class com.almasb.fxgl.net.NetService, class com.almasb.fxgl.app.services.UpdaterService, class com.almasb.fxgl.dev.DevService]
08:01:36.583 [FXGL Background Thread 3 ] DEBUG Engine               - fontGame: Abel-Regular.ttf
08:01:36.584 [FXGL Background Thread 3 ] DEBUG Engine               - fontMono: TerminalLandMono-Regular.otf
08:01:36.584 [FXGL Background Thread 3 ] DEBUG Engine               - fontText: Courier-Prime.ttf
08:01:36.584 [FXGL Background Thread 3 ] DEBUG Engine               - fontUI: VarelaRound-Regular.ttf
08:01:36.585 [FXGL Background Thread 3 ] DEBUG Engine               - fullScreen: BooleanProperty [value: false]
08:01:36.585 [FXGL Background Thread 3 ] DEBUG Engine               - gameDifficulty: MEDIUM
08:01:36.585 [FXGL Background Thread 3 ] DEBUG Engine               - gameDifficultyProperty: ObjectProperty [value: MEDIUM]
08:01:36.585 [FXGL Background Thread 3 ] DEBUG Engine               - globalMusicVolume: 0.5
08:01:36.585 [FXGL Background Thread 3 ] DEBUG Engine               - globalMusicVolumeProperty: DoubleProperty [value: 0.5]
08:01:36.586 [FXGL Background Thread 3 ] DEBUG Engine               - globalSoundVolume: 0.5
08:01:36.586 [FXGL Background Thread 3 ] DEBUG Engine               - globalSoundVolumeProperty: DoubleProperty [value: 0.5]
08:01:36.586 [FXGL Background Thread 3 ] DEBUG Engine               - height: 820
08:01:36.586 [FXGL Background Thread 3 ] DEBUG Engine               - is3D: false
08:01:36.586 [FXGL Background Thread 3 ] DEBUG Engine               - isAndroid: false
08:01:36.586 [FXGL Background Thread 3 ] DEBUG Engine               - isBrowser: false
08:01:36.586 [FXGL Background Thread 3 ] DEBUG Engine               - isClickFeedbackEnabled: false
08:01:36.587 [FXGL Background Thread 3 ] DEBUG Engine               - isCloseConfirmation: false
08:01:36.587 [FXGL Background Thread 3 ] DEBUG Engine               - isDesktop: true
08:01:36.587 [FXGL Background Thread 3 ] DEBUG Engine               - isDeveloperMenuEnabled: false
08:01:36.587 [FXGL Background Thread 3 ] DEBUG Engine               - isEmbedded: false
08:01:36.587 [FXGL Background Thread 3 ] DEBUG Engine               - isEntityPreloadEnabled: true
08:01:36.587 [FXGL Background Thread 3 ] DEBUG Engine               - isExperimentalTiledLargeMap: false
08:01:36.587 [FXGL Background Thread 3 ] DEBUG Engine               - isFileSystemWriteAllowed: true
08:01:36.587 [FXGL Background Thread 3 ] DEBUG Engine               - isFullScreenAllowed: false
08:01:36.588 [FXGL Background Thread 3 ] DEBUG Engine               - isFullScreenFromStart: false
08:01:36.588 [FXGL Background Thread 3 ] DEBUG Engine               - isGameMenuEnabled: false
08:01:36.588 [FXGL Background Thread 3 ] DEBUG Engine               - isIOS: false
08:01:36.588 [FXGL Background Thread 3 ] DEBUG Engine               - isIntroEnabled: false
08:01:36.588 [FXGL Background Thread 3 ] DEBUG Engine               - isLinux: false
08:01:36.588 [FXGL Background Thread 3 ] DEBUG Engine               - isMac: false
08:01:36.588 [FXGL Background Thread 3 ] DEBUG Engine               - isMainMenuEnabled: false
08:01:36.588 [FXGL Background Thread 3 ] DEBUG Engine               - isManualResizeEnabled: false
08:01:36.589 [FXGL Background Thread 3 ] DEBUG Engine               - isMobile: false
08:01:36.589 [FXGL Background Thread 3 ] DEBUG Engine               - isNative: false
08:01:36.589 [FXGL Background Thread 3 ] DEBUG Engine               - isPauseMusicWhenMinimized: true
08:01:36.589 [FXGL Background Thread 3 ] DEBUG Engine               - isPreserveResizeRatio: false
08:01:36.589 [FXGL Background Thread 3 ] DEBUG Engine               - isProfilingEnabled: false
08:01:36.589 [FXGL Background Thread 3 ] DEBUG Engine               - isScaleAffectedOnResize: true
08:01:36.589 [FXGL Background Thread 3 ] DEBUG Engine               - isSingleStep: false
08:01:36.589 [FXGL Background Thread 3 ] DEBUG Engine               - isUserProfileEnabled: false
08:01:36.589 [FXGL Background Thread 3 ] DEBUG Engine               - isWindows: true
08:01:36.589 [FXGL Background Thread 3 ] DEBUG Engine               - language: ObjectProperty [value: ENGLISH]
08:01:36.590 [FXGL Background Thread 3 ] DEBUG Engine               - menuKey: ESCAPE
08:01:36.590 [FXGL Background Thread 3 ] DEBUG Engine               - mouseSensitivity: 0.2
08:01:36.590 [FXGL Background Thread 3 ] DEBUG Engine               - notificationViewClass: class com.almasb.fxgl.notification.view.XboxNotificationView
08:01:36.590 [FXGL Background Thread 3 ] DEBUG Engine               - pixelsPerMeter: 50.0
08:01:36.590 [FXGL Background Thread 3 ] DEBUG Engine               - platform: WINDOWS
08:01:36.590 [FXGL Background Thread 3 ] DEBUG Engine               - prefHeightProperty: ReadOnlyDoubleProperty [value: 820.0]
08:01:36.590 [FXGL Background Thread 3 ] DEBUG Engine               - prefWidthProperty: ReadOnlyDoubleProperty [value: 1480.0]
08:01:36.591 [FXGL Background Thread 3 ] DEBUG Engine               - profileDir: profiles/
08:01:36.591 [FXGL Background Thread 3 ] DEBUG Engine               - profileName: StringProperty [value: DEFAULT]
08:01:36.591 [FXGL Background Thread 3 ] DEBUG Engine               - randomSeed: -1
08:01:36.594 [FXGL Background Thread 3 ] DEBUG Engine               - runtimeInfo: RuntimeInfo(platform=WINDOWS, version=17.2, build=20.08.2022 16.50)
08:01:36.595 [FXGL Background Thread 3 ] DEBUG Engine               - saveFileExt: sav
08:01:36.595 [FXGL Background Thread 3 ] DEBUG Engine               - scaledHeightProp$fxgl: DoubleProperty [bound, value: 797.0]
08:01:36.595 [FXGL Background Thread 3 ] DEBUG Engine               - scaledWidthProp$fxgl: DoubleProperty [bound, value: 1415.0]
08:01:36.595 [FXGL Background Thread 3 ] DEBUG Engine               - sceneFactory: com.almasb.fxgl.app.scene.SceneFactory@4f542455
08:01:36.595 [FXGL Background Thread 3 ] DEBUG Engine               - secondsIn24h: 60
08:01:36.595 [FXGL Background Thread 3 ] DEBUG Engine               - soundMenuBack: menu/back.wav
08:01:36.595 [FXGL Background Thread 3 ] DEBUG Engine               - soundMenuPress: menu/press.wav
08:01:36.595 [FXGL Background Thread 3 ] DEBUG Engine               - soundMenuSelect: menu/select.wav
08:01:36.595 [FXGL Background Thread 3 ] DEBUG Engine               - soundNotification: core/notification.wav
08:01:36.595 [FXGL Background Thread 3 ] DEBUG Engine               - stageStyle: DECORATED
08:01:36.596 [FXGL Background Thread 3 ] DEBUG Engine               - supportedLanguages: [ENGLISH, FRENCH, GERMAN, HUNGARIAN, RUSSIAN]
08:01:36.596 [FXGL Background Thread 3 ] DEBUG Engine               - ticksPerSecond: -1
08:01:36.596 [FXGL Background Thread 3 ] DEBUG Engine               - title: Untitled
08:01:36.596 [FXGL Background Thread 3 ] DEBUG Engine               - urlGithub: https://github.com/AlmasB/FXGL
08:01:36.596 [FXGL Background Thread 3 ] DEBUG Engine               - urlLeaderboard: http://fxgl-top.herokuapp.com/
08:01:36.596 [FXGL Background Thread 3 ] DEBUG Engine               - urlPOM: https://raw.githubusercontent.com/AlmasB/FXGL/release/README.md
08:01:36.596 [FXGL Background Thread 3 ] DEBUG Engine               - userAppClass: class edu.vanier.animals_revenge.MainApp
08:01:36.596 [FXGL Background Thread 3 ] DEBUG Engine               - version: 0.0
08:01:36.596 [FXGL Background Thread 3 ] DEBUG Engine               - versionCheckDays: 7
08:01:36.596 [FXGL Background Thread 3 ] DEBUG Engine               - width: 1480
08:01:36.597 [FXGL Background Thread 3 ] DEBUG Engine               - Logging services
08:01:36.597 [FXGL Background Thread 3 ] DEBUG Engine               - class com.almasb.fxgl.app.services.FXGLAssetLoaderService
08:01:36.597 [FXGL Background Thread 3 ] DEBUG Engine               - class com.almasb.fxgl.app.FXGLApplication$GameApplicationService
08:01:36.597 [FXGL Background Thread 3 ] DEBUG Engine               - class com.almasb.fxgl.app.services.FXGLDialogService
08:01:36.597 [FXGL Background Thread 3 ] DEBUG Engine               - class com.almasb.fxgl.app.services.IOTaskExecutorService
08:01:36.597 [FXGL Background Thread 3 ] DEBUG Engine               - class com.almasb.fxgl.io.FileSystemService
08:01:36.597 [FXGL Background Thread 3 ] DEBUG Engine               - class com.almasb.fxgl.localization.LocalizationService
08:01:36.598 [FXGL Background Thread 3 ] DEBUG Engine               - class com.almasb.fxgl.app.services.SystemBundleService
08:01:36.598 [FXGL Background Thread 3 ] DEBUG Engine               - class com.almasb.fxgl.profile.SaveLoadService
08:01:36.598 [FXGL Background Thread 3 ] DEBUG Engine               - class com.almasb.fxgl.ui.FXGLUIFactoryServiceProvider
08:01:36.598 [FXGL Background Thread 3 ] DEBUG Engine               - class com.almasb.fxgl.ui.FXGLDialogFactoryServiceProvider
08:01:36.598 [FXGL Background Thread 3 ] DEBUG Engine               - class com.almasb.fxgl.audio.AudioPlayer
08:01:36.598 [FXGL Background Thread 3 ] DEBUG Engine               - class com.almasb.fxgl.notification.impl.NotificationServiceProvider
08:01:36.598 [FXGL Background Thread 3 ] DEBUG Engine               - class com.almasb.fxgl.achievement.AchievementService
08:01:36.598 [FXGL Background Thread 3 ] DEBUG Engine               - class com.almasb.fxgl.cutscene.CutsceneService
08:01:36.599 [FXGL Background Thread 3 ] DEBUG Engine               - class com.almasb.fxgl.minigames.MiniGameService
08:01:36.599 [FXGL Background Thread 3 ] DEBUG Engine               - class com.almasb.fxgl.net.NetService
08:01:36.599 [FXGL Background Thread 3 ] DEBUG Engine               - class com.almasb.fxgl.app.services.UpdaterService
08:01:36.599 [FXGL Background Thread 3 ] DEBUG Engine               - class com.almasb.fxgl.dev.DevService
08:01:37.054 [FXGL Background Thread 2 ] INFO  UpdaterService       - Your current version:  17.2
08:01:37.055 [FXGL Background Thread 2 ] INFO  UpdaterService       - Latest stable version: 17.3
08:01:37.056 [FXGL Background Thread 1 ] INFO  FXGLApplication      - Game initialization took: 2.243 sec
08:01:37.058 [JavaFX Application Thread] DEBUG Input                - Clearing active input actions
08:01:37.158 [JavaFX Application Thread] DEBUG GameApplicationServi - Removing overlay from FXGLLoadingScene and adding to GameScene
08:01:37.158 [JavaFX Application Thread] DEBUG PrimaryStageWindow   - FXGLLoadingScene -> GameScene
08:01:38.408 [JavaFX Application Thread] DEBUG FXGLAssetLoaderServi - Loading from file system: file:/C:/Users/macke/OneDrive/Documents/School/Semester%203/Programming%20in%20a%20Graphical%20User%20Interface/Homework/animals-revenge/build/resources/main/assets/ui/Simulator.fxml
08:01:38.715 [JavaFX Application Thread] DEBUG FXGLAssetLoaderServi - Loading from file system: file:/C:/Users/macke/OneDrive/Documents/School/Semester%203/Programming%20in%20a%20Graphical%20User%20Interface/Homework/animals-revenge/build/resources/main/assets/textures/cannon.png
08:01:40.502 [JavaFX Application Thread] DEBUG FXGLAssetLoaderServi - Loading from file system: file:/C:/Users/macke/OneDrive/Documents/School/Semester%203/Programming%20in%20a%20Graphical%20User%20Interface/Homework/animals-revenge/build/resources/main/assets/ui/Home.fxml
08:01:42.190 [JavaFX Application Thread] DEBUG FXGLAssetLoaderServi - Loading from file system: file:/C:/Users/macke/OneDrive/Documents/School/Semester%203/Programming%20in%20a%20Graphical%20User%20Interface/Homework/animals-revenge/build/resources/main/assets/ui/CustomProjectile.fxml
08:01:47.901 [JavaFX Application Thread] DEBUG FXGLAssetLoaderServi - Loading from file system: file:/C:/Users/macke/OneDrive/Documents/School/Semester%203/Programming%20in%20a%20Graphical%20User%20Interface/Homework/animals-revenge/build/resources/main/assets/ui/Home.fxml
08:01:48.961 [JavaFX Application Thread] DEBUG FXGLAssetLoaderServi - Loading from file system: file:/C:/Users/macke/OneDrive/Documents/School/Semester%203/Programming%20in%20a%20Graphical%20User%20Interface/Homework/animals-revenge/build/resources/main/assets/ui/Simulator.fxml
08:01:56.896 [JavaFX Application Thread] DEBUG FXGLApplication      - Exiting FXGL
08:01:56.896 [JavaFX Application Thread] DEBUG LoopRunner           - Stopping loop
08:01:56.896 [JavaFX Application Thread] DEBUG SystemBundleService  - Saving FXGL system data
08:01:56.899 [JavaFX Application Thread] DEBUG FileSystemAccess     - Writing to: C:\Users\macke\OneDrive\Documents\School\Semester 3\Programming in a Graphical User Interface\Homework\animals-revenge\system\fxgl.bundle
08:01:56.901 [JavaFX Application Thread] DEBUG Async                - Shutting down background threads
08:01:56.902 [JavaFX Application Thread] DEBUG PrimaryStageWindow   - Closing main window
08:01:56.937 [JavaFX Application Thread] DEBUG Logger               - Closing Logger
