20:27:05.022 [main                     ] DEBUG Logger               - Configured Logger
20:27:05.030 [main                     ] DEBUG GameApplication      - Logging settings
Title: Untitled
Version: 0.0
Width: 1480
Height: 820
Fullscreen: false
Intro: false
Profiling: false
Single step:false
App Mode: DEVELOPER
Menu Key: ESCAPE
Stage Style: DECORATED
Scene Factory: class com.almasb.fxgl.app.scene.SceneFactory

20:27:05.236 [JavaFX Application Thread] DEBUG FXGLApplication      - Initializing FXGL
20:27:05.239 [JavaFX Application Thread] INFO  Engine               - FXGL-17.2 (20.08.2022 16.50) on WINDOWS (J:18.0.2.1 FX:20.0.2)
20:27:05.239 [JavaFX Application Thread] DEBUG Engine               - JRE Vendor Name: Oracle Corporation
20:27:05.239 [JavaFX Application Thread] DEBUG Engine               - Running on OS: Windows 11 version 10.0
20:27:05.239 [JavaFX Application Thread] DEBUG Engine               - Architecture: amd64
20:27:05.239 [JavaFX Application Thread] INFO  Engine               - Source code and latest versions at: https://github.com/AlmasB/FXGL
20:27:05.239 [JavaFX Application Thread] INFO  Engine               -       Ask questions and discuss at: https://github.com/AlmasB/FXGL/discussions
20:27:05.240 [JavaFX Application Thread] INFO  Engine               -              Join the FXGL chat at: https://gitter.im/AlmasB/FXGL
20:27:05.297 [JavaFX Application Thread] DEBUG PrimaryStageWindow   - Creating a JavaFX scene
20:27:05.325 [JavaFX Application Thread] DEBUG PrimaryStageWindow   - Target settings size: 1480.0 x 820.0
20:27:05.325 [JavaFX Application Thread] DEBUG PrimaryStageWindow   - Scaled scene size:    1480.0 x 820.0
20:27:05.325 [JavaFX Application Thread] DEBUG PrimaryStageWindow   - Scaled ratio: (1.0, 1.0)
20:27:05.326 [JavaFX Application Thread] DEBUG PrimaryStageWindow   - Set initial scene to FXGLStartupScene
20:27:05.327 [JavaFX Application Thread] DEBUG PrimaryStageWindow   - Opening main window
20:27:05.384 [JavaFX Application Thread] DEBUG PrimaryStageWindow   - Window border size: (16.0, 39.0)
20:27:05.384 [JavaFX Application Thread] DEBUG PrimaryStageWindow   - Scaled size: 1480.0 x 820.0
20:27:05.384 [JavaFX Application Thread] DEBUG PrimaryStageWindow   - Scaled ratio: (1.0, 1.0)
20:27:05.384 [JavaFX Application Thread] DEBUG PrimaryStageWindow   - Scene size: 1480.0 x 820.0
20:27:05.385 [JavaFX Application Thread] DEBUG PrimaryStageWindow   - Stage size: 1496.0 x 859.0
20:27:05.388 [FXGL Background Thread 1 ] DEBUG Engine               - Initializing environment variables
20:27:05.411 [FXGL Background Thread 1 ] DEBUG FXGLAssetLoaderServi - User app class for loading assets: class edu.vanier.animals_revenge.MainApp
20:27:05.411 [FXGL Background Thread 1 ] DEBUG GameApplicationServi - Applying CSS: fxgl_dark.css
20:27:05.412 [FXGL Background Thread 1 ] DEBUG FXGLAssetLoaderServi - Loading from file system: jar:file:/C:/Users/ethan/.gradle/caches/modules-2/files-2.1/com.github.almasb/fxgl/17.2/35db6ae960eec2dcfd19262d3b7f9c42f0e95bc3/fxgl-17.2.jar!/fxglassets/ui/css/fxgl_dark.css
20:27:05.435 [FXGL Background Thread 1 ] DEBUG GameApplicationServi - Initializing application scenes
20:27:05.454 [FXGL Background Thread 1 ] DEBUG GameWorld            - Game world initialized
20:27:05.494 [FXGL Background Thread 1 ] DEBUG PhysicsWorld         - Physics world initialized: appHeight=820, physics.ppm=50.0
20:27:05.494 [FXGL Background Thread 1 ] DEBUG PhysicsWorld         - Using strategy: BRUTE_FORCE
20:27:05.496 [FXGL Background Thread 1 ] DEBUG GameScene            - Game scene initialized: 1480x820
20:27:05.496 [FXGL Background Thread 1 ] DEBUG GameApplicationServi - Application scenes initialized
20:27:05.507 [FXGL Background Thread 1 ] DEBUG SystemBundleService  - Loading FXGL system data
20:27:05.510 [FXGL Background Thread 1 ] DEBUG FileSystemAccess     - Reading from: C:\Users\ethan\IdeaProjects\animals-revenge\system\fxgl.bundle
20:27:05.516 [FXGL Background Thread 1 ] DEBUG SystemBundleService  - Bundle FXGL: {}
20:27:05.516 [FXGL Background Thread 1 ] DEBUG UpdaterService       - Checking for updates
20:27:05.519 [FXGL Background Thread 4 ] DEBUG FXGLApplication      - Loading fonts
20:27:05.520 [FXGL Background Thread 4 ] DEBUG FXGLAssetLoaderServi - Loading from file system: jar:file:/C:/Users/ethan/.gradle/caches/modules-2/files-2.1/com.github.almasb/fxgl/17.2/35db6ae960eec2dcfd19262d3b7f9c42f0e95bc3/fxgl-17.2.jar!/fxglassets/ui/fonts/VarelaRound-Regular.ttf
20:27:05.520 [FXGL Background Thread 1 ] DEBUG FXGLApplication      - Loading default localization
20:27:05.521 [FXGL Background Thread 1 ] DEBUG FXGLAssetLoaderServi - Loading from file system: jar:file:/C:/Users/ethan/.gradle/caches/modules-2/files-2.1/com.github.almasb/fxgl/17.2/35db6ae960eec2dcfd19262d3b7f9c42f0e95bc3/fxgl-17.2.jar!/fxglassets/languages/english.lang
20:27:05.538 [FXGL Background Thread 1 ] INFO  FXGLApplication      - FXGL initialization took: 0.150 sec
20:27:05.541 [JavaFX Application Thread] DEBUG Input                - Registered new binding: Launch - RMB
20:27:05.542 [JavaFX Application Thread] DEBUG Input                - Registered new binding: Create - LMB
20:27:05.542 [JavaFX Application Thread] DEBUG Input                - Registered new binding: Drag - CTRL+LMB
20:27:05.546 [JavaFX Application Thread] DEBUG Input                - Registered new binding: Delete - Backspace
20:27:05.546 [JavaFX Application Thread] DEBUG FXGLAssetLoaderServi - Loading from file system: jar:file:/C:/Users/ethan/.gradle/caches/modules-2/files-2.1/com.github.almasb/fxgl/17.2/35db6ae960eec2dcfd19262d3b7f9c42f0e95bc3/fxgl-17.2.jar!/fxglassets/textures/fxgl_icon.png
20:27:05.551 [FXGL Background Thread 4 ] DEBUG FXGLAssetLoaderServi - Loading from file system: jar:file:/C:/Users/ethan/.gradle/caches/modules-2/files-2.1/com.github.almasb/fxgl/17.2/35db6ae960eec2dcfd19262d3b7f9c42f0e95bc3/fxgl-17.2.jar!/fxglassets/ui/fonts/Abel-Regular.ttf
20:27:05.557 [FXGL Background Thread 4 ] DEBUG FXGLAssetLoaderServi - Loading from file system: jar:file:/C:/Users/ethan/.gradle/caches/modules-2/files-2.1/com.github.almasb/fxgl/17.2/35db6ae960eec2dcfd19262d3b7f9c42f0e95bc3/fxgl-17.2.jar!/fxglassets/ui/fonts/TerminalLandMono-Regular.otf
20:27:05.563 [FXGL Background Thread 4 ] DEBUG FXGLAssetLoaderServi - Loading from file system: jar:file:/C:/Users/ethan/.gradle/caches/modules-2/files-2.1/com.github.almasb/fxgl/17.2/35db6ae960eec2dcfd19262d3b7f9c42f0e95bc3/fxgl-17.2.jar!/fxglassets/ui/fonts/Courier-Prime.ttf
20:27:05.571 [JavaFX Application Thread] DEBUG FXGLAssetLoaderServi - Loading from file system: jar:file:/C:/Users/ethan/.gradle/caches/modules-2/files-2.1/com.github.almasb/fxgl/17.2/35db6ae960eec2dcfd19262d3b7f9c42f0e95bc3/fxgl-17.2.jar!/fxglassets/textures/fxgl_default_cursor.png
20:27:05.572 [JavaFX Application Thread] DEBUG Input                - Registered new binding: Screenshot - CTRL+8
20:27:05.575 [JavaFX Application Thread] DEBUG Input                - Registered new binding: System info dump - CTRL+9
20:27:05.575 [JavaFX Application Thread] DEBUG Input                - Registered new binding: Restart - CTRL+R
20:27:05.575 [JavaFX Application Thread] DEBUG Input                - Registered new binding: Toggle Debug Camera - CTRL+7
20:27:05.577 [JavaFX Application Thread] DEBUG LoopRunner           - Starting loop
20:27:05.577 [JavaFX Application Thread] DEBUG LoopRunner           - Initializing JavaFX AnimationTimerLoop
20:27:05.578 [JavaFX Application Thread] DEBUG GameApplicationServi - Starting new game
20:27:05.578 [JavaFX Application Thread] DEBUG Input                - Clearing active input actions
20:27:05.587 [JavaFX Application Thread] DEBUG GameApplicationServi - Removing overlay from FXGLStartupScene and adding to FXGLLoadingScene
20:27:05.587 [JavaFX Application Thread] DEBUG PrimaryStageWindow   - FXGLStartupScene -> FXGLLoadingScene
20:27:05.587 [JavaFX Application Thread] DEBUG GameApplicationServi - Clearing previous game
20:27:05.587 [JavaFX Application Thread] DEBUG GameScene            - Clearing game scene
20:27:05.587 [JavaFX Application Thread] DEBUG GameWorld            - Clearing game world
20:27:05.587 [JavaFX Application Thread] DEBUG PhysicsWorld         - Clearing physics world
20:27:05.589 [FXGL Background Thread 4 ] DEBUG FXGLApplication      - Initializing game
20:27:05.590 [JavaFX Application Thread] DEBUG FXGLApplication      - Registering font factories with UI factory
20:27:05.615 [FXGL Background Thread 4 ] DEBUG FXGLAssetLoaderServi - Loading from file system: file:/C:/Users/ethan/IdeaProjects/animals-revenge/build/resources/main/assets/ui/Home.fxml
20:27:05.837 [FXGL Background Thread 2 ] INFO  UpdaterService       - Your current version:  17.2
20:27:05.837 [FXGL Background Thread 2 ] INFO  UpdaterService       - Latest stable version: 17.3
20:27:05.872 [FXGL Background Thread 4 ] INFO  FXGLApplication      - Game initialization took: 0.283 sec
20:27:05.872 [JavaFX Application Thread] DEBUG Input                - Clearing active input actions
20:27:05.879 [JavaFX Application Thread] DEBUG GameApplicationServi - Removing overlay from FXGLLoadingScene and adding to GameScene
20:27:05.879 [JavaFX Application Thread] DEBUG PrimaryStageWindow   - FXGLLoadingScene -> GameScene
20:27:06.395 [JavaFX Application Thread] DEBUG FXGLApplication      - Exiting FXGL
20:27:06.395 [JavaFX Application Thread] DEBUG LoopRunner           - Stopping loop
20:27:06.395 [JavaFX Application Thread] DEBUG SystemBundleService  - Saving FXGL system data
20:27:06.396 [JavaFX Application Thread] DEBUG FileSystemAccess     - Writing to: C:\Users\ethan\IdeaProjects\animals-revenge\system\fxgl.bundle
20:27:06.397 [JavaFX Application Thread] DEBUG Async                - Shutting down background threads
20:27:06.397 [JavaFX Application Thread] DEBUG PrimaryStageWindow   - Closing main window
20:27:06.406 [JavaFX Application Thread] DEBUG Logger               - Closing Logger
