17:11:30.809 [main                     ] DEBUG Logger               - Configured Logger
17:11:30.836 [main                     ] DEBUG GameApplication      - Logging settings
Title: Untitled
Version: 0.0
Width: 1480
Height: 820
Fullscreen: false
Intro: false
Profiling: false
Single step:false
App Mode: DEVELOPER
Menu Key: ESCAPE
Stage Style: DECORATED
Scene Factory: class com.almasb.fxgl.app.scene.SceneFactory

17:11:31.357 [JavaFX Application Thread] DEBUG FXGLApplication      - Initializing FXGL
17:11:31.368 [JavaFX Application Thread] INFO  Engine               - FXGL-17.2 (20.08.2022 16.50) on WINDOWS (J:18.0.2.1 FX:20.0.2)
17:11:31.369 [JavaFX Application Thread] DEBUG Engine               - JRE Vendor Name: Oracle Corporation
17:11:31.369 [JavaFX Application Thread] DEBUG Engine               - Running on OS: Windows 11 version 10.0
17:11:31.369 [JavaFX Application Thread] DEBUG Engine               - Architecture: amd64
17:11:31.370 [JavaFX Application Thread] INFO  Engine               - Source code and latest versions at: https://github.com/AlmasB/FXGL
17:11:31.370 [JavaFX Application Thread] INFO  Engine               -       Ask questions and discuss at: https://github.com/AlmasB/FXGL/discussions
17:11:31.370 [JavaFX Application Thread] INFO  Engine               -              Join the FXGL chat at: https://gitter.im/AlmasB/FXGL
17:11:31.492 [JavaFX Application Thread] DEBUG PrimaryStageWindow   - Creating a JavaFX scene
17:11:31.492 [JavaFX Application Thread] DEBUG PrimaryStageWindow   - Target size > screen size
17:11:31.562 [JavaFX Application Thread] DEBUG PrimaryStageWindow   - Target settings size: 1480.0 x 820.0
17:11:31.563 [JavaFX Application Thread] DEBUG PrimaryStageWindow   - Scaled scene size:    1447.0 x 815.0
17:11:31.564 [JavaFX Application Thread] DEBUG PrimaryStageWindow   - Scaled ratio: (0.9777027027027027, 0.9939024390243902)
17:11:31.566 [JavaFX Application Thread] DEBUG PrimaryStageWindow   - Set initial scene to FXGLStartupScene
17:11:31.572 [JavaFX Application Thread] DEBUG PrimaryStageWindow   - Opening main window
17:11:31.710 [JavaFX Application Thread] DEBUG PrimaryStageWindow   - Window border size: (14.5999755859375, 37.79998779296875)
17:11:31.710 [JavaFX Application Thread] DEBUG PrimaryStageWindow   - Scaled size: 1447.0 x 815.0
17:11:31.711 [JavaFX Application Thread] DEBUG PrimaryStageWindow   - Scaled ratio: (0.9777027027027027, 0.9939024390243902)
17:11:31.711 [JavaFX Application Thread] DEBUG PrimaryStageWindow   - Scene size: 1447.0 x 815.0
17:11:31.711 [JavaFX Application Thread] DEBUG PrimaryStageWindow   - Stage size: 1461.5999755859375 x 852.7999877929688
17:11:31.722 [FXGL Background Thread 1 ] DEBUG Engine               - Initializing environment variables
17:11:31.798 [FXGL Background Thread 1 ] DEBUG FXGLAssetLoaderServi - User app class for loading assets: class edu.vanier.animals_revenge.MainApp
17:11:31.798 [FXGL Background Thread 1 ] DEBUG GameApplicationServi - Applying CSS: fxgl_dark.css
17:11:31.801 [FXGL Background Thread 1 ] DEBUG FXGLAssetLoaderServi - Loading from file system: jar:file:/C:/Users/zacha/.gradle/caches/modules-2/files-2.1/com.github.almasb/fxgl/17.2/35db6ae960eec2dcfd19262d3b7f9c42f0e95bc3/fxgl-17.2.jar!/fxglassets/ui/css/fxgl_dark.css
17:11:31.863 [FXGL Background Thread 1 ] DEBUG GameApplicationServi - Initializing application scenes
17:11:31.927 [FXGL Background Thread 1 ] DEBUG GameWorld            - Game world initialized
17:11:32.052 [FXGL Background Thread 1 ] DEBUG PhysicsWorld         - Physics world initialized: appHeight=820, physics.ppm=50.0
17:11:32.052 [FXGL Background Thread 1 ] DEBUG PhysicsWorld         - Using strategy: BRUTE_FORCE
17:11:32.057 [FXGL Background Thread 1 ] DEBUG GameScene            - Game scene initialized: 1480x820
17:11:32.057 [FXGL Background Thread 1 ] DEBUG GameApplicationServi - Application scenes initialized
17:11:32.081 [FXGL Background Thread 1 ] DEBUG SystemBundleService  - Loading FXGL system data
17:11:32.089 [FXGL Background Thread 1 ] DEBUG FileSystemAccess     - Reading from: C:\Users\zacha\OneDrive\Documents\GitHub\animals-revenge\system\fxgl.bundle
17:11:32.103 [FXGL Background Thread 1 ] DEBUG SystemBundleService  - Bundle FXGL: {}
17:11:32.103 [FXGL Background Thread 1 ] DEBUG UpdaterService       - Checking for updates
17:11:32.122 [FXGL Background Thread 4 ] DEBUG FXGLApplication      - Loading fonts
17:11:32.123 [FXGL Background Thread 4 ] DEBUG FXGLAssetLoaderServi - Loading from file system: jar:file:/C:/Users/zacha/.gradle/caches/modules-2/files-2.1/com.github.almasb/fxgl/17.2/35db6ae960eec2dcfd19262d3b7f9c42f0e95bc3/fxgl-17.2.jar!/fxglassets/ui/fonts/VarelaRound-Regular.ttf
17:11:32.125 [FXGL Background Thread 1 ] DEBUG FXGLApplication      - Loading default localization
17:11:32.128 [FXGL Background Thread 1 ] DEBUG FXGLAssetLoaderServi - Loading from file system: jar:file:/C:/Users/zacha/.gradle/caches/modules-2/files-2.1/com.github.almasb/fxgl/17.2/35db6ae960eec2dcfd19262d3b7f9c42f0e95bc3/fxgl-17.2.jar!/fxglassets/languages/english.lang
17:11:32.192 [FXGL Background Thread 1 ] INFO  FXGLApplication      - FXGL initialization took: 0.470 sec
17:11:32.204 [JavaFX Application Thread] DEBUG Input                - Registered new binding: Launch - RMB
17:11:32.205 [JavaFX Application Thread] DEBUG Input                - Registered new binding: Create - LMB
17:11:32.205 [JavaFX Application Thread] DEBUG Input                - Registered new binding: Drag - CTRL+LMB
17:11:32.206 [JavaFX Application Thread] DEBUG FXGLAssetLoaderServi - Loading from file system: jar:file:/C:/Users/zacha/.gradle/caches/modules-2/files-2.1/com.github.almasb/fxgl/17.2/35db6ae960eec2dcfd19262d3b7f9c42f0e95bc3/fxgl-17.2.jar!/fxglassets/textures/fxgl_icon.png
17:11:32.229 [FXGL Background Thread 4 ] DEBUG FXGLAssetLoaderServi - Loading from file system: jar:file:/C:/Users/zacha/.gradle/caches/modules-2/files-2.1/com.github.almasb/fxgl/17.2/35db6ae960eec2dcfd19262d3b7f9c42f0e95bc3/fxgl-17.2.jar!/fxglassets/ui/fonts/Abel-Regular.ttf
17:11:32.238 [FXGL Background Thread 4 ] DEBUG FXGLAssetLoaderServi - Loading from file system: jar:file:/C:/Users/zacha/.gradle/caches/modules-2/files-2.1/com.github.almasb/fxgl/17.2/35db6ae960eec2dcfd19262d3b7f9c42f0e95bc3/fxgl-17.2.jar!/fxglassets/ui/fonts/TerminalLandMono-Regular.otf
17:11:32.246 [FXGL Background Thread 4 ] DEBUG FXGLAssetLoaderServi - Loading from file system: jar:file:/C:/Users/zacha/.gradle/caches/modules-2/files-2.1/com.github.almasb/fxgl/17.2/35db6ae960eec2dcfd19262d3b7f9c42f0e95bc3/fxgl-17.2.jar!/fxglassets/ui/fonts/Courier-Prime.ttf
17:11:32.309 [JavaFX Application Thread] DEBUG FXGLAssetLoaderServi - Loading from file system: jar:file:/C:/Users/zacha/.gradle/caches/modules-2/files-2.1/com.github.almasb/fxgl/17.2/35db6ae960eec2dcfd19262d3b7f9c42f0e95bc3/fxgl-17.2.jar!/fxglassets/textures/fxgl_default_cursor.png
17:11:32.324 [JavaFX Application Thread] DEBUG Input                - Registered new binding: Screenshot - CTRL+8
17:11:32.325 [JavaFX Application Thread] DEBUG Input                - Registered new binding: System info dump - CTRL+9
17:11:32.326 [JavaFX Application Thread] DEBUG Input                - Registered new binding: Restart - CTRL+R
17:11:32.333 [JavaFX Application Thread] DEBUG Input                - Registered new binding: Toggle Debug Camera - CTRL+7
17:11:32.338 [JavaFX Application Thread] DEBUG LoopRunner           - Starting loop
17:11:32.338 [JavaFX Application Thread] DEBUG LoopRunner           - Initializing JavaFX AnimationTimerLoop
17:11:32.342 [JavaFX Application Thread] DEBUG GameApplicationServi - Starting new game
17:11:32.343 [JavaFX Application Thread] DEBUG Input                - Clearing active input actions
17:11:32.368 [JavaFX Application Thread] DEBUG GameApplicationServi - Removing overlay from FXGLStartupScene and adding to FXGLLoadingScene
17:11:32.369 [JavaFX Application Thread] DEBUG PrimaryStageWindow   - FXGLStartupScene -> FXGLLoadingScene
17:11:32.369 [JavaFX Application Thread] DEBUG GameApplicationServi - Clearing previous game
17:11:32.369 [JavaFX Application Thread] DEBUG GameScene            - Clearing game scene
17:11:32.369 [JavaFX Application Thread] DEBUG GameWorld            - Clearing game world
17:11:32.369 [JavaFX Application Thread] DEBUG PhysicsWorld         - Clearing physics world
17:11:32.377 [FXGL Background Thread 4 ] DEBUG FXGLApplication      - Initializing game
17:11:32.382 [JavaFX Application Thread] DEBUG FXGLApplication      - Registering font factories with UI factory
17:11:32.461 [FXGL Background Thread 4 ] DEBUG FXGLAssetLoaderServi - Loading from file system: file:/C:/Users/zacha/OneDrive/Documents/GitHub/animals-revenge/build/resources/main/assets/ui/Home.fxml
17:11:32.872 [FXGL Background Thread 2 ] INFO  UpdaterService       - Your current version:  17.2
17:11:32.872 [FXGL Background Thread 2 ] INFO  UpdaterService       - Latest stable version: 17.3
17:11:33.133 [FXGL Background Thread 4 ] INFO  FXGLApplication      - Game initialization took: 0.755 sec
17:11:33.134 [JavaFX Application Thread] DEBUG Input                - Clearing active input actions
17:11:33.154 [JavaFX Application Thread] DEBUG GameApplicationServi - Removing overlay from FXGLLoadingScene and adding to GameScene
17:11:33.155 [JavaFX Application Thread] DEBUG PrimaryStageWindow   - FXGLLoadingScene -> GameScene
17:11:34.069 [JavaFX Application Thread] DEBUG FXGLAssetLoaderServi - Loading from file system: file:/C:/Users/zacha/OneDrive/Documents/GitHub/animals-revenge/build/resources/main/assets/ui/Simulator.fxml
17:11:34.191 [JavaFX Application Thread] DEBUG FXGLAssetLoaderServi - Loading from file system: file:/C:/Users/zacha/OneDrive/Documents/GitHub/animals-revenge/build/resources/main/assets/textures/cannon.png
17:11:34.194 [JavaFX Application Thread] DEBUG FXGLAssetLoaderServi - Loading from file system: file:/C:/Users/zacha/OneDrive/Documents/GitHub/animals-revenge/build/resources/main/assets/textures/brick32x32.png
17:11:35.115 [FXGL Background Thread 3 ] DEBUG Engine               - Logging environment variables
17:11:35.116 [FXGL Background Thread 3 ] DEBUG Engine               - achievements: []
17:11:35.117 [FXGL Background Thread 3 ] DEBUG Engine               - actualHeight: 815.0
17:11:35.117 [FXGL Background Thread 3 ] DEBUG Engine               - actualHeightProperty: ReadOnlyDoubleProperty [value: 815.0]
17:11:35.117 [FXGL Background Thread 3 ] DEBUG Engine               - actualWidth: 1447.0
17:11:35.117 [FXGL Background Thread 3 ] DEBUG Engine               - actualWidthProperty: ReadOnlyDoubleProperty [value: 1447.0]
17:11:35.117 [FXGL Background Thread 3 ] DEBUG Engine               - appIcon: fxgl_icon.png
17:11:35.117 [FXGL Background Thread 3 ] DEBUG Engine               - applicationMode: DEVELOPER
17:11:35.117 [FXGL Background Thread 3 ] DEBUG Engine               - cSSList: [fxgl_dark.css]
17:11:35.117 [FXGL Background Thread 3 ] DEBUG Engine               - collisionDetectionStrategy: BRUTE_FORCE
17:11:35.117 [FXGL Background Thread 3 ] DEBUG Engine               - configClass: Optional.empty
17:11:35.117 [FXGL Background Thread 3 ] DEBUG Engine               - credits: []
17:11:35.121 [FXGL Background Thread 3 ] DEBUG Engine               - defaultCursor: CursorInfo(imageName=fxgl_default_cursor.png, hotspotX=7.0, hotspotY=6.0)
17:11:35.121 [FXGL Background Thread 3 ] DEBUG Engine               - devBBoxColorProperty: ObjectProperty [value: 0xff0000ff]
17:11:35.121 [FXGL Background Thread 3 ] DEBUG Engine               - devEnableDebugCameraProperty: BooleanProperty [value: false]
17:11:35.122 [FXGL Background Thread 3 ] DEBUG Engine               - devSensorColorProperty: ObjectProperty [value: 0xffff00ff]
17:11:35.122 [FXGL Background Thread 3 ] DEBUG Engine               - devShowBBoxProperty: BooleanProperty [value: false]
17:11:35.122 [FXGL Background Thread 3 ] DEBUG Engine               - devShowPositionProperty: BooleanProperty [value: false]
17:11:35.122 [FXGL Background Thread 3 ] DEBUG Engine               - enabledMenuItems: []
17:11:35.122 [FXGL Background Thread 3 ] DEBUG Engine               - engineServices: [class com.almasb.fxgl.app.services.FXGLAssetLoaderService, class com.almasb.fxgl.app.FXGLApplication$GameApplicationService, class com.almasb.fxgl.app.services.FXGLDialogService, class com.almasb.fxgl.app.services.IOTaskExecutorService, class com.almasb.fxgl.io.FileSystemService, class com.almasb.fxgl.localization.LocalizationService, class com.almasb.fxgl.app.services.SystemBundleService, class com.almasb.fxgl.profile.SaveLoadService, class com.almasb.fxgl.ui.FXGLUIFactoryServiceProvider, class com.almasb.fxgl.ui.FXGLDialogFactoryServiceProvider, class com.almasb.fxgl.audio.AudioPlayer, class com.almasb.fxgl.notification.impl.NotificationServiceProvider, class com.almasb.fxgl.achievement.AchievementService, class com.almasb.fxgl.cutscene.CutsceneService, class com.almasb.fxgl.minigames.MiniGameService, class com.almasb.fxgl.net.NetService, class com.almasb.fxgl.app.services.UpdaterService, class com.almasb.fxgl.dev.DevService]
17:11:35.122 [FXGL Background Thread 3 ] DEBUG Engine               - fontGame: Abel-Regular.ttf
17:11:35.122 [FXGL Background Thread 3 ] DEBUG Engine               - fontMono: TerminalLandMono-Regular.otf
17:11:35.122 [FXGL Background Thread 3 ] DEBUG Engine               - fontText: Courier-Prime.ttf
17:11:35.122 [FXGL Background Thread 3 ] DEBUG Engine               - fontUI: VarelaRound-Regular.ttf
17:11:35.122 [FXGL Background Thread 3 ] DEBUG Engine               - fullScreen: BooleanProperty [value: false]
17:11:35.122 [FXGL Background Thread 3 ] DEBUG Engine               - gameDifficulty: MEDIUM
17:11:35.122 [FXGL Background Thread 3 ] DEBUG Engine               - gameDifficultyProperty: ObjectProperty [value: MEDIUM]
17:11:35.123 [FXGL Background Thread 3 ] DEBUG Engine               - globalMusicVolume: 0.5
17:11:35.123 [FXGL Background Thread 3 ] DEBUG Engine               - globalMusicVolumeProperty: DoubleProperty [value: 0.5]
17:11:35.123 [FXGL Background Thread 3 ] DEBUG Engine               - globalSoundVolume: 0.5
17:11:35.123 [FXGL Background Thread 3 ] DEBUG Engine               - globalSoundVolumeProperty: DoubleProperty [value: 0.5]
17:11:35.123 [FXGL Background Thread 3 ] DEBUG Engine               - height: 820
17:11:35.123 [FXGL Background Thread 3 ] DEBUG Engine               - is3D: false
17:11:35.123 [FXGL Background Thread 3 ] DEBUG Engine               - isAndroid: false
17:11:35.123 [FXGL Background Thread 3 ] DEBUG Engine               - isBrowser: false
17:11:35.123 [FXGL Background Thread 3 ] DEBUG Engine               - isClickFeedbackEnabled: false
17:11:35.123 [FXGL Background Thread 3 ] DEBUG Engine               - isCloseConfirmation: false
17:11:35.123 [FXGL Background Thread 3 ] DEBUG Engine               - isDesktop: true
17:11:35.123 [FXGL Background Thread 3 ] DEBUG Engine               - isDeveloperMenuEnabled: false
17:11:35.124 [FXGL Background Thread 3 ] DEBUG Engine               - isEmbedded: false
17:11:35.124 [FXGL Background Thread 3 ] DEBUG Engine               - isEntityPreloadEnabled: true
17:11:35.124 [FXGL Background Thread 3 ] DEBUG Engine               - isExperimentalTiledLargeMap: false
17:11:35.124 [FXGL Background Thread 3 ] DEBUG Engine               - isFileSystemWriteAllowed: true
17:11:35.124 [FXGL Background Thread 3 ] DEBUG Engine               - isFullScreenAllowed: false
17:11:35.124 [FXGL Background Thread 3 ] DEBUG Engine               - isFullScreenFromStart: false
17:11:35.124 [FXGL Background Thread 3 ] DEBUG Engine               - isGameMenuEnabled: false
17:11:35.124 [FXGL Background Thread 3 ] DEBUG Engine               - isIOS: false
17:11:35.124 [FXGL Background Thread 3 ] DEBUG Engine               - isIntroEnabled: false
17:11:35.124 [FXGL Background Thread 3 ] DEBUG Engine               - isLinux: false
17:11:35.124 [FXGL Background Thread 3 ] DEBUG Engine               - isMac: false
17:11:35.124 [FXGL Background Thread 3 ] DEBUG Engine               - isMainMenuEnabled: false
17:11:35.124 [FXGL Background Thread 3 ] DEBUG Engine               - isManualResizeEnabled: false
17:11:35.125 [FXGL Background Thread 3 ] DEBUG Engine               - isMobile: false
17:11:35.125 [FXGL Background Thread 3 ] DEBUG Engine               - isNative: false
17:11:35.125 [FXGL Background Thread 3 ] DEBUG Engine               - isPauseMusicWhenMinimized: true
17:11:35.125 [FXGL Background Thread 3 ] DEBUG Engine               - isPreserveResizeRatio: false
17:11:35.125 [FXGL Background Thread 3 ] DEBUG Engine               - isProfilingEnabled: false
17:11:35.125 [FXGL Background Thread 3 ] DEBUG Engine               - isScaleAffectedOnResize: true
17:11:35.125 [FXGL Background Thread 3 ] DEBUG Engine               - isSingleStep: false
17:11:35.125 [FXGL Background Thread 3 ] DEBUG Engine               - isUserProfileEnabled: false
17:11:35.125 [FXGL Background Thread 3 ] DEBUG Engine               - isWindows: true
17:11:35.125 [FXGL Background Thread 3 ] DEBUG Engine               - language: ObjectProperty [value: ENGLISH]
17:11:35.125 [FXGL Background Thread 3 ] DEBUG Engine               - menuKey: ESCAPE
17:11:35.126 [FXGL Background Thread 3 ] DEBUG Engine               - mouseSensitivity: 0.2
17:11:35.126 [FXGL Background Thread 3 ] DEBUG Engine               - notificationViewClass: class com.almasb.fxgl.notification.view.XboxNotificationView
17:11:35.126 [FXGL Background Thread 3 ] DEBUG Engine               - pixelsPerMeter: 50.0
17:11:35.126 [FXGL Background Thread 3 ] DEBUG Engine               - platform: WINDOWS
17:11:35.126 [FXGL Background Thread 3 ] DEBUG Engine               - prefHeightProperty: ReadOnlyDoubleProperty [value: 820.0]
17:11:35.126 [FXGL Background Thread 3 ] DEBUG Engine               - prefWidthProperty: ReadOnlyDoubleProperty [value: 1480.0]
17:11:35.126 [FXGL Background Thread 3 ] DEBUG Engine               - profileDir: profiles/
17:11:35.126 [FXGL Background Thread 3 ] DEBUG Engine               - profileName: StringProperty [value: DEFAULT]
17:11:35.126 [FXGL Background Thread 3 ] DEBUG Engine               - randomSeed: -1
17:11:35.126 [FXGL Background Thread 3 ] DEBUG Engine               - runtimeInfo: RuntimeInfo(platform=WINDOWS, version=17.2, build=20.08.2022 16.50)
17:11:35.126 [FXGL Background Thread 3 ] DEBUG Engine               - saveFileExt: sav
17:11:35.126 [FXGL Background Thread 3 ] DEBUG Engine               - scaledHeightProp$fxgl: DoubleProperty [bound, value: 815.0]
17:11:35.127 [FXGL Background Thread 3 ] DEBUG Engine               - scaledWidthProp$fxgl: DoubleProperty [bound, value: 1447.0]
17:11:35.127 [FXGL Background Thread 3 ] DEBUG Engine               - sceneFactory: com.almasb.fxgl.app.scene.SceneFactory@7ce66f7d
17:11:35.127 [FXGL Background Thread 3 ] DEBUG Engine               - secondsIn24h: 60
17:11:35.127 [FXGL Background Thread 3 ] DEBUG Engine               - soundMenuBack: menu/back.wav
17:11:35.127 [FXGL Background Thread 3 ] DEBUG Engine               - soundMenuPress: menu/press.wav
17:11:35.127 [FXGL Background Thread 3 ] DEBUG Engine               - soundMenuSelect: menu/select.wav
17:11:35.127 [FXGL Background Thread 3 ] DEBUG Engine               - soundNotification: core/notification.wav
17:11:35.127 [FXGL Background Thread 3 ] DEBUG Engine               - stageStyle: DECORATED
17:11:35.127 [FXGL Background Thread 3 ] DEBUG Engine               - supportedLanguages: [ENGLISH, FRENCH, GERMAN, HUNGARIAN, RUSSIAN]
17:11:35.127 [FXGL Background Thread 3 ] DEBUG Engine               - ticksPerSecond: -1
17:11:35.127 [FXGL Background Thread 3 ] DEBUG Engine               - title: Untitled
17:11:35.127 [FXGL Background Thread 3 ] DEBUG Engine               - urlGithub: https://github.com/AlmasB/FXGL
17:11:35.127 [FXGL Background Thread 3 ] DEBUG Engine               - urlLeaderboard: http://fxgl-top.herokuapp.com/
17:11:35.127 [FXGL Background Thread 3 ] DEBUG Engine               - urlPOM: https://raw.githubusercontent.com/AlmasB/FXGL/release/README.md
17:11:35.127 [FXGL Background Thread 3 ] DEBUG Engine               - userAppClass: class edu.vanier.animals_revenge.MainApp
17:11:35.127 [FXGL Background Thread 3 ] DEBUG Engine               - version: 0.0
17:11:35.127 [FXGL Background Thread 3 ] DEBUG Engine               - versionCheckDays: 7
17:11:35.127 [FXGL Background Thread 3 ] DEBUG Engine               - width: 1480
17:11:35.128 [FXGL Background Thread 3 ] DEBUG Engine               - Logging services
17:11:35.128 [FXGL Background Thread 3 ] DEBUG Engine               - class com.almasb.fxgl.app.services.FXGLAssetLoaderService
17:11:35.128 [FXGL Background Thread 3 ] DEBUG Engine               - class com.almasb.fxgl.app.FXGLApplication$GameApplicationService
17:11:35.128 [FXGL Background Thread 3 ] DEBUG Engine               - class com.almasb.fxgl.app.services.FXGLDialogService
17:11:35.128 [FXGL Background Thread 3 ] DEBUG Engine               - class com.almasb.fxgl.app.services.IOTaskExecutorService
17:11:35.128 [FXGL Background Thread 3 ] DEBUG Engine               - class com.almasb.fxgl.io.FileSystemService
17:11:35.128 [FXGL Background Thread 3 ] DEBUG Engine               - class com.almasb.fxgl.localization.LocalizationService
17:11:35.128 [FXGL Background Thread 3 ] DEBUG Engine               - class com.almasb.fxgl.app.services.SystemBundleService
17:11:35.128 [FXGL Background Thread 3 ] DEBUG Engine               - class com.almasb.fxgl.profile.SaveLoadService
17:11:35.128 [FXGL Background Thread 3 ] DEBUG Engine               - class com.almasb.fxgl.ui.FXGLUIFactoryServiceProvider
17:11:35.128 [FXGL Background Thread 3 ] DEBUG Engine               - class com.almasb.fxgl.ui.FXGLDialogFactoryServiceProvider
17:11:35.128 [FXGL Background Thread 3 ] DEBUG Engine               - class com.almasb.fxgl.audio.AudioPlayer
17:11:35.128 [FXGL Background Thread 3 ] DEBUG Engine               - class com.almasb.fxgl.notification.impl.NotificationServiceProvider
17:11:35.128 [FXGL Background Thread 3 ] DEBUG Engine               - class com.almasb.fxgl.achievement.AchievementService
17:11:35.128 [FXGL Background Thread 3 ] DEBUG Engine               - class com.almasb.fxgl.cutscene.CutsceneService
17:11:35.128 [FXGL Background Thread 3 ] DEBUG Engine               - class com.almasb.fxgl.minigames.MiniGameService
17:11:35.128 [FXGL Background Thread 3 ] DEBUG Engine               - class com.almasb.fxgl.net.NetService
17:11:35.128 [FXGL Background Thread 3 ] DEBUG Engine               - class com.almasb.fxgl.app.services.UpdaterService
17:11:35.129 [FXGL Background Thread 3 ] DEBUG Engine               - class com.almasb.fxgl.dev.DevService
17:11:54.174 [JavaFX Application Thread] DEBUG FXGLApplication      - Exiting FXGL
17:11:54.174 [JavaFX Application Thread] DEBUG LoopRunner           - Stopping loop
17:11:54.174 [JavaFX Application Thread] DEBUG SystemBundleService  - Saving FXGL system data
17:11:54.177 [JavaFX Application Thread] DEBUG FileSystemAccess     - Writing to: C:\Users\zacha\OneDrive\Documents\GitHub\animals-revenge\system\fxgl.bundle
17:11:54.181 [JavaFX Application Thread] DEBUG Async                - Shutting down background threads
17:11:54.181 [JavaFX Application Thread] DEBUG PrimaryStageWindow   - Closing main window
17:11:54.210 [JavaFX Application Thread] DEBUG Logger               - Closing Logger
