01:37:22.529 [main                     ] DEBUG Logger               - Configured Logger
01:37:22.539 [main                     ] DEBUG GameApplication      - Logging settings
Title: Untitled
Version: 0.0
Width: 1480
Height: 820
Fullscreen: false
Intro: false
Profiling: false
Single step:false
App Mode: DEVELOPER
Menu Key: ESCAPE
Stage Style: DECORATED
Scene Factory: class com.almasb.fxgl.app.scene.SceneFactory

01:37:22.780 [JavaFX Application Thread] DEBUG FXGLApplication      - Initializing FXGL
01:37:22.785 [JavaFX Application Thread] INFO  Engine               - FXGL-17.2 (20.08.2022 16.50) on WINDOWS (J:18.0.2.1 FX:20.0.2)
01:37:22.785 [JavaFX Application Thread] DEBUG Engine               - JRE Vendor Name: Oracle Corporation
01:37:22.785 [JavaFX Application Thread] DEBUG Engine               - Running on OS: Windows 11 version 10.0
01:37:22.785 [JavaFX Application Thread] DEBUG Engine               - Architecture: amd64
01:37:22.785 [JavaFX Application Thread] INFO  Engine               - Source code and latest versions at: https://github.com/AlmasB/FXGL
01:37:22.787 [JavaFX Application Thread] INFO  Engine               -       Ask questions and discuss at: https://github.com/AlmasB/FXGL/discussions
01:37:22.787 [JavaFX Application Thread] INFO  Engine               -              Join the FXGL chat at: https://gitter.im/AlmasB/FXGL
01:37:22.844 [JavaFX Application Thread] DEBUG PrimaryStageWindow   - Creating a JavaFX scene
01:37:22.844 [JavaFX Application Thread] DEBUG PrimaryStageWindow   - Target size > screen size
01:37:22.872 [JavaFX Application Thread] DEBUG PrimaryStageWindow   - Target settings size: 1480.0 x 820.0
01:37:22.873 [JavaFX Application Thread] DEBUG PrimaryStageWindow   - Scaled scene size:    1415.0 x 797.0
01:37:22.873 [JavaFX Application Thread] DEBUG PrimaryStageWindow   - Scaled ratio: (0.956081081081081, 0.9719512195121951)
01:37:22.873 [JavaFX Application Thread] DEBUG PrimaryStageWindow   - Set initial scene to FXGLStartupScene
01:37:22.876 [JavaFX Application Thread] DEBUG PrimaryStageWindow   - Opening main window
01:37:22.933 [JavaFX Application Thread] DEBUG PrimaryStageWindow   - Window border size: (13.0, 35.5)
01:37:22.933 [JavaFX Application Thread] DEBUG PrimaryStageWindow   - Scaled size: 1415.0 x 797.0
01:37:22.934 [JavaFX Application Thread] DEBUG PrimaryStageWindow   - Scaled ratio: (0.956081081081081, 0.9719512195121951)
01:37:22.934 [JavaFX Application Thread] DEBUG PrimaryStageWindow   - Scene size: 1415.0 x 797.0
01:37:22.934 [JavaFX Application Thread] DEBUG PrimaryStageWindow   - Stage size: 1428.0 x 832.5
01:37:22.939 [FXGL Background Thread 1 ] DEBUG Engine               - Initializing environment variables
01:37:22.967 [FXGL Background Thread 1 ] DEBUG FXGLAssetLoaderServi - User app class for loading assets: class edu.vanier.animals_revenge.MainApp
01:37:22.967 [FXGL Background Thread 1 ] DEBUG GameApplicationServi - Applying CSS: fxgl_dark.css
01:37:22.968 [FXGL Background Thread 1 ] DEBUG FXGLAssetLoaderServi - Loading from file system: jar:file:/C:/Users/macke/.gradle/caches/modules-2/files-2.1/com.github.almasb/fxgl/17.2/35db6ae960eec2dcfd19262d3b7f9c42f0e95bc3/fxgl-17.2.jar!/fxglassets/ui/css/fxgl_dark.css
01:37:22.994 [FXGL Background Thread 1 ] DEBUG GameApplicationServi - Initializing application scenes
01:37:23.027 [FXGL Background Thread 1 ] DEBUG GameWorld            - Game world initialized
01:37:23.068 [FXGL Background Thread 1 ] DEBUG PhysicsWorld         - Physics world initialized: appHeight=820, physics.ppm=50.0
01:37:23.068 [FXGL Background Thread 1 ] DEBUG PhysicsWorld         - Using strategy: BRUTE_FORCE
01:37:23.071 [FXGL Background Thread 1 ] DEBUG GameScene            - Game scene initialized: 1480x820
01:37:23.072 [FXGL Background Thread 1 ] DEBUG GameApplicationServi - Application scenes initialized
01:37:23.084 [FXGL Background Thread 1 ] DEBUG SystemBundleService  - Loading FXGL system data
01:37:23.092 [FXGL Background Thread 1 ] DEBUG FileSystemAccess     - Reading from: C:\Users\macke\OneDrive\Documents\School\Semester 3\Programming in a Graphical User Interface\Homework\animals-revenge\system\fxgl.bundle
01:37:23.099 [FXGL Background Thread 1 ] DEBUG SystemBundleService  - Bundle FXGL: {}
01:37:23.099 [FXGL Background Thread 1 ] DEBUG UpdaterService       - Checking for updates
01:37:23.104 [FXGL Background Thread 4 ] DEBUG FXGLApplication      - Loading fonts
01:37:23.104 [FXGL Background Thread 1 ] DEBUG FXGLApplication      - Loading default localization
01:37:23.105 [FXGL Background Thread 4 ] DEBUG FXGLAssetLoaderServi - Loading from file system: jar:file:/C:/Users/macke/.gradle/caches/modules-2/files-2.1/com.github.almasb/fxgl/17.2/35db6ae960eec2dcfd19262d3b7f9c42f0e95bc3/fxgl-17.2.jar!/fxglassets/ui/fonts/VarelaRound-Regular.ttf
01:37:23.105 [FXGL Background Thread 1 ] DEBUG FXGLAssetLoaderServi - Loading from file system: jar:file:/C:/Users/macke/.gradle/caches/modules-2/files-2.1/com.github.almasb/fxgl/17.2/35db6ae960eec2dcfd19262d3b7f9c42f0e95bc3/fxgl-17.2.jar!/fxglassets/languages/english.lang
01:37:23.132 [FXGL Background Thread 1 ] INFO  FXGLApplication      - FXGL initialization took: 0.193 sec
01:37:23.135 [JavaFX Application Thread] DEBUG Input                - Registered new binding: Launch - RMB
01:37:23.136 [JavaFX Application Thread] DEBUG Input                - Registered new binding: Create - LMB
01:37:23.136 [JavaFX Application Thread] DEBUG Input                - Registered new binding: Drag - CTRL+LMB
01:37:23.136 [JavaFX Application Thread] DEBUG FXGLAssetLoaderServi - Loading from file system: jar:file:/C:/Users/macke/.gradle/caches/modules-2/files-2.1/com.github.almasb/fxgl/17.2/35db6ae960eec2dcfd19262d3b7f9c42f0e95bc3/fxgl-17.2.jar!/fxglassets/textures/fxgl_icon.png
01:37:23.155 [FXGL Background Thread 4 ] DEBUG FXGLAssetLoaderServi - Loading from file system: jar:file:/C:/Users/macke/.gradle/caches/modules-2/files-2.1/com.github.almasb/fxgl/17.2/35db6ae960eec2dcfd19262d3b7f9c42f0e95bc3/fxgl-17.2.jar!/fxglassets/ui/fonts/Abel-Regular.ttf
01:37:23.159 [FXGL Background Thread 4 ] DEBUG FXGLAssetLoaderServi - Loading from file system: jar:file:/C:/Users/macke/.gradle/caches/modules-2/files-2.1/com.github.almasb/fxgl/17.2/35db6ae960eec2dcfd19262d3b7f9c42f0e95bc3/fxgl-17.2.jar!/fxglassets/ui/fonts/TerminalLandMono-Regular.otf
01:37:23.164 [FXGL Background Thread 4 ] DEBUG FXGLAssetLoaderServi - Loading from file system: jar:file:/C:/Users/macke/.gradle/caches/modules-2/files-2.1/com.github.almasb/fxgl/17.2/35db6ae960eec2dcfd19262d3b7f9c42f0e95bc3/fxgl-17.2.jar!/fxglassets/ui/fonts/Courier-Prime.ttf
01:37:23.171 [JavaFX Application Thread] DEBUG FXGLAssetLoaderServi - Loading from file system: jar:file:/C:/Users/macke/.gradle/caches/modules-2/files-2.1/com.github.almasb/fxgl/17.2/35db6ae960eec2dcfd19262d3b7f9c42f0e95bc3/fxgl-17.2.jar!/fxglassets/textures/fxgl_default_cursor.png
01:37:23.176 [JavaFX Application Thread] DEBUG Input                - Registered new binding: Screenshot - CTRL+8
01:37:23.177 [JavaFX Application Thread] DEBUG Input                - Registered new binding: System info dump - CTRL+9
01:37:23.177 [JavaFX Application Thread] DEBUG Input                - Registered new binding: Restart - CTRL+R
01:37:23.178 [JavaFX Application Thread] DEBUG Input                - Registered new binding: Toggle Debug Camera - CTRL+7
01:37:23.180 [JavaFX Application Thread] DEBUG LoopRunner           - Starting loop
01:37:23.181 [JavaFX Application Thread] DEBUG LoopRunner           - Initializing JavaFX AnimationTimerLoop
01:37:23.184 [JavaFX Application Thread] DEBUG GameApplicationServi - Starting new game
01:37:23.185 [JavaFX Application Thread] DEBUG Input                - Clearing active input actions
01:37:23.196 [JavaFX Application Thread] DEBUG GameApplicationServi - Removing overlay from FXGLStartupScene and adding to FXGLLoadingScene
01:37:23.197 [JavaFX Application Thread] DEBUG PrimaryStageWindow   - FXGLStartupScene -> FXGLLoadingScene
01:37:23.197 [JavaFX Application Thread] DEBUG GameApplicationServi - Clearing previous game
01:37:23.197 [JavaFX Application Thread] DEBUG GameScene            - Clearing game scene
01:37:23.197 [JavaFX Application Thread] DEBUG GameWorld            - Clearing game world
01:37:23.197 [JavaFX Application Thread] DEBUG PhysicsWorld         - Clearing physics world
01:37:23.200 [FXGL Background Thread 4 ] DEBUG FXGLApplication      - Initializing game
01:37:23.200 [JavaFX Application Thread] DEBUG FXGLApplication      - Registering font factories with UI factory
01:37:23.230 [FXGL Background Thread 4 ] DEBUG FXGLAssetLoaderServi - Loading from file system: file:/C:/Users/macke/OneDrive/Documents/School/Semester%203/Programming%20in%20a%20Graphical%20User%20Interface/Homework/animals-revenge/build/resources/main/assets/ui/Home.fxml
01:37:23.406 [FXGL Background Thread 2 ] INFO  UpdaterService       - Your current version:  17.2
01:37:23.406 [FXGL Background Thread 2 ] INFO  UpdaterService       - Latest stable version: 17.3
01:37:23.508 [FXGL Background Thread 4 ] INFO  FXGLApplication      - Game initialization took: 0.307 sec
01:37:23.510 [JavaFX Application Thread] DEBUG Input                - Clearing active input actions
01:37:23.519 [JavaFX Application Thread] DEBUG GameApplicationServi - Removing overlay from FXGLLoadingScene and adding to GameScene
01:37:23.519 [JavaFX Application Thread] DEBUG PrimaryStageWindow   - FXGLLoadingScene -> GameScene
01:37:25.553 [JavaFX Application Thread] DEBUG FXGLAssetLoaderServi - Loading from file system: file:/C:/Users/macke/OneDrive/Documents/School/Semester%203/Programming%20in%20a%20Graphical%20User%20Interface/Homework/animals-revenge/build/resources/main/assets/ui/1CustomProjectile.fxml
01:37:26.103 [FXGL Background Thread 3 ] DEBUG Engine               - Logging environment variables
01:37:26.104 [FXGL Background Thread 3 ] DEBUG Engine               - achievements: []
01:37:26.105 [FXGL Background Thread 3 ] DEBUG Engine               - actualHeight: 797.0
01:37:26.105 [FXGL Background Thread 3 ] DEBUG Engine               - actualHeightProperty: ReadOnlyDoubleProperty [value: 797.0]
01:37:26.106 [FXGL Background Thread 3 ] DEBUG Engine               - actualWidth: 1415.0
01:37:26.106 [FXGL Background Thread 3 ] DEBUG Engine               - actualWidthProperty: ReadOnlyDoubleProperty [value: 1415.0]
01:37:26.106 [FXGL Background Thread 3 ] DEBUG Engine               - appIcon: fxgl_icon.png
01:37:26.106 [FXGL Background Thread 3 ] DEBUG Engine               - applicationMode: DEVELOPER
01:37:26.106 [FXGL Background Thread 3 ] DEBUG Engine               - cSSList: [fxgl_dark.css]
01:37:26.106 [FXGL Background Thread 3 ] DEBUG Engine               - collisionDetectionStrategy: BRUTE_FORCE
01:37:26.106 [FXGL Background Thread 3 ] DEBUG Engine               - configClass: Optional.empty
01:37:26.106 [FXGL Background Thread 3 ] DEBUG Engine               - credits: []
01:37:26.111 [FXGL Background Thread 3 ] DEBUG Engine               - defaultCursor: CursorInfo(imageName=fxgl_default_cursor.png, hotspotX=7.0, hotspotY=6.0)
01:37:26.111 [FXGL Background Thread 3 ] DEBUG Engine               - devBBoxColorProperty: ObjectProperty [value: 0xff0000ff]
01:37:26.111 [FXGL Background Thread 3 ] DEBUG Engine               - devEnableDebugCameraProperty: BooleanProperty [value: false]
01:37:26.111 [FXGL Background Thread 3 ] DEBUG Engine               - devSensorColorProperty: ObjectProperty [value: 0xffff00ff]
01:37:26.111 [FXGL Background Thread 3 ] DEBUG Engine               - devShowBBoxProperty: BooleanProperty [value: false]
01:37:26.111 [FXGL Background Thread 3 ] DEBUG Engine               - devShowPositionProperty: BooleanProperty [value: false]
01:37:26.111 [FXGL Background Thread 3 ] DEBUG Engine               - enabledMenuItems: []
01:37:26.111 [FXGL Background Thread 3 ] DEBUG Engine               - engineServices: [class com.almasb.fxgl.app.services.FXGLAssetLoaderService, class com.almasb.fxgl.app.FXGLApplication$GameApplicationService, class com.almasb.fxgl.app.services.FXGLDialogService, class com.almasb.fxgl.app.services.IOTaskExecutorService, class com.almasb.fxgl.io.FileSystemService, class com.almasb.fxgl.localization.LocalizationService, class com.almasb.fxgl.app.services.SystemBundleService, class com.almasb.fxgl.profile.SaveLoadService, class com.almasb.fxgl.ui.FXGLUIFactoryServiceProvider, class com.almasb.fxgl.ui.FXGLDialogFactoryServiceProvider, class com.almasb.fxgl.audio.AudioPlayer, class com.almasb.fxgl.notification.impl.NotificationServiceProvider, class com.almasb.fxgl.achievement.AchievementService, class com.almasb.fxgl.cutscene.CutsceneService, class com.almasb.fxgl.minigames.MiniGameService, class com.almasb.fxgl.net.NetService, class com.almasb.fxgl.app.services.UpdaterService, class com.almasb.fxgl.dev.DevService]
01:37:26.111 [FXGL Background Thread 3 ] DEBUG Engine               - fontGame: Abel-Regular.ttf
01:37:26.111 [FXGL Background Thread 3 ] DEBUG Engine               - fontMono: TerminalLandMono-Regular.otf
01:37:26.111 [FXGL Background Thread 3 ] DEBUG Engine               - fontText: Courier-Prime.ttf
01:37:26.111 [FXGL Background Thread 3 ] DEBUG Engine               - fontUI: VarelaRound-Regular.ttf
01:37:26.111 [FXGL Background Thread 3 ] DEBUG Engine               - fullScreen: BooleanProperty [value: false]
01:37:26.111 [FXGL Background Thread 3 ] DEBUG Engine               - gameDifficulty: MEDIUM
01:37:26.111 [FXGL Background Thread 3 ] DEBUG Engine               - gameDifficultyProperty: ObjectProperty [value: MEDIUM]
01:37:26.111 [FXGL Background Thread 3 ] DEBUG Engine               - globalMusicVolume: 0.5
01:37:26.111 [FXGL Background Thread 3 ] DEBUG Engine               - globalMusicVolumeProperty: DoubleProperty [value: 0.5]
01:37:26.111 [FXGL Background Thread 3 ] DEBUG Engine               - globalSoundVolume: 0.5
01:37:26.111 [FXGL Background Thread 3 ] DEBUG Engine               - globalSoundVolumeProperty: DoubleProperty [value: 0.5]
01:37:26.111 [FXGL Background Thread 3 ] DEBUG Engine               - height: 820
01:37:26.111 [FXGL Background Thread 3 ] DEBUG Engine               - is3D: false
01:37:26.112 [FXGL Background Thread 3 ] DEBUG Engine               - isAndroid: false
01:37:26.112 [FXGL Background Thread 3 ] DEBUG Engine               - isBrowser: false
01:37:26.112 [FXGL Background Thread 3 ] DEBUG Engine               - isClickFeedbackEnabled: false
01:37:26.112 [FXGL Background Thread 3 ] DEBUG Engine               - isCloseConfirmation: false
01:37:26.112 [FXGL Background Thread 3 ] DEBUG Engine               - isDesktop: true
01:37:26.112 [FXGL Background Thread 3 ] DEBUG Engine               - isDeveloperMenuEnabled: false
01:37:26.112 [FXGL Background Thread 3 ] DEBUG Engine               - isEmbedded: false
01:37:26.112 [FXGL Background Thread 3 ] DEBUG Engine               - isEntityPreloadEnabled: true
01:37:26.112 [FXGL Background Thread 3 ] DEBUG Engine               - isExperimentalTiledLargeMap: false
01:37:26.112 [FXGL Background Thread 3 ] DEBUG Engine               - isFileSystemWriteAllowed: true
01:37:26.112 [FXGL Background Thread 3 ] DEBUG Engine               - isFullScreenAllowed: false
01:37:26.112 [FXGL Background Thread 3 ] DEBUG Engine               - isFullScreenFromStart: false
01:37:26.112 [FXGL Background Thread 3 ] DEBUG Engine               - isGameMenuEnabled: false
01:37:26.112 [FXGL Background Thread 3 ] DEBUG Engine               - isIOS: false
01:37:26.112 [FXGL Background Thread 3 ] DEBUG Engine               - isIntroEnabled: false
01:37:26.112 [FXGL Background Thread 3 ] DEBUG Engine               - isLinux: false
01:37:26.112 [FXGL Background Thread 3 ] DEBUG Engine               - isMac: false
01:37:26.112 [FXGL Background Thread 3 ] DEBUG Engine               - isMainMenuEnabled: false
01:37:26.112 [FXGL Background Thread 3 ] DEBUG Engine               - isManualResizeEnabled: false
01:37:26.113 [FXGL Background Thread 3 ] DEBUG Engine               - isMobile: false
01:37:26.113 [FXGL Background Thread 3 ] DEBUG Engine               - isNative: false
01:37:26.113 [FXGL Background Thread 3 ] DEBUG Engine               - isPauseMusicWhenMinimized: true
01:37:26.113 [FXGL Background Thread 3 ] DEBUG Engine               - isPreserveResizeRatio: false
01:37:26.113 [FXGL Background Thread 3 ] DEBUG Engine               - isProfilingEnabled: false
01:37:26.113 [FXGL Background Thread 3 ] DEBUG Engine               - isScaleAffectedOnResize: true
01:37:26.113 [FXGL Background Thread 3 ] DEBUG Engine               - isSingleStep: false
01:37:26.113 [FXGL Background Thread 3 ] DEBUG Engine               - isUserProfileEnabled: false
01:37:26.113 [FXGL Background Thread 3 ] DEBUG Engine               - isWindows: true
01:37:26.113 [FXGL Background Thread 3 ] DEBUG Engine               - language: ObjectProperty [value: ENGLISH]
01:37:26.113 [FXGL Background Thread 3 ] DEBUG Engine               - menuKey: ESCAPE
01:37:26.113 [FXGL Background Thread 3 ] DEBUG Engine               - mouseSensitivity: 0.2
01:37:26.113 [FXGL Background Thread 3 ] DEBUG Engine               - notificationViewClass: class com.almasb.fxgl.notification.view.XboxNotificationView
01:37:26.113 [FXGL Background Thread 3 ] DEBUG Engine               - pixelsPerMeter: 50.0
01:37:26.113 [FXGL Background Thread 3 ] DEBUG Engine               - platform: WINDOWS
01:37:26.113 [FXGL Background Thread 3 ] DEBUG Engine               - prefHeightProperty: ReadOnlyDoubleProperty [value: 820.0]
01:37:26.113 [FXGL Background Thread 3 ] DEBUG Engine               - prefWidthProperty: ReadOnlyDoubleProperty [value: 1480.0]
01:37:26.113 [FXGL Background Thread 3 ] DEBUG Engine               - profileDir: profiles/
01:37:26.113 [FXGL Background Thread 3 ] DEBUG Engine               - profileName: StringProperty [value: DEFAULT]
01:37:26.113 [FXGL Background Thread 3 ] DEBUG Engine               - randomSeed: -1
01:37:26.114 [FXGL Background Thread 3 ] DEBUG Engine               - runtimeInfo: RuntimeInfo(platform=WINDOWS, version=17.2, build=20.08.2022 16.50)
01:37:26.114 [FXGL Background Thread 3 ] DEBUG Engine               - saveFileExt: sav
01:37:26.114 [FXGL Background Thread 3 ] DEBUG Engine               - scaledHeightProp$fxgl: DoubleProperty [bound, value: 797.0]
01:37:26.114 [FXGL Background Thread 3 ] DEBUG Engine               - scaledWidthProp$fxgl: DoubleProperty [bound, value: 1415.0]
01:37:26.114 [FXGL Background Thread 3 ] DEBUG Engine               - sceneFactory: com.almasb.fxgl.app.scene.SceneFactory@3965c4cc
01:37:26.114 [FXGL Background Thread 3 ] DEBUG Engine               - secondsIn24h: 60
01:37:26.114 [FXGL Background Thread 3 ] DEBUG Engine               - soundMenuBack: menu/back.wav
01:37:26.114 [FXGL Background Thread 3 ] DEBUG Engine               - soundMenuPress: menu/press.wav
01:37:26.114 [FXGL Background Thread 3 ] DEBUG Engine               - soundMenuSelect: menu/select.wav
01:37:26.114 [FXGL Background Thread 3 ] DEBUG Engine               - soundNotification: core/notification.wav
01:37:26.114 [FXGL Background Thread 3 ] DEBUG Engine               - stageStyle: DECORATED
01:37:26.114 [FXGL Background Thread 3 ] DEBUG Engine               - supportedLanguages: [ENGLISH, FRENCH, GERMAN, HUNGARIAN, RUSSIAN]
01:37:26.114 [FXGL Background Thread 3 ] DEBUG Engine               - ticksPerSecond: -1
01:37:26.114 [FXGL Background Thread 3 ] DEBUG Engine               - title: Untitled
01:37:26.114 [FXGL Background Thread 3 ] DEBUG Engine               - urlGithub: https://github.com/AlmasB/FXGL
01:37:26.114 [FXGL Background Thread 3 ] DEBUG Engine               - urlLeaderboard: http://fxgl-top.herokuapp.com/
01:37:26.114 [FXGL Background Thread 3 ] DEBUG Engine               - urlPOM: https://raw.githubusercontent.com/AlmasB/FXGL/release/README.md
01:37:26.114 [FXGL Background Thread 3 ] DEBUG Engine               - userAppClass: class edu.vanier.animals_revenge.MainApp
01:37:26.114 [FXGL Background Thread 3 ] DEBUG Engine               - version: 0.0
01:37:26.114 [FXGL Background Thread 3 ] DEBUG Engine               - versionCheckDays: 7
01:37:26.114 [FXGL Background Thread 3 ] DEBUG Engine               - width: 1480
01:37:26.114 [FXGL Background Thread 3 ] DEBUG Engine               - Logging services
01:37:26.114 [FXGL Background Thread 3 ] DEBUG Engine               - class com.almasb.fxgl.app.services.FXGLAssetLoaderService
01:37:26.114 [FXGL Background Thread 3 ] DEBUG Engine               - class com.almasb.fxgl.app.FXGLApplication$GameApplicationService
01:37:26.115 [FXGL Background Thread 3 ] DEBUG Engine               - class com.almasb.fxgl.app.services.FXGLDialogService
01:37:26.115 [FXGL Background Thread 3 ] DEBUG Engine               - class com.almasb.fxgl.app.services.IOTaskExecutorService
01:37:26.115 [FXGL Background Thread 3 ] DEBUG Engine               - class com.almasb.fxgl.io.FileSystemService
01:37:26.115 [FXGL Background Thread 3 ] DEBUG Engine               - class com.almasb.fxgl.localization.LocalizationService
01:37:26.115 [FXGL Background Thread 3 ] DEBUG Engine               - class com.almasb.fxgl.app.services.SystemBundleService
01:37:26.115 [FXGL Background Thread 3 ] DEBUG Engine               - class com.almasb.fxgl.profile.SaveLoadService
01:37:26.115 [FXGL Background Thread 3 ] DEBUG Engine               - class com.almasb.fxgl.ui.FXGLUIFactoryServiceProvider
01:37:26.115 [FXGL Background Thread 3 ] DEBUG Engine               - class com.almasb.fxgl.ui.FXGLDialogFactoryServiceProvider
01:37:26.115 [FXGL Background Thread 3 ] DEBUG Engine               - class com.almasb.fxgl.audio.AudioPlayer
01:37:26.115 [FXGL Background Thread 3 ] DEBUG Engine               - class com.almasb.fxgl.notification.impl.NotificationServiceProvider
01:37:26.115 [FXGL Background Thread 3 ] DEBUG Engine               - class com.almasb.fxgl.achievement.AchievementService
01:37:26.115 [FXGL Background Thread 3 ] DEBUG Engine               - class com.almasb.fxgl.cutscene.CutsceneService
01:37:26.115 [FXGL Background Thread 3 ] DEBUG Engine               - class com.almasb.fxgl.minigames.MiniGameService
01:37:26.115 [FXGL Background Thread 3 ] DEBUG Engine               - class com.almasb.fxgl.net.NetService
01:37:26.115 [FXGL Background Thread 3 ] DEBUG Engine               - class com.almasb.fxgl.app.services.UpdaterService
01:37:26.115 [FXGL Background Thread 3 ] DEBUG Engine               - class com.almasb.fxgl.dev.DevService
01:37:30.456 [JavaFX Application Thread] DEBUG FXGLAssetLoaderServi - Loading from file system: file:/C:/Users/macke/OneDrive/Documents/School/Semester%203/Programming%20in%20a%20Graphical%20User%20Interface/Homework/animals-revenge/build/resources/main/assets/ui/Home.fxml
01:37:31.302 [JavaFX Application Thread] DEBUG FXGLAssetLoaderServi - Loading from file system: file:/C:/Users/macke/OneDrive/Documents/School/Semester%203/Programming%20in%20a%20Graphical%20User%20Interface/Homework/animals-revenge/build/resources/main/assets/ui/Simulator.fxml
01:37:31.323 [JavaFX Application Thread] DEBUG FXGLAssetLoaderServi - Loading from file system: file:/C:/Users/macke/OneDrive/Documents/School/Semester%203/Programming%20in%20a%20Graphical%20User%20Interface/Homework/animals-revenge/build/resources/main/assets/textures/cannon.png
01:37:38.006 [JavaFX Application Thread] DEBUG FXGLApplication      - Exiting FXGL
01:37:38.006 [JavaFX Application Thread] DEBUG LoopRunner           - Stopping loop
01:37:38.006 [JavaFX Application Thread] DEBUG SystemBundleService  - Saving FXGL system data
01:37:38.008 [JavaFX Application Thread] DEBUG FileSystemAccess     - Writing to: C:\Users\macke\OneDrive\Documents\School\Semester 3\Programming in a Graphical User Interface\Homework\animals-revenge\system\fxgl.bundle
01:37:38.009 [JavaFX Application Thread] DEBUG Async                - Shutting down background threads
01:37:38.009 [JavaFX Application Thread] DEBUG PrimaryStageWindow   - Closing main window
01:37:38.023 [JavaFX Application Thread] DEBUG Logger               - Closing Logger
