09:51:55.628 [main                     ] DEBUG Logger               - Configured Logger
09:51:55.635 [main                     ] DEBUG GameApplication      - Logging settings
Title: Untitled
Version: 0.0
Width: 1480
Height: 820
Fullscreen: false
Intro: false
Profiling: false
Single step:false
App Mode: DEVELOPER
Menu Key: ESCAPE
Stage Style: DECORATED
Scene Factory: class com.almasb.fxgl.app.scene.SceneFactory

09:51:55.843 [JavaFX Application Thread] DEBUG FXGLApplication      - Initializing FXGL
09:51:55.847 [JavaFX Application Thread] INFO  Engine               - FXGL-17.2 (20.08.2022 16.50) on WINDOWS (J:18.0.2.1 FX:20.0.2)
09:51:55.847 [JavaFX Application Thread] DEBUG Engine               - JRE Vendor Name: Oracle Corporation
09:51:55.847 [JavaFX Application Thread] DEBUG Engine               - Running on OS: Windows 11 version 10.0
09:51:55.847 [JavaFX Application Thread] DEBUG Engine               - Architecture: amd64
09:51:55.847 [JavaFX Application Thread] INFO  Engine               - Source code and latest versions at: https://github.com/AlmasB/FXGL
09:51:55.847 [JavaFX Application Thread] INFO  Engine               -       Ask questions and discuss at: https://github.com/AlmasB/FXGL/discussions
09:51:55.848 [JavaFX Application Thread] INFO  Engine               -              Join the FXGL chat at: https://gitter.im/AlmasB/FXGL
09:51:55.907 [JavaFX Application Thread] DEBUG PrimaryStageWindow   - Creating a JavaFX scene
09:51:55.935 [JavaFX Application Thread] DEBUG PrimaryStageWindow   - Target settings size: 1480.0 x 820.0
09:51:55.935 [JavaFX Application Thread] DEBUG PrimaryStageWindow   - Scaled scene size:    1480.0 x 820.0
09:51:55.935 [JavaFX Application Thread] DEBUG PrimaryStageWindow   - Scaled ratio: (1.0, 1.0)
09:51:55.936 [JavaFX Application Thread] DEBUG PrimaryStageWindow   - Set initial scene to FXGLStartupScene
09:51:55.938 [JavaFX Application Thread] DEBUG PrimaryStageWindow   - Opening main window
09:51:55.992 [JavaFX Application Thread] DEBUG PrimaryStageWindow   - Window border size: (16.0, 39.0)
09:51:55.992 [JavaFX Application Thread] DEBUG PrimaryStageWindow   - Scaled size: 1480.0 x 820.0
09:51:55.992 [JavaFX Application Thread] DEBUG PrimaryStageWindow   - Scaled ratio: (1.0, 1.0)
09:51:55.993 [JavaFX Application Thread] DEBUG PrimaryStageWindow   - Scene size: 1480.0 x 820.0
09:51:55.993 [JavaFX Application Thread] DEBUG PrimaryStageWindow   - Stage size: 1496.0 x 859.0
09:51:55.997 [FXGL Background Thread 1 ] DEBUG Engine               - Initializing environment variables
09:51:56.024 [FXGL Background Thread 1 ] DEBUG FXGLAssetLoaderServi - User app class for loading assets: class edu.vanier.animals_revenge.MainApp
09:51:56.024 [FXGL Background Thread 1 ] DEBUG GameApplicationServi - Applying CSS: fxgl_dark.css
09:51:56.025 [FXGL Background Thread 1 ] DEBUG FXGLAssetLoaderServi - Loading from file system: jar:file:/C:/Users/ethan/.gradle/caches/modules-2/files-2.1/com.github.almasb/fxgl/17.2/35db6ae960eec2dcfd19262d3b7f9c42f0e95bc3/fxgl-17.2.jar!/fxglassets/ui/css/fxgl_dark.css
09:51:56.047 [FXGL Background Thread 1 ] DEBUG GameApplicationServi - Initializing application scenes
09:51:56.068 [FXGL Background Thread 1 ] DEBUG GameWorld            - Game world initialized
09:51:56.108 [FXGL Background Thread 1 ] DEBUG PhysicsWorld         - Physics world initialized: appHeight=820, physics.ppm=50.0
09:51:56.108 [FXGL Background Thread 1 ] DEBUG PhysicsWorld         - Using strategy: BRUTE_FORCE
09:51:56.111 [FXGL Background Thread 1 ] DEBUG GameScene            - Game scene initialized: 1480x820
09:51:56.111 [FXGL Background Thread 1 ] DEBUG GameApplicationServi - Application scenes initialized
09:51:56.121 [FXGL Background Thread 1 ] DEBUG SystemBundleService  - Loading FXGL system data
09:51:56.124 [FXGL Background Thread 1 ] DEBUG FileSystemAccess     - Reading from: C:\Users\ethan\IdeaProjects\animals-revenge\system\fxgl.bundle
09:51:56.130 [FXGL Background Thread 1 ] DEBUG SystemBundleService  - Bundle FXGL: {}
09:51:56.130 [FXGL Background Thread 1 ] DEBUG UpdaterService       - Checking for updates
09:51:56.133 [FXGL Background Thread 4 ] DEBUG FXGLApplication      - Loading fonts
09:51:56.134 [FXGL Background Thread 4 ] DEBUG FXGLAssetLoaderServi - Loading from file system: jar:file:/C:/Users/ethan/.gradle/caches/modules-2/files-2.1/com.github.almasb/fxgl/17.2/35db6ae960eec2dcfd19262d3b7f9c42f0e95bc3/fxgl-17.2.jar!/fxglassets/ui/fonts/VarelaRound-Regular.ttf
09:51:56.134 [FXGL Background Thread 1 ] DEBUG FXGLApplication      - Loading default localization
09:51:56.134 [FXGL Background Thread 1 ] DEBUG FXGLAssetLoaderServi - Loading from file system: jar:file:/C:/Users/ethan/.gradle/caches/modules-2/files-2.1/com.github.almasb/fxgl/17.2/35db6ae960eec2dcfd19262d3b7f9c42f0e95bc3/fxgl-17.2.jar!/fxglassets/languages/english.lang
09:51:56.152 [FXGL Background Thread 1 ] INFO  FXGLApplication      - FXGL initialization took: 0.155 sec
09:51:56.155 [JavaFX Application Thread] DEBUG Input                - Registered new binding: Launch - RMB
09:51:56.155 [JavaFX Application Thread] DEBUG Input                - Registered new binding: Create - LMB
09:51:56.155 [JavaFX Application Thread] DEBUG Input                - Registered new binding: Drag - CTRL+LMB
09:51:56.155 [JavaFX Application Thread] DEBUG FXGLAssetLoaderServi - Loading from file system: jar:file:/C:/Users/ethan/.gradle/caches/modules-2/files-2.1/com.github.almasb/fxgl/17.2/35db6ae960eec2dcfd19262d3b7f9c42f0e95bc3/fxgl-17.2.jar!/fxglassets/textures/fxgl_icon.png
09:51:56.166 [FXGL Background Thread 4 ] DEBUG FXGLAssetLoaderServi - Loading from file system: jar:file:/C:/Users/ethan/.gradle/caches/modules-2/files-2.1/com.github.almasb/fxgl/17.2/35db6ae960eec2dcfd19262d3b7f9c42f0e95bc3/fxgl-17.2.jar!/fxglassets/ui/fonts/Abel-Regular.ttf
09:51:56.171 [FXGL Background Thread 4 ] DEBUG FXGLAssetLoaderServi - Loading from file system: jar:file:/C:/Users/ethan/.gradle/caches/modules-2/files-2.1/com.github.almasb/fxgl/17.2/35db6ae960eec2dcfd19262d3b7f9c42f0e95bc3/fxgl-17.2.jar!/fxglassets/ui/fonts/TerminalLandMono-Regular.otf
09:51:56.177 [FXGL Background Thread 4 ] DEBUG FXGLAssetLoaderServi - Loading from file system: jar:file:/C:/Users/ethan/.gradle/caches/modules-2/files-2.1/com.github.almasb/fxgl/17.2/35db6ae960eec2dcfd19262d3b7f9c42f0e95bc3/fxgl-17.2.jar!/fxglassets/ui/fonts/Courier-Prime.ttf
09:51:56.183 [JavaFX Application Thread] DEBUG FXGLAssetLoaderServi - Loading from file system: jar:file:/C:/Users/ethan/.gradle/caches/modules-2/files-2.1/com.github.almasb/fxgl/17.2/35db6ae960eec2dcfd19262d3b7f9c42f0e95bc3/fxgl-17.2.jar!/fxglassets/textures/fxgl_default_cursor.png
09:51:56.188 [JavaFX Application Thread] DEBUG Input                - Registered new binding: Screenshot - CTRL+8
09:51:56.188 [JavaFX Application Thread] DEBUG Input                - Registered new binding: System info dump - CTRL+9
09:51:56.188 [JavaFX Application Thread] DEBUG Input                - Registered new binding: Restart - CTRL+R
09:51:56.189 [JavaFX Application Thread] DEBUG Input                - Registered new binding: Toggle Debug Camera - CTRL+7
09:51:56.194 [JavaFX Application Thread] DEBUG LoopRunner           - Starting loop
09:51:56.194 [JavaFX Application Thread] DEBUG LoopRunner           - Initializing JavaFX AnimationTimerLoop
09:51:56.196 [JavaFX Application Thread] DEBUG GameApplicationServi - Starting new game
09:51:56.196 [JavaFX Application Thread] DEBUG Input                - Clearing active input actions
09:51:56.205 [JavaFX Application Thread] DEBUG GameApplicationServi - Removing overlay from FXGLStartupScene and adding to FXGLLoadingScene
09:51:56.205 [JavaFX Application Thread] DEBUG PrimaryStageWindow   - FXGLStartupScene -> FXGLLoadingScene
09:51:56.205 [JavaFX Application Thread] DEBUG GameApplicationServi - Clearing previous game
09:51:56.205 [JavaFX Application Thread] DEBUG GameScene            - Clearing game scene
09:51:56.205 [JavaFX Application Thread] DEBUG GameWorld            - Clearing game world
09:51:56.205 [JavaFX Application Thread] DEBUG PhysicsWorld         - Clearing physics world
09:51:56.207 [FXGL Background Thread 4 ] DEBUG FXGLApplication      - Initializing game
09:51:56.208 [JavaFX Application Thread] DEBUG FXGLApplication      - Registering font factories with UI factory
09:51:56.234 [FXGL Background Thread 4 ] DEBUG FXGLAssetLoaderServi - Loading from file system: file:/C:/Users/ethan/IdeaProjects/animals-revenge/build/resources/main/assets/sounds/brick_hit.wav
09:51:56.272 [FXGL Background Thread 4 ] DEBUG FXGLAssetLoaderServi - Loading from file system: file:/C:/Users/ethan/IdeaProjects/animals-revenge/build/resources/main/assets/music/music2.mp3
09:51:56.348 [FXGL Background Thread 4 ] DEBUG FXGLAssetLoaderServi - Loading from file system: file:/C:/Users/ethan/IdeaProjects/animals-revenge/build/resources/main/assets/ui/Home.fxml
09:51:56.407 [FXGL Background Thread 2 ] INFO  UpdaterService       - Your current version:  17.2
09:51:56.408 [FXGL Background Thread 2 ] INFO  UpdaterService       - Latest stable version: 17.3
09:51:56.571 [FXGL Background Thread 4 ] INFO  FXGLApplication      - Game initialization took: 0.363 sec
09:51:56.571 [JavaFX Application Thread] DEBUG Input                - Clearing active input actions
09:51:56.578 [JavaFX Application Thread] DEBUG GameApplicationServi - Removing overlay from FXGLLoadingScene and adding to GameScene
09:51:56.578 [JavaFX Application Thread] DEBUG PrimaryStageWindow   - FXGLLoadingScene -> GameScene
09:51:57.369 [JavaFX Application Thread] DEBUG FXGLAssetLoaderServi - Loading from file system: file:/C:/Users/ethan/IdeaProjects/animals-revenge/build/resources/main/assets/ui/Setting.fxml
09:51:59.133 [FXGL Background Thread 3 ] DEBUG Engine               - Logging environment variables
09:51:59.133 [FXGL Background Thread 3 ] DEBUG Engine               - achievements: []
09:51:59.133 [FXGL Background Thread 3 ] DEBUG Engine               - actualHeight: 820.0
09:51:59.133 [FXGL Background Thread 3 ] DEBUG Engine               - actualHeightProperty: ReadOnlyDoubleProperty [value: 820.0]
09:51:59.133 [FXGL Background Thread 3 ] DEBUG Engine               - actualWidth: 1480.0
09:51:59.133 [FXGL Background Thread 3 ] DEBUG Engine               - actualWidthProperty: ReadOnlyDoubleProperty [value: 1480.0]
09:51:59.133 [FXGL Background Thread 3 ] DEBUG Engine               - appIcon: fxgl_icon.png
09:51:59.133 [FXGL Background Thread 3 ] DEBUG Engine               - applicationMode: DEVELOPER
09:51:59.133 [FXGL Background Thread 3 ] DEBUG Engine               - cSSList: [fxgl_dark.css]
09:51:59.133 [FXGL Background Thread 3 ] DEBUG Engine               - collisionDetectionStrategy: BRUTE_FORCE
09:51:59.133 [FXGL Background Thread 3 ] DEBUG Engine               - configClass: Optional.empty
09:51:59.133 [FXGL Background Thread 3 ] DEBUG Engine               - credits: []
09:51:59.135 [FXGL Background Thread 3 ] DEBUG Engine               - defaultCursor: CursorInfo(imageName=fxgl_default_cursor.png, hotspotX=7.0, hotspotY=6.0)
09:51:59.135 [FXGL Background Thread 3 ] DEBUG Engine               - devBBoxColorProperty: ObjectProperty [value: 0xff0000ff]
09:51:59.135 [FXGL Background Thread 3 ] DEBUG Engine               - devEnableDebugCameraProperty: BooleanProperty [value: false]
09:51:59.135 [FXGL Background Thread 3 ] DEBUG Engine               - devSensorColorProperty: ObjectProperty [value: 0xffff00ff]
09:51:59.135 [FXGL Background Thread 3 ] DEBUG Engine               - devShowBBoxProperty: BooleanProperty [value: false]
09:51:59.135 [FXGL Background Thread 3 ] DEBUG Engine               - devShowPositionProperty: BooleanProperty [value: false]
09:51:59.135 [FXGL Background Thread 3 ] DEBUG Engine               - enabledMenuItems: []
09:51:59.135 [FXGL Background Thread 3 ] DEBUG Engine               - engineServices: [class com.almasb.fxgl.app.services.FXGLAssetLoaderService, class com.almasb.fxgl.app.FXGLApplication$GameApplicationService, class com.almasb.fxgl.app.services.FXGLDialogService, class com.almasb.fxgl.app.services.IOTaskExecutorService, class com.almasb.fxgl.io.FileSystemService, class com.almasb.fxgl.localization.LocalizationService, class com.almasb.fxgl.app.services.SystemBundleService, class com.almasb.fxgl.profile.SaveLoadService, class com.almasb.fxgl.ui.FXGLUIFactoryServiceProvider, class com.almasb.fxgl.ui.FXGLDialogFactoryServiceProvider, class com.almasb.fxgl.audio.AudioPlayer, class com.almasb.fxgl.notification.impl.NotificationServiceProvider, class com.almasb.fxgl.achievement.AchievementService, class com.almasb.fxgl.cutscene.CutsceneService, class com.almasb.fxgl.minigames.MiniGameService, class com.almasb.fxgl.net.NetService, class com.almasb.fxgl.app.services.UpdaterService, class com.almasb.fxgl.dev.DevService]
09:51:59.135 [FXGL Background Thread 3 ] DEBUG Engine               - fontGame: Abel-Regular.ttf
09:51:59.135 [FXGL Background Thread 3 ] DEBUG Engine               - fontMono: TerminalLandMono-Regular.otf
09:51:59.135 [FXGL Background Thread 3 ] DEBUG Engine               - fontText: Courier-Prime.ttf
09:51:59.135 [FXGL Background Thread 3 ] DEBUG Engine               - fontUI: VarelaRound-Regular.ttf
09:51:59.135 [FXGL Background Thread 3 ] DEBUG Engine               - fullScreen: BooleanProperty [value: false]
09:51:59.135 [FXGL Background Thread 3 ] DEBUG Engine               - gameDifficulty: MEDIUM
09:51:59.135 [FXGL Background Thread 3 ] DEBUG Engine               - gameDifficultyProperty: ObjectProperty [value: MEDIUM]
09:51:59.135 [FXGL Background Thread 3 ] DEBUG Engine               - globalMusicVolume: 0.5
09:51:59.135 [FXGL Background Thread 3 ] DEBUG Engine               - globalMusicVolumeProperty: DoubleProperty [value: 0.0]
09:51:59.135 [FXGL Background Thread 3 ] DEBUG Engine               - globalSoundVolume: 0.5
09:51:59.135 [FXGL Background Thread 3 ] DEBUG Engine               - globalSoundVolumeProperty: DoubleProperty [value: 0.0]
09:51:59.135 [FXGL Background Thread 3 ] DEBUG Engine               - height: 820
09:51:59.135 [FXGL Background Thread 3 ] DEBUG Engine               - is3D: false
09:51:59.135 [FXGL Background Thread 3 ] DEBUG Engine               - isAndroid: false
09:51:59.136 [FXGL Background Thread 3 ] DEBUG Engine               - isBrowser: false
09:51:59.136 [FXGL Background Thread 3 ] DEBUG Engine               - isClickFeedbackEnabled: false
09:51:59.136 [FXGL Background Thread 3 ] DEBUG Engine               - isCloseConfirmation: false
09:51:59.136 [FXGL Background Thread 3 ] DEBUG Engine               - isDesktop: true
09:51:59.136 [FXGL Background Thread 3 ] DEBUG Engine               - isDeveloperMenuEnabled: false
09:51:59.136 [FXGL Background Thread 3 ] DEBUG Engine               - isEmbedded: false
09:51:59.136 [FXGL Background Thread 3 ] DEBUG Engine               - isEntityPreloadEnabled: true
09:51:59.136 [FXGL Background Thread 3 ] DEBUG Engine               - isExperimentalTiledLargeMap: false
09:51:59.136 [FXGL Background Thread 3 ] DEBUG Engine               - isFileSystemWriteAllowed: true
09:51:59.136 [FXGL Background Thread 3 ] DEBUG Engine               - isFullScreenAllowed: false
09:51:59.136 [FXGL Background Thread 3 ] DEBUG Engine               - isFullScreenFromStart: false
09:51:59.136 [FXGL Background Thread 3 ] DEBUG Engine               - isGameMenuEnabled: false
09:51:59.136 [FXGL Background Thread 3 ] DEBUG Engine               - isIOS: false
09:51:59.136 [FXGL Background Thread 3 ] DEBUG Engine               - isIntroEnabled: false
09:51:59.136 [FXGL Background Thread 3 ] DEBUG Engine               - isLinux: false
09:51:59.136 [FXGL Background Thread 3 ] DEBUG Engine               - isMac: false
09:51:59.136 [FXGL Background Thread 3 ] DEBUG Engine               - isMainMenuEnabled: false
09:51:59.136 [FXGL Background Thread 3 ] DEBUG Engine               - isManualResizeEnabled: false
09:51:59.136 [FXGL Background Thread 3 ] DEBUG Engine               - isMobile: false
09:51:59.136 [FXGL Background Thread 3 ] DEBUG Engine               - isNative: false
09:51:59.136 [FXGL Background Thread 3 ] DEBUG Engine               - isPauseMusicWhenMinimized: true
09:51:59.136 [FXGL Background Thread 3 ] DEBUG Engine               - isPreserveResizeRatio: false
09:51:59.136 [FXGL Background Thread 3 ] DEBUG Engine               - isProfilingEnabled: false
09:51:59.136 [FXGL Background Thread 3 ] DEBUG Engine               - isScaleAffectedOnResize: true
09:51:59.136 [FXGL Background Thread 3 ] DEBUG Engine               - isSingleStep: false
09:51:59.136 [FXGL Background Thread 3 ] DEBUG Engine               - isUserProfileEnabled: false
09:51:59.136 [FXGL Background Thread 3 ] DEBUG Engine               - isWindows: true
09:51:59.136 [FXGL Background Thread 3 ] DEBUG Engine               - language: ObjectProperty [value: ENGLISH]
09:51:59.136 [FXGL Background Thread 3 ] DEBUG Engine               - menuKey: ESCAPE
09:51:59.136 [FXGL Background Thread 3 ] DEBUG Engine               - mouseSensitivity: 0.2
09:51:59.136 [FXGL Background Thread 3 ] DEBUG Engine               - notificationViewClass: class com.almasb.fxgl.notification.view.XboxNotificationView
09:51:59.136 [FXGL Background Thread 3 ] DEBUG Engine               - pixelsPerMeter: 50.0
09:51:59.136 [FXGL Background Thread 3 ] DEBUG Engine               - platform: WINDOWS
09:51:59.136 [FXGL Background Thread 3 ] DEBUG Engine               - prefHeightProperty: ReadOnlyDoubleProperty [value: 820.0]
09:51:59.136 [FXGL Background Thread 3 ] DEBUG Engine               - prefWidthProperty: ReadOnlyDoubleProperty [value: 1480.0]
09:51:59.137 [FXGL Background Thread 3 ] DEBUG Engine               - profileDir: profiles/
09:51:59.137 [FXGL Background Thread 3 ] DEBUG Engine               - profileName: StringProperty [value: DEFAULT]
09:51:59.137 [FXGL Background Thread 3 ] DEBUG Engine               - randomSeed: -1
09:51:59.137 [FXGL Background Thread 3 ] DEBUG Engine               - runtimeInfo: RuntimeInfo(platform=WINDOWS, version=17.2, build=20.08.2022 16.50)
09:51:59.137 [FXGL Background Thread 3 ] DEBUG Engine               - saveFileExt: sav
09:51:59.137 [FXGL Background Thread 3 ] DEBUG Engine               - scaledHeightProp$fxgl: DoubleProperty [bound, value: 820.0]
09:51:59.137 [FXGL Background Thread 3 ] DEBUG Engine               - scaledWidthProp$fxgl: DoubleProperty [bound, value: 1480.0]
09:51:59.137 [FXGL Background Thread 3 ] DEBUG Engine               - sceneFactory: com.almasb.fxgl.app.scene.SceneFactory@53a5e330
09:51:59.137 [FXGL Background Thread 3 ] DEBUG Engine               - secondsIn24h: 60
09:51:59.137 [FXGL Background Thread 3 ] DEBUG Engine               - soundMenuBack: menu/back.wav
09:51:59.137 [FXGL Background Thread 3 ] DEBUG Engine               - soundMenuPress: menu/press.wav
09:51:59.137 [FXGL Background Thread 3 ] DEBUG Engine               - soundMenuSelect: menu/select.wav
09:51:59.137 [FXGL Background Thread 3 ] DEBUG Engine               - soundNotification: core/notification.wav
09:51:59.137 [FXGL Background Thread 3 ] DEBUG Engine               - stageStyle: DECORATED
09:51:59.137 [FXGL Background Thread 3 ] DEBUG Engine               - supportedLanguages: [ENGLISH, FRENCH, GERMAN, HUNGARIAN, RUSSIAN]
09:51:59.137 [FXGL Background Thread 3 ] DEBUG Engine               - ticksPerSecond: -1
09:51:59.137 [FXGL Background Thread 3 ] DEBUG Engine               - title: Untitled
09:51:59.137 [FXGL Background Thread 3 ] DEBUG Engine               - urlGithub: https://github.com/AlmasB/FXGL
09:51:59.137 [FXGL Background Thread 3 ] DEBUG Engine               - urlLeaderboard: http://fxgl-top.herokuapp.com/
09:51:59.137 [FXGL Background Thread 3 ] DEBUG Engine               - urlPOM: https://raw.githubusercontent.com/AlmasB/FXGL/release/README.md
09:51:59.137 [FXGL Background Thread 3 ] DEBUG Engine               - userAppClass: class edu.vanier.animals_revenge.MainApp
09:51:59.137 [FXGL Background Thread 3 ] DEBUG Engine               - version: 0.0
09:51:59.137 [FXGL Background Thread 3 ] DEBUG Engine               - versionCheckDays: 7
09:51:59.137 [FXGL Background Thread 3 ] DEBUG Engine               - width: 1480
09:51:59.137 [FXGL Background Thread 3 ] DEBUG Engine               - Logging services
09:51:59.137 [FXGL Background Thread 3 ] DEBUG Engine               - class com.almasb.fxgl.app.services.FXGLAssetLoaderService
09:51:59.137 [FXGL Background Thread 3 ] DEBUG Engine               - class com.almasb.fxgl.app.FXGLApplication$GameApplicationService
09:51:59.137 [FXGL Background Thread 3 ] DEBUG Engine               - class com.almasb.fxgl.app.services.FXGLDialogService
09:51:59.137 [FXGL Background Thread 3 ] DEBUG Engine               - class com.almasb.fxgl.app.services.IOTaskExecutorService
09:51:59.137 [FXGL Background Thread 3 ] DEBUG Engine               - class com.almasb.fxgl.io.FileSystemService
09:51:59.137 [FXGL Background Thread 3 ] DEBUG Engine               - class com.almasb.fxgl.localization.LocalizationService
09:51:59.137 [FXGL Background Thread 3 ] DEBUG Engine               - class com.almasb.fxgl.app.services.SystemBundleService
09:51:59.137 [FXGL Background Thread 3 ] DEBUG Engine               - class com.almasb.fxgl.profile.SaveLoadService
09:51:59.137 [FXGL Background Thread 3 ] DEBUG Engine               - class com.almasb.fxgl.ui.FXGLUIFactoryServiceProvider
09:51:59.137 [FXGL Background Thread 3 ] DEBUG Engine               - class com.almasb.fxgl.ui.FXGLDialogFactoryServiceProvider
09:51:59.137 [FXGL Background Thread 3 ] DEBUG Engine               - class com.almasb.fxgl.audio.AudioPlayer
09:51:59.137 [FXGL Background Thread 3 ] DEBUG Engine               - class com.almasb.fxgl.notification.impl.NotificationServiceProvider
09:51:59.137 [FXGL Background Thread 3 ] DEBUG Engine               - class com.almasb.fxgl.achievement.AchievementService
09:51:59.137 [FXGL Background Thread 3 ] DEBUG Engine               - class com.almasb.fxgl.cutscene.CutsceneService
09:51:59.138 [FXGL Background Thread 3 ] DEBUG Engine               - class com.almasb.fxgl.minigames.MiniGameService
09:51:59.138 [FXGL Background Thread 3 ] DEBUG Engine               - class com.almasb.fxgl.net.NetService
09:51:59.138 [FXGL Background Thread 3 ] DEBUG Engine               - class com.almasb.fxgl.app.services.UpdaterService
09:51:59.138 [FXGL Background Thread 3 ] DEBUG Engine               - class com.almasb.fxgl.dev.DevService
09:52:02.207 [JavaFX Application Thread] DEBUG FXGLAssetLoaderServi - Loading from file system: file:/C:/Users/ethan/IdeaProjects/animals-revenge/build/resources/main/assets/ui/Home.fxml
09:52:02.935 [JavaFX Application Thread] DEBUG FXGLAssetLoaderServi - Loading from file system: file:/C:/Users/ethan/IdeaProjects/animals-revenge/build/resources/main/assets/ui/Simulator.fxml
09:52:02.982 [JavaFX Application Thread] DEBUG FXGLAssetLoaderServi - Loading from file system: file:/C:/Users/ethan/IdeaProjects/animals-revenge/build/resources/main/assets/textures/cannon.png
09:52:04.588 [JavaFX Application Thread] DEBUG FXGLAssetLoaderServi - Loading from file system: file:/C:/Users/ethan/IdeaProjects/animals-revenge/build/resources/main/assets/textures/red.png
09:52:15.825 [JavaFX Application Thread] DEBUG FXGLApplication      - Exiting FXGL
09:52:15.825 [JavaFX Application Thread] DEBUG LoopRunner           - Stopping loop
09:52:15.825 [JavaFX Application Thread] DEBUG SystemBundleService  - Saving FXGL system data
09:52:15.826 [JavaFX Application Thread] DEBUG FileSystemAccess     - Writing to: C:\Users\ethan\IdeaProjects\animals-revenge\system\fxgl.bundle
09:52:15.827 [JavaFX Application Thread] DEBUG Async                - Shutting down background threads
09:52:15.827 [JavaFX Application Thread] DEBUG PrimaryStageWindow   - Closing main window
09:52:15.834 [JavaFX Application Thread] DEBUG Logger               - Closing Logger
