17:57:25.802 [main                     ] DEBUG Logger               - Configured Logger
17:57:25.808 [main                     ] DEBUG GameApplication      - Logging settings
Title: Untitled
Version: 0.0
Width: 1480
Height: 820
Fullscreen: false
Intro: false
Profiling: false
Single step:false
App Mode: DEVELOPER
Menu Key: ESCAPE
Stage Style: DECORATED
Scene Factory: class com.almasb.fxgl.app.scene.SceneFactory

17:57:26.021 [JavaFX Application Thread] DEBUG FXGLApplication      - Initializing FXGL
17:57:26.025 [JavaFX Application Thread] INFO  Engine               - FXGL-17.2 (20.08.2022 16.50) on WINDOWS (J:18.0.2.1 FX:20.0.2)
17:57:26.026 [JavaFX Application Thread] DEBUG Engine               - JRE Vendor Name: Oracle Corporation
17:57:26.026 [JavaFX Application Thread] DEBUG Engine               - Running on OS: Windows 11 version 10.0
17:57:26.026 [JavaFX Application Thread] DEBUG Engine               - Architecture: amd64
17:57:26.026 [JavaFX Application Thread] INFO  Engine               - Source code and latest versions at: https://github.com/AlmasB/FXGL
17:57:26.026 [JavaFX Application Thread] INFO  Engine               -       Ask questions and discuss at: https://github.com/AlmasB/FXGL/discussions
17:57:26.026 [JavaFX Application Thread] INFO  Engine               -              Join the FXGL chat at: https://gitter.im/AlmasB/FXGL
17:57:26.088 [JavaFX Application Thread] DEBUG PrimaryStageWindow   - Creating a JavaFX scene
17:57:26.118 [JavaFX Application Thread] DEBUG PrimaryStageWindow   - Target settings size: 1480.0 x 820.0
17:57:26.118 [JavaFX Application Thread] DEBUG PrimaryStageWindow   - Scaled scene size:    1480.0 x 820.0
17:57:26.118 [JavaFX Application Thread] DEBUG PrimaryStageWindow   - Scaled ratio: (1.0, 1.0)
17:57:26.119 [JavaFX Application Thread] DEBUG PrimaryStageWindow   - Set initial scene to FXGLStartupScene
17:57:26.122 [JavaFX Application Thread] DEBUG PrimaryStageWindow   - Opening main window
17:57:26.177 [JavaFX Application Thread] DEBUG PrimaryStageWindow   - Window border size: (16.0, 39.0)
17:57:26.177 [JavaFX Application Thread] DEBUG PrimaryStageWindow   - Scaled size: 1480.0 x 820.0
17:57:26.177 [JavaFX Application Thread] DEBUG PrimaryStageWindow   - Scaled ratio: (1.0, 1.0)
17:57:26.178 [JavaFX Application Thread] DEBUG PrimaryStageWindow   - Scene size: 1480.0 x 820.0
17:57:26.178 [JavaFX Application Thread] DEBUG PrimaryStageWindow   - Stage size: 1496.0 x 859.0
17:57:26.181 [FXGL Background Thread 1 ] DEBUG Engine               - Initializing environment variables
17:57:26.210 [FXGL Background Thread 1 ] DEBUG FXGLAssetLoaderServi - User app class for loading assets: class edu.vanier.animals_revenge.MainApp
17:57:26.210 [FXGL Background Thread 1 ] DEBUG GameApplicationServi - Applying CSS: fxgl_dark.css
17:57:26.210 [FXGL Background Thread 1 ] DEBUG FXGLAssetLoaderServi - Loading from file system: jar:file:/C:/Users/ethan/.gradle/caches/modules-2/files-2.1/com.github.almasb/fxgl/17.2/35db6ae960eec2dcfd19262d3b7f9c42f0e95bc3/fxgl-17.2.jar!/fxglassets/ui/css/fxgl_dark.css
17:57:26.236 [FXGL Background Thread 1 ] DEBUG GameApplicationServi - Initializing application scenes
17:57:26.260 [FXGL Background Thread 1 ] DEBUG GameWorld            - Game world initialized
17:57:26.302 [FXGL Background Thread 1 ] DEBUG PhysicsWorld         - Physics world initialized: appHeight=820, physics.ppm=50.0
17:57:26.302 [FXGL Background Thread 1 ] DEBUG PhysicsWorld         - Using strategy: BRUTE_FORCE
17:57:26.305 [FXGL Background Thread 1 ] DEBUG GameScene            - Game scene initialized: 1480x820
17:57:26.305 [FXGL Background Thread 1 ] DEBUG GameApplicationServi - Application scenes initialized
17:57:26.318 [FXGL Background Thread 1 ] DEBUG SystemBundleService  - Loading FXGL system data
17:57:26.321 [FXGL Background Thread 1 ] DEBUG FileSystemAccess     - Reading from: C:\Users\ethan\IdeaProjects\animals-revenge\system\fxgl.bundle
17:57:26.326 [FXGL Background Thread 1 ] DEBUG SystemBundleService  - Bundle FXGL: {}
17:57:26.327 [FXGL Background Thread 1 ] DEBUG UpdaterService       - Checking for updates
17:57:26.331 [FXGL Background Thread 4 ] DEBUG FXGLApplication      - Loading fonts
17:57:26.332 [FXGL Background Thread 4 ] DEBUG FXGLAssetLoaderServi - Loading from file system: jar:file:/C:/Users/ethan/.gradle/caches/modules-2/files-2.1/com.github.almasb/fxgl/17.2/35db6ae960eec2dcfd19262d3b7f9c42f0e95bc3/fxgl-17.2.jar!/fxglassets/ui/fonts/VarelaRound-Regular.ttf
17:57:26.332 [FXGL Background Thread 1 ] DEBUG FXGLApplication      - Loading default localization
17:57:26.332 [FXGL Background Thread 1 ] DEBUG FXGLAssetLoaderServi - Loading from file system: jar:file:/C:/Users/ethan/.gradle/caches/modules-2/files-2.1/com.github.almasb/fxgl/17.2/35db6ae960eec2dcfd19262d3b7f9c42f0e95bc3/fxgl-17.2.jar!/fxglassets/languages/english.lang
17:57:26.349 [FXGL Background Thread 1 ] INFO  FXGLApplication      - FXGL initialization took: 0.168 sec
17:57:26.353 [JavaFX Application Thread] DEBUG Input                - Registered new binding: Launch - RMB
17:57:26.353 [JavaFX Application Thread] DEBUG Input                - Registered new binding: Create - LMB
17:57:26.353 [JavaFX Application Thread] DEBUG Input                - Registered new binding: Drag - CTRL+LMB
17:57:26.354 [JavaFX Application Thread] DEBUG FXGLAssetLoaderServi - Loading from file system: jar:file:/C:/Users/ethan/.gradle/caches/modules-2/files-2.1/com.github.almasb/fxgl/17.2/35db6ae960eec2dcfd19262d3b7f9c42f0e95bc3/fxgl-17.2.jar!/fxglassets/textures/fxgl_icon.png
17:57:26.366 [FXGL Background Thread 4 ] DEBUG FXGLAssetLoaderServi - Loading from file system: jar:file:/C:/Users/ethan/.gradle/caches/modules-2/files-2.1/com.github.almasb/fxgl/17.2/35db6ae960eec2dcfd19262d3b7f9c42f0e95bc3/fxgl-17.2.jar!/fxglassets/ui/fonts/Abel-Regular.ttf
17:57:26.373 [FXGL Background Thread 4 ] DEBUG FXGLAssetLoaderServi - Loading from file system: jar:file:/C:/Users/ethan/.gradle/caches/modules-2/files-2.1/com.github.almasb/fxgl/17.2/35db6ae960eec2dcfd19262d3b7f9c42f0e95bc3/fxgl-17.2.jar!/fxglassets/ui/fonts/TerminalLandMono-Regular.otf
17:57:26.379 [FXGL Background Thread 4 ] DEBUG FXGLAssetLoaderServi - Loading from file system: jar:file:/C:/Users/ethan/.gradle/caches/modules-2/files-2.1/com.github.almasb/fxgl/17.2/35db6ae960eec2dcfd19262d3b7f9c42f0e95bc3/fxgl-17.2.jar!/fxglassets/ui/fonts/Courier-Prime.ttf
17:57:26.382 [JavaFX Application Thread] DEBUG FXGLAssetLoaderServi - Loading from file system: jar:file:/C:/Users/ethan/.gradle/caches/modules-2/files-2.1/com.github.almasb/fxgl/17.2/35db6ae960eec2dcfd19262d3b7f9c42f0e95bc3/fxgl-17.2.jar!/fxglassets/textures/fxgl_default_cursor.png
17:57:26.388 [JavaFX Application Thread] DEBUG Input                - Registered new binding: Screenshot - CTRL+8
17:57:26.388 [JavaFX Application Thread] DEBUG Input                - Registered new binding: System info dump - CTRL+9
17:57:26.389 [JavaFX Application Thread] DEBUG Input                - Registered new binding: Restart - CTRL+R
17:57:26.393 [JavaFX Application Thread] DEBUG Input                - Registered new binding: Toggle Debug Camera - CTRL+7
17:57:26.395 [JavaFX Application Thread] DEBUG LoopRunner           - Starting loop
17:57:26.395 [JavaFX Application Thread] DEBUG LoopRunner           - Initializing JavaFX AnimationTimerLoop
17:57:26.396 [JavaFX Application Thread] DEBUG GameApplicationServi - Starting new game
17:57:26.397 [JavaFX Application Thread] DEBUG Input                - Clearing active input actions
17:57:26.404 [JavaFX Application Thread] DEBUG GameApplicationServi - Removing overlay from FXGLStartupScene and adding to FXGLLoadingScene
17:57:26.404 [JavaFX Application Thread] DEBUG PrimaryStageWindow   - FXGLStartupScene -> FXGLLoadingScene
17:57:26.404 [JavaFX Application Thread] DEBUG GameApplicationServi - Clearing previous game
17:57:26.404 [JavaFX Application Thread] DEBUG GameScene            - Clearing game scene
17:57:26.404 [JavaFX Application Thread] DEBUG GameWorld            - Clearing game world
17:57:26.404 [JavaFX Application Thread] DEBUG PhysicsWorld         - Clearing physics world
17:57:26.405 [FXGL Background Thread 4 ] DEBUG FXGLApplication      - Initializing game
17:57:26.406 [JavaFX Application Thread] DEBUG FXGLApplication      - Registering font factories with UI factory
17:57:26.430 [FXGL Background Thread 4 ] DEBUG FXGLAssetLoaderServi - Loading from file system: file:/C:/Users/ethan/IdeaProjects/animals-revenge/build/resources/main/assets/ui/Home.fxml
17:57:26.616 [FXGL Background Thread 2 ] INFO  UpdaterService       - Your current version:  17.2
17:57:26.616 [FXGL Background Thread 2 ] INFO  UpdaterService       - Latest stable version: 17.3
17:57:26.693 [FXGL Background Thread 4 ] INFO  FXGLApplication      - Game initialization took: 0.288 sec
17:57:26.693 [JavaFX Application Thread] DEBUG Input                - Clearing active input actions
17:57:26.701 [JavaFX Application Thread] DEBUG GameApplicationServi - Removing overlay from FXGLLoadingScene and adding to GameScene
17:57:26.701 [JavaFX Application Thread] DEBUG PrimaryStageWindow   - FXGLLoadingScene -> GameScene
17:57:27.589 [JavaFX Application Thread] DEBUG FXGLAssetLoaderServi - Loading from file system: file:/C:/Users/ethan/IdeaProjects/animals-revenge/build/resources/main/assets/ui/Simulator.fxml
17:57:27.645 [JavaFX Application Thread] DEBUG FXGLAssetLoaderServi - Loading from file system: file:/C:/Users/ethan/IdeaProjects/animals-revenge/build/resources/main/assets/textures/cannon.png
17:57:29.332 [FXGL Background Thread 3 ] DEBUG Engine               - Logging environment variables
17:57:29.332 [FXGL Background Thread 3 ] DEBUG Engine               - achievements: []
17:57:29.332 [FXGL Background Thread 3 ] DEBUG Engine               - actualHeight: 820.0
17:57:29.332 [FXGL Background Thread 3 ] DEBUG Engine               - actualHeightProperty: ReadOnlyDoubleProperty [value: 820.0]
17:57:29.332 [FXGL Background Thread 3 ] DEBUG Engine               - actualWidth: 1480.0
17:57:29.332 [FXGL Background Thread 3 ] DEBUG Engine               - actualWidthProperty: ReadOnlyDoubleProperty [value: 1480.0]
17:57:29.332 [FXGL Background Thread 3 ] DEBUG Engine               - appIcon: fxgl_icon.png
17:57:29.332 [FXGL Background Thread 3 ] DEBUG Engine               - applicationMode: DEVELOPER
17:57:29.332 [FXGL Background Thread 3 ] DEBUG Engine               - cSSList: [fxgl_dark.css]
17:57:29.332 [FXGL Background Thread 3 ] DEBUG Engine               - collisionDetectionStrategy: BRUTE_FORCE
17:57:29.332 [FXGL Background Thread 3 ] DEBUG Engine               - configClass: Optional.empty
17:57:29.332 [FXGL Background Thread 3 ] DEBUG Engine               - credits: []
17:57:29.333 [FXGL Background Thread 3 ] DEBUG Engine               - defaultCursor: CursorInfo(imageName=fxgl_default_cursor.png, hotspotX=7.0, hotspotY=6.0)
17:57:29.333 [FXGL Background Thread 3 ] DEBUG Engine               - devBBoxColorProperty: ObjectProperty [value: 0xff0000ff]
17:57:29.333 [FXGL Background Thread 3 ] DEBUG Engine               - devEnableDebugCameraProperty: BooleanProperty [value: false]
17:57:29.334 [FXGL Background Thread 3 ] DEBUG Engine               - devSensorColorProperty: ObjectProperty [value: 0xffff00ff]
17:57:29.334 [FXGL Background Thread 3 ] DEBUG Engine               - devShowBBoxProperty: BooleanProperty [value: false]
17:57:29.334 [FXGL Background Thread 3 ] DEBUG Engine               - devShowPositionProperty: BooleanProperty [value: false]
17:57:29.334 [FXGL Background Thread 3 ] DEBUG Engine               - enabledMenuItems: []
17:57:29.334 [FXGL Background Thread 3 ] DEBUG Engine               - engineServices: [class com.almasb.fxgl.app.services.FXGLAssetLoaderService, class com.almasb.fxgl.app.FXGLApplication$GameApplicationService, class com.almasb.fxgl.app.services.FXGLDialogService, class com.almasb.fxgl.app.services.IOTaskExecutorService, class com.almasb.fxgl.io.FileSystemService, class com.almasb.fxgl.localization.LocalizationService, class com.almasb.fxgl.app.services.SystemBundleService, class com.almasb.fxgl.profile.SaveLoadService, class com.almasb.fxgl.ui.FXGLUIFactoryServiceProvider, class com.almasb.fxgl.ui.FXGLDialogFactoryServiceProvider, class com.almasb.fxgl.audio.AudioPlayer, class com.almasb.fxgl.notification.impl.NotificationServiceProvider, class com.almasb.fxgl.achievement.AchievementService, class com.almasb.fxgl.cutscene.CutsceneService, class com.almasb.fxgl.minigames.MiniGameService, class com.almasb.fxgl.net.NetService, class com.almasb.fxgl.app.services.UpdaterService, class com.almasb.fxgl.dev.DevService]
17:57:29.334 [FXGL Background Thread 3 ] DEBUG Engine               - fontGame: Abel-Regular.ttf
17:57:29.334 [FXGL Background Thread 3 ] DEBUG Engine               - fontMono: TerminalLandMono-Regular.otf
17:57:29.334 [FXGL Background Thread 3 ] DEBUG Engine               - fontText: Courier-Prime.ttf
17:57:29.334 [FXGL Background Thread 3 ] DEBUG Engine               - fontUI: VarelaRound-Regular.ttf
17:57:29.334 [FXGL Background Thread 3 ] DEBUG Engine               - fullScreen: BooleanProperty [value: false]
17:57:29.334 [FXGL Background Thread 3 ] DEBUG Engine               - gameDifficulty: MEDIUM
17:57:29.334 [FXGL Background Thread 3 ] DEBUG Engine               - gameDifficultyProperty: ObjectProperty [value: MEDIUM]
17:57:29.334 [FXGL Background Thread 3 ] DEBUG Engine               - globalMusicVolume: 0.5
17:57:29.334 [FXGL Background Thread 3 ] DEBUG Engine               - globalMusicVolumeProperty: DoubleProperty [value: 0.5]
17:57:29.334 [FXGL Background Thread 3 ] DEBUG Engine               - globalSoundVolume: 0.5
17:57:29.334 [FXGL Background Thread 3 ] DEBUG Engine               - globalSoundVolumeProperty: DoubleProperty [value: 0.5]
17:57:29.334 [FXGL Background Thread 3 ] DEBUG Engine               - height: 820
17:57:29.334 [FXGL Background Thread 3 ] DEBUG Engine               - is3D: false
17:57:29.334 [FXGL Background Thread 3 ] DEBUG Engine               - isAndroid: false
17:57:29.334 [FXGL Background Thread 3 ] DEBUG Engine               - isBrowser: false
17:57:29.334 [FXGL Background Thread 3 ] DEBUG Engine               - isClickFeedbackEnabled: false
17:57:29.334 [FXGL Background Thread 3 ] DEBUG Engine               - isCloseConfirmation: false
17:57:29.334 [FXGL Background Thread 3 ] DEBUG Engine               - isDesktop: true
17:57:29.334 [FXGL Background Thread 3 ] DEBUG Engine               - isDeveloperMenuEnabled: false
17:57:29.334 [FXGL Background Thread 3 ] DEBUG Engine               - isEmbedded: false
17:57:29.334 [FXGL Background Thread 3 ] DEBUG Engine               - isEntityPreloadEnabled: true
17:57:29.334 [FXGL Background Thread 3 ] DEBUG Engine               - isExperimentalTiledLargeMap: false
17:57:29.334 [FXGL Background Thread 3 ] DEBUG Engine               - isFileSystemWriteAllowed: true
17:57:29.334 [FXGL Background Thread 3 ] DEBUG Engine               - isFullScreenAllowed: false
17:57:29.334 [FXGL Background Thread 3 ] DEBUG Engine               - isFullScreenFromStart: false
17:57:29.334 [FXGL Background Thread 3 ] DEBUG Engine               - isGameMenuEnabled: false
17:57:29.335 [FXGL Background Thread 3 ] DEBUG Engine               - isIOS: false
17:57:29.335 [FXGL Background Thread 3 ] DEBUG Engine               - isIntroEnabled: false
17:57:29.335 [FXGL Background Thread 3 ] DEBUG Engine               - isLinux: false
17:57:29.335 [FXGL Background Thread 3 ] DEBUG Engine               - isMac: false
17:57:29.335 [FXGL Background Thread 3 ] DEBUG Engine               - isMainMenuEnabled: false
17:57:29.335 [FXGL Background Thread 3 ] DEBUG Engine               - isManualResizeEnabled: false
17:57:29.335 [FXGL Background Thread 3 ] DEBUG Engine               - isMobile: false
17:57:29.335 [FXGL Background Thread 3 ] DEBUG Engine               - isNative: false
17:57:29.335 [FXGL Background Thread 3 ] DEBUG Engine               - isPauseMusicWhenMinimized: true
17:57:29.335 [FXGL Background Thread 3 ] DEBUG Engine               - isPreserveResizeRatio: false
17:57:29.335 [FXGL Background Thread 3 ] DEBUG Engine               - isProfilingEnabled: false
17:57:29.335 [FXGL Background Thread 3 ] DEBUG Engine               - isScaleAffectedOnResize: true
17:57:29.335 [FXGL Background Thread 3 ] DEBUG Engine               - isSingleStep: false
17:57:29.335 [FXGL Background Thread 3 ] DEBUG Engine               - isUserProfileEnabled: false
17:57:29.335 [FXGL Background Thread 3 ] DEBUG Engine               - isWindows: true
17:57:29.335 [FXGL Background Thread 3 ] DEBUG Engine               - language: ObjectProperty [value: ENGLISH]
17:57:29.335 [FXGL Background Thread 3 ] DEBUG Engine               - menuKey: ESCAPE
17:57:29.335 [FXGL Background Thread 3 ] DEBUG Engine               - mouseSensitivity: 0.2
17:57:29.335 [FXGL Background Thread 3 ] DEBUG Engine               - notificationViewClass: class com.almasb.fxgl.notification.view.XboxNotificationView
17:57:29.335 [FXGL Background Thread 3 ] DEBUG Engine               - pixelsPerMeter: 50.0
17:57:29.335 [FXGL Background Thread 3 ] DEBUG Engine               - platform: WINDOWS
17:57:29.335 [FXGL Background Thread 3 ] DEBUG Engine               - prefHeightProperty: ReadOnlyDoubleProperty [value: 820.0]
17:57:29.335 [FXGL Background Thread 3 ] DEBUG Engine               - prefWidthProperty: ReadOnlyDoubleProperty [value: 1480.0]
17:57:29.335 [FXGL Background Thread 3 ] DEBUG Engine               - profileDir: profiles/
17:57:29.335 [FXGL Background Thread 3 ] DEBUG Engine               - profileName: StringProperty [value: DEFAULT]
17:57:29.335 [FXGL Background Thread 3 ] DEBUG Engine               - randomSeed: -1
17:57:29.335 [FXGL Background Thread 3 ] DEBUG Engine               - runtimeInfo: RuntimeInfo(platform=WINDOWS, version=17.2, build=20.08.2022 16.50)
17:57:29.335 [FXGL Background Thread 3 ] DEBUG Engine               - saveFileExt: sav
17:57:29.335 [FXGL Background Thread 3 ] DEBUG Engine               - scaledHeightProp$fxgl: DoubleProperty [bound, value: 820.0]
17:57:29.336 [FXGL Background Thread 3 ] DEBUG Engine               - scaledWidthProp$fxgl: DoubleProperty [bound, value: 1480.0]
17:57:29.336 [FXGL Background Thread 3 ] DEBUG Engine               - sceneFactory: com.almasb.fxgl.app.scene.SceneFactory@59198ba9
17:57:29.336 [FXGL Background Thread 3 ] DEBUG Engine               - secondsIn24h: 60
17:57:29.336 [FXGL Background Thread 3 ] DEBUG Engine               - soundMenuBack: menu/back.wav
17:57:29.336 [FXGL Background Thread 3 ] DEBUG Engine               - soundMenuPress: menu/press.wav
17:57:29.336 [FXGL Background Thread 3 ] DEBUG Engine               - soundMenuSelect: menu/select.wav
17:57:29.336 [FXGL Background Thread 3 ] DEBUG Engine               - soundNotification: core/notification.wav
17:57:29.336 [FXGL Background Thread 3 ] DEBUG Engine               - stageStyle: DECORATED
17:57:29.336 [FXGL Background Thread 3 ] DEBUG Engine               - supportedLanguages: [ENGLISH, FRENCH, GERMAN, HUNGARIAN, RUSSIAN]
17:57:29.336 [FXGL Background Thread 3 ] DEBUG Engine               - ticksPerSecond: -1
17:57:29.336 [FXGL Background Thread 3 ] DEBUG Engine               - title: Untitled
17:57:29.336 [FXGL Background Thread 3 ] DEBUG Engine               - urlGithub: https://github.com/AlmasB/FXGL
17:57:29.336 [FXGL Background Thread 3 ] DEBUG Engine               - urlLeaderboard: http://fxgl-top.herokuapp.com/
17:57:29.336 [FXGL Background Thread 3 ] DEBUG Engine               - urlPOM: https://raw.githubusercontent.com/AlmasB/FXGL/release/README.md
17:57:29.336 [FXGL Background Thread 3 ] DEBUG Engine               - userAppClass: class edu.vanier.animals_revenge.MainApp
17:57:29.336 [FXGL Background Thread 3 ] DEBUG Engine               - version: 0.0
17:57:29.336 [FXGL Background Thread 3 ] DEBUG Engine               - versionCheckDays: 7
17:57:29.336 [FXGL Background Thread 3 ] DEBUG Engine               - width: 1480
17:57:29.336 [FXGL Background Thread 3 ] DEBUG Engine               - Logging services
17:57:29.336 [FXGL Background Thread 3 ] DEBUG Engine               - class com.almasb.fxgl.app.services.FXGLAssetLoaderService
17:57:29.336 [FXGL Background Thread 3 ] DEBUG Engine               - class com.almasb.fxgl.app.FXGLApplication$GameApplicationService
17:57:29.336 [FXGL Background Thread 3 ] DEBUG Engine               - class com.almasb.fxgl.app.services.FXGLDialogService
17:57:29.336 [FXGL Background Thread 3 ] DEBUG Engine               - class com.almasb.fxgl.app.services.IOTaskExecutorService
17:57:29.336 [FXGL Background Thread 3 ] DEBUG Engine               - class com.almasb.fxgl.io.FileSystemService
17:57:29.336 [FXGL Background Thread 3 ] DEBUG Engine               - class com.almasb.fxgl.localization.LocalizationService
17:57:29.336 [FXGL Background Thread 3 ] DEBUG Engine               - class com.almasb.fxgl.app.services.SystemBundleService
17:57:29.336 [FXGL Background Thread 3 ] DEBUG Engine               - class com.almasb.fxgl.profile.SaveLoadService
17:57:29.336 [FXGL Background Thread 3 ] DEBUG Engine               - class com.almasb.fxgl.ui.FXGLUIFactoryServiceProvider
17:57:29.336 [FXGL Background Thread 3 ] DEBUG Engine               - class com.almasb.fxgl.ui.FXGLDialogFactoryServiceProvider
17:57:29.336 [FXGL Background Thread 3 ] DEBUG Engine               - class com.almasb.fxgl.audio.AudioPlayer
17:57:29.336 [FXGL Background Thread 3 ] DEBUG Engine               - class com.almasb.fxgl.notification.impl.NotificationServiceProvider
17:57:29.336 [FXGL Background Thread 3 ] DEBUG Engine               - class com.almasb.fxgl.achievement.AchievementService
17:57:29.336 [FXGL Background Thread 3 ] DEBUG Engine               - class com.almasb.fxgl.cutscene.CutsceneService
17:57:29.336 [FXGL Background Thread 3 ] DEBUG Engine               - class com.almasb.fxgl.minigames.MiniGameService
17:57:29.336 [FXGL Background Thread 3 ] DEBUG Engine               - class com.almasb.fxgl.net.NetService
17:57:29.336 [FXGL Background Thread 3 ] DEBUG Engine               - class com.almasb.fxgl.app.services.UpdaterService
17:57:29.336 [FXGL Background Thread 3 ] DEBUG Engine               - class com.almasb.fxgl.dev.DevService
17:57:30.113 [JavaFX Application Thread] DEBUG FXGLAssetLoaderServi - Loading from file system: file:/C:/Users/ethan/IdeaProjects/animals-revenge/build/resources/main/assets/textures/soccer.png
17:58:09.473 [JavaFX Application Thread] DEBUG FXGLAssetLoaderServi - Loading from file system: file:/C:/Users/ethan/IdeaProjects/animals-revenge/build/resources/main/assets/ui/Home.fxml
17:58:12.933 [JavaFX Application Thread] DEBUG FXGLAssetLoaderServi - Loading from file system: file:/C:/Users/ethan/IdeaProjects/animals-revenge/build/resources/main/assets/ui/1CustomProjectile.fxml
17:58:44.179 [JavaFX Application Thread] DEBUG FXGLApplication      - Exiting FXGL
17:58:44.179 [JavaFX Application Thread] DEBUG LoopRunner           - Stopping loop
17:58:44.179 [JavaFX Application Thread] DEBUG SystemBundleService  - Saving FXGL system data
17:58:44.180 [JavaFX Application Thread] DEBUG FileSystemAccess     - Writing to: C:\Users\ethan\IdeaProjects\animals-revenge\system\fxgl.bundle
17:58:44.181 [JavaFX Application Thread] DEBUG Async                - Shutting down background threads
17:58:44.181 [JavaFX Application Thread] DEBUG PrimaryStageWindow   - Closing main window
17:58:44.189 [JavaFX Application Thread] DEBUG Logger               - Closing Logger
