12:11:06.100 [main                     ] DEBUG Logger               - Configured Logger
12:11:06.118 [main                     ] DEBUG GameApplication      - Logging settings
Title: Untitled
Version: 0.0
Width: 1480
Height: 820
Fullscreen: false
Intro: false
Profiling: false
Single step:false
App Mode: DEVELOPER
Menu Key: ESCAPE
Stage Style: DECORATED
Scene Factory: class com.almasb.fxgl.app.scene.SceneFactory

12:11:07.187 [JavaFX Application Thread] DEBUG FXGLApplication      - Initializing FXGL
12:11:07.194 [JavaFX Application Thread] INFO  Engine               - FXGL-17.2 (20.08.2022 16.50) on WINDOWS (J:18.0.2.1 FX:20.0.2)
12:11:07.195 [JavaFX Application Thread] DEBUG Engine               - JRE Vendor Name: Oracle Corporation
12:11:07.196 [JavaFX Application Thread] DEBUG Engine               - Running on OS: Windows 11 version 10.0
12:11:07.196 [JavaFX Application Thread] DEBUG Engine               - Architecture: amd64
12:11:07.196 [JavaFX Application Thread] INFO  Engine               - Source code and latest versions at: https://github.com/AlmasB/FXGL
12:11:07.197 [JavaFX Application Thread] INFO  Engine               -       Ask questions and discuss at: https://github.com/AlmasB/FXGL/discussions
12:11:07.200 [JavaFX Application Thread] INFO  Engine               -              Join the FXGL chat at: https://gitter.im/AlmasB/FXGL
12:11:07.377 [JavaFX Application Thread] DEBUG PrimaryStageWindow   - Creating a JavaFX scene
12:11:07.377 [JavaFX Application Thread] DEBUG PrimaryStageWindow   - Target size > screen size
12:11:07.522 [JavaFX Application Thread] DEBUG PrimaryStageWindow   - Target settings size: 1480.0 x 820.0
12:11:07.522 [JavaFX Application Thread] DEBUG PrimaryStageWindow   - Scaled scene size:    1447.0 x 815.0
12:11:07.523 [JavaFX Application Thread] DEBUG PrimaryStageWindow   - Scaled ratio: (0.9777027027027027, 0.9939024390243902)
12:11:07.524 [JavaFX Application Thread] DEBUG PrimaryStageWindow   - Set initial scene to FXGLStartupScene
12:11:07.532 [JavaFX Application Thread] DEBUG PrimaryStageWindow   - Opening main window
12:11:07.837 [JavaFX Application Thread] DEBUG PrimaryStageWindow   - Window border size: (14.5999755859375, 37.79998779296875)
12:11:07.838 [JavaFX Application Thread] DEBUG PrimaryStageWindow   - Scaled size: 1447.0 x 815.0
12:11:07.838 [JavaFX Application Thread] DEBUG PrimaryStageWindow   - Scaled ratio: (0.9777027027027027, 0.9939024390243902)
12:11:07.838 [JavaFX Application Thread] DEBUG PrimaryStageWindow   - Scene size: 1447.0 x 815.0
12:11:07.839 [JavaFX Application Thread] DEBUG PrimaryStageWindow   - Stage size: 1461.5999755859375 x 852.7999877929688
12:11:07.857 [FXGL Background Thread 1 ] DEBUG Engine               - Initializing environment variables
12:11:08.121 [FXGL Background Thread 1 ] DEBUG FXGLAssetLoaderServi - User app class for loading assets: class edu.vanier.animals_revenge.MainApp
12:11:08.121 [FXGL Background Thread 1 ] DEBUG GameApplicationServi - Applying CSS: fxgl_dark.css
12:11:08.123 [FXGL Background Thread 1 ] DEBUG FXGLAssetLoaderServi - Loading from file system: jar:file:/C:/Users/anton/.gradle/caches/modules-2/files-2.1/com.github.almasb/fxgl/17.2/35db6ae960eec2dcfd19262d3b7f9c42f0e95bc3/fxgl-17.2.jar!/fxglassets/ui/css/fxgl_dark.css
12:11:08.275 [FXGL Background Thread 1 ] DEBUG GameApplicationServi - Initializing application scenes
12:11:08.407 [FXGL Background Thread 1 ] DEBUG GameWorld            - Game world initialized
12:11:08.545 [FXGL Background Thread 1 ] DEBUG PhysicsWorld         - Physics world initialized: appHeight=820, physics.ppm=50.0
12:11:08.547 [FXGL Background Thread 1 ] DEBUG PhysicsWorld         - Using strategy: BRUTE_FORCE
12:11:08.568 [FXGL Background Thread 1 ] DEBUG GameScene            - Game scene initialized: 1480x820
12:11:08.569 [FXGL Background Thread 1 ] DEBUG GameApplicationServi - Application scenes initialized
12:11:08.589 [FXGL Background Thread 1 ] DEBUG SystemBundleService  - Loading FXGL system data
12:11:08.597 [FXGL Background Thread 1 ] DEBUG FileSystemAccess     - Reading from: C:\Users\anton\OneDrive\Documents\GitHub\animals-revenge\system\fxgl.bundle
12:11:08.612 [FXGL Background Thread 1 ] DEBUG SystemBundleService  - Bundle FXGL: {}
12:11:08.612 [FXGL Background Thread 1 ] DEBUG UpdaterService       - Checking for updates
12:11:08.619 [FXGL Background Thread 4 ] DEBUG FXGLApplication      - Loading fonts
12:11:08.620 [FXGL Background Thread 1 ] DEBUG FXGLApplication      - Loading default localization
12:11:08.621 [FXGL Background Thread 1 ] DEBUG FXGLAssetLoaderServi - Loading from file system: jar:file:/C:/Users/anton/.gradle/caches/modules-2/files-2.1/com.github.almasb/fxgl/17.2/35db6ae960eec2dcfd19262d3b7f9c42f0e95bc3/fxgl-17.2.jar!/fxglassets/languages/english.lang
12:11:08.622 [FXGL Background Thread 4 ] DEBUG FXGLAssetLoaderServi - Loading from file system: jar:file:/C:/Users/anton/.gradle/caches/modules-2/files-2.1/com.github.almasb/fxgl/17.2/35db6ae960eec2dcfd19262d3b7f9c42f0e95bc3/fxgl-17.2.jar!/fxglassets/ui/fonts/VarelaRound-Regular.ttf
12:11:08.658 [FXGL Background Thread 1 ] INFO  FXGLApplication      - FXGL initialization took: 0.801 sec
12:11:08.665 [JavaFX Application Thread] DEBUG Input                - Registered new binding: Launch - RMB
12:11:08.665 [JavaFX Application Thread] DEBUG Input                - Registered new binding: Create - LMB
12:11:08.666 [JavaFX Application Thread] DEBUG Input                - Registered new binding: Drag - CTRL+LMB
12:11:08.675 [JavaFX Application Thread] DEBUG Input                - Registered new binding: Delete - Backspace
12:11:08.683 [JavaFX Application Thread] DEBUG FXGLAssetLoaderServi - Loading from file system: file:/C:/Users/anton/OneDrive/Documents/GitHub/animals-revenge/build/resources/main/assets/sounds/brick_hit.wav
12:11:08.784 [FXGL Background Thread 4 ] DEBUG FXGLAssetLoaderServi - Loading from file system: jar:file:/C:/Users/anton/.gradle/caches/modules-2/files-2.1/com.github.almasb/fxgl/17.2/35db6ae960eec2dcfd19262d3b7f9c42f0e95bc3/fxgl-17.2.jar!/fxglassets/ui/fonts/Abel-Regular.ttf
12:11:08.795 [FXGL Background Thread 4 ] DEBUG FXGLAssetLoaderServi - Loading from file system: jar:file:/C:/Users/anton/.gradle/caches/modules-2/files-2.1/com.github.almasb/fxgl/17.2/35db6ae960eec2dcfd19262d3b7f9c42f0e95bc3/fxgl-17.2.jar!/fxglassets/ui/fonts/TerminalLandMono-Regular.otf
12:11:08.805 [FXGL Background Thread 4 ] DEBUG FXGLAssetLoaderServi - Loading from file system: jar:file:/C:/Users/anton/.gradle/caches/modules-2/files-2.1/com.github.almasb/fxgl/17.2/35db6ae960eec2dcfd19262d3b7f9c42f0e95bc3/fxgl-17.2.jar!/fxglassets/ui/fonts/Courier-Prime.ttf
12:11:08.859 [JavaFX Application Thread] DEBUG FXGLAssetLoaderServi - Loading from file system: file:/C:/Users/anton/OneDrive/Documents/GitHub/animals-revenge/build/resources/main/assets/music/music2.mp3
12:11:09.009 [JavaFX Application Thread] DEBUG AudioPlayer          - Playing music com.almasb.fxgl.audio.Music@d9a2ff9
12:11:09.010 [JavaFX Application Thread] DEBUG FXGLAssetLoaderServi - Loading from file system: jar:file:/C:/Users/anton/.gradle/caches/modules-2/files-2.1/com.github.almasb/fxgl/17.2/35db6ae960eec2dcfd19262d3b7f9c42f0e95bc3/fxgl-17.2.jar!/fxglassets/textures/fxgl_icon.png
12:11:09.096 [JavaFX Application Thread] DEBUG FXGLAssetLoaderServi - Loading from file system: jar:file:/C:/Users/anton/.gradle/caches/modules-2/files-2.1/com.github.almasb/fxgl/17.2/35db6ae960eec2dcfd19262d3b7f9c42f0e95bc3/fxgl-17.2.jar!/fxglassets/textures/fxgl_default_cursor.png
12:11:09.100 [JavaFX Application Thread] DEBUG Input                - Registered new binding: Screenshot - CTRL+8
12:11:09.100 [JavaFX Application Thread] DEBUG Input                - Registered new binding: System info dump - CTRL+9
12:11:09.101 [JavaFX Application Thread] DEBUG Input                - Registered new binding: Restart - CTRL+R
12:11:09.102 [JavaFX Application Thread] DEBUG Input                - Registered new binding: Toggle Debug Camera - CTRL+7
12:11:09.106 [JavaFX Application Thread] DEBUG LoopRunner           - Starting loop
12:11:09.106 [JavaFX Application Thread] DEBUG LoopRunner           - Initializing JavaFX AnimationTimerLoop
12:11:09.107 [JavaFX Application Thread] DEBUG GameApplicationServi - Starting new game
12:11:09.108 [JavaFX Application Thread] DEBUG Input                - Clearing active input actions
12:11:09.120 [JavaFX Application Thread] DEBUG GameApplicationServi - Removing overlay from FXGLStartupScene and adding to FXGLLoadingScene
12:11:09.121 [JavaFX Application Thread] DEBUG PrimaryStageWindow   - FXGLStartupScene -> FXGLLoadingScene
12:11:09.121 [JavaFX Application Thread] DEBUG GameApplicationServi - Clearing previous game
12:11:09.121 [JavaFX Application Thread] DEBUG GameScene            - Clearing game scene
12:11:09.121 [JavaFX Application Thread] DEBUG GameWorld            - Clearing game world
12:11:09.121 [JavaFX Application Thread] DEBUG PhysicsWorld         - Clearing physics world
12:11:09.123 [JavaFX Application Thread] DEBUG FXGLApplication      - Registering font factories with UI factory
12:11:09.123 [FXGL Background Thread 4 ] DEBUG FXGLApplication      - Initializing game
12:11:09.450 [FXGL Background Thread 4 ] DEBUG AudioPlayer          - Playing music com.almasb.fxgl.audio.Music@d9a2ff9
12:11:09.455 [FXGL Background Thread 4 ] DEBUG FXGLAssetLoaderServi - Loading from file system: file:/C:/Users/anton/OneDrive/Documents/GitHub/animals-revenge/build/resources/main/assets/ui/Home.fxml
12:11:10.096 [FXGL Background Thread 2 ] INFO  UpdaterService       - Your current version:  17.2
12:11:10.097 [FXGL Background Thread 2 ] INFO  UpdaterService       - Latest stable version: 17.3
12:11:11.682 [FXGL Background Thread 3 ] DEBUG Engine               - Logging environment variables
12:11:11.695 [FXGL Background Thread 3 ] DEBUG Engine               - achievements: []
12:11:11.696 [FXGL Background Thread 3 ] DEBUG Engine               - actualHeight: 815.0
12:11:11.697 [FXGL Background Thread 3 ] DEBUG Engine               - actualHeightProperty: ReadOnlyDoubleProperty [value: 815.0]
12:11:11.697 [FXGL Background Thread 3 ] DEBUG Engine               - actualWidth: 1447.0
12:11:11.698 [FXGL Background Thread 3 ] DEBUG Engine               - actualWidthProperty: ReadOnlyDoubleProperty [value: 1447.0]
12:11:11.698 [FXGL Background Thread 3 ] DEBUG Engine               - appIcon: fxgl_icon.png
12:11:11.699 [FXGL Background Thread 3 ] DEBUG Engine               - applicationMode: DEVELOPER
12:11:11.699 [FXGL Background Thread 3 ] DEBUG Engine               - cSSList: [fxgl_dark.css]
12:11:11.700 [FXGL Background Thread 3 ] DEBUG Engine               - collisionDetectionStrategy: BRUTE_FORCE
12:11:11.700 [FXGL Background Thread 3 ] DEBUG Engine               - configClass: Optional.empty
12:11:11.700 [FXGL Background Thread 3 ] DEBUG Engine               - credits: []
12:11:11.827 [FXGL Background Thread 3 ] DEBUG Engine               - defaultCursor: CursorInfo(imageName=fxgl_default_cursor.png, hotspotX=7.0, hotspotY=6.0)
12:11:11.827 [FXGL Background Thread 3 ] DEBUG Engine               - devBBoxColorProperty: ObjectProperty [value: 0xff0000ff]
12:11:11.827 [FXGL Background Thread 3 ] DEBUG Engine               - devEnableDebugCameraProperty: BooleanProperty [value: false]
12:11:11.827 [FXGL Background Thread 3 ] DEBUG Engine               - devSensorColorProperty: ObjectProperty [value: 0xffff00ff]
12:11:11.827 [FXGL Background Thread 3 ] DEBUG Engine               - devShowBBoxProperty: BooleanProperty [value: false]
12:11:11.828 [FXGL Background Thread 3 ] DEBUG Engine               - devShowPositionProperty: BooleanProperty [value: false]
12:11:11.828 [FXGL Background Thread 3 ] DEBUG Engine               - enabledMenuItems: []
12:11:11.828 [FXGL Background Thread 3 ] DEBUG Engine               - engineServices: [class com.almasb.fxgl.app.services.FXGLAssetLoaderService, class com.almasb.fxgl.app.FXGLApplication$GameApplicationService, class com.almasb.fxgl.app.services.FXGLDialogService, class com.almasb.fxgl.app.services.IOTaskExecutorService, class com.almasb.fxgl.io.FileSystemService, class com.almasb.fxgl.localization.LocalizationService, class com.almasb.fxgl.app.services.SystemBundleService, class com.almasb.fxgl.profile.SaveLoadService, class com.almasb.fxgl.ui.FXGLUIFactoryServiceProvider, class com.almasb.fxgl.ui.FXGLDialogFactoryServiceProvider, class com.almasb.fxgl.audio.AudioPlayer, class com.almasb.fxgl.notification.impl.NotificationServiceProvider, class com.almasb.fxgl.achievement.AchievementService, class com.almasb.fxgl.cutscene.CutsceneService, class com.almasb.fxgl.minigames.MiniGameService, class com.almasb.fxgl.net.NetService, class com.almasb.fxgl.app.services.UpdaterService, class com.almasb.fxgl.dev.DevService]
12:11:11.828 [FXGL Background Thread 3 ] DEBUG Engine               - fontGame: Abel-Regular.ttf
12:11:11.828 [FXGL Background Thread 3 ] DEBUG Engine               - fontMono: TerminalLandMono-Regular.otf
12:11:11.828 [FXGL Background Thread 3 ] DEBUG Engine               - fontText: Courier-Prime.ttf
12:11:11.828 [FXGL Background Thread 3 ] DEBUG Engine               - fontUI: VarelaRound-Regular.ttf
12:11:11.828 [FXGL Background Thread 3 ] DEBUG Engine               - fullScreen: BooleanProperty [value: false]
12:11:11.828 [FXGL Background Thread 3 ] DEBUG Engine               - gameDifficulty: MEDIUM
12:11:11.828 [FXGL Background Thread 3 ] DEBUG Engine               - gameDifficultyProperty: ObjectProperty [value: MEDIUM]
12:11:11.829 [FXGL Background Thread 3 ] DEBUG Engine               - globalMusicVolume: 0.5
12:11:11.829 [FXGL Background Thread 3 ] DEBUG Engine               - globalMusicVolumeProperty: DoubleProperty [value: 0.0]
12:11:11.829 [FXGL Background Thread 3 ] DEBUG Engine               - globalSoundVolume: 0.5
12:11:11.829 [FXGL Background Thread 3 ] DEBUG Engine               - globalSoundVolumeProperty: DoubleProperty [value: 0.5733464768400154]
12:11:11.829 [FXGL Background Thread 3 ] DEBUG Engine               - height: 820
12:11:11.829 [FXGL Background Thread 3 ] DEBUG Engine               - is3D: false
12:11:11.829 [FXGL Background Thread 3 ] DEBUG Engine               - isAndroid: false
12:11:11.829 [FXGL Background Thread 3 ] DEBUG Engine               - isBrowser: false
12:11:11.829 [FXGL Background Thread 3 ] DEBUG Engine               - isClickFeedbackEnabled: false
12:11:11.829 [FXGL Background Thread 3 ] DEBUG Engine               - isCloseConfirmation: false
12:11:11.829 [FXGL Background Thread 3 ] DEBUG Engine               - isDesktop: true
12:11:11.829 [FXGL Background Thread 3 ] DEBUG Engine               - isDeveloperMenuEnabled: false
12:11:11.829 [FXGL Background Thread 3 ] DEBUG Engine               - isEmbedded: false
12:11:11.829 [FXGL Background Thread 3 ] DEBUG Engine               - isEntityPreloadEnabled: true
12:11:11.830 [FXGL Background Thread 3 ] DEBUG Engine               - isExperimentalTiledLargeMap: false
12:11:11.830 [FXGL Background Thread 3 ] DEBUG Engine               - isFileSystemWriteAllowed: true
12:11:11.830 [FXGL Background Thread 3 ] DEBUG Engine               - isFullScreenAllowed: false
12:11:11.830 [FXGL Background Thread 3 ] DEBUG Engine               - isFullScreenFromStart: false
12:11:11.830 [FXGL Background Thread 3 ] DEBUG Engine               - isGameMenuEnabled: false
12:11:11.830 [FXGL Background Thread 3 ] DEBUG Engine               - isIOS: false
12:11:11.830 [FXGL Background Thread 3 ] DEBUG Engine               - isIntroEnabled: false
12:11:11.830 [FXGL Background Thread 3 ] DEBUG Engine               - isLinux: false
12:11:11.830 [FXGL Background Thread 3 ] DEBUG Engine               - isMac: false
12:11:11.830 [FXGL Background Thread 3 ] DEBUG Engine               - isMainMenuEnabled: false
12:11:11.830 [FXGL Background Thread 3 ] DEBUG Engine               - isManualResizeEnabled: false
12:11:11.830 [FXGL Background Thread 3 ] DEBUG Engine               - isMobile: false
12:11:11.830 [FXGL Background Thread 3 ] DEBUG Engine               - isNative: false
12:11:11.830 [FXGL Background Thread 3 ] DEBUG Engine               - isPauseMusicWhenMinimized: true
12:11:11.830 [FXGL Background Thread 3 ] DEBUG Engine               - isPreserveResizeRatio: false
12:11:11.830 [FXGL Background Thread 3 ] DEBUG Engine               - isProfilingEnabled: false
12:11:11.830 [FXGL Background Thread 3 ] DEBUG Engine               - isScaleAffectedOnResize: true
12:11:11.831 [FXGL Background Thread 3 ] DEBUG Engine               - isSingleStep: false
12:11:11.831 [FXGL Background Thread 3 ] DEBUG Engine               - isUserProfileEnabled: false
12:11:11.831 [FXGL Background Thread 3 ] DEBUG Engine               - isWindows: true
12:11:11.831 [FXGL Background Thread 3 ] DEBUG Engine               - language: ObjectProperty [value: ENGLISH]
12:11:11.831 [FXGL Background Thread 3 ] DEBUG Engine               - menuKey: ESCAPE
12:11:11.831 [FXGL Background Thread 3 ] DEBUG Engine               - mouseSensitivity: 0.2
12:11:11.831 [FXGL Background Thread 3 ] DEBUG Engine               - notificationViewClass: class com.almasb.fxgl.notification.view.XboxNotificationView
12:11:11.832 [FXGL Background Thread 3 ] DEBUG Engine               - pixelsPerMeter: 50.0
12:11:11.832 [FXGL Background Thread 3 ] DEBUG Engine               - platform: WINDOWS
12:11:11.832 [FXGL Background Thread 3 ] DEBUG Engine               - prefHeightProperty: ReadOnlyDoubleProperty [value: 820.0]
12:11:11.832 [FXGL Background Thread 3 ] DEBUG Engine               - prefWidthProperty: ReadOnlyDoubleProperty [value: 1480.0]
12:11:11.832 [FXGL Background Thread 3 ] DEBUG Engine               - profileDir: profiles/
12:11:11.832 [FXGL Background Thread 3 ] DEBUG Engine               - profileName: StringProperty [value: DEFAULT]
12:11:11.832 [FXGL Background Thread 3 ] DEBUG Engine               - randomSeed: -1
12:11:11.832 [FXGL Background Thread 3 ] DEBUG Engine               - runtimeInfo: RuntimeInfo(platform=WINDOWS, version=17.2, build=20.08.2022 16.50)
12:11:11.832 [FXGL Background Thread 3 ] DEBUG Engine               - saveFileExt: sav
12:11:11.832 [FXGL Background Thread 3 ] DEBUG Engine               - scaledHeightProp$fxgl: DoubleProperty [bound, value: 815.0]
12:11:11.833 [FXGL Background Thread 3 ] DEBUG Engine               - scaledWidthProp$fxgl: DoubleProperty [bound, value: 1447.0]
12:11:11.833 [FXGL Background Thread 3 ] DEBUG Engine               - sceneFactory: com.almasb.fxgl.app.scene.SceneFactory@4c6efe13
12:11:11.833 [FXGL Background Thread 3 ] DEBUG Engine               - secondsIn24h: 60
12:11:11.833 [FXGL Background Thread 3 ] DEBUG Engine               - soundMenuBack: menu/back.wav
12:11:11.833 [FXGL Background Thread 3 ] DEBUG Engine               - soundMenuPress: menu/press.wav
12:11:11.833 [FXGL Background Thread 3 ] DEBUG Engine               - soundMenuSelect: menu/select.wav
12:11:11.833 [FXGL Background Thread 3 ] DEBUG Engine               - soundNotification: core/notification.wav
12:11:11.833 [FXGL Background Thread 3 ] DEBUG Engine               - stageStyle: DECORATED
12:11:11.833 [FXGL Background Thread 3 ] DEBUG Engine               - supportedLanguages: [ENGLISH, FRENCH, GERMAN, HUNGARIAN, RUSSIAN]
12:11:11.833 [FXGL Background Thread 3 ] DEBUG Engine               - ticksPerSecond: -1
12:11:11.833 [FXGL Background Thread 3 ] DEBUG Engine               - title: Untitled
12:11:11.833 [FXGL Background Thread 3 ] DEBUG Engine               - urlGithub: https://github.com/AlmasB/FXGL
12:11:11.833 [FXGL Background Thread 3 ] DEBUG Engine               - urlLeaderboard: http://fxgl-top.herokuapp.com/
12:11:11.833 [FXGL Background Thread 3 ] DEBUG Engine               - urlPOM: https://raw.githubusercontent.com/AlmasB/FXGL/release/README.md
12:11:11.834 [FXGL Background Thread 3 ] DEBUG Engine               - userAppClass: class edu.vanier.animals_revenge.MainApp
12:11:11.834 [FXGL Background Thread 3 ] DEBUG Engine               - version: 0.0
12:11:11.834 [FXGL Background Thread 3 ] DEBUG Engine               - versionCheckDays: 7
12:11:11.834 [FXGL Background Thread 3 ] DEBUG Engine               - width: 1480
12:11:11.834 [FXGL Background Thread 3 ] DEBUG Engine               - Logging services
12:11:11.834 [FXGL Background Thread 3 ] DEBUG Engine               - class com.almasb.fxgl.app.services.FXGLAssetLoaderService
12:11:11.834 [FXGL Background Thread 3 ] DEBUG Engine               - class com.almasb.fxgl.app.FXGLApplication$GameApplicationService
12:11:11.834 [FXGL Background Thread 3 ] DEBUG Engine               - class com.almasb.fxgl.app.services.FXGLDialogService
12:11:11.834 [FXGL Background Thread 3 ] DEBUG Engine               - class com.almasb.fxgl.app.services.IOTaskExecutorService
12:11:11.834 [FXGL Background Thread 3 ] DEBUG Engine               - class com.almasb.fxgl.io.FileSystemService
12:11:11.834 [FXGL Background Thread 3 ] DEBUG Engine               - class com.almasb.fxgl.localization.LocalizationService
12:11:11.834 [FXGL Background Thread 3 ] DEBUG Engine               - class com.almasb.fxgl.app.services.SystemBundleService
12:11:11.834 [FXGL Background Thread 3 ] DEBUG Engine               - class com.almasb.fxgl.profile.SaveLoadService
12:11:11.834 [FXGL Background Thread 3 ] DEBUG Engine               - class com.almasb.fxgl.ui.FXGLUIFactoryServiceProvider
12:11:11.834 [FXGL Background Thread 3 ] DEBUG Engine               - class com.almasb.fxgl.ui.FXGLDialogFactoryServiceProvider
12:11:11.834 [FXGL Background Thread 3 ] DEBUG Engine               - class com.almasb.fxgl.audio.AudioPlayer
12:11:11.834 [FXGL Background Thread 3 ] DEBUG Engine               - class com.almasb.fxgl.notification.impl.NotificationServiceProvider
12:11:11.835 [FXGL Background Thread 3 ] DEBUG Engine               - class com.almasb.fxgl.achievement.AchievementService
12:11:11.835 [FXGL Background Thread 3 ] DEBUG Engine               - class com.almasb.fxgl.cutscene.CutsceneService
12:11:11.835 [FXGL Background Thread 3 ] DEBUG Engine               - class com.almasb.fxgl.minigames.MiniGameService
12:11:11.835 [FXGL Background Thread 3 ] DEBUG Engine               - class com.almasb.fxgl.net.NetService
12:11:11.835 [FXGL Background Thread 3 ] DEBUG Engine               - class com.almasb.fxgl.app.services.UpdaterService
12:11:11.835 [FXGL Background Thread 3 ] DEBUG Engine               - class com.almasb.fxgl.dev.DevService
12:11:12.319 [FXGL Background Thread 4 ] INFO  FXGLApplication      - Game initialization took: 3.195 sec
12:11:12.327 [JavaFX Application Thread] DEBUG Input                - Clearing active input actions
12:11:12.424 [JavaFX Application Thread] DEBUG GameApplicationServi - Removing overlay from FXGLLoadingScene and adding to GameScene
12:11:12.424 [JavaFX Application Thread] DEBUG PrimaryStageWindow   - FXGLLoadingScene -> GameScene
12:11:34.967 [JavaFX Application Thread] DEBUG FXGLAssetLoaderServi - Loading from file system: file:/C:/Users/anton/OneDrive/Documents/GitHub/animals-revenge/build/resources/main/assets/ui/Setting.fxml
12:11:40.336 [JavaFX Application Thread] DEBUG FXGLAssetLoaderServi - Clearing assets cache
12:11:40.342 [JavaFX Application Thread] DEBUG FXGLAssetLoaderServi - Loading from file system: file:/C:/Users/anton/OneDrive/Documents/GitHub/animals-revenge/build/resources/main/assets/music/music1.mp3
12:11:40.370 [JavaFX Application Thread] DEBUG AudioPlayer          - Playing music com.almasb.fxgl.audio.Music@4e8ca6a5
12:11:42.107 [JavaFX Application Thread] DEBUG FXGLAssetLoaderServi - Clearing assets cache
12:11:42.114 [JavaFX Application Thread] DEBUG FXGLAssetLoaderServi - Loading from file system: file:/C:/Users/anton/OneDrive/Documents/GitHub/animals-revenge/build/resources/main/assets/music/music3.mp3
12:11:42.119 [JavaFX Application Thread] DEBUG AudioPlayer          - Playing music com.almasb.fxgl.audio.Music@14fa1038
12:11:44.346 [JavaFX Application Thread] DEBUG FXGLAssetLoaderServi - Clearing assets cache
12:11:44.347 [JavaFX Application Thread] DEBUG FXGLAssetLoaderServi - Loading from file system: file:/C:/Users/anton/OneDrive/Documents/GitHub/animals-revenge/build/resources/main/assets/music/music2.mp3
12:11:44.352 [JavaFX Application Thread] DEBUG AudioPlayer          - Playing music com.almasb.fxgl.audio.Music@65cbd14f
12:11:45.738 [JavaFX Application Thread] DEBUG FXGLAssetLoaderServi - Clearing assets cache
12:11:45.739 [JavaFX Application Thread] DEBUG FXGLAssetLoaderServi - Loading from file system: file:/C:/Users/anton/OneDrive/Documents/GitHub/animals-revenge/build/resources/main/assets/music/music1.mp3
12:11:45.743 [JavaFX Application Thread] DEBUG AudioPlayer          - Playing music com.almasb.fxgl.audio.Music@6193fa1a
12:11:48.482 [JavaFX Application Thread] DEBUG FXGLAssetLoaderServi - Clearing assets cache
12:11:48.484 [JavaFX Application Thread] DEBUG FXGLAssetLoaderServi - Loading from file system: file:/C:/Users/anton/OneDrive/Documents/GitHub/animals-revenge/build/resources/main/assets/music/music2.mp3
12:11:48.488 [JavaFX Application Thread] DEBUG AudioPlayer          - Playing music com.almasb.fxgl.audio.Music@3ce13d05
12:11:51.633 [JavaFX Application Thread] DEBUG FXGLApplication      - Exiting FXGL
12:11:51.634 [JavaFX Application Thread] DEBUG LoopRunner           - Stopping loop
12:11:51.635 [JavaFX Application Thread] DEBUG SystemBundleService  - Saving FXGL system data
12:11:51.642 [JavaFX Application Thread] DEBUG FileSystemAccess     - Writing to: C:\Users\anton\OneDrive\Documents\GitHub\animals-revenge\system\fxgl.bundle
12:11:51.648 [JavaFX Application Thread] DEBUG Async                - Shutting down background threads
12:11:51.649 [JavaFX Application Thread] DEBUG PrimaryStageWindow   - Closing main window
12:11:51.660 [JavaFX Application Thread] DEBUG Logger               - Closing Logger
