09:16:09.278 [main                     ] DEBUG Logger               - Configured Logger
09:16:09.295 [main                     ] DEBUG GameApplication      - Logging settings
Title: Untitled
Version: 0.0
Width: 1480
Height: 820
Fullscreen: false
Intro: false
Profiling: false
Single step:false
App Mode: DEVELOPER
Menu Key: ESCAPE
Stage Style: DECORATED
Scene Factory: class com.almasb.fxgl.app.scene.SceneFactory

09:16:09.827 [JavaFX Application Thread] DEBUG FXGLApplication      - Initializing FXGL
09:16:09.834 [JavaFX Application Thread] INFO  Engine               - FXGL-17.2 (20.08.2022 16.50) on WINDOWS (J:18.0.2.1 FX:20.0.2)
09:16:09.834 [JavaFX Application Thread] DEBUG Engine               - JRE Vendor Name: Oracle Corporation
09:16:09.835 [JavaFX Application Thread] DEBUG Engine               - Running on OS: Windows 11 version 10.0
09:16:09.835 [JavaFX Application Thread] DEBUG Engine               - Architecture: amd64
09:16:09.835 [JavaFX Application Thread] INFO  Engine               - Source code and latest versions at: https://github.com/AlmasB/FXGL
09:16:09.836 [JavaFX Application Thread] INFO  Engine               -       Ask questions and discuss at: https://github.com/AlmasB/FXGL/discussions
09:16:09.836 [JavaFX Application Thread] INFO  Engine               -              Join the FXGL chat at: https://gitter.im/AlmasB/FXGL
09:16:09.971 [JavaFX Application Thread] DEBUG PrimaryStageWindow   - Creating a JavaFX scene
09:16:09.972 [JavaFX Application Thread] DEBUG PrimaryStageWindow   - Target size > screen size
09:16:10.050 [JavaFX Application Thread] DEBUG PrimaryStageWindow   - Target settings size: 1480.0 x 820.0
09:16:10.051 [JavaFX Application Thread] DEBUG PrimaryStageWindow   - Scaled scene size:    1447.0 x 815.0
09:16:10.051 [JavaFX Application Thread] DEBUG PrimaryStageWindow   - Scaled ratio: (0.9777027027027027, 0.9939024390243902)
09:16:10.053 [JavaFX Application Thread] DEBUG PrimaryStageWindow   - Set initial scene to FXGLStartupScene
09:16:10.058 [JavaFX Application Thread] DEBUG PrimaryStageWindow   - Opening main window
09:16:10.228 [JavaFX Application Thread] DEBUG PrimaryStageWindow   - Window border size: (14.5999755859375, 37.79998779296875)
09:16:10.229 [JavaFX Application Thread] DEBUG PrimaryStageWindow   - Scaled size: 1447.0 x 815.0
09:16:10.229 [JavaFX Application Thread] DEBUG PrimaryStageWindow   - Scaled ratio: (0.9777027027027027, 0.9939024390243902)
09:16:10.230 [JavaFX Application Thread] DEBUG PrimaryStageWindow   - Scene size: 1447.0 x 815.0
09:16:10.230 [JavaFX Application Thread] DEBUG PrimaryStageWindow   - Stage size: 1461.5999755859375 x 852.7999877929688
09:16:10.256 [FXGL Background Thread 1 ] DEBUG Engine               - Initializing environment variables
09:16:10.360 [FXGL Background Thread 1 ] DEBUG FXGLAssetLoaderServi - User app class for loading assets: class edu.vanier.animals_revenge.MainApp
09:16:10.361 [FXGL Background Thread 1 ] DEBUG GameApplicationServi - Applying CSS: fxgl_dark.css
09:16:10.363 [FXGL Background Thread 1 ] DEBUG FXGLAssetLoaderServi - Loading from file system: jar:file:/C:/Users/anton/.gradle/caches/modules-2/files-2.1/com.github.almasb/fxgl/17.2/35db6ae960eec2dcfd19262d3b7f9c42f0e95bc3/fxgl-17.2.jar!/fxglassets/ui/css/fxgl_dark.css
09:16:10.442 [FXGL Background Thread 1 ] DEBUG GameApplicationServi - Initializing application scenes
09:16:10.555 [FXGL Background Thread 1 ] DEBUG GameWorld            - Game world initialized
09:16:10.626 [FXGL Background Thread 1 ] DEBUG PhysicsWorld         - Physics world initialized: appHeight=820, physics.ppm=50.0
09:16:10.626 [FXGL Background Thread 1 ] DEBUG PhysicsWorld         - Using strategy: BRUTE_FORCE
09:16:10.633 [FXGL Background Thread 1 ] DEBUG GameScene            - Game scene initialized: 1480x820
09:16:10.633 [FXGL Background Thread 1 ] DEBUG GameApplicationServi - Application scenes initialized
09:16:10.651 [FXGL Background Thread 1 ] DEBUG SystemBundleService  - Loading FXGL system data
09:16:10.658 [FXGL Background Thread 1 ] DEBUG FileSystemAccess     - Reading from: C:\Users\anton\OneDrive\Documents\GitHub\animals-revenge\system\fxgl.bundle
09:16:10.674 [FXGL Background Thread 1 ] DEBUG SystemBundleService  - Bundle FXGL: {}
09:16:10.674 [FXGL Background Thread 1 ] DEBUG UpdaterService       - Checking for updates
09:16:10.683 [FXGL Background Thread 4 ] DEBUG FXGLApplication      - Loading fonts
09:16:10.683 [FXGL Background Thread 1 ] DEBUG FXGLApplication      - Loading default localization
09:16:10.684 [FXGL Background Thread 4 ] DEBUG FXGLAssetLoaderServi - Loading from file system: jar:file:/C:/Users/anton/.gradle/caches/modules-2/files-2.1/com.github.almasb/fxgl/17.2/35db6ae960eec2dcfd19262d3b7f9c42f0e95bc3/fxgl-17.2.jar!/fxglassets/ui/fonts/VarelaRound-Regular.ttf
09:16:10.684 [FXGL Background Thread 1 ] DEBUG FXGLAssetLoaderServi - Loading from file system: jar:file:/C:/Users/anton/.gradle/caches/modules-2/files-2.1/com.github.almasb/fxgl/17.2/35db6ae960eec2dcfd19262d3b7f9c42f0e95bc3/fxgl-17.2.jar!/fxglassets/languages/english.lang
09:16:10.723 [FXGL Background Thread 1 ] INFO  FXGLApplication      - FXGL initialization took: 0.467 sec
09:16:10.726 [JavaFX Application Thread] DEBUG Input                - Registered new binding: Launch - RMB
09:16:10.727 [JavaFX Application Thread] DEBUG Input                - Registered new binding: Create - LMB
09:16:10.727 [JavaFX Application Thread] DEBUG Input                - Registered new binding: Drag - CTRL+LMB
09:16:10.728 [JavaFX Application Thread] DEBUG FXGLAssetLoaderServi - Loading from file system: jar:file:/C:/Users/anton/.gradle/caches/modules-2/files-2.1/com.github.almasb/fxgl/17.2/35db6ae960eec2dcfd19262d3b7f9c42f0e95bc3/fxgl-17.2.jar!/fxglassets/textures/fxgl_icon.png
09:16:10.808 [JavaFX Application Thread] DEBUG FXGLAssetLoaderServi - Loading from file system: jar:file:/C:/Users/anton/.gradle/caches/modules-2/files-2.1/com.github.almasb/fxgl/17.2/35db6ae960eec2dcfd19262d3b7f9c42f0e95bc3/fxgl-17.2.jar!/fxglassets/textures/fxgl_default_cursor.png
09:16:10.819 [FXGL Background Thread 4 ] DEBUG FXGLAssetLoaderServi - Loading from file system: jar:file:/C:/Users/anton/.gradle/caches/modules-2/files-2.1/com.github.almasb/fxgl/17.2/35db6ae960eec2dcfd19262d3b7f9c42f0e95bc3/fxgl-17.2.jar!/fxglassets/ui/fonts/Abel-Regular.ttf
09:16:10.826 [JavaFX Application Thread] DEBUG Input                - Registered new binding: Screenshot - CTRL+8
09:16:10.827 [JavaFX Application Thread] DEBUG Input                - Registered new binding: System info dump - CTRL+9
09:16:10.828 [JavaFX Application Thread] DEBUG Input                - Registered new binding: Restart - CTRL+R
09:16:10.830 [JavaFX Application Thread] DEBUG Input                - Registered new binding: Toggle Debug Camera - CTRL+7
09:16:10.834 [JavaFX Application Thread] DEBUG LoopRunner           - Starting loop
09:16:10.834 [JavaFX Application Thread] DEBUG LoopRunner           - Initializing JavaFX AnimationTimerLoop
09:16:10.835 [FXGL Background Thread 4 ] DEBUG FXGLAssetLoaderServi - Loading from file system: jar:file:/C:/Users/anton/.gradle/caches/modules-2/files-2.1/com.github.almasb/fxgl/17.2/35db6ae960eec2dcfd19262d3b7f9c42f0e95bc3/fxgl-17.2.jar!/fxglassets/ui/fonts/TerminalLandMono-Regular.otf
09:16:10.836 [JavaFX Application Thread] DEBUG GameApplicationServi - Starting new game
09:16:10.837 [JavaFX Application Thread] DEBUG Input                - Clearing active input actions
09:16:10.849 [FXGL Background Thread 4 ] DEBUG FXGLAssetLoaderServi - Loading from file system: jar:file:/C:/Users/anton/.gradle/caches/modules-2/files-2.1/com.github.almasb/fxgl/17.2/35db6ae960eec2dcfd19262d3b7f9c42f0e95bc3/fxgl-17.2.jar!/fxglassets/ui/fonts/Courier-Prime.ttf
09:16:10.853 [JavaFX Application Thread] DEBUG GameApplicationServi - Removing overlay from FXGLStartupScene and adding to FXGLLoadingScene
09:16:10.853 [JavaFX Application Thread] DEBUG PrimaryStageWindow   - FXGLStartupScene -> FXGLLoadingScene
09:16:10.854 [JavaFX Application Thread] DEBUG GameApplicationServi - Clearing previous game
09:16:10.854 [JavaFX Application Thread] DEBUG GameScene            - Clearing game scene
09:16:10.854 [JavaFX Application Thread] DEBUG GameWorld            - Clearing game world
09:16:10.854 [JavaFX Application Thread] DEBUG PhysicsWorld         - Clearing physics world
09:16:10.857 [FXGL Background Thread 1 ] DEBUG FXGLApplication      - Initializing game
09:16:10.973 [JavaFX Application Thread] DEBUG FXGLApplication      - Registering font factories with UI factory
09:16:11.015 [FXGL Background Thread 1 ] DEBUG FXGLAssetLoaderServi - Loading from file system: file:/C:/Users/anton/OneDrive/Documents/GitHub/animals-revenge/build/resources/main/assets/sounds/brick_hit.wav
09:16:11.138 [FXGL Background Thread 1 ] DEBUG FXGLAssetLoaderServi - Loading from file system: file:/C:/Users/anton/OneDrive/Documents/GitHub/animals-revenge/build/resources/main/assets/music/music1.mp3
09:16:11.577 [FXGL Background Thread 1 ] DEBUG FXGLAssetLoaderServi - Loading from file system: file:/C:/Users/anton/OneDrive/Documents/GitHub/animals-revenge/build/resources/main/assets/ui/Home.fxml
09:16:11.669 [JavaFX Application Thread] DEBUG LoopRunner           - Pausing loop
09:16:11.916 [FXGL Background Thread 2 ] INFO  UpdaterService       - Your current version:  17.2
09:16:11.916 [FXGL Background Thread 2 ] INFO  UpdaterService       - Latest stable version: 17.3
09:16:12.691 [FXGL Background Thread 1 ] INFO  FXGLApplication      - Game initialization took: 1.833 sec
09:16:12.692 [JavaFX Application Thread] DEBUG Input                - Clearing active input actions
09:16:12.719 [JavaFX Application Thread] DEBUG GameApplicationServi - Removing overlay from FXGLLoadingScene and adding to GameScene
09:16:12.720 [JavaFX Application Thread] DEBUG PrimaryStageWindow   - FXGLLoadingScene -> GameScene
09:16:13.682 [FXGL Background Thread 3 ] DEBUG Engine               - Logging environment variables
09:16:13.683 [FXGL Background Thread 3 ] DEBUG Engine               - achievements: []
09:16:13.683 [FXGL Background Thread 3 ] DEBUG Engine               - actualHeight: 815.0
09:16:13.684 [FXGL Background Thread 3 ] DEBUG Engine               - actualHeightProperty: ReadOnlyDoubleProperty [value: 815.0]
09:16:13.684 [FXGL Background Thread 3 ] DEBUG Engine               - actualWidth: 1447.0
09:16:13.684 [FXGL Background Thread 3 ] DEBUG Engine               - actualWidthProperty: ReadOnlyDoubleProperty [value: 1447.0]
09:16:13.684 [FXGL Background Thread 3 ] DEBUG Engine               - appIcon: fxgl_icon.png
09:16:13.684 [FXGL Background Thread 3 ] DEBUG Engine               - applicationMode: DEVELOPER
09:16:13.684 [FXGL Background Thread 3 ] DEBUG Engine               - cSSList: [fxgl_dark.css]
09:16:13.684 [FXGL Background Thread 3 ] DEBUG Engine               - collisionDetectionStrategy: BRUTE_FORCE
09:16:13.684 [FXGL Background Thread 3 ] DEBUG Engine               - configClass: Optional.empty
09:16:13.684 [FXGL Background Thread 3 ] DEBUG Engine               - credits: []
09:16:13.688 [FXGL Background Thread 3 ] DEBUG Engine               - defaultCursor: CursorInfo(imageName=fxgl_default_cursor.png, hotspotX=7.0, hotspotY=6.0)
09:16:13.688 [FXGL Background Thread 3 ] DEBUG Engine               - devBBoxColorProperty: ObjectProperty [value: 0xff0000ff]
09:16:13.689 [FXGL Background Thread 3 ] DEBUG Engine               - devEnableDebugCameraProperty: BooleanProperty [value: false]
09:16:13.689 [FXGL Background Thread 3 ] DEBUG Engine               - devSensorColorProperty: ObjectProperty [value: 0xffff00ff]
09:16:13.689 [FXGL Background Thread 3 ] DEBUG Engine               - devShowBBoxProperty: BooleanProperty [value: false]
09:16:13.689 [FXGL Background Thread 3 ] DEBUG Engine               - devShowPositionProperty: BooleanProperty [value: false]
09:16:13.689 [FXGL Background Thread 3 ] DEBUG Engine               - enabledMenuItems: []
09:16:13.689 [FXGL Background Thread 3 ] DEBUG Engine               - engineServices: [class com.almasb.fxgl.app.services.FXGLAssetLoaderService, class com.almasb.fxgl.app.FXGLApplication$GameApplicationService, class com.almasb.fxgl.app.services.FXGLDialogService, class com.almasb.fxgl.app.services.IOTaskExecutorService, class com.almasb.fxgl.io.FileSystemService, class com.almasb.fxgl.localization.LocalizationService, class com.almasb.fxgl.app.services.SystemBundleService, class com.almasb.fxgl.profile.SaveLoadService, class com.almasb.fxgl.ui.FXGLUIFactoryServiceProvider, class com.almasb.fxgl.ui.FXGLDialogFactoryServiceProvider, class com.almasb.fxgl.audio.AudioPlayer, class com.almasb.fxgl.notification.impl.NotificationServiceProvider, class com.almasb.fxgl.achievement.AchievementService, class com.almasb.fxgl.cutscene.CutsceneService, class com.almasb.fxgl.minigames.MiniGameService, class com.almasb.fxgl.net.NetService, class com.almasb.fxgl.app.services.UpdaterService, class com.almasb.fxgl.dev.DevService]
09:16:13.689 [FXGL Background Thread 3 ] DEBUG Engine               - fontGame: Abel-Regular.ttf
09:16:13.689 [FXGL Background Thread 3 ] DEBUG Engine               - fontMono: TerminalLandMono-Regular.otf
09:16:13.689 [FXGL Background Thread 3 ] DEBUG Engine               - fontText: Courier-Prime.ttf
09:16:13.689 [FXGL Background Thread 3 ] DEBUG Engine               - fontUI: VarelaRound-Regular.ttf
09:16:13.690 [FXGL Background Thread 3 ] DEBUG Engine               - fullScreen: BooleanProperty [value: false]
09:16:13.690 [FXGL Background Thread 3 ] DEBUG Engine               - gameDifficulty: MEDIUM
09:16:13.690 [FXGL Background Thread 3 ] DEBUG Engine               - gameDifficultyProperty: ObjectProperty [value: MEDIUM]
09:16:13.690 [FXGL Background Thread 3 ] DEBUG Engine               - globalMusicVolume: 0.5
09:16:13.690 [FXGL Background Thread 3 ] DEBUG Engine               - globalMusicVolumeProperty: DoubleProperty [value: 0.0]
09:16:13.690 [FXGL Background Thread 3 ] DEBUG Engine               - globalSoundVolume: 0.5
09:16:13.690 [FXGL Background Thread 3 ] DEBUG Engine               - globalSoundVolumeProperty: DoubleProperty [value: 0.0]
09:16:13.691 [FXGL Background Thread 3 ] DEBUG Engine               - height: 820
09:16:13.691 [FXGL Background Thread 3 ] DEBUG Engine               - is3D: false
09:16:13.691 [FXGL Background Thread 3 ] DEBUG Engine               - isAndroid: false
09:16:13.691 [FXGL Background Thread 3 ] DEBUG Engine               - isBrowser: false
09:16:13.691 [FXGL Background Thread 3 ] DEBUG Engine               - isClickFeedbackEnabled: false
09:16:13.691 [FXGL Background Thread 3 ] DEBUG Engine               - isCloseConfirmation: false
09:16:13.691 [FXGL Background Thread 3 ] DEBUG Engine               - isDesktop: true
09:16:13.691 [FXGL Background Thread 3 ] DEBUG Engine               - isDeveloperMenuEnabled: false
09:16:13.691 [FXGL Background Thread 3 ] DEBUG Engine               - isEmbedded: false
09:16:13.692 [FXGL Background Thread 3 ] DEBUG Engine               - isEntityPreloadEnabled: true
09:16:13.692 [FXGL Background Thread 3 ] DEBUG Engine               - isExperimentalTiledLargeMap: false
09:16:13.692 [FXGL Background Thread 3 ] DEBUG Engine               - isFileSystemWriteAllowed: true
09:16:13.692 [FXGL Background Thread 3 ] DEBUG Engine               - isFullScreenAllowed: false
09:16:13.692 [FXGL Background Thread 3 ] DEBUG Engine               - isFullScreenFromStart: false
09:16:13.692 [FXGL Background Thread 3 ] DEBUG Engine               - isGameMenuEnabled: false
09:16:13.692 [FXGL Background Thread 3 ] DEBUG Engine               - isIOS: false
09:16:13.692 [FXGL Background Thread 3 ] DEBUG Engine               - isIntroEnabled: false
09:16:13.692 [FXGL Background Thread 3 ] DEBUG Engine               - isLinux: false
09:16:13.692 [FXGL Background Thread 3 ] DEBUG Engine               - isMac: false
09:16:13.692 [FXGL Background Thread 3 ] DEBUG Engine               - isMainMenuEnabled: false
09:16:13.692 [FXGL Background Thread 3 ] DEBUG Engine               - isManualResizeEnabled: false
09:16:13.693 [FXGL Background Thread 3 ] DEBUG Engine               - isMobile: false
09:16:13.693 [FXGL Background Thread 3 ] DEBUG Engine               - isNative: false
09:16:13.693 [FXGL Background Thread 3 ] DEBUG Engine               - isPauseMusicWhenMinimized: true
09:16:13.693 [FXGL Background Thread 3 ] DEBUG Engine               - isPreserveResizeRatio: false
09:16:13.693 [FXGL Background Thread 3 ] DEBUG Engine               - isProfilingEnabled: false
09:16:13.693 [FXGL Background Thread 3 ] DEBUG Engine               - isScaleAffectedOnResize: true
09:16:13.693 [FXGL Background Thread 3 ] DEBUG Engine               - isSingleStep: false
09:16:13.693 [FXGL Background Thread 3 ] DEBUG Engine               - isUserProfileEnabled: false
09:16:13.693 [FXGL Background Thread 3 ] DEBUG Engine               - isWindows: true
09:16:13.693 [FXGL Background Thread 3 ] DEBUG Engine               - language: ObjectProperty [value: ENGLISH]
09:16:13.693 [FXGL Background Thread 3 ] DEBUG Engine               - menuKey: ESCAPE
09:16:13.693 [FXGL Background Thread 3 ] DEBUG Engine               - mouseSensitivity: 0.2
09:16:13.693 [FXGL Background Thread 3 ] DEBUG Engine               - notificationViewClass: class com.almasb.fxgl.notification.view.XboxNotificationView
09:16:13.693 [FXGL Background Thread 3 ] DEBUG Engine               - pixelsPerMeter: 50.0
09:16:13.693 [FXGL Background Thread 3 ] DEBUG Engine               - platform: WINDOWS
09:16:13.694 [FXGL Background Thread 3 ] DEBUG Engine               - prefHeightProperty: ReadOnlyDoubleProperty [value: 820.0]
09:16:13.694 [FXGL Background Thread 3 ] DEBUG Engine               - prefWidthProperty: ReadOnlyDoubleProperty [value: 1480.0]
09:16:13.694 [FXGL Background Thread 3 ] DEBUG Engine               - profileDir: profiles/
09:16:13.694 [FXGL Background Thread 3 ] DEBUG Engine               - profileName: StringProperty [value: DEFAULT]
09:16:13.694 [FXGL Background Thread 3 ] DEBUG Engine               - randomSeed: -1
09:16:13.694 [FXGL Background Thread 3 ] DEBUG Engine               - runtimeInfo: RuntimeInfo(platform=WINDOWS, version=17.2, build=20.08.2022 16.50)
09:16:13.694 [FXGL Background Thread 3 ] DEBUG Engine               - saveFileExt: sav
09:16:13.694 [FXGL Background Thread 3 ] DEBUG Engine               - scaledHeightProp$fxgl: DoubleProperty [bound, value: 815.0]
09:16:13.694 [FXGL Background Thread 3 ] DEBUG Engine               - scaledWidthProp$fxgl: DoubleProperty [bound, value: 1447.0]
09:16:13.694 [FXGL Background Thread 3 ] DEBUG Engine               - sceneFactory: com.almasb.fxgl.app.scene.SceneFactory@78bee4bb
09:16:13.694 [FXGL Background Thread 3 ] DEBUG Engine               - secondsIn24h: 60
09:16:13.694 [FXGL Background Thread 3 ] DEBUG Engine               - soundMenuBack: menu/back.wav
09:16:13.694 [FXGL Background Thread 3 ] DEBUG Engine               - soundMenuPress: menu/press.wav
09:16:13.694 [FXGL Background Thread 3 ] DEBUG Engine               - soundMenuSelect: menu/select.wav
09:16:13.695 [FXGL Background Thread 3 ] DEBUG Engine               - soundNotification: core/notification.wav
09:16:13.695 [FXGL Background Thread 3 ] DEBUG Engine               - stageStyle: DECORATED
09:16:13.695 [FXGL Background Thread 3 ] DEBUG Engine               - supportedLanguages: [ENGLISH, FRENCH, GERMAN, HUNGARIAN, RUSSIAN]
09:16:13.695 [FXGL Background Thread 3 ] DEBUG Engine               - ticksPerSecond: -1
09:16:13.695 [FXGL Background Thread 3 ] DEBUG Engine               - title: Untitled
09:16:13.695 [FXGL Background Thread 3 ] DEBUG Engine               - urlGithub: https://github.com/AlmasB/FXGL
09:16:13.695 [FXGL Background Thread 3 ] DEBUG Engine               - urlLeaderboard: http://fxgl-top.herokuapp.com/
09:16:13.695 [FXGL Background Thread 3 ] DEBUG Engine               - urlPOM: https://raw.githubusercontent.com/AlmasB/FXGL/release/README.md
09:16:13.695 [FXGL Background Thread 3 ] DEBUG Engine               - userAppClass: class edu.vanier.animals_revenge.MainApp
09:16:13.695 [FXGL Background Thread 3 ] DEBUG Engine               - version: 0.0
09:16:13.695 [FXGL Background Thread 3 ] DEBUG Engine               - versionCheckDays: 7
09:16:13.695 [FXGL Background Thread 3 ] DEBUG Engine               - width: 1480
09:16:13.696 [FXGL Background Thread 3 ] DEBUG Engine               - Logging services
09:16:13.696 [FXGL Background Thread 3 ] DEBUG Engine               - class com.almasb.fxgl.app.services.FXGLAssetLoaderService
09:16:13.696 [FXGL Background Thread 3 ] DEBUG Engine               - class com.almasb.fxgl.app.FXGLApplication$GameApplicationService
09:16:13.696 [FXGL Background Thread 3 ] DEBUG Engine               - class com.almasb.fxgl.app.services.FXGLDialogService
09:16:13.696 [FXGL Background Thread 3 ] DEBUG Engine               - class com.almasb.fxgl.app.services.IOTaskExecutorService
09:16:13.696 [FXGL Background Thread 3 ] DEBUG Engine               - class com.almasb.fxgl.io.FileSystemService
09:16:13.696 [FXGL Background Thread 3 ] DEBUG Engine               - class com.almasb.fxgl.localization.LocalizationService
09:16:13.696 [FXGL Background Thread 3 ] DEBUG Engine               - class com.almasb.fxgl.app.services.SystemBundleService
09:16:13.696 [FXGL Background Thread 3 ] DEBUG Engine               - class com.almasb.fxgl.profile.SaveLoadService
09:16:13.696 [FXGL Background Thread 3 ] DEBUG Engine               - class com.almasb.fxgl.ui.FXGLUIFactoryServiceProvider
09:16:13.696 [FXGL Background Thread 3 ] DEBUG Engine               - class com.almasb.fxgl.ui.FXGLDialogFactoryServiceProvider
09:16:13.696 [FXGL Background Thread 3 ] DEBUG Engine               - class com.almasb.fxgl.audio.AudioPlayer
09:16:13.696 [FXGL Background Thread 3 ] DEBUG Engine               - class com.almasb.fxgl.notification.impl.NotificationServiceProvider
09:16:13.696 [FXGL Background Thread 3 ] DEBUG Engine               - class com.almasb.fxgl.achievement.AchievementService
09:16:13.696 [FXGL Background Thread 3 ] DEBUG Engine               - class com.almasb.fxgl.cutscene.CutsceneService
09:16:13.697 [FXGL Background Thread 3 ] DEBUG Engine               - class com.almasb.fxgl.minigames.MiniGameService
09:16:13.697 [FXGL Background Thread 3 ] DEBUG Engine               - class com.almasb.fxgl.net.NetService
09:16:13.697 [FXGL Background Thread 3 ] DEBUG Engine               - class com.almasb.fxgl.app.services.UpdaterService
09:16:13.697 [FXGL Background Thread 3 ] DEBUG Engine               - class com.almasb.fxgl.dev.DevService
09:16:20.878 [JavaFX Application Thread] DEBUG LoopRunner           - Resuming loop
09:16:22.630 [JavaFX Application Thread] DEBUG FXGLAssetLoaderServi - Loading from file system: file:/C:/Users/anton/OneDrive/Documents/GitHub/animals-revenge/build/resources/main/assets/ui/Setting.fxml
09:16:24.337 [JavaFX Application Thread] DEBUG FXGLAssetLoaderServi - Loading from file system: file:/C:/Users/anton/OneDrive/Documents/GitHub/animals-revenge/build/resources/main/assets/ui/Home.fxml
09:16:25.551 [JavaFX Application Thread] DEBUG FXGLAssetLoaderServi - Loading from file system: file:/C:/Users/anton/OneDrive/Documents/GitHub/animals-revenge/build/resources/main/assets/ui/Simulator.fxml
09:16:25.624 [JavaFX Application Thread] WARN  FXGLAssetLoaderServi - Failed to load file:/C:/Users/anton/OneDrive/Documents/GitHub/animals-revenge/build/resources/main/assets/ui/Simulator.fxml
javafx.fxml.LoadException: Error resolving onAction='#openParameters', either the event handler is not in the Namespace or there is an error in the script.
unknown path:47

	at javafx.fxml@20.0.2/javafx.fxml.FXMLLoader.constructLoadException(FXMLLoader.java:2718)
	at javafx.fxml@20.0.2/javafx.fxml.FXMLLoader$Element.processEventHandlerAttributes(FXMLLoader.java:623)
	at javafx.fxml@20.0.2/javafx.fxml.FXMLLoader$ValueElement.processEndElement(FXMLLoader.java:783)
	at javafx.fxml@20.0.2/javafx.fxml.FXMLLoader.processEndElement(FXMLLoader.java:2969)
	at javafx.fxml@20.0.2/javafx.fxml.FXMLLoader.loadImpl(FXMLLoader.java:2654)
	at javafx.fxml@20.0.2/javafx.fxml.FXMLLoader.load(FXMLLoader.java:2547)
	at com.almasb.fxgl.app.services.UIAssetLoader.load(FXGLAssetLoaderService.kt:767)
	at com.almasb.fxgl.app.services.UIAssetLoader.load(FXGLAssetLoaderService.kt:757)
	at com.almasb.fxgl.app.services.FXGLAssetLoaderService.load(FXGLAssetLoaderService.kt:530)
	at com.almasb.fxgl.app.services.FXGLAssetLoaderService.loadUI(FXGLAssetLoaderService.kt:460)
	at edu.vanier.animals_revenge.MainApp.loadFXML(MainApp.java:238)
	at edu.vanier.animals_revenge.controllers.HomeController.switchScenes(HomeController.java:51)
	at java.base/jdk.internal.reflect.DirectMethodHandleAccessor.invoke(DirectMethodHandleAccessor.java:104)
	at java.base/java.lang.reflect.Method.invoke(Method.java:577)
	at com.sun.javafx.reflect.Trampoline.invoke(MethodUtil.java:72)
	at java.base/jdk.internal.reflect.DirectMethodHandleAccessor.invoke(DirectMethodHandleAccessor.java:104)
	at java.base/java.lang.reflect.Method.invoke(Method.java:577)
	at javafx.base@20.0.2/com.sun.javafx.reflect.MethodUtil.invoke(MethodUtil.java:270)
	at javafx.fxml@20.0.2/com.sun.javafx.fxml.MethodHelper.invoke(MethodHelper.java:84)
	at javafx.fxml@20.0.2/javafx.fxml.FXMLLoader$MethodHandler.invoke(FXMLLoader.java:1853)
	at javafx.fxml@20.0.2/javafx.fxml.FXMLLoader$ControllerMethodEventHandler.handle(FXMLLoader.java:1726)
	at javafx.base@20.0.2/com.sun.javafx.event.CompositeEventHandler.dispatchBubblingEvent(CompositeEventHandler.java:86)
	at javafx.base@20.0.2/com.sun.javafx.event.EventHandlerManager.dispatchBubblingEvent(EventHandlerManager.java:232)
	at javafx.base@20.0.2/com.sun.javafx.event.EventHandlerManager.dispatchBubblingEvent(EventHandlerManager.java:189)
	at javafx.base@20.0.2/com.sun.javafx.event.CompositeEventDispatcher.dispatchBubblingEvent(CompositeEventDispatcher.java:59)
	at javafx.base@20.0.2/com.sun.javafx.event.BasicEventDispatcher.dispatchEvent(BasicEventDispatcher.java:58)
	at javafx.base@20.0.2/com.sun.javafx.event.EventDispatchChainImpl.dispatchEvent(EventDispatchChainImpl.java:114)
	at javafx.base@20.0.2/com.sun.javafx.event.BasicEventDispatcher.dispatchEvent(BasicEventDispatcher.java:56)
	at javafx.base@20.0.2/com.sun.javafx.event.EventDispatchChainImpl.dispatchEvent(EventDispatchChainImpl.java:114)
	at javafx.base@20.0.2/com.sun.javafx.event.BasicEventDispatcher.dispatchEvent(BasicEventDispatcher.java:56)
	at javafx.base@20.0.2/com.sun.javafx.event.EventDispatchChainImpl.dispatchEvent(EventDispatchChainImpl.java:114)
	at javafx.base@20.0.2/com.sun.javafx.event.EventUtil.fireEventImpl(EventUtil.java:74)
	at javafx.base@20.0.2/com.sun.javafx.event.EventUtil.fireEvent(EventUtil.java:49)
	at javafx.base@20.0.2/javafx.event.Event.fireEvent(Event.java:198)
	at javafx.graphics@20.0.2/javafx.scene.Node.fireEvent(Node.java:8944)
	at javafx.controls@20.0.2/javafx.scene.control.Button.fire(Button.java:203)
	at javafx.controls@20.0.2/com.sun.javafx.scene.control.behavior.ButtonBehavior.mouseReleased(ButtonBehavior.java:207)
	at javafx.controls@20.0.2/com.sun.javafx.scene.control.inputmap.InputMap.handle(InputMap.java:274)
	at javafx.base@20.0.2/com.sun.javafx.event.CompositeEventHandler$NormalEventHandlerRecord.handleBubblingEvent(CompositeEventHandler.java:247)
	at javafx.base@20.0.2/com.sun.javafx.event.CompositeEventHandler.dispatchBubblingEvent(CompositeEventHandler.java:80)
	at javafx.base@20.0.2/com.sun.javafx.event.EventHandlerManager.dispatchBubblingEvent(EventHandlerManager.java:232)
	at javafx.base@20.0.2/com.sun.javafx.event.EventHandlerManager.dispatchBubblingEvent(EventHandlerManager.java:189)
	at javafx.base@20.0.2/com.sun.javafx.event.CompositeEventDispatcher.dispatchBubblingEvent(CompositeEventDispatcher.java:59)
	at javafx.base@20.0.2/com.sun.javafx.event.BasicEventDispatcher.dispatchEvent(BasicEventDispatcher.java:58)
	at javafx.base@20.0.2/com.sun.javafx.event.EventDispatchChainImpl.dispatchEvent(EventDispatchChainImpl.java:114)
	at javafx.base@20.0.2/com.sun.javafx.event.BasicEventDispatcher.dispatchEvent(BasicEventDispatcher.java:56)
	at javafx.base@20.0.2/com.sun.javafx.event.EventDispatchChainImpl.dispatchEvent(EventDispatchChainImpl.java:114)
	at javafx.base@20.0.2/com.sun.javafx.event.BasicEventDispatcher.dispatchEvent(BasicEventDispatcher.java:56)
	at javafx.base@20.0.2/com.sun.javafx.event.EventDispatchChainImpl.dispatchEvent(EventDispatchChainImpl.java:114)
	at javafx.base@20.0.2/com.sun.javafx.event.EventUtil.fireEventImpl(EventUtil.java:74)
	at javafx.base@20.0.2/com.sun.javafx.event.EventUtil.fireEvent(EventUtil.java:54)
	at javafx.base@20.0.2/javafx.event.Event.fireEvent(Event.java:198)
	at javafx.graphics@20.0.2/javafx.scene.Scene$MouseHandler.process(Scene.java:3980)
	at javafx.graphics@20.0.2/javafx.scene.Scene.processMouseEvent(Scene.java:1890)
	at javafx.graphics@20.0.2/javafx.scene.Scene$ScenePeerListener.mouseEvent(Scene.java:2704)
	at javafx.graphics@20.0.2/com.sun.javafx.tk.quantum.GlassViewEventHandler$MouseEventNotification.run(GlassViewEventHandler.java:411)
	at javafx.graphics@20.0.2/com.sun.javafx.tk.quantum.GlassViewEventHandler$MouseEventNotification.run(GlassViewEventHandler.java:301)
	at java.base/java.security.AccessController.doPrivileged(AccessController.java:399)
	at javafx.graphics@20.0.2/com.sun.javafx.tk.quantum.GlassViewEventHandler.lambda$handleMouseEvent$2(GlassViewEventHandler.java:450)
	at javafx.graphics@20.0.2/com.sun.javafx.tk.quantum.QuantumToolkit.runWithoutRenderLock(QuantumToolkit.java:424)
	at javafx.graphics@20.0.2/com.sun.javafx.tk.quantum.GlassViewEventHandler.handleMouseEvent(GlassViewEventHandler.java:449)
	at javafx.graphics@20.0.2/com.sun.glass.ui.View.handleMouseEvent(View.java:551)
	at javafx.graphics@20.0.2/com.sun.glass.ui.View.notifyMouse(View.java:937)
	at javafx.graphics@20.0.2/com.sun.glass.ui.win.WinApplication._runLoop(Native Method)
	at javafx.graphics@20.0.2/com.sun.glass.ui.win.WinApplication.lambda$runLoop$3(WinApplication.java:185)
	at java.base/java.lang.Thread.run(Thread.java:833)

09:16:36.047 [JavaFX Application Thread] DEBUG FXGLApplication      - Exiting FXGL
09:16:36.047 [JavaFX Application Thread] DEBUG LoopRunner           - Stopping loop
09:16:36.047 [JavaFX Application Thread] DEBUG SystemBundleService  - Saving FXGL system data
09:16:36.055 [JavaFX Application Thread] DEBUG FileSystemAccess     - Writing to: C:\Users\anton\OneDrive\Documents\GitHub\animals-revenge\system\fxgl.bundle
09:16:36.061 [JavaFX Application Thread] DEBUG Async                - Shutting down background threads
09:16:36.062 [JavaFX Application Thread] DEBUG PrimaryStageWindow   - Closing main window
09:16:36.077 [JavaFX Application Thread] DEBUG Logger               - Closing Logger
