20:13:57.198 [main                     ] DEBUG Logger               - Configured Logger
20:13:57.206 [main                     ] DEBUG GameApplication      - Logging settings
Title: Untitled
Version: 0.0
Width: 1480
Height: 820
Fullscreen: false
Intro: false
Profiling: false
Single step:false
App Mode: DEVELOPER
Menu Key: ESCAPE
Stage Style: DECORATED
Scene Factory: class com.almasb.fxgl.app.scene.SceneFactory

20:13:57.418 [JavaFX Application Thread] DEBUG FXGLApplication      - Initializing FXGL
20:13:57.421 [JavaFX Application Thread] INFO  Engine               - FXGL-17.2 (20.08.2022 16.50) on WINDOWS (J:18.0.2.1 FX:20.0.2)
20:13:57.421 [JavaFX Application Thread] DEBUG Engine               - JRE Vendor Name: Oracle Corporation
20:13:57.421 [JavaFX Application Thread] DEBUG Engine               - Running on OS: Windows 11 version 10.0
20:13:57.421 [JavaFX Application Thread] DEBUG Engine               - Architecture: amd64
20:13:57.421 [JavaFX Application Thread] INFO  Engine               - Source code and latest versions at: https://github.com/AlmasB/FXGL
20:13:57.421 [JavaFX Application Thread] INFO  Engine               -       Ask questions and discuss at: https://github.com/AlmasB/FXGL/discussions
20:13:57.421 [JavaFX Application Thread] INFO  Engine               -              Join the FXGL chat at: https://gitter.im/AlmasB/FXGL
20:13:57.481 [JavaFX Application Thread] DEBUG PrimaryStageWindow   - Creating a JavaFX scene
20:13:57.510 [JavaFX Application Thread] DEBUG PrimaryStageWindow   - Target settings size: 1480.0 x 820.0
20:13:57.510 [JavaFX Application Thread] DEBUG PrimaryStageWindow   - Scaled scene size:    1480.0 x 820.0
20:13:57.510 [JavaFX Application Thread] DEBUG PrimaryStageWindow   - Scaled ratio: (1.0, 1.0)
20:13:57.510 [JavaFX Application Thread] DEBUG PrimaryStageWindow   - Set initial scene to FXGLStartupScene
20:13:57.513 [JavaFX Application Thread] DEBUG PrimaryStageWindow   - Opening main window
20:13:57.567 [JavaFX Application Thread] DEBUG PrimaryStageWindow   - Window border size: (16.0, 39.0)
20:13:57.568 [JavaFX Application Thread] DEBUG PrimaryStageWindow   - Scaled size: 1480.0 x 820.0
20:13:57.568 [JavaFX Application Thread] DEBUG PrimaryStageWindow   - Scaled ratio: (1.0, 1.0)
20:13:57.568 [JavaFX Application Thread] DEBUG PrimaryStageWindow   - Scene size: 1480.0 x 820.0
20:13:57.568 [JavaFX Application Thread] DEBUG PrimaryStageWindow   - Stage size: 1496.0 x 859.0
20:13:57.572 [FXGL Background Thread 1 ] DEBUG Engine               - Initializing environment variables
20:13:57.598 [FXGL Background Thread 1 ] DEBUG FXGLAssetLoaderServi - User app class for loading assets: class edu.vanier.animals_revenge.MainApp
20:13:57.598 [FXGL Background Thread 1 ] DEBUG GameApplicationServi - Applying CSS: fxgl_dark.css
20:13:57.598 [FXGL Background Thread 1 ] DEBUG FXGLAssetLoaderServi - Loading from file system: jar:file:/C:/Users/ethan/.gradle/caches/modules-2/files-2.1/com.github.almasb/fxgl/17.2/35db6ae960eec2dcfd19262d3b7f9c42f0e95bc3/fxgl-17.2.jar!/fxglassets/ui/css/fxgl_dark.css
20:13:57.623 [FXGL Background Thread 1 ] DEBUG GameApplicationServi - Initializing application scenes
20:13:57.643 [FXGL Background Thread 1 ] DEBUG GameWorld            - Game world initialized
20:13:57.685 [FXGL Background Thread 1 ] DEBUG PhysicsWorld         - Physics world initialized: appHeight=820, physics.ppm=50.0
20:13:57.685 [FXGL Background Thread 1 ] DEBUG PhysicsWorld         - Using strategy: BRUTE_FORCE
20:13:57.688 [FXGL Background Thread 1 ] DEBUG GameScene            - Game scene initialized: 1480x820
20:13:57.689 [FXGL Background Thread 1 ] DEBUG GameApplicationServi - Application scenes initialized
20:13:57.701 [FXGL Background Thread 1 ] DEBUG SystemBundleService  - Loading FXGL system data
20:13:57.705 [FXGL Background Thread 1 ] DEBUG FileSystemAccess     - Reading from: C:\Users\ethan\IdeaProjects\animals-revenge\system\fxgl.bundle
20:13:57.710 [FXGL Background Thread 1 ] DEBUG SystemBundleService  - Bundle FXGL: {}
20:13:57.710 [FXGL Background Thread 1 ] DEBUG UpdaterService       - Checking for updates
20:13:57.715 [FXGL Background Thread 4 ] DEBUG FXGLApplication      - Loading fonts
20:13:57.715 [FXGL Background Thread 1 ] DEBUG FXGLApplication      - Loading default localization
20:13:57.715 [FXGL Background Thread 4 ] DEBUG FXGLAssetLoaderServi - Loading from file system: jar:file:/C:/Users/ethan/.gradle/caches/modules-2/files-2.1/com.github.almasb/fxgl/17.2/35db6ae960eec2dcfd19262d3b7f9c42f0e95bc3/fxgl-17.2.jar!/fxglassets/ui/fonts/VarelaRound-Regular.ttf
20:13:57.716 [FXGL Background Thread 1 ] DEBUG FXGLAssetLoaderServi - Loading from file system: jar:file:/C:/Users/ethan/.gradle/caches/modules-2/files-2.1/com.github.almasb/fxgl/17.2/35db6ae960eec2dcfd19262d3b7f9c42f0e95bc3/fxgl-17.2.jar!/fxglassets/languages/english.lang
20:13:57.733 [FXGL Background Thread 1 ] INFO  FXGLApplication      - FXGL initialization took: 0.161 sec
20:13:57.736 [JavaFX Application Thread] DEBUG Input                - Registered new binding: Launch - RMB
20:13:57.736 [JavaFX Application Thread] DEBUG Input                - Registered new binding: Create - LMB
20:13:57.736 [JavaFX Application Thread] DEBUG Input                - Registered new binding: Drag - CTRL+LMB
20:13:57.742 [JavaFX Application Thread] DEBUG Input                - Registered new binding: Delete - Backspace
20:13:57.742 [JavaFX Application Thread] DEBUG FXGLAssetLoaderServi - Loading from file system: jar:file:/C:/Users/ethan/.gradle/caches/modules-2/files-2.1/com.github.almasb/fxgl/17.2/35db6ae960eec2dcfd19262d3b7f9c42f0e95bc3/fxgl-17.2.jar!/fxglassets/textures/fxgl_icon.png
20:13:57.751 [FXGL Background Thread 4 ] DEBUG FXGLAssetLoaderServi - Loading from file system: jar:file:/C:/Users/ethan/.gradle/caches/modules-2/files-2.1/com.github.almasb/fxgl/17.2/35db6ae960eec2dcfd19262d3b7f9c42f0e95bc3/fxgl-17.2.jar!/fxglassets/ui/fonts/Abel-Regular.ttf
20:13:57.757 [FXGL Background Thread 4 ] DEBUG FXGLAssetLoaderServi - Loading from file system: jar:file:/C:/Users/ethan/.gradle/caches/modules-2/files-2.1/com.github.almasb/fxgl/17.2/35db6ae960eec2dcfd19262d3b7f9c42f0e95bc3/fxgl-17.2.jar!/fxglassets/ui/fonts/TerminalLandMono-Regular.otf
20:13:57.763 [FXGL Background Thread 4 ] DEBUG FXGLAssetLoaderServi - Loading from file system: jar:file:/C:/Users/ethan/.gradle/caches/modules-2/files-2.1/com.github.almasb/fxgl/17.2/35db6ae960eec2dcfd19262d3b7f9c42f0e95bc3/fxgl-17.2.jar!/fxglassets/ui/fonts/Courier-Prime.ttf
20:13:57.771 [JavaFX Application Thread] DEBUG FXGLAssetLoaderServi - Loading from file system: jar:file:/C:/Users/ethan/.gradle/caches/modules-2/files-2.1/com.github.almasb/fxgl/17.2/35db6ae960eec2dcfd19262d3b7f9c42f0e95bc3/fxgl-17.2.jar!/fxglassets/textures/fxgl_default_cursor.png
20:13:57.773 [JavaFX Application Thread] DEBUG Input                - Registered new binding: Screenshot - CTRL+8
20:13:57.773 [JavaFX Application Thread] DEBUG Input                - Registered new binding: System info dump - CTRL+9
20:13:57.773 [JavaFX Application Thread] DEBUG Input                - Registered new binding: Restart - CTRL+R
20:13:57.774 [JavaFX Application Thread] DEBUG Input                - Registered new binding: Toggle Debug Camera - CTRL+7
20:13:57.776 [JavaFX Application Thread] DEBUG LoopRunner           - Starting loop
20:13:57.776 [JavaFX Application Thread] DEBUG LoopRunner           - Initializing JavaFX AnimationTimerLoop
20:13:57.777 [JavaFX Application Thread] DEBUG GameApplicationServi - Starting new game
20:13:57.777 [JavaFX Application Thread] DEBUG Input                - Clearing active input actions
20:13:57.790 [JavaFX Application Thread] DEBUG GameApplicationServi - Removing overlay from FXGLStartupScene and adding to FXGLLoadingScene
20:13:57.790 [JavaFX Application Thread] DEBUG PrimaryStageWindow   - FXGLStartupScene -> FXGLLoadingScene
20:13:57.790 [JavaFX Application Thread] DEBUG GameApplicationServi - Clearing previous game
20:13:57.790 [JavaFX Application Thread] DEBUG GameScene            - Clearing game scene
20:13:57.790 [JavaFX Application Thread] DEBUG GameWorld            - Clearing game world
20:13:57.790 [JavaFX Application Thread] DEBUG PhysicsWorld         - Clearing physics world
20:13:57.792 [FXGL Background Thread 4 ] DEBUG FXGLApplication      - Initializing game
20:13:57.792 [JavaFX Application Thread] DEBUG FXGLApplication      - Registering font factories with UI factory
20:13:57.816 [FXGL Background Thread 4 ] DEBUG FXGLAssetLoaderServi - Loading from file system: file:/C:/Users/ethan/IdeaProjects/animals-revenge/build/resources/main/assets/ui/Home.fxml
20:13:58.002 [FXGL Background Thread 2 ] INFO  UpdaterService       - Your current version:  17.2
20:13:58.002 [FXGL Background Thread 2 ] INFO  UpdaterService       - Latest stable version: 17.3
20:13:58.070 [FXGL Background Thread 4 ] INFO  FXGLApplication      - Game initialization took: 0.278 sec
20:13:58.073 [JavaFX Application Thread] DEBUG Input                - Clearing active input actions
20:13:58.080 [JavaFX Application Thread] DEBUG GameApplicationServi - Removing overlay from FXGLLoadingScene and adding to GameScene
20:13:58.080 [JavaFX Application Thread] DEBUG PrimaryStageWindow   - FXGLLoadingScene -> GameScene
20:13:58.771 [JavaFX Application Thread] DEBUG FXGLAssetLoaderServi - Loading from file system: file:/C:/Users/ethan/IdeaProjects/animals-revenge/build/resources/main/assets/ui/Simulator.fxml
20:13:58.828 [JavaFX Application Thread] DEBUG FXGLAssetLoaderServi - Loading from file system: file:/C:/Users/ethan/IdeaProjects/animals-revenge/build/resources/main/assets/textures/cannon.png
20:14:00.715 [FXGL Background Thread 3 ] DEBUG Engine               - Logging environment variables
20:14:00.715 [FXGL Background Thread 3 ] DEBUG Engine               - achievements: []
20:14:00.715 [FXGL Background Thread 3 ] DEBUG Engine               - actualHeight: 820.0
20:14:00.715 [FXGL Background Thread 3 ] DEBUG Engine               - actualHeightProperty: ReadOnlyDoubleProperty [value: 820.0]
20:14:00.715 [FXGL Background Thread 3 ] DEBUG Engine               - actualWidth: 1480.0
20:14:00.715 [FXGL Background Thread 3 ] DEBUG Engine               - actualWidthProperty: ReadOnlyDoubleProperty [value: 1480.0]
20:14:00.715 [FXGL Background Thread 3 ] DEBUG Engine               - appIcon: fxgl_icon.png
20:14:00.715 [FXGL Background Thread 3 ] DEBUG Engine               - applicationMode: DEVELOPER
20:14:00.715 [FXGL Background Thread 3 ] DEBUG Engine               - cSSList: [fxgl_dark.css]
20:14:00.715 [FXGL Background Thread 3 ] DEBUG Engine               - collisionDetectionStrategy: BRUTE_FORCE
20:14:00.715 [FXGL Background Thread 3 ] DEBUG Engine               - configClass: Optional.empty
20:14:00.715 [FXGL Background Thread 3 ] DEBUG Engine               - credits: []
20:14:00.716 [FXGL Background Thread 3 ] DEBUG Engine               - defaultCursor: CursorInfo(imageName=fxgl_default_cursor.png, hotspotX=7.0, hotspotY=6.0)
20:14:00.716 [FXGL Background Thread 3 ] DEBUG Engine               - devBBoxColorProperty: ObjectProperty [value: 0xff0000ff]
20:14:00.716 [FXGL Background Thread 3 ] DEBUG Engine               - devEnableDebugCameraProperty: BooleanProperty [value: false]
20:14:00.716 [FXGL Background Thread 3 ] DEBUG Engine               - devSensorColorProperty: ObjectProperty [value: 0xffff00ff]
20:14:00.716 [FXGL Background Thread 3 ] DEBUG Engine               - devShowBBoxProperty: BooleanProperty [value: false]
20:14:00.716 [FXGL Background Thread 3 ] DEBUG Engine               - devShowPositionProperty: BooleanProperty [value: false]
20:14:00.716 [FXGL Background Thread 3 ] DEBUG Engine               - enabledMenuItems: []
20:14:00.717 [FXGL Background Thread 3 ] DEBUG Engine               - engineServices: [class com.almasb.fxgl.app.services.FXGLAssetLoaderService, class com.almasb.fxgl.app.FXGLApplication$GameApplicationService, class com.almasb.fxgl.app.services.FXGLDialogService, class com.almasb.fxgl.app.services.IOTaskExecutorService, class com.almasb.fxgl.io.FileSystemService, class com.almasb.fxgl.localization.LocalizationService, class com.almasb.fxgl.app.services.SystemBundleService, class com.almasb.fxgl.profile.SaveLoadService, class com.almasb.fxgl.ui.FXGLUIFactoryServiceProvider, class com.almasb.fxgl.ui.FXGLDialogFactoryServiceProvider, class com.almasb.fxgl.audio.AudioPlayer, class com.almasb.fxgl.notification.impl.NotificationServiceProvider, class com.almasb.fxgl.achievement.AchievementService, class com.almasb.fxgl.cutscene.CutsceneService, class com.almasb.fxgl.minigames.MiniGameService, class com.almasb.fxgl.net.NetService, class com.almasb.fxgl.app.services.UpdaterService, class com.almasb.fxgl.dev.DevService]
20:14:00.717 [FXGL Background Thread 3 ] DEBUG Engine               - fontGame: Abel-Regular.ttf
20:14:00.717 [FXGL Background Thread 3 ] DEBUG Engine               - fontMono: TerminalLandMono-Regular.otf
20:14:00.717 [FXGL Background Thread 3 ] DEBUG Engine               - fontText: Courier-Prime.ttf
20:14:00.717 [FXGL Background Thread 3 ] DEBUG Engine               - fontUI: VarelaRound-Regular.ttf
20:14:00.717 [FXGL Background Thread 3 ] DEBUG Engine               - fullScreen: BooleanProperty [value: false]
20:14:00.717 [FXGL Background Thread 3 ] DEBUG Engine               - gameDifficulty: MEDIUM
20:14:00.717 [FXGL Background Thread 3 ] DEBUG Engine               - gameDifficultyProperty: ObjectProperty [value: MEDIUM]
20:14:00.717 [FXGL Background Thread 3 ] DEBUG Engine               - globalMusicVolume: 0.5
20:14:00.717 [FXGL Background Thread 3 ] DEBUG Engine               - globalMusicVolumeProperty: DoubleProperty [value: 0.5]
20:14:00.717 [FXGL Background Thread 3 ] DEBUG Engine               - globalSoundVolume: 0.5
20:14:00.717 [FXGL Background Thread 3 ] DEBUG Engine               - globalSoundVolumeProperty: DoubleProperty [value: 0.5]
20:14:00.717 [FXGL Background Thread 3 ] DEBUG Engine               - height: 820
20:14:00.717 [FXGL Background Thread 3 ] DEBUG Engine               - is3D: false
20:14:00.717 [FXGL Background Thread 3 ] DEBUG Engine               - isAndroid: false
20:14:00.717 [FXGL Background Thread 3 ] DEBUG Engine               - isBrowser: false
20:14:00.717 [FXGL Background Thread 3 ] DEBUG Engine               - isClickFeedbackEnabled: false
20:14:00.717 [FXGL Background Thread 3 ] DEBUG Engine               - isCloseConfirmation: false
20:14:00.717 [FXGL Background Thread 3 ] DEBUG Engine               - isDesktop: true
20:14:00.717 [FXGL Background Thread 3 ] DEBUG Engine               - isDeveloperMenuEnabled: false
20:14:00.717 [FXGL Background Thread 3 ] DEBUG Engine               - isEmbedded: false
20:14:00.717 [FXGL Background Thread 3 ] DEBUG Engine               - isEntityPreloadEnabled: true
20:14:00.717 [FXGL Background Thread 3 ] DEBUG Engine               - isExperimentalTiledLargeMap: false
20:14:00.717 [FXGL Background Thread 3 ] DEBUG Engine               - isFileSystemWriteAllowed: true
20:14:00.717 [FXGL Background Thread 3 ] DEBUG Engine               - isFullScreenAllowed: false
20:14:00.717 [FXGL Background Thread 3 ] DEBUG Engine               - isFullScreenFromStart: false
20:14:00.717 [FXGL Background Thread 3 ] DEBUG Engine               - isGameMenuEnabled: false
20:14:00.717 [FXGL Background Thread 3 ] DEBUG Engine               - isIOS: false
20:14:00.717 [FXGL Background Thread 3 ] DEBUG Engine               - isIntroEnabled: false
20:14:00.717 [FXGL Background Thread 3 ] DEBUG Engine               - isLinux: false
20:14:00.717 [FXGL Background Thread 3 ] DEBUG Engine               - isMac: false
20:14:00.717 [FXGL Background Thread 3 ] DEBUG Engine               - isMainMenuEnabled: false
20:14:00.717 [FXGL Background Thread 3 ] DEBUG Engine               - isManualResizeEnabled: false
20:14:00.717 [FXGL Background Thread 3 ] DEBUG Engine               - isMobile: false
20:14:00.718 [FXGL Background Thread 3 ] DEBUG Engine               - isNative: false
20:14:00.718 [FXGL Background Thread 3 ] DEBUG Engine               - isPauseMusicWhenMinimized: true
20:14:00.718 [FXGL Background Thread 3 ] DEBUG Engine               - isPreserveResizeRatio: false
20:14:00.718 [FXGL Background Thread 3 ] DEBUG Engine               - isProfilingEnabled: false
20:14:00.718 [FXGL Background Thread 3 ] DEBUG Engine               - isScaleAffectedOnResize: true
20:14:00.718 [FXGL Background Thread 3 ] DEBUG Engine               - isSingleStep: false
20:14:00.718 [FXGL Background Thread 3 ] DEBUG Engine               - isUserProfileEnabled: false
20:14:00.718 [FXGL Background Thread 3 ] DEBUG Engine               - isWindows: true
20:14:00.718 [FXGL Background Thread 3 ] DEBUG Engine               - language: ObjectProperty [value: ENGLISH]
20:14:00.718 [FXGL Background Thread 3 ] DEBUG Engine               - menuKey: ESCAPE
20:14:00.718 [FXGL Background Thread 3 ] DEBUG Engine               - mouseSensitivity: 0.2
20:14:00.718 [FXGL Background Thread 3 ] DEBUG Engine               - notificationViewClass: class com.almasb.fxgl.notification.view.XboxNotificationView
20:14:00.718 [FXGL Background Thread 3 ] DEBUG Engine               - pixelsPerMeter: 50.0
20:14:00.718 [FXGL Background Thread 3 ] DEBUG Engine               - platform: WINDOWS
20:14:00.718 [FXGL Background Thread 3 ] DEBUG Engine               - prefHeightProperty: ReadOnlyDoubleProperty [value: 820.0]
20:14:00.718 [FXGL Background Thread 3 ] DEBUG Engine               - prefWidthProperty: ReadOnlyDoubleProperty [value: 1480.0]
20:14:00.718 [FXGL Background Thread 3 ] DEBUG Engine               - profileDir: profiles/
20:14:00.718 [FXGL Background Thread 3 ] DEBUG Engine               - profileName: StringProperty [value: DEFAULT]
20:14:00.718 [FXGL Background Thread 3 ] DEBUG Engine               - randomSeed: -1
20:14:00.718 [FXGL Background Thread 3 ] DEBUG Engine               - runtimeInfo: RuntimeInfo(platform=WINDOWS, version=17.2, build=20.08.2022 16.50)
20:14:00.718 [FXGL Background Thread 3 ] DEBUG Engine               - saveFileExt: sav
20:14:00.718 [FXGL Background Thread 3 ] DEBUG Engine               - scaledHeightProp$fxgl: DoubleProperty [bound, value: 820.0]
20:14:00.718 [FXGL Background Thread 3 ] DEBUG Engine               - scaledWidthProp$fxgl: DoubleProperty [bound, value: 1480.0]
20:14:00.718 [FXGL Background Thread 3 ] DEBUG Engine               - sceneFactory: com.almasb.fxgl.app.scene.SceneFactory@687c173d
20:14:00.718 [FXGL Background Thread 3 ] DEBUG Engine               - secondsIn24h: 60
20:14:00.718 [FXGL Background Thread 3 ] DEBUG Engine               - soundMenuBack: menu/back.wav
20:14:00.718 [FXGL Background Thread 3 ] DEBUG Engine               - soundMenuPress: menu/press.wav
20:14:00.718 [FXGL Background Thread 3 ] DEBUG Engine               - soundMenuSelect: menu/select.wav
20:14:00.718 [FXGL Background Thread 3 ] DEBUG Engine               - soundNotification: core/notification.wav
20:14:00.718 [FXGL Background Thread 3 ] DEBUG Engine               - stageStyle: DECORATED
20:14:00.718 [FXGL Background Thread 3 ] DEBUG Engine               - supportedLanguages: [ENGLISH, FRENCH, GERMAN, HUNGARIAN, RUSSIAN]
20:14:00.718 [FXGL Background Thread 3 ] DEBUG Engine               - ticksPerSecond: -1
20:14:00.719 [FXGL Background Thread 3 ] DEBUG Engine               - title: Untitled
20:14:00.719 [FXGL Background Thread 3 ] DEBUG Engine               - urlGithub: https://github.com/AlmasB/FXGL
20:14:00.719 [FXGL Background Thread 3 ] DEBUG Engine               - urlLeaderboard: http://fxgl-top.herokuapp.com/
20:14:00.719 [FXGL Background Thread 3 ] DEBUG Engine               - urlPOM: https://raw.githubusercontent.com/AlmasB/FXGL/release/README.md
20:14:00.719 [FXGL Background Thread 3 ] DEBUG Engine               - userAppClass: class edu.vanier.animals_revenge.MainApp
20:14:00.719 [FXGL Background Thread 3 ] DEBUG Engine               - version: 0.0
20:14:00.719 [FXGL Background Thread 3 ] DEBUG Engine               - versionCheckDays: 7
20:14:00.719 [FXGL Background Thread 3 ] DEBUG Engine               - width: 1480
20:14:00.719 [FXGL Background Thread 3 ] DEBUG Engine               - Logging services
20:14:00.719 [FXGL Background Thread 3 ] DEBUG Engine               - class com.almasb.fxgl.app.services.FXGLAssetLoaderService
20:14:00.719 [FXGL Background Thread 3 ] DEBUG Engine               - class com.almasb.fxgl.app.FXGLApplication$GameApplicationService
20:14:00.719 [FXGL Background Thread 3 ] DEBUG Engine               - class com.almasb.fxgl.app.services.FXGLDialogService
20:14:00.719 [FXGL Background Thread 3 ] DEBUG Engine               - class com.almasb.fxgl.app.services.IOTaskExecutorService
20:14:00.719 [FXGL Background Thread 3 ] DEBUG Engine               - class com.almasb.fxgl.io.FileSystemService
20:14:00.719 [FXGL Background Thread 3 ] DEBUG Engine               - class com.almasb.fxgl.localization.LocalizationService
20:14:00.719 [FXGL Background Thread 3 ] DEBUG Engine               - class com.almasb.fxgl.app.services.SystemBundleService
20:14:00.719 [FXGL Background Thread 3 ] DEBUG Engine               - class com.almasb.fxgl.profile.SaveLoadService
20:14:00.719 [FXGL Background Thread 3 ] DEBUG Engine               - class com.almasb.fxgl.ui.FXGLUIFactoryServiceProvider
20:14:00.719 [FXGL Background Thread 3 ] DEBUG Engine               - class com.almasb.fxgl.ui.FXGLDialogFactoryServiceProvider
20:14:00.719 [FXGL Background Thread 3 ] DEBUG Engine               - class com.almasb.fxgl.audio.AudioPlayer
20:14:00.719 [FXGL Background Thread 3 ] DEBUG Engine               - class com.almasb.fxgl.notification.impl.NotificationServiceProvider
20:14:00.719 [FXGL Background Thread 3 ] DEBUG Engine               - class com.almasb.fxgl.achievement.AchievementService
20:14:00.719 [FXGL Background Thread 3 ] DEBUG Engine               - class com.almasb.fxgl.cutscene.CutsceneService
20:14:00.719 [FXGL Background Thread 3 ] DEBUG Engine               - class com.almasb.fxgl.minigames.MiniGameService
20:14:00.719 [FXGL Background Thread 3 ] DEBUG Engine               - class com.almasb.fxgl.net.NetService
20:14:00.719 [FXGL Background Thread 3 ] DEBUG Engine               - class com.almasb.fxgl.app.services.UpdaterService
20:14:00.719 [FXGL Background Thread 3 ] DEBUG Engine               - class com.almasb.fxgl.dev.DevService
20:14:00.987 [JavaFX Application Thread] DEBUG FXGLApplication      - Exiting FXGL
20:14:00.987 [JavaFX Application Thread] DEBUG LoopRunner           - Stopping loop
20:14:00.987 [JavaFX Application Thread] DEBUG SystemBundleService  - Saving FXGL system data
20:14:00.988 [JavaFX Application Thread] DEBUG FileSystemAccess     - Writing to: C:\Users\ethan\IdeaProjects\animals-revenge\system\fxgl.bundle
20:14:00.990 [JavaFX Application Thread] DEBUG Async                - Shutting down background threads
20:14:00.990 [JavaFX Application Thread] DEBUG PrimaryStageWindow   - Closing main window
20:14:00.995 [JavaFX Application Thread] DEBUG Logger               - Closing Logger
