19:53:02.212 [main                     ] DEBUG Logger               - Configured Logger
19:53:02.245 [main                     ] DEBUG GameApplication      - Logging settings
Title: Untitled
Version: 0.0
Width: 1480
Height: 820
Fullscreen: false
Intro: false
Profiling: false
Single step:false
App Mode: DEVELOPER
Menu Key: ESCAPE
Stage Style: DECORATED
Scene Factory: class com.almasb.fxgl.app.scene.SceneFactory

19:53:02.842 [JavaFX Application Thread] DEBUG FXGLApplication      - Initializing FXGL
19:53:02.856 [JavaFX Application Thread] INFO  Engine               - FXGL-17.2 (20.08.2022 16.50) on WINDOWS (J:18.0.2.1 FX:20.0.2)
19:53:02.857 [JavaFX Application Thread] DEBUG Engine               - JRE Vendor Name: Oracle Corporation
19:53:02.857 [JavaFX Application Thread] DEBUG Engine               - Running on OS: Windows 11 version 10.0
19:53:02.857 [JavaFX Application Thread] DEBUG Engine               - Architecture: amd64
19:53:02.858 [JavaFX Application Thread] INFO  Engine               - Source code and latest versions at: https://github.com/AlmasB/FXGL
19:53:02.858 [JavaFX Application Thread] INFO  Engine               -       Ask questions and discuss at: https://github.com/AlmasB/FXGL/discussions
19:53:02.858 [JavaFX Application Thread] INFO  Engine               -              Join the FXGL chat at: https://gitter.im/AlmasB/FXGL
19:53:02.985 [JavaFX Application Thread] DEBUG PrimaryStageWindow   - Creating a JavaFX scene
19:53:02.985 [JavaFX Application Thread] DEBUG PrimaryStageWindow   - Target size > screen size
19:53:03.035 [JavaFX Application Thread] DEBUG PrimaryStageWindow   - Target settings size: 1480.0 x 820.0
19:53:03.036 [JavaFX Application Thread] DEBUG PrimaryStageWindow   - Scaled scene size:    1415.0 x 797.0
19:53:03.036 [JavaFX Application Thread] DEBUG PrimaryStageWindow   - Scaled ratio: (0.956081081081081, 0.9719512195121951)
19:53:03.039 [JavaFX Application Thread] DEBUG PrimaryStageWindow   - Set initial scene to FXGLStartupScene
19:53:03.050 [JavaFX Application Thread] DEBUG PrimaryStageWindow   - Opening main window
19:53:03.198 [JavaFX Application Thread] DEBUG PrimaryStageWindow   - Window border size: (13.0, 35.5)
19:53:03.198 [JavaFX Application Thread] DEBUG PrimaryStageWindow   - Scaled size: 1415.0 x 797.0
19:53:03.198 [JavaFX Application Thread] DEBUG PrimaryStageWindow   - Scaled ratio: (0.956081081081081, 0.9719512195121951)
19:53:03.199 [JavaFX Application Thread] DEBUG PrimaryStageWindow   - Scene size: 1415.0 x 797.0
19:53:03.199 [JavaFX Application Thread] DEBUG PrimaryStageWindow   - Stage size: 1428.0 x 832.5
19:53:03.208 [FXGL Background Thread 1 ] DEBUG Engine               - Initializing environment variables
19:53:03.272 [FXGL Background Thread 1 ] DEBUG FXGLAssetLoaderServi - User app class for loading assets: class edu.vanier.animals_revenge.MainApp
19:53:03.272 [FXGL Background Thread 1 ] DEBUG GameApplicationServi - Applying CSS: fxgl_dark.css
19:53:03.275 [FXGL Background Thread 1 ] DEBUG FXGLAssetLoaderServi - Loading from file system: jar:file:/C:/Users/macke/.gradle/caches/modules-2/files-2.1/com.github.almasb/fxgl/17.2/35db6ae960eec2dcfd19262d3b7f9c42f0e95bc3/fxgl-17.2.jar!/fxglassets/ui/css/fxgl_dark.css
19:53:03.414 [FXGL Background Thread 1 ] DEBUG GameApplicationServi - Initializing application scenes
19:53:03.618 [FXGL Background Thread 1 ] DEBUG GameWorld            - Game world initialized
19:53:03.718 [FXGL Background Thread 1 ] DEBUG PhysicsWorld         - Physics world initialized: appHeight=820, physics.ppm=50.0
19:53:03.719 [FXGL Background Thread 1 ] DEBUG PhysicsWorld         - Using strategy: BRUTE_FORCE
19:53:03.728 [FXGL Background Thread 1 ] DEBUG GameScene            - Game scene initialized: 1480x820
19:53:03.728 [FXGL Background Thread 1 ] DEBUG GameApplicationServi - Application scenes initialized
19:53:03.753 [FXGL Background Thread 1 ] DEBUG SystemBundleService  - Loading FXGL system data
19:53:03.765 [FXGL Background Thread 1 ] DEBUG FileSystemAccess     - Reading from: C:\Users\macke\OneDrive\Documents\School\Semester 3\Programming in a Graphical User Interface\Homework\animals-revenge\system\fxgl.bundle
19:53:03.786 [FXGL Background Thread 1 ] DEBUG SystemBundleService  - Bundle FXGL: {}
19:53:03.786 [FXGL Background Thread 1 ] DEBUG UpdaterService       - Checking for updates
19:53:03.810 [FXGL Background Thread 4 ] DEBUG FXGLApplication      - Loading fonts
19:53:03.810 [FXGL Background Thread 4 ] DEBUG FXGLAssetLoaderServi - Loading from file system: jar:file:/C:/Users/macke/.gradle/caches/modules-2/files-2.1/com.github.almasb/fxgl/17.2/35db6ae960eec2dcfd19262d3b7f9c42f0e95bc3/fxgl-17.2.jar!/fxglassets/ui/fonts/VarelaRound-Regular.ttf
19:53:03.810 [FXGL Background Thread 1 ] DEBUG FXGLApplication      - Loading default localization
19:53:03.812 [FXGL Background Thread 1 ] DEBUG FXGLAssetLoaderServi - Loading from file system: jar:file:/C:/Users/macke/.gradle/caches/modules-2/files-2.1/com.github.almasb/fxgl/17.2/35db6ae960eec2dcfd19262d3b7f9c42f0e95bc3/fxgl-17.2.jar!/fxglassets/languages/english.lang
19:53:03.842 [FXGL Background Thread 1 ] INFO  FXGLApplication      - FXGL initialization took: 0.633 sec
19:53:03.849 [JavaFX Application Thread] DEBUG Input                - Registered new binding: Launch - RMB
19:53:03.850 [JavaFX Application Thread] DEBUG Input                - Registered new binding: Create - LMB
19:53:03.850 [JavaFX Application Thread] DEBUG Input                - Registered new binding: Drag - CTRL+LMB
19:53:03.851 [JavaFX Application Thread] DEBUG FXGLAssetLoaderServi - Loading from file system: jar:file:/C:/Users/macke/.gradle/caches/modules-2/files-2.1/com.github.almasb/fxgl/17.2/35db6ae960eec2dcfd19262d3b7f9c42f0e95bc3/fxgl-17.2.jar!/fxglassets/textures/fxgl_icon.png
19:53:03.888 [FXGL Background Thread 4 ] DEBUG FXGLAssetLoaderServi - Loading from file system: jar:file:/C:/Users/macke/.gradle/caches/modules-2/files-2.1/com.github.almasb/fxgl/17.2/35db6ae960eec2dcfd19262d3b7f9c42f0e95bc3/fxgl-17.2.jar!/fxglassets/ui/fonts/Abel-Regular.ttf
19:53:03.893 [FXGL Background Thread 4 ] DEBUG FXGLAssetLoaderServi - Loading from file system: jar:file:/C:/Users/macke/.gradle/caches/modules-2/files-2.1/com.github.almasb/fxgl/17.2/35db6ae960eec2dcfd19262d3b7f9c42f0e95bc3/fxgl-17.2.jar!/fxglassets/ui/fonts/TerminalLandMono-Regular.otf
19:53:03.897 [FXGL Background Thread 4 ] DEBUG FXGLAssetLoaderServi - Loading from file system: jar:file:/C:/Users/macke/.gradle/caches/modules-2/files-2.1/com.github.almasb/fxgl/17.2/35db6ae960eec2dcfd19262d3b7f9c42f0e95bc3/fxgl-17.2.jar!/fxglassets/ui/fonts/Courier-Prime.ttf
19:53:03.912 [JavaFX Application Thread] DEBUG FXGLAssetLoaderServi - Loading from file system: jar:file:/C:/Users/macke/.gradle/caches/modules-2/files-2.1/com.github.almasb/fxgl/17.2/35db6ae960eec2dcfd19262d3b7f9c42f0e95bc3/fxgl-17.2.jar!/fxglassets/textures/fxgl_default_cursor.png
19:53:03.926 [JavaFX Application Thread] DEBUG Input                - Registered new binding: Screenshot - CTRL+8
19:53:03.927 [JavaFX Application Thread] DEBUG Input                - Registered new binding: System info dump - CTRL+9
19:53:03.928 [JavaFX Application Thread] DEBUG Input                - Registered new binding: Restart - CTRL+R
19:53:03.930 [JavaFX Application Thread] DEBUG Input                - Registered new binding: Toggle Debug Camera - CTRL+7
19:53:03.939 [JavaFX Application Thread] DEBUG LoopRunner           - Starting loop
19:53:03.939 [JavaFX Application Thread] DEBUG LoopRunner           - Initializing JavaFX AnimationTimerLoop
19:53:03.944 [JavaFX Application Thread] DEBUG GameApplicationServi - Starting new game
19:53:03.944 [JavaFX Application Thread] DEBUG Input                - Clearing active input actions
19:53:03.957 [JavaFX Application Thread] DEBUG GameApplicationServi - Removing overlay from FXGLStartupScene and adding to FXGLLoadingScene
19:53:03.958 [JavaFX Application Thread] DEBUG PrimaryStageWindow   - FXGLStartupScene -> FXGLLoadingScene
19:53:03.958 [JavaFX Application Thread] DEBUG GameApplicationServi - Clearing previous game
19:53:03.958 [JavaFX Application Thread] DEBUG GameScene            - Clearing game scene
19:53:03.958 [JavaFX Application Thread] DEBUG GameWorld            - Clearing game world
19:53:03.958 [JavaFX Application Thread] DEBUG PhysicsWorld         - Clearing physics world
19:53:03.962 [FXGL Background Thread 4 ] DEBUG FXGLApplication      - Initializing game
19:53:03.964 [JavaFX Application Thread] DEBUG FXGLApplication      - Registering font factories with UI factory
19:53:04.006 [FXGL Background Thread 4 ] DEBUG FXGLAssetLoaderServi - Loading from file system: file:/C:/Users/macke/OneDrive/Documents/School/Semester%203/Programming%20in%20a%20Graphical%20User%20Interface/Homework/animals-revenge/build/resources/main/assets/ui/Home.fxml
19:53:04.256 [FXGL Background Thread 2 ] INFO  UpdaterService       - Your current version:  17.2
19:53:04.256 [FXGL Background Thread 2 ] INFO  UpdaterService       - Latest stable version: 17.3
19:53:04.451 [FXGL Background Thread 4 ] INFO  FXGLApplication      - Game initialization took: 0.488 sec
19:53:04.452 [JavaFX Application Thread] DEBUG Input                - Clearing active input actions
19:53:04.467 [JavaFX Application Thread] DEBUG GameApplicationServi - Removing overlay from FXGLLoadingScene and adding to GameScene
19:53:04.468 [JavaFX Application Thread] DEBUG PrimaryStageWindow   - FXGLLoadingScene -> GameScene
19:53:04.543 [JavaFX Application Thread] DEBUG FXGLApplication      - Exiting FXGL
19:53:04.543 [JavaFX Application Thread] DEBUG LoopRunner           - Stopping loop
19:53:04.544 [JavaFX Application Thread] DEBUG SystemBundleService  - Saving FXGL system data
19:53:04.548 [JavaFX Application Thread] DEBUG FileSystemAccess     - Writing to: C:\Users\macke\OneDrive\Documents\School\Semester 3\Programming in a Graphical User Interface\Homework\animals-revenge\system\fxgl.bundle
19:53:04.552 [JavaFX Application Thread] DEBUG Async                - Shutting down background threads
19:53:04.554 [JavaFX Application Thread] DEBUG PrimaryStageWindow   - Closing main window
19:53:04.611 [JavaFX Application Thread] DEBUG Logger               - Closing Logger
