19:06:07.522 [main                     ] DEBUG Logger               - Configured Logger
19:06:07.531 [main                     ] DEBUG GameApplication      - Logging settings
Title: Untitled
Version: 0.0
Width: 1480
Height: 820
Fullscreen: false
Intro: false
Profiling: false
Single step:false
App Mode: DEVELOPER
Menu Key: ESCAPE
Stage Style: DECORATED
Scene Factory: class com.almasb.fxgl.app.scene.SceneFactory

19:06:07.772 [JavaFX Application Thread] DEBUG FXGLApplication      - Initializing FXGL
19:06:07.777 [JavaFX Application Thread] INFO  Engine               - FXGL-17.2 (20.08.2022 16.50) on WINDOWS (J:18.0.2.1 FX:20.0.2)
19:06:07.777 [JavaFX Application Thread] DEBUG Engine               - JRE Vendor Name: Oracle Corporation
19:06:07.777 [JavaFX Application Thread] DEBUG Engine               - Running on OS: Windows 11 version 10.0
19:06:07.777 [JavaFX Application Thread] DEBUG Engine               - Architecture: amd64
19:06:07.777 [JavaFX Application Thread] INFO  Engine               - Source code and latest versions at: https://github.com/AlmasB/FXGL
19:06:07.777 [JavaFX Application Thread] INFO  Engine               -       Ask questions and discuss at: https://github.com/AlmasB/FXGL/discussions
19:06:07.778 [JavaFX Application Thread] INFO  Engine               -              Join the FXGL chat at: https://gitter.im/AlmasB/FXGL
19:06:07.835 [JavaFX Application Thread] DEBUG PrimaryStageWindow   - Creating a JavaFX scene
19:06:07.835 [JavaFX Application Thread] DEBUG PrimaryStageWindow   - Target size > screen size
19:06:07.868 [JavaFX Application Thread] DEBUG PrimaryStageWindow   - Target settings size: 1480.0 x 820.0
19:06:07.868 [JavaFX Application Thread] DEBUG PrimaryStageWindow   - Scaled scene size:    1415.0 x 797.0
19:06:07.868 [JavaFX Application Thread] DEBUG PrimaryStageWindow   - Scaled ratio: (0.956081081081081, 0.9719512195121951)
19:06:07.869 [JavaFX Application Thread] DEBUG PrimaryStageWindow   - Set initial scene to FXGLStartupScene
19:06:07.872 [JavaFX Application Thread] DEBUG PrimaryStageWindow   - Opening main window
19:06:07.933 [JavaFX Application Thread] DEBUG PrimaryStageWindow   - Window border size: (13.0, 35.5)
19:06:07.933 [JavaFX Application Thread] DEBUG PrimaryStageWindow   - Scaled size: 1415.0 x 797.0
19:06:07.934 [JavaFX Application Thread] DEBUG PrimaryStageWindow   - Scaled ratio: (0.956081081081081, 0.9719512195121951)
19:06:07.934 [JavaFX Application Thread] DEBUG PrimaryStageWindow   - Scene size: 1415.0 x 797.0
19:06:07.934 [JavaFX Application Thread] DEBUG PrimaryStageWindow   - Stage size: 1428.0 x 832.5
19:06:07.939 [FXGL Background Thread 1 ] DEBUG Engine               - Initializing environment variables
19:06:07.976 [FXGL Background Thread 1 ] DEBUG FXGLAssetLoaderServi - User app class for loading assets: class edu.vanier.animals_revenge.MainApp
19:06:07.976 [FXGL Background Thread 1 ] DEBUG GameApplicationServi - Applying CSS: fxgl_dark.css
19:06:07.977 [FXGL Background Thread 1 ] DEBUG FXGLAssetLoaderServi - Loading from file system: jar:file:/C:/Users/macke/.gradle/caches/modules-2/files-2.1/com.github.almasb/fxgl/17.2/35db6ae960eec2dcfd19262d3b7f9c42f0e95bc3/fxgl-17.2.jar!/fxglassets/ui/css/fxgl_dark.css
19:06:08.008 [FXGL Background Thread 1 ] DEBUG GameApplicationServi - Initializing application scenes
19:06:08.045 [FXGL Background Thread 1 ] DEBUG GameWorld            - Game world initialized
19:06:08.093 [FXGL Background Thread 1 ] DEBUG PhysicsWorld         - Physics world initialized: appHeight=820, physics.ppm=50.0
19:06:08.093 [FXGL Background Thread 1 ] DEBUG PhysicsWorld         - Using strategy: BRUTE_FORCE
19:06:08.097 [FXGL Background Thread 1 ] DEBUG GameScene            - Game scene initialized: 1480x820
19:06:08.098 [FXGL Background Thread 1 ] DEBUG GameApplicationServi - Application scenes initialized
19:06:08.112 [FXGL Background Thread 1 ] DEBUG SystemBundleService  - Loading FXGL system data
19:06:08.117 [FXGL Background Thread 1 ] DEBUG FileSystemAccess     - Reading from: C:\Users\macke\OneDrive\Documents\School\Semester 3\Programming in a Graphical User Interface\Homework\animals-revenge\system\fxgl.bundle
19:06:08.126 [FXGL Background Thread 1 ] DEBUG SystemBundleService  - Bundle FXGL: {}
19:06:08.126 [FXGL Background Thread 1 ] DEBUG UpdaterService       - Checking for updates
19:06:08.132 [FXGL Background Thread 4 ] DEBUG FXGLApplication      - Loading fonts
19:06:08.133 [FXGL Background Thread 1 ] DEBUG FXGLApplication      - Loading default localization
19:06:08.133 [FXGL Background Thread 4 ] DEBUG FXGLAssetLoaderServi - Loading from file system: jar:file:/C:/Users/macke/.gradle/caches/modules-2/files-2.1/com.github.almasb/fxgl/17.2/35db6ae960eec2dcfd19262d3b7f9c42f0e95bc3/fxgl-17.2.jar!/fxglassets/ui/fonts/VarelaRound-Regular.ttf
19:06:08.134 [FXGL Background Thread 1 ] DEBUG FXGLAssetLoaderServi - Loading from file system: jar:file:/C:/Users/macke/.gradle/caches/modules-2/files-2.1/com.github.almasb/fxgl/17.2/35db6ae960eec2dcfd19262d3b7f9c42f0e95bc3/fxgl-17.2.jar!/fxglassets/languages/english.lang
19:06:08.160 [FXGL Background Thread 1 ] INFO  FXGLApplication      - FXGL initialization took: 0.221 sec
19:06:08.164 [JavaFX Application Thread] DEBUG Input                - Registered new binding: Launch - RMB
19:06:08.164 [JavaFX Application Thread] DEBUG Input                - Registered new binding: Create - LMB
19:06:08.164 [JavaFX Application Thread] DEBUG Input                - Registered new binding: Drag - CTRL+LMB
19:06:08.165 [JavaFX Application Thread] DEBUG FXGLAssetLoaderServi - Loading from file system: jar:file:/C:/Users/macke/.gradle/caches/modules-2/files-2.1/com.github.almasb/fxgl/17.2/35db6ae960eec2dcfd19262d3b7f9c42f0e95bc3/fxgl-17.2.jar!/fxglassets/textures/fxgl_icon.png
19:06:08.192 [FXGL Background Thread 4 ] DEBUG FXGLAssetLoaderServi - Loading from file system: jar:file:/C:/Users/macke/.gradle/caches/modules-2/files-2.1/com.github.almasb/fxgl/17.2/35db6ae960eec2dcfd19262d3b7f9c42f0e95bc3/fxgl-17.2.jar!/fxglassets/ui/fonts/Abel-Regular.ttf
19:06:08.194 [FXGL Background Thread 4 ] DEBUG FXGLAssetLoaderServi - Loading from file system: jar:file:/C:/Users/macke/.gradle/caches/modules-2/files-2.1/com.github.almasb/fxgl/17.2/35db6ae960eec2dcfd19262d3b7f9c42f0e95bc3/fxgl-17.2.jar!/fxglassets/ui/fonts/TerminalLandMono-Regular.otf
19:06:08.198 [FXGL Background Thread 4 ] DEBUG FXGLAssetLoaderServi - Loading from file system: jar:file:/C:/Users/macke/.gradle/caches/modules-2/files-2.1/com.github.almasb/fxgl/17.2/35db6ae960eec2dcfd19262d3b7f9c42f0e95bc3/fxgl-17.2.jar!/fxglassets/ui/fonts/Courier-Prime.ttf
19:06:08.199 [JavaFX Application Thread] DEBUG FXGLAssetLoaderServi - Loading from file system: jar:file:/C:/Users/macke/.gradle/caches/modules-2/files-2.1/com.github.almasb/fxgl/17.2/35db6ae960eec2dcfd19262d3b7f9c42f0e95bc3/fxgl-17.2.jar!/fxglassets/textures/fxgl_default_cursor.png
19:06:08.208 [JavaFX Application Thread] DEBUG Input                - Registered new binding: Screenshot - CTRL+8
19:06:08.208 [JavaFX Application Thread] DEBUG Input                - Registered new binding: System info dump - CTRL+9
19:06:08.209 [JavaFX Application Thread] DEBUG Input                - Registered new binding: Restart - CTRL+R
19:06:08.211 [JavaFX Application Thread] DEBUG Input                - Registered new binding: Toggle Debug Camera - CTRL+7
19:06:08.213 [JavaFX Application Thread] DEBUG LoopRunner           - Starting loop
19:06:08.214 [JavaFX Application Thread] DEBUG LoopRunner           - Initializing JavaFX AnimationTimerLoop
19:06:08.214 [JavaFX Application Thread] DEBUG GameApplicationServi - Starting new game
19:06:08.215 [JavaFX Application Thread] DEBUG Input                - Clearing active input actions
19:06:08.224 [JavaFX Application Thread] DEBUG GameApplicationServi - Removing overlay from FXGLStartupScene and adding to FXGLLoadingScene
19:06:08.225 [JavaFX Application Thread] DEBUG PrimaryStageWindow   - FXGLStartupScene -> FXGLLoadingScene
19:06:08.225 [JavaFX Application Thread] DEBUG GameApplicationServi - Clearing previous game
19:06:08.225 [JavaFX Application Thread] DEBUG GameScene            - Clearing game scene
19:06:08.225 [JavaFX Application Thread] DEBUG GameWorld            - Clearing game world
19:06:08.225 [JavaFX Application Thread] DEBUG PhysicsWorld         - Clearing physics world
19:06:08.228 [FXGL Background Thread 4 ] DEBUG FXGLApplication      - Initializing game
19:06:08.229 [JavaFX Application Thread] DEBUG FXGLApplication      - Registering font factories with UI factory
19:06:08.259 [FXGL Background Thread 4 ] DEBUG FXGLAssetLoaderServi - Loading from file system: file:/C:/Users/macke/OneDrive/Documents/School/Semester%203/Programming%20in%20a%20Graphical%20User%20Interface/Homework/animals-revenge/build/resources/main/assets/ui/Home.fxml
19:06:08.448 [FXGL Background Thread 2 ] INFO  UpdaterService       - Your current version:  17.2
19:06:08.448 [FXGL Background Thread 2 ] INFO  UpdaterService       - Latest stable version: 17.3
19:06:08.519 [FXGL Background Thread 4 ] INFO  FXGLApplication      - Game initialization took: 0.291 sec
19:06:08.521 [JavaFX Application Thread] DEBUG Input                - Clearing active input actions
19:06:08.531 [JavaFX Application Thread] DEBUG GameApplicationServi - Removing overlay from FXGLLoadingScene and adding to GameScene
19:06:08.532 [JavaFX Application Thread] DEBUG PrimaryStageWindow   - FXGLLoadingScene -> GameScene
19:06:09.256 [JavaFX Application Thread] DEBUG FXGLAssetLoaderServi - Loading from file system: file:/C:/Users/macke/OneDrive/Documents/School/Semester%203/Programming%20in%20a%20Graphical%20User%20Interface/Homework/animals-revenge/build/resources/main/assets/ui/Simulator.fxml
19:06:09.315 [JavaFX Application Thread] DEBUG FXGLAssetLoaderServi - Loading from file system: file:/C:/Users/macke/OneDrive/Documents/School/Semester%203/Programming%20in%20a%20Graphical%20User%20Interface/Homework/animals-revenge/build/resources/main/assets/textures/cannon.png
19:06:09.318 [JavaFX Application Thread] DEBUG FXGLAssetLoaderServi - Loading from file system: file:/C:/Users/macke/OneDrive/Documents/School/Semester%203/Programming%20in%20a%20Graphical%20User%20Interface/Homework/animals-revenge/build/resources/main/assets/textures/brick32x32.png
19:06:11.130 [FXGL Background Thread 3 ] DEBUG Engine               - Logging environment variables
19:06:11.133 [FXGL Background Thread 3 ] DEBUG Engine               - achievements: []
19:06:11.133 [FXGL Background Thread 3 ] DEBUG Engine               - actualHeight: 797.0
19:06:11.133 [FXGL Background Thread 3 ] DEBUG Engine               - actualHeightProperty: ReadOnlyDoubleProperty [value: 797.0]
19:06:11.133 [FXGL Background Thread 3 ] DEBUG Engine               - actualWidth: 1415.0
19:06:11.133 [FXGL Background Thread 3 ] DEBUG Engine               - actualWidthProperty: ReadOnlyDoubleProperty [value: 1415.0]
19:06:11.133 [FXGL Background Thread 3 ] DEBUG Engine               - appIcon: fxgl_icon.png
19:06:11.133 [FXGL Background Thread 3 ] DEBUG Engine               - applicationMode: DEVELOPER
19:06:11.133 [FXGL Background Thread 3 ] DEBUG Engine               - cSSList: [fxgl_dark.css]
19:06:11.133 [FXGL Background Thread 3 ] DEBUG Engine               - collisionDetectionStrategy: BRUTE_FORCE
19:06:11.134 [FXGL Background Thread 3 ] DEBUG Engine               - configClass: Optional.empty
19:06:11.134 [FXGL Background Thread 3 ] DEBUG Engine               - credits: []
19:06:11.135 [FXGL Background Thread 3 ] DEBUG Engine               - defaultCursor: CursorInfo(imageName=fxgl_default_cursor.png, hotspotX=7.0, hotspotY=6.0)
19:06:11.135 [FXGL Background Thread 3 ] DEBUG Engine               - devBBoxColorProperty: ObjectProperty [value: 0xff0000ff]
19:06:11.135 [FXGL Background Thread 3 ] DEBUG Engine               - devEnableDebugCameraProperty: BooleanProperty [value: false]
19:06:11.135 [FXGL Background Thread 3 ] DEBUG Engine               - devSensorColorProperty: ObjectProperty [value: 0xffff00ff]
19:06:11.135 [FXGL Background Thread 3 ] DEBUG Engine               - devShowBBoxProperty: BooleanProperty [value: false]
19:06:11.135 [FXGL Background Thread 3 ] DEBUG Engine               - devShowPositionProperty: BooleanProperty [value: false]
19:06:11.135 [FXGL Background Thread 3 ] DEBUG Engine               - enabledMenuItems: []
19:06:11.136 [FXGL Background Thread 3 ] DEBUG Engine               - engineServices: [class com.almasb.fxgl.app.services.FXGLAssetLoaderService, class com.almasb.fxgl.app.FXGLApplication$GameApplicationService, class com.almasb.fxgl.app.services.FXGLDialogService, class com.almasb.fxgl.app.services.IOTaskExecutorService, class com.almasb.fxgl.io.FileSystemService, class com.almasb.fxgl.localization.LocalizationService, class com.almasb.fxgl.app.services.SystemBundleService, class com.almasb.fxgl.profile.SaveLoadService, class com.almasb.fxgl.ui.FXGLUIFactoryServiceProvider, class com.almasb.fxgl.ui.FXGLDialogFactoryServiceProvider, class com.almasb.fxgl.audio.AudioPlayer, class com.almasb.fxgl.notification.impl.NotificationServiceProvider, class com.almasb.fxgl.achievement.AchievementService, class com.almasb.fxgl.cutscene.CutsceneService, class com.almasb.fxgl.minigames.MiniGameService, class com.almasb.fxgl.net.NetService, class com.almasb.fxgl.app.services.UpdaterService, class com.almasb.fxgl.dev.DevService]
19:06:11.136 [FXGL Background Thread 3 ] DEBUG Engine               - fontGame: Abel-Regular.ttf
19:06:11.136 [FXGL Background Thread 3 ] DEBUG Engine               - fontMono: TerminalLandMono-Regular.otf
19:06:11.136 [FXGL Background Thread 3 ] DEBUG Engine               - fontText: Courier-Prime.ttf
19:06:11.136 [FXGL Background Thread 3 ] DEBUG Engine               - fontUI: VarelaRound-Regular.ttf
19:06:11.136 [FXGL Background Thread 3 ] DEBUG Engine               - fullScreen: BooleanProperty [value: false]
19:06:11.136 [FXGL Background Thread 3 ] DEBUG Engine               - gameDifficulty: MEDIUM
19:06:11.136 [FXGL Background Thread 3 ] DEBUG Engine               - gameDifficultyProperty: ObjectProperty [value: MEDIUM]
19:06:11.136 [FXGL Background Thread 3 ] DEBUG Engine               - globalMusicVolume: 0.5
19:06:11.136 [FXGL Background Thread 3 ] DEBUG Engine               - globalMusicVolumeProperty: DoubleProperty [value: 0.5]
19:06:11.136 [FXGL Background Thread 3 ] DEBUG Engine               - globalSoundVolume: 0.5
19:06:11.136 [FXGL Background Thread 3 ] DEBUG Engine               - globalSoundVolumeProperty: DoubleProperty [value: 0.5]
19:06:11.136 [FXGL Background Thread 3 ] DEBUG Engine               - height: 820
19:06:11.136 [FXGL Background Thread 3 ] DEBUG Engine               - is3D: false
19:06:11.136 [FXGL Background Thread 3 ] DEBUG Engine               - isAndroid: false
19:06:11.136 [FXGL Background Thread 3 ] DEBUG Engine               - isBrowser: false
19:06:11.137 [FXGL Background Thread 3 ] DEBUG Engine               - isClickFeedbackEnabled: false
19:06:11.137 [FXGL Background Thread 3 ] DEBUG Engine               - isCloseConfirmation: false
19:06:11.137 [FXGL Background Thread 3 ] DEBUG Engine               - isDesktop: true
19:06:11.137 [FXGL Background Thread 3 ] DEBUG Engine               - isDeveloperMenuEnabled: false
19:06:11.137 [FXGL Background Thread 3 ] DEBUG Engine               - isEmbedded: false
19:06:11.137 [FXGL Background Thread 3 ] DEBUG Engine               - isEntityPreloadEnabled: true
19:06:11.137 [FXGL Background Thread 3 ] DEBUG Engine               - isExperimentalTiledLargeMap: false
19:06:11.137 [FXGL Background Thread 3 ] DEBUG Engine               - isFileSystemWriteAllowed: true
19:06:11.137 [FXGL Background Thread 3 ] DEBUG Engine               - isFullScreenAllowed: false
19:06:11.137 [FXGL Background Thread 3 ] DEBUG Engine               - isFullScreenFromStart: false
19:06:11.137 [FXGL Background Thread 3 ] DEBUG Engine               - isGameMenuEnabled: false
19:06:11.137 [FXGL Background Thread 3 ] DEBUG Engine               - isIOS: false
19:06:11.137 [FXGL Background Thread 3 ] DEBUG Engine               - isIntroEnabled: false
19:06:11.137 [FXGL Background Thread 3 ] DEBUG Engine               - isLinux: false
19:06:11.137 [FXGL Background Thread 3 ] DEBUG Engine               - isMac: false
19:06:11.137 [FXGL Background Thread 3 ] DEBUG Engine               - isMainMenuEnabled: false
19:06:11.137 [FXGL Background Thread 3 ] DEBUG Engine               - isManualResizeEnabled: false
19:06:11.137 [FXGL Background Thread 3 ] DEBUG Engine               - isMobile: false
19:06:11.137 [FXGL Background Thread 3 ] DEBUG Engine               - isNative: false
19:06:11.137 [FXGL Background Thread 3 ] DEBUG Engine               - isPauseMusicWhenMinimized: true
19:06:11.137 [FXGL Background Thread 3 ] DEBUG Engine               - isPreserveResizeRatio: false
19:06:11.137 [FXGL Background Thread 3 ] DEBUG Engine               - isProfilingEnabled: false
19:06:11.138 [FXGL Background Thread 3 ] DEBUG Engine               - isScaleAffectedOnResize: true
19:06:11.138 [FXGL Background Thread 3 ] DEBUG Engine               - isSingleStep: false
19:06:11.138 [FXGL Background Thread 3 ] DEBUG Engine               - isUserProfileEnabled: false
19:06:11.138 [FXGL Background Thread 3 ] DEBUG Engine               - isWindows: true
19:06:11.138 [FXGL Background Thread 3 ] DEBUG Engine               - language: ObjectProperty [value: ENGLISH]
19:06:11.138 [FXGL Background Thread 3 ] DEBUG Engine               - menuKey: ESCAPE
19:06:11.138 [FXGL Background Thread 3 ] DEBUG Engine               - mouseSensitivity: 0.2
19:06:11.138 [FXGL Background Thread 3 ] DEBUG Engine               - notificationViewClass: class com.almasb.fxgl.notification.view.XboxNotificationView
19:06:11.138 [FXGL Background Thread 3 ] DEBUG Engine               - pixelsPerMeter: 50.0
19:06:11.138 [FXGL Background Thread 3 ] DEBUG Engine               - platform: WINDOWS
19:06:11.138 [FXGL Background Thread 3 ] DEBUG Engine               - prefHeightProperty: ReadOnlyDoubleProperty [value: 820.0]
19:06:11.138 [FXGL Background Thread 3 ] DEBUG Engine               - prefWidthProperty: ReadOnlyDoubleProperty [value: 1480.0]
19:06:11.138 [FXGL Background Thread 3 ] DEBUG Engine               - profileDir: profiles/
19:06:11.138 [FXGL Background Thread 3 ] DEBUG Engine               - profileName: StringProperty [value: DEFAULT]
19:06:11.138 [FXGL Background Thread 3 ] DEBUG Engine               - randomSeed: -1
19:06:11.138 [FXGL Background Thread 3 ] DEBUG Engine               - runtimeInfo: RuntimeInfo(platform=WINDOWS, version=17.2, build=20.08.2022 16.50)
19:06:11.138 [FXGL Background Thread 3 ] DEBUG Engine               - saveFileExt: sav
19:06:11.138 [FXGL Background Thread 3 ] DEBUG Engine               - scaledHeightProp$fxgl: DoubleProperty [bound, value: 797.0]
19:06:11.138 [FXGL Background Thread 3 ] DEBUG Engine               - scaledWidthProp$fxgl: DoubleProperty [bound, value: 1415.0]
19:06:11.138 [FXGL Background Thread 3 ] DEBUG Engine               - sceneFactory: com.almasb.fxgl.app.scene.SceneFactory@72df112a
19:06:11.138 [FXGL Background Thread 3 ] DEBUG Engine               - secondsIn24h: 60
19:06:11.138 [FXGL Background Thread 3 ] DEBUG Engine               - soundMenuBack: menu/back.wav
19:06:11.138 [FXGL Background Thread 3 ] DEBUG Engine               - soundMenuPress: menu/press.wav
19:06:11.138 [FXGL Background Thread 3 ] DEBUG Engine               - soundMenuSelect: menu/select.wav
19:06:11.138 [FXGL Background Thread 3 ] DEBUG Engine               - soundNotification: core/notification.wav
19:06:11.138 [FXGL Background Thread 3 ] DEBUG Engine               - stageStyle: DECORATED
19:06:11.138 [FXGL Background Thread 3 ] DEBUG Engine               - supportedLanguages: [ENGLISH, FRENCH, GERMAN, HUNGARIAN, RUSSIAN]
19:06:11.138 [FXGL Background Thread 3 ] DEBUG Engine               - ticksPerSecond: -1
19:06:11.138 [FXGL Background Thread 3 ] DEBUG Engine               - title: Untitled
19:06:11.138 [FXGL Background Thread 3 ] DEBUG Engine               - urlGithub: https://github.com/AlmasB/FXGL
19:06:11.138 [FXGL Background Thread 3 ] DEBUG Engine               - urlLeaderboard: http://fxgl-top.herokuapp.com/
19:06:11.138 [FXGL Background Thread 3 ] DEBUG Engine               - urlPOM: https://raw.githubusercontent.com/AlmasB/FXGL/release/README.md
19:06:11.138 [FXGL Background Thread 3 ] DEBUG Engine               - userAppClass: class edu.vanier.animals_revenge.MainApp
19:06:11.138 [FXGL Background Thread 3 ] DEBUG Engine               - version: 0.0
19:06:11.138 [FXGL Background Thread 3 ] DEBUG Engine               - versionCheckDays: 7
19:06:11.138 [FXGL Background Thread 3 ] DEBUG Engine               - width: 1480
19:06:11.138 [FXGL Background Thread 3 ] DEBUG Engine               - Logging services
19:06:11.138 [FXGL Background Thread 3 ] DEBUG Engine               - class com.almasb.fxgl.app.services.FXGLAssetLoaderService
19:06:11.138 [FXGL Background Thread 3 ] DEBUG Engine               - class com.almasb.fxgl.app.FXGLApplication$GameApplicationService
19:06:11.138 [FXGL Background Thread 3 ] DEBUG Engine               - class com.almasb.fxgl.app.services.FXGLDialogService
19:06:11.138 [FXGL Background Thread 3 ] DEBUG Engine               - class com.almasb.fxgl.app.services.IOTaskExecutorService
19:06:11.139 [FXGL Background Thread 3 ] DEBUG Engine               - class com.almasb.fxgl.io.FileSystemService
19:06:11.139 [FXGL Background Thread 3 ] DEBUG Engine               - class com.almasb.fxgl.localization.LocalizationService
19:06:11.139 [FXGL Background Thread 3 ] DEBUG Engine               - class com.almasb.fxgl.app.services.SystemBundleService
19:06:11.139 [FXGL Background Thread 3 ] DEBUG Engine               - class com.almasb.fxgl.profile.SaveLoadService
19:06:11.139 [FXGL Background Thread 3 ] DEBUG Engine               - class com.almasb.fxgl.ui.FXGLUIFactoryServiceProvider
19:06:11.139 [FXGL Background Thread 3 ] DEBUG Engine               - class com.almasb.fxgl.ui.FXGLDialogFactoryServiceProvider
19:06:11.139 [FXGL Background Thread 3 ] DEBUG Engine               - class com.almasb.fxgl.audio.AudioPlayer
19:06:11.139 [FXGL Background Thread 3 ] DEBUG Engine               - class com.almasb.fxgl.notification.impl.NotificationServiceProvider
19:06:11.139 [FXGL Background Thread 3 ] DEBUG Engine               - class com.almasb.fxgl.achievement.AchievementService
19:06:11.139 [FXGL Background Thread 3 ] DEBUG Engine               - class com.almasb.fxgl.cutscene.CutsceneService
19:06:11.139 [FXGL Background Thread 3 ] DEBUG Engine               - class com.almasb.fxgl.minigames.MiniGameService
19:06:11.139 [FXGL Background Thread 3 ] DEBUG Engine               - class com.almasb.fxgl.net.NetService
19:06:11.139 [FXGL Background Thread 3 ] DEBUG Engine               - class com.almasb.fxgl.app.services.UpdaterService
19:06:11.139 [FXGL Background Thread 3 ] DEBUG Engine               - class com.almasb.fxgl.dev.DevService
19:06:11.742 [JavaFX Application Thread] DEBUG FXGLAssetLoaderServi - Loading from file system: file:/C:/Users/macke/OneDrive/Documents/School/Semester%203/Programming%20in%20a%20Graphical%20User%20Interface/Homework/animals-revenge/build/resources/main/assets/textures/soccer.png
19:06:15.583 [JavaFX Application Thread] DEBUG FXGLApplication      - Exiting FXGL
19:06:15.583 [JavaFX Application Thread] DEBUG LoopRunner           - Stopping loop
19:06:15.583 [JavaFX Application Thread] DEBUG SystemBundleService  - Saving FXGL system data
19:06:15.585 [JavaFX Application Thread] DEBUG FileSystemAccess     - Writing to: C:\Users\macke\OneDrive\Documents\School\Semester 3\Programming in a Graphical User Interface\Homework\animals-revenge\system\fxgl.bundle
19:06:15.586 [JavaFX Application Thread] DEBUG Async                - Shutting down background threads
19:06:15.586 [JavaFX Application Thread] DEBUG PrimaryStageWindow   - Closing main window
19:06:15.601 [JavaFX Application Thread] DEBUG Logger               - Closing Logger
