15:34:06.520 [main                     ] DEBUG Logger               - Configured Logger
15:34:06.533 [main                     ] DEBUG GameApplication      - Logging settings
Title: Untitled
Version: 0.0
Width: 1480
Height: 820
Fullscreen: false
Intro: false
Profiling: false
Single step:false
App Mode: DEVELOPER
Menu Key: ESCAPE
Stage Style: DECORATED
Scene Factory: class com.almasb.fxgl.app.scene.SceneFactory

15:34:06.809 [JavaFX Application Thread] DEBUG FXGLApplication      - Initializing FXGL
15:34:06.814 [JavaFX Application Thread] INFO  Engine               - FXGL-17.2 (20.08.2022 16.50) on WINDOWS (J:18.0.1.1 FX:20.0.2)
15:34:06.815 [JavaFX Application Thread] DEBUG Engine               - JRE Vendor Name: Oracle Corporation
15:34:06.815 [JavaFX Application Thread] DEBUG Engine               - Running on OS: Windows 10 version 10.0
15:34:06.815 [JavaFX Application Thread] DEBUG Engine               - Architecture: amd64
15:34:06.815 [JavaFX Application Thread] INFO  Engine               - Source code and latest versions at: https://github.com/AlmasB/FXGL
15:34:06.815 [JavaFX Application Thread] INFO  Engine               -       Ask questions and discuss at: https://github.com/AlmasB/FXGL/discussions
15:34:06.815 [JavaFX Application Thread] INFO  Engine               -              Join the FXGL chat at: https://gitter.im/AlmasB/FXGL
15:34:06.893 [JavaFX Application Thread] DEBUG PrimaryStageWindow   - Creating a JavaFX scene
15:34:06.931 [JavaFX Application Thread] DEBUG PrimaryStageWindow   - Target settings size: 1480.0 x 820.0
15:34:06.931 [JavaFX Application Thread] DEBUG PrimaryStageWindow   - Scaled scene size:    1480.0 x 820.0
15:34:06.931 [JavaFX Application Thread] DEBUG PrimaryStageWindow   - Scaled ratio: (1.0, 1.0)
15:34:06.933 [JavaFX Application Thread] DEBUG PrimaryStageWindow   - Set initial scene to FXGLStartupScene
15:34:06.936 [JavaFX Application Thread] DEBUG PrimaryStageWindow   - Opening main window
15:34:07.003 [JavaFX Application Thread] DEBUG PrimaryStageWindow   - Window border size: (16.0, 39.0)
15:34:07.003 [JavaFX Application Thread] DEBUG PrimaryStageWindow   - Scaled size: 1480.0 x 820.0
15:34:07.003 [JavaFX Application Thread] DEBUG PrimaryStageWindow   - Scaled ratio: (1.0, 1.0)
15:34:07.003 [JavaFX Application Thread] DEBUG PrimaryStageWindow   - Scene size: 1480.0 x 820.0
15:34:07.003 [JavaFX Application Thread] DEBUG PrimaryStageWindow   - Stage size: 1496.0 x 859.0
15:34:07.008 [FXGL Background Thread 1 ] DEBUG Engine               - Initializing environment variables
15:34:07.047 [FXGL Background Thread 1 ] DEBUG FXGLAssetLoaderServi - User app class for loading assets: class edu.vanier.animals_revenge.MainApp
15:34:07.048 [FXGL Background Thread 1 ] DEBUG GameApplicationServi - Applying CSS: fxgl_dark.css
15:34:07.049 [FXGL Background Thread 1 ] DEBUG FXGLAssetLoaderServi - Loading from file system: jar:file:/C:/Users/2246745/.gradle/caches/modules-2/files-2.1/com.github.almasb/fxgl/17.2/35db6ae960eec2dcfd19262d3b7f9c42f0e95bc3/fxgl-17.2.jar!/fxglassets/ui/css/fxgl_dark.css
15:34:07.086 [FXGL Background Thread 1 ] DEBUG GameApplicationServi - Initializing application scenes
15:34:07.113 [FXGL Background Thread 1 ] DEBUG GameWorld            - Game world initialized
15:34:07.188 [FXGL Background Thread 1 ] DEBUG PhysicsWorld         - Physics world initialized: appHeight=820, physics.ppm=50.0
15:34:07.188 [FXGL Background Thread 1 ] DEBUG PhysicsWorld         - Using strategy: BRUTE_FORCE
15:34:07.191 [FXGL Background Thread 1 ] DEBUG GameScene            - Game scene initialized: 1480x820
15:34:07.191 [FXGL Background Thread 1 ] DEBUG GameApplicationServi - Application scenes initialized
15:34:07.208 [FXGL Background Thread 1 ] DEBUG SystemBundleService  - Loading FXGL system data
15:34:07.213 [FXGL Background Thread 1 ] DEBUG FileSystemAccess     - Reading from: C:\Users\2246745\Documents\GitHub\animals-revenge\system\fxgl.bundle
15:34:07.222 [FXGL Background Thread 1 ] DEBUG SystemBundleService  - Bundle FXGL: {}
15:34:07.223 [FXGL Background Thread 1 ] DEBUG UpdaterService       - Checking for updates
15:34:07.232 [FXGL Background Thread 4 ] DEBUG FXGLApplication      - Loading fonts
15:34:07.233 [FXGL Background Thread 4 ] DEBUG FXGLAssetLoaderServi - Loading from file system: jar:file:/C:/Users/2246745/.gradle/caches/modules-2/files-2.1/com.github.almasb/fxgl/17.2/35db6ae960eec2dcfd19262d3b7f9c42f0e95bc3/fxgl-17.2.jar!/fxglassets/ui/fonts/VarelaRound-Regular.ttf
15:34:07.234 [FXGL Background Thread 1 ] DEBUG FXGLApplication      - Loading default localization
15:34:07.236 [FXGL Background Thread 1 ] DEBUG FXGLAssetLoaderServi - Loading from file system: jar:file:/C:/Users/2246745/.gradle/caches/modules-2/files-2.1/com.github.almasb/fxgl/17.2/35db6ae960eec2dcfd19262d3b7f9c42f0e95bc3/fxgl-17.2.jar!/fxglassets/languages/english.lang
15:34:07.265 [FXGL Background Thread 1 ] INFO  FXGLApplication      - FXGL initialization took: 0.257 sec
15:34:07.270 [JavaFX Application Thread] DEBUG Input                - Registered new binding: Launch - RMB
15:34:07.271 [JavaFX Application Thread] DEBUG Input                - Registered new binding: Create - LMB
15:34:07.271 [JavaFX Application Thread] DEBUG Input                - Registered new binding: Drag - CTRL+LMB
15:34:07.271 [JavaFX Application Thread] DEBUG FXGLAssetLoaderServi - Loading from file system: jar:file:/C:/Users/2246745/.gradle/caches/modules-2/files-2.1/com.github.almasb/fxgl/17.2/35db6ae960eec2dcfd19262d3b7f9c42f0e95bc3/fxgl-17.2.jar!/fxglassets/textures/fxgl_icon.png
15:34:07.280 [FXGL Background Thread 4 ] DEBUG FXGLAssetLoaderServi - Loading from file system: jar:file:/C:/Users/2246745/.gradle/caches/modules-2/files-2.1/com.github.almasb/fxgl/17.2/35db6ae960eec2dcfd19262d3b7f9c42f0e95bc3/fxgl-17.2.jar!/fxglassets/ui/fonts/Abel-Regular.ttf
15:34:07.282 [FXGL Background Thread 4 ] DEBUG FXGLAssetLoaderServi - Loading from file system: jar:file:/C:/Users/2246745/.gradle/caches/modules-2/files-2.1/com.github.almasb/fxgl/17.2/35db6ae960eec2dcfd19262d3b7f9c42f0e95bc3/fxgl-17.2.jar!/fxglassets/ui/fonts/TerminalLandMono-Regular.otf
15:34:07.286 [FXGL Background Thread 4 ] DEBUG FXGLAssetLoaderServi - Loading from file system: jar:file:/C:/Users/2246745/.gradle/caches/modules-2/files-2.1/com.github.almasb/fxgl/17.2/35db6ae960eec2dcfd19262d3b7f9c42f0e95bc3/fxgl-17.2.jar!/fxglassets/ui/fonts/Courier-Prime.ttf
15:34:07.311 [JavaFX Application Thread] DEBUG FXGLAssetLoaderServi - Loading from file system: jar:file:/C:/Users/2246745/.gradle/caches/modules-2/files-2.1/com.github.almasb/fxgl/17.2/35db6ae960eec2dcfd19262d3b7f9c42f0e95bc3/fxgl-17.2.jar!/fxglassets/textures/fxgl_default_cursor.png
15:34:07.319 [JavaFX Application Thread] DEBUG Input                - Registered new binding: Screenshot - CTRL+8
15:34:07.319 [JavaFX Application Thread] DEBUG Input                - Registered new binding: System info dump - CTRL+9
15:34:07.319 [JavaFX Application Thread] DEBUG Input                - Registered new binding: Restart - CTRL+R
15:34:07.320 [JavaFX Application Thread] DEBUG Input                - Registered new binding: Toggle Debug Camera - CTRL+7
15:34:07.322 [JavaFX Application Thread] DEBUG LoopRunner           - Starting loop
15:34:07.322 [JavaFX Application Thread] DEBUG LoopRunner           - Initializing JavaFX AnimationTimerLoop
15:34:07.324 [JavaFX Application Thread] DEBUG GameApplicationServi - Starting new game
15:34:07.324 [JavaFX Application Thread] DEBUG Input                - Clearing active input actions
15:34:07.332 [JavaFX Application Thread] DEBUG GameApplicationServi - Removing overlay from FXGLStartupScene and adding to FXGLLoadingScene
15:34:07.333 [JavaFX Application Thread] DEBUG PrimaryStageWindow   - FXGLStartupScene -> FXGLLoadingScene
15:34:07.333 [JavaFX Application Thread] DEBUG GameApplicationServi - Clearing previous game
15:34:07.333 [JavaFX Application Thread] DEBUG GameScene            - Clearing game scene
15:34:07.333 [JavaFX Application Thread] DEBUG GameWorld            - Clearing game world
15:34:07.333 [JavaFX Application Thread] DEBUG PhysicsWorld         - Clearing physics world
15:34:07.336 [FXGL Background Thread 4 ] DEBUG FXGLApplication      - Initializing game
15:34:07.338 [JavaFX Application Thread] DEBUG FXGLApplication      - Registering font factories with UI factory
15:34:07.394 [FXGL Background Thread 4 ] DEBUG FXGLAssetLoaderServi - Loading from file system: file:/C:/Users/2246745/Documents/GitHub/animals-revenge/build/resources/main/assets/ui/Home.fxml
15:34:07.561 [FXGL Background Thread 2 ] INFO  UpdaterService       - Your current version:  17.2
15:34:07.562 [FXGL Background Thread 2 ] INFO  UpdaterService       - Latest stable version: 17.3
15:34:07.727 [FXGL Background Thread 4 ] INFO  FXGLApplication      - Game initialization took: 0.391 sec
15:34:07.734 [JavaFX Application Thread] DEBUG Input                - Clearing active input actions
15:34:07.741 [JavaFX Application Thread] DEBUG GameApplicationServi - Removing overlay from FXGLLoadingScene and adding to GameScene
15:34:07.742 [JavaFX Application Thread] DEBUG PrimaryStageWindow   - FXGLLoadingScene -> GameScene
15:34:10.232 [FXGL Background Thread 3 ] DEBUG Engine               - Logging environment variables
15:34:10.232 [FXGL Background Thread 3 ] DEBUG Engine               - achievements: []
15:34:10.232 [FXGL Background Thread 3 ] DEBUG Engine               - actualHeight: 820.0
15:34:10.232 [FXGL Background Thread 3 ] DEBUG Engine               - actualHeightProperty: ReadOnlyDoubleProperty [value: 820.0]
15:34:10.232 [FXGL Background Thread 3 ] DEBUG Engine               - actualWidth: 1480.0
15:34:10.232 [FXGL Background Thread 3 ] DEBUG Engine               - actualWidthProperty: ReadOnlyDoubleProperty [value: 1480.0]
15:34:10.233 [FXGL Background Thread 3 ] DEBUG Engine               - appIcon: fxgl_icon.png
15:34:10.233 [FXGL Background Thread 3 ] DEBUG Engine               - applicationMode: DEVELOPER
15:34:10.233 [FXGL Background Thread 3 ] DEBUG Engine               - cSSList: [fxgl_dark.css]
15:34:10.233 [FXGL Background Thread 3 ] DEBUG Engine               - collisionDetectionStrategy: BRUTE_FORCE
15:34:10.233 [FXGL Background Thread 3 ] DEBUG Engine               - configClass: Optional.empty
15:34:10.233 [FXGL Background Thread 3 ] DEBUG Engine               - credits: []
15:34:10.234 [FXGL Background Thread 3 ] DEBUG Engine               - defaultCursor: CursorInfo(imageName=fxgl_default_cursor.png, hotspotX=7.0, hotspotY=6.0)
15:34:10.234 [FXGL Background Thread 3 ] DEBUG Engine               - devBBoxColorProperty: ObjectProperty [value: 0xff0000ff]
15:34:10.234 [FXGL Background Thread 3 ] DEBUG Engine               - devEnableDebugCameraProperty: BooleanProperty [value: false]
15:34:10.234 [FXGL Background Thread 3 ] DEBUG Engine               - devSensorColorProperty: ObjectProperty [value: 0xffff00ff]
15:34:10.234 [FXGL Background Thread 3 ] DEBUG Engine               - devShowBBoxProperty: BooleanProperty [value: false]
15:34:10.234 [FXGL Background Thread 3 ] DEBUG Engine               - devShowPositionProperty: BooleanProperty [value: false]
15:34:10.234 [FXGL Background Thread 3 ] DEBUG Engine               - enabledMenuItems: []
15:34:10.234 [FXGL Background Thread 3 ] DEBUG Engine               - engineServices: [class com.almasb.fxgl.app.services.FXGLAssetLoaderService, class com.almasb.fxgl.app.FXGLApplication$GameApplicationService, class com.almasb.fxgl.app.services.FXGLDialogService, class com.almasb.fxgl.app.services.IOTaskExecutorService, class com.almasb.fxgl.io.FileSystemService, class com.almasb.fxgl.localization.LocalizationService, class com.almasb.fxgl.app.services.SystemBundleService, class com.almasb.fxgl.profile.SaveLoadService, class com.almasb.fxgl.ui.FXGLUIFactoryServiceProvider, class com.almasb.fxgl.ui.FXGLDialogFactoryServiceProvider, class com.almasb.fxgl.audio.AudioPlayer, class com.almasb.fxgl.notification.impl.NotificationServiceProvider, class com.almasb.fxgl.achievement.AchievementService, class com.almasb.fxgl.cutscene.CutsceneService, class com.almasb.fxgl.minigames.MiniGameService, class com.almasb.fxgl.net.NetService, class com.almasb.fxgl.app.services.UpdaterService, class com.almasb.fxgl.dev.DevService]
15:34:10.234 [FXGL Background Thread 3 ] DEBUG Engine               - fontGame: Abel-Regular.ttf
15:34:10.235 [FXGL Background Thread 3 ] DEBUG Engine               - fontMono: TerminalLandMono-Regular.otf
15:34:10.235 [FXGL Background Thread 3 ] DEBUG Engine               - fontText: Courier-Prime.ttf
15:34:10.235 [FXGL Background Thread 3 ] DEBUG Engine               - fontUI: VarelaRound-Regular.ttf
15:34:10.235 [FXGL Background Thread 3 ] DEBUG Engine               - fullScreen: BooleanProperty [value: false]
15:34:10.235 [FXGL Background Thread 3 ] DEBUG Engine               - gameDifficulty: MEDIUM
15:34:10.235 [FXGL Background Thread 3 ] DEBUG Engine               - gameDifficultyProperty: ObjectProperty [value: MEDIUM]
15:34:10.235 [FXGL Background Thread 3 ] DEBUG Engine               - globalMusicVolume: 0.5
15:34:10.235 [FXGL Background Thread 3 ] DEBUG Engine               - globalMusicVolumeProperty: DoubleProperty [value: 0.5]
15:34:10.235 [FXGL Background Thread 3 ] DEBUG Engine               - globalSoundVolume: 0.5
15:34:10.235 [FXGL Background Thread 3 ] DEBUG Engine               - globalSoundVolumeProperty: DoubleProperty [value: 0.5]
15:34:10.235 [FXGL Background Thread 3 ] DEBUG Engine               - height: 820
15:34:10.235 [FXGL Background Thread 3 ] DEBUG Engine               - is3D: false
15:34:10.235 [FXGL Background Thread 3 ] DEBUG Engine               - isAndroid: false
15:34:10.235 [FXGL Background Thread 3 ] DEBUG Engine               - isBrowser: false
15:34:10.235 [FXGL Background Thread 3 ] DEBUG Engine               - isClickFeedbackEnabled: false
15:34:10.235 [FXGL Background Thread 3 ] DEBUG Engine               - isCloseConfirmation: false
15:34:10.235 [FXGL Background Thread 3 ] DEBUG Engine               - isDesktop: true
15:34:10.235 [FXGL Background Thread 3 ] DEBUG Engine               - isDeveloperMenuEnabled: false
15:34:10.235 [FXGL Background Thread 3 ] DEBUG Engine               - isEmbedded: false
15:34:10.235 [FXGL Background Thread 3 ] DEBUG Engine               - isEntityPreloadEnabled: true
15:34:10.235 [FXGL Background Thread 3 ] DEBUG Engine               - isExperimentalTiledLargeMap: false
15:34:10.236 [FXGL Background Thread 3 ] DEBUG Engine               - isFileSystemWriteAllowed: true
15:34:10.236 [FXGL Background Thread 3 ] DEBUG Engine               - isFullScreenAllowed: false
15:34:10.236 [FXGL Background Thread 3 ] DEBUG Engine               - isFullScreenFromStart: false
15:34:10.236 [FXGL Background Thread 3 ] DEBUG Engine               - isGameMenuEnabled: false
15:34:10.236 [FXGL Background Thread 3 ] DEBUG Engine               - isIOS: false
15:34:10.236 [FXGL Background Thread 3 ] DEBUG Engine               - isIntroEnabled: false
15:34:10.236 [FXGL Background Thread 3 ] DEBUG Engine               - isLinux: false
15:34:10.236 [FXGL Background Thread 3 ] DEBUG Engine               - isMac: false
15:34:10.236 [FXGL Background Thread 3 ] DEBUG Engine               - isMainMenuEnabled: false
15:34:10.236 [FXGL Background Thread 3 ] DEBUG Engine               - isManualResizeEnabled: false
15:34:10.236 [FXGL Background Thread 3 ] DEBUG Engine               - isMobile: false
15:34:10.236 [FXGL Background Thread 3 ] DEBUG Engine               - isNative: false
15:34:10.236 [FXGL Background Thread 3 ] DEBUG Engine               - isPauseMusicWhenMinimized: true
15:34:10.236 [FXGL Background Thread 3 ] DEBUG Engine               - isPreserveResizeRatio: false
15:34:10.236 [FXGL Background Thread 3 ] DEBUG Engine               - isProfilingEnabled: false
15:34:10.236 [FXGL Background Thread 3 ] DEBUG Engine               - isScaleAffectedOnResize: true
15:34:10.236 [FXGL Background Thread 3 ] DEBUG Engine               - isSingleStep: false
15:34:10.236 [FXGL Background Thread 3 ] DEBUG Engine               - isUserProfileEnabled: false
15:34:10.236 [FXGL Background Thread 3 ] DEBUG Engine               - isWindows: true
15:34:10.236 [FXGL Background Thread 3 ] DEBUG Engine               - language: ObjectProperty [value: ENGLISH]
15:34:10.236 [FXGL Background Thread 3 ] DEBUG Engine               - menuKey: ESCAPE
15:34:10.237 [FXGL Background Thread 3 ] DEBUG Engine               - mouseSensitivity: 0.2
15:34:10.237 [FXGL Background Thread 3 ] DEBUG Engine               - notificationViewClass: class com.almasb.fxgl.notification.view.XboxNotificationView
15:34:10.237 [FXGL Background Thread 3 ] DEBUG Engine               - pixelsPerMeter: 50.0
15:34:10.237 [FXGL Background Thread 3 ] DEBUG Engine               - platform: WINDOWS
15:34:10.237 [FXGL Background Thread 3 ] DEBUG Engine               - prefHeightProperty: ReadOnlyDoubleProperty [value: 820.0]
15:34:10.237 [FXGL Background Thread 3 ] DEBUG Engine               - prefWidthProperty: ReadOnlyDoubleProperty [value: 1480.0]
15:34:10.237 [FXGL Background Thread 3 ] DEBUG Engine               - profileDir: profiles/
15:34:10.237 [FXGL Background Thread 3 ] DEBUG Engine               - profileName: StringProperty [value: DEFAULT]
15:34:10.237 [FXGL Background Thread 3 ] DEBUG Engine               - randomSeed: -1
15:34:10.238 [FXGL Background Thread 3 ] DEBUG Engine               - runtimeInfo: RuntimeInfo(platform=WINDOWS, version=17.2, build=20.08.2022 16.50)
15:34:10.238 [FXGL Background Thread 3 ] DEBUG Engine               - saveFileExt: sav
15:34:10.238 [FXGL Background Thread 3 ] DEBUG Engine               - scaledHeightProp$fxgl: DoubleProperty [bound, value: 820.0]
15:34:10.238 [FXGL Background Thread 3 ] DEBUG Engine               - scaledWidthProp$fxgl: DoubleProperty [bound, value: 1480.0]
15:34:10.238 [FXGL Background Thread 3 ] DEBUG Engine               - sceneFactory: com.almasb.fxgl.app.scene.SceneFactory@43758424
15:34:10.238 [FXGL Background Thread 3 ] DEBUG Engine               - secondsIn24h: 60
15:34:10.238 [FXGL Background Thread 3 ] DEBUG Engine               - soundMenuBack: menu/back.wav
15:34:10.238 [FXGL Background Thread 3 ] DEBUG Engine               - soundMenuPress: menu/press.wav
15:34:10.238 [FXGL Background Thread 3 ] DEBUG Engine               - soundMenuSelect: menu/select.wav
15:34:10.238 [FXGL Background Thread 3 ] DEBUG Engine               - soundNotification: core/notification.wav
15:34:10.238 [FXGL Background Thread 3 ] DEBUG Engine               - stageStyle: DECORATED
15:34:10.238 [FXGL Background Thread 3 ] DEBUG Engine               - supportedLanguages: [ENGLISH, FRENCH, GERMAN, HUNGARIAN, RUSSIAN]
15:34:10.238 [FXGL Background Thread 3 ] DEBUG Engine               - ticksPerSecond: -1
15:34:10.238 [FXGL Background Thread 3 ] DEBUG Engine               - title: Untitled
15:34:10.238 [FXGL Background Thread 3 ] DEBUG Engine               - urlGithub: https://github.com/AlmasB/FXGL
15:34:10.238 [FXGL Background Thread 3 ] DEBUG Engine               - urlLeaderboard: http://fxgl-top.herokuapp.com/
15:34:10.238 [FXGL Background Thread 3 ] DEBUG Engine               - urlPOM: https://raw.githubusercontent.com/AlmasB/FXGL/release/README.md
15:34:10.239 [FXGL Background Thread 3 ] DEBUG Engine               - userAppClass: class edu.vanier.animals_revenge.MainApp
15:34:10.239 [FXGL Background Thread 3 ] DEBUG Engine               - version: 0.0
15:34:10.239 [FXGL Background Thread 3 ] DEBUG Engine               - versionCheckDays: 7
15:34:10.239 [FXGL Background Thread 3 ] DEBUG Engine               - width: 1480
15:34:10.239 [FXGL Background Thread 3 ] DEBUG Engine               - Logging services
15:34:10.239 [FXGL Background Thread 3 ] DEBUG Engine               - class com.almasb.fxgl.app.services.FXGLAssetLoaderService
15:34:10.239 [FXGL Background Thread 3 ] DEBUG Engine               - class com.almasb.fxgl.app.FXGLApplication$GameApplicationService
15:34:10.239 [FXGL Background Thread 3 ] DEBUG Engine               - class com.almasb.fxgl.app.services.FXGLDialogService
15:34:10.239 [FXGL Background Thread 3 ] DEBUG Engine               - class com.almasb.fxgl.app.services.IOTaskExecutorService
15:34:10.239 [FXGL Background Thread 3 ] DEBUG Engine               - class com.almasb.fxgl.io.FileSystemService
15:34:10.239 [FXGL Background Thread 3 ] DEBUG Engine               - class com.almasb.fxgl.localization.LocalizationService
15:34:10.239 [FXGL Background Thread 3 ] DEBUG Engine               - class com.almasb.fxgl.app.services.SystemBundleService
15:34:10.239 [FXGL Background Thread 3 ] DEBUG Engine               - class com.almasb.fxgl.profile.SaveLoadService
15:34:10.239 [FXGL Background Thread 3 ] DEBUG Engine               - class com.almasb.fxgl.ui.FXGLUIFactoryServiceProvider
15:34:10.239 [FXGL Background Thread 3 ] DEBUG Engine               - class com.almasb.fxgl.ui.FXGLDialogFactoryServiceProvider
15:34:10.239 [FXGL Background Thread 3 ] DEBUG Engine               - class com.almasb.fxgl.audio.AudioPlayer
15:34:10.239 [FXGL Background Thread 3 ] DEBUG Engine               - class com.almasb.fxgl.notification.impl.NotificationServiceProvider
15:34:10.239 [FXGL Background Thread 3 ] DEBUG Engine               - class com.almasb.fxgl.achievement.AchievementService
15:34:10.239 [FXGL Background Thread 3 ] DEBUG Engine               - class com.almasb.fxgl.cutscene.CutsceneService
15:34:10.239 [FXGL Background Thread 3 ] DEBUG Engine               - class com.almasb.fxgl.minigames.MiniGameService
15:34:10.239 [FXGL Background Thread 3 ] DEBUG Engine               - class com.almasb.fxgl.net.NetService
15:34:10.239 [FXGL Background Thread 3 ] DEBUG Engine               - class com.almasb.fxgl.app.services.UpdaterService
15:34:10.239 [FXGL Background Thread 3 ] DEBUG Engine               - class com.almasb.fxgl.dev.DevService
15:34:10.699 [JavaFX Application Thread] DEBUG FXGLAssetLoaderServi - Loading from file system: file:/C:/Users/2246745/Documents/GitHub/animals-revenge/build/resources/main/assets/ui/Simulator.fxml
15:34:10.757 [JavaFX Application Thread] DEBUG FXGLAssetLoaderServi - Loading from file system: file:/C:/Users/2246745/Documents/GitHub/animals-revenge/build/resources/main/assets/textures/cannon.png
15:34:10.759 [JavaFX Application Thread] DEBUG FXGLAssetLoaderServi - Loading from file system: file:/C:/Users/2246745/Documents/GitHub/animals-revenge/build/resources/main/assets/textures/brick32x32.png
15:34:22.275 [JavaFX Application Thread] DEBUG FXGLAssetLoaderServi - Loading from file system: file:/C:/Users/2246745/Documents/GitHub/animals-revenge/build/resources/main/assets/textures/soccer.png
15:36:50.012 [JavaFX Application Thread] DEBUG FXGLApplication      - Exiting FXGL
15:36:50.012 [JavaFX Application Thread] DEBUG LoopRunner           - Stopping loop
15:36:50.012 [JavaFX Application Thread] DEBUG SystemBundleService  - Saving FXGL system data
15:36:50.013 [JavaFX Application Thread] DEBUG FileSystemAccess     - Writing to: C:\Users\2246745\Documents\GitHub\animals-revenge\system\fxgl.bundle
15:36:50.015 [JavaFX Application Thread] DEBUG Async                - Shutting down background threads
15:36:50.015 [JavaFX Application Thread] DEBUG PrimaryStageWindow   - Closing main window
15:36:50.027 [JavaFX Application Thread] DEBUG Logger               - Closing Logger
