12:53:34.132 [main                     ] DEBUG Logger               - Configured Logger
12:53:34.140 [main                     ] DEBUG GameApplication      - Logging settings
Title: Untitled
Version: 0.0
Width: 1480
Height: 820
Fullscreen: false
Intro: false
Profiling: false
Single step:false
App Mode: DEVELOPER
Menu Key: ESCAPE
Stage Style: DECORATED
Scene Factory: class com.almasb.fxgl.app.scene.SceneFactory

12:53:34.367 [JavaFX Application Thread] DEBUG FXGLApplication      - Initializing FXGL
12:53:34.371 [JavaFX Application Thread] INFO  Engine               - FXGL-17.2 (20.08.2022 16.50) on WINDOWS (J:18.0.2.1 FX:20.0.2)
12:53:34.371 [JavaFX Application Thread] DEBUG Engine               - JRE Vendor Name: Oracle Corporation
12:53:34.372 [JavaFX Application Thread] DEBUG Engine               - Running on OS: Windows 11 version 10.0
12:53:34.372 [JavaFX Application Thread] DEBUG Engine               - Architecture: amd64
12:53:34.372 [JavaFX Application Thread] INFO  Engine               - Source code and latest versions at: https://github.com/AlmasB/FXGL
12:53:34.372 [JavaFX Application Thread] INFO  Engine               -       Ask questions and discuss at: https://github.com/AlmasB/FXGL/discussions
12:53:34.372 [JavaFX Application Thread] INFO  Engine               -              Join the FXGL chat at: https://gitter.im/AlmasB/FXGL
12:53:34.424 [JavaFX Application Thread] DEBUG PrimaryStageWindow   - Creating a JavaFX scene
12:53:34.424 [JavaFX Application Thread] DEBUG PrimaryStageWindow   - Target size > screen size
12:53:34.459 [JavaFX Application Thread] DEBUG PrimaryStageWindow   - Target settings size: 1480.0 x 820.0
12:53:34.460 [JavaFX Application Thread] DEBUG PrimaryStageWindow   - Scaled scene size:    1415.0 x 797.0
12:53:34.460 [JavaFX Application Thread] DEBUG PrimaryStageWindow   - Scaled ratio: (0.956081081081081, 0.9719512195121951)
12:53:34.461 [JavaFX Application Thread] DEBUG PrimaryStageWindow   - Set initial scene to FXGLStartupScene
12:53:34.464 [JavaFX Application Thread] DEBUG PrimaryStageWindow   - Opening main window
12:53:34.528 [JavaFX Application Thread] DEBUG PrimaryStageWindow   - Window border size: (13.0, 35.5)
12:53:34.528 [JavaFX Application Thread] DEBUG PrimaryStageWindow   - Scaled size: 1415.0 x 797.0
12:53:34.528 [JavaFX Application Thread] DEBUG PrimaryStageWindow   - Scaled ratio: (0.956081081081081, 0.9719512195121951)
12:53:34.528 [JavaFX Application Thread] DEBUG PrimaryStageWindow   - Scene size: 1415.0 x 797.0
12:53:34.528 [JavaFX Application Thread] DEBUG PrimaryStageWindow   - Stage size: 1428.0 x 832.5
12:53:34.532 [FXGL Background Thread 1 ] DEBUG Engine               - Initializing environment variables
12:53:34.559 [FXGL Background Thread 1 ] DEBUG FXGLAssetLoaderServi - User app class for loading assets: class edu.vanier.animals_revenge.MainApp
12:53:34.559 [FXGL Background Thread 1 ] DEBUG GameApplicationServi - Applying CSS: fxgl_dark.css
12:53:34.560 [FXGL Background Thread 1 ] DEBUG FXGLAssetLoaderServi - Loading from file system: jar:file:/C:/Users/macke/.gradle/caches/modules-2/files-2.1/com.github.almasb/fxgl/17.2/35db6ae960eec2dcfd19262d3b7f9c42f0e95bc3/fxgl-17.2.jar!/fxglassets/ui/css/fxgl_dark.css
12:53:34.586 [FXGL Background Thread 1 ] DEBUG GameApplicationServi - Initializing application scenes
12:53:34.620 [FXGL Background Thread 1 ] DEBUG GameWorld            - Game world initialized
12:53:34.667 [FXGL Background Thread 1 ] DEBUG PhysicsWorld         - Physics world initialized: appHeight=820, physics.ppm=50.0
12:53:34.667 [FXGL Background Thread 1 ] DEBUG PhysicsWorld         - Using strategy: BRUTE_FORCE
12:53:34.672 [FXGL Background Thread 1 ] DEBUG GameScene            - Game scene initialized: 1480x820
12:53:34.672 [FXGL Background Thread 1 ] DEBUG GameApplicationServi - Application scenes initialized
12:53:34.685 [FXGL Background Thread 1 ] DEBUG SystemBundleService  - Loading FXGL system data
12:53:34.691 [FXGL Background Thread 1 ] DEBUG FileSystemAccess     - Reading from: C:\Users\macke\OneDrive\Documents\School\Semester 3\Programming in a Graphical User Interface\Homework\animals-revenge\system\fxgl.bundle
12:53:34.699 [FXGL Background Thread 1 ] DEBUG SystemBundleService  - Bundle FXGL: {}
12:53:34.699 [FXGL Background Thread 1 ] DEBUG UpdaterService       - Checking for updates
12:53:34.706 [FXGL Background Thread 4 ] DEBUG FXGLApplication      - Loading fonts
12:53:34.707 [FXGL Background Thread 1 ] DEBUG FXGLApplication      - Loading default localization
12:53:34.707 [FXGL Background Thread 4 ] DEBUG FXGLAssetLoaderServi - Loading from file system: jar:file:/C:/Users/macke/.gradle/caches/modules-2/files-2.1/com.github.almasb/fxgl/17.2/35db6ae960eec2dcfd19262d3b7f9c42f0e95bc3/fxgl-17.2.jar!/fxglassets/ui/fonts/VarelaRound-Regular.ttf
12:53:34.707 [FXGL Background Thread 1 ] DEBUG FXGLAssetLoaderServi - Loading from file system: jar:file:/C:/Users/macke/.gradle/caches/modules-2/files-2.1/com.github.almasb/fxgl/17.2/35db6ae960eec2dcfd19262d3b7f9c42f0e95bc3/fxgl-17.2.jar!/fxglassets/languages/english.lang
12:53:34.732 [FXGL Background Thread 1 ] INFO  FXGLApplication      - FXGL initialization took: 0.199 sec
12:53:34.736 [JavaFX Application Thread] DEBUG Input                - Registered new binding: Launch - RMB
12:53:34.737 [JavaFX Application Thread] DEBUG Input                - Registered new binding: Create - LMB
12:53:34.739 [JavaFX Application Thread] DEBUG Input                - Registered new binding: Drag - CTRL+LMB
12:53:34.739 [JavaFX Application Thread] DEBUG FXGLAssetLoaderServi - Loading from file system: jar:file:/C:/Users/macke/.gradle/caches/modules-2/files-2.1/com.github.almasb/fxgl/17.2/35db6ae960eec2dcfd19262d3b7f9c42f0e95bc3/fxgl-17.2.jar!/fxglassets/textures/fxgl_icon.png
12:53:34.774 [FXGL Background Thread 4 ] DEBUG FXGLAssetLoaderServi - Loading from file system: jar:file:/C:/Users/macke/.gradle/caches/modules-2/files-2.1/com.github.almasb/fxgl/17.2/35db6ae960eec2dcfd19262d3b7f9c42f0e95bc3/fxgl-17.2.jar!/fxglassets/ui/fonts/Abel-Regular.ttf
12:53:34.776 [JavaFX Application Thread] DEBUG FXGLAssetLoaderServi - Loading from file system: jar:file:/C:/Users/macke/.gradle/caches/modules-2/files-2.1/com.github.almasb/fxgl/17.2/35db6ae960eec2dcfd19262d3b7f9c42f0e95bc3/fxgl-17.2.jar!/fxglassets/textures/fxgl_default_cursor.png
12:53:34.777 [FXGL Background Thread 4 ] DEBUG FXGLAssetLoaderServi - Loading from file system: jar:file:/C:/Users/macke/.gradle/caches/modules-2/files-2.1/com.github.almasb/fxgl/17.2/35db6ae960eec2dcfd19262d3b7f9c42f0e95bc3/fxgl-17.2.jar!/fxglassets/ui/fonts/TerminalLandMono-Regular.otf
12:53:34.782 [FXGL Background Thread 4 ] DEBUG FXGLAssetLoaderServi - Loading from file system: jar:file:/C:/Users/macke/.gradle/caches/modules-2/files-2.1/com.github.almasb/fxgl/17.2/35db6ae960eec2dcfd19262d3b7f9c42f0e95bc3/fxgl-17.2.jar!/fxglassets/ui/fonts/Courier-Prime.ttf
12:53:34.784 [JavaFX Application Thread] DEBUG Input                - Registered new binding: Screenshot - CTRL+8
12:53:34.784 [JavaFX Application Thread] DEBUG Input                - Registered new binding: System info dump - CTRL+9
12:53:34.786 [JavaFX Application Thread] DEBUG Input                - Registered new binding: Restart - CTRL+R
12:53:34.788 [JavaFX Application Thread] DEBUG Input                - Registered new binding: Toggle Debug Camera - CTRL+7
12:53:34.791 [JavaFX Application Thread] DEBUG LoopRunner           - Starting loop
12:53:34.791 [JavaFX Application Thread] DEBUG LoopRunner           - Initializing JavaFX AnimationTimerLoop
12:53:34.796 [JavaFX Application Thread] DEBUG GameApplicationServi - Starting new game
12:53:34.797 [JavaFX Application Thread] DEBUG Input                - Clearing active input actions
12:53:34.807 [JavaFX Application Thread] DEBUG GameApplicationServi - Removing overlay from FXGLStartupScene and adding to FXGLLoadingScene
12:53:34.807 [JavaFX Application Thread] DEBUG PrimaryStageWindow   - FXGLStartupScene -> FXGLLoadingScene
12:53:34.807 [JavaFX Application Thread] DEBUG GameApplicationServi - Clearing previous game
12:53:34.807 [JavaFX Application Thread] DEBUG GameScene            - Clearing game scene
12:53:34.807 [JavaFX Application Thread] DEBUG GameWorld            - Clearing game world
12:53:34.807 [JavaFX Application Thread] DEBUG PhysicsWorld         - Clearing physics world
12:53:34.810 [JavaFX Application Thread] DEBUG FXGLApplication      - Registering font factories with UI factory
12:53:34.810 [FXGL Background Thread 4 ] DEBUG FXGLApplication      - Initializing game
12:53:34.839 [FXGL Background Thread 4 ] DEBUG FXGLAssetLoaderServi - Loading from file system: file:/C:/Users/macke/OneDrive/Documents/School/Semester%203/Programming%20in%20a%20Graphical%20User%20Interface/Homework/animals-revenge/build/resources/main/assets/ui/Home.fxml
12:53:35.016 [FXGL Background Thread 2 ] INFO  UpdaterService       - Your current version:  17.2
12:53:35.016 [FXGL Background Thread 2 ] INFO  UpdaterService       - Latest stable version: 17.3
12:53:35.092 [FXGL Background Thread 4 ] INFO  FXGLApplication      - Game initialization took: 0.282 sec
12:53:35.092 [JavaFX Application Thread] DEBUG Input                - Clearing active input actions
12:53:35.100 [JavaFX Application Thread] DEBUG GameApplicationServi - Removing overlay from FXGLLoadingScene and adding to GameScene
12:53:35.100 [JavaFX Application Thread] DEBUG PrimaryStageWindow   - FXGLLoadingScene -> GameScene
12:53:37.203 [JavaFX Application Thread] DEBUG FXGLApplication      - Exiting FXGL
12:53:37.203 [JavaFX Application Thread] DEBUG LoopRunner           - Stopping loop
12:53:37.204 [JavaFX Application Thread] DEBUG SystemBundleService  - Saving FXGL system data
12:53:37.207 [JavaFX Application Thread] DEBUG FileSystemAccess     - Writing to: C:\Users\macke\OneDrive\Documents\School\Semester 3\Programming in a Graphical User Interface\Homework\animals-revenge\system\fxgl.bundle
12:53:37.208 [JavaFX Application Thread] DEBUG Async                - Shutting down background threads
12:53:37.208 [JavaFX Application Thread] DEBUG PrimaryStageWindow   - Closing main window
12:53:37.218 [JavaFX Application Thread] DEBUG Logger               - Closing Logger
