00:20:43.283 [main                     ] DEBUG Logger               - Configured Logger
00:20:43.317 [main                     ] DEBUG GameApplication      - Logging settings
Title: Untitled
Version: 0.0
Width: 1480
Height: 820
Fullscreen: false
Intro: false
Profiling: false
Single step:false
App Mode: DEVELOPER
Menu Key: ESCAPE
Stage Style: DECORATED
Scene Factory: class com.almasb.fxgl.app.scene.SceneFactory

00:20:43.983 [JavaFX Application Thread] DEBUG FXGLApplication      - Initializing FXGL
00:20:43.999 [JavaFX Application Thread] INFO  Engine               - FXGL-17.2 (20.08.2022 16.50) on WINDOWS (J:18.0.2.1 FX:20.0.2)
00:20:44.001 [JavaFX Application Thread] DEBUG Engine               - JRE Vendor Name: Oracle Corporation
00:20:44.002 [JavaFX Application Thread] DEBUG Engine               - Running on OS: Windows 11 version 10.0
00:20:44.002 [JavaFX Application Thread] DEBUG Engine               - Architecture: amd64
00:20:44.002 [JavaFX Application Thread] INFO  Engine               - Source code and latest versions at: https://github.com/AlmasB/FXGL
00:20:44.002 [JavaFX Application Thread] INFO  Engine               -       Ask questions and discuss at: https://github.com/AlmasB/FXGL/discussions
00:20:44.002 [JavaFX Application Thread] INFO  Engine               -              Join the FXGL chat at: https://gitter.im/AlmasB/FXGL
00:20:44.157 [JavaFX Application Thread] DEBUG PrimaryStageWindow   - Creating a JavaFX scene
00:20:44.158 [JavaFX Application Thread] DEBUG PrimaryStageWindow   - Target size > screen size
00:20:44.237 [JavaFX Application Thread] DEBUG PrimaryStageWindow   - Target settings size: 1480.0 x 820.0
00:20:44.238 [JavaFX Application Thread] DEBUG PrimaryStageWindow   - Scaled scene size:    1415.0 x 797.0
00:20:44.239 [JavaFX Application Thread] DEBUG PrimaryStageWindow   - Scaled ratio: (0.956081081081081, 0.9719512195121951)
00:20:44.241 [JavaFX Application Thread] DEBUG PrimaryStageWindow   - Set initial scene to FXGLStartupScene
00:20:44.246 [JavaFX Application Thread] DEBUG PrimaryStageWindow   - Opening main window
00:20:44.392 [JavaFX Application Thread] DEBUG PrimaryStageWindow   - Window border size: (13.0, 35.5)
00:20:44.392 [JavaFX Application Thread] DEBUG PrimaryStageWindow   - Scaled size: 1415.0 x 797.0
00:20:44.392 [JavaFX Application Thread] DEBUG PrimaryStageWindow   - Scaled ratio: (0.956081081081081, 0.9719512195121951)
00:20:44.392 [JavaFX Application Thread] DEBUG PrimaryStageWindow   - Scene size: 1415.0 x 797.0
00:20:44.393 [JavaFX Application Thread] DEBUG PrimaryStageWindow   - Stage size: 1428.0 x 832.5
00:20:44.402 [FXGL Background Thread 1 ] DEBUG Engine               - Initializing environment variables
00:20:44.463 [FXGL Background Thread 1 ] DEBUG FXGLAssetLoaderServi - User app class for loading assets: class edu.vanier.animals_revenge.MainApp
00:20:44.463 [FXGL Background Thread 1 ] DEBUG GameApplicationServi - Applying CSS: fxgl_dark.css
00:20:44.466 [FXGL Background Thread 1 ] DEBUG FXGLAssetLoaderServi - Loading from file system: jar:file:/C:/Users/macke/.gradle/caches/modules-2/files-2.1/com.github.almasb/fxgl/17.2/35db6ae960eec2dcfd19262d3b7f9c42f0e95bc3/fxgl-17.2.jar!/fxglassets/ui/css/fxgl_dark.css
00:20:44.535 [FXGL Background Thread 1 ] DEBUG GameApplicationServi - Initializing application scenes
00:20:44.608 [FXGL Background Thread 1 ] DEBUG GameWorld            - Game world initialized
00:20:44.674 [FXGL Background Thread 1 ] DEBUG PhysicsWorld         - Physics world initialized: appHeight=820, physics.ppm=50.0
00:20:44.675 [FXGL Background Thread 1 ] DEBUG PhysicsWorld         - Using strategy: BRUTE_FORCE
00:20:44.680 [FXGL Background Thread 1 ] DEBUG GameScene            - Game scene initialized: 1480x820
00:20:44.680 [FXGL Background Thread 1 ] DEBUG GameApplicationServi - Application scenes initialized
00:20:44.698 [FXGL Background Thread 1 ] DEBUG SystemBundleService  - Loading FXGL system data
00:20:44.703 [FXGL Background Thread 1 ] DEBUG FileSystemAccess     - Reading from: C:\Users\macke\OneDrive\Documents\School\Semester 3\Programming in a Graphical User Interface\Homework\animals-revenge\system\fxgl.bundle
00:20:44.714 [FXGL Background Thread 1 ] DEBUG SystemBundleService  - Bundle FXGL: {}
00:20:44.714 [FXGL Background Thread 1 ] DEBUG UpdaterService       - Checking for updates
00:20:44.724 [FXGL Background Thread 1 ] DEBUG FXGLApplication      - Loading default localization
00:20:44.725 [FXGL Background Thread 4 ] DEBUG FXGLApplication      - Loading fonts
00:20:44.726 [FXGL Background Thread 1 ] DEBUG FXGLAssetLoaderServi - Loading from file system: jar:file:/C:/Users/macke/.gradle/caches/modules-2/files-2.1/com.github.almasb/fxgl/17.2/35db6ae960eec2dcfd19262d3b7f9c42f0e95bc3/fxgl-17.2.jar!/fxglassets/languages/english.lang
00:20:44.726 [FXGL Background Thread 4 ] DEBUG FXGLAssetLoaderServi - Loading from file system: jar:file:/C:/Users/macke/.gradle/caches/modules-2/files-2.1/com.github.almasb/fxgl/17.2/35db6ae960eec2dcfd19262d3b7f9c42f0e95bc3/fxgl-17.2.jar!/fxglassets/ui/fonts/VarelaRound-Regular.ttf
00:20:44.791 [FXGL Background Thread 1 ] INFO  FXGLApplication      - FXGL initialization took: 0.388 sec
00:20:44.797 [JavaFX Application Thread] DEBUG Input                - Registered new binding: Launch - RMB
00:20:44.797 [JavaFX Application Thread] DEBUG Input                - Registered new binding: Create - LMB
00:20:44.798 [JavaFX Application Thread] DEBUG Input                - Registered new binding: Drag - CTRL+LMB
00:20:44.798 [JavaFX Application Thread] DEBUG FXGLAssetLoaderServi - Loading from file system: jar:file:/C:/Users/macke/.gradle/caches/modules-2/files-2.1/com.github.almasb/fxgl/17.2/35db6ae960eec2dcfd19262d3b7f9c42f0e95bc3/fxgl-17.2.jar!/fxglassets/textures/fxgl_icon.png
00:20:44.833 [FXGL Background Thread 4 ] DEBUG FXGLAssetLoaderServi - Loading from file system: jar:file:/C:/Users/macke/.gradle/caches/modules-2/files-2.1/com.github.almasb/fxgl/17.2/35db6ae960eec2dcfd19262d3b7f9c42f0e95bc3/fxgl-17.2.jar!/fxglassets/ui/fonts/Abel-Regular.ttf
00:20:44.838 [FXGL Background Thread 4 ] DEBUG FXGLAssetLoaderServi - Loading from file system: jar:file:/C:/Users/macke/.gradle/caches/modules-2/files-2.1/com.github.almasb/fxgl/17.2/35db6ae960eec2dcfd19262d3b7f9c42f0e95bc3/fxgl-17.2.jar!/fxglassets/ui/fonts/TerminalLandMono-Regular.otf
00:20:44.843 [FXGL Background Thread 4 ] DEBUG FXGLAssetLoaderServi - Loading from file system: jar:file:/C:/Users/macke/.gradle/caches/modules-2/files-2.1/com.github.almasb/fxgl/17.2/35db6ae960eec2dcfd19262d3b7f9c42f0e95bc3/fxgl-17.2.jar!/fxglassets/ui/fonts/Courier-Prime.ttf
00:20:44.858 [JavaFX Application Thread] DEBUG FXGLAssetLoaderServi - Loading from file system: jar:file:/C:/Users/macke/.gradle/caches/modules-2/files-2.1/com.github.almasb/fxgl/17.2/35db6ae960eec2dcfd19262d3b7f9c42f0e95bc3/fxgl-17.2.jar!/fxglassets/textures/fxgl_default_cursor.png
00:20:44.867 [JavaFX Application Thread] DEBUG Input                - Registered new binding: Screenshot - CTRL+8
00:20:44.868 [JavaFX Application Thread] DEBUG Input                - Registered new binding: System info dump - CTRL+9
00:20:44.869 [JavaFX Application Thread] DEBUG Input                - Registered new binding: Restart - CTRL+R
00:20:44.870 [JavaFX Application Thread] DEBUG Input                - Registered new binding: Toggle Debug Camera - CTRL+7
00:20:44.873 [JavaFX Application Thread] DEBUG LoopRunner           - Starting loop
00:20:44.873 [JavaFX Application Thread] DEBUG LoopRunner           - Initializing JavaFX AnimationTimerLoop
00:20:44.874 [JavaFX Application Thread] DEBUG GameApplicationServi - Starting new game
00:20:44.875 [JavaFX Application Thread] DEBUG Input                - Clearing active input actions
00:20:44.897 [JavaFX Application Thread] DEBUG GameApplicationServi - Removing overlay from FXGLStartupScene and adding to FXGLLoadingScene
00:20:44.897 [JavaFX Application Thread] DEBUG PrimaryStageWindow   - FXGLStartupScene -> FXGLLoadingScene
00:20:44.897 [JavaFX Application Thread] DEBUG GameApplicationServi - Clearing previous game
00:20:44.898 [JavaFX Application Thread] DEBUG GameScene            - Clearing game scene
00:20:44.898 [JavaFX Application Thread] DEBUG GameWorld            - Clearing game world
00:20:44.898 [JavaFX Application Thread] DEBUG PhysicsWorld         - Clearing physics world
00:20:44.900 [FXGL Background Thread 4 ] DEBUG FXGLApplication      - Initializing game
00:20:44.901 [JavaFX Application Thread] DEBUG FXGLApplication      - Registering font factories with UI factory
00:20:44.942 [FXGL Background Thread 4 ] DEBUG FXGLAssetLoaderServi - Loading from file system: file:/C:/Users/macke/OneDrive/Documents/School/Semester%203/Programming%20in%20a%20Graphical%20User%20Interface/Homework/animals-revenge/build/resources/main/assets/ui/Home.fxml
00:20:45.513 [FXGL Background Thread 2 ] INFO  UpdaterService       - Your current version:  17.2
00:20:45.513 [FXGL Background Thread 2 ] INFO  UpdaterService       - Latest stable version: 17.3
00:20:45.834 [FXGL Background Thread 4 ] INFO  FXGLApplication      - Game initialization took: 0.932 sec
00:20:45.835 [JavaFX Application Thread] DEBUG Input                - Clearing active input actions
00:20:45.886 [JavaFX Application Thread] DEBUG GameApplicationServi - Removing overlay from FXGLLoadingScene and adding to GameScene
00:20:45.887 [JavaFX Application Thread] DEBUG PrimaryStageWindow   - FXGLLoadingScene -> GameScene
00:20:47.723 [FXGL Background Thread 3 ] DEBUG Engine               - Logging environment variables
00:20:47.723 [FXGL Background Thread 3 ] DEBUG Engine               - achievements: []
00:20:47.724 [FXGL Background Thread 3 ] DEBUG Engine               - actualHeight: 797.0
00:20:47.724 [FXGL Background Thread 3 ] DEBUG Engine               - actualHeightProperty: ReadOnlyDoubleProperty [value: 797.0]
00:20:47.724 [FXGL Background Thread 3 ] DEBUG Engine               - actualWidth: 1415.0
00:20:47.724 [FXGL Background Thread 3 ] DEBUG Engine               - actualWidthProperty: ReadOnlyDoubleProperty [value: 1415.0]
00:20:47.724 [FXGL Background Thread 3 ] DEBUG Engine               - appIcon: fxgl_icon.png
00:20:47.724 [FXGL Background Thread 3 ] DEBUG Engine               - applicationMode: DEVELOPER
00:20:47.725 [FXGL Background Thread 3 ] DEBUG Engine               - cSSList: [fxgl_dark.css]
00:20:47.725 [FXGL Background Thread 3 ] DEBUG Engine               - collisionDetectionStrategy: BRUTE_FORCE
00:20:47.725 [FXGL Background Thread 3 ] DEBUG Engine               - configClass: Optional.empty
00:20:47.725 [FXGL Background Thread 3 ] DEBUG Engine               - credits: []
00:20:47.727 [FXGL Background Thread 3 ] DEBUG Engine               - defaultCursor: CursorInfo(imageName=fxgl_default_cursor.png, hotspotX=7.0, hotspotY=6.0)
00:20:47.729 [FXGL Background Thread 3 ] DEBUG Engine               - devBBoxColorProperty: ObjectProperty [value: 0xff0000ff]
00:20:47.730 [FXGL Background Thread 3 ] DEBUG Engine               - devEnableDebugCameraProperty: BooleanProperty [value: false]
00:20:47.730 [FXGL Background Thread 3 ] DEBUG Engine               - devSensorColorProperty: ObjectProperty [value: 0xffff00ff]
00:20:47.730 [FXGL Background Thread 3 ] DEBUG Engine               - devShowBBoxProperty: BooleanProperty [value: false]
00:20:47.731 [FXGL Background Thread 3 ] DEBUG Engine               - devShowPositionProperty: BooleanProperty [value: false]
00:20:47.731 [FXGL Background Thread 3 ] DEBUG Engine               - enabledMenuItems: []
00:20:47.731 [FXGL Background Thread 3 ] DEBUG Engine               - engineServices: [class com.almasb.fxgl.app.services.FXGLAssetLoaderService, class com.almasb.fxgl.app.FXGLApplication$GameApplicationService, class com.almasb.fxgl.app.services.FXGLDialogService, class com.almasb.fxgl.app.services.IOTaskExecutorService, class com.almasb.fxgl.io.FileSystemService, class com.almasb.fxgl.localization.LocalizationService, class com.almasb.fxgl.app.services.SystemBundleService, class com.almasb.fxgl.profile.SaveLoadService, class com.almasb.fxgl.ui.FXGLUIFactoryServiceProvider, class com.almasb.fxgl.ui.FXGLDialogFactoryServiceProvider, class com.almasb.fxgl.audio.AudioPlayer, class com.almasb.fxgl.notification.impl.NotificationServiceProvider, class com.almasb.fxgl.achievement.AchievementService, class com.almasb.fxgl.cutscene.CutsceneService, class com.almasb.fxgl.minigames.MiniGameService, class com.almasb.fxgl.net.NetService, class com.almasb.fxgl.app.services.UpdaterService, class com.almasb.fxgl.dev.DevService]
00:20:47.731 [FXGL Background Thread 3 ] DEBUG Engine               - fontGame: Abel-Regular.ttf
00:20:47.731 [FXGL Background Thread 3 ] DEBUG Engine               - fontMono: TerminalLandMono-Regular.otf
00:20:47.731 [FXGL Background Thread 3 ] DEBUG Engine               - fontText: Courier-Prime.ttf
00:20:47.731 [FXGL Background Thread 3 ] DEBUG Engine               - fontUI: VarelaRound-Regular.ttf
00:20:47.731 [FXGL Background Thread 3 ] DEBUG Engine               - fullScreen: BooleanProperty [value: false]
00:20:47.731 [FXGL Background Thread 3 ] DEBUG Engine               - gameDifficulty: MEDIUM
00:20:47.731 [FXGL Background Thread 3 ] DEBUG Engine               - gameDifficultyProperty: ObjectProperty [value: MEDIUM]
00:20:47.732 [FXGL Background Thread 3 ] DEBUG Engine               - globalMusicVolume: 0.5
00:20:47.732 [FXGL Background Thread 3 ] DEBUG Engine               - globalMusicVolumeProperty: DoubleProperty [value: 0.5]
00:20:47.732 [FXGL Background Thread 3 ] DEBUG Engine               - globalSoundVolume: 0.5
00:20:47.732 [FXGL Background Thread 3 ] DEBUG Engine               - globalSoundVolumeProperty: DoubleProperty [value: 0.5]
00:20:47.732 [FXGL Background Thread 3 ] DEBUG Engine               - height: 820
00:20:47.732 [FXGL Background Thread 3 ] DEBUG Engine               - is3D: false
00:20:47.732 [FXGL Background Thread 3 ] DEBUG Engine               - isAndroid: false
00:20:47.732 [FXGL Background Thread 3 ] DEBUG Engine               - isBrowser: false
00:20:47.732 [FXGL Background Thread 3 ] DEBUG Engine               - isClickFeedbackEnabled: false
00:20:47.732 [FXGL Background Thread 3 ] DEBUG Engine               - isCloseConfirmation: false
00:20:47.732 [FXGL Background Thread 3 ] DEBUG Engine               - isDesktop: true
00:20:47.732 [FXGL Background Thread 3 ] DEBUG Engine               - isDeveloperMenuEnabled: false
00:20:47.732 [FXGL Background Thread 3 ] DEBUG Engine               - isEmbedded: false
00:20:47.732 [FXGL Background Thread 3 ] DEBUG Engine               - isEntityPreloadEnabled: true
00:20:47.732 [FXGL Background Thread 3 ] DEBUG Engine               - isExperimentalTiledLargeMap: false
00:20:47.732 [FXGL Background Thread 3 ] DEBUG Engine               - isFileSystemWriteAllowed: true
00:20:47.732 [FXGL Background Thread 3 ] DEBUG Engine               - isFullScreenAllowed: false
00:20:47.732 [FXGL Background Thread 3 ] DEBUG Engine               - isFullScreenFromStart: false
00:20:47.732 [FXGL Background Thread 3 ] DEBUG Engine               - isGameMenuEnabled: false
00:20:47.732 [FXGL Background Thread 3 ] DEBUG Engine               - isIOS: false
00:20:47.732 [FXGL Background Thread 3 ] DEBUG Engine               - isIntroEnabled: false
00:20:47.733 [FXGL Background Thread 3 ] DEBUG Engine               - isLinux: false
00:20:47.733 [FXGL Background Thread 3 ] DEBUG Engine               - isMac: false
00:20:47.733 [FXGL Background Thread 3 ] DEBUG Engine               - isMainMenuEnabled: false
00:20:47.733 [FXGL Background Thread 3 ] DEBUG Engine               - isManualResizeEnabled: false
00:20:47.733 [FXGL Background Thread 3 ] DEBUG Engine               - isMobile: false
00:20:47.733 [FXGL Background Thread 3 ] DEBUG Engine               - isNative: false
00:20:47.733 [FXGL Background Thread 3 ] DEBUG Engine               - isPauseMusicWhenMinimized: true
00:20:47.733 [FXGL Background Thread 3 ] DEBUG Engine               - isPreserveResizeRatio: false
00:20:47.733 [FXGL Background Thread 3 ] DEBUG Engine               - isProfilingEnabled: false
00:20:47.733 [FXGL Background Thread 3 ] DEBUG Engine               - isScaleAffectedOnResize: true
00:20:47.733 [FXGL Background Thread 3 ] DEBUG Engine               - isSingleStep: false
00:20:47.733 [FXGL Background Thread 3 ] DEBUG Engine               - isUserProfileEnabled: false
00:20:47.733 [FXGL Background Thread 3 ] DEBUG Engine               - isWindows: true
00:20:47.733 [FXGL Background Thread 3 ] DEBUG Engine               - language: ObjectProperty [value: ENGLISH]
00:20:47.733 [FXGL Background Thread 3 ] DEBUG Engine               - menuKey: ESCAPE
00:20:47.733 [FXGL Background Thread 3 ] DEBUG Engine               - mouseSensitivity: 0.2
00:20:47.733 [FXGL Background Thread 3 ] DEBUG Engine               - notificationViewClass: class com.almasb.fxgl.notification.view.XboxNotificationView
00:20:47.733 [FXGL Background Thread 3 ] DEBUG Engine               - pixelsPerMeter: 50.0
00:20:47.733 [FXGL Background Thread 3 ] DEBUG Engine               - platform: WINDOWS
00:20:47.734 [FXGL Background Thread 3 ] DEBUG Engine               - prefHeightProperty: ReadOnlyDoubleProperty [value: 820.0]
00:20:47.734 [FXGL Background Thread 3 ] DEBUG Engine               - prefWidthProperty: ReadOnlyDoubleProperty [value: 1480.0]
00:20:47.734 [FXGL Background Thread 3 ] DEBUG Engine               - profileDir: profiles/
00:20:47.734 [FXGL Background Thread 3 ] DEBUG Engine               - profileName: StringProperty [value: DEFAULT]
00:20:47.734 [FXGL Background Thread 3 ] DEBUG Engine               - randomSeed: -1
00:20:47.734 [FXGL Background Thread 3 ] DEBUG Engine               - runtimeInfo: RuntimeInfo(platform=WINDOWS, version=17.2, build=20.08.2022 16.50)
00:20:47.734 [FXGL Background Thread 3 ] DEBUG Engine               - saveFileExt: sav
00:20:47.734 [FXGL Background Thread 3 ] DEBUG Engine               - scaledHeightProp$fxgl: DoubleProperty [bound, value: 797.0]
00:20:47.734 [FXGL Background Thread 3 ] DEBUG Engine               - scaledWidthProp$fxgl: DoubleProperty [bound, value: 1415.0]
00:20:47.734 [FXGL Background Thread 3 ] DEBUG Engine               - sceneFactory: com.almasb.fxgl.app.scene.SceneFactory@53a5e330
00:20:47.734 [FXGL Background Thread 3 ] DEBUG Engine               - secondsIn24h: 60
00:20:47.734 [FXGL Background Thread 3 ] DEBUG Engine               - soundMenuBack: menu/back.wav
00:20:47.734 [FXGL Background Thread 3 ] DEBUG Engine               - soundMenuPress: menu/press.wav
00:20:47.734 [FXGL Background Thread 3 ] DEBUG Engine               - soundMenuSelect: menu/select.wav
00:20:47.734 [FXGL Background Thread 3 ] DEBUG Engine               - soundNotification: core/notification.wav
00:20:47.734 [FXGL Background Thread 3 ] DEBUG Engine               - stageStyle: DECORATED
00:20:47.734 [FXGL Background Thread 3 ] DEBUG Engine               - supportedLanguages: [ENGLISH, FRENCH, GERMAN, HUNGARIAN, RUSSIAN]
00:20:47.734 [FXGL Background Thread 3 ] DEBUG Engine               - ticksPerSecond: -1
00:20:47.735 [FXGL Background Thread 3 ] DEBUG Engine               - title: Untitled
00:20:47.735 [FXGL Background Thread 3 ] DEBUG Engine               - urlGithub: https://github.com/AlmasB/FXGL
00:20:47.735 [FXGL Background Thread 3 ] DEBUG Engine               - urlLeaderboard: http://fxgl-top.herokuapp.com/
00:20:47.735 [FXGL Background Thread 3 ] DEBUG Engine               - urlPOM: https://raw.githubusercontent.com/AlmasB/FXGL/release/README.md
00:20:47.735 [FXGL Background Thread 3 ] DEBUG Engine               - userAppClass: class edu.vanier.animals_revenge.MainApp
00:20:47.735 [FXGL Background Thread 3 ] DEBUG Engine               - version: 0.0
00:20:47.735 [FXGL Background Thread 3 ] DEBUG Engine               - versionCheckDays: 7
00:20:47.735 [FXGL Background Thread 3 ] DEBUG Engine               - width: 1480
00:20:47.735 [FXGL Background Thread 3 ] DEBUG Engine               - Logging services
00:20:47.735 [FXGL Background Thread 3 ] DEBUG Engine               - class com.almasb.fxgl.app.services.FXGLAssetLoaderService
00:20:47.735 [FXGL Background Thread 3 ] DEBUG Engine               - class com.almasb.fxgl.app.FXGLApplication$GameApplicationService
00:20:47.735 [FXGL Background Thread 3 ] DEBUG Engine               - class com.almasb.fxgl.app.services.FXGLDialogService
00:20:47.735 [FXGL Background Thread 3 ] DEBUG Engine               - class com.almasb.fxgl.app.services.IOTaskExecutorService
00:20:47.735 [FXGL Background Thread 3 ] DEBUG Engine               - class com.almasb.fxgl.io.FileSystemService
00:20:47.735 [FXGL Background Thread 3 ] DEBUG Engine               - class com.almasb.fxgl.localization.LocalizationService
00:20:47.735 [FXGL Background Thread 3 ] DEBUG Engine               - class com.almasb.fxgl.app.services.SystemBundleService
00:20:47.735 [FXGL Background Thread 3 ] DEBUG Engine               - class com.almasb.fxgl.profile.SaveLoadService
00:20:47.735 [FXGL Background Thread 3 ] DEBUG Engine               - class com.almasb.fxgl.ui.FXGLUIFactoryServiceProvider
00:20:47.735 [FXGL Background Thread 3 ] DEBUG Engine               - class com.almasb.fxgl.ui.FXGLDialogFactoryServiceProvider
00:20:47.735 [FXGL Background Thread 3 ] DEBUG Engine               - class com.almasb.fxgl.audio.AudioPlayer
00:20:47.735 [FXGL Background Thread 3 ] DEBUG Engine               - class com.almasb.fxgl.notification.impl.NotificationServiceProvider
00:20:47.735 [FXGL Background Thread 3 ] DEBUG Engine               - class com.almasb.fxgl.achievement.AchievementService
00:20:47.735 [FXGL Background Thread 3 ] DEBUG Engine               - class com.almasb.fxgl.cutscene.CutsceneService
00:20:47.735 [FXGL Background Thread 3 ] DEBUG Engine               - class com.almasb.fxgl.minigames.MiniGameService
00:20:47.735 [FXGL Background Thread 3 ] DEBUG Engine               - class com.almasb.fxgl.net.NetService
00:20:47.735 [FXGL Background Thread 3 ] DEBUG Engine               - class com.almasb.fxgl.app.services.UpdaterService
00:20:47.735 [FXGL Background Thread 3 ] DEBUG Engine               - class com.almasb.fxgl.dev.DevService
00:20:47.836 [JavaFX Application Thread] DEBUG FXGLAssetLoaderServi - Loading from file system: file:/C:/Users/macke/OneDrive/Documents/School/Semester%203/Programming%20in%20a%20Graphical%20User%20Interface/Homework/animals-revenge/build/resources/main/assets/ui/1CustomProjectile.fxml
00:21:26.900 [JavaFX Application Thread] DEBUG FXGLAssetLoaderServi - Loading from file system: file:/C:/Users/macke/OneDrive/Documents/School/Semester%203/Programming%20in%20a%20Graphical%20User%20Interface/Homework/animals-revenge/build/resources/main/assets/ui/Home.fxml
00:21:28.596 [JavaFX Application Thread] DEBUG FXGLAssetLoaderServi - Loading from file system: file:/C:/Users/macke/OneDrive/Documents/School/Semester%203/Programming%20in%20a%20Graphical%20User%20Interface/Homework/animals-revenge/build/resources/main/assets/ui/Simulator.fxml
00:21:28.664 [JavaFX Application Thread] DEBUG FXGLAssetLoaderServi - Loading from file system: file:/C:/Users/macke/OneDrive/Documents/School/Semester%203/Programming%20in%20a%20Graphical%20User%20Interface/Homework/animals-revenge/build/resources/main/assets/textures/cannon.png
00:21:33.268 [JavaFX Application Thread] DEBUG LoopRunner           - Stopping loop
00:21:33.272 [JavaFX Application Thread] FATAL FXGLApplication      - Uncaught Exception:
java.lang.RuntimeException: java.lang.reflect.InvocationTargetException
	at javafx.fxml@20.0.2/javafx.fxml.FXMLLoader$MethodHandler.invoke(FXMLLoader.java:1858)
	at javafx.fxml@20.0.2/javafx.fxml.FXMLLoader$ControllerMethodEventHandler.handle(FXMLLoader.java:1726)
	at javafx.base@20.0.2/com.sun.javafx.event.CompositeEventHandler.dispatchBubblingEvent(CompositeEventHandler.java:86)
	at javafx.base@20.0.2/com.sun.javafx.event.EventHandlerManager.dispatchBubblingEvent(EventHandlerManager.java:232)
	at javafx.base@20.0.2/com.sun.javafx.event.EventHandlerManager.dispatchBubblingEvent(EventHandlerManager.java:189)
	at javafx.base@20.0.2/com.sun.javafx.event.CompositeEventDispatcher.dispatchBubblingEvent(CompositeEventDispatcher.java:59)
	at javafx.base@20.0.2/com.sun.javafx.event.BasicEventDispatcher.dispatchEvent(BasicEventDispatcher.java:58)
	at javafx.base@20.0.2/com.sun.javafx.event.EventDispatchChainImpl.dispatchEvent(EventDispatchChainImpl.java:114)
	at javafx.base@20.0.2/com.sun.javafx.event.BasicEventDispatcher.dispatchEvent(BasicEventDispatcher.java:56)
	at javafx.base@20.0.2/com.sun.javafx.event.EventDispatchChainImpl.dispatchEvent(EventDispatchChainImpl.java:114)
	at javafx.base@20.0.2/com.sun.javafx.event.BasicEventDispatcher.dispatchEvent(BasicEventDispatcher.java:56)
	at javafx.base@20.0.2/com.sun.javafx.event.EventDispatchChainImpl.dispatchEvent(EventDispatchChainImpl.java:114)
	at javafx.base@20.0.2/com.sun.javafx.event.EventUtil.fireEventImpl(EventUtil.java:74)
	at javafx.base@20.0.2/com.sun.javafx.event.EventUtil.fireEvent(EventUtil.java:49)
	at javafx.base@20.0.2/javafx.event.Event.fireEvent(Event.java:198)
	at javafx.graphics@20.0.2/javafx.scene.Node.fireEvent(Node.java:8944)
	at javafx.controls@20.0.2/javafx.scene.control.Button.fire(Button.java:203)
	at javafx.controls@20.0.2/com.sun.javafx.scene.control.behavior.ButtonBehavior.mouseReleased(ButtonBehavior.java:207)
	at javafx.controls@20.0.2/com.sun.javafx.scene.control.inputmap.InputMap.handle(InputMap.java:274)
	at javafx.base@20.0.2/com.sun.javafx.event.CompositeEventHandler$NormalEventHandlerRecord.handleBubblingEvent(CompositeEventHandler.java:247)
	at javafx.base@20.0.2/com.sun.javafx.event.CompositeEventHandler.dispatchBubblingEvent(CompositeEventHandler.java:80)
	at javafx.base@20.0.2/com.sun.javafx.event.EventHandlerManager.dispatchBubblingEvent(EventHandlerManager.java:232)
	at javafx.base@20.0.2/com.sun.javafx.event.EventHandlerManager.dispatchBubblingEvent(EventHandlerManager.java:189)
	at javafx.base@20.0.2/com.sun.javafx.event.CompositeEventDispatcher.dispatchBubblingEvent(CompositeEventDispatcher.java:59)
	at javafx.base@20.0.2/com.sun.javafx.event.BasicEventDispatcher.dispatchEvent(BasicEventDispatcher.java:58)
	at javafx.base@20.0.2/com.sun.javafx.event.EventDispatchChainImpl.dispatchEvent(EventDispatchChainImpl.java:114)
	at javafx.base@20.0.2/com.sun.javafx.event.BasicEventDispatcher.dispatchEvent(BasicEventDispatcher.java:56)
	at javafx.base@20.0.2/com.sun.javafx.event.EventDispatchChainImpl.dispatchEvent(EventDispatchChainImpl.java:114)
	at javafx.base@20.0.2/com.sun.javafx.event.BasicEventDispatcher.dispatchEvent(BasicEventDispatcher.java:56)
	at javafx.base@20.0.2/com.sun.javafx.event.EventDispatchChainImpl.dispatchEvent(EventDispatchChainImpl.java:114)
	at javafx.base@20.0.2/com.sun.javafx.event.EventUtil.fireEventImpl(EventUtil.java:74)
	at javafx.base@20.0.2/com.sun.javafx.event.EventUtil.fireEvent(EventUtil.java:54)
	at javafx.base@20.0.2/javafx.event.Event.fireEvent(Event.java:198)
	at javafx.graphics@20.0.2/javafx.scene.Scene$MouseHandler.process(Scene.java:3980)
	at javafx.graphics@20.0.2/javafx.scene.Scene.processMouseEvent(Scene.java:1890)
	at javafx.graphics@20.0.2/javafx.scene.Scene$ScenePeerListener.mouseEvent(Scene.java:2704)
	at javafx.graphics@20.0.2/com.sun.javafx.tk.quantum.GlassViewEventHandler$MouseEventNotification.run(GlassViewEventHandler.java:411)
	at javafx.graphics@20.0.2/com.sun.javafx.tk.quantum.GlassViewEventHandler$MouseEventNotification.run(GlassViewEventHandler.java:301)
	at java.base/java.security.AccessController.doPrivileged(AccessController.java:399)
	at javafx.graphics@20.0.2/com.sun.javafx.tk.quantum.GlassViewEventHandler.lambda$handleMouseEvent$2(GlassViewEventHandler.java:450)
	at javafx.graphics@20.0.2/com.sun.javafx.tk.quantum.QuantumToolkit.runWithoutRenderLock(QuantumToolkit.java:424)
	at javafx.graphics@20.0.2/com.sun.javafx.tk.quantum.GlassViewEventHandler.handleMouseEvent(GlassViewEventHandler.java:449)
	at javafx.graphics@20.0.2/com.sun.glass.ui.View.handleMouseEvent(View.java:551)
	at javafx.graphics@20.0.2/com.sun.glass.ui.View.notifyMouse(View.java:937)
	at javafx.graphics@20.0.2/com.sun.glass.ui.win.WinApplication._runLoop(Native Method)
	at javafx.graphics@20.0.2/com.sun.glass.ui.win.WinApplication.lambda$runLoop$3(WinApplication.java:185)
	at java.base/java.lang.Thread.run(Thread.java:833)
Caused by: java.lang.reflect.InvocationTargetException
	at java.base/jdk.internal.reflect.DirectMethodHandleAccessor.invoke(DirectMethodHandleAccessor.java:110)
	at java.base/java.lang.reflect.Method.invoke(Method.java:577)
	at com.sun.javafx.reflect.Trampoline.invoke(MethodUtil.java:72)
	at java.base/jdk.internal.reflect.DirectMethodHandleAccessor.invoke(DirectMethodHandleAccessor.java:104)
	at java.base/java.lang.reflect.Method.invoke(Method.java:577)
	at javafx.base@20.0.2/com.sun.javafx.reflect.MethodUtil.invoke(MethodUtil.java:270)
	at javafx.fxml@20.0.2/com.sun.javafx.fxml.MethodHelper.invoke(MethodHelper.java:84)
	at javafx.fxml@20.0.2/javafx.fxml.FXMLLoader$MethodHandler.invoke(FXMLLoader.java:1855)
	... 46 more
Caused by: java.lang.ClassCastException: class java.lang.Double cannot be cast to class java.lang.Float (java.lang.Double and java.lang.Float are in module java.base of loader 'bootstrap')
	at edu.vanier.animals_revenge.util.Factory.spawnCustomProjectileCircle(Factory.java:113)
	at java.base/jdk.internal.reflect.DirectMethodHandleAccessor.invoke(DirectMethodHandleAccessor.java:104)
	at java.base/java.lang.reflect.Method.invoke(Method.java:577)
	at com.almasb.fxgl.core.reflect.ReflectionUtils.call(ReflectionUtils.java:104)
	at com.almasb.fxgl.core.reflect.ReflectionUtils.lambda$mapToFunction$3(ReflectionUtils.java:111)
	at com.almasb.fxgl.entity.GameWorld$create$2.invoke(GameWorld.kt:430)
	at com.almasb.fxgl.entity.GameWorld$create$2.invoke(GameWorld.kt:430)
	at com.almasb.fxgl.core.util.DSLKt.tryCatchRoot(DSL.kt:34)
	at com.almasb.fxgl.entity.GameWorld.create(GameWorld.kt:430)
	at com.almasb.fxgl.entity.GameWorld.spawn(GameWorld.kt:396)
	at com.almasb.fxgl.dsl.FXGL$Companion.spawn(FXGL.kt:565)
	at com.almasb.fxgl.dsl.FXGL.spawn(FXGL.kt)
	at edu.vanier.animals_revenge.MainApp.launch(MainApp.java:270)
	at edu.vanier.animals_revenge.controllers.SimulatorController.launch(SimulatorController.java:205)
	at java.base/jdk.internal.reflect.DirectMethodHandleAccessor.invoke(DirectMethodHandleAccessor.java:104)
	... 53 more

00:21:33.272 [JavaFX Application Thread] FATAL FXGLApplication      - Application will now exit
00:21:33.288 [JavaFX Application Thread] DEBUG PrimaryStageWindow   - Push state: ErrorSubScene
00:21:33.288 [JavaFX Application Thread] DEBUG Input                - Clearing active input actions
00:21:33.289 [JavaFX Application Thread] DEBUG GameApplicationServi - Removing overlay from GameScene and adding to ErrorSubScene
00:21:33.289 [JavaFX Application Thread] DEBUG PrimaryStageWindow   - GameScene -> ErrorSubScene
00:21:39.360 [JavaFX Application Thread] DEBUG FXGLApplication      - Exiting FXGL
00:21:39.360 [JavaFX Application Thread] DEBUG Async                - Shutting down background threads
00:21:39.360 [JavaFX Application Thread] DEBUG PrimaryStageWindow   - Closing main window
00:21:39.407 [JavaFX Application Thread] DEBUG Logger               - Closing Logger
