19:00:43.833 [main                     ] DEBUG Logger               - Configured Logger
19:00:43.855 [main                     ] DEBUG GameApplication      - Logging settings
Title: Untitled
Version: 0.0
Width: 1480
Height: 820
Fullscreen: false
Intro: false
Profiling: false
Single step:false
App Mode: DEVELOPER
Menu Key: ESCAPE
Stage Style: DECORATED
Scene Factory: class com.almasb.fxgl.app.scene.SceneFactory

19:00:44.340 [JavaFX Application Thread] DEBUG FXGLApplication      - Initializing FXGL
19:00:44.352 [JavaFX Application Thread] INFO  Engine               - FXGL-17.2 (20.08.2022 16.50) on WINDOWS (J:18.0.2.1 FX:20.0.2)
19:00:44.353 [JavaFX Application Thread] DEBUG Engine               - JRE Vendor Name: Oracle Corporation
19:00:44.353 [JavaFX Application Thread] DEBUG Engine               - Running on OS: Windows 11 version 10.0
19:00:44.353 [JavaFX Application Thread] DEBUG Engine               - Architecture: amd64
19:00:44.353 [JavaFX Application Thread] INFO  Engine               - Source code and latest versions at: https://github.com/AlmasB/FXGL
19:00:44.354 [JavaFX Application Thread] INFO  Engine               -       Ask questions and discuss at: https://github.com/AlmasB/FXGL/discussions
19:00:44.354 [JavaFX Application Thread] INFO  Engine               -              Join the FXGL chat at: https://gitter.im/AlmasB/FXGL
19:00:44.482 [JavaFX Application Thread] DEBUG PrimaryStageWindow   - Creating a JavaFX scene
19:00:44.483 [JavaFX Application Thread] DEBUG PrimaryStageWindow   - Target size > screen size
19:00:44.569 [JavaFX Application Thread] DEBUG PrimaryStageWindow   - Target settings size: 1480.0 x 820.0
19:00:44.569 [JavaFX Application Thread] DEBUG PrimaryStageWindow   - Scaled scene size:    1447.0 x 815.0
19:00:44.570 [JavaFX Application Thread] DEBUG PrimaryStageWindow   - Scaled ratio: (0.9777027027027027, 0.9939024390243902)
19:00:44.572 [JavaFX Application Thread] DEBUG PrimaryStageWindow   - Set initial scene to FXGLStartupScene
19:00:44.578 [JavaFX Application Thread] DEBUG PrimaryStageWindow   - Opening main window
19:00:44.714 [JavaFX Application Thread] DEBUG PrimaryStageWindow   - Window border size: (14.5999755859375, 37.79998779296875)
19:00:44.715 [JavaFX Application Thread] DEBUG PrimaryStageWindow   - Scaled size: 1447.0 x 815.0
19:00:44.715 [JavaFX Application Thread] DEBUG PrimaryStageWindow   - Scaled ratio: (0.9777027027027027, 0.9939024390243902)
19:00:44.715 [JavaFX Application Thread] DEBUG PrimaryStageWindow   - Scene size: 1447.0 x 815.0
19:00:44.716 [JavaFX Application Thread] DEBUG PrimaryStageWindow   - Stage size: 1461.5999755859375 x 852.7999877929688
19:00:44.726 [FXGL Background Thread 1 ] DEBUG Engine               - Initializing environment variables
19:00:44.804 [FXGL Background Thread 1 ] DEBUG FXGLAssetLoaderServi - User app class for loading assets: class edu.vanier.animals_revenge.MainApp
19:00:44.805 [FXGL Background Thread 1 ] DEBUG GameApplicationServi - Applying CSS: fxgl_dark.css
19:00:44.806 [FXGL Background Thread 1 ] DEBUG FXGLAssetLoaderServi - Loading from file system: jar:file:/C:/Users/zacha/.gradle/caches/modules-2/files-2.1/com.github.almasb/fxgl/17.2/35db6ae960eec2dcfd19262d3b7f9c42f0e95bc3/fxgl-17.2.jar!/fxglassets/ui/css/fxgl_dark.css
19:00:44.864 [FXGL Background Thread 1 ] DEBUG GameApplicationServi - Initializing application scenes
19:00:44.931 [FXGL Background Thread 1 ] DEBUG GameWorld            - Game world initialized
19:00:45.033 [FXGL Background Thread 1 ] DEBUG PhysicsWorld         - Physics world initialized: appHeight=820, physics.ppm=50.0
19:00:45.034 [FXGL Background Thread 1 ] DEBUG PhysicsWorld         - Using strategy: BRUTE_FORCE
19:00:45.039 [FXGL Background Thread 1 ] DEBUG GameScene            - Game scene initialized: 1480x820
19:00:45.040 [FXGL Background Thread 1 ] DEBUG GameApplicationServi - Application scenes initialized
19:00:45.066 [FXGL Background Thread 1 ] DEBUG SystemBundleService  - Loading FXGL system data
19:00:45.075 [FXGL Background Thread 1 ] DEBUG FileSystemAccess     - Reading from: C:\Users\zacha\OneDrive\Documents\GitHub\animals-revenge\system\fxgl.bundle
19:00:45.090 [FXGL Background Thread 1 ] DEBUG SystemBundleService  - Bundle FXGL: {}
19:00:45.090 [FXGL Background Thread 1 ] DEBUG UpdaterService       - Checking for updates
19:00:45.108 [FXGL Background Thread 4 ] DEBUG FXGLApplication      - Loading fonts
19:00:45.109 [FXGL Background Thread 4 ] DEBUG FXGLAssetLoaderServi - Loading from file system: jar:file:/C:/Users/zacha/.gradle/caches/modules-2/files-2.1/com.github.almasb/fxgl/17.2/35db6ae960eec2dcfd19262d3b7f9c42f0e95bc3/fxgl-17.2.jar!/fxglassets/ui/fonts/VarelaRound-Regular.ttf
19:00:45.110 [FXGL Background Thread 1 ] DEBUG FXGLApplication      - Loading default localization
19:00:45.114 [FXGL Background Thread 1 ] DEBUG FXGLAssetLoaderServi - Loading from file system: jar:file:/C:/Users/zacha/.gradle/caches/modules-2/files-2.1/com.github.almasb/fxgl/17.2/35db6ae960eec2dcfd19262d3b7f9c42f0e95bc3/fxgl-17.2.jar!/fxglassets/languages/english.lang
19:00:45.196 [FXGL Background Thread 1 ] INFO  FXGLApplication      - FXGL initialization took: 0.470 sec
19:00:45.214 [FXGL Background Thread 4 ] DEBUG FXGLAssetLoaderServi - Loading from file system: jar:file:/C:/Users/zacha/.gradle/caches/modules-2/files-2.1/com.github.almasb/fxgl/17.2/35db6ae960eec2dcfd19262d3b7f9c42f0e95bc3/fxgl-17.2.jar!/fxglassets/ui/fonts/Abel-Regular.ttf
19:00:45.217 [JavaFX Application Thread] DEBUG Input                - Registered new binding: Launch - RMB
19:00:45.217 [JavaFX Application Thread] DEBUG Input                - Registered new binding: Create - LMB
19:00:45.218 [JavaFX Application Thread] DEBUG Input                - Registered new binding: Drag - CTRL+LMB
19:00:45.219 [JavaFX Application Thread] DEBUG FXGLAssetLoaderServi - Loading from file system: jar:file:/C:/Users/zacha/.gradle/caches/modules-2/files-2.1/com.github.almasb/fxgl/17.2/35db6ae960eec2dcfd19262d3b7f9c42f0e95bc3/fxgl-17.2.jar!/fxglassets/textures/fxgl_icon.png
19:00:45.220 [FXGL Background Thread 4 ] DEBUG FXGLAssetLoaderServi - Loading from file system: jar:file:/C:/Users/zacha/.gradle/caches/modules-2/files-2.1/com.github.almasb/fxgl/17.2/35db6ae960eec2dcfd19262d3b7f9c42f0e95bc3/fxgl-17.2.jar!/fxglassets/ui/fonts/TerminalLandMono-Regular.otf
19:00:45.226 [FXGL Background Thread 4 ] DEBUG FXGLAssetLoaderServi - Loading from file system: jar:file:/C:/Users/zacha/.gradle/caches/modules-2/files-2.1/com.github.almasb/fxgl/17.2/35db6ae960eec2dcfd19262d3b7f9c42f0e95bc3/fxgl-17.2.jar!/fxglassets/ui/fonts/Courier-Prime.ttf
19:00:45.298 [JavaFX Application Thread] DEBUG FXGLAssetLoaderServi - Loading from file system: jar:file:/C:/Users/zacha/.gradle/caches/modules-2/files-2.1/com.github.almasb/fxgl/17.2/35db6ae960eec2dcfd19262d3b7f9c42f0e95bc3/fxgl-17.2.jar!/fxglassets/textures/fxgl_default_cursor.png
19:00:45.327 [JavaFX Application Thread] DEBUG Input                - Registered new binding: Screenshot - CTRL+8
19:00:45.331 [JavaFX Application Thread] DEBUG Input                - Registered new binding: System info dump - CTRL+9
19:00:45.334 [JavaFX Application Thread] DEBUG Input                - Registered new binding: Restart - CTRL+R
19:00:45.339 [JavaFX Application Thread] DEBUG Input                - Registered new binding: Toggle Debug Camera - CTRL+7
19:00:45.351 [JavaFX Application Thread] DEBUG LoopRunner           - Starting loop
19:00:45.351 [JavaFX Application Thread] DEBUG LoopRunner           - Initializing JavaFX AnimationTimerLoop
19:00:45.355 [JavaFX Application Thread] DEBUG GameApplicationServi - Starting new game
19:00:45.357 [JavaFX Application Thread] DEBUG Input                - Clearing active input actions
19:00:45.380 [JavaFX Application Thread] DEBUG GameApplicationServi - Removing overlay from FXGLStartupScene and adding to FXGLLoadingScene
19:00:45.380 [JavaFX Application Thread] DEBUG PrimaryStageWindow   - FXGLStartupScene -> FXGLLoadingScene
19:00:45.380 [JavaFX Application Thread] DEBUG GameApplicationServi - Clearing previous game
19:00:45.380 [JavaFX Application Thread] DEBUG GameScene            - Clearing game scene
19:00:45.381 [JavaFX Application Thread] DEBUG GameWorld            - Clearing game world
19:00:45.381 [JavaFX Application Thread] DEBUG PhysicsWorld         - Clearing physics world
19:00:45.387 [JavaFX Application Thread] DEBUG FXGLApplication      - Registering font factories with UI factory
19:00:45.387 [FXGL Background Thread 4 ] DEBUG FXGLApplication      - Initializing game
19:00:45.462 [FXGL Background Thread 4 ] DEBUG FXGLAssetLoaderServi - Loading from file system: file:/C:/Users/zacha/OneDrive/Documents/GitHub/animals-revenge/build/resources/main/assets/ui/Home.fxml
19:00:45.883 [FXGL Background Thread 2 ] INFO  UpdaterService       - Your current version:  17.2
19:00:45.883 [FXGL Background Thread 2 ] INFO  UpdaterService       - Latest stable version: 17.3
19:00:46.099 [FXGL Background Thread 4 ] INFO  FXGLApplication      - Game initialization took: 0.712 sec
19:00:46.101 [JavaFX Application Thread] DEBUG Input                - Clearing active input actions
19:00:46.131 [JavaFX Application Thread] DEBUG GameApplicationServi - Removing overlay from FXGLLoadingScene and adding to GameScene
19:00:46.132 [JavaFX Application Thread] DEBUG PrimaryStageWindow   - FXGLLoadingScene -> GameScene
19:00:48.106 [FXGL Background Thread 3 ] DEBUG Engine               - Logging environment variables
19:00:48.106 [FXGL Background Thread 3 ] DEBUG Engine               - achievements: []
19:00:48.106 [FXGL Background Thread 3 ] DEBUG Engine               - actualHeight: 815.0
19:00:48.107 [FXGL Background Thread 3 ] DEBUG Engine               - actualHeightProperty: ReadOnlyDoubleProperty [value: 815.0]
19:00:48.107 [FXGL Background Thread 3 ] DEBUG Engine               - actualWidth: 1447.0
19:00:48.107 [FXGL Background Thread 3 ] DEBUG Engine               - actualWidthProperty: ReadOnlyDoubleProperty [value: 1447.0]
19:00:48.107 [FXGL Background Thread 3 ] DEBUG Engine               - appIcon: fxgl_icon.png
19:00:48.108 [FXGL Background Thread 3 ] DEBUG Engine               - applicationMode: DEVELOPER
19:00:48.108 [FXGL Background Thread 3 ] DEBUG Engine               - cSSList: [fxgl_dark.css]
19:00:48.108 [FXGL Background Thread 3 ] DEBUG Engine               - collisionDetectionStrategy: BRUTE_FORCE
19:00:48.108 [FXGL Background Thread 3 ] DEBUG Engine               - configClass: Optional.empty
19:00:48.108 [FXGL Background Thread 3 ] DEBUG Engine               - credits: []
19:00:48.110 [FXGL Background Thread 3 ] DEBUG Engine               - defaultCursor: CursorInfo(imageName=fxgl_default_cursor.png, hotspotX=7.0, hotspotY=6.0)
19:00:48.111 [FXGL Background Thread 3 ] DEBUG Engine               - devBBoxColorProperty: ObjectProperty [value: 0xff0000ff]
19:00:48.111 [FXGL Background Thread 3 ] DEBUG Engine               - devEnableDebugCameraProperty: BooleanProperty [value: false]
19:00:48.111 [FXGL Background Thread 3 ] DEBUG Engine               - devSensorColorProperty: ObjectProperty [value: 0xffff00ff]
19:00:48.111 [FXGL Background Thread 3 ] DEBUG Engine               - devShowBBoxProperty: BooleanProperty [value: false]
19:00:48.111 [FXGL Background Thread 3 ] DEBUG Engine               - devShowPositionProperty: BooleanProperty [value: false]
19:00:48.111 [FXGL Background Thread 3 ] DEBUG Engine               - enabledMenuItems: []
19:00:48.111 [FXGL Background Thread 3 ] DEBUG Engine               - engineServices: [class com.almasb.fxgl.app.services.FXGLAssetLoaderService, class com.almasb.fxgl.app.FXGLApplication$GameApplicationService, class com.almasb.fxgl.app.services.FXGLDialogService, class com.almasb.fxgl.app.services.IOTaskExecutorService, class com.almasb.fxgl.io.FileSystemService, class com.almasb.fxgl.localization.LocalizationService, class com.almasb.fxgl.app.services.SystemBundleService, class com.almasb.fxgl.profile.SaveLoadService, class com.almasb.fxgl.ui.FXGLUIFactoryServiceProvider, class com.almasb.fxgl.ui.FXGLDialogFactoryServiceProvider, class com.almasb.fxgl.audio.AudioPlayer, class com.almasb.fxgl.notification.impl.NotificationServiceProvider, class com.almasb.fxgl.achievement.AchievementService, class com.almasb.fxgl.cutscene.CutsceneService, class com.almasb.fxgl.minigames.MiniGameService, class com.almasb.fxgl.net.NetService, class com.almasb.fxgl.app.services.UpdaterService, class com.almasb.fxgl.dev.DevService]
19:00:48.112 [FXGL Background Thread 3 ] DEBUG Engine               - fontGame: Abel-Regular.ttf
19:00:48.112 [FXGL Background Thread 3 ] DEBUG Engine               - fontMono: TerminalLandMono-Regular.otf
19:00:48.112 [FXGL Background Thread 3 ] DEBUG Engine               - fontText: Courier-Prime.ttf
19:00:48.112 [FXGL Background Thread 3 ] DEBUG Engine               - fontUI: VarelaRound-Regular.ttf
19:00:48.112 [FXGL Background Thread 3 ] DEBUG Engine               - fullScreen: BooleanProperty [value: false]
19:00:48.112 [FXGL Background Thread 3 ] DEBUG Engine               - gameDifficulty: MEDIUM
19:00:48.112 [FXGL Background Thread 3 ] DEBUG Engine               - gameDifficultyProperty: ObjectProperty [value: MEDIUM]
19:00:48.112 [FXGL Background Thread 3 ] DEBUG Engine               - globalMusicVolume: 0.5
19:00:48.113 [FXGL Background Thread 3 ] DEBUG Engine               - globalMusicVolumeProperty: DoubleProperty [value: 0.5]
19:00:48.113 [FXGL Background Thread 3 ] DEBUG Engine               - globalSoundVolume: 0.5
19:00:48.113 [FXGL Background Thread 3 ] DEBUG Engine               - globalSoundVolumeProperty: DoubleProperty [value: 0.5]
19:00:48.113 [FXGL Background Thread 3 ] DEBUG Engine               - height: 820
19:00:48.113 [FXGL Background Thread 3 ] DEBUG Engine               - is3D: false
19:00:48.113 [FXGL Background Thread 3 ] DEBUG Engine               - isAndroid: false
19:00:48.113 [FXGL Background Thread 3 ] DEBUG Engine               - isBrowser: false
19:00:48.113 [FXGL Background Thread 3 ] DEBUG Engine               - isClickFeedbackEnabled: false
19:00:48.113 [FXGL Background Thread 3 ] DEBUG Engine               - isCloseConfirmation: false
19:00:48.113 [FXGL Background Thread 3 ] DEBUG Engine               - isDesktop: true
19:00:48.113 [FXGL Background Thread 3 ] DEBUG Engine               - isDeveloperMenuEnabled: false
19:00:48.113 [FXGL Background Thread 3 ] DEBUG Engine               - isEmbedded: false
19:00:48.113 [FXGL Background Thread 3 ] DEBUG Engine               - isEntityPreloadEnabled: true
19:00:48.114 [FXGL Background Thread 3 ] DEBUG Engine               - isExperimentalTiledLargeMap: false
19:00:48.114 [FXGL Background Thread 3 ] DEBUG Engine               - isFileSystemWriteAllowed: true
19:00:48.114 [FXGL Background Thread 3 ] DEBUG Engine               - isFullScreenAllowed: false
19:00:48.114 [FXGL Background Thread 3 ] DEBUG Engine               - isFullScreenFromStart: false
19:00:48.114 [FXGL Background Thread 3 ] DEBUG Engine               - isGameMenuEnabled: false
19:00:48.114 [FXGL Background Thread 3 ] DEBUG Engine               - isIOS: false
19:00:48.114 [FXGL Background Thread 3 ] DEBUG Engine               - isIntroEnabled: false
19:00:48.114 [FXGL Background Thread 3 ] DEBUG Engine               - isLinux: false
19:00:48.114 [FXGL Background Thread 3 ] DEBUG Engine               - isMac: false
19:00:48.114 [FXGL Background Thread 3 ] DEBUG Engine               - isMainMenuEnabled: false
19:00:48.114 [FXGL Background Thread 3 ] DEBUG Engine               - isManualResizeEnabled: false
19:00:48.114 [FXGL Background Thread 3 ] DEBUG Engine               - isMobile: false
19:00:48.114 [FXGL Background Thread 3 ] DEBUG Engine               - isNative: false
19:00:48.114 [FXGL Background Thread 3 ] DEBUG Engine               - isPauseMusicWhenMinimized: true
19:00:48.114 [FXGL Background Thread 3 ] DEBUG Engine               - isPreserveResizeRatio: false
19:00:48.115 [FXGL Background Thread 3 ] DEBUG Engine               - isProfilingEnabled: false
19:00:48.115 [FXGL Background Thread 3 ] DEBUG Engine               - isScaleAffectedOnResize: true
19:00:48.115 [FXGL Background Thread 3 ] DEBUG Engine               - isSingleStep: false
19:00:48.115 [FXGL Background Thread 3 ] DEBUG Engine               - isUserProfileEnabled: false
19:00:48.115 [FXGL Background Thread 3 ] DEBUG Engine               - isWindows: true
19:00:48.115 [FXGL Background Thread 3 ] DEBUG Engine               - language: ObjectProperty [value: ENGLISH]
19:00:48.115 [FXGL Background Thread 3 ] DEBUG Engine               - menuKey: ESCAPE
19:00:48.115 [FXGL Background Thread 3 ] DEBUG Engine               - mouseSensitivity: 0.2
19:00:48.115 [FXGL Background Thread 3 ] DEBUG Engine               - notificationViewClass: class com.almasb.fxgl.notification.view.XboxNotificationView
19:00:48.115 [FXGL Background Thread 3 ] DEBUG Engine               - pixelsPerMeter: 50.0
19:00:48.115 [FXGL Background Thread 3 ] DEBUG Engine               - platform: WINDOWS
19:00:48.115 [FXGL Background Thread 3 ] DEBUG Engine               - prefHeightProperty: ReadOnlyDoubleProperty [value: 820.0]
19:00:48.115 [FXGL Background Thread 3 ] DEBUG Engine               - prefWidthProperty: ReadOnlyDoubleProperty [value: 1480.0]
19:00:48.115 [FXGL Background Thread 3 ] DEBUG Engine               - profileDir: profiles/
19:00:48.115 [FXGL Background Thread 3 ] DEBUG Engine               - profileName: StringProperty [value: DEFAULT]
19:00:48.115 [FXGL Background Thread 3 ] DEBUG Engine               - randomSeed: -1
19:00:48.116 [FXGL Background Thread 3 ] DEBUG Engine               - runtimeInfo: RuntimeInfo(platform=WINDOWS, version=17.2, build=20.08.2022 16.50)
19:00:48.116 [FXGL Background Thread 3 ] DEBUG Engine               - saveFileExt: sav
19:00:48.116 [FXGL Background Thread 3 ] DEBUG Engine               - scaledHeightProp$fxgl: DoubleProperty [bound, value: 815.0]
19:00:48.116 [FXGL Background Thread 3 ] DEBUG Engine               - scaledWidthProp$fxgl: DoubleProperty [bound, value: 1447.0]
19:00:48.116 [FXGL Background Thread 3 ] DEBUG Engine               - sceneFactory: com.almasb.fxgl.app.scene.SceneFactory@489f13d6
19:00:48.116 [FXGL Background Thread 3 ] DEBUG Engine               - secondsIn24h: 60
19:00:48.116 [FXGL Background Thread 3 ] DEBUG Engine               - soundMenuBack: menu/back.wav
19:00:48.116 [FXGL Background Thread 3 ] DEBUG Engine               - soundMenuPress: menu/press.wav
19:00:48.116 [FXGL Background Thread 3 ] DEBUG Engine               - soundMenuSelect: menu/select.wav
19:00:48.116 [FXGL Background Thread 3 ] DEBUG Engine               - soundNotification: core/notification.wav
19:00:48.118 [FXGL Background Thread 3 ] DEBUG Engine               - stageStyle: DECORATED
19:00:48.118 [FXGL Background Thread 3 ] DEBUG Engine               - supportedLanguages: [ENGLISH, FRENCH, GERMAN, HUNGARIAN, RUSSIAN]
19:00:48.118 [FXGL Background Thread 3 ] DEBUG Engine               - ticksPerSecond: -1
19:00:48.118 [FXGL Background Thread 3 ] DEBUG Engine               - title: Untitled
19:00:48.118 [FXGL Background Thread 3 ] DEBUG Engine               - urlGithub: https://github.com/AlmasB/FXGL
19:00:48.118 [FXGL Background Thread 3 ] DEBUG Engine               - urlLeaderboard: http://fxgl-top.herokuapp.com/
19:00:48.118 [FXGL Background Thread 3 ] DEBUG Engine               - urlPOM: https://raw.githubusercontent.com/AlmasB/FXGL/release/README.md
19:00:48.118 [FXGL Background Thread 3 ] DEBUG Engine               - userAppClass: class edu.vanier.animals_revenge.MainApp
19:00:48.118 [FXGL Background Thread 3 ] DEBUG Engine               - version: 0.0
19:00:48.118 [FXGL Background Thread 3 ] DEBUG Engine               - versionCheckDays: 7
19:00:48.118 [FXGL Background Thread 3 ] DEBUG Engine               - width: 1480
19:00:48.118 [FXGL Background Thread 3 ] DEBUG Engine               - Logging services
19:00:48.118 [FXGL Background Thread 3 ] DEBUG Engine               - class com.almasb.fxgl.app.services.FXGLAssetLoaderService
19:00:48.118 [FXGL Background Thread 3 ] DEBUG Engine               - class com.almasb.fxgl.app.FXGLApplication$GameApplicationService
19:00:48.118 [FXGL Background Thread 3 ] DEBUG Engine               - class com.almasb.fxgl.app.services.FXGLDialogService
19:00:48.118 [FXGL Background Thread 3 ] DEBUG Engine               - class com.almasb.fxgl.app.services.IOTaskExecutorService
19:00:48.118 [FXGL Background Thread 3 ] DEBUG Engine               - class com.almasb.fxgl.io.FileSystemService
19:00:48.118 [FXGL Background Thread 3 ] DEBUG Engine               - class com.almasb.fxgl.localization.LocalizationService
19:00:48.118 [FXGL Background Thread 3 ] DEBUG Engine               - class com.almasb.fxgl.app.services.SystemBundleService
19:00:48.118 [FXGL Background Thread 3 ] DEBUG Engine               - class com.almasb.fxgl.profile.SaveLoadService
19:00:48.118 [FXGL Background Thread 3 ] DEBUG Engine               - class com.almasb.fxgl.ui.FXGLUIFactoryServiceProvider
19:00:48.118 [FXGL Background Thread 3 ] DEBUG Engine               - class com.almasb.fxgl.ui.FXGLDialogFactoryServiceProvider
19:00:48.118 [FXGL Background Thread 3 ] DEBUG Engine               - class com.almasb.fxgl.audio.AudioPlayer
19:00:48.118 [FXGL Background Thread 3 ] DEBUG Engine               - class com.almasb.fxgl.notification.impl.NotificationServiceProvider
19:00:48.118 [FXGL Background Thread 3 ] DEBUG Engine               - class com.almasb.fxgl.achievement.AchievementService
19:00:48.118 [FXGL Background Thread 3 ] DEBUG Engine               - class com.almasb.fxgl.cutscene.CutsceneService
19:00:48.118 [FXGL Background Thread 3 ] DEBUG Engine               - class com.almasb.fxgl.minigames.MiniGameService
19:00:48.119 [FXGL Background Thread 3 ] DEBUG Engine               - class com.almasb.fxgl.net.NetService
19:00:48.119 [FXGL Background Thread 3 ] DEBUG Engine               - class com.almasb.fxgl.app.services.UpdaterService
19:00:48.119 [FXGL Background Thread 3 ] DEBUG Engine               - class com.almasb.fxgl.dev.DevService
19:00:49.961 [JavaFX Application Thread] DEBUG FXGLAssetLoaderServi - Loading from file system: file:/C:/Users/zacha/OneDrive/Documents/GitHub/animals-revenge/build/resources/main/assets/ui/Simulator.fxml
19:00:50.098 [JavaFX Application Thread] DEBUG FXGLAssetLoaderServi - Loading from file system: file:/C:/Users/zacha/OneDrive/Documents/GitHub/animals-revenge/build/resources/main/assets/textures/cannon.png
19:00:53.643 [JavaFX Application Thread] DEBUG FXGLAssetLoaderServi - Loading from file system: file:/C:/Users/zacha/OneDrive/Documents/GitHub/animals-revenge/build/resources/main/assets/textures/soccer.png
19:01:50.476 [JavaFX Application Thread] DEBUG FXGLApplication      - Exiting FXGL
19:01:50.478 [JavaFX Application Thread] DEBUG LoopRunner           - Stopping loop
19:01:50.478 [JavaFX Application Thread] DEBUG SystemBundleService  - Saving FXGL system data
19:01:50.482 [JavaFX Application Thread] DEBUG FileSystemAccess     - Writing to: C:\Users\zacha\OneDrive\Documents\GitHub\animals-revenge\system\fxgl.bundle
19:01:50.486 [JavaFX Application Thread] DEBUG Async                - Shutting down background threads
19:01:50.486 [JavaFX Application Thread] DEBUG PrimaryStageWindow   - Closing main window
19:01:50.514 [JavaFX Application Thread] DEBUG Logger               - Closing Logger
