10:42:31.594 [main                     ] DEBUG Logger               - Configured Logger
10:42:31.602 [main                     ] DEBUG GameApplication      - Logging settings
Title: Untitled
Version: 0.0
Width: 1480
Height: 820
Fullscreen: false
Intro: false
Profiling: false
Single step:false
App Mode: DEVELOPER
Menu Key: ESCAPE
Stage Style: DECORATED
Scene Factory: class com.almasb.fxgl.app.scene.SceneFactory

10:42:31.892 [JavaFX Application Thread] DEBUG FXGLApplication      - Initializing FXGL
10:42:31.896 [JavaFX Application Thread] INFO  Engine               - FXGL-17.2 (20.08.2022 16.50) on WINDOWS (J:18.0.2.1 FX:20.0.2)
10:42:31.896 [JavaFX Application Thread] DEBUG Engine               - JRE Vendor Name: Oracle Corporation
10:42:31.896 [JavaFX Application Thread] DEBUG Engine               - Running on OS: Windows 11 version 10.0
10:42:31.897 [JavaFX Application Thread] DEBUG Engine               - Architecture: amd64
10:42:31.897 [JavaFX Application Thread] INFO  Engine               - Source code and latest versions at: https://github.com/AlmasB/FXGL
10:42:31.897 [JavaFX Application Thread] INFO  Engine               -       Ask questions and discuss at: https://github.com/AlmasB/FXGL/discussions
10:42:31.897 [JavaFX Application Thread] INFO  Engine               -              Join the FXGL chat at: https://gitter.im/AlmasB/FXGL
10:42:31.966 [JavaFX Application Thread] DEBUG PrimaryStageWindow   - Creating a JavaFX scene
10:42:32.015 [JavaFX Application Thread] DEBUG PrimaryStageWindow   - Target settings size: 1480.0 x 820.0
10:42:32.015 [JavaFX Application Thread] DEBUG PrimaryStageWindow   - Scaled scene size:    1480.0 x 820.0
10:42:32.015 [JavaFX Application Thread] DEBUG PrimaryStageWindow   - Scaled ratio: (1.0, 1.0)
10:42:32.015 [JavaFX Application Thread] DEBUG PrimaryStageWindow   - Set initial scene to FXGLStartupScene
10:42:32.018 [JavaFX Application Thread] DEBUG PrimaryStageWindow   - Opening main window
10:42:32.091 [JavaFX Application Thread] DEBUG PrimaryStageWindow   - Window border size: (16.0, 39.0)
10:42:32.091 [JavaFX Application Thread] DEBUG PrimaryStageWindow   - Scaled size: 1480.0 x 820.0
10:42:32.091 [JavaFX Application Thread] DEBUG PrimaryStageWindow   - Scaled ratio: (1.0, 1.0)
10:42:32.091 [JavaFX Application Thread] DEBUG PrimaryStageWindow   - Scene size: 1480.0 x 820.0
10:42:32.091 [JavaFX Application Thread] DEBUG PrimaryStageWindow   - Stage size: 1496.0 x 859.0
10:42:32.097 [FXGL Background Thread 1 ] DEBUG Engine               - Initializing environment variables
10:42:32.125 [FXGL Background Thread 1 ] DEBUG FXGLAssetLoaderServi - User app class for loading assets: class edu.vanier.animals_revenge.MainApp
10:42:32.125 [FXGL Background Thread 1 ] DEBUG GameApplicationServi - Applying CSS: fxgl_dark.css
10:42:32.126 [FXGL Background Thread 1 ] DEBUG FXGLAssetLoaderServi - Loading from file system: jar:file:/C:/Users/ethan/.gradle/caches/modules-2/files-2.1/com.github.almasb/fxgl/17.2/35db6ae960eec2dcfd19262d3b7f9c42f0e95bc3/fxgl-17.2.jar!/fxglassets/ui/css/fxgl_dark.css
10:42:32.150 [FXGL Background Thread 1 ] DEBUG GameApplicationServi - Initializing application scenes
10:42:32.172 [FXGL Background Thread 1 ] DEBUG GameWorld            - Game world initialized
10:42:32.211 [FXGL Background Thread 1 ] DEBUG PhysicsWorld         - Physics world initialized: appHeight=820, physics.ppm=50.0
10:42:32.211 [FXGL Background Thread 1 ] DEBUG PhysicsWorld         - Using strategy: BRUTE_FORCE
10:42:32.214 [FXGL Background Thread 1 ] DEBUG GameScene            - Game scene initialized: 1480x820
10:42:32.214 [FXGL Background Thread 1 ] DEBUG GameApplicationServi - Application scenes initialized
10:42:32.225 [FXGL Background Thread 1 ] DEBUG SystemBundleService  - Loading FXGL system data
10:42:32.231 [FXGL Background Thread 1 ] DEBUG FileSystemAccess     - Reading from: C:\Users\ethan\IdeaProjects\animals-revenge\system\fxgl.bundle
10:42:32.236 [FXGL Background Thread 1 ] DEBUG SystemBundleService  - Bundle FXGL: {}
10:42:32.237 [FXGL Background Thread 1 ] DEBUG UpdaterService       - Checking for updates
10:42:32.240 [FXGL Background Thread 4 ] DEBUG FXGLApplication      - Loading fonts
10:42:32.241 [FXGL Background Thread 1 ] DEBUG FXGLApplication      - Loading default localization
10:42:32.241 [FXGL Background Thread 4 ] DEBUG FXGLAssetLoaderServi - Loading from file system: jar:file:/C:/Users/ethan/.gradle/caches/modules-2/files-2.1/com.github.almasb/fxgl/17.2/35db6ae960eec2dcfd19262d3b7f9c42f0e95bc3/fxgl-17.2.jar!/fxglassets/ui/fonts/VarelaRound-Regular.ttf
10:42:32.241 [FXGL Background Thread 1 ] DEBUG FXGLAssetLoaderServi - Loading from file system: jar:file:/C:/Users/ethan/.gradle/caches/modules-2/files-2.1/com.github.almasb/fxgl/17.2/35db6ae960eec2dcfd19262d3b7f9c42f0e95bc3/fxgl-17.2.jar!/fxglassets/languages/english.lang
10:42:32.255 [FXGL Background Thread 1 ] INFO  FXGLApplication      - FXGL initialization took: 0.158 sec
10:42:32.258 [JavaFX Application Thread] DEBUG Input                - Registered new binding: Launch - RMB
10:42:32.258 [JavaFX Application Thread] DEBUG Input                - Registered new binding: Create - LMB
10:42:32.258 [JavaFX Application Thread] DEBUG Input                - Registered new binding: Drag - CTRL+LMB
10:42:32.258 [JavaFX Application Thread] DEBUG FXGLAssetLoaderServi - Loading from file system: jar:file:/C:/Users/ethan/.gradle/caches/modules-2/files-2.1/com.github.almasb/fxgl/17.2/35db6ae960eec2dcfd19262d3b7f9c42f0e95bc3/fxgl-17.2.jar!/fxglassets/textures/fxgl_icon.png
10:42:32.272 [FXGL Background Thread 4 ] DEBUG FXGLAssetLoaderServi - Loading from file system: jar:file:/C:/Users/ethan/.gradle/caches/modules-2/files-2.1/com.github.almasb/fxgl/17.2/35db6ae960eec2dcfd19262d3b7f9c42f0e95bc3/fxgl-17.2.jar!/fxglassets/ui/fonts/Abel-Regular.ttf
10:42:32.277 [FXGL Background Thread 4 ] DEBUG FXGLAssetLoaderServi - Loading from file system: jar:file:/C:/Users/ethan/.gradle/caches/modules-2/files-2.1/com.github.almasb/fxgl/17.2/35db6ae960eec2dcfd19262d3b7f9c42f0e95bc3/fxgl-17.2.jar!/fxglassets/ui/fonts/TerminalLandMono-Regular.otf
10:42:32.282 [FXGL Background Thread 4 ] DEBUG FXGLAssetLoaderServi - Loading from file system: jar:file:/C:/Users/ethan/.gradle/caches/modules-2/files-2.1/com.github.almasb/fxgl/17.2/35db6ae960eec2dcfd19262d3b7f9c42f0e95bc3/fxgl-17.2.jar!/fxglassets/ui/fonts/Courier-Prime.ttf
10:42:32.286 [JavaFX Application Thread] DEBUG FXGLAssetLoaderServi - Loading from file system: jar:file:/C:/Users/ethan/.gradle/caches/modules-2/files-2.1/com.github.almasb/fxgl/17.2/35db6ae960eec2dcfd19262d3b7f9c42f0e95bc3/fxgl-17.2.jar!/fxglassets/textures/fxgl_default_cursor.png
10:42:32.292 [JavaFX Application Thread] DEBUG Input                - Registered new binding: Screenshot - CTRL+8
10:42:32.293 [JavaFX Application Thread] DEBUG Input                - Registered new binding: System info dump - CTRL+9
10:42:32.293 [JavaFX Application Thread] DEBUG Input                - Registered new binding: Restart - CTRL+R
10:42:32.293 [JavaFX Application Thread] DEBUG Input                - Registered new binding: Toggle Debug Camera - CTRL+7
10:42:32.295 [JavaFX Application Thread] DEBUG LoopRunner           - Starting loop
10:42:32.295 [JavaFX Application Thread] DEBUG LoopRunner           - Initializing JavaFX AnimationTimerLoop
10:42:32.296 [JavaFX Application Thread] DEBUG GameApplicationServi - Starting new game
10:42:32.296 [JavaFX Application Thread] DEBUG Input                - Clearing active input actions
10:42:32.304 [JavaFX Application Thread] DEBUG GameApplicationServi - Removing overlay from FXGLStartupScene and adding to FXGLLoadingScene
10:42:32.304 [JavaFX Application Thread] DEBUG PrimaryStageWindow   - FXGLStartupScene -> FXGLLoadingScene
10:42:32.304 [JavaFX Application Thread] DEBUG GameApplicationServi - Clearing previous game
10:42:32.304 [JavaFX Application Thread] DEBUG GameScene            - Clearing game scene
10:42:32.304 [JavaFX Application Thread] DEBUG GameWorld            - Clearing game world
10:42:32.304 [JavaFX Application Thread] DEBUG PhysicsWorld         - Clearing physics world
10:42:32.305 [FXGL Background Thread 4 ] DEBUG FXGLApplication      - Initializing game
10:42:32.306 [JavaFX Application Thread] DEBUG FXGLApplication      - Registering font factories with UI factory
10:42:32.345 [FXGL Background Thread 4 ] DEBUG FXGLAssetLoaderServi - Loading from file system: file:/C:/Users/ethan/IdeaProjects/animals-revenge/build/resources/main/assets/ui/Home.fxml
10:42:32.614 [FXGL Background Thread 4 ] INFO  FXGLApplication      - Game initialization took: 0.310 sec
10:42:32.615 [JavaFX Application Thread] DEBUG Input                - Clearing active input actions
10:42:32.621 [JavaFX Application Thread] DEBUG GameApplicationServi - Removing overlay from FXGLLoadingScene and adding to GameScene
10:42:32.622 [JavaFX Application Thread] DEBUG PrimaryStageWindow   - FXGLLoadingScene -> GameScene
10:42:32.677 [FXGL Background Thread 2 ] INFO  UpdaterService       - Your current version:  17.2
10:42:32.677 [FXGL Background Thread 2 ] INFO  UpdaterService       - Latest stable version: 17.3
10:42:33.440 [JavaFX Application Thread] DEBUG FXGLAssetLoaderServi - Loading from file system: file:/C:/Users/ethan/IdeaProjects/animals-revenge/build/resources/main/assets/ui/Simulator.fxml
10:42:33.490 [JavaFX Application Thread] DEBUG FXGLAssetLoaderServi - Loading from file system: file:/C:/Users/ethan/IdeaProjects/animals-revenge/build/resources/main/assets/textures/cannon.png
10:42:35.241 [FXGL Background Thread 3 ] DEBUG Engine               - Logging environment variables
10:42:35.241 [FXGL Background Thread 3 ] DEBUG Engine               - achievements: []
10:42:35.241 [FXGL Background Thread 3 ] DEBUG Engine               - actualHeight: 820.0
10:42:35.241 [FXGL Background Thread 3 ] DEBUG Engine               - actualHeightProperty: ReadOnlyDoubleProperty [value: 820.0]
10:42:35.241 [FXGL Background Thread 3 ] DEBUG Engine               - actualWidth: 1480.0
10:42:35.241 [FXGL Background Thread 3 ] DEBUG Engine               - actualWidthProperty: ReadOnlyDoubleProperty [value: 1480.0]
10:42:35.241 [FXGL Background Thread 3 ] DEBUG Engine               - appIcon: fxgl_icon.png
10:42:35.241 [FXGL Background Thread 3 ] DEBUG Engine               - applicationMode: DEVELOPER
10:42:35.241 [FXGL Background Thread 3 ] DEBUG Engine               - cSSList: [fxgl_dark.css]
10:42:35.241 [FXGL Background Thread 3 ] DEBUG Engine               - collisionDetectionStrategy: BRUTE_FORCE
10:42:35.241 [FXGL Background Thread 3 ] DEBUG Engine               - configClass: Optional.empty
10:42:35.241 [FXGL Background Thread 3 ] DEBUG Engine               - credits: []
10:42:35.242 [FXGL Background Thread 3 ] DEBUG Engine               - defaultCursor: CursorInfo(imageName=fxgl_default_cursor.png, hotspotX=7.0, hotspotY=6.0)
10:42:35.242 [FXGL Background Thread 3 ] DEBUG Engine               - devBBoxColorProperty: ObjectProperty [value: 0xff0000ff]
10:42:35.242 [FXGL Background Thread 3 ] DEBUG Engine               - devEnableDebugCameraProperty: BooleanProperty [value: false]
10:42:35.242 [FXGL Background Thread 3 ] DEBUG Engine               - devSensorColorProperty: ObjectProperty [value: 0xffff00ff]
10:42:35.242 [FXGL Background Thread 3 ] DEBUG Engine               - devShowBBoxProperty: BooleanProperty [value: false]
10:42:35.242 [FXGL Background Thread 3 ] DEBUG Engine               - devShowPositionProperty: BooleanProperty [value: false]
10:42:35.242 [FXGL Background Thread 3 ] DEBUG Engine               - enabledMenuItems: []
10:42:35.243 [FXGL Background Thread 3 ] DEBUG Engine               - engineServices: [class com.almasb.fxgl.app.services.FXGLAssetLoaderService, class com.almasb.fxgl.app.FXGLApplication$GameApplicationService, class com.almasb.fxgl.app.services.FXGLDialogService, class com.almasb.fxgl.app.services.IOTaskExecutorService, class com.almasb.fxgl.io.FileSystemService, class com.almasb.fxgl.localization.LocalizationService, class com.almasb.fxgl.app.services.SystemBundleService, class com.almasb.fxgl.profile.SaveLoadService, class com.almasb.fxgl.ui.FXGLUIFactoryServiceProvider, class com.almasb.fxgl.ui.FXGLDialogFactoryServiceProvider, class com.almasb.fxgl.audio.AudioPlayer, class com.almasb.fxgl.notification.impl.NotificationServiceProvider, class com.almasb.fxgl.achievement.AchievementService, class com.almasb.fxgl.cutscene.CutsceneService, class com.almasb.fxgl.minigames.MiniGameService, class com.almasb.fxgl.net.NetService, class com.almasb.fxgl.app.services.UpdaterService, class com.almasb.fxgl.dev.DevService]
10:42:35.243 [FXGL Background Thread 3 ] DEBUG Engine               - fontGame: Abel-Regular.ttf
10:42:35.243 [FXGL Background Thread 3 ] DEBUG Engine               - fontMono: TerminalLandMono-Regular.otf
10:42:35.243 [FXGL Background Thread 3 ] DEBUG Engine               - fontText: Courier-Prime.ttf
10:42:35.243 [FXGL Background Thread 3 ] DEBUG Engine               - fontUI: VarelaRound-Regular.ttf
10:42:35.243 [FXGL Background Thread 3 ] DEBUG Engine               - fullScreen: BooleanProperty [value: false]
10:42:35.243 [FXGL Background Thread 3 ] DEBUG Engine               - gameDifficulty: MEDIUM
10:42:35.243 [FXGL Background Thread 3 ] DEBUG Engine               - gameDifficultyProperty: ObjectProperty [value: MEDIUM]
10:42:35.243 [FXGL Background Thread 3 ] DEBUG Engine               - globalMusicVolume: 0.5
10:42:35.243 [FXGL Background Thread 3 ] DEBUG Engine               - globalMusicVolumeProperty: DoubleProperty [value: 0.5]
10:42:35.243 [FXGL Background Thread 3 ] DEBUG Engine               - globalSoundVolume: 0.5
10:42:35.243 [FXGL Background Thread 3 ] DEBUG Engine               - globalSoundVolumeProperty: DoubleProperty [value: 0.5]
10:42:35.243 [FXGL Background Thread 3 ] DEBUG Engine               - height: 820
10:42:35.243 [FXGL Background Thread 3 ] DEBUG Engine               - is3D: false
10:42:35.243 [FXGL Background Thread 3 ] DEBUG Engine               - isAndroid: false
10:42:35.243 [FXGL Background Thread 3 ] DEBUG Engine               - isBrowser: false
10:42:35.243 [FXGL Background Thread 3 ] DEBUG Engine               - isClickFeedbackEnabled: false
10:42:35.243 [FXGL Background Thread 3 ] DEBUG Engine               - isCloseConfirmation: false
10:42:35.243 [FXGL Background Thread 3 ] DEBUG Engine               - isDesktop: true
10:42:35.243 [FXGL Background Thread 3 ] DEBUG Engine               - isDeveloperMenuEnabled: false
10:42:35.243 [FXGL Background Thread 3 ] DEBUG Engine               - isEmbedded: false
10:42:35.243 [FXGL Background Thread 3 ] DEBUG Engine               - isEntityPreloadEnabled: true
10:42:35.243 [FXGL Background Thread 3 ] DEBUG Engine               - isExperimentalTiledLargeMap: false
10:42:35.243 [FXGL Background Thread 3 ] DEBUG Engine               - isFileSystemWriteAllowed: true
10:42:35.243 [FXGL Background Thread 3 ] DEBUG Engine               - isFullScreenAllowed: false
10:42:35.243 [FXGL Background Thread 3 ] DEBUG Engine               - isFullScreenFromStart: false
10:42:35.243 [FXGL Background Thread 3 ] DEBUG Engine               - isGameMenuEnabled: false
10:42:35.243 [FXGL Background Thread 3 ] DEBUG Engine               - isIOS: false
10:42:35.243 [FXGL Background Thread 3 ] DEBUG Engine               - isIntroEnabled: false
10:42:35.243 [FXGL Background Thread 3 ] DEBUG Engine               - isLinux: false
10:42:35.243 [FXGL Background Thread 3 ] DEBUG Engine               - isMac: false
10:42:35.243 [FXGL Background Thread 3 ] DEBUG Engine               - isMainMenuEnabled: false
10:42:35.243 [FXGL Background Thread 3 ] DEBUG Engine               - isManualResizeEnabled: false
10:42:35.243 [FXGL Background Thread 3 ] DEBUG Engine               - isMobile: false
10:42:35.243 [FXGL Background Thread 3 ] DEBUG Engine               - isNative: false
10:42:35.243 [FXGL Background Thread 3 ] DEBUG Engine               - isPauseMusicWhenMinimized: true
10:42:35.243 [FXGL Background Thread 3 ] DEBUG Engine               - isPreserveResizeRatio: false
10:42:35.244 [FXGL Background Thread 3 ] DEBUG Engine               - isProfilingEnabled: false
10:42:35.244 [FXGL Background Thread 3 ] DEBUG Engine               - isScaleAffectedOnResize: true
10:42:35.244 [FXGL Background Thread 3 ] DEBUG Engine               - isSingleStep: false
10:42:35.244 [FXGL Background Thread 3 ] DEBUG Engine               - isUserProfileEnabled: false
10:42:35.244 [FXGL Background Thread 3 ] DEBUG Engine               - isWindows: true
10:42:35.244 [FXGL Background Thread 3 ] DEBUG Engine               - language: ObjectProperty [value: ENGLISH]
10:42:35.244 [FXGL Background Thread 3 ] DEBUG Engine               - menuKey: ESCAPE
10:42:35.244 [FXGL Background Thread 3 ] DEBUG Engine               - mouseSensitivity: 0.2
10:42:35.244 [FXGL Background Thread 3 ] DEBUG Engine               - notificationViewClass: class com.almasb.fxgl.notification.view.XboxNotificationView
10:42:35.244 [FXGL Background Thread 3 ] DEBUG Engine               - pixelsPerMeter: 50.0
10:42:35.244 [FXGL Background Thread 3 ] DEBUG Engine               - platform: WINDOWS
10:42:35.244 [FXGL Background Thread 3 ] DEBUG Engine               - prefHeightProperty: ReadOnlyDoubleProperty [value: 820.0]
10:42:35.244 [FXGL Background Thread 3 ] DEBUG Engine               - prefWidthProperty: ReadOnlyDoubleProperty [value: 1480.0]
10:42:35.244 [FXGL Background Thread 3 ] DEBUG Engine               - profileDir: profiles/
10:42:35.244 [FXGL Background Thread 3 ] DEBUG Engine               - profileName: StringProperty [value: DEFAULT]
10:42:35.244 [FXGL Background Thread 3 ] DEBUG Engine               - randomSeed: -1
10:42:35.244 [FXGL Background Thread 3 ] DEBUG Engine               - runtimeInfo: RuntimeInfo(platform=WINDOWS, version=17.2, build=20.08.2022 16.50)
10:42:35.244 [FXGL Background Thread 3 ] DEBUG Engine               - saveFileExt: sav
10:42:35.244 [FXGL Background Thread 3 ] DEBUG Engine               - scaledHeightProp$fxgl: DoubleProperty [bound, value: 820.0]
10:42:35.244 [FXGL Background Thread 3 ] DEBUG Engine               - scaledWidthProp$fxgl: DoubleProperty [bound, value: 1480.0]
10:42:35.244 [FXGL Background Thread 3 ] DEBUG Engine               - sceneFactory: com.almasb.fxgl.app.scene.SceneFactory@47a2f215
10:42:35.244 [FXGL Background Thread 3 ] DEBUG Engine               - secondsIn24h: 60
10:42:35.244 [FXGL Background Thread 3 ] DEBUG Engine               - soundMenuBack: menu/back.wav
10:42:35.244 [FXGL Background Thread 3 ] DEBUG Engine               - soundMenuPress: menu/press.wav
10:42:35.244 [FXGL Background Thread 3 ] DEBUG Engine               - soundMenuSelect: menu/select.wav
10:42:35.244 [FXGL Background Thread 3 ] DEBUG Engine               - soundNotification: core/notification.wav
10:42:35.244 [FXGL Background Thread 3 ] DEBUG Engine               - stageStyle: DECORATED
10:42:35.244 [FXGL Background Thread 3 ] DEBUG Engine               - supportedLanguages: [ENGLISH, FRENCH, GERMAN, HUNGARIAN, RUSSIAN]
10:42:35.244 [FXGL Background Thread 3 ] DEBUG Engine               - ticksPerSecond: -1
10:42:35.244 [FXGL Background Thread 3 ] DEBUG Engine               - title: Untitled
10:42:35.244 [FXGL Background Thread 3 ] DEBUG Engine               - urlGithub: https://github.com/AlmasB/FXGL
10:42:35.244 [FXGL Background Thread 3 ] DEBUG Engine               - urlLeaderboard: http://fxgl-top.herokuapp.com/
10:42:35.244 [FXGL Background Thread 3 ] DEBUG Engine               - urlPOM: https://raw.githubusercontent.com/AlmasB/FXGL/release/README.md
10:42:35.244 [FXGL Background Thread 3 ] DEBUG Engine               - userAppClass: class edu.vanier.animals_revenge.MainApp
10:42:35.244 [FXGL Background Thread 3 ] DEBUG Engine               - version: 0.0
10:42:35.244 [FXGL Background Thread 3 ] DEBUG Engine               - versionCheckDays: 7
10:42:35.244 [FXGL Background Thread 3 ] DEBUG Engine               - width: 1480
10:42:35.244 [FXGL Background Thread 3 ] DEBUG Engine               - Logging services
10:42:35.245 [FXGL Background Thread 3 ] DEBUG Engine               - class com.almasb.fxgl.app.services.FXGLAssetLoaderService
10:42:35.245 [FXGL Background Thread 3 ] DEBUG Engine               - class com.almasb.fxgl.app.FXGLApplication$GameApplicationService
10:42:35.245 [FXGL Background Thread 3 ] DEBUG Engine               - class com.almasb.fxgl.app.services.FXGLDialogService
10:42:35.245 [FXGL Background Thread 3 ] DEBUG Engine               - class com.almasb.fxgl.app.services.IOTaskExecutorService
10:42:35.245 [FXGL Background Thread 3 ] DEBUG Engine               - class com.almasb.fxgl.io.FileSystemService
10:42:35.245 [FXGL Background Thread 3 ] DEBUG Engine               - class com.almasb.fxgl.localization.LocalizationService
10:42:35.245 [FXGL Background Thread 3 ] DEBUG Engine               - class com.almasb.fxgl.app.services.SystemBundleService
10:42:35.245 [FXGL Background Thread 3 ] DEBUG Engine               - class com.almasb.fxgl.profile.SaveLoadService
10:42:35.245 [FXGL Background Thread 3 ] DEBUG Engine               - class com.almasb.fxgl.ui.FXGLUIFactoryServiceProvider
10:42:35.245 [FXGL Background Thread 3 ] DEBUG Engine               - class com.almasb.fxgl.ui.FXGLDialogFactoryServiceProvider
10:42:35.245 [FXGL Background Thread 3 ] DEBUG Engine               - class com.almasb.fxgl.audio.AudioPlayer
10:42:35.245 [FXGL Background Thread 3 ] DEBUG Engine               - class com.almasb.fxgl.notification.impl.NotificationServiceProvider
10:42:35.245 [FXGL Background Thread 3 ] DEBUG Engine               - class com.almasb.fxgl.achievement.AchievementService
10:42:35.245 [FXGL Background Thread 3 ] DEBUG Engine               - class com.almasb.fxgl.cutscene.CutsceneService
10:42:35.245 [FXGL Background Thread 3 ] DEBUG Engine               - class com.almasb.fxgl.minigames.MiniGameService
10:42:35.245 [FXGL Background Thread 3 ] DEBUG Engine               - class com.almasb.fxgl.net.NetService
10:42:35.245 [FXGL Background Thread 3 ] DEBUG Engine               - class com.almasb.fxgl.app.services.UpdaterService
10:42:35.245 [FXGL Background Thread 3 ] DEBUG Engine               - class com.almasb.fxgl.dev.DevService
10:42:35.862 [JavaFX Application Thread] DEBUG FXGLAssetLoaderServi - Loading from file system: file:/C:/Users/ethan/IdeaProjects/animals-revenge/build/resources/main/assets/textures/soccer.png
10:42:38.866 [JavaFX Application Thread] DEBUG FXGLAssetLoaderServi - Loading from file system: file:/C:/Users/ethan/IdeaProjects/animals-revenge/build/resources/main/assets/ui/Home.fxml
10:42:40.006 [JavaFX Application Thread] DEBUG FXGLAssetLoaderServi - Loading from file system: file:/C:/Users/ethan/IdeaProjects/animals-revenge/build/resources/main/assets/ui/Setting.fxml
10:42:44.180 [JavaFX Application Thread] DEBUG FXGLAssetLoaderServi - Loading from file system: file:/C:/Users/ethan/IdeaProjects/animals-revenge/build/resources/main/assets/ui/Home.fxml
10:42:45.178 [JavaFX Application Thread] DEBUG FXGLAssetLoaderServi - Loading from file system: file:/C:/Users/ethan/IdeaProjects/animals-revenge/build/resources/main/assets/ui/Simulator.fxml
10:42:46.372 [JavaFX Application Thread] DEBUG FXGLAssetLoaderServi - Loading from file system: file:/C:/Users/ethan/IdeaProjects/animals-revenge/build/resources/main/assets/ui/Home.fxml
10:42:47.139 [JavaFX Application Thread] DEBUG FXGLAssetLoaderServi - Loading from file system: file:/C:/Users/ethan/IdeaProjects/animals-revenge/build/resources/main/assets/ui/1CustomProjectile.fxml
10:42:49.050 [JavaFX Application Thread] DEBUG FXGLAssetLoaderServi - Loading from file system: file:/C:/Users/ethan/IdeaProjects/animals-revenge/build/resources/main/assets/ui/Home.fxml
10:42:50.003 [JavaFX Application Thread] DEBUG FXGLApplication      - Exiting FXGL
10:42:50.003 [JavaFX Application Thread] DEBUG LoopRunner           - Stopping loop
10:42:50.003 [JavaFX Application Thread] DEBUG SystemBundleService  - Saving FXGL system data
10:42:50.005 [JavaFX Application Thread] DEBUG FileSystemAccess     - Writing to: C:\Users\ethan\IdeaProjects\animals-revenge\system\fxgl.bundle
10:42:50.006 [JavaFX Application Thread] DEBUG Async                - Shutting down background threads
10:42:50.006 [JavaFX Application Thread] DEBUG PrimaryStageWindow   - Closing main window
10:42:50.014 [JavaFX Application Thread] DEBUG Logger               - Closing Logger
