17:58:43.878 [main                     ] DEBUG Logger               - Configured Logger
17:58:43.903 [main                     ] DEBUG GameApplication      - Logging settings
Title: Untitled
Version: 0.0
Width: 1480
Height: 820
Fullscreen: false
Intro: false
Profiling: false
Single step:false
App Mode: DEVELOPER
Menu Key: ESCAPE
Stage Style: DECORATED
Scene Factory: class com.almasb.fxgl.app.scene.SceneFactory

17:58:44.421 [JavaFX Application Thread] DEBUG FXGLApplication      - Initializing FXGL
17:58:44.431 [JavaFX Application Thread] INFO  Engine               - FXGL-17.2 (20.08.2022 16.50) on WINDOWS (J:18.0.2.1 FX:20.0.2)
17:58:44.431 [JavaFX Application Thread] DEBUG Engine               - JRE Vendor Name: Oracle Corporation
17:58:44.432 [JavaFX Application Thread] DEBUG Engine               - Running on OS: Windows 11 version 10.0
17:58:44.432 [JavaFX Application Thread] DEBUG Engine               - Architecture: amd64
17:58:44.432 [JavaFX Application Thread] INFO  Engine               - Source code and latest versions at: https://github.com/AlmasB/FXGL
17:58:44.432 [JavaFX Application Thread] INFO  Engine               -       Ask questions and discuss at: https://github.com/AlmasB/FXGL/discussions
17:58:44.434 [JavaFX Application Thread] INFO  Engine               -              Join the FXGL chat at: https://gitter.im/AlmasB/FXGL
17:58:44.562 [JavaFX Application Thread] DEBUG PrimaryStageWindow   - Creating a JavaFX scene
17:58:44.563 [JavaFX Application Thread] DEBUG PrimaryStageWindow   - Target size > screen size
17:58:44.623 [JavaFX Application Thread] DEBUG PrimaryStageWindow   - Target settings size: 1480.0 x 820.0
17:58:44.624 [JavaFX Application Thread] DEBUG PrimaryStageWindow   - Scaled scene size:    1447.0 x 815.0
17:58:44.624 [JavaFX Application Thread] DEBUG PrimaryStageWindow   - Scaled ratio: (0.9777027027027027, 0.9939024390243902)
17:58:44.626 [JavaFX Application Thread] DEBUG PrimaryStageWindow   - Set initial scene to FXGLStartupScene
17:58:44.631 [JavaFX Application Thread] DEBUG PrimaryStageWindow   - Opening main window
17:58:44.764 [JavaFX Application Thread] DEBUG PrimaryStageWindow   - Window border size: (14.5999755859375, 37.79998779296875)
17:58:44.765 [JavaFX Application Thread] DEBUG PrimaryStageWindow   - Scaled size: 1447.0 x 815.0
17:58:44.765 [JavaFX Application Thread] DEBUG PrimaryStageWindow   - Scaled ratio: (0.9777027027027027, 0.9939024390243902)
17:58:44.766 [JavaFX Application Thread] DEBUG PrimaryStageWindow   - Scene size: 1447.0 x 815.0
17:58:44.766 [JavaFX Application Thread] DEBUG PrimaryStageWindow   - Stage size: 1461.5999755859375 x 852.7999877929688
17:58:44.780 [FXGL Background Thread 1 ] DEBUG Engine               - Initializing environment variables
17:58:44.855 [FXGL Background Thread 1 ] DEBUG FXGLAssetLoaderServi - User app class for loading assets: class edu.vanier.animals_revenge.MainApp
17:58:44.855 [FXGL Background Thread 1 ] DEBUG GameApplicationServi - Applying CSS: fxgl_dark.css
17:58:44.857 [FXGL Background Thread 1 ] DEBUG FXGLAssetLoaderServi - Loading from file system: jar:file:/C:/Users/zacha/.gradle/caches/modules-2/files-2.1/com.github.almasb/fxgl/17.2/35db6ae960eec2dcfd19262d3b7f9c42f0e95bc3/fxgl-17.2.jar!/fxglassets/ui/css/fxgl_dark.css
17:58:44.912 [FXGL Background Thread 1 ] DEBUG GameApplicationServi - Initializing application scenes
17:58:44.972 [FXGL Background Thread 1 ] DEBUG GameWorld            - Game world initialized
17:58:45.089 [FXGL Background Thread 1 ] DEBUG PhysicsWorld         - Physics world initialized: appHeight=820, physics.ppm=50.0
17:58:45.090 [FXGL Background Thread 1 ] DEBUG PhysicsWorld         - Using strategy: BRUTE_FORCE
17:58:45.095 [FXGL Background Thread 1 ] DEBUG GameScene            - Game scene initialized: 1480x820
17:58:45.095 [FXGL Background Thread 1 ] DEBUG GameApplicationServi - Application scenes initialized
17:58:45.122 [FXGL Background Thread 1 ] DEBUG SystemBundleService  - Loading FXGL system data
17:58:45.129 [FXGL Background Thread 1 ] DEBUG FileSystemAccess     - Reading from: C:\Users\zacha\OneDrive\Documents\GitHub\animals-revenge\system\fxgl.bundle
17:58:45.142 [FXGL Background Thread 1 ] DEBUG SystemBundleService  - Bundle FXGL: {}
17:58:45.142 [FXGL Background Thread 1 ] DEBUG UpdaterService       - Checking for updates
17:58:45.159 [FXGL Background Thread 4 ] DEBUG FXGLApplication      - Loading fonts
17:58:45.160 [FXGL Background Thread 4 ] DEBUG FXGLAssetLoaderServi - Loading from file system: jar:file:/C:/Users/zacha/.gradle/caches/modules-2/files-2.1/com.github.almasb/fxgl/17.2/35db6ae960eec2dcfd19262d3b7f9c42f0e95bc3/fxgl-17.2.jar!/fxglassets/ui/fonts/VarelaRound-Regular.ttf
17:58:45.162 [FXGL Background Thread 1 ] DEBUG FXGLApplication      - Loading default localization
17:58:45.164 [FXGL Background Thread 1 ] DEBUG FXGLAssetLoaderServi - Loading from file system: jar:file:/C:/Users/zacha/.gradle/caches/modules-2/files-2.1/com.github.almasb/fxgl/17.2/35db6ae960eec2dcfd19262d3b7f9c42f0e95bc3/fxgl-17.2.jar!/fxglassets/languages/english.lang
17:58:45.234 [FXGL Background Thread 1 ] INFO  FXGLApplication      - FXGL initialization took: 0.455 sec
17:58:45.248 [JavaFX Application Thread] DEBUG Input                - Registered new binding: Launch - RMB
17:58:45.248 [JavaFX Application Thread] DEBUG Input                - Registered new binding: Create - LMB
17:58:45.249 [JavaFX Application Thread] DEBUG Input                - Registered new binding: Drag - CTRL+LMB
17:58:45.250 [JavaFX Application Thread] DEBUG FXGLAssetLoaderServi - Loading from file system: jar:file:/C:/Users/zacha/.gradle/caches/modules-2/files-2.1/com.github.almasb/fxgl/17.2/35db6ae960eec2dcfd19262d3b7f9c42f0e95bc3/fxgl-17.2.jar!/fxglassets/textures/fxgl_icon.png
17:58:45.267 [FXGL Background Thread 4 ] DEBUG FXGLAssetLoaderServi - Loading from file system: jar:file:/C:/Users/zacha/.gradle/caches/modules-2/files-2.1/com.github.almasb/fxgl/17.2/35db6ae960eec2dcfd19262d3b7f9c42f0e95bc3/fxgl-17.2.jar!/fxglassets/ui/fonts/Abel-Regular.ttf
17:58:45.274 [FXGL Background Thread 4 ] DEBUG FXGLAssetLoaderServi - Loading from file system: jar:file:/C:/Users/zacha/.gradle/caches/modules-2/files-2.1/com.github.almasb/fxgl/17.2/35db6ae960eec2dcfd19262d3b7f9c42f0e95bc3/fxgl-17.2.jar!/fxglassets/ui/fonts/TerminalLandMono-Regular.otf
17:58:45.284 [FXGL Background Thread 4 ] DEBUG FXGLAssetLoaderServi - Loading from file system: jar:file:/C:/Users/zacha/.gradle/caches/modules-2/files-2.1/com.github.almasb/fxgl/17.2/35db6ae960eec2dcfd19262d3b7f9c42f0e95bc3/fxgl-17.2.jar!/fxglassets/ui/fonts/Courier-Prime.ttf
17:58:45.347 [JavaFX Application Thread] DEBUG FXGLAssetLoaderServi - Loading from file system: jar:file:/C:/Users/zacha/.gradle/caches/modules-2/files-2.1/com.github.almasb/fxgl/17.2/35db6ae960eec2dcfd19262d3b7f9c42f0e95bc3/fxgl-17.2.jar!/fxglassets/textures/fxgl_default_cursor.png
17:58:45.363 [JavaFX Application Thread] DEBUG Input                - Registered new binding: Screenshot - CTRL+8
17:58:45.364 [JavaFX Application Thread] DEBUG Input                - Registered new binding: System info dump - CTRL+9
17:58:45.365 [JavaFX Application Thread] DEBUG Input                - Registered new binding: Restart - CTRL+R
17:58:45.366 [JavaFX Application Thread] DEBUG Input                - Registered new binding: Toggle Debug Camera - CTRL+7
17:58:45.370 [JavaFX Application Thread] DEBUG LoopRunner           - Starting loop
17:58:45.370 [JavaFX Application Thread] DEBUG LoopRunner           - Initializing JavaFX AnimationTimerLoop
17:58:45.373 [JavaFX Application Thread] DEBUG GameApplicationServi - Starting new game
17:58:45.374 [JavaFX Application Thread] DEBUG Input                - Clearing active input actions
17:58:45.412 [JavaFX Application Thread] DEBUG GameApplicationServi - Removing overlay from FXGLStartupScene and adding to FXGLLoadingScene
17:58:45.413 [JavaFX Application Thread] DEBUG PrimaryStageWindow   - FXGLStartupScene -> FXGLLoadingScene
17:58:45.413 [JavaFX Application Thread] DEBUG GameApplicationServi - Clearing previous game
17:58:45.413 [JavaFX Application Thread] DEBUG GameScene            - Clearing game scene
17:58:45.413 [JavaFX Application Thread] DEBUG GameWorld            - Clearing game world
17:58:45.413 [JavaFX Application Thread] DEBUG PhysicsWorld         - Clearing physics world
17:58:45.421 [FXGL Background Thread 4 ] DEBUG FXGLApplication      - Initializing game
17:58:45.422 [JavaFX Application Thread] DEBUG FXGLApplication      - Registering font factories with UI factory
17:58:45.499 [FXGL Background Thread 4 ] DEBUG FXGLAssetLoaderServi - Loading from file system: file:/C:/Users/zacha/OneDrive/Documents/GitHub/animals-revenge/build/resources/main/assets/ui/Home.fxml
17:58:45.935 [FXGL Background Thread 2 ] INFO  UpdaterService       - Your current version:  17.2
17:58:45.936 [FXGL Background Thread 2 ] INFO  UpdaterService       - Latest stable version: 17.3
17:58:46.099 [FXGL Background Thread 4 ] INFO  FXGLApplication      - Game initialization took: 0.677 sec
17:58:46.118 [JavaFX Application Thread] DEBUG Input                - Clearing active input actions
17:58:46.136 [JavaFX Application Thread] DEBUG GameApplicationServi - Removing overlay from FXGLLoadingScene and adding to GameScene
17:58:46.136 [JavaFX Application Thread] DEBUG PrimaryStageWindow   - FXGLLoadingScene -> GameScene
17:58:48.157 [FXGL Background Thread 3 ] DEBUG Engine               - Logging environment variables
17:58:48.157 [FXGL Background Thread 3 ] DEBUG Engine               - achievements: []
17:58:48.159 [FXGL Background Thread 3 ] DEBUG Engine               - actualHeight: 815.0
17:58:48.159 [FXGL Background Thread 3 ] DEBUG Engine               - actualHeightProperty: ReadOnlyDoubleProperty [value: 823.2000122070312]
17:58:48.159 [FXGL Background Thread 3 ] DEBUG Engine               - actualWidth: 1447.0
17:58:48.159 [FXGL Background Thread 3 ] DEBUG Engine               - actualWidthProperty: ReadOnlyDoubleProperty [value: 1450.4000244140625]
17:58:48.159 [FXGL Background Thread 3 ] DEBUG Engine               - appIcon: fxgl_icon.png
17:58:48.160 [FXGL Background Thread 3 ] DEBUG Engine               - applicationMode: DEVELOPER
17:58:48.160 [FXGL Background Thread 3 ] DEBUG Engine               - cSSList: [fxgl_dark.css]
17:58:48.160 [FXGL Background Thread 3 ] DEBUG Engine               - collisionDetectionStrategy: BRUTE_FORCE
17:58:48.160 [FXGL Background Thread 3 ] DEBUG Engine               - configClass: Optional.empty
17:58:48.160 [FXGL Background Thread 3 ] DEBUG Engine               - credits: []
17:58:48.163 [FXGL Background Thread 3 ] DEBUG Engine               - defaultCursor: CursorInfo(imageName=fxgl_default_cursor.png, hotspotX=7.0, hotspotY=6.0)
17:58:48.163 [FXGL Background Thread 3 ] DEBUG Engine               - devBBoxColorProperty: ObjectProperty [value: 0xff0000ff]
17:58:48.163 [FXGL Background Thread 3 ] DEBUG Engine               - devEnableDebugCameraProperty: BooleanProperty [value: false]
17:58:48.163 [FXGL Background Thread 3 ] DEBUG Engine               - devSensorColorProperty: ObjectProperty [value: 0xffff00ff]
17:58:48.163 [FXGL Background Thread 3 ] DEBUG Engine               - devShowBBoxProperty: BooleanProperty [value: false]
17:58:48.164 [FXGL Background Thread 3 ] DEBUG Engine               - devShowPositionProperty: BooleanProperty [value: false]
17:58:48.164 [FXGL Background Thread 3 ] DEBUG Engine               - enabledMenuItems: []
17:58:48.164 [FXGL Background Thread 3 ] DEBUG Engine               - engineServices: [class com.almasb.fxgl.app.services.FXGLAssetLoaderService, class com.almasb.fxgl.app.FXGLApplication$GameApplicationService, class com.almasb.fxgl.app.services.FXGLDialogService, class com.almasb.fxgl.app.services.IOTaskExecutorService, class com.almasb.fxgl.io.FileSystemService, class com.almasb.fxgl.localization.LocalizationService, class com.almasb.fxgl.app.services.SystemBundleService, class com.almasb.fxgl.profile.SaveLoadService, class com.almasb.fxgl.ui.FXGLUIFactoryServiceProvider, class com.almasb.fxgl.ui.FXGLDialogFactoryServiceProvider, class com.almasb.fxgl.audio.AudioPlayer, class com.almasb.fxgl.notification.impl.NotificationServiceProvider, class com.almasb.fxgl.achievement.AchievementService, class com.almasb.fxgl.cutscene.CutsceneService, class com.almasb.fxgl.minigames.MiniGameService, class com.almasb.fxgl.net.NetService, class com.almasb.fxgl.app.services.UpdaterService, class com.almasb.fxgl.dev.DevService]
17:58:48.164 [FXGL Background Thread 3 ] DEBUG Engine               - fontGame: Abel-Regular.ttf
17:58:48.164 [FXGL Background Thread 3 ] DEBUG Engine               - fontMono: TerminalLandMono-Regular.otf
17:58:48.164 [FXGL Background Thread 3 ] DEBUG Engine               - fontText: Courier-Prime.ttf
17:58:48.164 [FXGL Background Thread 3 ] DEBUG Engine               - fontUI: VarelaRound-Regular.ttf
17:58:48.164 [FXGL Background Thread 3 ] DEBUG Engine               - fullScreen: BooleanProperty [value: false]
17:58:48.164 [FXGL Background Thread 3 ] DEBUG Engine               - gameDifficulty: MEDIUM
17:58:48.164 [FXGL Background Thread 3 ] DEBUG Engine               - gameDifficultyProperty: ObjectProperty [value: MEDIUM]
17:58:48.164 [FXGL Background Thread 3 ] DEBUG Engine               - globalMusicVolume: 0.5
17:58:48.165 [FXGL Background Thread 3 ] DEBUG Engine               - globalMusicVolumeProperty: DoubleProperty [value: 0.5]
17:58:48.165 [FXGL Background Thread 3 ] DEBUG Engine               - globalSoundVolume: 0.5
17:58:48.165 [FXGL Background Thread 3 ] DEBUG Engine               - globalSoundVolumeProperty: DoubleProperty [value: 0.5]
17:58:48.165 [FXGL Background Thread 3 ] DEBUG Engine               - height: 820
17:58:48.165 [FXGL Background Thread 3 ] DEBUG Engine               - is3D: false
17:58:48.165 [FXGL Background Thread 3 ] DEBUG Engine               - isAndroid: false
17:58:48.165 [FXGL Background Thread 3 ] DEBUG Engine               - isBrowser: false
17:58:48.165 [FXGL Background Thread 3 ] DEBUG Engine               - isClickFeedbackEnabled: false
17:58:48.165 [FXGL Background Thread 3 ] DEBUG Engine               - isCloseConfirmation: false
17:58:48.165 [FXGL Background Thread 3 ] DEBUG Engine               - isDesktop: true
17:58:48.165 [FXGL Background Thread 3 ] DEBUG Engine               - isDeveloperMenuEnabled: false
17:58:48.165 [FXGL Background Thread 3 ] DEBUG Engine               - isEmbedded: false
17:58:48.165 [FXGL Background Thread 3 ] DEBUG Engine               - isEntityPreloadEnabled: true
17:58:48.166 [FXGL Background Thread 3 ] DEBUG Engine               - isExperimentalTiledLargeMap: false
17:58:48.166 [FXGL Background Thread 3 ] DEBUG Engine               - isFileSystemWriteAllowed: true
17:58:48.166 [FXGL Background Thread 3 ] DEBUG Engine               - isFullScreenAllowed: false
17:58:48.166 [FXGL Background Thread 3 ] DEBUG Engine               - isFullScreenFromStart: false
17:58:48.166 [FXGL Background Thread 3 ] DEBUG Engine               - isGameMenuEnabled: false
17:58:48.166 [FXGL Background Thread 3 ] DEBUG Engine               - isIOS: false
17:58:48.166 [FXGL Background Thread 3 ] DEBUG Engine               - isIntroEnabled: false
17:58:48.166 [FXGL Background Thread 3 ] DEBUG Engine               - isLinux: false
17:58:48.166 [FXGL Background Thread 3 ] DEBUG Engine               - isMac: false
17:58:48.166 [FXGL Background Thread 3 ] DEBUG Engine               - isMainMenuEnabled: false
17:58:48.166 [FXGL Background Thread 3 ] DEBUG Engine               - isManualResizeEnabled: false
17:58:48.166 [FXGL Background Thread 3 ] DEBUG Engine               - isMobile: false
17:58:48.167 [FXGL Background Thread 3 ] DEBUG Engine               - isNative: false
17:58:48.167 [FXGL Background Thread 3 ] DEBUG Engine               - isPauseMusicWhenMinimized: true
17:58:48.167 [FXGL Background Thread 3 ] DEBUG Engine               - isPreserveResizeRatio: false
17:58:48.167 [FXGL Background Thread 3 ] DEBUG Engine               - isProfilingEnabled: false
17:58:48.167 [FXGL Background Thread 3 ] DEBUG Engine               - isScaleAffectedOnResize: true
17:58:48.167 [FXGL Background Thread 3 ] DEBUG Engine               - isSingleStep: false
17:58:48.167 [FXGL Background Thread 3 ] DEBUG Engine               - isUserProfileEnabled: false
17:58:48.167 [FXGL Background Thread 3 ] DEBUG Engine               - isWindows: true
17:58:48.167 [FXGL Background Thread 3 ] DEBUG Engine               - language: ObjectProperty [value: ENGLISH]
17:58:48.167 [FXGL Background Thread 3 ] DEBUG Engine               - menuKey: ESCAPE
17:58:48.167 [FXGL Background Thread 3 ] DEBUG Engine               - mouseSensitivity: 0.2
17:58:48.167 [FXGL Background Thread 3 ] DEBUG Engine               - notificationViewClass: class com.almasb.fxgl.notification.view.XboxNotificationView
17:58:48.168 [FXGL Background Thread 3 ] DEBUG Engine               - pixelsPerMeter: 50.0
17:58:48.168 [FXGL Background Thread 3 ] DEBUG Engine               - platform: WINDOWS
17:58:48.168 [FXGL Background Thread 3 ] DEBUG Engine               - prefHeightProperty: ReadOnlyDoubleProperty [value: 820.0]
17:58:48.168 [FXGL Background Thread 3 ] DEBUG Engine               - prefWidthProperty: ReadOnlyDoubleProperty [value: 1480.0]
17:58:48.168 [FXGL Background Thread 3 ] DEBUG Engine               - profileDir: profiles/
17:58:48.168 [FXGL Background Thread 3 ] DEBUG Engine               - profileName: StringProperty [value: DEFAULT]
17:58:48.168 [FXGL Background Thread 3 ] DEBUG Engine               - randomSeed: -1
17:58:48.169 [FXGL Background Thread 3 ] DEBUG Engine               - runtimeInfo: RuntimeInfo(platform=WINDOWS, version=17.2, build=20.08.2022 16.50)
17:58:48.169 [FXGL Background Thread 3 ] DEBUG Engine               - saveFileExt: sav
17:58:48.169 [FXGL Background Thread 3 ] DEBUG Engine               - scaledHeightProp$fxgl: DoubleProperty [bound, value: 823.2000122070312]
17:58:48.169 [FXGL Background Thread 3 ] DEBUG Engine               - scaledWidthProp$fxgl: DoubleProperty [bound, value: 1450.4000244140625]
17:58:48.169 [FXGL Background Thread 3 ] DEBUG Engine               - sceneFactory: com.almasb.fxgl.app.scene.SceneFactory@76948394
17:58:48.169 [FXGL Background Thread 3 ] DEBUG Engine               - secondsIn24h: 60
17:58:48.169 [FXGL Background Thread 3 ] DEBUG Engine               - soundMenuBack: menu/back.wav
17:58:48.170 [FXGL Background Thread 3 ] DEBUG Engine               - soundMenuPress: menu/press.wav
17:58:48.170 [FXGL Background Thread 3 ] DEBUG Engine               - soundMenuSelect: menu/select.wav
17:58:48.170 [FXGL Background Thread 3 ] DEBUG Engine               - soundNotification: core/notification.wav
17:58:48.170 [FXGL Background Thread 3 ] DEBUG Engine               - stageStyle: DECORATED
17:58:48.170 [FXGL Background Thread 3 ] DEBUG Engine               - supportedLanguages: [ENGLISH, FRENCH, GERMAN, HUNGARIAN, RUSSIAN]
17:58:48.170 [FXGL Background Thread 3 ] DEBUG Engine               - ticksPerSecond: -1
17:58:48.170 [FXGL Background Thread 3 ] DEBUG Engine               - title: Untitled
17:58:48.170 [FXGL Background Thread 3 ] DEBUG Engine               - urlGithub: https://github.com/AlmasB/FXGL
17:58:48.170 [FXGL Background Thread 3 ] DEBUG Engine               - urlLeaderboard: http://fxgl-top.herokuapp.com/
17:58:48.170 [FXGL Background Thread 3 ] DEBUG Engine               - urlPOM: https://raw.githubusercontent.com/AlmasB/FXGL/release/README.md
17:58:48.170 [FXGL Background Thread 3 ] DEBUG Engine               - userAppClass: class edu.vanier.animals_revenge.MainApp
17:58:48.170 [FXGL Background Thread 3 ] DEBUG Engine               - version: 0.0
17:58:48.170 [FXGL Background Thread 3 ] DEBUG Engine               - versionCheckDays: 7
17:58:48.170 [FXGL Background Thread 3 ] DEBUG Engine               - width: 1480
17:58:48.171 [FXGL Background Thread 3 ] DEBUG Engine               - Logging services
17:58:48.171 [FXGL Background Thread 3 ] DEBUG Engine               - class com.almasb.fxgl.app.services.FXGLAssetLoaderService
17:58:48.171 [FXGL Background Thread 3 ] DEBUG Engine               - class com.almasb.fxgl.app.FXGLApplication$GameApplicationService
17:58:48.171 [FXGL Background Thread 3 ] DEBUG Engine               - class com.almasb.fxgl.app.services.FXGLDialogService
17:58:48.171 [FXGL Background Thread 3 ] DEBUG Engine               - class com.almasb.fxgl.app.services.IOTaskExecutorService
17:58:48.171 [FXGL Background Thread 3 ] DEBUG Engine               - class com.almasb.fxgl.io.FileSystemService
17:58:48.171 [FXGL Background Thread 3 ] DEBUG Engine               - class com.almasb.fxgl.localization.LocalizationService
17:58:48.171 [FXGL Background Thread 3 ] DEBUG Engine               - class com.almasb.fxgl.app.services.SystemBundleService
17:58:48.171 [FXGL Background Thread 3 ] DEBUG Engine               - class com.almasb.fxgl.profile.SaveLoadService
17:58:48.171 [FXGL Background Thread 3 ] DEBUG Engine               - class com.almasb.fxgl.ui.FXGLUIFactoryServiceProvider
17:58:48.171 [FXGL Background Thread 3 ] DEBUG Engine               - class com.almasb.fxgl.ui.FXGLDialogFactoryServiceProvider
17:58:48.171 [FXGL Background Thread 3 ] DEBUG Engine               - class com.almasb.fxgl.audio.AudioPlayer
17:58:48.171 [FXGL Background Thread 3 ] DEBUG Engine               - class com.almasb.fxgl.notification.impl.NotificationServiceProvider
17:58:48.171 [FXGL Background Thread 3 ] DEBUG Engine               - class com.almasb.fxgl.achievement.AchievementService
17:58:48.171 [FXGL Background Thread 3 ] DEBUG Engine               - class com.almasb.fxgl.cutscene.CutsceneService
17:58:48.171 [FXGL Background Thread 3 ] DEBUG Engine               - class com.almasb.fxgl.minigames.MiniGameService
17:58:48.172 [FXGL Background Thread 3 ] DEBUG Engine               - class com.almasb.fxgl.net.NetService
17:58:48.172 [FXGL Background Thread 3 ] DEBUG Engine               - class com.almasb.fxgl.app.services.UpdaterService
17:58:48.172 [FXGL Background Thread 3 ] DEBUG Engine               - class com.almasb.fxgl.dev.DevService
17:58:48.333 [JavaFX Application Thread] DEBUG FXGLAssetLoaderServi - Loading from file system: file:/C:/Users/zacha/OneDrive/Documents/GitHub/animals-revenge/build/resources/main/assets/ui/Simulator.fxml
17:58:48.460 [JavaFX Application Thread] DEBUG FXGLAssetLoaderServi - Loading from file system: file:/C:/Users/zacha/OneDrive/Documents/GitHub/animals-revenge/build/resources/main/assets/textures/cannon.png
17:58:48.463 [JavaFX Application Thread] DEBUG FXGLAssetLoaderServi - Loading from file system: file:/C:/Users/zacha/OneDrive/Documents/GitHub/animals-revenge/build/resources/main/assets/textures/brick32x32.png
17:58:55.506 [JavaFX Application Thread] DEBUG FXGLAssetLoaderServi - Loading from file system: file:/C:/Users/zacha/OneDrive/Documents/GitHub/animals-revenge/build/resources/main/assets/textures/brick16x16.png
17:59:43.768 [JavaFX Application Thread] DEBUG FXGLApplication      - Exiting FXGL
17:59:43.768 [JavaFX Application Thread] DEBUG LoopRunner           - Stopping loop
17:59:43.768 [JavaFX Application Thread] DEBUG SystemBundleService  - Saving FXGL system data
17:59:43.770 [JavaFX Application Thread] DEBUG FileSystemAccess     - Writing to: C:\Users\zacha\OneDrive\Documents\GitHub\animals-revenge\system\fxgl.bundle
17:59:43.773 [JavaFX Application Thread] DEBUG Async                - Shutting down background threads
17:59:43.773 [JavaFX Application Thread] DEBUG PrimaryStageWindow   - Closing main window
17:59:43.800 [JavaFX Application Thread] DEBUG Logger               - Closing Logger
