22:15:55.839 [main                     ] DEBUG Logger               - Configured Logger
22:15:55.849 [main                     ] DEBUG GameApplication      - Logging settings
Title: Untitled
Version: 0.0
Width: 1480
Height: 820
Fullscreen: false
Intro: false
Profiling: false
Single step:false
App Mode: DEVELOPER
Menu Key: ESCAPE
Stage Style: DECORATED
Scene Factory: class com.almasb.fxgl.app.scene.SceneFactory

22:15:56.086 [JavaFX Application Thread] DEBUG FXGLApplication      - Initializing FXGL
22:15:56.091 [JavaFX Application Thread] INFO  Engine               - FXGL-17.2 (20.08.2022 16.50) on WINDOWS (J:18.0.2.1 FX:20.0.2)
22:15:56.091 [JavaFX Application Thread] DEBUG Engine               - JRE Vendor Name: Oracle Corporation
22:15:56.092 [JavaFX Application Thread] DEBUG Engine               - Running on OS: Windows 11 version 10.0
22:15:56.093 [JavaFX Application Thread] DEBUG Engine               - Architecture: amd64
22:15:56.093 [JavaFX Application Thread] INFO  Engine               - Source code and latest versions at: https://github.com/AlmasB/FXGL
22:15:56.093 [JavaFX Application Thread] INFO  Engine               -       Ask questions and discuss at: https://github.com/AlmasB/FXGL/discussions
22:15:56.093 [JavaFX Application Thread] INFO  Engine               -              Join the FXGL chat at: https://gitter.im/AlmasB/FXGL
22:15:56.145 [JavaFX Application Thread] DEBUG PrimaryStageWindow   - Creating a JavaFX scene
22:15:56.145 [JavaFX Application Thread] DEBUG PrimaryStageWindow   - Target size > screen size
22:15:56.177 [JavaFX Application Thread] DEBUG PrimaryStageWindow   - Target settings size: 1480.0 x 820.0
22:15:56.177 [JavaFX Application Thread] DEBUG PrimaryStageWindow   - Scaled scene size:    1415.0 x 797.0
22:15:56.177 [JavaFX Application Thread] DEBUG PrimaryStageWindow   - Scaled ratio: (0.956081081081081, 0.9719512195121951)
22:15:56.178 [JavaFX Application Thread] DEBUG PrimaryStageWindow   - Set initial scene to FXGLStartupScene
22:15:56.180 [JavaFX Application Thread] DEBUG PrimaryStageWindow   - Opening main window
22:15:56.240 [JavaFX Application Thread] DEBUG PrimaryStageWindow   - Window border size: (13.0, 35.5)
22:15:56.241 [JavaFX Application Thread] DEBUG PrimaryStageWindow   - Scaled size: 1415.0 x 797.0
22:15:56.241 [JavaFX Application Thread] DEBUG PrimaryStageWindow   - Scaled ratio: (0.956081081081081, 0.9719512195121951)
22:15:56.241 [JavaFX Application Thread] DEBUG PrimaryStageWindow   - Scene size: 1415.0 x 797.0
22:15:56.241 [JavaFX Application Thread] DEBUG PrimaryStageWindow   - Stage size: 1428.0 x 832.5
22:15:56.246 [FXGL Background Thread 1 ] DEBUG Engine               - Initializing environment variables
22:15:56.284 [FXGL Background Thread 1 ] DEBUG FXGLAssetLoaderServi - User app class for loading assets: class edu.vanier.animals_revenge.MainApp
22:15:56.284 [FXGL Background Thread 1 ] DEBUG GameApplicationServi - Applying CSS: fxgl_dark.css
22:15:56.285 [FXGL Background Thread 1 ] DEBUG FXGLAssetLoaderServi - Loading from file system: jar:file:/C:/Users/macke/.gradle/caches/modules-2/files-2.1/com.github.almasb/fxgl/17.2/35db6ae960eec2dcfd19262d3b7f9c42f0e95bc3/fxgl-17.2.jar!/fxglassets/ui/css/fxgl_dark.css
22:15:56.316 [FXGL Background Thread 1 ] DEBUG GameApplicationServi - Initializing application scenes
22:15:56.358 [FXGL Background Thread 1 ] DEBUG GameWorld            - Game world initialized
22:15:56.407 [FXGL Background Thread 1 ] DEBUG PhysicsWorld         - Physics world initialized: appHeight=820, physics.ppm=50.0
22:15:56.407 [FXGL Background Thread 1 ] DEBUG PhysicsWorld         - Using strategy: BRUTE_FORCE
22:15:56.410 [FXGL Background Thread 1 ] DEBUG GameScene            - Game scene initialized: 1480x820
22:15:56.410 [FXGL Background Thread 1 ] DEBUG GameApplicationServi - Application scenes initialized
22:15:56.426 [FXGL Background Thread 1 ] DEBUG SystemBundleService  - Loading FXGL system data
22:15:56.431 [FXGL Background Thread 1 ] DEBUG FileSystemAccess     - Reading from: C:\Users\macke\OneDrive\Documents\School\Semester 3\Programming in a Graphical User Interface\Homework\animals-revenge\system\fxgl.bundle
22:15:56.438 [FXGL Background Thread 1 ] DEBUG SystemBundleService  - Bundle FXGL: {}
22:15:56.439 [FXGL Background Thread 1 ] DEBUG UpdaterService       - Checking for updates
22:15:56.449 [FXGL Background Thread 4 ] DEBUG FXGLApplication      - Loading fonts
22:15:56.449 [FXGL Background Thread 4 ] DEBUG FXGLAssetLoaderServi - Loading from file system: jar:file:/C:/Users/macke/.gradle/caches/modules-2/files-2.1/com.github.almasb/fxgl/17.2/35db6ae960eec2dcfd19262d3b7f9c42f0e95bc3/fxgl-17.2.jar!/fxglassets/ui/fonts/VarelaRound-Regular.ttf
22:15:56.449 [FXGL Background Thread 1 ] DEBUG FXGLApplication      - Loading default localization
22:15:56.450 [FXGL Background Thread 1 ] DEBUG FXGLAssetLoaderServi - Loading from file system: jar:file:/C:/Users/macke/.gradle/caches/modules-2/files-2.1/com.github.almasb/fxgl/17.2/35db6ae960eec2dcfd19262d3b7f9c42f0e95bc3/fxgl-17.2.jar!/fxglassets/languages/english.lang
22:15:56.480 [FXGL Background Thread 1 ] INFO  FXGLApplication      - FXGL initialization took: 0.234 sec
22:15:56.484 [JavaFX Application Thread] DEBUG Input                - Registered new binding: Launch - RMB
22:15:56.484 [JavaFX Application Thread] DEBUG Input                - Registered new binding: Create - LMB
22:15:56.484 [JavaFX Application Thread] DEBUG Input                - Registered new binding: Drag - CTRL+LMB
22:15:56.485 [JavaFX Application Thread] DEBUG FXGLAssetLoaderServi - Loading from file system: jar:file:/C:/Users/macke/.gradle/caches/modules-2/files-2.1/com.github.almasb/fxgl/17.2/35db6ae960eec2dcfd19262d3b7f9c42f0e95bc3/fxgl-17.2.jar!/fxglassets/textures/fxgl_icon.png
22:15:56.514 [FXGL Background Thread 4 ] DEBUG FXGLAssetLoaderServi - Loading from file system: jar:file:/C:/Users/macke/.gradle/caches/modules-2/files-2.1/com.github.almasb/fxgl/17.2/35db6ae960eec2dcfd19262d3b7f9c42f0e95bc3/fxgl-17.2.jar!/fxglassets/ui/fonts/Abel-Regular.ttf
22:15:56.517 [FXGL Background Thread 4 ] DEBUG FXGLAssetLoaderServi - Loading from file system: jar:file:/C:/Users/macke/.gradle/caches/modules-2/files-2.1/com.github.almasb/fxgl/17.2/35db6ae960eec2dcfd19262d3b7f9c42f0e95bc3/fxgl-17.2.jar!/fxglassets/ui/fonts/TerminalLandMono-Regular.otf
22:15:56.520 [FXGL Background Thread 4 ] DEBUG FXGLAssetLoaderServi - Loading from file system: jar:file:/C:/Users/macke/.gradle/caches/modules-2/files-2.1/com.github.almasb/fxgl/17.2/35db6ae960eec2dcfd19262d3b7f9c42f0e95bc3/fxgl-17.2.jar!/fxglassets/ui/fonts/Courier-Prime.ttf
22:15:56.523 [JavaFX Application Thread] DEBUG FXGLAssetLoaderServi - Loading from file system: jar:file:/C:/Users/macke/.gradle/caches/modules-2/files-2.1/com.github.almasb/fxgl/17.2/35db6ae960eec2dcfd19262d3b7f9c42f0e95bc3/fxgl-17.2.jar!/fxglassets/textures/fxgl_default_cursor.png
22:15:56.528 [JavaFX Application Thread] DEBUG Input                - Registered new binding: Screenshot - CTRL+8
22:15:56.528 [JavaFX Application Thread] DEBUG Input                - Registered new binding: System info dump - CTRL+9
22:15:56.529 [JavaFX Application Thread] DEBUG Input                - Registered new binding: Restart - CTRL+R
22:15:56.532 [JavaFX Application Thread] DEBUG Input                - Registered new binding: Toggle Debug Camera - CTRL+7
22:15:56.536 [JavaFX Application Thread] DEBUG LoopRunner           - Starting loop
22:15:56.536 [JavaFX Application Thread] DEBUG LoopRunner           - Initializing JavaFX AnimationTimerLoop
22:15:56.537 [JavaFX Application Thread] DEBUG GameApplicationServi - Starting new game
22:15:56.537 [JavaFX Application Thread] DEBUG Input                - Clearing active input actions
22:15:56.548 [JavaFX Application Thread] DEBUG GameApplicationServi - Removing overlay from FXGLStartupScene and adding to FXGLLoadingScene
22:15:56.548 [JavaFX Application Thread] DEBUG PrimaryStageWindow   - FXGLStartupScene -> FXGLLoadingScene
22:15:56.548 [JavaFX Application Thread] DEBUG GameApplicationServi - Clearing previous game
22:15:56.548 [JavaFX Application Thread] DEBUG GameScene            - Clearing game scene
22:15:56.548 [JavaFX Application Thread] DEBUG GameWorld            - Clearing game world
22:15:56.548 [JavaFX Application Thread] DEBUG PhysicsWorld         - Clearing physics world
22:15:56.552 [FXGL Background Thread 4 ] DEBUG FXGLApplication      - Initializing game
22:15:56.552 [JavaFX Application Thread] DEBUG FXGLApplication      - Registering font factories with UI factory
22:15:56.582 [FXGL Background Thread 4 ] DEBUG FXGLAssetLoaderServi - Loading from file system: file:/C:/Users/macke/OneDrive/Documents/School/Semester%203/Programming%20in%20a%20Graphical%20User%20Interface/Homework/animals-revenge/build/resources/main/assets/ui/Home.fxml
22:15:56.812 [FXGL Background Thread 2 ] INFO  UpdaterService       - Your current version:  17.2
22:15:56.812 [FXGL Background Thread 2 ] INFO  UpdaterService       - Latest stable version: 17.3
22:15:56.840 [FXGL Background Thread 4 ] INFO  FXGLApplication      - Game initialization took: 0.289 sec
22:15:56.841 [JavaFX Application Thread] DEBUG Input                - Clearing active input actions
22:15:56.849 [JavaFX Application Thread] DEBUG GameApplicationServi - Removing overlay from FXGLLoadingScene and adding to GameScene
22:15:56.850 [JavaFX Application Thread] DEBUG PrimaryStageWindow   - FXGLLoadingScene -> GameScene
22:15:59.310 [JavaFX Application Thread] DEBUG FXGLAssetLoaderServi - Loading from file system: file:/C:/Users/macke/OneDrive/Documents/School/Semester%203/Programming%20in%20a%20Graphical%20User%20Interface/Homework/animals-revenge/build/resources/main/assets/ui/Simulator.fxml
22:15:59.374 [JavaFX Application Thread] DEBUG FXGLAssetLoaderServi - Loading from file system: file:/C:/Users/macke/OneDrive/Documents/School/Semester%203/Programming%20in%20a%20Graphical%20User%20Interface/Homework/animals-revenge/build/resources/main/assets/textures/cannon.png
22:15:59.377 [JavaFX Application Thread] DEBUG FXGLAssetLoaderServi - Loading from file system: file:/C:/Users/macke/OneDrive/Documents/School/Semester%203/Programming%20in%20a%20Graphical%20User%20Interface/Homework/animals-revenge/build/resources/main/assets/textures/brick32x32.png
22:15:59.450 [FXGL Background Thread 3 ] DEBUG Engine               - Logging environment variables
22:15:59.451 [FXGL Background Thread 3 ] DEBUG Engine               - achievements: []
22:15:59.451 [FXGL Background Thread 3 ] DEBUG Engine               - actualHeight: 797.0
22:15:59.451 [FXGL Background Thread 3 ] DEBUG Engine               - actualHeightProperty: ReadOnlyDoubleProperty [value: 797.0]
22:15:59.451 [FXGL Background Thread 3 ] DEBUG Engine               - actualWidth: 1415.0
22:15:59.451 [FXGL Background Thread 3 ] DEBUG Engine               - actualWidthProperty: ReadOnlyDoubleProperty [value: 1415.0]
22:15:59.451 [FXGL Background Thread 3 ] DEBUG Engine               - appIcon: fxgl_icon.png
22:15:59.451 [FXGL Background Thread 3 ] DEBUG Engine               - applicationMode: DEVELOPER
22:15:59.451 [FXGL Background Thread 3 ] DEBUG Engine               - cSSList: [fxgl_dark.css]
22:15:59.451 [FXGL Background Thread 3 ] DEBUG Engine               - collisionDetectionStrategy: BRUTE_FORCE
22:15:59.451 [FXGL Background Thread 3 ] DEBUG Engine               - configClass: Optional.empty
22:15:59.451 [FXGL Background Thread 3 ] DEBUG Engine               - credits: []
22:15:59.453 [FXGL Background Thread 3 ] DEBUG Engine               - defaultCursor: CursorInfo(imageName=fxgl_default_cursor.png, hotspotX=7.0, hotspotY=6.0)
22:15:59.453 [FXGL Background Thread 3 ] DEBUG Engine               - devBBoxColorProperty: ObjectProperty [value: 0xff0000ff]
22:15:59.453 [FXGL Background Thread 3 ] DEBUG Engine               - devEnableDebugCameraProperty: BooleanProperty [value: false]
22:15:59.453 [FXGL Background Thread 3 ] DEBUG Engine               - devSensorColorProperty: ObjectProperty [value: 0xffff00ff]
22:15:59.453 [FXGL Background Thread 3 ] DEBUG Engine               - devShowBBoxProperty: BooleanProperty [value: false]
22:15:59.453 [FXGL Background Thread 3 ] DEBUG Engine               - devShowPositionProperty: BooleanProperty [value: false]
22:15:59.453 [FXGL Background Thread 3 ] DEBUG Engine               - enabledMenuItems: []
22:15:59.453 [FXGL Background Thread 3 ] DEBUG Engine               - engineServices: [class com.almasb.fxgl.app.services.FXGLAssetLoaderService, class com.almasb.fxgl.app.FXGLApplication$GameApplicationService, class com.almasb.fxgl.app.services.FXGLDialogService, class com.almasb.fxgl.app.services.IOTaskExecutorService, class com.almasb.fxgl.io.FileSystemService, class com.almasb.fxgl.localization.LocalizationService, class com.almasb.fxgl.app.services.SystemBundleService, class com.almasb.fxgl.profile.SaveLoadService, class com.almasb.fxgl.ui.FXGLUIFactoryServiceProvider, class com.almasb.fxgl.ui.FXGLDialogFactoryServiceProvider, class com.almasb.fxgl.audio.AudioPlayer, class com.almasb.fxgl.notification.impl.NotificationServiceProvider, class com.almasb.fxgl.achievement.AchievementService, class com.almasb.fxgl.cutscene.CutsceneService, class com.almasb.fxgl.minigames.MiniGameService, class com.almasb.fxgl.net.NetService, class com.almasb.fxgl.app.services.UpdaterService, class com.almasb.fxgl.dev.DevService]
22:15:59.454 [FXGL Background Thread 3 ] DEBUG Engine               - fontGame: Abel-Regular.ttf
22:15:59.454 [FXGL Background Thread 3 ] DEBUG Engine               - fontMono: TerminalLandMono-Regular.otf
22:15:59.454 [FXGL Background Thread 3 ] DEBUG Engine               - fontText: Courier-Prime.ttf
22:15:59.454 [FXGL Background Thread 3 ] DEBUG Engine               - fontUI: VarelaRound-Regular.ttf
22:15:59.454 [FXGL Background Thread 3 ] DEBUG Engine               - fullScreen: BooleanProperty [value: false]
22:15:59.454 [FXGL Background Thread 3 ] DEBUG Engine               - gameDifficulty: MEDIUM
22:15:59.454 [FXGL Background Thread 3 ] DEBUG Engine               - gameDifficultyProperty: ObjectProperty [value: MEDIUM]
22:15:59.454 [FXGL Background Thread 3 ] DEBUG Engine               - globalMusicVolume: 0.5
22:15:59.454 [FXGL Background Thread 3 ] DEBUG Engine               - globalMusicVolumeProperty: DoubleProperty [value: 0.5]
22:15:59.454 [FXGL Background Thread 3 ] DEBUG Engine               - globalSoundVolume: 0.5
22:15:59.454 [FXGL Background Thread 3 ] DEBUG Engine               - globalSoundVolumeProperty: DoubleProperty [value: 0.5]
22:15:59.454 [FXGL Background Thread 3 ] DEBUG Engine               - height: 820
22:15:59.454 [FXGL Background Thread 3 ] DEBUG Engine               - is3D: false
22:15:59.454 [FXGL Background Thread 3 ] DEBUG Engine               - isAndroid: false
22:15:59.454 [FXGL Background Thread 3 ] DEBUG Engine               - isBrowser: false
22:15:59.454 [FXGL Background Thread 3 ] DEBUG Engine               - isClickFeedbackEnabled: false
22:15:59.454 [FXGL Background Thread 3 ] DEBUG Engine               - isCloseConfirmation: false
22:15:59.454 [FXGL Background Thread 3 ] DEBUG Engine               - isDesktop: true
22:15:59.454 [FXGL Background Thread 3 ] DEBUG Engine               - isDeveloperMenuEnabled: false
22:15:59.454 [FXGL Background Thread 3 ] DEBUG Engine               - isEmbedded: false
22:15:59.454 [FXGL Background Thread 3 ] DEBUG Engine               - isEntityPreloadEnabled: true
22:15:59.454 [FXGL Background Thread 3 ] DEBUG Engine               - isExperimentalTiledLargeMap: false
22:15:59.454 [FXGL Background Thread 3 ] DEBUG Engine               - isFileSystemWriteAllowed: true
22:15:59.454 [FXGL Background Thread 3 ] DEBUG Engine               - isFullScreenAllowed: false
22:15:59.454 [FXGL Background Thread 3 ] DEBUG Engine               - isFullScreenFromStart: false
22:15:59.454 [FXGL Background Thread 3 ] DEBUG Engine               - isGameMenuEnabled: false
22:15:59.454 [FXGL Background Thread 3 ] DEBUG Engine               - isIOS: false
22:15:59.454 [FXGL Background Thread 3 ] DEBUG Engine               - isIntroEnabled: false
22:15:59.454 [FXGL Background Thread 3 ] DEBUG Engine               - isLinux: false
22:15:59.454 [FXGL Background Thread 3 ] DEBUG Engine               - isMac: false
22:15:59.454 [FXGL Background Thread 3 ] DEBUG Engine               - isMainMenuEnabled: false
22:15:59.454 [FXGL Background Thread 3 ] DEBUG Engine               - isManualResizeEnabled: false
22:15:59.454 [FXGL Background Thread 3 ] DEBUG Engine               - isMobile: false
22:15:59.455 [FXGL Background Thread 3 ] DEBUG Engine               - isNative: false
22:15:59.455 [FXGL Background Thread 3 ] DEBUG Engine               - isPauseMusicWhenMinimized: true
22:15:59.455 [FXGL Background Thread 3 ] DEBUG Engine               - isPreserveResizeRatio: false
22:15:59.455 [FXGL Background Thread 3 ] DEBUG Engine               - isProfilingEnabled: false
22:15:59.455 [FXGL Background Thread 3 ] DEBUG Engine               - isScaleAffectedOnResize: true
22:15:59.455 [FXGL Background Thread 3 ] DEBUG Engine               - isSingleStep: false
22:15:59.455 [FXGL Background Thread 3 ] DEBUG Engine               - isUserProfileEnabled: false
22:15:59.455 [FXGL Background Thread 3 ] DEBUG Engine               - isWindows: true
22:15:59.455 [FXGL Background Thread 3 ] DEBUG Engine               - language: ObjectProperty [value: ENGLISH]
22:15:59.455 [FXGL Background Thread 3 ] DEBUG Engine               - menuKey: ESCAPE
22:15:59.455 [FXGL Background Thread 3 ] DEBUG Engine               - mouseSensitivity: 0.2
22:15:59.455 [FXGL Background Thread 3 ] DEBUG Engine               - notificationViewClass: class com.almasb.fxgl.notification.view.XboxNotificationView
22:15:59.455 [FXGL Background Thread 3 ] DEBUG Engine               - pixelsPerMeter: 50.0
22:15:59.455 [FXGL Background Thread 3 ] DEBUG Engine               - platform: WINDOWS
22:15:59.455 [FXGL Background Thread 3 ] DEBUG Engine               - prefHeightProperty: ReadOnlyDoubleProperty [value: 820.0]
22:15:59.455 [FXGL Background Thread 3 ] DEBUG Engine               - prefWidthProperty: ReadOnlyDoubleProperty [value: 1480.0]
22:15:59.455 [FXGL Background Thread 3 ] DEBUG Engine               - profileDir: profiles/
22:15:59.455 [FXGL Background Thread 3 ] DEBUG Engine               - profileName: StringProperty [value: DEFAULT]
22:15:59.455 [FXGL Background Thread 3 ] DEBUG Engine               - randomSeed: -1
22:15:59.455 [FXGL Background Thread 3 ] DEBUG Engine               - runtimeInfo: RuntimeInfo(platform=WINDOWS, version=17.2, build=20.08.2022 16.50)
22:15:59.455 [FXGL Background Thread 3 ] DEBUG Engine               - saveFileExt: sav
22:15:59.455 [FXGL Background Thread 3 ] DEBUG Engine               - scaledHeightProp$fxgl: DoubleProperty [bound, value: 797.0]
22:15:59.456 [FXGL Background Thread 3 ] DEBUG Engine               - scaledWidthProp$fxgl: DoubleProperty [bound, value: 1415.0]
22:15:59.456 [FXGL Background Thread 3 ] DEBUG Engine               - sceneFactory: com.almasb.fxgl.app.scene.SceneFactory@232506f8
22:15:59.456 [FXGL Background Thread 3 ] DEBUG Engine               - secondsIn24h: 60
22:15:59.456 [FXGL Background Thread 3 ] DEBUG Engine               - soundMenuBack: menu/back.wav
22:15:59.456 [FXGL Background Thread 3 ] DEBUG Engine               - soundMenuPress: menu/press.wav
22:15:59.456 [FXGL Background Thread 3 ] DEBUG Engine               - soundMenuSelect: menu/select.wav
22:15:59.456 [FXGL Background Thread 3 ] DEBUG Engine               - soundNotification: core/notification.wav
22:15:59.456 [FXGL Background Thread 3 ] DEBUG Engine               - stageStyle: DECORATED
22:15:59.456 [FXGL Background Thread 3 ] DEBUG Engine               - supportedLanguages: [ENGLISH, FRENCH, GERMAN, HUNGARIAN, RUSSIAN]
22:15:59.456 [FXGL Background Thread 3 ] DEBUG Engine               - ticksPerSecond: -1
22:15:59.456 [FXGL Background Thread 3 ] DEBUG Engine               - title: Untitled
22:15:59.456 [FXGL Background Thread 3 ] DEBUG Engine               - urlGithub: https://github.com/AlmasB/FXGL
22:15:59.456 [FXGL Background Thread 3 ] DEBUG Engine               - urlLeaderboard: http://fxgl-top.herokuapp.com/
22:15:59.456 [FXGL Background Thread 3 ] DEBUG Engine               - urlPOM: https://raw.githubusercontent.com/AlmasB/FXGL/release/README.md
22:15:59.456 [FXGL Background Thread 3 ] DEBUG Engine               - userAppClass: class edu.vanier.animals_revenge.MainApp
22:15:59.456 [FXGL Background Thread 3 ] DEBUG Engine               - version: 0.0
22:15:59.456 [FXGL Background Thread 3 ] DEBUG Engine               - versionCheckDays: 7
22:15:59.456 [FXGL Background Thread 3 ] DEBUG Engine               - width: 1480
22:15:59.456 [FXGL Background Thread 3 ] DEBUG Engine               - Logging services
22:15:59.456 [FXGL Background Thread 3 ] DEBUG Engine               - class com.almasb.fxgl.app.services.FXGLAssetLoaderService
22:15:59.456 [FXGL Background Thread 3 ] DEBUG Engine               - class com.almasb.fxgl.app.FXGLApplication$GameApplicationService
22:15:59.456 [FXGL Background Thread 3 ] DEBUG Engine               - class com.almasb.fxgl.app.services.FXGLDialogService
22:15:59.456 [FXGL Background Thread 3 ] DEBUG Engine               - class com.almasb.fxgl.app.services.IOTaskExecutorService
22:15:59.456 [FXGL Background Thread 3 ] DEBUG Engine               - class com.almasb.fxgl.io.FileSystemService
22:15:59.456 [FXGL Background Thread 3 ] DEBUG Engine               - class com.almasb.fxgl.localization.LocalizationService
22:15:59.456 [FXGL Background Thread 3 ] DEBUG Engine               - class com.almasb.fxgl.app.services.SystemBundleService
22:15:59.457 [FXGL Background Thread 3 ] DEBUG Engine               - class com.almasb.fxgl.profile.SaveLoadService
22:15:59.457 [FXGL Background Thread 3 ] DEBUG Engine               - class com.almasb.fxgl.ui.FXGLUIFactoryServiceProvider
22:15:59.457 [FXGL Background Thread 3 ] DEBUG Engine               - class com.almasb.fxgl.ui.FXGLDialogFactoryServiceProvider
22:15:59.457 [FXGL Background Thread 3 ] DEBUG Engine               - class com.almasb.fxgl.audio.AudioPlayer
22:15:59.457 [FXGL Background Thread 3 ] DEBUG Engine               - class com.almasb.fxgl.notification.impl.NotificationServiceProvider
22:15:59.457 [FXGL Background Thread 3 ] DEBUG Engine               - class com.almasb.fxgl.achievement.AchievementService
22:15:59.457 [FXGL Background Thread 3 ] DEBUG Engine               - class com.almasb.fxgl.cutscene.CutsceneService
22:15:59.457 [FXGL Background Thread 3 ] DEBUG Engine               - class com.almasb.fxgl.minigames.MiniGameService
22:15:59.457 [FXGL Background Thread 3 ] DEBUG Engine               - class com.almasb.fxgl.net.NetService
22:15:59.457 [FXGL Background Thread 3 ] DEBUG Engine               - class com.almasb.fxgl.app.services.UpdaterService
22:15:59.457 [FXGL Background Thread 3 ] DEBUG Engine               - class com.almasb.fxgl.dev.DevService
22:16:01.904 [JavaFX Application Thread] DEBUG FXGLAssetLoaderServi - Loading from file system: file:/C:/Users/macke/OneDrive/Documents/School/Semester%203/Programming%20in%20a%20Graphical%20User%20Interface/Homework/animals-revenge/build/resources/main/assets/textures/soccer.png
22:16:02.463 [JavaFX Application Thread] DEBUG LoopRunner           - Stopping loop
22:16:02.464 [JavaFX Application Thread] FATAL FXGLApplication      - Uncaught Exception:
java.lang.IndexOutOfBoundsException: Index 6 out of bounds for length 6
	at java.base/jdk.internal.util.Preconditions.outOfBounds(Preconditions.java:100)
	at java.base/jdk.internal.util.Preconditions.outOfBoundsCheckIndex(Preconditions.java:106)
	at java.base/jdk.internal.util.Preconditions.checkIndex(Preconditions.java:302)
	at java.base/java.util.Objects.checkIndex(Objects.java:359)
	at java.base/java.util.ArrayList.get(ArrayList.java:427)
	at javafx.base@20.0.2/com.sun.javafx.collections.ObservableListWrapper.get(ObservableListWrapper.java:88)
	at edu.vanier.animals_revenge.windows.graphs.updateGraph(graphs.java:65)
	at edu.vanier.animals_revenge.windows.graphs.lambda$new$0(graphs.java:46)
	at javafx.graphics@20.0.2/com.sun.scenario.animation.shared.TimelineClipCore.visitKeyFrame(TimelineClipCore.java:239)
	at javafx.graphics@20.0.2/com.sun.scenario.animation.shared.TimelineClipCore.playTo(TimelineClipCore.java:180)
	at javafx.graphics@20.0.2/javafx.animation.Timeline.doPlayTo(Timeline.java:172)
	at javafx.graphics@20.0.2/javafx.animation.AnimationAccessorImpl.playTo(AnimationAccessorImpl.java:39)
	at javafx.graphics@20.0.2/com.sun.scenario.animation.shared.InfiniteClipEnvelope.timePulse(InfiniteClipEnvelope.java:104)
	at javafx.graphics@20.0.2/javafx.animation.Animation.doTimePulse(Animation.java:1189)
	at javafx.graphics@20.0.2/javafx.animation.Animation$1.lambda$timePulse$0(Animation.java:207)
	at java.base/java.security.AccessController.doPrivileged(AccessController.java:399)
	at javafx.graphics@20.0.2/javafx.animation.Animation$1.timePulse(Animation.java:206)
	at javafx.graphics@20.0.2/com.sun.scenario.animation.AbstractPrimaryTimer.timePulseImpl(AbstractPrimaryTimer.java:343)
	at javafx.graphics@20.0.2/com.sun.scenario.animation.AbstractPrimaryTimer$MainLoop.run(AbstractPrimaryTimer.java:266)
	at javafx.graphics@20.0.2/com.sun.javafx.tk.quantum.QuantumToolkit.pulse(QuantumToolkit.java:588)
	at javafx.graphics@20.0.2/com.sun.javafx.tk.quantum.QuantumToolkit.pulse(QuantumToolkit.java:572)
	at javafx.graphics@20.0.2/com.sun.javafx.tk.quantum.QuantumToolkit.pulseFromQueue(QuantumToolkit.java:565)
	at javafx.graphics@20.0.2/com.sun.javafx.tk.quantum.QuantumToolkit.lambda$runToolkit$11(QuantumToolkit.java:352)
	at javafx.graphics@20.0.2/com.sun.glass.ui.InvokeLaterDispatcher$Future.run(InvokeLaterDispatcher.java:95)
	at javafx.graphics@20.0.2/com.sun.glass.ui.win.WinApplication._runLoop(Native Method)
	at javafx.graphics@20.0.2/com.sun.glass.ui.win.WinApplication.lambda$runLoop$3(WinApplication.java:185)
	at java.base/java.lang.Thread.run(Thread.java:833)

22:16:02.464 [JavaFX Application Thread] FATAL FXGLApplication      - Application will now exit
22:16:02.472 [JavaFX Application Thread] DEBUG PrimaryStageWindow   - Push state: ErrorSubScene
22:16:02.472 [JavaFX Application Thread] DEBUG Input                - Clearing active input actions
22:16:02.473 [JavaFX Application Thread] DEBUG GameApplicationServi - Removing overlay from GameScene and adding to ErrorSubScene
22:16:02.473 [JavaFX Application Thread] DEBUG PrimaryStageWindow   - GameScene -> ErrorSubScene
22:16:08.515 [JavaFX Application Thread] DEBUG FXGLApplication      - Exiting FXGL
22:16:08.515 [JavaFX Application Thread] DEBUG Async                - Shutting down background threads
22:16:08.516 [JavaFX Application Thread] DEBUG PrimaryStageWindow   - Closing main window
22:16:08.524 [JavaFX Application Thread] DEBUG Logger               - Closing Logger
