04:30:44.728 [main                     ] DEBUG Logger               - Configured Logger
04:30:44.744 [main                     ] DEBUG GameApplication      - Logging settings
Title: Untitled
Version: 0.0
Width: 1480
Height: 820
Fullscreen: false
Intro: false
Profiling: false
Single step:false
App Mode: DEVELOPER
Menu Key: ESCAPE
Stage Style: DECORATED
Scene Factory: class com.almasb.fxgl.app.scene.SceneFactory

04:30:45.263 [JavaFX Application Thread] DEBUG FXGLApplication      - Initializing FXGL
04:30:45.273 [JavaFX Application Thread] INFO  Engine               - FXGL-17.2 (20.08.2022 16.50) on WINDOWS (J:18.0.2.1 FX:20.0.2)
04:30:45.274 [JavaFX Application Thread] DEBUG Engine               - JRE Vendor Name: Oracle Corporation
04:30:45.274 [JavaFX Application Thread] DEBUG Engine               - Running on OS: Windows 11 version 10.0
04:30:45.274 [JavaFX Application Thread] DEBUG Engine               - Architecture: amd64
04:30:45.274 [JavaFX Application Thread] INFO  Engine               - Source code and latest versions at: https://github.com/AlmasB/FXGL
04:30:45.275 [JavaFX Application Thread] INFO  Engine               -       Ask questions and discuss at: https://github.com/AlmasB/FXGL/discussions
04:30:45.275 [JavaFX Application Thread] INFO  Engine               -              Join the FXGL chat at: https://gitter.im/AlmasB/FXGL
04:30:45.411 [JavaFX Application Thread] DEBUG PrimaryStageWindow   - Creating a JavaFX scene
04:30:45.412 [JavaFX Application Thread] DEBUG PrimaryStageWindow   - Target size > screen size
04:30:45.487 [JavaFX Application Thread] DEBUG PrimaryStageWindow   - Target settings size: 1480.0 x 820.0
04:30:45.488 [JavaFX Application Thread] DEBUG PrimaryStageWindow   - Scaled scene size:    1447.0 x 815.0
04:30:45.488 [JavaFX Application Thread] DEBUG PrimaryStageWindow   - Scaled ratio: (0.9777027027027027, 0.9939024390243902)
04:30:45.489 [JavaFX Application Thread] DEBUG PrimaryStageWindow   - Set initial scene to FXGLStartupScene
04:30:45.495 [JavaFX Application Thread] DEBUG PrimaryStageWindow   - Opening main window
04:30:45.629 [JavaFX Application Thread] DEBUG PrimaryStageWindow   - Window border size: (14.5999755859375, 37.79998779296875)
04:30:45.630 [JavaFX Application Thread] DEBUG PrimaryStageWindow   - Scaled size: 1447.0 x 815.0
04:30:45.631 [JavaFX Application Thread] DEBUG PrimaryStageWindow   - Scaled ratio: (0.9777027027027027, 0.9939024390243902)
04:30:45.632 [JavaFX Application Thread] DEBUG PrimaryStageWindow   - Scene size: 1447.0 x 815.0
04:30:45.633 [JavaFX Application Thread] DEBUG PrimaryStageWindow   - Stage size: 1461.5999755859375 x 852.7999877929688
04:30:45.652 [FXGL Background Thread 1 ] DEBUG Engine               - Initializing environment variables
04:30:45.749 [FXGL Background Thread 1 ] DEBUG FXGLAssetLoaderServi - User app class for loading assets: class edu.vanier.animals_revenge.MainApp
04:30:45.750 [FXGL Background Thread 1 ] DEBUG GameApplicationServi - Applying CSS: fxgl_dark.css
04:30:45.756 [FXGL Background Thread 1 ] DEBUG FXGLAssetLoaderServi - Loading from file system: jar:file:/C:/Users/anton/.gradle/caches/modules-2/files-2.1/com.github.almasb/fxgl/17.2/35db6ae960eec2dcfd19262d3b7f9c42f0e95bc3/fxgl-17.2.jar!/fxglassets/ui/css/fxgl_dark.css
04:30:45.858 [FXGL Background Thread 1 ] DEBUG GameApplicationServi - Initializing application scenes
04:30:46.101 [FXGL Background Thread 1 ] DEBUG GameWorld            - Game world initialized
04:30:46.178 [FXGL Background Thread 1 ] DEBUG PhysicsWorld         - Physics world initialized: appHeight=820, physics.ppm=50.0
04:30:46.178 [FXGL Background Thread 1 ] DEBUG PhysicsWorld         - Using strategy: BRUTE_FORCE
04:30:46.185 [FXGL Background Thread 1 ] DEBUG GameScene            - Game scene initialized: 1480x820
04:30:46.186 [FXGL Background Thread 1 ] DEBUG GameApplicationServi - Application scenes initialized
04:30:46.212 [FXGL Background Thread 1 ] DEBUG SystemBundleService  - Loading FXGL system data
04:30:46.226 [FXGL Background Thread 1 ] DEBUG FileSystemAccess     - Reading from: C:\Users\anton\OneDrive\Documents\GitHub\animals-revenge\system\fxgl.bundle
04:30:46.245 [FXGL Background Thread 1 ] DEBUG SystemBundleService  - Bundle FXGL: {}
04:30:46.245 [FXGL Background Thread 1 ] DEBUG UpdaterService       - Checking for updates
04:30:46.259 [FXGL Background Thread 1 ] DEBUG FXGLApplication      - Loading default localization
04:30:46.263 [FXGL Background Thread 4 ] DEBUG FXGLApplication      - Loading fonts
04:30:46.269 [FXGL Background Thread 4 ] DEBUG FXGLAssetLoaderServi - Loading from file system: jar:file:/C:/Users/anton/.gradle/caches/modules-2/files-2.1/com.github.almasb/fxgl/17.2/35db6ae960eec2dcfd19262d3b7f9c42f0e95bc3/fxgl-17.2.jar!/fxglassets/ui/fonts/VarelaRound-Regular.ttf
04:30:46.262 [FXGL Background Thread 1 ] DEBUG FXGLAssetLoaderServi - Loading from file system: jar:file:/C:/Users/anton/.gradle/caches/modules-2/files-2.1/com.github.almasb/fxgl/17.2/35db6ae960eec2dcfd19262d3b7f9c42f0e95bc3/fxgl-17.2.jar!/fxglassets/languages/english.lang
04:30:46.371 [FXGL Background Thread 1 ] INFO  FXGLApplication      - FXGL initialization took: 0.718 sec
04:30:46.378 [JavaFX Application Thread] DEBUG Input                - Registered new binding: Launch - RMB
04:30:46.379 [JavaFX Application Thread] DEBUG Input                - Registered new binding: Create - LMB
04:30:46.379 [JavaFX Application Thread] DEBUG Input                - Registered new binding: Drag - CTRL+LMB
04:30:46.380 [JavaFX Application Thread] DEBUG FXGLAssetLoaderServi - Loading from file system: jar:file:/C:/Users/anton/.gradle/caches/modules-2/files-2.1/com.github.almasb/fxgl/17.2/35db6ae960eec2dcfd19262d3b7f9c42f0e95bc3/fxgl-17.2.jar!/fxglassets/textures/fxgl_icon.png
04:30:46.476 [JavaFX Application Thread] DEBUG FXGLAssetLoaderServi - Loading from file system: jar:file:/C:/Users/anton/.gradle/caches/modules-2/files-2.1/com.github.almasb/fxgl/17.2/35db6ae960eec2dcfd19262d3b7f9c42f0e95bc3/fxgl-17.2.jar!/fxglassets/textures/fxgl_default_cursor.png
04:30:46.492 [JavaFX Application Thread] DEBUG Input                - Registered new binding: Screenshot - CTRL+8
04:30:46.494 [JavaFX Application Thread] DEBUG Input                - Registered new binding: System info dump - CTRL+9
04:30:46.495 [JavaFX Application Thread] DEBUG Input                - Registered new binding: Restart - CTRL+R
04:30:46.496 [JavaFX Application Thread] DEBUG Input                - Registered new binding: Toggle Debug Camera - CTRL+7
04:30:46.505 [JavaFX Application Thread] DEBUG LoopRunner           - Starting loop
04:30:46.505 [JavaFX Application Thread] DEBUG LoopRunner           - Initializing JavaFX AnimationTimerLoop
04:30:46.507 [JavaFX Application Thread] DEBUG GameApplicationServi - Starting new game
04:30:46.508 [JavaFX Application Thread] DEBUG Input                - Clearing active input actions
04:30:46.524 [JavaFX Application Thread] DEBUG GameApplicationServi - Removing overlay from FXGLStartupScene and adding to FXGLLoadingScene
04:30:46.524 [JavaFX Application Thread] DEBUG PrimaryStageWindow   - FXGLStartupScene -> FXGLLoadingScene
04:30:46.525 [JavaFX Application Thread] DEBUG GameApplicationServi - Clearing previous game
04:30:46.525 [JavaFX Application Thread] DEBUG GameScene            - Clearing game scene
04:30:46.525 [JavaFX Application Thread] DEBUG GameWorld            - Clearing game world
04:30:46.525 [JavaFX Application Thread] DEBUG PhysicsWorld         - Clearing physics world
04:30:46.527 [FXGL Background Thread 1 ] DEBUG FXGLApplication      - Initializing game
04:30:46.634 [FXGL Background Thread 1 ] DEBUG FXGLAssetLoaderServi - Loading from file system: file:/C:/Users/anton/OneDrive/Documents/GitHub/animals-revenge/build/resources/main/assets/sounds/brick_hit.wav
04:30:46.661 [FXGL Background Thread 4 ] DEBUG FXGLAssetLoaderServi - Loading from file system: jar:file:/C:/Users/anton/.gradle/caches/modules-2/files-2.1/com.github.almasb/fxgl/17.2/35db6ae960eec2dcfd19262d3b7f9c42f0e95bc3/fxgl-17.2.jar!/fxglassets/ui/fonts/Abel-Regular.ttf
04:30:46.675 [FXGL Background Thread 4 ] DEBUG FXGLAssetLoaderServi - Loading from file system: jar:file:/C:/Users/anton/.gradle/caches/modules-2/files-2.1/com.github.almasb/fxgl/17.2/35db6ae960eec2dcfd19262d3b7f9c42f0e95bc3/fxgl-17.2.jar!/fxglassets/ui/fonts/TerminalLandMono-Regular.otf
04:30:46.705 [FXGL Background Thread 4 ] DEBUG FXGLAssetLoaderServi - Loading from file system: jar:file:/C:/Users/anton/.gradle/caches/modules-2/files-2.1/com.github.almasb/fxgl/17.2/35db6ae960eec2dcfd19262d3b7f9c42f0e95bc3/fxgl-17.2.jar!/fxglassets/ui/fonts/Courier-Prime.ttf
04:30:46.831 [FXGL Background Thread 1 ] DEBUG FXGLAssetLoaderServi - Loading from file system: file:/C:/Users/anton/OneDrive/Documents/GitHub/animals-revenge/build/resources/main/assets/music/music1.mp3
04:30:46.866 [JavaFX Application Thread] DEBUG FXGLApplication      - Registering font factories with UI factory
04:30:47.003 [FXGL Background Thread 1 ] DEBUG FXGLAssetLoaderServi - Loading from file system: file:/C:/Users/anton/OneDrive/Documents/GitHub/animals-revenge/build/resources/main/assets/ui/Home.fxml
04:30:47.963 [FXGL Background Thread 2 ] INFO  UpdaterService       - Your current version:  17.2
04:30:47.964 [FXGL Background Thread 2 ] INFO  UpdaterService       - Latest stable version: 17.3
04:30:48.744 [FXGL Background Thread 1 ] INFO  FXGLApplication      - Game initialization took: 2.218 sec
04:30:48.757 [JavaFX Application Thread] DEBUG Input                - Clearing active input actions
04:30:48.784 [JavaFX Application Thread] DEBUG GameApplicationServi - Removing overlay from FXGLLoadingScene and adding to GameScene
04:30:48.786 [JavaFX Application Thread] DEBUG PrimaryStageWindow   - FXGLLoadingScene -> GameScene
04:30:49.254 [FXGL Background Thread 3 ] DEBUG Engine               - Logging environment variables
04:30:49.255 [FXGL Background Thread 3 ] DEBUG Engine               - achievements: []
04:30:49.255 [FXGL Background Thread 3 ] DEBUG Engine               - actualHeight: 815.0
04:30:49.256 [FXGL Background Thread 3 ] DEBUG Engine               - actualHeightProperty: ReadOnlyDoubleProperty [value: 815.0]
04:30:49.256 [FXGL Background Thread 3 ] DEBUG Engine               - actualWidth: 1447.0
04:30:49.256 [FXGL Background Thread 3 ] DEBUG Engine               - actualWidthProperty: ReadOnlyDoubleProperty [value: 1447.0]
04:30:49.256 [FXGL Background Thread 3 ] DEBUG Engine               - appIcon: fxgl_icon.png
04:30:49.256 [FXGL Background Thread 3 ] DEBUG Engine               - applicationMode: DEVELOPER
04:30:49.256 [FXGL Background Thread 3 ] DEBUG Engine               - cSSList: [fxgl_dark.css]
04:30:49.256 [FXGL Background Thread 3 ] DEBUG Engine               - collisionDetectionStrategy: BRUTE_FORCE
04:30:49.256 [FXGL Background Thread 3 ] DEBUG Engine               - configClass: Optional.empty
04:30:49.256 [FXGL Background Thread 3 ] DEBUG Engine               - credits: []
04:30:49.258 [FXGL Background Thread 3 ] DEBUG Engine               - defaultCursor: CursorInfo(imageName=fxgl_default_cursor.png, hotspotX=7.0, hotspotY=6.0)
04:30:49.259 [FXGL Background Thread 3 ] DEBUG Engine               - devBBoxColorProperty: ObjectProperty [value: 0xff0000ff]
04:30:49.260 [FXGL Background Thread 3 ] DEBUG Engine               - devEnableDebugCameraProperty: BooleanProperty [value: false]
04:30:49.260 [FXGL Background Thread 3 ] DEBUG Engine               - devSensorColorProperty: ObjectProperty [value: 0xffff00ff]
04:30:49.260 [FXGL Background Thread 3 ] DEBUG Engine               - devShowBBoxProperty: BooleanProperty [value: false]
04:30:49.260 [FXGL Background Thread 3 ] DEBUG Engine               - devShowPositionProperty: BooleanProperty [value: false]
04:30:49.260 [FXGL Background Thread 3 ] DEBUG Engine               - enabledMenuItems: []
04:30:49.260 [FXGL Background Thread 3 ] DEBUG Engine               - engineServices: [class com.almasb.fxgl.app.services.FXGLAssetLoaderService, class com.almasb.fxgl.app.FXGLApplication$GameApplicationService, class com.almasb.fxgl.app.services.FXGLDialogService, class com.almasb.fxgl.app.services.IOTaskExecutorService, class com.almasb.fxgl.io.FileSystemService, class com.almasb.fxgl.localization.LocalizationService, class com.almasb.fxgl.app.services.SystemBundleService, class com.almasb.fxgl.profile.SaveLoadService, class com.almasb.fxgl.ui.FXGLUIFactoryServiceProvider, class com.almasb.fxgl.ui.FXGLDialogFactoryServiceProvider, class com.almasb.fxgl.audio.AudioPlayer, class com.almasb.fxgl.notification.impl.NotificationServiceProvider, class com.almasb.fxgl.achievement.AchievementService, class com.almasb.fxgl.cutscene.CutsceneService, class com.almasb.fxgl.minigames.MiniGameService, class com.almasb.fxgl.net.NetService, class com.almasb.fxgl.app.services.UpdaterService, class com.almasb.fxgl.dev.DevService]
04:30:49.260 [FXGL Background Thread 3 ] DEBUG Engine               - fontGame: Abel-Regular.ttf
04:30:49.260 [FXGL Background Thread 3 ] DEBUG Engine               - fontMono: TerminalLandMono-Regular.otf
04:30:49.260 [FXGL Background Thread 3 ] DEBUG Engine               - fontText: Courier-Prime.ttf
04:30:49.260 [FXGL Background Thread 3 ] DEBUG Engine               - fontUI: VarelaRound-Regular.ttf
04:30:49.260 [FXGL Background Thread 3 ] DEBUG Engine               - fullScreen: BooleanProperty [value: false]
04:30:49.261 [FXGL Background Thread 3 ] DEBUG Engine               - gameDifficulty: MEDIUM
04:30:49.261 [FXGL Background Thread 3 ] DEBUG Engine               - gameDifficultyProperty: ObjectProperty [value: MEDIUM]
04:30:49.261 [FXGL Background Thread 3 ] DEBUG Engine               - globalMusicVolume: 0.5
04:30:49.261 [FXGL Background Thread 3 ] DEBUG Engine               - globalMusicVolumeProperty: DoubleProperty [value: 0.0]
04:30:49.261 [FXGL Background Thread 3 ] DEBUG Engine               - globalSoundVolume: 0.5
04:30:49.261 [FXGL Background Thread 3 ] DEBUG Engine               - globalSoundVolumeProperty: DoubleProperty [value: 0.0]
04:30:49.261 [FXGL Background Thread 3 ] DEBUG Engine               - height: 820
04:30:49.261 [FXGL Background Thread 3 ] DEBUG Engine               - is3D: false
04:30:49.261 [FXGL Background Thread 3 ] DEBUG Engine               - isAndroid: false
04:30:49.261 [FXGL Background Thread 3 ] DEBUG Engine               - isBrowser: false
04:30:49.262 [FXGL Background Thread 3 ] DEBUG Engine               - isClickFeedbackEnabled: false
04:30:49.262 [FXGL Background Thread 3 ] DEBUG Engine               - isCloseConfirmation: false
04:30:49.262 [FXGL Background Thread 3 ] DEBUG Engine               - isDesktop: true
04:30:49.262 [FXGL Background Thread 3 ] DEBUG Engine               - isDeveloperMenuEnabled: false
04:30:49.262 [FXGL Background Thread 3 ] DEBUG Engine               - isEmbedded: false
04:30:49.262 [FXGL Background Thread 3 ] DEBUG Engine               - isEntityPreloadEnabled: true
04:30:49.262 [FXGL Background Thread 3 ] DEBUG Engine               - isExperimentalTiledLargeMap: false
04:30:49.262 [FXGL Background Thread 3 ] DEBUG Engine               - isFileSystemWriteAllowed: true
04:30:49.263 [FXGL Background Thread 3 ] DEBUG Engine               - isFullScreenAllowed: false
04:30:49.263 [FXGL Background Thread 3 ] DEBUG Engine               - isFullScreenFromStart: false
04:30:49.263 [FXGL Background Thread 3 ] DEBUG Engine               - isGameMenuEnabled: false
04:30:49.263 [FXGL Background Thread 3 ] DEBUG Engine               - isIOS: false
04:30:49.263 [FXGL Background Thread 3 ] DEBUG Engine               - isIntroEnabled: false
04:30:49.263 [FXGL Background Thread 3 ] DEBUG Engine               - isLinux: false
04:30:49.263 [FXGL Background Thread 3 ] DEBUG Engine               - isMac: false
04:30:49.263 [FXGL Background Thread 3 ] DEBUG Engine               - isMainMenuEnabled: false
04:30:49.263 [FXGL Background Thread 3 ] DEBUG Engine               - isManualResizeEnabled: false
04:30:49.263 [FXGL Background Thread 3 ] DEBUG Engine               - isMobile: false
04:30:49.263 [FXGL Background Thread 3 ] DEBUG Engine               - isNative: false
04:30:49.263 [FXGL Background Thread 3 ] DEBUG Engine               - isPauseMusicWhenMinimized: true
04:30:49.263 [FXGL Background Thread 3 ] DEBUG Engine               - isPreserveResizeRatio: false
04:30:49.263 [FXGL Background Thread 3 ] DEBUG Engine               - isProfilingEnabled: false
04:30:49.264 [FXGL Background Thread 3 ] DEBUG Engine               - isScaleAffectedOnResize: true
04:30:49.264 [FXGL Background Thread 3 ] DEBUG Engine               - isSingleStep: false
04:30:49.264 [FXGL Background Thread 3 ] DEBUG Engine               - isUserProfileEnabled: false
04:30:49.264 [FXGL Background Thread 3 ] DEBUG Engine               - isWindows: true
04:30:49.264 [FXGL Background Thread 3 ] DEBUG Engine               - language: ObjectProperty [value: ENGLISH]
04:30:49.264 [FXGL Background Thread 3 ] DEBUG Engine               - menuKey: ESCAPE
04:30:49.264 [FXGL Background Thread 3 ] DEBUG Engine               - mouseSensitivity: 0.2
04:30:49.264 [FXGL Background Thread 3 ] DEBUG Engine               - notificationViewClass: class com.almasb.fxgl.notification.view.XboxNotificationView
04:30:49.264 [FXGL Background Thread 3 ] DEBUG Engine               - pixelsPerMeter: 50.0
04:30:49.264 [FXGL Background Thread 3 ] DEBUG Engine               - platform: WINDOWS
04:30:49.264 [FXGL Background Thread 3 ] DEBUG Engine               - prefHeightProperty: ReadOnlyDoubleProperty [value: 820.0]
04:30:49.264 [FXGL Background Thread 3 ] DEBUG Engine               - prefWidthProperty: ReadOnlyDoubleProperty [value: 1480.0]
04:30:49.264 [FXGL Background Thread 3 ] DEBUG Engine               - profileDir: profiles/
04:30:49.266 [FXGL Background Thread 3 ] DEBUG Engine               - profileName: StringProperty [value: DEFAULT]
04:30:49.266 [FXGL Background Thread 3 ] DEBUG Engine               - randomSeed: -1
04:30:49.266 [FXGL Background Thread 3 ] DEBUG Engine               - runtimeInfo: RuntimeInfo(platform=WINDOWS, version=17.2, build=20.08.2022 16.50)
04:30:49.266 [FXGL Background Thread 3 ] DEBUG Engine               - saveFileExt: sav
04:30:49.266 [FXGL Background Thread 3 ] DEBUG Engine               - scaledHeightProp$fxgl: DoubleProperty [bound, value: 815.0]
04:30:49.266 [FXGL Background Thread 3 ] DEBUG Engine               - scaledWidthProp$fxgl: DoubleProperty [bound, value: 1447.0]
04:30:49.267 [FXGL Background Thread 3 ] DEBUG Engine               - sceneFactory: com.almasb.fxgl.app.scene.SceneFactory@411fd503
04:30:49.267 [FXGL Background Thread 3 ] DEBUG Engine               - secondsIn24h: 60
04:30:49.267 [FXGL Background Thread 3 ] DEBUG Engine               - soundMenuBack: menu/back.wav
04:30:49.267 [FXGL Background Thread 3 ] DEBUG Engine               - soundMenuPress: menu/press.wav
04:30:49.267 [FXGL Background Thread 3 ] DEBUG Engine               - soundMenuSelect: menu/select.wav
04:30:49.267 [FXGL Background Thread 3 ] DEBUG Engine               - soundNotification: core/notification.wav
04:30:49.267 [FXGL Background Thread 3 ] DEBUG Engine               - stageStyle: DECORATED
04:30:49.267 [FXGL Background Thread 3 ] DEBUG Engine               - supportedLanguages: [ENGLISH, FRENCH, GERMAN, HUNGARIAN, RUSSIAN]
04:30:49.267 [FXGL Background Thread 3 ] DEBUG Engine               - ticksPerSecond: -1
04:30:49.267 [FXGL Background Thread 3 ] DEBUG Engine               - title: Untitled
04:30:49.267 [FXGL Background Thread 3 ] DEBUG Engine               - urlGithub: https://github.com/AlmasB/FXGL
04:30:49.267 [FXGL Background Thread 3 ] DEBUG Engine               - urlLeaderboard: http://fxgl-top.herokuapp.com/
04:30:49.267 [FXGL Background Thread 3 ] DEBUG Engine               - urlPOM: https://raw.githubusercontent.com/AlmasB/FXGL/release/README.md
04:30:49.268 [FXGL Background Thread 3 ] DEBUG Engine               - userAppClass: class edu.vanier.animals_revenge.MainApp
04:30:49.268 [FXGL Background Thread 3 ] DEBUG Engine               - version: 0.0
04:30:49.268 [FXGL Background Thread 3 ] DEBUG Engine               - versionCheckDays: 7
04:30:49.268 [FXGL Background Thread 3 ] DEBUG Engine               - width: 1480
04:30:49.268 [FXGL Background Thread 3 ] DEBUG Engine               - Logging services
04:30:49.268 [FXGL Background Thread 3 ] DEBUG Engine               - class com.almasb.fxgl.app.services.FXGLAssetLoaderService
04:30:49.268 [FXGL Background Thread 3 ] DEBUG Engine               - class com.almasb.fxgl.app.FXGLApplication$GameApplicationService
04:30:49.268 [FXGL Background Thread 3 ] DEBUG Engine               - class com.almasb.fxgl.app.services.FXGLDialogService
04:30:49.268 [FXGL Background Thread 3 ] DEBUG Engine               - class com.almasb.fxgl.app.services.IOTaskExecutorService
04:30:49.268 [FXGL Background Thread 3 ] DEBUG Engine               - class com.almasb.fxgl.io.FileSystemService
04:30:49.268 [FXGL Background Thread 3 ] DEBUG Engine               - class com.almasb.fxgl.localization.LocalizationService
04:30:49.268 [FXGL Background Thread 3 ] DEBUG Engine               - class com.almasb.fxgl.app.services.SystemBundleService
04:30:49.268 [FXGL Background Thread 3 ] DEBUG Engine               - class com.almasb.fxgl.profile.SaveLoadService
04:30:49.268 [FXGL Background Thread 3 ] DEBUG Engine               - class com.almasb.fxgl.ui.FXGLUIFactoryServiceProvider
04:30:49.268 [FXGL Background Thread 3 ] DEBUG Engine               - class com.almasb.fxgl.ui.FXGLDialogFactoryServiceProvider
04:30:49.268 [FXGL Background Thread 3 ] DEBUG Engine               - class com.almasb.fxgl.audio.AudioPlayer
04:30:49.268 [FXGL Background Thread 3 ] DEBUG Engine               - class com.almasb.fxgl.notification.impl.NotificationServiceProvider
04:30:49.268 [FXGL Background Thread 3 ] DEBUG Engine               - class com.almasb.fxgl.achievement.AchievementService
04:30:49.269 [FXGL Background Thread 3 ] DEBUG Engine               - class com.almasb.fxgl.cutscene.CutsceneService
04:30:49.269 [FXGL Background Thread 3 ] DEBUG Engine               - class com.almasb.fxgl.minigames.MiniGameService
04:30:49.269 [FXGL Background Thread 3 ] DEBUG Engine               - class com.almasb.fxgl.net.NetService
04:30:49.269 [FXGL Background Thread 3 ] DEBUG Engine               - class com.almasb.fxgl.app.services.UpdaterService
04:30:49.269 [FXGL Background Thread 3 ] DEBUG Engine               - class com.almasb.fxgl.dev.DevService
04:30:51.694 [JavaFX Application Thread] DEBUG FXGLAssetLoaderServi - Loading from file system: file:/C:/Users/anton/OneDrive/Documents/GitHub/animals-revenge/build/resources/main/assets/ui/Setting.fxml
04:30:55.161 [JavaFX Application Thread] DEBUG FXGLApplication      - Exiting FXGL
04:30:55.161 [JavaFX Application Thread] DEBUG LoopRunner           - Stopping loop
04:30:55.162 [JavaFX Application Thread] DEBUG SystemBundleService  - Saving FXGL system data
04:30:55.165 [JavaFX Application Thread] DEBUG FileSystemAccess     - Writing to: C:\Users\anton\OneDrive\Documents\GitHub\animals-revenge\system\fxgl.bundle
04:30:55.168 [JavaFX Application Thread] DEBUG Async                - Shutting down background threads
04:30:55.168 [JavaFX Application Thread] DEBUG PrimaryStageWindow   - Closing main window
04:30:55.181 [JavaFX Application Thread] DEBUG Logger               - Closing Logger
