22:39:51.908 [main                     ] DEBUG Logger               - Configured Logger
22:39:51.918 [main                     ] DEBUG GameApplication      - Logging settings
Title: Untitled
Version: 0.0
Width: 1480
Height: 820
Fullscreen: false
Intro: false
Profiling: false
Single step:false
App Mode: DEVELOPER
Menu Key: ESCAPE
Stage Style: DECORATED
Scene Factory: class com.almasb.fxgl.app.scene.SceneFactory

22:39:52.156 [JavaFX Application Thread] DEBUG FXGLApplication      - Initializing FXGL
22:39:52.160 [JavaFX Application Thread] INFO  Engine               - FXGL-17.2 (20.08.2022 16.50) on WINDOWS (J:18.0.2.1 FX:20.0.2)
22:39:52.161 [JavaFX Application Thread] DEBUG Engine               - JRE Vendor Name: Oracle Corporation
22:39:52.161 [JavaFX Application Thread] DEBUG Engine               - Running on OS: Windows 11 version 10.0
22:39:52.161 [JavaFX Application Thread] DEBUG Engine               - Architecture: amd64
22:39:52.161 [JavaFX Application Thread] INFO  Engine               - Source code and latest versions at: https://github.com/AlmasB/FXGL
22:39:52.161 [JavaFX Application Thread] INFO  Engine               -       Ask questions and discuss at: https://github.com/AlmasB/FXGL/discussions
22:39:52.161 [JavaFX Application Thread] INFO  Engine               -              Join the FXGL chat at: https://gitter.im/AlmasB/FXGL
22:39:52.215 [JavaFX Application Thread] DEBUG PrimaryStageWindow   - Creating a JavaFX scene
22:39:52.215 [JavaFX Application Thread] DEBUG PrimaryStageWindow   - Target size > screen size
22:39:52.245 [JavaFX Application Thread] DEBUG PrimaryStageWindow   - Target settings size: 1480.0 x 820.0
22:39:52.245 [JavaFX Application Thread] DEBUG PrimaryStageWindow   - Scaled scene size:    1415.0 x 797.0
22:39:52.245 [JavaFX Application Thread] DEBUG PrimaryStageWindow   - Scaled ratio: (0.956081081081081, 0.9719512195121951)
22:39:52.246 [JavaFX Application Thread] DEBUG PrimaryStageWindow   - Set initial scene to FXGLStartupScene
22:39:52.248 [JavaFX Application Thread] DEBUG PrimaryStageWindow   - Opening main window
22:39:52.311 [JavaFX Application Thread] DEBUG PrimaryStageWindow   - Window border size: (13.0, 35.5)
22:39:52.311 [JavaFX Application Thread] DEBUG PrimaryStageWindow   - Scaled size: 1415.0 x 797.0
22:39:52.311 [JavaFX Application Thread] DEBUG PrimaryStageWindow   - Scaled ratio: (0.956081081081081, 0.9719512195121951)
22:39:52.311 [JavaFX Application Thread] DEBUG PrimaryStageWindow   - Scene size: 1415.0 x 797.0
22:39:52.312 [JavaFX Application Thread] DEBUG PrimaryStageWindow   - Stage size: 1428.0 x 832.5
22:39:52.316 [FXGL Background Thread 1 ] DEBUG Engine               - Initializing environment variables
22:39:52.350 [FXGL Background Thread 1 ] DEBUG FXGLAssetLoaderServi - User app class for loading assets: class edu.vanier.animals_revenge.MainApp
22:39:52.350 [FXGL Background Thread 1 ] DEBUG GameApplicationServi - Applying CSS: fxgl_dark.css
22:39:52.351 [FXGL Background Thread 1 ] DEBUG FXGLAssetLoaderServi - Loading from file system: jar:file:/C:/Users/macke/.gradle/caches/modules-2/files-2.1/com.github.almasb/fxgl/17.2/35db6ae960eec2dcfd19262d3b7f9c42f0e95bc3/fxgl-17.2.jar!/fxglassets/ui/css/fxgl_dark.css
22:39:52.382 [FXGL Background Thread 1 ] DEBUG GameApplicationServi - Initializing application scenes
22:39:52.421 [FXGL Background Thread 1 ] DEBUG GameWorld            - Game world initialized
22:39:52.468 [FXGL Background Thread 1 ] DEBUG PhysicsWorld         - Physics world initialized: appHeight=820, physics.ppm=50.0
22:39:52.469 [FXGL Background Thread 1 ] DEBUG PhysicsWorld         - Using strategy: BRUTE_FORCE
22:39:52.473 [FXGL Background Thread 1 ] DEBUG GameScene            - Game scene initialized: 1480x820
22:39:52.473 [FXGL Background Thread 1 ] DEBUG GameApplicationServi - Application scenes initialized
22:39:52.487 [FXGL Background Thread 1 ] DEBUG SystemBundleService  - Loading FXGL system data
22:39:52.492 [FXGL Background Thread 1 ] DEBUG FileSystemAccess     - Reading from: C:\Users\macke\OneDrive\Documents\School\Semester 3\Programming in a Graphical User Interface\Homework\animals-revenge\system\fxgl.bundle
22:39:52.499 [FXGL Background Thread 1 ] DEBUG SystemBundleService  - Bundle FXGL: {}
22:39:52.499 [FXGL Background Thread 1 ] DEBUG UpdaterService       - Checking for updates
22:39:52.504 [FXGL Background Thread 4 ] DEBUG FXGLApplication      - Loading fonts
22:39:52.505 [FXGL Background Thread 1 ] DEBUG FXGLApplication      - Loading default localization
22:39:52.506 [FXGL Background Thread 4 ] DEBUG FXGLAssetLoaderServi - Loading from file system: jar:file:/C:/Users/macke/.gradle/caches/modules-2/files-2.1/com.github.almasb/fxgl/17.2/35db6ae960eec2dcfd19262d3b7f9c42f0e95bc3/fxgl-17.2.jar!/fxglassets/ui/fonts/VarelaRound-Regular.ttf
22:39:52.506 [FXGL Background Thread 1 ] DEBUG FXGLAssetLoaderServi - Loading from file system: jar:file:/C:/Users/macke/.gradle/caches/modules-2/files-2.1/com.github.almasb/fxgl/17.2/35db6ae960eec2dcfd19262d3b7f9c42f0e95bc3/fxgl-17.2.jar!/fxglassets/languages/english.lang
22:39:52.532 [FXGL Background Thread 1 ] INFO  FXGLApplication      - FXGL initialization took: 0.216 sec
22:39:52.536 [JavaFX Application Thread] DEBUG Input                - Registered new binding: Launch - RMB
22:39:52.536 [JavaFX Application Thread] DEBUG Input                - Registered new binding: Create - LMB
22:39:52.536 [JavaFX Application Thread] DEBUG Input                - Registered new binding: Drag - CTRL+LMB
22:39:52.537 [JavaFX Application Thread] DEBUG FXGLAssetLoaderServi - Loading from file system: jar:file:/C:/Users/macke/.gradle/caches/modules-2/files-2.1/com.github.almasb/fxgl/17.2/35db6ae960eec2dcfd19262d3b7f9c42f0e95bc3/fxgl-17.2.jar!/fxglassets/textures/fxgl_icon.png
22:39:52.565 [FXGL Background Thread 4 ] DEBUG FXGLAssetLoaderServi - Loading from file system: jar:file:/C:/Users/macke/.gradle/caches/modules-2/files-2.1/com.github.almasb/fxgl/17.2/35db6ae960eec2dcfd19262d3b7f9c42f0e95bc3/fxgl-17.2.jar!/fxglassets/ui/fonts/Abel-Regular.ttf
22:39:52.568 [FXGL Background Thread 4 ] DEBUG FXGLAssetLoaderServi - Loading from file system: jar:file:/C:/Users/macke/.gradle/caches/modules-2/files-2.1/com.github.almasb/fxgl/17.2/35db6ae960eec2dcfd19262d3b7f9c42f0e95bc3/fxgl-17.2.jar!/fxglassets/ui/fonts/TerminalLandMono-Regular.otf
22:39:52.571 [FXGL Background Thread 4 ] DEBUG FXGLAssetLoaderServi - Loading from file system: jar:file:/C:/Users/macke/.gradle/caches/modules-2/files-2.1/com.github.almasb/fxgl/17.2/35db6ae960eec2dcfd19262d3b7f9c42f0e95bc3/fxgl-17.2.jar!/fxglassets/ui/fonts/Courier-Prime.ttf
22:39:52.573 [JavaFX Application Thread] DEBUG FXGLAssetLoaderServi - Loading from file system: jar:file:/C:/Users/macke/.gradle/caches/modules-2/files-2.1/com.github.almasb/fxgl/17.2/35db6ae960eec2dcfd19262d3b7f9c42f0e95bc3/fxgl-17.2.jar!/fxglassets/textures/fxgl_default_cursor.png
22:39:52.579 [JavaFX Application Thread] DEBUG Input                - Registered new binding: Screenshot - CTRL+8
22:39:52.579 [JavaFX Application Thread] DEBUG Input                - Registered new binding: System info dump - CTRL+9
22:39:52.580 [JavaFX Application Thread] DEBUG Input                - Registered new binding: Restart - CTRL+R
22:39:52.580 [JavaFX Application Thread] DEBUG Input                - Registered new binding: Toggle Debug Camera - CTRL+7
22:39:52.582 [JavaFX Application Thread] DEBUG LoopRunner           - Starting loop
22:39:52.582 [JavaFX Application Thread] DEBUG LoopRunner           - Initializing JavaFX AnimationTimerLoop
22:39:52.585 [JavaFX Application Thread] DEBUG GameApplicationServi - Starting new game
22:39:52.586 [JavaFX Application Thread] DEBUG Input                - Clearing active input actions
22:39:52.597 [JavaFX Application Thread] DEBUG GameApplicationServi - Removing overlay from FXGLStartupScene and adding to FXGLLoadingScene
22:39:52.597 [JavaFX Application Thread] DEBUG PrimaryStageWindow   - FXGLStartupScene -> FXGLLoadingScene
22:39:52.597 [JavaFX Application Thread] DEBUG GameApplicationServi - Clearing previous game
22:39:52.597 [JavaFX Application Thread] DEBUG GameScene            - Clearing game scene
22:39:52.597 [JavaFX Application Thread] DEBUG GameWorld            - Clearing game world
22:39:52.597 [JavaFX Application Thread] DEBUG PhysicsWorld         - Clearing physics world
22:39:52.600 [JavaFX Application Thread] DEBUG FXGLApplication      - Registering font factories with UI factory
22:39:52.600 [FXGL Background Thread 4 ] DEBUG FXGLApplication      - Initializing game
22:39:52.630 [FXGL Background Thread 4 ] DEBUG FXGLAssetLoaderServi - Loading from file system: file:/C:/Users/macke/OneDrive/Documents/School/Semester%203/Programming%20in%20a%20Graphical%20User%20Interface/Homework/animals-revenge/build/resources/main/assets/ui/Home.fxml
22:39:52.890 [FXGL Background Thread 2 ] INFO  UpdaterService       - Your current version:  17.2
22:39:52.890 [FXGL Background Thread 2 ] INFO  UpdaterService       - Latest stable version: 17.3
22:39:52.907 [FXGL Background Thread 4 ] INFO  FXGLApplication      - Game initialization took: 0.307 sec
22:39:52.908 [JavaFX Application Thread] DEBUG Input                - Clearing active input actions
22:39:52.916 [JavaFX Application Thread] DEBUG GameApplicationServi - Removing overlay from FXGLLoadingScene and adding to GameScene
22:39:52.916 [JavaFX Application Thread] DEBUG PrimaryStageWindow   - FXGLLoadingScene -> GameScene
22:39:53.814 [JavaFX Application Thread] DEBUG FXGLAssetLoaderServi - Loading from file system: file:/C:/Users/macke/OneDrive/Documents/School/Semester%203/Programming%20in%20a%20Graphical%20User%20Interface/Homework/animals-revenge/build/resources/main/assets/ui/Simulator.fxml
22:39:53.872 [JavaFX Application Thread] DEBUG FXGLAssetLoaderServi - Loading from file system: file:/C:/Users/macke/OneDrive/Documents/School/Semester%203/Programming%20in%20a%20Graphical%20User%20Interface/Homework/animals-revenge/build/resources/main/assets/textures/cannon.png
22:39:53.875 [JavaFX Application Thread] DEBUG FXGLAssetLoaderServi - Loading from file system: file:/C:/Users/macke/OneDrive/Documents/School/Semester%203/Programming%20in%20a%20Graphical%20User%20Interface/Homework/animals-revenge/build/resources/main/assets/textures/brick32x32.png
22:39:55.503 [FXGL Background Thread 3 ] DEBUG Engine               - Logging environment variables
22:39:55.503 [FXGL Background Thread 3 ] DEBUG Engine               - achievements: []
22:39:55.504 [FXGL Background Thread 3 ] DEBUG Engine               - actualHeight: 797.0
22:39:55.504 [FXGL Background Thread 3 ] DEBUG Engine               - actualHeightProperty: ReadOnlyDoubleProperty [value: 797.0]
22:39:55.504 [FXGL Background Thread 3 ] DEBUG Engine               - actualWidth: 1415.0
22:39:55.504 [FXGL Background Thread 3 ] DEBUG Engine               - actualWidthProperty: ReadOnlyDoubleProperty [value: 1415.0]
22:39:55.504 [FXGL Background Thread 3 ] DEBUG Engine               - appIcon: fxgl_icon.png
22:39:55.504 [FXGL Background Thread 3 ] DEBUG Engine               - applicationMode: DEVELOPER
22:39:55.504 [FXGL Background Thread 3 ] DEBUG Engine               - cSSList: [fxgl_dark.css]
22:39:55.504 [FXGL Background Thread 3 ] DEBUG Engine               - collisionDetectionStrategy: BRUTE_FORCE
22:39:55.504 [FXGL Background Thread 3 ] DEBUG Engine               - configClass: Optional.empty
22:39:55.505 [FXGL Background Thread 3 ] DEBUG Engine               - credits: []
22:39:55.506 [FXGL Background Thread 3 ] DEBUG Engine               - defaultCursor: CursorInfo(imageName=fxgl_default_cursor.png, hotspotX=7.0, hotspotY=6.0)
22:39:55.506 [FXGL Background Thread 3 ] DEBUG Engine               - devBBoxColorProperty: ObjectProperty [value: 0xff0000ff]
22:39:55.506 [FXGL Background Thread 3 ] DEBUG Engine               - devEnableDebugCameraProperty: BooleanProperty [value: false]
22:39:55.506 [FXGL Background Thread 3 ] DEBUG Engine               - devSensorColorProperty: ObjectProperty [value: 0xffff00ff]
22:39:55.506 [FXGL Background Thread 3 ] DEBUG Engine               - devShowBBoxProperty: BooleanProperty [value: false]
22:39:55.506 [FXGL Background Thread 3 ] DEBUG Engine               - devShowPositionProperty: BooleanProperty [value: false]
22:39:55.506 [FXGL Background Thread 3 ] DEBUG Engine               - enabledMenuItems: []
22:39:55.506 [FXGL Background Thread 3 ] DEBUG Engine               - engineServices: [class com.almasb.fxgl.app.services.FXGLAssetLoaderService, class com.almasb.fxgl.app.FXGLApplication$GameApplicationService, class com.almasb.fxgl.app.services.FXGLDialogService, class com.almasb.fxgl.app.services.IOTaskExecutorService, class com.almasb.fxgl.io.FileSystemService, class com.almasb.fxgl.localization.LocalizationService, class com.almasb.fxgl.app.services.SystemBundleService, class com.almasb.fxgl.profile.SaveLoadService, class com.almasb.fxgl.ui.FXGLUIFactoryServiceProvider, class com.almasb.fxgl.ui.FXGLDialogFactoryServiceProvider, class com.almasb.fxgl.audio.AudioPlayer, class com.almasb.fxgl.notification.impl.NotificationServiceProvider, class com.almasb.fxgl.achievement.AchievementService, class com.almasb.fxgl.cutscene.CutsceneService, class com.almasb.fxgl.minigames.MiniGameService, class com.almasb.fxgl.net.NetService, class com.almasb.fxgl.app.services.UpdaterService, class com.almasb.fxgl.dev.DevService]
22:39:55.506 [FXGL Background Thread 3 ] DEBUG Engine               - fontGame: Abel-Regular.ttf
22:39:55.506 [FXGL Background Thread 3 ] DEBUG Engine               - fontMono: TerminalLandMono-Regular.otf
22:39:55.506 [FXGL Background Thread 3 ] DEBUG Engine               - fontText: Courier-Prime.ttf
22:39:55.506 [FXGL Background Thread 3 ] DEBUG Engine               - fontUI: VarelaRound-Regular.ttf
22:39:55.506 [FXGL Background Thread 3 ] DEBUG Engine               - fullScreen: BooleanProperty [value: false]
22:39:55.506 [FXGL Background Thread 3 ] DEBUG Engine               - gameDifficulty: MEDIUM
22:39:55.506 [FXGL Background Thread 3 ] DEBUG Engine               - gameDifficultyProperty: ObjectProperty [value: MEDIUM]
22:39:55.506 [FXGL Background Thread 3 ] DEBUG Engine               - globalMusicVolume: 0.5
22:39:55.506 [FXGL Background Thread 3 ] DEBUG Engine               - globalMusicVolumeProperty: DoubleProperty [value: 0.5]
22:39:55.506 [FXGL Background Thread 3 ] DEBUG Engine               - globalSoundVolume: 0.5
22:39:55.506 [FXGL Background Thread 3 ] DEBUG Engine               - globalSoundVolumeProperty: DoubleProperty [value: 0.5]
22:39:55.506 [FXGL Background Thread 3 ] DEBUG Engine               - height: 820
22:39:55.506 [FXGL Background Thread 3 ] DEBUG Engine               - is3D: false
22:39:55.506 [FXGL Background Thread 3 ] DEBUG Engine               - isAndroid: false
22:39:55.506 [FXGL Background Thread 3 ] DEBUG Engine               - isBrowser: false
22:39:55.507 [FXGL Background Thread 3 ] DEBUG Engine               - isClickFeedbackEnabled: false
22:39:55.507 [FXGL Background Thread 3 ] DEBUG Engine               - isCloseConfirmation: false
22:39:55.507 [FXGL Background Thread 3 ] DEBUG Engine               - isDesktop: true
22:39:55.507 [FXGL Background Thread 3 ] DEBUG Engine               - isDeveloperMenuEnabled: false
22:39:55.507 [FXGL Background Thread 3 ] DEBUG Engine               - isEmbedded: false
22:39:55.507 [FXGL Background Thread 3 ] DEBUG Engine               - isEntityPreloadEnabled: true
22:39:55.507 [FXGL Background Thread 3 ] DEBUG Engine               - isExperimentalTiledLargeMap: false
22:39:55.507 [FXGL Background Thread 3 ] DEBUG Engine               - isFileSystemWriteAllowed: true
22:39:55.507 [FXGL Background Thread 3 ] DEBUG Engine               - isFullScreenAllowed: false
22:39:55.507 [FXGL Background Thread 3 ] DEBUG Engine               - isFullScreenFromStart: false
22:39:55.507 [FXGL Background Thread 3 ] DEBUG Engine               - isGameMenuEnabled: false
22:39:55.507 [FXGL Background Thread 3 ] DEBUG Engine               - isIOS: false
22:39:55.507 [FXGL Background Thread 3 ] DEBUG Engine               - isIntroEnabled: false
22:39:55.507 [FXGL Background Thread 3 ] DEBUG Engine               - isLinux: false
22:39:55.507 [FXGL Background Thread 3 ] DEBUG Engine               - isMac: false
22:39:55.507 [FXGL Background Thread 3 ] DEBUG Engine               - isMainMenuEnabled: false
22:39:55.507 [FXGL Background Thread 3 ] DEBUG Engine               - isManualResizeEnabled: false
22:39:55.507 [FXGL Background Thread 3 ] DEBUG Engine               - isMobile: false
22:39:55.508 [FXGL Background Thread 3 ] DEBUG Engine               - isNative: false
22:39:55.508 [FXGL Background Thread 3 ] DEBUG Engine               - isPauseMusicWhenMinimized: true
22:39:55.508 [FXGL Background Thread 3 ] DEBUG Engine               - isPreserveResizeRatio: false
22:39:55.508 [FXGL Background Thread 3 ] DEBUG Engine               - isProfilingEnabled: false
22:39:55.508 [FXGL Background Thread 3 ] DEBUG Engine               - isScaleAffectedOnResize: true
22:39:55.508 [FXGL Background Thread 3 ] DEBUG Engine               - isSingleStep: false
22:39:55.508 [FXGL Background Thread 3 ] DEBUG Engine               - isUserProfileEnabled: false
22:39:55.508 [FXGL Background Thread 3 ] DEBUG Engine               - isWindows: true
22:39:55.508 [FXGL Background Thread 3 ] DEBUG Engine               - language: ObjectProperty [value: ENGLISH]
22:39:55.508 [FXGL Background Thread 3 ] DEBUG Engine               - menuKey: ESCAPE
22:39:55.508 [FXGL Background Thread 3 ] DEBUG Engine               - mouseSensitivity: 0.2
22:39:55.508 [FXGL Background Thread 3 ] DEBUG Engine               - notificationViewClass: class com.almasb.fxgl.notification.view.XboxNotificationView
22:39:55.508 [FXGL Background Thread 3 ] DEBUG Engine               - pixelsPerMeter: 50.0
22:39:55.508 [FXGL Background Thread 3 ] DEBUG Engine               - platform: WINDOWS
22:39:55.508 [FXGL Background Thread 3 ] DEBUG Engine               - prefHeightProperty: ReadOnlyDoubleProperty [value: 820.0]
22:39:55.508 [FXGL Background Thread 3 ] DEBUG Engine               - prefWidthProperty: ReadOnlyDoubleProperty [value: 1480.0]
22:39:55.508 [FXGL Background Thread 3 ] DEBUG Engine               - profileDir: profiles/
22:39:55.508 [FXGL Background Thread 3 ] DEBUG Engine               - profileName: StringProperty [value: DEFAULT]
22:39:55.508 [FXGL Background Thread 3 ] DEBUG Engine               - randomSeed: -1
22:39:55.508 [FXGL Background Thread 3 ] DEBUG Engine               - runtimeInfo: RuntimeInfo(platform=WINDOWS, version=17.2, build=20.08.2022 16.50)
22:39:55.508 [FXGL Background Thread 3 ] DEBUG Engine               - saveFileExt: sav
22:39:55.508 [FXGL Background Thread 3 ] DEBUG Engine               - scaledHeightProp$fxgl: DoubleProperty [bound, value: 797.0]
22:39:55.508 [FXGL Background Thread 3 ] DEBUG Engine               - scaledWidthProp$fxgl: DoubleProperty [bound, value: 1415.0]
22:39:55.508 [FXGL Background Thread 3 ] DEBUG Engine               - sceneFactory: com.almasb.fxgl.app.scene.SceneFactory@72df112a
22:39:55.508 [FXGL Background Thread 3 ] DEBUG Engine               - secondsIn24h: 60
22:39:55.508 [FXGL Background Thread 3 ] DEBUG Engine               - soundMenuBack: menu/back.wav
22:39:55.508 [FXGL Background Thread 3 ] DEBUG Engine               - soundMenuPress: menu/press.wav
22:39:55.508 [FXGL Background Thread 3 ] DEBUG Engine               - soundMenuSelect: menu/select.wav
22:39:55.508 [FXGL Background Thread 3 ] DEBUG Engine               - soundNotification: core/notification.wav
22:39:55.508 [FXGL Background Thread 3 ] DEBUG Engine               - stageStyle: DECORATED
22:39:55.509 [FXGL Background Thread 3 ] DEBUG Engine               - supportedLanguages: [ENGLISH, FRENCH, GERMAN, HUNGARIAN, RUSSIAN]
22:39:55.509 [FXGL Background Thread 3 ] DEBUG Engine               - ticksPerSecond: -1
22:39:55.509 [FXGL Background Thread 3 ] DEBUG Engine               - title: Untitled
22:39:55.509 [FXGL Background Thread 3 ] DEBUG Engine               - urlGithub: https://github.com/AlmasB/FXGL
22:39:55.509 [FXGL Background Thread 3 ] DEBUG Engine               - urlLeaderboard: http://fxgl-top.herokuapp.com/
22:39:55.509 [FXGL Background Thread 3 ] DEBUG Engine               - urlPOM: https://raw.githubusercontent.com/AlmasB/FXGL/release/README.md
22:39:55.509 [FXGL Background Thread 3 ] DEBUG Engine               - userAppClass: class edu.vanier.animals_revenge.MainApp
22:39:55.509 [FXGL Background Thread 3 ] DEBUG Engine               - version: 0.0
22:39:55.509 [FXGL Background Thread 3 ] DEBUG Engine               - versionCheckDays: 7
22:39:55.509 [FXGL Background Thread 3 ] DEBUG Engine               - width: 1480
22:39:55.509 [FXGL Background Thread 3 ] DEBUG Engine               - Logging services
22:39:55.509 [FXGL Background Thread 3 ] DEBUG Engine               - class com.almasb.fxgl.app.services.FXGLAssetLoaderService
22:39:55.509 [FXGL Background Thread 3 ] DEBUG Engine               - class com.almasb.fxgl.app.FXGLApplication$GameApplicationService
22:39:55.509 [FXGL Background Thread 3 ] DEBUG Engine               - class com.almasb.fxgl.app.services.FXGLDialogService
22:39:55.509 [FXGL Background Thread 3 ] DEBUG Engine               - class com.almasb.fxgl.app.services.IOTaskExecutorService
22:39:55.509 [FXGL Background Thread 3 ] DEBUG Engine               - class com.almasb.fxgl.io.FileSystemService
22:39:55.509 [FXGL Background Thread 3 ] DEBUG Engine               - class com.almasb.fxgl.localization.LocalizationService
22:39:55.509 [FXGL Background Thread 3 ] DEBUG Engine               - class com.almasb.fxgl.app.services.SystemBundleService
22:39:55.509 [FXGL Background Thread 3 ] DEBUG Engine               - class com.almasb.fxgl.profile.SaveLoadService
22:39:55.509 [FXGL Background Thread 3 ] DEBUG Engine               - class com.almasb.fxgl.ui.FXGLUIFactoryServiceProvider
22:39:55.509 [FXGL Background Thread 3 ] DEBUG Engine               - class com.almasb.fxgl.ui.FXGLDialogFactoryServiceProvider
22:39:55.509 [FXGL Background Thread 3 ] DEBUG Engine               - class com.almasb.fxgl.audio.AudioPlayer
22:39:55.509 [FXGL Background Thread 3 ] DEBUG Engine               - class com.almasb.fxgl.notification.impl.NotificationServiceProvider
22:39:55.509 [FXGL Background Thread 3 ] DEBUG Engine               - class com.almasb.fxgl.achievement.AchievementService
22:39:55.509 [FXGL Background Thread 3 ] DEBUG Engine               - class com.almasb.fxgl.cutscene.CutsceneService
22:39:55.509 [FXGL Background Thread 3 ] DEBUG Engine               - class com.almasb.fxgl.minigames.MiniGameService
22:39:55.509 [FXGL Background Thread 3 ] DEBUG Engine               - class com.almasb.fxgl.net.NetService
22:39:55.509 [FXGL Background Thread 3 ] DEBUG Engine               - class com.almasb.fxgl.app.services.UpdaterService
22:39:55.509 [FXGL Background Thread 3 ] DEBUG Engine               - class com.almasb.fxgl.dev.DevService
22:39:55.907 [JavaFX Application Thread] DEBUG FXGLAssetLoaderServi - Loading from file system: file:/C:/Users/macke/OneDrive/Documents/School/Semester%203/Programming%20in%20a%20Graphical%20User%20Interface/Homework/animals-revenge/build/resources/main/assets/textures/soccer.png
22:40:05.516 [JavaFX Application Thread] DEBUG FXGLApplication      - Exiting FXGL
22:40:05.516 [JavaFX Application Thread] DEBUG LoopRunner           - Stopping loop
22:40:05.516 [JavaFX Application Thread] DEBUG SystemBundleService  - Saving FXGL system data
22:40:05.518 [JavaFX Application Thread] DEBUG FileSystemAccess     - Writing to: C:\Users\macke\OneDrive\Documents\School\Semester 3\Programming in a Graphical User Interface\Homework\animals-revenge\system\fxgl.bundle
22:40:05.520 [JavaFX Application Thread] DEBUG Async                - Shutting down background threads
22:40:05.520 [JavaFX Application Thread] DEBUG PrimaryStageWindow   - Closing main window
22:40:05.532 [JavaFX Application Thread] DEBUG Logger               - Closing Logger
