12:58:08.209 [main                     ] DEBUG Logger               - Configured Logger
12:58:08.228 [main                     ] DEBUG GameApplication      - Logging settings
Title: Untitled
Version: 0.0
Width: 1480
Height: 820
Fullscreen: false
Intro: false
Profiling: false
Single step:false
App Mode: DEVELOPER
Menu Key: ESCAPE
Stage Style: DECORATED
Scene Factory: class com.almasb.fxgl.app.scene.SceneFactory

12:58:08.805 [JavaFX Application Thread] DEBUG FXGLApplication      - Initializing FXGL
12:58:08.827 [JavaFX Application Thread] INFO  Engine               - FXGL-17.2 (20.08.2022 16.50) on WINDOWS (J:18.0.2.1 FX:20.0.2)
12:58:08.827 [JavaFX Application Thread] DEBUG Engine               - JRE Vendor Name: Oracle Corporation
12:58:08.828 [JavaFX Application Thread] DEBUG Engine               - Running on OS: Windows 11 version 10.0
12:58:08.828 [JavaFX Application Thread] DEBUG Engine               - Architecture: amd64
12:58:08.828 [JavaFX Application Thread] INFO  Engine               - Source code and latest versions at: https://github.com/AlmasB/FXGL
12:58:08.828 [JavaFX Application Thread] INFO  Engine               -       Ask questions and discuss at: https://github.com/AlmasB/FXGL/discussions
12:58:08.829 [JavaFX Application Thread] INFO  Engine               -              Join the FXGL chat at: https://gitter.im/AlmasB/FXGL
12:58:08.958 [JavaFX Application Thread] DEBUG PrimaryStageWindow   - Creating a JavaFX scene
12:58:08.958 [JavaFX Application Thread] DEBUG PrimaryStageWindow   - Target size > screen size
12:58:09.050 [JavaFX Application Thread] DEBUG PrimaryStageWindow   - Target settings size: 1480.0 x 820.0
12:58:09.050 [JavaFX Application Thread] DEBUG PrimaryStageWindow   - Scaled scene size:    1415.0 x 797.0
12:58:09.051 [JavaFX Application Thread] DEBUG PrimaryStageWindow   - Scaled ratio: (0.956081081081081, 0.9719512195121951)
12:58:09.058 [JavaFX Application Thread] DEBUG PrimaryStageWindow   - Set initial scene to FXGLStartupScene
12:58:09.064 [JavaFX Application Thread] DEBUG PrimaryStageWindow   - Opening main window
12:58:09.312 [JavaFX Application Thread] DEBUG PrimaryStageWindow   - Window border size: (13.0, 35.5)
12:58:09.312 [JavaFX Application Thread] DEBUG PrimaryStageWindow   - Scaled size: 1415.0 x 797.0
12:58:09.313 [JavaFX Application Thread] DEBUG PrimaryStageWindow   - Scaled ratio: (0.956081081081081, 0.9719512195121951)
12:58:09.313 [JavaFX Application Thread] DEBUG PrimaryStageWindow   - Scene size: 1415.0 x 797.0
12:58:09.314 [JavaFX Application Thread] DEBUG PrimaryStageWindow   - Stage size: 1428.0 x 832.5
12:58:09.331 [FXGL Background Thread 1 ] DEBUG Engine               - Initializing environment variables
12:58:09.434 [FXGL Background Thread 1 ] DEBUG FXGLAssetLoaderServi - User app class for loading assets: class edu.vanier.animals_revenge.MainApp
12:58:09.434 [FXGL Background Thread 1 ] DEBUG GameApplicationServi - Applying CSS: fxgl_dark.css
12:58:09.436 [FXGL Background Thread 1 ] DEBUG FXGLAssetLoaderServi - Loading from file system: jar:file:/C:/Users/macke/.gradle/caches/modules-2/files-2.1/com.github.almasb/fxgl/17.2/35db6ae960eec2dcfd19262d3b7f9c42f0e95bc3/fxgl-17.2.jar!/fxglassets/ui/css/fxgl_dark.css
12:58:09.514 [FXGL Background Thread 1 ] DEBUG GameApplicationServi - Initializing application scenes
12:58:09.678 [FXGL Background Thread 1 ] DEBUG GameWorld            - Game world initialized
12:58:09.810 [FXGL Background Thread 1 ] DEBUG PhysicsWorld         - Physics world initialized: appHeight=820, physics.ppm=50.0
12:58:09.811 [FXGL Background Thread 1 ] DEBUG PhysicsWorld         - Using strategy: BRUTE_FORCE
12:58:09.829 [FXGL Background Thread 1 ] DEBUG GameScene            - Game scene initialized: 1480x820
12:58:09.829 [FXGL Background Thread 1 ] DEBUG GameApplicationServi - Application scenes initialized
12:58:09.888 [FXGL Background Thread 1 ] DEBUG SystemBundleService  - Loading FXGL system data
12:58:09.918 [FXGL Background Thread 1 ] DEBUG FileSystemAccess     - Reading from: C:\Users\macke\OneDrive\Documents\School\Semester 3\Programming in a Graphical User Interface\Homework\animals-revenge\system\fxgl.bundle
12:58:09.942 [FXGL Background Thread 1 ] DEBUG SystemBundleService  - Bundle FXGL: {}
12:58:09.942 [FXGL Background Thread 1 ] DEBUG UpdaterService       - Checking for updates
12:58:09.967 [FXGL Background Thread 4 ] DEBUG FXGLApplication      - Loading fonts
12:58:09.968 [FXGL Background Thread 4 ] DEBUG FXGLAssetLoaderServi - Loading from file system: jar:file:/C:/Users/macke/.gradle/caches/modules-2/files-2.1/com.github.almasb/fxgl/17.2/35db6ae960eec2dcfd19262d3b7f9c42f0e95bc3/fxgl-17.2.jar!/fxglassets/ui/fonts/VarelaRound-Regular.ttf
12:58:09.976 [FXGL Background Thread 1 ] DEBUG FXGLApplication      - Loading default localization
12:58:09.983 [FXGL Background Thread 1 ] DEBUG FXGLAssetLoaderServi - Loading from file system: jar:file:/C:/Users/macke/.gradle/caches/modules-2/files-2.1/com.github.almasb/fxgl/17.2/35db6ae960eec2dcfd19262d3b7f9c42f0e95bc3/fxgl-17.2.jar!/fxglassets/languages/english.lang
12:58:10.195 [FXGL Background Thread 4 ] DEBUG FXGLAssetLoaderServi - Loading from file system: jar:file:/C:/Users/macke/.gradle/caches/modules-2/files-2.1/com.github.almasb/fxgl/17.2/35db6ae960eec2dcfd19262d3b7f9c42f0e95bc3/fxgl-17.2.jar!/fxglassets/ui/fonts/Abel-Regular.ttf
12:58:10.205 [FXGL Background Thread 4 ] DEBUG FXGLAssetLoaderServi - Loading from file system: jar:file:/C:/Users/macke/.gradle/caches/modules-2/files-2.1/com.github.almasb/fxgl/17.2/35db6ae960eec2dcfd19262d3b7f9c42f0e95bc3/fxgl-17.2.jar!/fxglassets/ui/fonts/TerminalLandMono-Regular.otf
12:58:10.214 [FXGL Background Thread 4 ] DEBUG FXGLAssetLoaderServi - Loading from file system: jar:file:/C:/Users/macke/.gradle/caches/modules-2/files-2.1/com.github.almasb/fxgl/17.2/35db6ae960eec2dcfd19262d3b7f9c42f0e95bc3/fxgl-17.2.jar!/fxglassets/ui/fonts/Courier-Prime.ttf
12:58:10.253 [JavaFX Application Thread] DEBUG FXGLApplication      - Registering font factories with UI factory
12:58:10.295 [FXGL Background Thread 1 ] INFO  FXGLApplication      - FXGL initialization took: 0.963 sec
12:58:10.304 [JavaFX Application Thread] DEBUG Input                - Registered new binding: Launch - RMB
12:58:10.305 [JavaFX Application Thread] DEBUG Input                - Registered new binding: Create - LMB
12:58:10.306 [JavaFX Application Thread] DEBUG Input                - Registered new binding: Drag - CTRL+LMB
12:58:10.307 [JavaFX Application Thread] DEBUG FXGLAssetLoaderServi - Loading from file system: jar:file:/C:/Users/macke/.gradle/caches/modules-2/files-2.1/com.github.almasb/fxgl/17.2/35db6ae960eec2dcfd19262d3b7f9c42f0e95bc3/fxgl-17.2.jar!/fxglassets/textures/fxgl_icon.png
12:58:10.546 [JavaFX Application Thread] DEBUG FXGLAssetLoaderServi - Loading from file system: jar:file:/C:/Users/macke/.gradle/caches/modules-2/files-2.1/com.github.almasb/fxgl/17.2/35db6ae960eec2dcfd19262d3b7f9c42f0e95bc3/fxgl-17.2.jar!/fxglassets/textures/fxgl_default_cursor.png
12:58:10.622 [JavaFX Application Thread] DEBUG Input                - Registered new binding: Screenshot - CTRL+8
12:58:10.624 [JavaFX Application Thread] DEBUG Input                - Registered new binding: System info dump - CTRL+9
12:58:10.625 [JavaFX Application Thread] DEBUG Input                - Registered new binding: Restart - CTRL+R
12:58:10.628 [JavaFX Application Thread] DEBUG Input                - Registered new binding: Toggle Debug Camera - CTRL+7
12:58:10.657 [JavaFX Application Thread] DEBUG LoopRunner           - Starting loop
12:58:10.657 [JavaFX Application Thread] DEBUG LoopRunner           - Initializing JavaFX AnimationTimerLoop
12:58:10.697 [JavaFX Application Thread] DEBUG GameApplicationServi - Starting new game
12:58:10.701 [JavaFX Application Thread] DEBUG Input                - Clearing active input actions
12:58:10.761 [JavaFX Application Thread] DEBUG GameApplicationServi - Removing overlay from FXGLStartupScene and adding to FXGLLoadingScene
12:58:10.762 [JavaFX Application Thread] DEBUG PrimaryStageWindow   - FXGLStartupScene -> FXGLLoadingScene
12:58:10.763 [JavaFX Application Thread] DEBUG GameApplicationServi - Clearing previous game
12:58:10.763 [JavaFX Application Thread] DEBUG GameScene            - Clearing game scene
12:58:10.764 [JavaFX Application Thread] DEBUG GameWorld            - Clearing game world
12:58:10.765 [JavaFX Application Thread] DEBUG PhysicsWorld         - Clearing physics world
12:58:10.774 [FXGL Background Thread 1 ] DEBUG FXGLApplication      - Initializing game
12:58:11.067 [FXGL Background Thread 1 ] DEBUG FXGLAssetLoaderServi - Loading from file system: file:/C:/Users/macke/OneDrive/Documents/School/Semester%203/Programming%20in%20a%20Graphical%20User%20Interface/Homework/animals-revenge/build/resources/main/assets/ui/Home.fxml
12:58:12.076 [FXGL Background Thread 2 ] INFO  UpdaterService       - Your current version:  17.2
12:58:12.076 [FXGL Background Thread 2 ] INFO  UpdaterService       - Latest stable version: 17.3
12:58:12.225 [FXGL Background Thread 1 ] INFO  FXGLApplication      - Game initialization took: 1.451 sec
12:58:12.227 [JavaFX Application Thread] DEBUG Input                - Clearing active input actions
12:58:12.297 [JavaFX Application Thread] DEBUG GameApplicationServi - Removing overlay from FXGLLoadingScene and adding to GameScene
12:58:12.299 [JavaFX Application Thread] DEBUG PrimaryStageWindow   - FXGLLoadingScene -> GameScene
12:58:12.961 [FXGL Background Thread 3 ] DEBUG Engine               - Logging environment variables
12:58:12.963 [FXGL Background Thread 3 ] DEBUG Engine               - achievements: []
12:58:12.964 [FXGL Background Thread 3 ] DEBUG Engine               - actualHeight: 797.0
12:58:12.964 [FXGL Background Thread 3 ] DEBUG Engine               - actualHeightProperty: ReadOnlyDoubleProperty [value: 797.0]
12:58:12.964 [FXGL Background Thread 3 ] DEBUG Engine               - actualWidth: 1415.0
12:58:12.965 [FXGL Background Thread 3 ] DEBUG Engine               - actualWidthProperty: ReadOnlyDoubleProperty [value: 1415.0]
12:58:12.965 [FXGL Background Thread 3 ] DEBUG Engine               - appIcon: fxgl_icon.png
12:58:12.965 [FXGL Background Thread 3 ] DEBUG Engine               - applicationMode: DEVELOPER
12:58:12.965 [FXGL Background Thread 3 ] DEBUG Engine               - cSSList: [fxgl_dark.css]
12:58:12.965 [FXGL Background Thread 3 ] DEBUG Engine               - collisionDetectionStrategy: BRUTE_FORCE
12:58:12.965 [FXGL Background Thread 3 ] DEBUG Engine               - configClass: Optional.empty
12:58:12.965 [FXGL Background Thread 3 ] DEBUG Engine               - credits: []
12:58:12.968 [FXGL Background Thread 3 ] DEBUG Engine               - defaultCursor: CursorInfo(imageName=fxgl_default_cursor.png, hotspotX=7.0, hotspotY=6.0)
12:58:12.969 [FXGL Background Thread 3 ] DEBUG Engine               - devBBoxColorProperty: ObjectProperty [value: 0xff0000ff]
12:58:12.969 [FXGL Background Thread 3 ] DEBUG Engine               - devEnableDebugCameraProperty: BooleanProperty [value: false]
12:58:12.969 [FXGL Background Thread 3 ] DEBUG Engine               - devSensorColorProperty: ObjectProperty [value: 0xffff00ff]
12:58:12.969 [FXGL Background Thread 3 ] DEBUG Engine               - devShowBBoxProperty: BooleanProperty [value: false]
12:58:12.969 [FXGL Background Thread 3 ] DEBUG Engine               - devShowPositionProperty: BooleanProperty [value: false]
12:58:12.969 [FXGL Background Thread 3 ] DEBUG Engine               - enabledMenuItems: []
12:58:12.970 [FXGL Background Thread 3 ] DEBUG Engine               - engineServices: [class com.almasb.fxgl.app.services.FXGLAssetLoaderService, class com.almasb.fxgl.app.FXGLApplication$GameApplicationService, class com.almasb.fxgl.app.services.FXGLDialogService, class com.almasb.fxgl.app.services.IOTaskExecutorService, class com.almasb.fxgl.io.FileSystemService, class com.almasb.fxgl.localization.LocalizationService, class com.almasb.fxgl.app.services.SystemBundleService, class com.almasb.fxgl.profile.SaveLoadService, class com.almasb.fxgl.ui.FXGLUIFactoryServiceProvider, class com.almasb.fxgl.ui.FXGLDialogFactoryServiceProvider, class com.almasb.fxgl.audio.AudioPlayer, class com.almasb.fxgl.notification.impl.NotificationServiceProvider, class com.almasb.fxgl.achievement.AchievementService, class com.almasb.fxgl.cutscene.CutsceneService, class com.almasb.fxgl.minigames.MiniGameService, class com.almasb.fxgl.net.NetService, class com.almasb.fxgl.app.services.UpdaterService, class com.almasb.fxgl.dev.DevService]
12:58:12.970 [FXGL Background Thread 3 ] DEBUG Engine               - fontGame: Abel-Regular.ttf
12:58:12.970 [FXGL Background Thread 3 ] DEBUG Engine               - fontMono: TerminalLandMono-Regular.otf
12:58:12.970 [FXGL Background Thread 3 ] DEBUG Engine               - fontText: Courier-Prime.ttf
12:58:12.970 [FXGL Background Thread 3 ] DEBUG Engine               - fontUI: VarelaRound-Regular.ttf
12:58:12.970 [FXGL Background Thread 3 ] DEBUG Engine               - fullScreen: BooleanProperty [value: false]
12:58:12.970 [FXGL Background Thread 3 ] DEBUG Engine               - gameDifficulty: MEDIUM
12:58:12.970 [FXGL Background Thread 3 ] DEBUG Engine               - gameDifficultyProperty: ObjectProperty [value: MEDIUM]
12:58:12.970 [FXGL Background Thread 3 ] DEBUG Engine               - globalMusicVolume: 0.5
12:58:12.970 [FXGL Background Thread 3 ] DEBUG Engine               - globalMusicVolumeProperty: DoubleProperty [value: 0.5]
12:58:12.970 [FXGL Background Thread 3 ] DEBUG Engine               - globalSoundVolume: 0.5
12:58:12.970 [FXGL Background Thread 3 ] DEBUG Engine               - globalSoundVolumeProperty: DoubleProperty [value: 0.5]
12:58:12.970 [FXGL Background Thread 3 ] DEBUG Engine               - height: 820
12:58:12.970 [FXGL Background Thread 3 ] DEBUG Engine               - is3D: false
12:58:12.971 [FXGL Background Thread 3 ] DEBUG Engine               - isAndroid: false
12:58:12.971 [FXGL Background Thread 3 ] DEBUG Engine               - isBrowser: false
12:58:12.971 [FXGL Background Thread 3 ] DEBUG Engine               - isClickFeedbackEnabled: false
12:58:12.971 [FXGL Background Thread 3 ] DEBUG Engine               - isCloseConfirmation: false
12:58:12.971 [FXGL Background Thread 3 ] DEBUG Engine               - isDesktop: true
12:58:12.971 [FXGL Background Thread 3 ] DEBUG Engine               - isDeveloperMenuEnabled: false
12:58:12.972 [FXGL Background Thread 3 ] DEBUG Engine               - isEmbedded: false
12:58:12.972 [FXGL Background Thread 3 ] DEBUG Engine               - isEntityPreloadEnabled: true
12:58:12.972 [FXGL Background Thread 3 ] DEBUG Engine               - isExperimentalTiledLargeMap: false
12:58:12.972 [FXGL Background Thread 3 ] DEBUG Engine               - isFileSystemWriteAllowed: true
12:58:12.973 [FXGL Background Thread 3 ] DEBUG Engine               - isFullScreenAllowed: false
12:58:12.973 [FXGL Background Thread 3 ] DEBUG Engine               - isFullScreenFromStart: false
12:58:12.973 [FXGL Background Thread 3 ] DEBUG Engine               - isGameMenuEnabled: false
12:58:12.973 [FXGL Background Thread 3 ] DEBUG Engine               - isIOS: false
12:58:12.973 [FXGL Background Thread 3 ] DEBUG Engine               - isIntroEnabled: false
12:58:12.973 [FXGL Background Thread 3 ] DEBUG Engine               - isLinux: false
12:58:12.974 [FXGL Background Thread 3 ] DEBUG Engine               - isMac: false
12:58:12.974 [FXGL Background Thread 3 ] DEBUG Engine               - isMainMenuEnabled: false
12:58:12.974 [FXGL Background Thread 3 ] DEBUG Engine               - isManualResizeEnabled: false
12:58:12.974 [FXGL Background Thread 3 ] DEBUG Engine               - isMobile: false
12:58:12.974 [FXGL Background Thread 3 ] DEBUG Engine               - isNative: false
12:58:12.974 [FXGL Background Thread 3 ] DEBUG Engine               - isPauseMusicWhenMinimized: true
12:58:12.974 [FXGL Background Thread 3 ] DEBUG Engine               - isPreserveResizeRatio: false
12:58:12.974 [FXGL Background Thread 3 ] DEBUG Engine               - isProfilingEnabled: false
12:58:12.974 [FXGL Background Thread 3 ] DEBUG Engine               - isScaleAffectedOnResize: true
12:58:12.974 [FXGL Background Thread 3 ] DEBUG Engine               - isSingleStep: false
12:58:12.974 [FXGL Background Thread 3 ] DEBUG Engine               - isUserProfileEnabled: false
12:58:12.974 [FXGL Background Thread 3 ] DEBUG Engine               - isWindows: true
12:58:12.974 [FXGL Background Thread 3 ] DEBUG Engine               - language: ObjectProperty [value: ENGLISH]
12:58:12.974 [FXGL Background Thread 3 ] DEBUG Engine               - menuKey: ESCAPE
12:58:12.974 [FXGL Background Thread 3 ] DEBUG Engine               - mouseSensitivity: 0.2
12:58:12.975 [FXGL Background Thread 3 ] DEBUG Engine               - notificationViewClass: class com.almasb.fxgl.notification.view.XboxNotificationView
12:58:12.975 [FXGL Background Thread 3 ] DEBUG Engine               - pixelsPerMeter: 50.0
12:58:12.975 [FXGL Background Thread 3 ] DEBUG Engine               - platform: WINDOWS
12:58:12.975 [FXGL Background Thread 3 ] DEBUG Engine               - prefHeightProperty: ReadOnlyDoubleProperty [value: 820.0]
12:58:12.975 [FXGL Background Thread 3 ] DEBUG Engine               - prefWidthProperty: ReadOnlyDoubleProperty [value: 1480.0]
12:58:12.975 [FXGL Background Thread 3 ] DEBUG Engine               - profileDir: profiles/
12:58:12.975 [FXGL Background Thread 3 ] DEBUG Engine               - profileName: StringProperty [value: DEFAULT]
12:58:12.975 [FXGL Background Thread 3 ] DEBUG Engine               - randomSeed: -1
12:58:12.978 [FXGL Background Thread 3 ] DEBUG Engine               - runtimeInfo: RuntimeInfo(platform=WINDOWS, version=17.2, build=20.08.2022 16.50)
12:58:12.978 [FXGL Background Thread 3 ] DEBUG Engine               - saveFileExt: sav
12:58:12.978 [FXGL Background Thread 3 ] DEBUG Engine               - scaledHeightProp$fxgl: DoubleProperty [bound, value: 797.0]
12:58:12.978 [FXGL Background Thread 3 ] DEBUG Engine               - scaledWidthProp$fxgl: DoubleProperty [bound, value: 1415.0]
12:58:12.978 [FXGL Background Thread 3 ] DEBUG Engine               - sceneFactory: com.almasb.fxgl.app.scene.SceneFactory@4e936439
12:58:12.978 [FXGL Background Thread 3 ] DEBUG Engine               - secondsIn24h: 60
12:58:12.978 [FXGL Background Thread 3 ] DEBUG Engine               - soundMenuBack: menu/back.wav
12:58:12.978 [FXGL Background Thread 3 ] DEBUG Engine               - soundMenuPress: menu/press.wav
12:58:12.978 [FXGL Background Thread 3 ] DEBUG Engine               - soundMenuSelect: menu/select.wav
12:58:12.978 [FXGL Background Thread 3 ] DEBUG Engine               - soundNotification: core/notification.wav
12:58:12.978 [FXGL Background Thread 3 ] DEBUG Engine               - stageStyle: DECORATED
12:58:12.978 [FXGL Background Thread 3 ] DEBUG Engine               - supportedLanguages: [ENGLISH, FRENCH, GERMAN, HUNGARIAN, RUSSIAN]
12:58:12.978 [FXGL Background Thread 3 ] DEBUG Engine               - ticksPerSecond: -1
12:58:12.978 [FXGL Background Thread 3 ] DEBUG Engine               - title: Untitled
12:58:12.978 [FXGL Background Thread 3 ] DEBUG Engine               - urlGithub: https://github.com/AlmasB/FXGL
12:58:12.979 [FXGL Background Thread 3 ] DEBUG Engine               - urlLeaderboard: http://fxgl-top.herokuapp.com/
12:58:12.979 [FXGL Background Thread 3 ] DEBUG Engine               - urlPOM: https://raw.githubusercontent.com/AlmasB/FXGL/release/README.md
12:58:12.979 [FXGL Background Thread 3 ] DEBUG Engine               - userAppClass: class edu.vanier.animals_revenge.MainApp
12:58:12.979 [FXGL Background Thread 3 ] DEBUG Engine               - version: 0.0
12:58:12.979 [FXGL Background Thread 3 ] DEBUG Engine               - versionCheckDays: 7
12:58:12.979 [FXGL Background Thread 3 ] DEBUG Engine               - width: 1480
12:58:12.979 [FXGL Background Thread 3 ] DEBUG Engine               - Logging services
12:58:12.979 [FXGL Background Thread 3 ] DEBUG Engine               - class com.almasb.fxgl.app.services.FXGLAssetLoaderService
12:58:12.979 [FXGL Background Thread 3 ] DEBUG Engine               - class com.almasb.fxgl.app.FXGLApplication$GameApplicationService
12:58:12.979 [FXGL Background Thread 3 ] DEBUG Engine               - class com.almasb.fxgl.app.services.FXGLDialogService
12:58:12.979 [FXGL Background Thread 3 ] DEBUG Engine               - class com.almasb.fxgl.app.services.IOTaskExecutorService
12:58:12.979 [FXGL Background Thread 3 ] DEBUG Engine               - class com.almasb.fxgl.io.FileSystemService
12:58:12.979 [FXGL Background Thread 3 ] DEBUG Engine               - class com.almasb.fxgl.localization.LocalizationService
12:58:12.979 [FXGL Background Thread 3 ] DEBUG Engine               - class com.almasb.fxgl.app.services.SystemBundleService
12:58:12.979 [FXGL Background Thread 3 ] DEBUG Engine               - class com.almasb.fxgl.profile.SaveLoadService
12:58:12.979 [FXGL Background Thread 3 ] DEBUG Engine               - class com.almasb.fxgl.ui.FXGLUIFactoryServiceProvider
12:58:12.979 [FXGL Background Thread 3 ] DEBUG Engine               - class com.almasb.fxgl.ui.FXGLDialogFactoryServiceProvider
12:58:12.979 [FXGL Background Thread 3 ] DEBUG Engine               - class com.almasb.fxgl.audio.AudioPlayer
12:58:12.979 [FXGL Background Thread 3 ] DEBUG Engine               - class com.almasb.fxgl.notification.impl.NotificationServiceProvider
12:58:12.979 [FXGL Background Thread 3 ] DEBUG Engine               - class com.almasb.fxgl.achievement.AchievementService
12:58:12.980 [FXGL Background Thread 3 ] DEBUG Engine               - class com.almasb.fxgl.cutscene.CutsceneService
12:58:12.980 [FXGL Background Thread 3 ] DEBUG Engine               - class com.almasb.fxgl.minigames.MiniGameService
12:58:12.980 [FXGL Background Thread 3 ] DEBUG Engine               - class com.almasb.fxgl.net.NetService
12:58:12.980 [FXGL Background Thread 3 ] DEBUG Engine               - class com.almasb.fxgl.app.services.UpdaterService
12:58:12.980 [FXGL Background Thread 3 ] DEBUG Engine               - class com.almasb.fxgl.dev.DevService
12:58:14.110 [JavaFX Application Thread] DEBUG FXGLAssetLoaderServi - Loading from file system: file:/C:/Users/macke/OneDrive/Documents/School/Semester%203/Programming%20in%20a%20Graphical%20User%20Interface/Homework/animals-revenge/build/resources/main/assets/ui/Simulator.fxml
12:58:14.343 [JavaFX Application Thread] DEBUG FXGLAssetLoaderServi - Loading from file system: file:/C:/Users/macke/OneDrive/Documents/School/Semester%203/Programming%20in%20a%20Graphical%20User%20Interface/Homework/animals-revenge/build/resources/main/assets/textures/cannon.png
12:58:14.349 [JavaFX Application Thread] DEBUG FXGLAssetLoaderServi - Loading from file system: file:/C:/Users/macke/OneDrive/Documents/School/Semester%203/Programming%20in%20a%20Graphical%20User%20Interface/Homework/animals-revenge/build/resources/main/assets/textures/brick32x32.png
12:58:32.926 [JavaFX Application Thread] DEBUG FXGLApplication      - Exiting FXGL
12:58:32.926 [JavaFX Application Thread] DEBUG LoopRunner           - Stopping loop
12:58:32.926 [JavaFX Application Thread] DEBUG SystemBundleService  - Saving FXGL system data
12:58:32.929 [JavaFX Application Thread] DEBUG FileSystemAccess     - Writing to: C:\Users\macke\OneDrive\Documents\School\Semester 3\Programming in a Graphical User Interface\Homework\animals-revenge\system\fxgl.bundle
12:58:32.932 [JavaFX Application Thread] DEBUG Async                - Shutting down background threads
12:58:32.933 [JavaFX Application Thread] DEBUG PrimaryStageWindow   - Closing main window
12:58:33.002 [JavaFX Application Thread] DEBUG Logger               - Closing Logger
