14:18:55.949 [main                     ] DEBUG Logger               - Configured Logger
14:18:55.963 [main                     ] DEBUG GameApplication      - Logging settings
Title: Untitled
Version: 0.0
Width: 1480
Height: 820
Fullscreen: false
Intro: false
Profiling: false
Single step:false
App Mode: DEVELOPER
Menu Key: ESCAPE
Stage Style: DECORATED
Scene Factory: class com.almasb.fxgl.app.scene.SceneFactory

14:18:56.222 [JavaFX Application Thread] DEBUG FXGLApplication      - Initializing FXGL
14:18:56.228 [JavaFX Application Thread] INFO  Engine               - FXGL-17.2 (20.08.2022 16.50) on WINDOWS (J:18.0.1.1 FX:20.0.2)
14:18:56.229 [JavaFX Application Thread] DEBUG Engine               - JRE Vendor Name: Oracle Corporation
14:18:56.229 [JavaFX Application Thread] DEBUG Engine               - Running on OS: Windows 10 version 10.0
14:18:56.229 [JavaFX Application Thread] DEBUG Engine               - Architecture: amd64
14:18:56.229 [JavaFX Application Thread] INFO  Engine               - Source code and latest versions at: https://github.com/AlmasB/FXGL
14:18:56.229 [JavaFX Application Thread] INFO  Engine               -       Ask questions and discuss at: https://github.com/AlmasB/FXGL/discussions
14:18:56.229 [JavaFX Application Thread] INFO  Engine               -              Join the FXGL chat at: https://gitter.im/AlmasB/FXGL
14:18:56.301 [JavaFX Application Thread] DEBUG PrimaryStageWindow   - Creating a JavaFX scene
14:18:56.340 [JavaFX Application Thread] DEBUG PrimaryStageWindow   - Target settings size: 1480.0 x 820.0
14:18:56.340 [JavaFX Application Thread] DEBUG PrimaryStageWindow   - Scaled scene size:    1480.0 x 820.0
14:18:56.340 [JavaFX Application Thread] DEBUG PrimaryStageWindow   - Scaled ratio: (1.0, 1.0)
14:18:56.341 [JavaFX Application Thread] DEBUG PrimaryStageWindow   - Set initial scene to FXGLStartupScene
14:18:56.346 [JavaFX Application Thread] DEBUG PrimaryStageWindow   - Opening main window
14:18:56.415 [JavaFX Application Thread] DEBUG PrimaryStageWindow   - Window border size: (16.0, 39.0)
14:18:56.416 [JavaFX Application Thread] DEBUG PrimaryStageWindow   - Scaled size: 1480.0 x 820.0
14:18:56.416 [JavaFX Application Thread] DEBUG PrimaryStageWindow   - Scaled ratio: (1.0, 1.0)
14:18:56.416 [JavaFX Application Thread] DEBUG PrimaryStageWindow   - Scene size: 1480.0 x 820.0
14:18:56.416 [JavaFX Application Thread] DEBUG PrimaryStageWindow   - Stage size: 1496.0 x 859.0
14:18:56.421 [FXGL Background Thread 1 ] DEBUG Engine               - Initializing environment variables
14:18:56.456 [FXGL Background Thread 1 ] DEBUG FXGLAssetLoaderServi - User app class for loading assets: class edu.vanier.animals_revenge.MainApp
14:18:56.456 [FXGL Background Thread 1 ] DEBUG GameApplicationServi - Applying CSS: fxgl_dark.css
14:18:56.457 [FXGL Background Thread 1 ] DEBUG FXGLAssetLoaderServi - Loading from file system: jar:file:/C:/Users/2268182/.gradle/caches/modules-2/files-2.1/com.github.almasb/fxgl/17.2/35db6ae960eec2dcfd19262d3b7f9c42f0e95bc3/fxgl-17.2.jar!/fxglassets/ui/css/fxgl_dark.css
14:18:56.489 [FXGL Background Thread 1 ] DEBUG GameApplicationServi - Initializing application scenes
14:18:56.519 [FXGL Background Thread 1 ] DEBUG GameWorld            - Game world initialized
14:18:56.577 [FXGL Background Thread 1 ] DEBUG PhysicsWorld         - Physics world initialized: appHeight=820, physics.ppm=50.0
14:18:56.577 [FXGL Background Thread 1 ] DEBUG PhysicsWorld         - Using strategy: BRUTE_FORCE
14:18:56.581 [FXGL Background Thread 1 ] DEBUG GameScene            - Game scene initialized: 1480x820
14:18:56.581 [FXGL Background Thread 1 ] DEBUG GameApplicationServi - Application scenes initialized
14:18:56.593 [FXGL Background Thread 1 ] DEBUG SystemBundleService  - Loading FXGL system data
14:18:56.598 [FXGL Background Thread 1 ] DEBUG FileSystemAccess     - Reading from: C:\Users\2268182\Documents\GitHub\animals-revenge\system\fxgl.bundle
14:18:56.606 [FXGL Background Thread 1 ] DEBUG SystemBundleService  - Bundle FXGL: {}
14:18:56.606 [FXGL Background Thread 1 ] DEBUG UpdaterService       - Checking for updates
14:18:56.615 [FXGL Background Thread 4 ] DEBUG FXGLApplication      - Loading fonts
14:18:56.616 [FXGL Background Thread 4 ] DEBUG FXGLAssetLoaderServi - Loading from file system: jar:file:/C:/Users/2268182/.gradle/caches/modules-2/files-2.1/com.github.almasb/fxgl/17.2/35db6ae960eec2dcfd19262d3b7f9c42f0e95bc3/fxgl-17.2.jar!/fxglassets/ui/fonts/VarelaRound-Regular.ttf
14:18:56.616 [FXGL Background Thread 1 ] DEBUG FXGLApplication      - Loading default localization
14:18:56.617 [FXGL Background Thread 1 ] DEBUG FXGLAssetLoaderServi - Loading from file system: jar:file:/C:/Users/2268182/.gradle/caches/modules-2/files-2.1/com.github.almasb/fxgl/17.2/35db6ae960eec2dcfd19262d3b7f9c42f0e95bc3/fxgl-17.2.jar!/fxglassets/languages/english.lang
14:18:56.645 [FXGL Background Thread 1 ] INFO  FXGLApplication      - FXGL initialization took: 0.224 sec
14:18:56.654 [JavaFX Application Thread] DEBUG Input                - Registered new binding: Launch - RMB
14:18:56.654 [JavaFX Application Thread] DEBUG Input                - Registered new binding: Create - LMB
14:18:56.654 [JavaFX Application Thread] DEBUG Input                - Registered new binding: Drag - CTRL+LMB
14:18:56.655 [JavaFX Application Thread] DEBUG FXGLAssetLoaderServi - Loading from file system: jar:file:/C:/Users/2268182/.gradle/caches/modules-2/files-2.1/com.github.almasb/fxgl/17.2/35db6ae960eec2dcfd19262d3b7f9c42f0e95bc3/fxgl-17.2.jar!/fxglassets/textures/fxgl_icon.png
14:18:56.679 [FXGL Background Thread 4 ] DEBUG FXGLAssetLoaderServi - Loading from file system: jar:file:/C:/Users/2268182/.gradle/caches/modules-2/files-2.1/com.github.almasb/fxgl/17.2/35db6ae960eec2dcfd19262d3b7f9c42f0e95bc3/fxgl-17.2.jar!/fxglassets/ui/fonts/Abel-Regular.ttf
14:18:56.682 [FXGL Background Thread 4 ] DEBUG FXGLAssetLoaderServi - Loading from file system: jar:file:/C:/Users/2268182/.gradle/caches/modules-2/files-2.1/com.github.almasb/fxgl/17.2/35db6ae960eec2dcfd19262d3b7f9c42f0e95bc3/fxgl-17.2.jar!/fxglassets/ui/fonts/TerminalLandMono-Regular.otf
14:18:56.684 [FXGL Background Thread 4 ] DEBUG FXGLAssetLoaderServi - Loading from file system: jar:file:/C:/Users/2268182/.gradle/caches/modules-2/files-2.1/com.github.almasb/fxgl/17.2/35db6ae960eec2dcfd19262d3b7f9c42f0e95bc3/fxgl-17.2.jar!/fxglassets/ui/fonts/Courier-Prime.ttf
14:18:56.693 [JavaFX Application Thread] DEBUG FXGLAssetLoaderServi - Loading from file system: jar:file:/C:/Users/2268182/.gradle/caches/modules-2/files-2.1/com.github.almasb/fxgl/17.2/35db6ae960eec2dcfd19262d3b7f9c42f0e95bc3/fxgl-17.2.jar!/fxglassets/textures/fxgl_default_cursor.png
14:18:56.703 [JavaFX Application Thread] DEBUG Input                - Registered new binding: Screenshot - CTRL+8
14:18:56.703 [JavaFX Application Thread] DEBUG Input                - Registered new binding: System info dump - CTRL+9
14:18:56.704 [JavaFX Application Thread] DEBUG Input                - Registered new binding: Restart - CTRL+R
14:18:56.705 [JavaFX Application Thread] DEBUG Input                - Registered new binding: Toggle Debug Camera - CTRL+7
14:18:56.707 [JavaFX Application Thread] DEBUG LoopRunner           - Starting loop
14:18:56.707 [JavaFX Application Thread] DEBUG LoopRunner           - Initializing JavaFX AnimationTimerLoop
14:18:56.709 [JavaFX Application Thread] DEBUG GameApplicationServi - Starting new game
14:18:56.709 [JavaFX Application Thread] DEBUG Input                - Clearing active input actions
14:18:56.719 [JavaFX Application Thread] DEBUG GameApplicationServi - Removing overlay from FXGLStartupScene and adding to FXGLLoadingScene
14:18:56.719 [JavaFX Application Thread] DEBUG PrimaryStageWindow   - FXGLStartupScene -> FXGLLoadingScene
14:18:56.719 [JavaFX Application Thread] DEBUG GameApplicationServi - Clearing previous game
14:18:56.719 [JavaFX Application Thread] DEBUG GameScene            - Clearing game scene
14:18:56.719 [JavaFX Application Thread] DEBUG GameWorld            - Clearing game world
14:18:56.719 [JavaFX Application Thread] DEBUG PhysicsWorld         - Clearing physics world
14:18:56.724 [JavaFX Application Thread] DEBUG FXGLApplication      - Registering font factories with UI factory
14:18:56.724 [FXGL Background Thread 4 ] DEBUG FXGLApplication      - Initializing game
14:18:56.766 [FXGL Background Thread 4 ] DEBUG FXGLAssetLoaderServi - Loading from file system: file:/C:/Users/2268182/Documents/GitHub/animals-revenge/build/resources/main/assets/ui/Home.fxml
14:18:56.938 [FXGL Background Thread 2 ] INFO  UpdaterService       - Your current version:  17.2
14:18:56.938 [FXGL Background Thread 2 ] INFO  UpdaterService       - Latest stable version: 17.3
14:18:57.109 [FXGL Background Thread 4 ] INFO  FXGLApplication      - Game initialization took: 0.385 sec
14:18:57.111 [JavaFX Application Thread] DEBUG Input                - Clearing active input actions
14:18:57.120 [JavaFX Application Thread] DEBUG GameApplicationServi - Removing overlay from FXGLLoadingScene and adding to GameScene
14:18:57.121 [JavaFX Application Thread] DEBUG PrimaryStageWindow   - FXGLLoadingScene -> GameScene
14:18:58.012 [JavaFX Application Thread] DEBUG FXGLAssetLoaderServi - Loading from file system: file:/C:/Users/2268182/Documents/GitHub/animals-revenge/build/resources/main/assets/ui/Simulator.fxml
14:18:58.075 [JavaFX Application Thread] DEBUG FXGLAssetLoaderServi - Loading from file system: file:/C:/Users/2268182/Documents/GitHub/animals-revenge/build/resources/main/assets/textures/cannon.png
14:18:58.077 [JavaFX Application Thread] DEBUG FXGLAssetLoaderServi - Loading from file system: file:/C:/Users/2268182/Documents/GitHub/animals-revenge/build/resources/main/assets/textures/brick32x32.png
14:18:59.614 [FXGL Background Thread 3 ] DEBUG Engine               - Logging environment variables
14:18:59.614 [FXGL Background Thread 3 ] DEBUG Engine               - achievements: []
14:18:59.614 [FXGL Background Thread 3 ] DEBUG Engine               - actualHeight: 820.0
14:18:59.614 [FXGL Background Thread 3 ] DEBUG Engine               - actualHeightProperty: ReadOnlyDoubleProperty [value: 820.0]
14:18:59.614 [FXGL Background Thread 3 ] DEBUG Engine               - actualWidth: 1480.0
14:18:59.614 [FXGL Background Thread 3 ] DEBUG Engine               - actualWidthProperty: ReadOnlyDoubleProperty [value: 1480.0]
14:18:59.615 [FXGL Background Thread 3 ] DEBUG Engine               - appIcon: fxgl_icon.png
14:18:59.615 [FXGL Background Thread 3 ] DEBUG Engine               - applicationMode: DEVELOPER
14:18:59.615 [FXGL Background Thread 3 ] DEBUG Engine               - cSSList: [fxgl_dark.css]
14:18:59.615 [FXGL Background Thread 3 ] DEBUG Engine               - collisionDetectionStrategy: BRUTE_FORCE
14:18:59.615 [FXGL Background Thread 3 ] DEBUG Engine               - configClass: Optional.empty
14:18:59.615 [FXGL Background Thread 3 ] DEBUG Engine               - credits: []
14:18:59.616 [FXGL Background Thread 3 ] DEBUG Engine               - defaultCursor: CursorInfo(imageName=fxgl_default_cursor.png, hotspotX=7.0, hotspotY=6.0)
14:18:59.616 [FXGL Background Thread 3 ] DEBUG Engine               - devBBoxColorProperty: ObjectProperty [value: 0xff0000ff]
14:18:59.616 [FXGL Background Thread 3 ] DEBUG Engine               - devEnableDebugCameraProperty: BooleanProperty [value: false]
14:18:59.616 [FXGL Background Thread 3 ] DEBUG Engine               - devSensorColorProperty: ObjectProperty [value: 0xffff00ff]
14:18:59.616 [FXGL Background Thread 3 ] DEBUG Engine               - devShowBBoxProperty: BooleanProperty [value: false]
14:18:59.616 [FXGL Background Thread 3 ] DEBUG Engine               - devShowPositionProperty: BooleanProperty [value: false]
14:18:59.616 [FXGL Background Thread 3 ] DEBUG Engine               - enabledMenuItems: []
14:18:59.616 [FXGL Background Thread 3 ] DEBUG Engine               - engineServices: [class com.almasb.fxgl.app.services.FXGLAssetLoaderService, class com.almasb.fxgl.app.FXGLApplication$GameApplicationService, class com.almasb.fxgl.app.services.FXGLDialogService, class com.almasb.fxgl.app.services.IOTaskExecutorService, class com.almasb.fxgl.io.FileSystemService, class com.almasb.fxgl.localization.LocalizationService, class com.almasb.fxgl.app.services.SystemBundleService, class com.almasb.fxgl.profile.SaveLoadService, class com.almasb.fxgl.ui.FXGLUIFactoryServiceProvider, class com.almasb.fxgl.ui.FXGLDialogFactoryServiceProvider, class com.almasb.fxgl.audio.AudioPlayer, class com.almasb.fxgl.notification.impl.NotificationServiceProvider, class com.almasb.fxgl.achievement.AchievementService, class com.almasb.fxgl.cutscene.CutsceneService, class com.almasb.fxgl.minigames.MiniGameService, class com.almasb.fxgl.net.NetService, class com.almasb.fxgl.app.services.UpdaterService, class com.almasb.fxgl.dev.DevService]
14:18:59.617 [FXGL Background Thread 3 ] DEBUG Engine               - fontGame: Abel-Regular.ttf
14:18:59.617 [FXGL Background Thread 3 ] DEBUG Engine               - fontMono: TerminalLandMono-Regular.otf
14:18:59.617 [FXGL Background Thread 3 ] DEBUG Engine               - fontText: Courier-Prime.ttf
14:18:59.617 [FXGL Background Thread 3 ] DEBUG Engine               - fontUI: VarelaRound-Regular.ttf
14:18:59.617 [FXGL Background Thread 3 ] DEBUG Engine               - fullScreen: BooleanProperty [value: false]
14:18:59.617 [FXGL Background Thread 3 ] DEBUG Engine               - gameDifficulty: MEDIUM
14:18:59.617 [FXGL Background Thread 3 ] DEBUG Engine               - gameDifficultyProperty: ObjectProperty [value: MEDIUM]
14:18:59.617 [FXGL Background Thread 3 ] DEBUG Engine               - globalMusicVolume: 0.5
14:18:59.617 [FXGL Background Thread 3 ] DEBUG Engine               - globalMusicVolumeProperty: DoubleProperty [value: 0.5]
14:18:59.617 [FXGL Background Thread 3 ] DEBUG Engine               - globalSoundVolume: 0.5
14:18:59.617 [FXGL Background Thread 3 ] DEBUG Engine               - globalSoundVolumeProperty: DoubleProperty [value: 0.5]
14:18:59.617 [FXGL Background Thread 3 ] DEBUG Engine               - height: 820
14:18:59.617 [FXGL Background Thread 3 ] DEBUG Engine               - is3D: false
14:18:59.617 [FXGL Background Thread 3 ] DEBUG Engine               - isAndroid: false
14:18:59.618 [FXGL Background Thread 3 ] DEBUG Engine               - isBrowser: false
14:18:59.618 [FXGL Background Thread 3 ] DEBUG Engine               - isClickFeedbackEnabled: false
14:18:59.618 [FXGL Background Thread 3 ] DEBUG Engine               - isCloseConfirmation: false
14:18:59.618 [FXGL Background Thread 3 ] DEBUG Engine               - isDesktop: true
14:18:59.618 [FXGL Background Thread 3 ] DEBUG Engine               - isDeveloperMenuEnabled: false
14:18:59.618 [FXGL Background Thread 3 ] DEBUG Engine               - isEmbedded: false
14:18:59.618 [FXGL Background Thread 3 ] DEBUG Engine               - isEntityPreloadEnabled: true
14:18:59.618 [FXGL Background Thread 3 ] DEBUG Engine               - isExperimentalTiledLargeMap: false
14:18:59.618 [FXGL Background Thread 3 ] DEBUG Engine               - isFileSystemWriteAllowed: true
14:18:59.618 [FXGL Background Thread 3 ] DEBUG Engine               - isFullScreenAllowed: false
14:18:59.618 [FXGL Background Thread 3 ] DEBUG Engine               - isFullScreenFromStart: false
14:18:59.618 [FXGL Background Thread 3 ] DEBUG Engine               - isGameMenuEnabled: false
14:18:59.618 [FXGL Background Thread 3 ] DEBUG Engine               - isIOS: false
14:18:59.618 [FXGL Background Thread 3 ] DEBUG Engine               - isIntroEnabled: false
14:18:59.618 [FXGL Background Thread 3 ] DEBUG Engine               - isLinux: false
14:18:59.618 [FXGL Background Thread 3 ] DEBUG Engine               - isMac: false
14:18:59.618 [FXGL Background Thread 3 ] DEBUG Engine               - isMainMenuEnabled: false
14:18:59.619 [FXGL Background Thread 3 ] DEBUG Engine               - isManualResizeEnabled: false
14:18:59.619 [FXGL Background Thread 3 ] DEBUG Engine               - isMobile: false
14:18:59.619 [FXGL Background Thread 3 ] DEBUG Engine               - isNative: false
14:18:59.619 [FXGL Background Thread 3 ] DEBUG Engine               - isPauseMusicWhenMinimized: true
14:18:59.619 [FXGL Background Thread 3 ] DEBUG Engine               - isPreserveResizeRatio: false
14:18:59.619 [FXGL Background Thread 3 ] DEBUG Engine               - isProfilingEnabled: false
14:18:59.619 [FXGL Background Thread 3 ] DEBUG Engine               - isScaleAffectedOnResize: true
14:18:59.619 [FXGL Background Thread 3 ] DEBUG Engine               - isSingleStep: false
14:18:59.619 [FXGL Background Thread 3 ] DEBUG Engine               - isUserProfileEnabled: false
14:18:59.619 [FXGL Background Thread 3 ] DEBUG Engine               - isWindows: true
14:18:59.619 [FXGL Background Thread 3 ] DEBUG Engine               - language: ObjectProperty [value: ENGLISH]
14:18:59.619 [FXGL Background Thread 3 ] DEBUG Engine               - menuKey: ESCAPE
14:18:59.619 [FXGL Background Thread 3 ] DEBUG Engine               - mouseSensitivity: 0.2
14:18:59.619 [FXGL Background Thread 3 ] DEBUG Engine               - notificationViewClass: class com.almasb.fxgl.notification.view.XboxNotificationView
14:18:59.619 [FXGL Background Thread 3 ] DEBUG Engine               - pixelsPerMeter: 50.0
14:18:59.619 [FXGL Background Thread 3 ] DEBUG Engine               - platform: WINDOWS
14:18:59.619 [FXGL Background Thread 3 ] DEBUG Engine               - prefHeightProperty: ReadOnlyDoubleProperty [value: 820.0]
14:18:59.620 [FXGL Background Thread 3 ] DEBUG Engine               - prefWidthProperty: ReadOnlyDoubleProperty [value: 1480.0]
14:18:59.620 [FXGL Background Thread 3 ] DEBUG Engine               - profileDir: profiles/
14:18:59.620 [FXGL Background Thread 3 ] DEBUG Engine               - profileName: StringProperty [value: DEFAULT]
14:18:59.620 [FXGL Background Thread 3 ] DEBUG Engine               - randomSeed: -1
14:18:59.620 [FXGL Background Thread 3 ] DEBUG Engine               - runtimeInfo: RuntimeInfo(platform=WINDOWS, version=17.2, build=20.08.2022 16.50)
14:18:59.620 [FXGL Background Thread 3 ] DEBUG Engine               - saveFileExt: sav
14:18:59.620 [FXGL Background Thread 3 ] DEBUG Engine               - scaledHeightProp$fxgl: DoubleProperty [bound, value: 820.0]
14:18:59.620 [FXGL Background Thread 3 ] DEBUG Engine               - scaledWidthProp$fxgl: DoubleProperty [bound, value: 1480.0]
14:18:59.620 [FXGL Background Thread 3 ] DEBUG Engine               - sceneFactory: com.almasb.fxgl.app.scene.SceneFactory@f394089
14:18:59.620 [FXGL Background Thread 3 ] DEBUG Engine               - secondsIn24h: 60
14:18:59.620 [FXGL Background Thread 3 ] DEBUG Engine               - soundMenuBack: menu/back.wav
14:18:59.620 [FXGL Background Thread 3 ] DEBUG Engine               - soundMenuPress: menu/press.wav
14:18:59.620 [FXGL Background Thread 3 ] DEBUG Engine               - soundMenuSelect: menu/select.wav
14:18:59.620 [FXGL Background Thread 3 ] DEBUG Engine               - soundNotification: core/notification.wav
14:18:59.620 [FXGL Background Thread 3 ] DEBUG Engine               - stageStyle: DECORATED
14:18:59.621 [FXGL Background Thread 3 ] DEBUG Engine               - supportedLanguages: [ENGLISH, FRENCH, GERMAN, HUNGARIAN, RUSSIAN]
14:18:59.621 [FXGL Background Thread 3 ] DEBUG Engine               - ticksPerSecond: -1
14:18:59.621 [FXGL Background Thread 3 ] DEBUG Engine               - title: Untitled
14:18:59.621 [FXGL Background Thread 3 ] DEBUG Engine               - urlGithub: https://github.com/AlmasB/FXGL
14:18:59.621 [FXGL Background Thread 3 ] DEBUG Engine               - urlLeaderboard: http://fxgl-top.herokuapp.com/
14:18:59.621 [FXGL Background Thread 3 ] DEBUG Engine               - urlPOM: https://raw.githubusercontent.com/AlmasB/FXGL/release/README.md
14:18:59.621 [FXGL Background Thread 3 ] DEBUG Engine               - userAppClass: class edu.vanier.animals_revenge.MainApp
14:18:59.621 [FXGL Background Thread 3 ] DEBUG Engine               - version: 0.0
14:18:59.621 [FXGL Background Thread 3 ] DEBUG Engine               - versionCheckDays: 7
14:18:59.621 [FXGL Background Thread 3 ] DEBUG Engine               - width: 1480
14:18:59.621 [FXGL Background Thread 3 ] DEBUG Engine               - Logging services
14:18:59.621 [FXGL Background Thread 3 ] DEBUG Engine               - class com.almasb.fxgl.app.services.FXGLAssetLoaderService
14:18:59.621 [FXGL Background Thread 3 ] DEBUG Engine               - class com.almasb.fxgl.app.FXGLApplication$GameApplicationService
14:18:59.621 [FXGL Background Thread 3 ] DEBUG Engine               - class com.almasb.fxgl.app.services.FXGLDialogService
14:18:59.621 [FXGL Background Thread 3 ] DEBUG Engine               - class com.almasb.fxgl.app.services.IOTaskExecutorService
14:18:59.621 [FXGL Background Thread 3 ] DEBUG Engine               - class com.almasb.fxgl.io.FileSystemService
14:18:59.621 [FXGL Background Thread 3 ] DEBUG Engine               - class com.almasb.fxgl.localization.LocalizationService
14:18:59.621 [FXGL Background Thread 3 ] DEBUG Engine               - class com.almasb.fxgl.app.services.SystemBundleService
14:18:59.621 [FXGL Background Thread 3 ] DEBUG Engine               - class com.almasb.fxgl.profile.SaveLoadService
14:18:59.621 [FXGL Background Thread 3 ] DEBUG Engine               - class com.almasb.fxgl.ui.FXGLUIFactoryServiceProvider
14:18:59.621 [FXGL Background Thread 3 ] DEBUG Engine               - class com.almasb.fxgl.ui.FXGLDialogFactoryServiceProvider
14:18:59.621 [FXGL Background Thread 3 ] DEBUG Engine               - class com.almasb.fxgl.audio.AudioPlayer
14:18:59.621 [FXGL Background Thread 3 ] DEBUG Engine               - class com.almasb.fxgl.notification.impl.NotificationServiceProvider
14:18:59.621 [FXGL Background Thread 3 ] DEBUG Engine               - class com.almasb.fxgl.achievement.AchievementService
14:18:59.622 [FXGL Background Thread 3 ] DEBUG Engine               - class com.almasb.fxgl.cutscene.CutsceneService
14:18:59.622 [FXGL Background Thread 3 ] DEBUG Engine               - class com.almasb.fxgl.minigames.MiniGameService
14:18:59.622 [FXGL Background Thread 3 ] DEBUG Engine               - class com.almasb.fxgl.net.NetService
14:18:59.622 [FXGL Background Thread 3 ] DEBUG Engine               - class com.almasb.fxgl.app.services.UpdaterService
14:18:59.622 [FXGL Background Thread 3 ] DEBUG Engine               - class com.almasb.fxgl.dev.DevService
14:18:59.875 [JavaFX Application Thread] DEBUG FXGLAssetLoaderServi - Loading from file system: file:/C:/Users/2268182/Documents/GitHub/animals-revenge/build/resources/main/assets/textures/soccer.png
14:20:06.989 [JavaFX Application Thread] DEBUG FXGLApplication      - Exiting FXGL
14:20:06.989 [JavaFX Application Thread] DEBUG LoopRunner           - Stopping loop
14:20:06.989 [JavaFX Application Thread] DEBUG SystemBundleService  - Saving FXGL system data
14:20:06.991 [JavaFX Application Thread] DEBUG FileSystemAccess     - Writing to: C:\Users\2268182\Documents\GitHub\animals-revenge\system\fxgl.bundle
14:20:06.992 [JavaFX Application Thread] DEBUG Async                - Shutting down background threads
14:20:06.993 [JavaFX Application Thread] DEBUG PrimaryStageWindow   - Closing main window
14:20:07.002 [JavaFX Application Thread] DEBUG Logger               - Closing Logger
