18:20:29.025 [main                     ] DEBUG Logger               - Configured Logger
18:20:29.033 [main                     ] DEBUG GameApplication      - Logging settings
Title: Untitled
Version: 0.0
Width: 1480
Height: 820
Fullscreen: false
Intro: false
Profiling: false
Single step:false
App Mode: DEVELOPER
Menu Key: ESCAPE
Stage Style: DECORATED
Scene Factory: class com.almasb.fxgl.app.scene.SceneFactory

18:20:29.321 [JavaFX Application Thread] DEBUG FXGLApplication      - Initializing FXGL
18:20:29.325 [JavaFX Application Thread] INFO  Engine               - FXGL-17.2 (20.08.2022 16.50) on WINDOWS (J:18.0.2.1 FX:20.0.2)
18:20:29.325 [JavaFX Application Thread] DEBUG Engine               - JRE Vendor Name: Oracle Corporation
18:20:29.325 [JavaFX Application Thread] DEBUG Engine               - Running on OS: Windows 11 version 10.0
18:20:29.326 [JavaFX Application Thread] DEBUG Engine               - Architecture: amd64
18:20:29.326 [JavaFX Application Thread] INFO  Engine               - Source code and latest versions at: https://github.com/AlmasB/FXGL
18:20:29.326 [JavaFX Application Thread] INFO  Engine               -       Ask questions and discuss at: https://github.com/AlmasB/FXGL/discussions
18:20:29.326 [JavaFX Application Thread] INFO  Engine               -              Join the FXGL chat at: https://gitter.im/AlmasB/FXGL
18:20:29.396 [JavaFX Application Thread] DEBUG PrimaryStageWindow   - Creating a JavaFX scene
18:20:29.444 [JavaFX Application Thread] DEBUG PrimaryStageWindow   - Target settings size: 1480.0 x 820.0
18:20:29.444 [JavaFX Application Thread] DEBUG PrimaryStageWindow   - Scaled scene size:    1480.0 x 820.0
18:20:29.444 [JavaFX Application Thread] DEBUG PrimaryStageWindow   - Scaled ratio: (1.0, 1.0)
18:20:29.445 [JavaFX Application Thread] DEBUG PrimaryStageWindow   - Set initial scene to FXGLStartupScene
18:20:29.447 [JavaFX Application Thread] DEBUG PrimaryStageWindow   - Opening main window
18:20:29.510 [JavaFX Application Thread] DEBUG PrimaryStageWindow   - Window border size: (16.0, 39.0)
18:20:29.510 [JavaFX Application Thread] DEBUG PrimaryStageWindow   - Scaled size: 1480.0 x 820.0
18:20:29.510 [JavaFX Application Thread] DEBUG PrimaryStageWindow   - Scaled ratio: (1.0, 1.0)
18:20:29.511 [JavaFX Application Thread] DEBUG PrimaryStageWindow   - Scene size: 1480.0 x 820.0
18:20:29.511 [JavaFX Application Thread] DEBUG PrimaryStageWindow   - Stage size: 1496.0 x 859.0
18:20:29.515 [FXGL Background Thread 1 ] DEBUG Engine               - Initializing environment variables
18:20:29.543 [FXGL Background Thread 1 ] DEBUG FXGLAssetLoaderServi - User app class for loading assets: class edu.vanier.animals_revenge.MainApp
18:20:29.543 [FXGL Background Thread 1 ] DEBUG GameApplicationServi - Applying CSS: fxgl_dark.css
18:20:29.543 [FXGL Background Thread 1 ] DEBUG FXGLAssetLoaderServi - Loading from file system: jar:file:/C:/Users/ethan/.gradle/caches/modules-2/files-2.1/com.github.almasb/fxgl/17.2/35db6ae960eec2dcfd19262d3b7f9c42f0e95bc3/fxgl-17.2.jar!/fxglassets/ui/css/fxgl_dark.css
18:20:29.568 [FXGL Background Thread 1 ] DEBUG GameApplicationServi - Initializing application scenes
18:20:29.587 [FXGL Background Thread 1 ] DEBUG GameWorld            - Game world initialized
18:20:29.630 [FXGL Background Thread 1 ] DEBUG PhysicsWorld         - Physics world initialized: appHeight=820, physics.ppm=50.0
18:20:29.630 [FXGL Background Thread 1 ] DEBUG PhysicsWorld         - Using strategy: BRUTE_FORCE
18:20:29.632 [FXGL Background Thread 1 ] DEBUG GameScene            - Game scene initialized: 1480x820
18:20:29.632 [FXGL Background Thread 1 ] DEBUG GameApplicationServi - Application scenes initialized
18:20:29.642 [FXGL Background Thread 1 ] DEBUG SystemBundleService  - Loading FXGL system data
18:20:29.648 [FXGL Background Thread 1 ] DEBUG FileSystemAccess     - Reading from: C:\Users\ethan\IdeaProjects\animals-revenge\system\fxgl.bundle
18:20:29.653 [FXGL Background Thread 1 ] DEBUG SystemBundleService  - Bundle FXGL: {}
18:20:29.653 [FXGL Background Thread 1 ] DEBUG UpdaterService       - Checking for updates
18:20:29.656 [FXGL Background Thread 4 ] DEBUG FXGLApplication      - Loading fonts
18:20:29.656 [FXGL Background Thread 1 ] DEBUG FXGLApplication      - Loading default localization
18:20:29.656 [FXGL Background Thread 4 ] DEBUG FXGLAssetLoaderServi - Loading from file system: jar:file:/C:/Users/ethan/.gradle/caches/modules-2/files-2.1/com.github.almasb/fxgl/17.2/35db6ae960eec2dcfd19262d3b7f9c42f0e95bc3/fxgl-17.2.jar!/fxglassets/ui/fonts/VarelaRound-Regular.ttf
18:20:29.657 [FXGL Background Thread 1 ] DEBUG FXGLAssetLoaderServi - Loading from file system: jar:file:/C:/Users/ethan/.gradle/caches/modules-2/files-2.1/com.github.almasb/fxgl/17.2/35db6ae960eec2dcfd19262d3b7f9c42f0e95bc3/fxgl-17.2.jar!/fxglassets/languages/english.lang
18:20:29.671 [FXGL Background Thread 1 ] INFO  FXGLApplication      - FXGL initialization took: 0.156 sec
18:20:29.674 [JavaFX Application Thread] DEBUG Input                - Registered new binding: Launch - RMB
18:20:29.674 [JavaFX Application Thread] DEBUG Input                - Registered new binding: Create - LMB
18:20:29.674 [JavaFX Application Thread] DEBUG Input                - Registered new binding: Drag - CTRL+LMB
18:20:29.675 [JavaFX Application Thread] DEBUG FXGLAssetLoaderServi - Loading from file system: jar:file:/C:/Users/ethan/.gradle/caches/modules-2/files-2.1/com.github.almasb/fxgl/17.2/35db6ae960eec2dcfd19262d3b7f9c42f0e95bc3/fxgl-17.2.jar!/fxglassets/textures/fxgl_icon.png
18:20:29.686 [FXGL Background Thread 4 ] DEBUG FXGLAssetLoaderServi - Loading from file system: jar:file:/C:/Users/ethan/.gradle/caches/modules-2/files-2.1/com.github.almasb/fxgl/17.2/35db6ae960eec2dcfd19262d3b7f9c42f0e95bc3/fxgl-17.2.jar!/fxglassets/ui/fonts/Abel-Regular.ttf
18:20:29.692 [FXGL Background Thread 4 ] DEBUG FXGLAssetLoaderServi - Loading from file system: jar:file:/C:/Users/ethan/.gradle/caches/modules-2/files-2.1/com.github.almasb/fxgl/17.2/35db6ae960eec2dcfd19262d3b7f9c42f0e95bc3/fxgl-17.2.jar!/fxglassets/ui/fonts/TerminalLandMono-Regular.otf
18:20:29.696 [FXGL Background Thread 4 ] DEBUG FXGLAssetLoaderServi - Loading from file system: jar:file:/C:/Users/ethan/.gradle/caches/modules-2/files-2.1/com.github.almasb/fxgl/17.2/35db6ae960eec2dcfd19262d3b7f9c42f0e95bc3/fxgl-17.2.jar!/fxglassets/ui/fonts/Courier-Prime.ttf
18:20:29.700 [JavaFX Application Thread] DEBUG FXGLAssetLoaderServi - Loading from file system: jar:file:/C:/Users/ethan/.gradle/caches/modules-2/files-2.1/com.github.almasb/fxgl/17.2/35db6ae960eec2dcfd19262d3b7f9c42f0e95bc3/fxgl-17.2.jar!/fxglassets/textures/fxgl_default_cursor.png
18:20:29.705 [JavaFX Application Thread] DEBUG Input                - Registered new binding: Screenshot - CTRL+8
18:20:29.706 [JavaFX Application Thread] DEBUG Input                - Registered new binding: System info dump - CTRL+9
18:20:29.706 [JavaFX Application Thread] DEBUG Input                - Registered new binding: Restart - CTRL+R
18:20:29.707 [JavaFX Application Thread] DEBUG Input                - Registered new binding: Toggle Debug Camera - CTRL+7
18:20:29.708 [JavaFX Application Thread] DEBUG LoopRunner           - Starting loop
18:20:29.708 [JavaFX Application Thread] DEBUG LoopRunner           - Initializing JavaFX AnimationTimerLoop
18:20:29.710 [JavaFX Application Thread] DEBUG GameApplicationServi - Starting new game
18:20:29.710 [JavaFX Application Thread] DEBUG Input                - Clearing active input actions
18:20:29.717 [JavaFX Application Thread] DEBUG GameApplicationServi - Removing overlay from FXGLStartupScene and adding to FXGLLoadingScene
18:20:29.717 [JavaFX Application Thread] DEBUG PrimaryStageWindow   - FXGLStartupScene -> FXGLLoadingScene
18:20:29.717 [JavaFX Application Thread] DEBUG GameApplicationServi - Clearing previous game
18:20:29.717 [JavaFX Application Thread] DEBUG GameScene            - Clearing game scene
18:20:29.717 [JavaFX Application Thread] DEBUG GameWorld            - Clearing game world
18:20:29.717 [JavaFX Application Thread] DEBUG PhysicsWorld         - Clearing physics world
18:20:29.719 [JavaFX Application Thread] DEBUG FXGLApplication      - Registering font factories with UI factory
18:20:29.719 [FXGL Background Thread 4 ] DEBUG FXGLApplication      - Initializing game
18:20:29.742 [FXGL Background Thread 4 ] DEBUG FXGLAssetLoaderServi - Loading from file system: file:/C:/Users/ethan/IdeaProjects/animals-revenge/build/resources/main/assets/ui/Home.fxml
18:20:30.006 [FXGL Background Thread 4 ] INFO  FXGLApplication      - Game initialization took: 0.287 sec
18:20:30.008 [JavaFX Application Thread] DEBUG Input                - Clearing active input actions
18:20:30.016 [JavaFX Application Thread] DEBUG GameApplicationServi - Removing overlay from FXGLLoadingScene and adding to GameScene
18:20:30.016 [JavaFX Application Thread] DEBUG PrimaryStageWindow   - FXGLLoadingScene -> GameScene
18:20:30.111 [FXGL Background Thread 2 ] INFO  UpdaterService       - Your current version:  17.2
18:20:30.111 [FXGL Background Thread 2 ] INFO  UpdaterService       - Latest stable version: 17.3
18:20:30.868 [JavaFX Application Thread] DEBUG FXGLAssetLoaderServi - Loading from file system: file:/C:/Users/ethan/IdeaProjects/animals-revenge/build/resources/main/assets/ui/Simulator.fxml
18:20:30.924 [JavaFX Application Thread] DEBUG FXGLAssetLoaderServi - Loading from file system: file:/C:/Users/ethan/IdeaProjects/animals-revenge/build/resources/main/assets/textures/cannon.png
18:20:32.657 [FXGL Background Thread 3 ] DEBUG Engine               - Logging environment variables
18:20:32.657 [FXGL Background Thread 3 ] DEBUG Engine               - achievements: []
18:20:32.658 [FXGL Background Thread 3 ] DEBUG Engine               - actualHeight: 820.0
18:20:32.658 [FXGL Background Thread 3 ] DEBUG Engine               - actualHeightProperty: ReadOnlyDoubleProperty [value: 820.0]
18:20:32.658 [FXGL Background Thread 3 ] DEBUG Engine               - actualWidth: 1480.0
18:20:32.658 [FXGL Background Thread 3 ] DEBUG Engine               - actualWidthProperty: ReadOnlyDoubleProperty [value: 1480.0]
18:20:32.658 [FXGL Background Thread 3 ] DEBUG Engine               - appIcon: fxgl_icon.png
18:20:32.658 [FXGL Background Thread 3 ] DEBUG Engine               - applicationMode: DEVELOPER
18:20:32.658 [FXGL Background Thread 3 ] DEBUG Engine               - cSSList: [fxgl_dark.css]
18:20:32.658 [FXGL Background Thread 3 ] DEBUG Engine               - collisionDetectionStrategy: BRUTE_FORCE
18:20:32.658 [FXGL Background Thread 3 ] DEBUG Engine               - configClass: Optional.empty
18:20:32.658 [FXGL Background Thread 3 ] DEBUG Engine               - credits: []
18:20:32.660 [FXGL Background Thread 3 ] DEBUG Engine               - defaultCursor: CursorInfo(imageName=fxgl_default_cursor.png, hotspotX=7.0, hotspotY=6.0)
18:20:32.660 [FXGL Background Thread 3 ] DEBUG Engine               - devBBoxColorProperty: ObjectProperty [value: 0xff0000ff]
18:20:32.660 [FXGL Background Thread 3 ] DEBUG Engine               - devEnableDebugCameraProperty: BooleanProperty [value: false]
18:20:32.660 [FXGL Background Thread 3 ] DEBUG Engine               - devSensorColorProperty: ObjectProperty [value: 0xffff00ff]
18:20:32.660 [FXGL Background Thread 3 ] DEBUG Engine               - devShowBBoxProperty: BooleanProperty [value: false]
18:20:32.660 [FXGL Background Thread 3 ] DEBUG Engine               - devShowPositionProperty: BooleanProperty [value: false]
18:20:32.660 [FXGL Background Thread 3 ] DEBUG Engine               - enabledMenuItems: []
18:20:32.660 [FXGL Background Thread 3 ] DEBUG Engine               - engineServices: [class com.almasb.fxgl.app.services.FXGLAssetLoaderService, class com.almasb.fxgl.app.FXGLApplication$GameApplicationService, class com.almasb.fxgl.app.services.FXGLDialogService, class com.almasb.fxgl.app.services.IOTaskExecutorService, class com.almasb.fxgl.io.FileSystemService, class com.almasb.fxgl.localization.LocalizationService, class com.almasb.fxgl.app.services.SystemBundleService, class com.almasb.fxgl.profile.SaveLoadService, class com.almasb.fxgl.ui.FXGLUIFactoryServiceProvider, class com.almasb.fxgl.ui.FXGLDialogFactoryServiceProvider, class com.almasb.fxgl.audio.AudioPlayer, class com.almasb.fxgl.notification.impl.NotificationServiceProvider, class com.almasb.fxgl.achievement.AchievementService, class com.almasb.fxgl.cutscene.CutsceneService, class com.almasb.fxgl.minigames.MiniGameService, class com.almasb.fxgl.net.NetService, class com.almasb.fxgl.app.services.UpdaterService, class com.almasb.fxgl.dev.DevService]
18:20:32.660 [FXGL Background Thread 3 ] DEBUG Engine               - fontGame: Abel-Regular.ttf
18:20:32.660 [FXGL Background Thread 3 ] DEBUG Engine               - fontMono: TerminalLandMono-Regular.otf
18:20:32.660 [FXGL Background Thread 3 ] DEBUG Engine               - fontText: Courier-Prime.ttf
18:20:32.660 [FXGL Background Thread 3 ] DEBUG Engine               - fontUI: VarelaRound-Regular.ttf
18:20:32.660 [FXGL Background Thread 3 ] DEBUG Engine               - fullScreen: BooleanProperty [value: false]
18:20:32.660 [FXGL Background Thread 3 ] DEBUG Engine               - gameDifficulty: MEDIUM
18:20:32.660 [FXGL Background Thread 3 ] DEBUG Engine               - gameDifficultyProperty: ObjectProperty [value: MEDIUM]
18:20:32.660 [FXGL Background Thread 3 ] DEBUG Engine               - globalMusicVolume: 0.5
18:20:32.660 [FXGL Background Thread 3 ] DEBUG Engine               - globalMusicVolumeProperty: DoubleProperty [value: 0.5]
18:20:32.660 [FXGL Background Thread 3 ] DEBUG Engine               - globalSoundVolume: 0.5
18:20:32.660 [FXGL Background Thread 3 ] DEBUG Engine               - globalSoundVolumeProperty: DoubleProperty [value: 0.5]
18:20:32.660 [FXGL Background Thread 3 ] DEBUG Engine               - height: 820
18:20:32.660 [FXGL Background Thread 3 ] DEBUG Engine               - is3D: false
18:20:32.660 [FXGL Background Thread 3 ] DEBUG Engine               - isAndroid: false
18:20:32.660 [FXGL Background Thread 3 ] DEBUG Engine               - isBrowser: false
18:20:32.661 [FXGL Background Thread 3 ] DEBUG Engine               - isClickFeedbackEnabled: false
18:20:32.661 [FXGL Background Thread 3 ] DEBUG Engine               - isCloseConfirmation: false
18:20:32.661 [FXGL Background Thread 3 ] DEBUG Engine               - isDesktop: true
18:20:32.661 [FXGL Background Thread 3 ] DEBUG Engine               - isDeveloperMenuEnabled: false
18:20:32.661 [FXGL Background Thread 3 ] DEBUG Engine               - isEmbedded: false
18:20:32.661 [FXGL Background Thread 3 ] DEBUG Engine               - isEntityPreloadEnabled: true
18:20:32.661 [FXGL Background Thread 3 ] DEBUG Engine               - isExperimentalTiledLargeMap: false
18:20:32.661 [FXGL Background Thread 3 ] DEBUG Engine               - isFileSystemWriteAllowed: true
18:20:32.661 [FXGL Background Thread 3 ] DEBUG Engine               - isFullScreenAllowed: false
18:20:32.661 [FXGL Background Thread 3 ] DEBUG Engine               - isFullScreenFromStart: false
18:20:32.661 [FXGL Background Thread 3 ] DEBUG Engine               - isGameMenuEnabled: false
18:20:32.661 [FXGL Background Thread 3 ] DEBUG Engine               - isIOS: false
18:20:32.661 [FXGL Background Thread 3 ] DEBUG Engine               - isIntroEnabled: false
18:20:32.661 [FXGL Background Thread 3 ] DEBUG Engine               - isLinux: false
18:20:32.661 [FXGL Background Thread 3 ] DEBUG Engine               - isMac: false
18:20:32.661 [FXGL Background Thread 3 ] DEBUG Engine               - isMainMenuEnabled: false
18:20:32.661 [FXGL Background Thread 3 ] DEBUG Engine               - isManualResizeEnabled: false
18:20:32.661 [FXGL Background Thread 3 ] DEBUG Engine               - isMobile: false
18:20:32.661 [FXGL Background Thread 3 ] DEBUG Engine               - isNative: false
18:20:32.661 [FXGL Background Thread 3 ] DEBUG Engine               - isPauseMusicWhenMinimized: true
18:20:32.661 [FXGL Background Thread 3 ] DEBUG Engine               - isPreserveResizeRatio: false
18:20:32.661 [FXGL Background Thread 3 ] DEBUG Engine               - isProfilingEnabled: false
18:20:32.661 [FXGL Background Thread 3 ] DEBUG Engine               - isScaleAffectedOnResize: true
18:20:32.661 [FXGL Background Thread 3 ] DEBUG Engine               - isSingleStep: false
18:20:32.661 [FXGL Background Thread 3 ] DEBUG Engine               - isUserProfileEnabled: false
18:20:32.661 [FXGL Background Thread 3 ] DEBUG Engine               - isWindows: true
18:20:32.661 [FXGL Background Thread 3 ] DEBUG Engine               - language: ObjectProperty [value: ENGLISH]
18:20:32.661 [FXGL Background Thread 3 ] DEBUG Engine               - menuKey: ESCAPE
18:20:32.661 [FXGL Background Thread 3 ] DEBUG Engine               - mouseSensitivity: 0.2
18:20:32.661 [FXGL Background Thread 3 ] DEBUG Engine               - notificationViewClass: class com.almasb.fxgl.notification.view.XboxNotificationView
18:20:32.661 [FXGL Background Thread 3 ] DEBUG Engine               - pixelsPerMeter: 50.0
18:20:32.661 [FXGL Background Thread 3 ] DEBUG Engine               - platform: WINDOWS
18:20:32.661 [FXGL Background Thread 3 ] DEBUG Engine               - prefHeightProperty: ReadOnlyDoubleProperty [value: 820.0]
18:20:32.661 [FXGL Background Thread 3 ] DEBUG Engine               - prefWidthProperty: ReadOnlyDoubleProperty [value: 1480.0]
18:20:32.661 [FXGL Background Thread 3 ] DEBUG Engine               - profileDir: profiles/
18:20:32.662 [FXGL Background Thread 3 ] DEBUG Engine               - profileName: StringProperty [value: DEFAULT]
18:20:32.662 [FXGL Background Thread 3 ] DEBUG Engine               - randomSeed: -1
18:20:32.662 [FXGL Background Thread 3 ] DEBUG Engine               - runtimeInfo: RuntimeInfo(platform=WINDOWS, version=17.2, build=20.08.2022 16.50)
18:20:32.662 [FXGL Background Thread 3 ] DEBUG Engine               - saveFileExt: sav
18:20:32.662 [FXGL Background Thread 3 ] DEBUG Engine               - scaledHeightProp$fxgl: DoubleProperty [bound, value: 820.0]
18:20:32.662 [FXGL Background Thread 3 ] DEBUG Engine               - scaledWidthProp$fxgl: DoubleProperty [bound, value: 1480.0]
18:20:32.662 [FXGL Background Thread 3 ] DEBUG Engine               - sceneFactory: com.almasb.fxgl.app.scene.SceneFactory@195e827
18:20:32.662 [FXGL Background Thread 3 ] DEBUG Engine               - secondsIn24h: 60
18:20:32.662 [FXGL Background Thread 3 ] DEBUG Engine               - soundMenuBack: menu/back.wav
18:20:32.662 [FXGL Background Thread 3 ] DEBUG Engine               - soundMenuPress: menu/press.wav
18:20:32.662 [FXGL Background Thread 3 ] DEBUG Engine               - soundMenuSelect: menu/select.wav
18:20:32.662 [FXGL Background Thread 3 ] DEBUG Engine               - soundNotification: core/notification.wav
18:20:32.662 [FXGL Background Thread 3 ] DEBUG Engine               - stageStyle: DECORATED
18:20:32.662 [FXGL Background Thread 3 ] DEBUG Engine               - supportedLanguages: [ENGLISH, FRENCH, GERMAN, HUNGARIAN, RUSSIAN]
18:20:32.662 [FXGL Background Thread 3 ] DEBUG Engine               - ticksPerSecond: -1
18:20:32.662 [FXGL Background Thread 3 ] DEBUG Engine               - title: Untitled
18:20:32.662 [FXGL Background Thread 3 ] DEBUG Engine               - urlGithub: https://github.com/AlmasB/FXGL
18:20:32.662 [FXGL Background Thread 3 ] DEBUG Engine               - urlLeaderboard: http://fxgl-top.herokuapp.com/
18:20:32.662 [FXGL Background Thread 3 ] DEBUG Engine               - urlPOM: https://raw.githubusercontent.com/AlmasB/FXGL/release/README.md
18:20:32.662 [FXGL Background Thread 3 ] DEBUG Engine               - userAppClass: class edu.vanier.animals_revenge.MainApp
18:20:32.662 [FXGL Background Thread 3 ] DEBUG Engine               - version: 0.0
18:20:32.662 [FXGL Background Thread 3 ] DEBUG Engine               - versionCheckDays: 7
18:20:32.662 [FXGL Background Thread 3 ] DEBUG Engine               - width: 1480
18:20:32.662 [FXGL Background Thread 3 ] DEBUG Engine               - Logging services
18:20:32.662 [FXGL Background Thread 3 ] DEBUG Engine               - class com.almasb.fxgl.app.services.FXGLAssetLoaderService
18:20:32.662 [FXGL Background Thread 3 ] DEBUG Engine               - class com.almasb.fxgl.app.FXGLApplication$GameApplicationService
18:20:32.662 [FXGL Background Thread 3 ] DEBUG Engine               - class com.almasb.fxgl.app.services.FXGLDialogService
18:20:32.662 [FXGL Background Thread 3 ] DEBUG Engine               - class com.almasb.fxgl.app.services.IOTaskExecutorService
18:20:32.662 [FXGL Background Thread 3 ] DEBUG Engine               - class com.almasb.fxgl.io.FileSystemService
18:20:32.662 [FXGL Background Thread 3 ] DEBUG Engine               - class com.almasb.fxgl.localization.LocalizationService
18:20:32.662 [FXGL Background Thread 3 ] DEBUG Engine               - class com.almasb.fxgl.app.services.SystemBundleService
18:20:32.662 [FXGL Background Thread 3 ] DEBUG Engine               - class com.almasb.fxgl.profile.SaveLoadService
18:20:32.662 [FXGL Background Thread 3 ] DEBUG Engine               - class com.almasb.fxgl.ui.FXGLUIFactoryServiceProvider
18:20:32.662 [FXGL Background Thread 3 ] DEBUG Engine               - class com.almasb.fxgl.ui.FXGLDialogFactoryServiceProvider
18:20:32.662 [FXGL Background Thread 3 ] DEBUG Engine               - class com.almasb.fxgl.audio.AudioPlayer
18:20:32.662 [FXGL Background Thread 3 ] DEBUG Engine               - class com.almasb.fxgl.notification.impl.NotificationServiceProvider
18:20:32.662 [FXGL Background Thread 3 ] DEBUG Engine               - class com.almasb.fxgl.achievement.AchievementService
18:20:32.662 [FXGL Background Thread 3 ] DEBUG Engine               - class com.almasb.fxgl.cutscene.CutsceneService
18:20:32.662 [FXGL Background Thread 3 ] DEBUG Engine               - class com.almasb.fxgl.minigames.MiniGameService
18:20:32.662 [FXGL Background Thread 3 ] DEBUG Engine               - class com.almasb.fxgl.net.NetService
18:20:32.663 [FXGL Background Thread 3 ] DEBUG Engine               - class com.almasb.fxgl.app.services.UpdaterService
18:20:32.663 [FXGL Background Thread 3 ] DEBUG Engine               - class com.almasb.fxgl.dev.DevService
18:20:34.770 [JavaFX Application Thread] DEBUG FXGLAssetLoaderServi - Loading from file system: file:/C:/Users/ethan/IdeaProjects/animals-revenge/build/resources/main/assets/textures/soccer.png
18:20:37.038 [JavaFX Application Thread] DEBUG FXGLAssetLoaderServi - Loading from file system: file:/C:/Users/ethan/IdeaProjects/animals-revenge/build/resources/main/assets/textures/brick16x16.png
18:20:39.126 [JavaFX Application Thread] DEBUG FXGLAssetLoaderServi - Loading from file system: file:/C:/Users/ethan/IdeaProjects/animals-revenge/build/resources/main/assets/textures/brick64x64.png
18:20:45.384 [JavaFX Application Thread] DEBUG FXGLAssetLoaderServi - Loading from file system: file:/C:/Users/ethan/IdeaProjects/animals-revenge/build/resources/main/assets/textures/brick256x256.png
18:21:41.467 [JavaFX Application Thread] DEBUG FXGLApplication      - Exiting FXGL
18:21:41.467 [JavaFX Application Thread] DEBUG LoopRunner           - Stopping loop
18:21:41.467 [JavaFX Application Thread] DEBUG SystemBundleService  - Saving FXGL system data
18:21:41.468 [JavaFX Application Thread] DEBUG FileSystemAccess     - Writing to: C:\Users\ethan\IdeaProjects\animals-revenge\system\fxgl.bundle
18:21:41.469 [JavaFX Application Thread] DEBUG Async                - Shutting down background threads
18:21:41.469 [JavaFX Application Thread] DEBUG PrimaryStageWindow   - Closing main window
18:21:41.476 [JavaFX Application Thread] DEBUG Logger               - Closing Logger
