22:15:59.408 [main                     ] DEBUG Logger               - Configured Logger
22:15:59.428 [main                     ] DEBUG GameApplication      - Logging settings
Title: Untitled
Version: 0.0
Width: 1480
Height: 820
Fullscreen: false
Intro: false
Profiling: false
Single step:false
App Mode: DEVELOPER
Menu Key: ESCAPE
Stage Style: DECORATED
Scene Factory: class com.almasb.fxgl.app.scene.SceneFactory

22:15:59.651 [JavaFX Application Thread] DEBUG FXGLApplication      - Initializing FXGL
22:15:59.656 [JavaFX Application Thread] INFO  Engine               - FXGL-17.2 (20.08.2022 16.50) on WINDOWS (J:18.0.2.1 FX:20.0.2)
22:15:59.656 [JavaFX Application Thread] DEBUG Engine               - JRE Vendor Name: Oracle Corporation
22:15:59.656 [JavaFX Application Thread] DEBUG Engine               - Running on OS: Windows 11 version 10.0
22:15:59.656 [JavaFX Application Thread] DEBUG Engine               - Architecture: amd64
22:15:59.656 [JavaFX Application Thread] INFO  Engine               - Source code and latest versions at: https://github.com/AlmasB/FXGL
22:15:59.656 [JavaFX Application Thread] INFO  Engine               -       Ask questions and discuss at: https://github.com/AlmasB/FXGL/discussions
22:15:59.656 [JavaFX Application Thread] INFO  Engine               -              Join the FXGL chat at: https://gitter.im/AlmasB/FXGL
22:15:59.719 [JavaFX Application Thread] DEBUG PrimaryStageWindow   - Creating a JavaFX scene
22:15:59.748 [JavaFX Application Thread] DEBUG PrimaryStageWindow   - Target settings size: 1480.0 x 820.0
22:15:59.748 [JavaFX Application Thread] DEBUG PrimaryStageWindow   - Scaled scene size:    1480.0 x 820.0
22:15:59.748 [JavaFX Application Thread] DEBUG PrimaryStageWindow   - Scaled ratio: (1.0, 1.0)
22:15:59.749 [JavaFX Application Thread] DEBUG PrimaryStageWindow   - Set initial scene to FXGLStartupScene
22:15:59.750 [JavaFX Application Thread] DEBUG PrimaryStageWindow   - Opening main window
22:15:59.806 [JavaFX Application Thread] DEBUG PrimaryStageWindow   - Window border size: (16.0, 39.0)
22:15:59.806 [JavaFX Application Thread] DEBUG PrimaryStageWindow   - Scaled size: 1480.0 x 820.0
22:15:59.806 [JavaFX Application Thread] DEBUG PrimaryStageWindow   - Scaled ratio: (1.0, 1.0)
22:15:59.806 [JavaFX Application Thread] DEBUG PrimaryStageWindow   - Scene size: 1480.0 x 820.0
22:15:59.806 [JavaFX Application Thread] DEBUG PrimaryStageWindow   - Stage size: 1496.0 x 859.0
22:15:59.810 [FXGL Background Thread 1 ] DEBUG Engine               - Initializing environment variables
22:15:59.848 [FXGL Background Thread 1 ] DEBUG FXGLAssetLoaderServi - User app class for loading assets: class edu.vanier.animals_revenge.MainApp
22:15:59.849 [FXGL Background Thread 1 ] DEBUG GameApplicationServi - Applying CSS: fxgl_dark.css
22:15:59.850 [FXGL Background Thread 1 ] DEBUG FXGLAssetLoaderServi - Loading from file system: jar:file:/C:/Users/ethan/.gradle/caches/modules-2/files-2.1/com.github.almasb/fxgl/17.2/35db6ae960eec2dcfd19262d3b7f9c42f0e95bc3/fxgl-17.2.jar!/fxglassets/ui/css/fxgl_dark.css
22:15:59.877 [FXGL Background Thread 1 ] DEBUG GameApplicationServi - Initializing application scenes
22:15:59.899 [FXGL Background Thread 1 ] DEBUG GameWorld            - Game world initialized
22:15:59.940 [FXGL Background Thread 1 ] DEBUG PhysicsWorld         - Physics world initialized: appHeight=820, physics.ppm=50.0
22:15:59.940 [FXGL Background Thread 1 ] DEBUG PhysicsWorld         - Using strategy: BRUTE_FORCE
22:15:59.943 [FXGL Background Thread 1 ] DEBUG GameScene            - Game scene initialized: 1480x820
22:15:59.943 [FXGL Background Thread 1 ] DEBUG GameApplicationServi - Application scenes initialized
22:15:59.956 [FXGL Background Thread 1 ] DEBUG SystemBundleService  - Loading FXGL system data
22:15:59.961 [FXGL Background Thread 1 ] DEBUG FileSystemAccess     - Reading from: C:\Users\ethan\IdeaProjects\animals-revenge\system\fxgl.bundle
22:15:59.967 [FXGL Background Thread 1 ] DEBUG SystemBundleService  - Bundle FXGL: {}
22:15:59.968 [FXGL Background Thread 1 ] DEBUG UpdaterService       - Checking for updates
22:15:59.971 [FXGL Background Thread 4 ] DEBUG FXGLApplication      - Loading fonts
22:15:59.971 [FXGL Background Thread 1 ] DEBUG FXGLApplication      - Loading default localization
22:15:59.971 [FXGL Background Thread 4 ] DEBUG FXGLAssetLoaderServi - Loading from file system: jar:file:/C:/Users/ethan/.gradle/caches/modules-2/files-2.1/com.github.almasb/fxgl/17.2/35db6ae960eec2dcfd19262d3b7f9c42f0e95bc3/fxgl-17.2.jar!/fxglassets/ui/fonts/VarelaRound-Regular.ttf
22:15:59.972 [FXGL Background Thread 1 ] DEBUG FXGLAssetLoaderServi - Loading from file system: jar:file:/C:/Users/ethan/.gradle/caches/modules-2/files-2.1/com.github.almasb/fxgl/17.2/35db6ae960eec2dcfd19262d3b7f9c42f0e95bc3/fxgl-17.2.jar!/fxglassets/languages/english.lang
22:15:59.988 [FXGL Background Thread 1 ] INFO  FXGLApplication      - FXGL initialization took: 0.177 sec
22:15:59.993 [JavaFX Application Thread] DEBUG Input                - Registered new binding: Launch - RMB
22:15:59.993 [JavaFX Application Thread] DEBUG Input                - Registered new binding: Create - LMB
22:15:59.993 [JavaFX Application Thread] DEBUG Input                - Registered new binding: Drag - CTRL+LMB
22:15:59.999 [JavaFX Application Thread] DEBUG Input                - Registered new binding: Delete - Backspace
22:15:59.999 [JavaFX Application Thread] DEBUG FXGLAssetLoaderServi - Loading from file system: jar:file:/C:/Users/ethan/.gradle/caches/modules-2/files-2.1/com.github.almasb/fxgl/17.2/35db6ae960eec2dcfd19262d3b7f9c42f0e95bc3/fxgl-17.2.jar!/fxglassets/textures/fxgl_icon.png
22:16:00.010 [FXGL Background Thread 4 ] DEBUG FXGLAssetLoaderServi - Loading from file system: jar:file:/C:/Users/ethan/.gradle/caches/modules-2/files-2.1/com.github.almasb/fxgl/17.2/35db6ae960eec2dcfd19262d3b7f9c42f0e95bc3/fxgl-17.2.jar!/fxglassets/ui/fonts/Abel-Regular.ttf
22:16:00.015 [FXGL Background Thread 4 ] DEBUG FXGLAssetLoaderServi - Loading from file system: jar:file:/C:/Users/ethan/.gradle/caches/modules-2/files-2.1/com.github.almasb/fxgl/17.2/35db6ae960eec2dcfd19262d3b7f9c42f0e95bc3/fxgl-17.2.jar!/fxglassets/ui/fonts/TerminalLandMono-Regular.otf
22:16:00.020 [FXGL Background Thread 4 ] DEBUG FXGLAssetLoaderServi - Loading from file system: jar:file:/C:/Users/ethan/.gradle/caches/modules-2/files-2.1/com.github.almasb/fxgl/17.2/35db6ae960eec2dcfd19262d3b7f9c42f0e95bc3/fxgl-17.2.jar!/fxglassets/ui/fonts/Courier-Prime.ttf
22:16:00.032 [JavaFX Application Thread] DEBUG FXGLAssetLoaderServi - Loading from file system: jar:file:/C:/Users/ethan/.gradle/caches/modules-2/files-2.1/com.github.almasb/fxgl/17.2/35db6ae960eec2dcfd19262d3b7f9c42f0e95bc3/fxgl-17.2.jar!/fxglassets/textures/fxgl_default_cursor.png
22:16:00.033 [JavaFX Application Thread] DEBUG Input                - Registered new binding: Screenshot - CTRL+8
22:16:00.033 [JavaFX Application Thread] DEBUG Input                - Registered new binding: System info dump - CTRL+9
22:16:00.034 [JavaFX Application Thread] DEBUG Input                - Registered new binding: Restart - CTRL+R
22:16:00.034 [JavaFX Application Thread] DEBUG Input                - Registered new binding: Toggle Debug Camera - CTRL+7
22:16:00.036 [JavaFX Application Thread] DEBUG LoopRunner           - Starting loop
22:16:00.036 [JavaFX Application Thread] DEBUG LoopRunner           - Initializing JavaFX AnimationTimerLoop
22:16:00.037 [JavaFX Application Thread] DEBUG GameApplicationServi - Starting new game
22:16:00.037 [JavaFX Application Thread] DEBUG Input                - Clearing active input actions
22:16:00.045 [JavaFX Application Thread] DEBUG GameApplicationServi - Removing overlay from FXGLStartupScene and adding to FXGLLoadingScene
22:16:00.045 [JavaFX Application Thread] DEBUG PrimaryStageWindow   - FXGLStartupScene -> FXGLLoadingScene
22:16:00.045 [JavaFX Application Thread] DEBUG GameApplicationServi - Clearing previous game
22:16:00.045 [JavaFX Application Thread] DEBUG GameScene            - Clearing game scene
22:16:00.045 [JavaFX Application Thread] DEBUG GameWorld            - Clearing game world
22:16:00.046 [JavaFX Application Thread] DEBUG PhysicsWorld         - Clearing physics world
22:16:00.047 [JavaFX Application Thread] DEBUG FXGLApplication      - Registering font factories with UI factory
22:16:00.047 [FXGL Background Thread 4 ] DEBUG FXGLApplication      - Initializing game
22:16:00.075 [FXGL Background Thread 4 ] DEBUG FXGLAssetLoaderServi - Loading from file system: file:/C:/Users/ethan/IdeaProjects/animals-revenge/build/resources/main/assets/ui/Home.fxml
22:16:00.268 [FXGL Background Thread 2 ] INFO  UpdaterService       - Your current version:  17.2
22:16:00.268 [FXGL Background Thread 2 ] INFO  UpdaterService       - Latest stable version: 17.3
22:16:00.350 [FXGL Background Thread 4 ] INFO  FXGLApplication      - Game initialization took: 0.303 sec
22:16:00.353 [JavaFX Application Thread] DEBUG Input                - Clearing active input actions
22:16:00.360 [JavaFX Application Thread] DEBUG GameApplicationServi - Removing overlay from FXGLLoadingScene and adding to GameScene
22:16:00.360 [JavaFX Application Thread] DEBUG PrimaryStageWindow   - FXGLLoadingScene -> GameScene
22:16:02.971 [FXGL Background Thread 3 ] DEBUG Engine               - Logging environment variables
22:16:02.971 [FXGL Background Thread 3 ] DEBUG Engine               - achievements: []
22:16:02.971 [FXGL Background Thread 3 ] DEBUG Engine               - actualHeight: 820.0
22:16:02.971 [FXGL Background Thread 3 ] DEBUG Engine               - actualHeightProperty: ReadOnlyDoubleProperty [value: 820.0]
22:16:02.971 [FXGL Background Thread 3 ] DEBUG Engine               - actualWidth: 1480.0
22:16:02.971 [FXGL Background Thread 3 ] DEBUG Engine               - actualWidthProperty: ReadOnlyDoubleProperty [value: 1480.0]
22:16:02.971 [FXGL Background Thread 3 ] DEBUG Engine               - appIcon: fxgl_icon.png
22:16:02.971 [FXGL Background Thread 3 ] DEBUG Engine               - applicationMode: DEVELOPER
22:16:02.971 [FXGL Background Thread 3 ] DEBUG Engine               - cSSList: [fxgl_dark.css]
22:16:02.971 [FXGL Background Thread 3 ] DEBUG Engine               - collisionDetectionStrategy: BRUTE_FORCE
22:16:02.971 [FXGL Background Thread 3 ] DEBUG Engine               - configClass: Optional.empty
22:16:02.971 [FXGL Background Thread 3 ] DEBUG Engine               - credits: []
22:16:02.973 [FXGL Background Thread 3 ] DEBUG Engine               - defaultCursor: CursorInfo(imageName=fxgl_default_cursor.png, hotspotX=7.0, hotspotY=6.0)
22:16:02.973 [FXGL Background Thread 3 ] DEBUG Engine               - devBBoxColorProperty: ObjectProperty [value: 0xff0000ff]
22:16:02.973 [FXGL Background Thread 3 ] DEBUG Engine               - devEnableDebugCameraProperty: BooleanProperty [value: false]
22:16:02.973 [FXGL Background Thread 3 ] DEBUG Engine               - devSensorColorProperty: ObjectProperty [value: 0xffff00ff]
22:16:02.973 [FXGL Background Thread 3 ] DEBUG Engine               - devShowBBoxProperty: BooleanProperty [value: false]
22:16:02.973 [FXGL Background Thread 3 ] DEBUG Engine               - devShowPositionProperty: BooleanProperty [value: false]
22:16:02.973 [FXGL Background Thread 3 ] DEBUG Engine               - enabledMenuItems: []
22:16:02.973 [FXGL Background Thread 3 ] DEBUG Engine               - engineServices: [class com.almasb.fxgl.app.services.FXGLAssetLoaderService, class com.almasb.fxgl.app.FXGLApplication$GameApplicationService, class com.almasb.fxgl.app.services.FXGLDialogService, class com.almasb.fxgl.app.services.IOTaskExecutorService, class com.almasb.fxgl.io.FileSystemService, class com.almasb.fxgl.localization.LocalizationService, class com.almasb.fxgl.app.services.SystemBundleService, class com.almasb.fxgl.profile.SaveLoadService, class com.almasb.fxgl.ui.FXGLUIFactoryServiceProvider, class com.almasb.fxgl.ui.FXGLDialogFactoryServiceProvider, class com.almasb.fxgl.audio.AudioPlayer, class com.almasb.fxgl.notification.impl.NotificationServiceProvider, class com.almasb.fxgl.achievement.AchievementService, class com.almasb.fxgl.cutscene.CutsceneService, class com.almasb.fxgl.minigames.MiniGameService, class com.almasb.fxgl.net.NetService, class com.almasb.fxgl.app.services.UpdaterService, class com.almasb.fxgl.dev.DevService]
22:16:02.973 [FXGL Background Thread 3 ] DEBUG Engine               - fontGame: Abel-Regular.ttf
22:16:02.974 [FXGL Background Thread 3 ] DEBUG Engine               - fontMono: TerminalLandMono-Regular.otf
22:16:02.974 [FXGL Background Thread 3 ] DEBUG Engine               - fontText: Courier-Prime.ttf
22:16:02.974 [FXGL Background Thread 3 ] DEBUG Engine               - fontUI: VarelaRound-Regular.ttf
22:16:02.974 [FXGL Background Thread 3 ] DEBUG Engine               - fullScreen: BooleanProperty [value: false]
22:16:02.974 [FXGL Background Thread 3 ] DEBUG Engine               - gameDifficulty: MEDIUM
22:16:02.974 [FXGL Background Thread 3 ] DEBUG Engine               - gameDifficultyProperty: ObjectProperty [value: MEDIUM]
22:16:02.974 [FXGL Background Thread 3 ] DEBUG Engine               - globalMusicVolume: 0.5
22:16:02.974 [FXGL Background Thread 3 ] DEBUG Engine               - globalMusicVolumeProperty: DoubleProperty [value: 0.5]
22:16:02.974 [FXGL Background Thread 3 ] DEBUG Engine               - globalSoundVolume: 0.5
22:16:02.974 [FXGL Background Thread 3 ] DEBUG Engine               - globalSoundVolumeProperty: DoubleProperty [value: 0.5]
22:16:02.974 [FXGL Background Thread 3 ] DEBUG Engine               - height: 820
22:16:02.974 [FXGL Background Thread 3 ] DEBUG Engine               - is3D: false
22:16:02.974 [FXGL Background Thread 3 ] DEBUG Engine               - isAndroid: false
22:16:02.974 [FXGL Background Thread 3 ] DEBUG Engine               - isBrowser: false
22:16:02.974 [FXGL Background Thread 3 ] DEBUG Engine               - isClickFeedbackEnabled: false
22:16:02.974 [FXGL Background Thread 3 ] DEBUG Engine               - isCloseConfirmation: false
22:16:02.974 [FXGL Background Thread 3 ] DEBUG Engine               - isDesktop: true
22:16:02.974 [FXGL Background Thread 3 ] DEBUG Engine               - isDeveloperMenuEnabled: false
22:16:02.974 [FXGL Background Thread 3 ] DEBUG Engine               - isEmbedded: false
22:16:02.974 [FXGL Background Thread 3 ] DEBUG Engine               - isEntityPreloadEnabled: true
22:16:02.974 [FXGL Background Thread 3 ] DEBUG Engine               - isExperimentalTiledLargeMap: false
22:16:02.974 [FXGL Background Thread 3 ] DEBUG Engine               - isFileSystemWriteAllowed: true
22:16:02.974 [FXGL Background Thread 3 ] DEBUG Engine               - isFullScreenAllowed: false
22:16:02.974 [FXGL Background Thread 3 ] DEBUG Engine               - isFullScreenFromStart: false
22:16:02.974 [FXGL Background Thread 3 ] DEBUG Engine               - isGameMenuEnabled: false
22:16:02.974 [FXGL Background Thread 3 ] DEBUG Engine               - isIOS: false
22:16:02.974 [FXGL Background Thread 3 ] DEBUG Engine               - isIntroEnabled: false
22:16:02.974 [FXGL Background Thread 3 ] DEBUG Engine               - isLinux: false
22:16:02.974 [FXGL Background Thread 3 ] DEBUG Engine               - isMac: false
22:16:02.974 [FXGL Background Thread 3 ] DEBUG Engine               - isMainMenuEnabled: false
22:16:02.974 [FXGL Background Thread 3 ] DEBUG Engine               - isManualResizeEnabled: false
22:16:02.975 [FXGL Background Thread 3 ] DEBUG Engine               - isMobile: false
22:16:02.975 [FXGL Background Thread 3 ] DEBUG Engine               - isNative: false
22:16:02.975 [FXGL Background Thread 3 ] DEBUG Engine               - isPauseMusicWhenMinimized: true
22:16:02.975 [FXGL Background Thread 3 ] DEBUG Engine               - isPreserveResizeRatio: false
22:16:02.975 [FXGL Background Thread 3 ] DEBUG Engine               - isProfilingEnabled: false
22:16:02.975 [FXGL Background Thread 3 ] DEBUG Engine               - isScaleAffectedOnResize: true
22:16:02.975 [FXGL Background Thread 3 ] DEBUG Engine               - isSingleStep: false
22:16:02.975 [FXGL Background Thread 3 ] DEBUG Engine               - isUserProfileEnabled: false
22:16:02.975 [FXGL Background Thread 3 ] DEBUG Engine               - isWindows: true
22:16:02.975 [FXGL Background Thread 3 ] DEBUG Engine               - language: ObjectProperty [value: ENGLISH]
22:16:02.975 [FXGL Background Thread 3 ] DEBUG Engine               - menuKey: ESCAPE
22:16:02.975 [FXGL Background Thread 3 ] DEBUG Engine               - mouseSensitivity: 0.2
22:16:02.975 [FXGL Background Thread 3 ] DEBUG Engine               - notificationViewClass: class com.almasb.fxgl.notification.view.XboxNotificationView
22:16:02.975 [FXGL Background Thread 3 ] DEBUG Engine               - pixelsPerMeter: 50.0
22:16:02.975 [FXGL Background Thread 3 ] DEBUG Engine               - platform: WINDOWS
22:16:02.975 [FXGL Background Thread 3 ] DEBUG Engine               - prefHeightProperty: ReadOnlyDoubleProperty [value: 820.0]
22:16:02.975 [FXGL Background Thread 3 ] DEBUG Engine               - prefWidthProperty: ReadOnlyDoubleProperty [value: 1480.0]
22:16:02.975 [FXGL Background Thread 3 ] DEBUG Engine               - profileDir: profiles/
22:16:02.975 [FXGL Background Thread 3 ] DEBUG Engine               - profileName: StringProperty [value: DEFAULT]
22:16:02.975 [FXGL Background Thread 3 ] DEBUG Engine               - randomSeed: -1
22:16:02.975 [FXGL Background Thread 3 ] DEBUG Engine               - runtimeInfo: RuntimeInfo(platform=WINDOWS, version=17.2, build=20.08.2022 16.50)
22:16:02.975 [FXGL Background Thread 3 ] DEBUG Engine               - saveFileExt: sav
22:16:02.975 [FXGL Background Thread 3 ] DEBUG Engine               - scaledHeightProp$fxgl: DoubleProperty [bound, value: 820.0]
22:16:02.975 [FXGL Background Thread 3 ] DEBUG Engine               - scaledWidthProp$fxgl: DoubleProperty [bound, value: 1480.0]
22:16:02.975 [FXGL Background Thread 3 ] DEBUG Engine               - sceneFactory: com.almasb.fxgl.app.scene.SceneFactory@6643d68c
22:16:02.975 [FXGL Background Thread 3 ] DEBUG Engine               - secondsIn24h: 60
22:16:02.975 [FXGL Background Thread 3 ] DEBUG Engine               - soundMenuBack: menu/back.wav
22:16:02.975 [FXGL Background Thread 3 ] DEBUG Engine               - soundMenuPress: menu/press.wav
22:16:02.975 [FXGL Background Thread 3 ] DEBUG Engine               - soundMenuSelect: menu/select.wav
22:16:02.975 [FXGL Background Thread 3 ] DEBUG Engine               - soundNotification: core/notification.wav
22:16:02.976 [FXGL Background Thread 3 ] DEBUG Engine               - stageStyle: DECORATED
22:16:02.976 [FXGL Background Thread 3 ] DEBUG Engine               - supportedLanguages: [ENGLISH, FRENCH, GERMAN, HUNGARIAN, RUSSIAN]
22:16:02.976 [FXGL Background Thread 3 ] DEBUG Engine               - ticksPerSecond: -1
22:16:02.976 [FXGL Background Thread 3 ] DEBUG Engine               - title: Untitled
22:16:02.976 [FXGL Background Thread 3 ] DEBUG Engine               - urlGithub: https://github.com/AlmasB/FXGL
22:16:02.976 [FXGL Background Thread 3 ] DEBUG Engine               - urlLeaderboard: http://fxgl-top.herokuapp.com/
22:16:02.976 [FXGL Background Thread 3 ] DEBUG Engine               - urlPOM: https://raw.githubusercontent.com/AlmasB/FXGL/release/README.md
22:16:02.976 [FXGL Background Thread 3 ] DEBUG Engine               - userAppClass: class edu.vanier.animals_revenge.MainApp
22:16:02.976 [FXGL Background Thread 3 ] DEBUG Engine               - version: 0.0
22:16:02.976 [FXGL Background Thread 3 ] DEBUG Engine               - versionCheckDays: 7
22:16:02.976 [FXGL Background Thread 3 ] DEBUG Engine               - width: 1480
22:16:02.976 [FXGL Background Thread 3 ] DEBUG Engine               - Logging services
22:16:02.976 [FXGL Background Thread 3 ] DEBUG Engine               - class com.almasb.fxgl.app.services.FXGLAssetLoaderService
22:16:02.976 [FXGL Background Thread 3 ] DEBUG Engine               - class com.almasb.fxgl.app.FXGLApplication$GameApplicationService
22:16:02.976 [FXGL Background Thread 3 ] DEBUG Engine               - class com.almasb.fxgl.app.services.FXGLDialogService
22:16:02.976 [FXGL Background Thread 3 ] DEBUG Engine               - class com.almasb.fxgl.app.services.IOTaskExecutorService
22:16:02.976 [FXGL Background Thread 3 ] DEBUG Engine               - class com.almasb.fxgl.io.FileSystemService
22:16:02.976 [FXGL Background Thread 3 ] DEBUG Engine               - class com.almasb.fxgl.localization.LocalizationService
22:16:02.976 [FXGL Background Thread 3 ] DEBUG Engine               - class com.almasb.fxgl.app.services.SystemBundleService
22:16:02.976 [FXGL Background Thread 3 ] DEBUG Engine               - class com.almasb.fxgl.profile.SaveLoadService
22:16:02.976 [FXGL Background Thread 3 ] DEBUG Engine               - class com.almasb.fxgl.ui.FXGLUIFactoryServiceProvider
22:16:02.976 [FXGL Background Thread 3 ] DEBUG Engine               - class com.almasb.fxgl.ui.FXGLDialogFactoryServiceProvider
22:16:02.976 [FXGL Background Thread 3 ] DEBUG Engine               - class com.almasb.fxgl.audio.AudioPlayer
22:16:02.976 [FXGL Background Thread 3 ] DEBUG Engine               - class com.almasb.fxgl.notification.impl.NotificationServiceProvider
22:16:02.976 [FXGL Background Thread 3 ] DEBUG Engine               - class com.almasb.fxgl.achievement.AchievementService
22:16:02.976 [FXGL Background Thread 3 ] DEBUG Engine               - class com.almasb.fxgl.cutscene.CutsceneService
22:16:02.976 [FXGL Background Thread 3 ] DEBUG Engine               - class com.almasb.fxgl.minigames.MiniGameService
22:16:02.976 [FXGL Background Thread 3 ] DEBUG Engine               - class com.almasb.fxgl.net.NetService
22:16:02.976 [FXGL Background Thread 3 ] DEBUG Engine               - class com.almasb.fxgl.app.services.UpdaterService
22:16:02.976 [FXGL Background Thread 3 ] DEBUG Engine               - class com.almasb.fxgl.dev.DevService
22:16:04.252 [JavaFX Application Thread] DEBUG FXGLAssetLoaderServi - Loading from file system: file:/C:/Users/ethan/IdeaProjects/animals-revenge/build/resources/main/assets/ui/Simulator.fxml
22:16:04.307 [JavaFX Application Thread] DEBUG FXGLAssetLoaderServi - Loading from file system: file:/C:/Users/ethan/IdeaProjects/animals-revenge/build/resources/main/assets/textures/cannon.png
22:16:44.548 [JavaFX Application Thread] DEBUG FXGLAssetLoaderServi - Loading from file system: file:/C:/Users/ethan/IdeaProjects/animals-revenge/build/resources/main/assets/ui/Home.fxml
22:16:45.546 [JavaFX Application Thread] DEBUG FXGLAssetLoaderServi - Loading from file system: file:/C:/Users/ethan/IdeaProjects/animals-revenge/build/resources/main/assets/ui/Simulator.fxml
22:16:47.101 [JavaFX Application Thread] DEBUG FXGLAssetLoaderServi - Loading from file system: file:/C:/Users/ethan/IdeaProjects/animals-revenge/build/resources/main/assets/textures/red.png
22:16:55.335 [JavaFX Application Thread] DEBUG FXGLAssetLoaderServi - Loading from file system: file:/C:/Users/ethan/IdeaProjects/animals-revenge/build/resources/main/assets/ui/Home.fxml
22:16:58.726 [JavaFX Application Thread] DEBUG FXGLAssetLoaderServi - Loading from file system: file:/C:/Users/ethan/IdeaProjects/animals-revenge/build/resources/main/assets/ui/Simulator.fxml
22:17:27.711 [JavaFX Application Thread] DEBUG FXGLApplication      - Exiting FXGL
22:17:27.711 [JavaFX Application Thread] DEBUG LoopRunner           - Stopping loop
22:17:27.711 [JavaFX Application Thread] DEBUG SystemBundleService  - Saving FXGL system data
22:17:27.711 [JavaFX Application Thread] DEBUG FileSystemAccess     - Writing to: C:\Users\ethan\IdeaProjects\animals-revenge\system\fxgl.bundle
22:17:27.711 [JavaFX Application Thread] DEBUG Async                - Shutting down background threads
22:17:27.711 [JavaFX Application Thread] DEBUG PrimaryStageWindow   - Closing main window
22:17:27.718 [JavaFX Application Thread] DEBUG Logger               - Closing Logger
