04:05:41.359 [main                     ] DEBUG Logger               - Configured Logger
04:05:41.382 [main                     ] DEBUG GameApplication      - Logging settings
Title: Untitled
Version: 0.0
Width: 1480
Height: 820
Fullscreen: false
Intro: false
Profiling: false
Single step:false
App Mode: DEVELOPER
Menu Key: ESCAPE
Stage Style: DECORATED
Scene Factory: class com.almasb.fxgl.app.scene.SceneFactory

04:05:42.088 [JavaFX Application Thread] DEBUG FXGLApplication      - Initializing FXGL
04:05:42.097 [JavaFX Application Thread] INFO  Engine               - FXGL-17.2 (20.08.2022 16.50) on WINDOWS (J:18.0.2.1 FX:20.0.2)
04:05:42.098 [JavaFX Application Thread] DEBUG Engine               - JRE Vendor Name: Oracle Corporation
04:05:42.098 [JavaFX Application Thread] DEBUG Engine               - Running on OS: Windows 11 version 10.0
04:05:42.099 [JavaFX Application Thread] DEBUG Engine               - Architecture: amd64
04:05:42.099 [JavaFX Application Thread] INFO  Engine               - Source code and latest versions at: https://github.com/AlmasB/FXGL
04:05:42.099 [JavaFX Application Thread] INFO  Engine               -       Ask questions and discuss at: https://github.com/AlmasB/FXGL/discussions
04:05:42.099 [JavaFX Application Thread] INFO  Engine               -              Join the FXGL chat at: https://gitter.im/AlmasB/FXGL
04:05:42.259 [JavaFX Application Thread] DEBUG PrimaryStageWindow   - Creating a JavaFX scene
04:05:42.259 [JavaFX Application Thread] DEBUG PrimaryStageWindow   - Target size > screen size
04:05:42.349 [JavaFX Application Thread] DEBUG PrimaryStageWindow   - Target settings size: 1480.0 x 820.0
04:05:42.349 [JavaFX Application Thread] DEBUG PrimaryStageWindow   - Scaled scene size:    1447.0 x 815.0
04:05:42.350 [JavaFX Application Thread] DEBUG PrimaryStageWindow   - Scaled ratio: (0.9777027027027027, 0.9939024390243902)
04:05:42.351 [JavaFX Application Thread] DEBUG PrimaryStageWindow   - Set initial scene to FXGLStartupScene
04:05:42.357 [JavaFX Application Thread] DEBUG PrimaryStageWindow   - Opening main window
04:05:42.523 [JavaFX Application Thread] DEBUG PrimaryStageWindow   - Window border size: (14.5999755859375, 37.79998779296875)
04:05:42.524 [JavaFX Application Thread] DEBUG PrimaryStageWindow   - Scaled size: 1447.0 x 815.0
04:05:42.525 [JavaFX Application Thread] DEBUG PrimaryStageWindow   - Scaled ratio: (0.9777027027027027, 0.9939024390243902)
04:05:42.526 [JavaFX Application Thread] DEBUG PrimaryStageWindow   - Scene size: 1447.0 x 815.0
04:05:42.528 [JavaFX Application Thread] DEBUG PrimaryStageWindow   - Stage size: 1461.5999755859375 x 852.7999877929688
04:05:42.543 [FXGL Background Thread 1 ] DEBUG Engine               - Initializing environment variables
04:05:42.685 [FXGL Background Thread 1 ] DEBUG FXGLAssetLoaderServi - User app class for loading assets: class edu.vanier.animals_revenge.MainApp
04:05:42.685 [FXGL Background Thread 1 ] DEBUG GameApplicationServi - Applying CSS: fxgl_dark.css
04:05:42.687 [FXGL Background Thread 1 ] DEBUG FXGLAssetLoaderServi - Loading from file system: jar:file:/C:/Users/anton/.gradle/caches/modules-2/files-2.1/com.github.almasb/fxgl/17.2/35db6ae960eec2dcfd19262d3b7f9c42f0e95bc3/fxgl-17.2.jar!/fxglassets/ui/css/fxgl_dark.css
04:05:42.785 [FXGL Background Thread 1 ] DEBUG GameApplicationServi - Initializing application scenes
04:05:42.926 [FXGL Background Thread 1 ] DEBUG GameWorld            - Game world initialized
04:05:43.015 [FXGL Background Thread 1 ] DEBUG PhysicsWorld         - Physics world initialized: appHeight=820, physics.ppm=50.0
04:05:43.016 [FXGL Background Thread 1 ] DEBUG PhysicsWorld         - Using strategy: BRUTE_FORCE
04:05:43.022 [FXGL Background Thread 1 ] DEBUG GameScene            - Game scene initialized: 1480x820
04:05:43.023 [FXGL Background Thread 1 ] DEBUG GameApplicationServi - Application scenes initialized
04:05:43.085 [FXGL Background Thread 1 ] DEBUG SystemBundleService  - Loading FXGL system data
04:05:43.110 [FXGL Background Thread 1 ] DEBUG FileSystemAccess     - Reading from: C:\Users\anton\OneDrive\Documents\GitHub\animals-revenge\system\fxgl.bundle
04:05:43.129 [FXGL Background Thread 1 ] DEBUG SystemBundleService  - Bundle FXGL: {}
04:05:43.129 [FXGL Background Thread 1 ] DEBUG UpdaterService       - Checking for updates
04:05:43.143 [FXGL Background Thread 4 ] DEBUG FXGLApplication      - Loading fonts
04:05:43.143 [FXGL Background Thread 1 ] DEBUG FXGLApplication      - Loading default localization
04:05:43.145 [FXGL Background Thread 4 ] DEBUG FXGLAssetLoaderServi - Loading from file system: jar:file:/C:/Users/anton/.gradle/caches/modules-2/files-2.1/com.github.almasb/fxgl/17.2/35db6ae960eec2dcfd19262d3b7f9c42f0e95bc3/fxgl-17.2.jar!/fxglassets/ui/fonts/VarelaRound-Regular.ttf
04:05:43.146 [FXGL Background Thread 1 ] DEBUG FXGLAssetLoaderServi - Loading from file system: jar:file:/C:/Users/anton/.gradle/caches/modules-2/files-2.1/com.github.almasb/fxgl/17.2/35db6ae960eec2dcfd19262d3b7f9c42f0e95bc3/fxgl-17.2.jar!/fxglassets/languages/english.lang
04:05:43.228 [FXGL Background Thread 1 ] INFO  FXGLApplication      - FXGL initialization took: 0.685 sec
04:05:43.236 [JavaFX Application Thread] DEBUG Input                - Registered new binding: Launch - RMB
04:05:43.236 [JavaFX Application Thread] DEBUG Input                - Registered new binding: Create - LMB
04:05:43.236 [JavaFX Application Thread] DEBUG Input                - Registered new binding: Drag - CTRL+LMB
04:05:43.240 [JavaFX Application Thread] DEBUG LoopRunner           - Stopping loop
04:05:43.240 [JavaFX Application Thread] DEBUG LoopRunner           - Initializing JavaFX AnimationTimerLoop
04:05:43.263 [JavaFX Application Thread] FATAL FXGLApplication      - Uncaught Exception:
java.lang.NullPointerException: Cannot invoke "edu.vanier.animals_revenge.util.SavedSetting.playMusic()" because "this.settings" is null
	at edu.vanier.animals_revenge.MainApp.onPreInit(MainApp.java:134)
	at com.almasb.fxgl.app.FXGLApplication$GameApplicationService.onMainLoopStarting(FXGLApplication.kt:530)
	at com.almasb.fxgl.app.Engine.startLoop(Engine.kt:150)
	at com.almasb.fxgl.app.FXGLApplication.startImpl$lambda-3(FXGLApplication.kt:145)
	at com.almasb.fxgl.core.concurrent.IOTask.succeed(IOTask.java:164)
	at com.almasb.fxgl.core.concurrent.IOTask$1.succeeded(IOTask.java:153)
	at javafx.graphics@20.0.2/javafx.concurrent.Task.setState(Task.java:726)
	at javafx.graphics@20.0.2/javafx.concurrent.Task$TaskCallable.lambda$call$1(Task.java:1437)
	at javafx.graphics@20.0.2/com.sun.javafx.application.PlatformImpl.lambda$runLater$10(PlatformImpl.java:456)
	at java.base/java.security.AccessController.doPrivileged(AccessController.java:399)
	at javafx.graphics@20.0.2/com.sun.javafx.application.PlatformImpl.lambda$runLater$11(PlatformImpl.java:455)
	at javafx.graphics@20.0.2/com.sun.glass.ui.InvokeLaterDispatcher$Future.run(InvokeLaterDispatcher.java:95)
	at javafx.graphics@20.0.2/com.sun.glass.ui.win.WinApplication._runLoop(Native Method)
	at javafx.graphics@20.0.2/com.sun.glass.ui.win.WinApplication.lambda$runLoop$3(WinApplication.java:185)
	at java.base/java.lang.Thread.run(Thread.java:833)

04:05:43.264 [JavaFX Application Thread] FATAL FXGLApplication      - Application will now exit
04:05:43.386 [JavaFX Application Thread] DEBUG PrimaryStageWindow   - Push state: ErrorSubScene
04:05:43.386 [JavaFX Application Thread] DEBUG Input                - Clearing active input actions
04:05:43.408 [JavaFX Application Thread] DEBUG GameApplicationServi - Removing overlay from FXGLStartupScene and adding to ErrorSubScene
04:05:43.409 [JavaFX Application Thread] DEBUG PrimaryStageWindow   - FXGLStartupScene -> ErrorSubScene
04:05:43.696 [FXGL Background Thread 4 ] DEBUG FXGLAssetLoaderServi - Loading from file system: jar:file:/C:/Users/anton/.gradle/caches/modules-2/files-2.1/com.github.almasb/fxgl/17.2/35db6ae960eec2dcfd19262d3b7f9c42f0e95bc3/fxgl-17.2.jar!/fxglassets/ui/fonts/Abel-Regular.ttf
04:05:43.703 [FXGL Background Thread 4 ] DEBUG FXGLAssetLoaderServi - Loading from file system: jar:file:/C:/Users/anton/.gradle/caches/modules-2/files-2.1/com.github.almasb/fxgl/17.2/35db6ae960eec2dcfd19262d3b7f9c42f0e95bc3/fxgl-17.2.jar!/fxglassets/ui/fonts/TerminalLandMono-Regular.otf
04:05:43.713 [FXGL Background Thread 4 ] DEBUG FXGLAssetLoaderServi - Loading from file system: jar:file:/C:/Users/anton/.gradle/caches/modules-2/files-2.1/com.github.almasb/fxgl/17.2/35db6ae960eec2dcfd19262d3b7f9c42f0e95bc3/fxgl-17.2.jar!/fxglassets/ui/fonts/Courier-Prime.ttf
04:05:44.036 [JavaFX Application Thread] DEBUG FXGLApplication      - Registering font factories with UI factory
04:05:44.396 [FXGL Background Thread 2 ] INFO  UpdaterService       - Your current version:  17.2
04:05:44.396 [FXGL Background Thread 2 ] INFO  UpdaterService       - Latest stable version: 17.3
04:05:46.137 [FXGL Background Thread 3 ] DEBUG Engine               - Logging environment variables
04:05:46.137 [FXGL Background Thread 3 ] DEBUG Engine               - achievements: []
04:05:46.138 [FXGL Background Thread 3 ] DEBUG Engine               - actualHeight: 815.0
04:05:46.138 [FXGL Background Thread 3 ] DEBUG Engine               - actualHeightProperty: ReadOnlyDoubleProperty [value: 815.0]
04:05:46.138 [FXGL Background Thread 3 ] DEBUG Engine               - actualWidth: 1447.0
04:05:46.138 [FXGL Background Thread 3 ] DEBUG Engine               - actualWidthProperty: ReadOnlyDoubleProperty [value: 1447.0]
04:05:46.138 [FXGL Background Thread 3 ] DEBUG Engine               - appIcon: fxgl_icon.png
04:05:46.138 [FXGL Background Thread 3 ] DEBUG Engine               - applicationMode: DEVELOPER
04:05:46.138 [FXGL Background Thread 3 ] DEBUG Engine               - cSSList: [fxgl_dark.css]
04:05:46.138 [FXGL Background Thread 3 ] DEBUG Engine               - collisionDetectionStrategy: BRUTE_FORCE
04:05:46.138 [FXGL Background Thread 3 ] DEBUG Engine               - configClass: Optional.empty
04:05:46.138 [FXGL Background Thread 3 ] DEBUG Engine               - credits: []
04:05:46.139 [FXGL Background Thread 3 ] DEBUG Engine               - defaultCursor: CursorInfo(imageName=fxgl_default_cursor.png, hotspotX=7.0, hotspotY=6.0)
04:05:46.140 [FXGL Background Thread 3 ] DEBUG Engine               - devBBoxColorProperty: ObjectProperty [value: 0xff0000ff]
04:05:46.140 [FXGL Background Thread 3 ] DEBUG Engine               - devEnableDebugCameraProperty: BooleanProperty [value: false]
04:05:46.140 [FXGL Background Thread 3 ] DEBUG Engine               - devSensorColorProperty: ObjectProperty [value: 0xffff00ff]
04:05:46.140 [FXGL Background Thread 3 ] DEBUG Engine               - devShowBBoxProperty: BooleanProperty [value: false]
04:05:46.140 [FXGL Background Thread 3 ] DEBUG Engine               - devShowPositionProperty: BooleanProperty [value: false]
04:05:46.140 [FXGL Background Thread 3 ] DEBUG Engine               - enabledMenuItems: []
04:05:46.141 [FXGL Background Thread 3 ] DEBUG Engine               - engineServices: [class com.almasb.fxgl.app.services.FXGLAssetLoaderService, class com.almasb.fxgl.app.FXGLApplication$GameApplicationService, class com.almasb.fxgl.app.services.FXGLDialogService, class com.almasb.fxgl.app.services.IOTaskExecutorService, class com.almasb.fxgl.io.FileSystemService, class com.almasb.fxgl.localization.LocalizationService, class com.almasb.fxgl.app.services.SystemBundleService, class com.almasb.fxgl.profile.SaveLoadService, class com.almasb.fxgl.ui.FXGLUIFactoryServiceProvider, class com.almasb.fxgl.ui.FXGLDialogFactoryServiceProvider, class com.almasb.fxgl.audio.AudioPlayer, class com.almasb.fxgl.notification.impl.NotificationServiceProvider, class com.almasb.fxgl.achievement.AchievementService, class com.almasb.fxgl.cutscene.CutsceneService, class com.almasb.fxgl.minigames.MiniGameService, class com.almasb.fxgl.net.NetService, class com.almasb.fxgl.app.services.UpdaterService, class com.almasb.fxgl.dev.DevService]
04:05:46.141 [FXGL Background Thread 3 ] DEBUG Engine               - fontGame: Abel-Regular.ttf
04:05:46.141 [FXGL Background Thread 3 ] DEBUG Engine               - fontMono: TerminalLandMono-Regular.otf
04:05:46.141 [FXGL Background Thread 3 ] DEBUG Engine               - fontText: Courier-Prime.ttf
04:05:46.141 [FXGL Background Thread 3 ] DEBUG Engine               - fontUI: VarelaRound-Regular.ttf
04:05:46.141 [FXGL Background Thread 3 ] DEBUG Engine               - fullScreen: BooleanProperty [value: false]
04:05:46.141 [FXGL Background Thread 3 ] DEBUG Engine               - gameDifficulty: MEDIUM
04:05:46.141 [FXGL Background Thread 3 ] DEBUG Engine               - gameDifficultyProperty: ObjectProperty [value: MEDIUM]
04:05:46.141 [FXGL Background Thread 3 ] DEBUG Engine               - globalMusicVolume: 0.5
04:05:46.141 [FXGL Background Thread 3 ] DEBUG Engine               - globalMusicVolumeProperty: DoubleProperty [value: 0.0]
04:05:46.141 [FXGL Background Thread 3 ] DEBUG Engine               - globalSoundVolume: 0.5
04:05:46.141 [FXGL Background Thread 3 ] DEBUG Engine               - globalSoundVolumeProperty: DoubleProperty [value: 0.0]
04:05:46.141 [FXGL Background Thread 3 ] DEBUG Engine               - height: 820
04:05:46.141 [FXGL Background Thread 3 ] DEBUG Engine               - is3D: false
04:05:46.141 [FXGL Background Thread 3 ] DEBUG Engine               - isAndroid: false
04:05:46.142 [FXGL Background Thread 3 ] DEBUG Engine               - isBrowser: false
04:05:46.142 [FXGL Background Thread 3 ] DEBUG Engine               - isClickFeedbackEnabled: false
04:05:46.142 [FXGL Background Thread 3 ] DEBUG Engine               - isCloseConfirmation: false
04:05:46.142 [FXGL Background Thread 3 ] DEBUG Engine               - isDesktop: true
04:05:46.142 [FXGL Background Thread 3 ] DEBUG Engine               - isDeveloperMenuEnabled: false
04:05:46.142 [FXGL Background Thread 3 ] DEBUG Engine               - isEmbedded: false
04:05:46.142 [FXGL Background Thread 3 ] DEBUG Engine               - isEntityPreloadEnabled: true
04:05:46.142 [FXGL Background Thread 3 ] DEBUG Engine               - isExperimentalTiledLargeMap: false
04:05:46.142 [FXGL Background Thread 3 ] DEBUG Engine               - isFileSystemWriteAllowed: true
04:05:46.142 [FXGL Background Thread 3 ] DEBUG Engine               - isFullScreenAllowed: false
04:05:46.142 [FXGL Background Thread 3 ] DEBUG Engine               - isFullScreenFromStart: false
04:05:46.142 [FXGL Background Thread 3 ] DEBUG Engine               - isGameMenuEnabled: false
04:05:46.142 [FXGL Background Thread 3 ] DEBUG Engine               - isIOS: false
04:05:46.142 [FXGL Background Thread 3 ] DEBUG Engine               - isIntroEnabled: false
04:05:46.142 [FXGL Background Thread 3 ] DEBUG Engine               - isLinux: false
04:05:46.143 [FXGL Background Thread 3 ] DEBUG Engine               - isMac: false
04:05:46.143 [FXGL Background Thread 3 ] DEBUG Engine               - isMainMenuEnabled: false
04:05:46.143 [FXGL Background Thread 3 ] DEBUG Engine               - isManualResizeEnabled: false
04:05:46.143 [FXGL Background Thread 3 ] DEBUG Engine               - isMobile: false
04:05:46.143 [FXGL Background Thread 3 ] DEBUG Engine               - isNative: false
04:05:46.143 [FXGL Background Thread 3 ] DEBUG Engine               - isPauseMusicWhenMinimized: true
04:05:46.143 [FXGL Background Thread 3 ] DEBUG Engine               - isPreserveResizeRatio: false
04:05:46.143 [FXGL Background Thread 3 ] DEBUG Engine               - isProfilingEnabled: false
04:05:46.143 [FXGL Background Thread 3 ] DEBUG Engine               - isScaleAffectedOnResize: true
04:05:46.143 [FXGL Background Thread 3 ] DEBUG Engine               - isSingleStep: false
04:05:46.143 [FXGL Background Thread 3 ] DEBUG Engine               - isUserProfileEnabled: false
04:05:46.143 [FXGL Background Thread 3 ] DEBUG Engine               - isWindows: true
04:05:46.143 [FXGL Background Thread 3 ] DEBUG Engine               - language: ObjectProperty [value: ENGLISH]
04:05:46.143 [FXGL Background Thread 3 ] DEBUG Engine               - menuKey: ESCAPE
04:05:46.143 [FXGL Background Thread 3 ] DEBUG Engine               - mouseSensitivity: 0.2
04:05:46.143 [FXGL Background Thread 3 ] DEBUG Engine               - notificationViewClass: class com.almasb.fxgl.notification.view.XboxNotificationView
04:05:46.143 [FXGL Background Thread 3 ] DEBUG Engine               - pixelsPerMeter: 50.0
04:05:46.144 [FXGL Background Thread 3 ] DEBUG Engine               - platform: WINDOWS
04:05:46.144 [FXGL Background Thread 3 ] DEBUG Engine               - prefHeightProperty: ReadOnlyDoubleProperty [value: 820.0]
04:05:46.144 [FXGL Background Thread 3 ] DEBUG Engine               - prefWidthProperty: ReadOnlyDoubleProperty [value: 1480.0]
04:05:46.144 [FXGL Background Thread 3 ] DEBUG Engine               - profileDir: profiles/
04:05:46.144 [FXGL Background Thread 3 ] DEBUG Engine               - profileName: StringProperty [value: DEFAULT]
04:05:46.144 [FXGL Background Thread 3 ] DEBUG Engine               - randomSeed: -1
04:05:46.145 [FXGL Background Thread 3 ] DEBUG Engine               - runtimeInfo: RuntimeInfo(platform=WINDOWS, version=17.2, build=20.08.2022 16.50)
04:05:46.145 [FXGL Background Thread 3 ] DEBUG Engine               - saveFileExt: sav
04:05:46.145 [FXGL Background Thread 3 ] DEBUG Engine               - scaledHeightProp$fxgl: DoubleProperty [bound, value: 815.0]
04:05:46.146 [FXGL Background Thread 3 ] DEBUG Engine               - scaledWidthProp$fxgl: DoubleProperty [bound, value: 1447.0]
04:05:46.146 [FXGL Background Thread 3 ] DEBUG Engine               - sceneFactory: com.almasb.fxgl.app.scene.SceneFactory@2f7b8b80
04:05:46.146 [FXGL Background Thread 3 ] DEBUG Engine               - secondsIn24h: 60
04:05:46.146 [FXGL Background Thread 3 ] DEBUG Engine               - soundMenuBack: menu/back.wav
04:05:46.146 [FXGL Background Thread 3 ] DEBUG Engine               - soundMenuPress: menu/press.wav
04:05:46.146 [FXGL Background Thread 3 ] DEBUG Engine               - soundMenuSelect: menu/select.wav
04:05:46.146 [FXGL Background Thread 3 ] DEBUG Engine               - soundNotification: core/notification.wav
04:05:46.146 [FXGL Background Thread 3 ] DEBUG Engine               - stageStyle: DECORATED
04:05:46.146 [FXGL Background Thread 3 ] DEBUG Engine               - supportedLanguages: [ENGLISH, FRENCH, GERMAN, HUNGARIAN, RUSSIAN]
04:05:46.146 [FXGL Background Thread 3 ] DEBUG Engine               - ticksPerSecond: -1
04:05:46.146 [FXGL Background Thread 3 ] DEBUG Engine               - title: Untitled
04:05:46.146 [FXGL Background Thread 3 ] DEBUG Engine               - urlGithub: https://github.com/AlmasB/FXGL
04:05:46.146 [FXGL Background Thread 3 ] DEBUG Engine               - urlLeaderboard: http://fxgl-top.herokuapp.com/
04:05:46.146 [FXGL Background Thread 3 ] DEBUG Engine               - urlPOM: https://raw.githubusercontent.com/AlmasB/FXGL/release/README.md
04:05:46.146 [FXGL Background Thread 3 ] DEBUG Engine               - userAppClass: class edu.vanier.animals_revenge.MainApp
04:05:46.146 [FXGL Background Thread 3 ] DEBUG Engine               - version: 0.0
04:05:46.146 [FXGL Background Thread 3 ] DEBUG Engine               - versionCheckDays: 7
04:05:46.146 [FXGL Background Thread 3 ] DEBUG Engine               - width: 1480
04:05:46.146 [FXGL Background Thread 3 ] DEBUG Engine               - Logging services
04:05:46.146 [FXGL Background Thread 3 ] DEBUG Engine               - class com.almasb.fxgl.app.services.FXGLAssetLoaderService
04:05:46.146 [FXGL Background Thread 3 ] DEBUG Engine               - class com.almasb.fxgl.app.FXGLApplication$GameApplicationService
04:05:46.146 [FXGL Background Thread 3 ] DEBUG Engine               - class com.almasb.fxgl.app.services.FXGLDialogService
04:05:46.147 [FXGL Background Thread 3 ] DEBUG Engine               - class com.almasb.fxgl.app.services.IOTaskExecutorService
04:05:46.147 [FXGL Background Thread 3 ] DEBUG Engine               - class com.almasb.fxgl.io.FileSystemService
04:05:46.147 [FXGL Background Thread 3 ] DEBUG Engine               - class com.almasb.fxgl.localization.LocalizationService
04:05:46.147 [FXGL Background Thread 3 ] DEBUG Engine               - class com.almasb.fxgl.app.services.SystemBundleService
04:05:46.147 [FXGL Background Thread 3 ] DEBUG Engine               - class com.almasb.fxgl.profile.SaveLoadService
04:05:46.147 [FXGL Background Thread 3 ] DEBUG Engine               - class com.almasb.fxgl.ui.FXGLUIFactoryServiceProvider
04:05:46.147 [FXGL Background Thread 3 ] DEBUG Engine               - class com.almasb.fxgl.ui.FXGLDialogFactoryServiceProvider
04:05:46.147 [FXGL Background Thread 3 ] DEBUG Engine               - class com.almasb.fxgl.audio.AudioPlayer
04:05:46.147 [FXGL Background Thread 3 ] DEBUG Engine               - class com.almasb.fxgl.notification.impl.NotificationServiceProvider
04:05:46.147 [FXGL Background Thread 3 ] DEBUG Engine               - class com.almasb.fxgl.achievement.AchievementService
04:05:46.147 [FXGL Background Thread 3 ] DEBUG Engine               - class com.almasb.fxgl.cutscene.CutsceneService
04:05:46.147 [FXGL Background Thread 3 ] DEBUG Engine               - class com.almasb.fxgl.minigames.MiniGameService
04:05:46.147 [FXGL Background Thread 3 ] DEBUG Engine               - class com.almasb.fxgl.net.NetService
04:05:46.147 [FXGL Background Thread 3 ] DEBUG Engine               - class com.almasb.fxgl.app.services.UpdaterService
04:05:46.147 [FXGL Background Thread 3 ] DEBUG Engine               - class com.almasb.fxgl.dev.DevService
04:05:53.728 [JavaFX Application Thread] DEBUG FXGLApplication      - Exiting FXGL
04:05:53.729 [JavaFX Application Thread] DEBUG Async                - Shutting down background threads
04:05:53.729 [JavaFX Application Thread] DEBUG PrimaryStageWindow   - Closing main window
04:05:53.743 [JavaFX Application Thread] DEBUG Logger               - Closing Logger
