00:58:27.170 [main                     ] DEBUG Logger               - Configured Logger
00:58:27.185 [main                     ] DEBUG GameApplication      - Logging settings
Title: Untitled
Version: 0.0
Width: 1480
Height: 820
Fullscreen: false
Intro: false
Profiling: false
Single step:false
App Mode: DEVELOPER
Menu Key: ESCAPE
Stage Style: DECORATED
Scene Factory: class com.almasb.fxgl.app.scene.SceneFactory

00:58:27.712 [JavaFX Application Thread] DEBUG FXGLApplication      - Initializing FXGL
00:58:27.726 [JavaFX Application Thread] INFO  Engine               - FXGL-17.2 (20.08.2022 16.50) on WINDOWS (J:18.0.2.1 FX:20.0.2)
00:58:27.727 [JavaFX Application Thread] DEBUG Engine               - JRE Vendor Name: Oracle Corporation
00:58:27.728 [JavaFX Application Thread] DEBUG Engine               - Running on OS: Windows 11 version 10.0
00:58:27.728 [JavaFX Application Thread] DEBUG Engine               - Architecture: amd64
00:58:27.728 [JavaFX Application Thread] INFO  Engine               - Source code and latest versions at: https://github.com/AlmasB/FXGL
00:58:27.729 [JavaFX Application Thread] INFO  Engine               -       Ask questions and discuss at: https://github.com/AlmasB/FXGL/discussions
00:58:27.730 [JavaFX Application Thread] INFO  Engine               -              Join the FXGL chat at: https://gitter.im/AlmasB/FXGL
00:58:27.855 [JavaFX Application Thread] DEBUG PrimaryStageWindow   - Creating a JavaFX scene
00:58:27.855 [JavaFX Application Thread] DEBUG PrimaryStageWindow   - Target size > screen size
00:58:27.946 [JavaFX Application Thread] DEBUG PrimaryStageWindow   - Target settings size: 1480.0 x 820.0
00:58:27.946 [JavaFX Application Thread] DEBUG PrimaryStageWindow   - Scaled scene size:    1415.0 x 797.0
00:58:27.947 [JavaFX Application Thread] DEBUG PrimaryStageWindow   - Scaled ratio: (0.956081081081081, 0.9719512195121951)
00:58:27.948 [JavaFX Application Thread] DEBUG PrimaryStageWindow   - Set initial scene to FXGLStartupScene
00:58:27.953 [JavaFX Application Thread] DEBUG PrimaryStageWindow   - Opening main window
00:58:28.151 [JavaFX Application Thread] DEBUG PrimaryStageWindow   - Window border size: (13.0, 35.5)
00:58:28.151 [JavaFX Application Thread] DEBUG PrimaryStageWindow   - Scaled size: 1415.0 x 797.0
00:58:28.152 [JavaFX Application Thread] DEBUG PrimaryStageWindow   - Scaled ratio: (0.956081081081081, 0.9719512195121951)
00:58:28.152 [JavaFX Application Thread] DEBUG PrimaryStageWindow   - Scene size: 1415.0 x 797.0
00:58:28.153 [JavaFX Application Thread] DEBUG PrimaryStageWindow   - Stage size: 1428.0 x 832.5
00:58:28.160 [FXGL Background Thread 1 ] DEBUG Engine               - Initializing environment variables
00:58:28.230 [FXGL Background Thread 1 ] DEBUG FXGLAssetLoaderServi - User app class for loading assets: class edu.vanier.animals_revenge.MainApp
00:58:28.230 [FXGL Background Thread 1 ] DEBUG GameApplicationServi - Applying CSS: fxgl_dark.css
00:58:28.235 [FXGL Background Thread 1 ] DEBUG FXGLAssetLoaderServi - Loading from file system: jar:file:/C:/Users/macke/.gradle/caches/modules-2/files-2.1/com.github.almasb/fxgl/17.2/35db6ae960eec2dcfd19262d3b7f9c42f0e95bc3/fxgl-17.2.jar!/fxglassets/ui/css/fxgl_dark.css
00:58:28.317 [FXGL Background Thread 1 ] DEBUG GameApplicationServi - Initializing application scenes
00:58:28.509 [FXGL Background Thread 1 ] DEBUG GameWorld            - Game world initialized
00:58:28.614 [FXGL Background Thread 1 ] DEBUG PhysicsWorld         - Physics world initialized: appHeight=820, physics.ppm=50.0
00:58:28.614 [FXGL Background Thread 1 ] DEBUG PhysicsWorld         - Using strategy: BRUTE_FORCE
00:58:28.626 [FXGL Background Thread 1 ] DEBUG GameScene            - Game scene initialized: 1480x820
00:58:28.626 [FXGL Background Thread 1 ] DEBUG GameApplicationServi - Application scenes initialized
00:58:28.649 [FXGL Background Thread 1 ] DEBUG SystemBundleService  - Loading FXGL system data
00:58:28.656 [FXGL Background Thread 1 ] DEBUG FileSystemAccess     - Reading from: C:\Users\macke\OneDrive\Documents\School\Semester 3\Programming in a Graphical User Interface\Homework\animals-revenge\system\fxgl.bundle
00:58:28.673 [FXGL Background Thread 1 ] DEBUG SystemBundleService  - Bundle FXGL: {}
00:58:28.673 [FXGL Background Thread 1 ] DEBUG UpdaterService       - Checking for updates
00:58:28.705 [FXGL Background Thread 4 ] DEBUG FXGLApplication      - Loading fonts
00:58:28.706 [FXGL Background Thread 4 ] DEBUG FXGLAssetLoaderServi - Loading from file system: jar:file:/C:/Users/macke/.gradle/caches/modules-2/files-2.1/com.github.almasb/fxgl/17.2/35db6ae960eec2dcfd19262d3b7f9c42f0e95bc3/fxgl-17.2.jar!/fxglassets/ui/fonts/VarelaRound-Regular.ttf
00:58:28.712 [FXGL Background Thread 1 ] DEBUG FXGLApplication      - Loading default localization
00:58:28.717 [FXGL Background Thread 1 ] DEBUG FXGLAssetLoaderServi - Loading from file system: jar:file:/C:/Users/macke/.gradle/caches/modules-2/files-2.1/com.github.almasb/fxgl/17.2/35db6ae960eec2dcfd19262d3b7f9c42f0e95bc3/fxgl-17.2.jar!/fxglassets/languages/english.lang
00:58:28.782 [FXGL Background Thread 1 ] INFO  FXGLApplication      - FXGL initialization took: 0.621 sec
00:58:28.792 [JavaFX Application Thread] DEBUG Input                - Registered new binding: Launch - RMB
00:58:28.793 [JavaFX Application Thread] DEBUG Input                - Registered new binding: Create - LMB
00:58:28.793 [JavaFX Application Thread] DEBUG Input                - Registered new binding: Drag - CTRL+LMB
00:58:28.794 [JavaFX Application Thread] DEBUG FXGLAssetLoaderServi - Loading from file system: jar:file:/C:/Users/macke/.gradle/caches/modules-2/files-2.1/com.github.almasb/fxgl/17.2/35db6ae960eec2dcfd19262d3b7f9c42f0e95bc3/fxgl-17.2.jar!/fxglassets/textures/fxgl_icon.png
00:58:28.826 [FXGL Background Thread 4 ] DEBUG FXGLAssetLoaderServi - Loading from file system: jar:file:/C:/Users/macke/.gradle/caches/modules-2/files-2.1/com.github.almasb/fxgl/17.2/35db6ae960eec2dcfd19262d3b7f9c42f0e95bc3/fxgl-17.2.jar!/fxglassets/ui/fonts/Abel-Regular.ttf
00:58:28.832 [FXGL Background Thread 4 ] DEBUG FXGLAssetLoaderServi - Loading from file system: jar:file:/C:/Users/macke/.gradle/caches/modules-2/files-2.1/com.github.almasb/fxgl/17.2/35db6ae960eec2dcfd19262d3b7f9c42f0e95bc3/fxgl-17.2.jar!/fxglassets/ui/fonts/TerminalLandMono-Regular.otf
00:58:28.837 [FXGL Background Thread 4 ] DEBUG FXGLAssetLoaderServi - Loading from file system: jar:file:/C:/Users/macke/.gradle/caches/modules-2/files-2.1/com.github.almasb/fxgl/17.2/35db6ae960eec2dcfd19262d3b7f9c42f0e95bc3/fxgl-17.2.jar!/fxglassets/ui/fonts/Courier-Prime.ttf
00:58:28.869 [JavaFX Application Thread] DEBUG FXGLAssetLoaderServi - Loading from file system: jar:file:/C:/Users/macke/.gradle/caches/modules-2/files-2.1/com.github.almasb/fxgl/17.2/35db6ae960eec2dcfd19262d3b7f9c42f0e95bc3/fxgl-17.2.jar!/fxglassets/textures/fxgl_default_cursor.png
00:58:28.878 [JavaFX Application Thread] DEBUG Input                - Registered new binding: Screenshot - CTRL+8
00:58:28.879 [JavaFX Application Thread] DEBUG Input                - Registered new binding: System info dump - CTRL+9
00:58:28.880 [JavaFX Application Thread] DEBUG Input                - Registered new binding: Restart - CTRL+R
00:58:28.887 [JavaFX Application Thread] DEBUG Input                - Registered new binding: Toggle Debug Camera - CTRL+7
00:58:28.891 [JavaFX Application Thread] DEBUG LoopRunner           - Starting loop
00:58:28.891 [JavaFX Application Thread] DEBUG LoopRunner           - Initializing JavaFX AnimationTimerLoop
00:58:28.895 [JavaFX Application Thread] DEBUG GameApplicationServi - Starting new game
00:58:28.895 [JavaFX Application Thread] DEBUG Input                - Clearing active input actions
00:58:28.911 [JavaFX Application Thread] DEBUG GameApplicationServi - Removing overlay from FXGLStartupScene and adding to FXGLLoadingScene
00:58:28.911 [JavaFX Application Thread] DEBUG PrimaryStageWindow   - FXGLStartupScene -> FXGLLoadingScene
00:58:28.911 [JavaFX Application Thread] DEBUG GameApplicationServi - Clearing previous game
00:58:28.911 [JavaFX Application Thread] DEBUG GameScene            - Clearing game scene
00:58:28.911 [JavaFX Application Thread] DEBUG GameWorld            - Clearing game world
00:58:28.912 [JavaFX Application Thread] DEBUG PhysicsWorld         - Clearing physics world
00:58:28.915 [FXGL Background Thread 4 ] DEBUG FXGLApplication      - Initializing game
00:58:28.917 [JavaFX Application Thread] DEBUG FXGLApplication      - Registering font factories with UI factory
00:58:28.965 [FXGL Background Thread 4 ] DEBUG FXGLAssetLoaderServi - Loading from file system: file:/C:/Users/macke/OneDrive/Documents/School/Semester%203/Programming%20in%20a%20Graphical%20User%20Interface/Homework/animals-revenge/build/resources/main/assets/ui/Home.fxml
00:58:29.222 [FXGL Background Thread 2 ] INFO  UpdaterService       - Your current version:  17.2
00:58:29.222 [FXGL Background Thread 2 ] INFO  UpdaterService       - Latest stable version: 17.3
00:58:29.423 [FXGL Background Thread 4 ] INFO  FXGLApplication      - Game initialization took: 0.508 sec
00:58:29.432 [JavaFX Application Thread] DEBUG Input                - Clearing active input actions
00:58:29.454 [JavaFX Application Thread] DEBUG GameApplicationServi - Removing overlay from FXGLLoadingScene and adding to GameScene
00:58:29.454 [JavaFX Application Thread] DEBUG PrimaryStageWindow   - FXGLLoadingScene -> GameScene
00:58:30.353 [JavaFX Application Thread] DEBUG FXGLAssetLoaderServi - Loading from file system: file:/C:/Users/macke/OneDrive/Documents/School/Semester%203/Programming%20in%20a%20Graphical%20User%20Interface/Homework/animals-revenge/build/resources/main/assets/ui/CustomProjectile.fxml
00:58:31.701 [FXGL Background Thread 3 ] DEBUG Engine               - Logging environment variables
00:58:31.702 [FXGL Background Thread 3 ] DEBUG Engine               - achievements: []
00:58:31.702 [FXGL Background Thread 3 ] DEBUG Engine               - actualHeight: 797.0
00:58:31.703 [FXGL Background Thread 3 ] DEBUG Engine               - actualHeightProperty: ReadOnlyDoubleProperty [value: 797.0]
00:58:31.703 [FXGL Background Thread 3 ] DEBUG Engine               - actualWidth: 1415.0
00:58:31.703 [FXGL Background Thread 3 ] DEBUG Engine               - actualWidthProperty: ReadOnlyDoubleProperty [value: 1415.0]
00:58:31.703 [FXGL Background Thread 3 ] DEBUG Engine               - appIcon: fxgl_icon.png
00:58:31.703 [FXGL Background Thread 3 ] DEBUG Engine               - applicationMode: DEVELOPER
00:58:31.703 [FXGL Background Thread 3 ] DEBUG Engine               - cSSList: [fxgl_dark.css]
00:58:31.704 [FXGL Background Thread 3 ] DEBUG Engine               - collisionDetectionStrategy: BRUTE_FORCE
00:58:31.704 [FXGL Background Thread 3 ] DEBUG Engine               - configClass: Optional.empty
00:58:31.704 [FXGL Background Thread 3 ] DEBUG Engine               - credits: []
00:58:31.707 [FXGL Background Thread 3 ] DEBUG Engine               - defaultCursor: CursorInfo(imageName=fxgl_default_cursor.png, hotspotX=7.0, hotspotY=6.0)
00:58:31.707 [FXGL Background Thread 3 ] DEBUG Engine               - devBBoxColorProperty: ObjectProperty [value: 0xff0000ff]
00:58:31.707 [FXGL Background Thread 3 ] DEBUG Engine               - devEnableDebugCameraProperty: BooleanProperty [value: false]
00:58:31.707 [FXGL Background Thread 3 ] DEBUG Engine               - devSensorColorProperty: ObjectProperty [value: 0xffff00ff]
00:58:31.708 [FXGL Background Thread 3 ] DEBUG Engine               - devShowBBoxProperty: BooleanProperty [value: false]
00:58:31.708 [FXGL Background Thread 3 ] DEBUG Engine               - devShowPositionProperty: BooleanProperty [value: false]
00:58:31.708 [FXGL Background Thread 3 ] DEBUG Engine               - enabledMenuItems: []
00:58:31.708 [FXGL Background Thread 3 ] DEBUG Engine               - engineServices: [class com.almasb.fxgl.app.services.FXGLAssetLoaderService, class com.almasb.fxgl.app.FXGLApplication$GameApplicationService, class com.almasb.fxgl.app.services.FXGLDialogService, class com.almasb.fxgl.app.services.IOTaskExecutorService, class com.almasb.fxgl.io.FileSystemService, class com.almasb.fxgl.localization.LocalizationService, class com.almasb.fxgl.app.services.SystemBundleService, class com.almasb.fxgl.profile.SaveLoadService, class com.almasb.fxgl.ui.FXGLUIFactoryServiceProvider, class com.almasb.fxgl.ui.FXGLDialogFactoryServiceProvider, class com.almasb.fxgl.audio.AudioPlayer, class com.almasb.fxgl.notification.impl.NotificationServiceProvider, class com.almasb.fxgl.achievement.AchievementService, class com.almasb.fxgl.cutscene.CutsceneService, class com.almasb.fxgl.minigames.MiniGameService, class com.almasb.fxgl.net.NetService, class com.almasb.fxgl.app.services.UpdaterService, class com.almasb.fxgl.dev.DevService]
00:58:31.708 [FXGL Background Thread 3 ] DEBUG Engine               - fontGame: Abel-Regular.ttf
00:58:31.709 [FXGL Background Thread 3 ] DEBUG Engine               - fontMono: TerminalLandMono-Regular.otf
00:58:31.709 [FXGL Background Thread 3 ] DEBUG Engine               - fontText: Courier-Prime.ttf
00:58:31.709 [FXGL Background Thread 3 ] DEBUG Engine               - fontUI: VarelaRound-Regular.ttf
00:58:31.709 [FXGL Background Thread 3 ] DEBUG Engine               - fullScreen: BooleanProperty [value: false]
00:58:31.709 [FXGL Background Thread 3 ] DEBUG Engine               - gameDifficulty: MEDIUM
00:58:31.709 [FXGL Background Thread 3 ] DEBUG Engine               - gameDifficultyProperty: ObjectProperty [value: MEDIUM]
00:58:31.709 [FXGL Background Thread 3 ] DEBUG Engine               - globalMusicVolume: 0.5
00:58:31.709 [FXGL Background Thread 3 ] DEBUG Engine               - globalMusicVolumeProperty: DoubleProperty [value: 0.5]
00:58:31.709 [FXGL Background Thread 3 ] DEBUG Engine               - globalSoundVolume: 0.5
00:58:31.710 [FXGL Background Thread 3 ] DEBUG Engine               - globalSoundVolumeProperty: DoubleProperty [value: 0.5]
00:58:31.710 [FXGL Background Thread 3 ] DEBUG Engine               - height: 820
00:58:31.710 [FXGL Background Thread 3 ] DEBUG Engine               - is3D: false
00:58:31.710 [FXGL Background Thread 3 ] DEBUG Engine               - isAndroid: false
00:58:31.710 [FXGL Background Thread 3 ] DEBUG Engine               - isBrowser: false
00:58:31.710 [FXGL Background Thread 3 ] DEBUG Engine               - isClickFeedbackEnabled: false
00:58:31.710 [FXGL Background Thread 3 ] DEBUG Engine               - isCloseConfirmation: false
00:58:31.710 [FXGL Background Thread 3 ] DEBUG Engine               - isDesktop: true
00:58:31.710 [FXGL Background Thread 3 ] DEBUG Engine               - isDeveloperMenuEnabled: false
00:58:31.710 [FXGL Background Thread 3 ] DEBUG Engine               - isEmbedded: false
00:58:31.710 [FXGL Background Thread 3 ] DEBUG Engine               - isEntityPreloadEnabled: true
00:58:31.710 [FXGL Background Thread 3 ] DEBUG Engine               - isExperimentalTiledLargeMap: false
00:58:31.710 [FXGL Background Thread 3 ] DEBUG Engine               - isFileSystemWriteAllowed: true
00:58:31.710 [FXGL Background Thread 3 ] DEBUG Engine               - isFullScreenAllowed: false
00:58:31.710 [FXGL Background Thread 3 ] DEBUG Engine               - isFullScreenFromStart: false
00:58:31.710 [FXGL Background Thread 3 ] DEBUG Engine               - isGameMenuEnabled: false
00:58:31.711 [FXGL Background Thread 3 ] DEBUG Engine               - isIOS: false
00:58:31.711 [FXGL Background Thread 3 ] DEBUG Engine               - isIntroEnabled: false
00:58:31.711 [FXGL Background Thread 3 ] DEBUG Engine               - isLinux: false
00:58:31.711 [FXGL Background Thread 3 ] DEBUG Engine               - isMac: false
00:58:31.711 [FXGL Background Thread 3 ] DEBUG Engine               - isMainMenuEnabled: false
00:58:31.711 [FXGL Background Thread 3 ] DEBUG Engine               - isManualResizeEnabled: false
00:58:31.711 [FXGL Background Thread 3 ] DEBUG Engine               - isMobile: false
00:58:31.711 [FXGL Background Thread 3 ] DEBUG Engine               - isNative: false
00:58:31.711 [FXGL Background Thread 3 ] DEBUG Engine               - isPauseMusicWhenMinimized: true
00:58:31.711 [FXGL Background Thread 3 ] DEBUG Engine               - isPreserveResizeRatio: false
00:58:31.711 [FXGL Background Thread 3 ] DEBUG Engine               - isProfilingEnabled: false
00:58:31.711 [FXGL Background Thread 3 ] DEBUG Engine               - isScaleAffectedOnResize: true
00:58:31.711 [FXGL Background Thread 3 ] DEBUG Engine               - isSingleStep: false
00:58:31.711 [FXGL Background Thread 3 ] DEBUG Engine               - isUserProfileEnabled: false
00:58:31.711 [FXGL Background Thread 3 ] DEBUG Engine               - isWindows: true
00:58:31.711 [FXGL Background Thread 3 ] DEBUG Engine               - language: ObjectProperty [value: ENGLISH]
00:58:31.711 [FXGL Background Thread 3 ] DEBUG Engine               - menuKey: ESCAPE
00:58:31.712 [FXGL Background Thread 3 ] DEBUG Engine               - mouseSensitivity: 0.2
00:58:31.712 [FXGL Background Thread 3 ] DEBUG Engine               - notificationViewClass: class com.almasb.fxgl.notification.view.XboxNotificationView
00:58:31.712 [FXGL Background Thread 3 ] DEBUG Engine               - pixelsPerMeter: 50.0
00:58:31.712 [FXGL Background Thread 3 ] DEBUG Engine               - platform: WINDOWS
00:58:31.712 [FXGL Background Thread 3 ] DEBUG Engine               - prefHeightProperty: ReadOnlyDoubleProperty [value: 820.0]
00:58:31.712 [FXGL Background Thread 3 ] DEBUG Engine               - prefWidthProperty: ReadOnlyDoubleProperty [value: 1480.0]
00:58:31.712 [FXGL Background Thread 3 ] DEBUG Engine               - profileDir: profiles/
00:58:31.712 [FXGL Background Thread 3 ] DEBUG Engine               - profileName: StringProperty [value: DEFAULT]
00:58:31.713 [FXGL Background Thread 3 ] DEBUG Engine               - randomSeed: -1
00:58:31.714 [FXGL Background Thread 3 ] DEBUG Engine               - runtimeInfo: RuntimeInfo(platform=WINDOWS, version=17.2, build=20.08.2022 16.50)
00:58:31.714 [FXGL Background Thread 3 ] DEBUG Engine               - saveFileExt: sav
00:58:31.714 [FXGL Background Thread 3 ] DEBUG Engine               - scaledHeightProp$fxgl: DoubleProperty [bound, value: 797.0]
00:58:31.714 [FXGL Background Thread 3 ] DEBUG Engine               - scaledWidthProp$fxgl: DoubleProperty [bound, value: 1415.0]
00:58:31.714 [FXGL Background Thread 3 ] DEBUG Engine               - sceneFactory: com.almasb.fxgl.app.scene.SceneFactory@46b9a8cf
00:58:31.715 [FXGL Background Thread 3 ] DEBUG Engine               - secondsIn24h: 60
00:58:31.715 [FXGL Background Thread 3 ] DEBUG Engine               - soundMenuBack: menu/back.wav
00:58:31.715 [FXGL Background Thread 3 ] DEBUG Engine               - soundMenuPress: menu/press.wav
00:58:31.715 [FXGL Background Thread 3 ] DEBUG Engine               - soundMenuSelect: menu/select.wav
00:58:31.715 [FXGL Background Thread 3 ] DEBUG Engine               - soundNotification: core/notification.wav
00:58:31.715 [FXGL Background Thread 3 ] DEBUG Engine               - stageStyle: DECORATED
00:58:31.715 [FXGL Background Thread 3 ] DEBUG Engine               - supportedLanguages: [ENGLISH, FRENCH, GERMAN, HUNGARIAN, RUSSIAN]
00:58:31.715 [FXGL Background Thread 3 ] DEBUG Engine               - ticksPerSecond: -1
00:58:31.715 [FXGL Background Thread 3 ] DEBUG Engine               - title: Untitled
00:58:31.715 [FXGL Background Thread 3 ] DEBUG Engine               - urlGithub: https://github.com/AlmasB/FXGL
00:58:31.715 [FXGL Background Thread 3 ] DEBUG Engine               - urlLeaderboard: http://fxgl-top.herokuapp.com/
00:58:31.715 [FXGL Background Thread 3 ] DEBUG Engine               - urlPOM: https://raw.githubusercontent.com/AlmasB/FXGL/release/README.md
00:58:31.716 [FXGL Background Thread 3 ] DEBUG Engine               - userAppClass: class edu.vanier.animals_revenge.MainApp
00:58:31.716 [FXGL Background Thread 3 ] DEBUG Engine               - version: 0.0
00:58:31.716 [FXGL Background Thread 3 ] DEBUG Engine               - versionCheckDays: 7
00:58:31.716 [FXGL Background Thread 3 ] DEBUG Engine               - width: 1480
00:58:31.716 [FXGL Background Thread 3 ] DEBUG Engine               - Logging services
00:58:31.716 [FXGL Background Thread 3 ] DEBUG Engine               - class com.almasb.fxgl.app.services.FXGLAssetLoaderService
00:58:31.716 [FXGL Background Thread 3 ] DEBUG Engine               - class com.almasb.fxgl.app.FXGLApplication$GameApplicationService
00:58:31.716 [FXGL Background Thread 3 ] DEBUG Engine               - class com.almasb.fxgl.app.services.FXGLDialogService
00:58:31.716 [FXGL Background Thread 3 ] DEBUG Engine               - class com.almasb.fxgl.app.services.IOTaskExecutorService
00:58:31.716 [FXGL Background Thread 3 ] DEBUG Engine               - class com.almasb.fxgl.io.FileSystemService
00:58:31.716 [FXGL Background Thread 3 ] DEBUG Engine               - class com.almasb.fxgl.localization.LocalizationService
00:58:31.716 [FXGL Background Thread 3 ] DEBUG Engine               - class com.almasb.fxgl.app.services.SystemBundleService
00:58:31.716 [FXGL Background Thread 3 ] DEBUG Engine               - class com.almasb.fxgl.profile.SaveLoadService
00:58:31.716 [FXGL Background Thread 3 ] DEBUG Engine               - class com.almasb.fxgl.ui.FXGLUIFactoryServiceProvider
00:58:31.716 [FXGL Background Thread 3 ] DEBUG Engine               - class com.almasb.fxgl.ui.FXGLDialogFactoryServiceProvider
00:58:31.716 [FXGL Background Thread 3 ] DEBUG Engine               - class com.almasb.fxgl.audio.AudioPlayer
00:58:31.716 [FXGL Background Thread 3 ] DEBUG Engine               - class com.almasb.fxgl.notification.impl.NotificationServiceProvider
00:58:31.716 [FXGL Background Thread 3 ] DEBUG Engine               - class com.almasb.fxgl.achievement.AchievementService
00:58:31.716 [FXGL Background Thread 3 ] DEBUG Engine               - class com.almasb.fxgl.cutscene.CutsceneService
00:58:31.716 [FXGL Background Thread 3 ] DEBUG Engine               - class com.almasb.fxgl.minigames.MiniGameService
00:58:31.716 [FXGL Background Thread 3 ] DEBUG Engine               - class com.almasb.fxgl.net.NetService
00:58:31.717 [FXGL Background Thread 3 ] DEBUG Engine               - class com.almasb.fxgl.app.services.UpdaterService
00:58:31.717 [FXGL Background Thread 3 ] DEBUG Engine               - class com.almasb.fxgl.dev.DevService
00:59:03.851 [JavaFX Application Thread] DEBUG FXGLAssetLoaderServi - Loading from file system: file:/C:/Users/macke/OneDrive/Documents/School/Semester%203/Programming%20in%20a%20Graphical%20User%20Interface/Homework/animals-revenge/build/resources/main/assets/ui/Home.fxml
00:59:05.686 [JavaFX Application Thread] DEBUG FXGLAssetLoaderServi - Loading from file system: file:/C:/Users/macke/OneDrive/Documents/School/Semester%203/Programming%20in%20a%20Graphical%20User%20Interface/Homework/animals-revenge/build/resources/main/assets/ui/Simulator.fxml
00:59:05.798 [JavaFX Application Thread] DEBUG FXGLAssetLoaderServi - Loading from file system: file:/C:/Users/macke/OneDrive/Documents/School/Semester%203/Programming%20in%20a%20Graphical%20User%20Interface/Homework/animals-revenge/build/resources/main/assets/textures/cannon.png
00:59:05.804 [JavaFX Application Thread] DEBUG FXGLAssetLoaderServi - Loading from file system: file:/C:/Users/macke/OneDrive/Documents/School/Semester%203/Programming%20in%20a%20Graphical%20User%20Interface/Homework/animals-revenge/build/resources/main/assets/textures/brick32x32.png
00:59:30.256 [JavaFX Application Thread] DEBUG FXGLApplication      - Exiting FXGL
00:59:30.256 [JavaFX Application Thread] DEBUG LoopRunner           - Stopping loop
00:59:30.257 [JavaFX Application Thread] DEBUG SystemBundleService  - Saving FXGL system data
00:59:30.259 [JavaFX Application Thread] DEBUG FileSystemAccess     - Writing to: C:\Users\macke\OneDrive\Documents\School\Semester 3\Programming in a Graphical User Interface\Homework\animals-revenge\system\fxgl.bundle
00:59:30.260 [JavaFX Application Thread] DEBUG Async                - Shutting down background threads
00:59:30.261 [JavaFX Application Thread] DEBUG PrimaryStageWindow   - Closing main window
00:59:30.319 [JavaFX Application Thread] DEBUG Logger               - Closing Logger
