09:11:28.098 [main                     ] DEBUG Logger               - Configured Logger
09:11:28.112 [main                     ] DEBUG GameApplication      - Logging settings
Title: Untitled
Version: 0.0
Width: 1480
Height: 820
Fullscreen: false
Intro: false
Profiling: false
Single step:false
App Mode: DEVELOPER
Menu Key: ESCAPE
Stage Style: DECORATED
Scene Factory: class com.almasb.fxgl.app.scene.SceneFactory

09:11:28.368 [JavaFX Application Thread] DEBUG FXGLApplication      - Initializing FXGL
09:11:28.374 [JavaFX Application Thread] INFO  Engine               - FXGL-17.2 (20.08.2022 16.50) on WINDOWS (J:18.0.1.1 FX:20.0.2)
09:11:28.374 [JavaFX Application Thread] DEBUG Engine               - JRE Vendor Name: Oracle Corporation
09:11:28.374 [JavaFX Application Thread] DEBUG Engine               - Running on OS: Windows 10 version 10.0
09:11:28.374 [JavaFX Application Thread] DEBUG Engine               - Architecture: amd64
09:11:28.374 [JavaFX Application Thread] INFO  Engine               - Source code and latest versions at: https://github.com/AlmasB/FXGL
09:11:28.375 [JavaFX Application Thread] INFO  Engine               -       Ask questions and discuss at: https://github.com/AlmasB/FXGL/discussions
09:11:28.375 [JavaFX Application Thread] INFO  Engine               -              Join the FXGL chat at: https://gitter.im/AlmasB/FXGL
09:11:28.450 [JavaFX Application Thread] DEBUG PrimaryStageWindow   - Creating a JavaFX scene
09:11:28.484 [JavaFX Application Thread] DEBUG PrimaryStageWindow   - Target settings size: 1480.0 x 820.0
09:11:28.485 [JavaFX Application Thread] DEBUG PrimaryStageWindow   - Scaled scene size:    1480.0 x 820.0
09:11:28.485 [JavaFX Application Thread] DEBUG PrimaryStageWindow   - Scaled ratio: (1.0, 1.0)
09:11:28.485 [JavaFX Application Thread] DEBUG PrimaryStageWindow   - Set initial scene to FXGLStartupScene
09:11:28.491 [JavaFX Application Thread] DEBUG PrimaryStageWindow   - Opening main window
09:11:28.551 [JavaFX Application Thread] DEBUG PrimaryStageWindow   - Window border size: (16.0, 39.0)
09:11:28.553 [JavaFX Application Thread] DEBUG PrimaryStageWindow   - Scaled size: 1480.0 x 820.0
09:11:28.553 [JavaFX Application Thread] DEBUG PrimaryStageWindow   - Scaled ratio: (1.0, 1.0)
09:11:28.553 [JavaFX Application Thread] DEBUG PrimaryStageWindow   - Scene size: 1480.0 x 820.0
09:11:28.553 [JavaFX Application Thread] DEBUG PrimaryStageWindow   - Stage size: 1496.0 x 859.0
09:11:28.558 [FXGL Background Thread 1 ] DEBUG Engine               - Initializing environment variables
09:11:28.589 [FXGL Background Thread 1 ] DEBUG FXGLAssetLoaderServi - User app class for loading assets: class edu.vanier.animals_revenge.MainApp
09:11:28.589 [FXGL Background Thread 1 ] DEBUG GameApplicationServi - Applying CSS: fxgl_dark.css
09:11:28.591 [FXGL Background Thread 1 ] DEBUG FXGLAssetLoaderServi - Loading from file system: jar:file:/C:/Users/2268182/.gradle/caches/modules-2/files-2.1/com.github.almasb/fxgl/17.2/35db6ae960eec2dcfd19262d3b7f9c42f0e95bc3/fxgl-17.2.jar!/fxglassets/ui/css/fxgl_dark.css
09:11:28.623 [FXGL Background Thread 1 ] DEBUG GameApplicationServi - Initializing application scenes
09:11:28.653 [FXGL Background Thread 1 ] DEBUG GameWorld            - Game world initialized
09:11:28.702 [FXGL Background Thread 1 ] DEBUG PhysicsWorld         - Physics world initialized: appHeight=820, physics.ppm=50.0
09:11:28.702 [FXGL Background Thread 1 ] DEBUG PhysicsWorld         - Using strategy: BRUTE_FORCE
09:11:28.706 [FXGL Background Thread 1 ] DEBUG GameScene            - Game scene initialized: 1480x820
09:11:28.706 [FXGL Background Thread 1 ] DEBUG GameApplicationServi - Application scenes initialized
09:11:28.718 [FXGL Background Thread 1 ] DEBUG SystemBundleService  - Loading FXGL system data
09:11:28.722 [FXGL Background Thread 1 ] DEBUG FileSystemAccess     - Reading from: C:\Users\2268182\Documents\GitHub\animals-revenge\system\fxgl.bundle
09:11:28.729 [FXGL Background Thread 1 ] DEBUG SystemBundleService  - Bundle FXGL: {}
09:11:28.729 [FXGL Background Thread 1 ] DEBUG UpdaterService       - Checking for updates
09:11:28.735 [FXGL Background Thread 4 ] DEBUG FXGLApplication      - Loading fonts
09:11:28.736 [FXGL Background Thread 4 ] DEBUG FXGLAssetLoaderServi - Loading from file system: jar:file:/C:/Users/2268182/.gradle/caches/modules-2/files-2.1/com.github.almasb/fxgl/17.2/35db6ae960eec2dcfd19262d3b7f9c42f0e95bc3/fxgl-17.2.jar!/fxglassets/ui/fonts/VarelaRound-Regular.ttf
09:11:28.736 [FXGL Background Thread 1 ] DEBUG FXGLApplication      - Loading default localization
09:11:28.737 [FXGL Background Thread 1 ] DEBUG FXGLAssetLoaderServi - Loading from file system: jar:file:/C:/Users/2268182/.gradle/caches/modules-2/files-2.1/com.github.almasb/fxgl/17.2/35db6ae960eec2dcfd19262d3b7f9c42f0e95bc3/fxgl-17.2.jar!/fxglassets/languages/english.lang
09:11:28.762 [FXGL Background Thread 1 ] INFO  FXGLApplication      - FXGL initialization took: 0.205 sec
09:11:28.766 [JavaFX Application Thread] DEBUG Input                - Registered new binding: Launch - RMB
09:11:28.766 [JavaFX Application Thread] DEBUG Input                - Registered new binding: Create - LMB
09:11:28.767 [JavaFX Application Thread] DEBUG Input                - Registered new binding: Drag - CTRL+LMB
09:11:28.767 [JavaFX Application Thread] DEBUG FXGLAssetLoaderServi - Loading from file system: jar:file:/C:/Users/2268182/.gradle/caches/modules-2/files-2.1/com.github.almasb/fxgl/17.2/35db6ae960eec2dcfd19262d3b7f9c42f0e95bc3/fxgl-17.2.jar!/fxglassets/textures/fxgl_icon.png
09:11:28.797 [FXGL Background Thread 4 ] DEBUG FXGLAssetLoaderServi - Loading from file system: jar:file:/C:/Users/2268182/.gradle/caches/modules-2/files-2.1/com.github.almasb/fxgl/17.2/35db6ae960eec2dcfd19262d3b7f9c42f0e95bc3/fxgl-17.2.jar!/fxglassets/ui/fonts/Abel-Regular.ttf
09:11:28.800 [FXGL Background Thread 4 ] DEBUG FXGLAssetLoaderServi - Loading from file system: jar:file:/C:/Users/2268182/.gradle/caches/modules-2/files-2.1/com.github.almasb/fxgl/17.2/35db6ae960eec2dcfd19262d3b7f9c42f0e95bc3/fxgl-17.2.jar!/fxglassets/ui/fonts/TerminalLandMono-Regular.otf
09:11:28.803 [FXGL Background Thread 4 ] DEBUG FXGLAssetLoaderServi - Loading from file system: jar:file:/C:/Users/2268182/.gradle/caches/modules-2/files-2.1/com.github.almasb/fxgl/17.2/35db6ae960eec2dcfd19262d3b7f9c42f0e95bc3/fxgl-17.2.jar!/fxglassets/ui/fonts/Courier-Prime.ttf
09:11:28.814 [JavaFX Application Thread] DEBUG FXGLAssetLoaderServi - Loading from file system: jar:file:/C:/Users/2268182/.gradle/caches/modules-2/files-2.1/com.github.almasb/fxgl/17.2/35db6ae960eec2dcfd19262d3b7f9c42f0e95bc3/fxgl-17.2.jar!/fxglassets/textures/fxgl_default_cursor.png
09:11:28.821 [JavaFX Application Thread] DEBUG Input                - Registered new binding: Screenshot - CTRL+8
09:11:28.822 [JavaFX Application Thread] DEBUG Input                - Registered new binding: System info dump - CTRL+9
09:11:28.823 [JavaFX Application Thread] DEBUG Input                - Registered new binding: Restart - CTRL+R
09:11:28.824 [JavaFX Application Thread] DEBUG Input                - Registered new binding: Toggle Debug Camera - CTRL+7
09:11:28.828 [JavaFX Application Thread] DEBUG LoopRunner           - Starting loop
09:11:28.828 [JavaFX Application Thread] DEBUG LoopRunner           - Initializing JavaFX AnimationTimerLoop
09:11:28.830 [JavaFX Application Thread] DEBUG GameApplicationServi - Starting new game
09:11:28.830 [JavaFX Application Thread] DEBUG Input                - Clearing active input actions
09:11:28.839 [JavaFX Application Thread] DEBUG GameApplicationServi - Removing overlay from FXGLStartupScene and adding to FXGLLoadingScene
09:11:28.839 [JavaFX Application Thread] DEBUG PrimaryStageWindow   - FXGLStartupScene -> FXGLLoadingScene
09:11:28.839 [JavaFX Application Thread] DEBUG GameApplicationServi - Clearing previous game
09:11:28.839 [JavaFX Application Thread] DEBUG GameScene            - Clearing game scene
09:11:28.839 [JavaFX Application Thread] DEBUG GameWorld            - Clearing game world
09:11:28.840 [JavaFX Application Thread] DEBUG PhysicsWorld         - Clearing physics world
09:11:28.842 [FXGL Background Thread 4 ] DEBUG FXGLApplication      - Initializing game
09:11:28.842 [JavaFX Application Thread] DEBUG FXGLApplication      - Registering font factories with UI factory
09:11:28.885 [FXGL Background Thread 4 ] DEBUG FXGLAssetLoaderServi - Loading from file system: file:/C:/Users/2268182/Documents/GitHub/animals-revenge/build/resources/main/assets/ui/Home.fxml
09:11:29.161 [FXGL Background Thread 2 ] INFO  UpdaterService       - Your current version:  17.2
09:11:29.161 [FXGL Background Thread 2 ] INFO  UpdaterService       - Latest stable version: 17.3
09:11:29.217 [FXGL Background Thread 4 ] INFO  FXGLApplication      - Game initialization took: 0.375 sec
09:11:29.221 [JavaFX Application Thread] DEBUG Input                - Clearing active input actions
09:11:29.233 [JavaFX Application Thread] DEBUG GameApplicationServi - Removing overlay from FXGLLoadingScene and adding to GameScene
09:11:29.234 [JavaFX Application Thread] DEBUG PrimaryStageWindow   - FXGLLoadingScene -> GameScene
09:11:31.744 [FXGL Background Thread 3 ] DEBUG Engine               - Logging environment variables
09:11:31.745 [FXGL Background Thread 3 ] DEBUG Engine               - achievements: []
09:11:31.745 [FXGL Background Thread 3 ] DEBUG Engine               - actualHeight: 820.0
09:11:31.745 [FXGL Background Thread 3 ] DEBUG Engine               - actualHeightProperty: ReadOnlyDoubleProperty [value: 820.0]
09:11:31.745 [FXGL Background Thread 3 ] DEBUG Engine               - actualWidth: 1480.0
09:11:31.745 [FXGL Background Thread 3 ] DEBUG Engine               - actualWidthProperty: ReadOnlyDoubleProperty [value: 1480.0]
09:11:31.745 [FXGL Background Thread 3 ] DEBUG Engine               - appIcon: fxgl_icon.png
09:11:31.745 [FXGL Background Thread 3 ] DEBUG Engine               - applicationMode: DEVELOPER
09:11:31.745 [FXGL Background Thread 3 ] DEBUG Engine               - cSSList: [fxgl_dark.css]
09:11:31.745 [FXGL Background Thread 3 ] DEBUG Engine               - collisionDetectionStrategy: BRUTE_FORCE
09:11:31.745 [FXGL Background Thread 3 ] DEBUG Engine               - configClass: Optional.empty
09:11:31.745 [FXGL Background Thread 3 ] DEBUG Engine               - credits: []
09:11:31.746 [FXGL Background Thread 3 ] DEBUG Engine               - defaultCursor: CursorInfo(imageName=fxgl_default_cursor.png, hotspotX=7.0, hotspotY=6.0)
09:11:31.747 [FXGL Background Thread 3 ] DEBUG Engine               - devBBoxColorProperty: ObjectProperty [value: 0xff0000ff]
09:11:31.747 [FXGL Background Thread 3 ] DEBUG Engine               - devEnableDebugCameraProperty: BooleanProperty [value: false]
09:11:31.747 [FXGL Background Thread 3 ] DEBUG Engine               - devSensorColorProperty: ObjectProperty [value: 0xffff00ff]
09:11:31.747 [FXGL Background Thread 3 ] DEBUG Engine               - devShowBBoxProperty: BooleanProperty [value: false]
09:11:31.747 [FXGL Background Thread 3 ] DEBUG Engine               - devShowPositionProperty: BooleanProperty [value: false]
09:11:31.747 [FXGL Background Thread 3 ] DEBUG Engine               - enabledMenuItems: []
09:11:31.747 [FXGL Background Thread 3 ] DEBUG Engine               - engineServices: [class com.almasb.fxgl.app.services.FXGLAssetLoaderService, class com.almasb.fxgl.app.FXGLApplication$GameApplicationService, class com.almasb.fxgl.app.services.FXGLDialogService, class com.almasb.fxgl.app.services.IOTaskExecutorService, class com.almasb.fxgl.io.FileSystemService, class com.almasb.fxgl.localization.LocalizationService, class com.almasb.fxgl.app.services.SystemBundleService, class com.almasb.fxgl.profile.SaveLoadService, class com.almasb.fxgl.ui.FXGLUIFactoryServiceProvider, class com.almasb.fxgl.ui.FXGLDialogFactoryServiceProvider, class com.almasb.fxgl.audio.AudioPlayer, class com.almasb.fxgl.notification.impl.NotificationServiceProvider, class com.almasb.fxgl.achievement.AchievementService, class com.almasb.fxgl.cutscene.CutsceneService, class com.almasb.fxgl.minigames.MiniGameService, class com.almasb.fxgl.net.NetService, class com.almasb.fxgl.app.services.UpdaterService, class com.almasb.fxgl.dev.DevService]
09:11:31.747 [FXGL Background Thread 3 ] DEBUG Engine               - fontGame: Abel-Regular.ttf
09:11:31.747 [FXGL Background Thread 3 ] DEBUG Engine               - fontMono: TerminalLandMono-Regular.otf
09:11:31.747 [FXGL Background Thread 3 ] DEBUG Engine               - fontText: Courier-Prime.ttf
09:11:31.747 [FXGL Background Thread 3 ] DEBUG Engine               - fontUI: VarelaRound-Regular.ttf
09:11:31.747 [FXGL Background Thread 3 ] DEBUG Engine               - fullScreen: BooleanProperty [value: false]
09:11:31.747 [FXGL Background Thread 3 ] DEBUG Engine               - gameDifficulty: MEDIUM
09:11:31.747 [FXGL Background Thread 3 ] DEBUG Engine               - gameDifficultyProperty: ObjectProperty [value: MEDIUM]
09:11:31.747 [FXGL Background Thread 3 ] DEBUG Engine               - globalMusicVolume: 0.5
09:11:31.747 [FXGL Background Thread 3 ] DEBUG Engine               - globalMusicVolumeProperty: DoubleProperty [value: 0.5]
09:11:31.747 [FXGL Background Thread 3 ] DEBUG Engine               - globalSoundVolume: 0.5
09:11:31.747 [FXGL Background Thread 3 ] DEBUG Engine               - globalSoundVolumeProperty: DoubleProperty [value: 0.5]
09:11:31.747 [FXGL Background Thread 3 ] DEBUG Engine               - height: 820
09:11:31.747 [FXGL Background Thread 3 ] DEBUG Engine               - is3D: false
09:11:31.748 [FXGL Background Thread 3 ] DEBUG Engine               - isAndroid: false
09:11:31.748 [FXGL Background Thread 3 ] DEBUG Engine               - isBrowser: false
09:11:31.748 [FXGL Background Thread 3 ] DEBUG Engine               - isClickFeedbackEnabled: false
09:11:31.748 [FXGL Background Thread 3 ] DEBUG Engine               - isCloseConfirmation: false
09:11:31.748 [FXGL Background Thread 3 ] DEBUG Engine               - isDesktop: true
09:11:31.748 [FXGL Background Thread 3 ] DEBUG Engine               - isDeveloperMenuEnabled: false
09:11:31.748 [FXGL Background Thread 3 ] DEBUG Engine               - isEmbedded: false
09:11:31.748 [FXGL Background Thread 3 ] DEBUG Engine               - isEntityPreloadEnabled: true
09:11:31.748 [FXGL Background Thread 3 ] DEBUG Engine               - isExperimentalTiledLargeMap: false
09:11:31.748 [FXGL Background Thread 3 ] DEBUG Engine               - isFileSystemWriteAllowed: true
09:11:31.748 [FXGL Background Thread 3 ] DEBUG Engine               - isFullScreenAllowed: false
09:11:31.748 [FXGL Background Thread 3 ] DEBUG Engine               - isFullScreenFromStart: false
09:11:31.748 [FXGL Background Thread 3 ] DEBUG Engine               - isGameMenuEnabled: false
09:11:31.748 [FXGL Background Thread 3 ] DEBUG Engine               - isIOS: false
09:11:31.748 [FXGL Background Thread 3 ] DEBUG Engine               - isIntroEnabled: false
09:11:31.748 [FXGL Background Thread 3 ] DEBUG Engine               - isLinux: false
09:11:31.748 [FXGL Background Thread 3 ] DEBUG Engine               - isMac: false
09:11:31.748 [FXGL Background Thread 3 ] DEBUG Engine               - isMainMenuEnabled: false
09:11:31.748 [FXGL Background Thread 3 ] DEBUG Engine               - isManualResizeEnabled: false
09:11:31.748 [FXGL Background Thread 3 ] DEBUG Engine               - isMobile: false
09:11:31.748 [FXGL Background Thread 3 ] DEBUG Engine               - isNative: false
09:11:31.748 [FXGL Background Thread 3 ] DEBUG Engine               - isPauseMusicWhenMinimized: true
09:11:31.748 [FXGL Background Thread 3 ] DEBUG Engine               - isPreserveResizeRatio: false
09:11:31.748 [FXGL Background Thread 3 ] DEBUG Engine               - isProfilingEnabled: false
09:11:31.748 [FXGL Background Thread 3 ] DEBUG Engine               - isScaleAffectedOnResize: true
09:11:31.749 [FXGL Background Thread 3 ] DEBUG Engine               - isSingleStep: false
09:11:31.749 [FXGL Background Thread 3 ] DEBUG Engine               - isUserProfileEnabled: false
09:11:31.749 [FXGL Background Thread 3 ] DEBUG Engine               - isWindows: true
09:11:31.749 [FXGL Background Thread 3 ] DEBUG Engine               - language: ObjectProperty [value: ENGLISH]
09:11:31.749 [FXGL Background Thread 3 ] DEBUG Engine               - menuKey: ESCAPE
09:11:31.749 [FXGL Background Thread 3 ] DEBUG Engine               - mouseSensitivity: 0.2
09:11:31.749 [FXGL Background Thread 3 ] DEBUG Engine               - notificationViewClass: class com.almasb.fxgl.notification.view.XboxNotificationView
09:11:31.749 [FXGL Background Thread 3 ] DEBUG Engine               - pixelsPerMeter: 50.0
09:11:31.749 [FXGL Background Thread 3 ] DEBUG Engine               - platform: WINDOWS
09:11:31.749 [FXGL Background Thread 3 ] DEBUG Engine               - prefHeightProperty: ReadOnlyDoubleProperty [value: 820.0]
09:11:31.749 [FXGL Background Thread 3 ] DEBUG Engine               - prefWidthProperty: ReadOnlyDoubleProperty [value: 1480.0]
09:11:31.749 [FXGL Background Thread 3 ] DEBUG Engine               - profileDir: profiles/
09:11:31.749 [FXGL Background Thread 3 ] DEBUG Engine               - profileName: StringProperty [value: DEFAULT]
09:11:31.749 [FXGL Background Thread 3 ] DEBUG Engine               - randomSeed: -1
09:11:31.749 [FXGL Background Thread 3 ] DEBUG Engine               - runtimeInfo: RuntimeInfo(platform=WINDOWS, version=17.2, build=20.08.2022 16.50)
09:11:31.749 [FXGL Background Thread 3 ] DEBUG Engine               - saveFileExt: sav
09:11:31.749 [FXGL Background Thread 3 ] DEBUG Engine               - scaledHeightProp$fxgl: DoubleProperty [bound, value: 820.0]
09:11:31.749 [FXGL Background Thread 3 ] DEBUG Engine               - scaledWidthProp$fxgl: DoubleProperty [bound, value: 1480.0]
09:11:31.749 [FXGL Background Thread 3 ] DEBUG Engine               - sceneFactory: com.almasb.fxgl.app.scene.SceneFactory@4eaf55cf
09:11:31.749 [FXGL Background Thread 3 ] DEBUG Engine               - secondsIn24h: 60
09:11:31.749 [FXGL Background Thread 3 ] DEBUG Engine               - soundMenuBack: menu/back.wav
09:11:31.750 [FXGL Background Thread 3 ] DEBUG Engine               - soundMenuPress: menu/press.wav
09:11:31.750 [FXGL Background Thread 3 ] DEBUG Engine               - soundMenuSelect: menu/select.wav
09:11:31.750 [FXGL Background Thread 3 ] DEBUG Engine               - soundNotification: core/notification.wav
09:11:31.750 [FXGL Background Thread 3 ] DEBUG Engine               - stageStyle: DECORATED
09:11:31.750 [FXGL Background Thread 3 ] DEBUG Engine               - supportedLanguages: [ENGLISH, FRENCH, GERMAN, HUNGARIAN, RUSSIAN]
09:11:31.750 [FXGL Background Thread 3 ] DEBUG Engine               - ticksPerSecond: -1
09:11:31.750 [FXGL Background Thread 3 ] DEBUG Engine               - title: Untitled
09:11:31.750 [FXGL Background Thread 3 ] DEBUG Engine               - urlGithub: https://github.com/AlmasB/FXGL
09:11:31.750 [FXGL Background Thread 3 ] DEBUG Engine               - urlLeaderboard: http://fxgl-top.herokuapp.com/
09:11:31.750 [FXGL Background Thread 3 ] DEBUG Engine               - urlPOM: https://raw.githubusercontent.com/AlmasB/FXGL/release/README.md
09:11:31.750 [FXGL Background Thread 3 ] DEBUG Engine               - userAppClass: class edu.vanier.animals_revenge.MainApp
09:11:31.750 [FXGL Background Thread 3 ] DEBUG Engine               - version: 0.0
09:11:31.750 [FXGL Background Thread 3 ] DEBUG Engine               - versionCheckDays: 7
09:11:31.750 [FXGL Background Thread 3 ] DEBUG Engine               - width: 1480
09:11:31.750 [FXGL Background Thread 3 ] DEBUG Engine               - Logging services
09:11:31.750 [FXGL Background Thread 3 ] DEBUG Engine               - class com.almasb.fxgl.app.services.FXGLAssetLoaderService
09:11:31.750 [FXGL Background Thread 3 ] DEBUG Engine               - class com.almasb.fxgl.app.FXGLApplication$GameApplicationService
09:11:31.750 [FXGL Background Thread 3 ] DEBUG Engine               - class com.almasb.fxgl.app.services.FXGLDialogService
09:11:31.750 [FXGL Background Thread 3 ] DEBUG Engine               - class com.almasb.fxgl.app.services.IOTaskExecutorService
09:11:31.750 [FXGL Background Thread 3 ] DEBUG Engine               - class com.almasb.fxgl.io.FileSystemService
09:11:31.750 [FXGL Background Thread 3 ] DEBUG Engine               - class com.almasb.fxgl.localization.LocalizationService
09:11:31.750 [FXGL Background Thread 3 ] DEBUG Engine               - class com.almasb.fxgl.app.services.SystemBundleService
09:11:31.750 [FXGL Background Thread 3 ] DEBUG Engine               - class com.almasb.fxgl.profile.SaveLoadService
09:11:31.750 [FXGL Background Thread 3 ] DEBUG Engine               - class com.almasb.fxgl.ui.FXGLUIFactoryServiceProvider
09:11:31.750 [FXGL Background Thread 3 ] DEBUG Engine               - class com.almasb.fxgl.ui.FXGLDialogFactoryServiceProvider
09:11:31.750 [FXGL Background Thread 3 ] DEBUG Engine               - class com.almasb.fxgl.audio.AudioPlayer
09:11:31.750 [FXGL Background Thread 3 ] DEBUG Engine               - class com.almasb.fxgl.notification.impl.NotificationServiceProvider
09:11:31.750 [FXGL Background Thread 3 ] DEBUG Engine               - class com.almasb.fxgl.achievement.AchievementService
09:11:31.751 [FXGL Background Thread 3 ] DEBUG Engine               - class com.almasb.fxgl.cutscene.CutsceneService
09:11:31.751 [FXGL Background Thread 3 ] DEBUG Engine               - class com.almasb.fxgl.minigames.MiniGameService
09:11:31.751 [FXGL Background Thread 3 ] DEBUG Engine               - class com.almasb.fxgl.net.NetService
09:11:31.751 [FXGL Background Thread 3 ] DEBUG Engine               - class com.almasb.fxgl.app.services.UpdaterService
09:11:31.751 [FXGL Background Thread 3 ] DEBUG Engine               - class com.almasb.fxgl.dev.DevService
09:11:36.112 [JavaFX Application Thread] DEBUG FXGLAssetLoaderServi - Loading from file system: file:/C:/Users/2268182/Documents/GitHub/animals-revenge/build/resources/main/assets/ui/Simulator.fxml
09:11:36.173 [JavaFX Application Thread] DEBUG FXGLAssetLoaderServi - Loading from file system: file:/C:/Users/2268182/Documents/GitHub/animals-revenge/build/resources/main/assets/textures/cannon.png
09:12:11.464 [JavaFX Application Thread] DEBUG FXGLAssetLoaderServi - Loading from file system: file:/C:/Users/2268182/Documents/GitHub/animals-revenge/build/resources/main/assets/ui/Home.fxml
09:12:12.711 [JavaFX Application Thread] DEBUG FXGLAssetLoaderServi - Loading from file system: file:/C:/Users/2268182/Documents/GitHub/animals-revenge/build/resources/main/assets/ui/CustomProjectile.fxml
09:12:16.456 [JavaFX Application Thread] DEBUG FXGLAssetLoaderServi - Loading from file system: file:/C:/Users/2268182/Documents/GitHub/animals-revenge/build/resources/main/assets/ui/Home.fxml
09:12:17.382 [JavaFX Application Thread] DEBUG FXGLAssetLoaderServi - Loading from file system: file:/C:/Users/2268182/Documents/GitHub/animals-revenge/build/resources/main/assets/ui/Simulator.fxml
09:12:23.934 [JavaFX Application Thread] DEBUG FXGLApplication      - Exiting FXGL
09:12:23.934 [JavaFX Application Thread] DEBUG LoopRunner           - Stopping loop
09:12:23.934 [JavaFX Application Thread] DEBUG SystemBundleService  - Saving FXGL system data
09:12:23.936 [JavaFX Application Thread] DEBUG FileSystemAccess     - Writing to: C:\Users\2268182\Documents\GitHub\animals-revenge\system\fxgl.bundle
09:12:23.936 [JavaFX Application Thread] DEBUG Async                - Shutting down background threads
09:12:23.936 [JavaFX Application Thread] DEBUG PrimaryStageWindow   - Closing main window
09:12:23.948 [JavaFX Application Thread] DEBUG Logger               - Closing Logger
