18:39:18.633 [main                     ] DEBUG Logger               - Configured Logger
18:39:18.656 [main                     ] DEBUG GameApplication      - Logging settings
Title: Untitled
Version: 0.0
Width: 1480
Height: 820
Fullscreen: false
Intro: false
Profiling: false
Single step:false
App Mode: DEVELOPER
Menu Key: ESCAPE
Stage Style: DECORATED
Scene Factory: class com.almasb.fxgl.app.scene.SceneFactory

18:39:19.147 [JavaFX Application Thread] DEBUG FXGLApplication      - Initializing FXGL
18:39:19.158 [JavaFX Application Thread] INFO  Engine               - FXGL-17.2 (20.08.2022 16.50) on WINDOWS (J:18.0.2.1 FX:20.0.2)
18:39:19.159 [JavaFX Application Thread] DEBUG Engine               - JRE Vendor Name: Oracle Corporation
18:39:19.159 [JavaFX Application Thread] DEBUG Engine               - Running on OS: Windows 11 version 10.0
18:39:19.159 [JavaFX Application Thread] DEBUG Engine               - Architecture: amd64
18:39:19.159 [JavaFX Application Thread] INFO  Engine               - Source code and latest versions at: https://github.com/AlmasB/FXGL
18:39:19.160 [JavaFX Application Thread] INFO  Engine               -       Ask questions and discuss at: https://github.com/AlmasB/FXGL/discussions
18:39:19.160 [JavaFX Application Thread] INFO  Engine               -              Join the FXGL chat at: https://gitter.im/AlmasB/FXGL
18:39:19.291 [JavaFX Application Thread] DEBUG PrimaryStageWindow   - Creating a JavaFX scene
18:39:19.291 [JavaFX Application Thread] DEBUG PrimaryStageWindow   - Target size > screen size
18:39:19.365 [JavaFX Application Thread] DEBUG PrimaryStageWindow   - Target settings size: 1480.0 x 820.0
18:39:19.365 [JavaFX Application Thread] DEBUG PrimaryStageWindow   - Scaled scene size:    1447.0 x 815.0
18:39:19.367 [JavaFX Application Thread] DEBUG PrimaryStageWindow   - Scaled ratio: (0.9777027027027027, 0.9939024390243902)
18:39:19.368 [JavaFX Application Thread] DEBUG PrimaryStageWindow   - Set initial scene to FXGLStartupScene
18:39:19.375 [JavaFX Application Thread] DEBUG PrimaryStageWindow   - Opening main window
18:39:19.516 [JavaFX Application Thread] DEBUG PrimaryStageWindow   - Window border size: (14.5999755859375, 37.79998779296875)
18:39:19.516 [JavaFX Application Thread] DEBUG PrimaryStageWindow   - Scaled size: 1447.0 x 815.0
18:39:19.516 [JavaFX Application Thread] DEBUG PrimaryStageWindow   - Scaled ratio: (0.9777027027027027, 0.9939024390243902)
18:39:19.516 [JavaFX Application Thread] DEBUG PrimaryStageWindow   - Scene size: 1447.0 x 815.0
18:39:19.518 [JavaFX Application Thread] DEBUG PrimaryStageWindow   - Stage size: 1461.5999755859375 x 852.7999877929688
18:39:19.528 [FXGL Background Thread 1 ] DEBUG Engine               - Initializing environment variables
18:39:19.596 [FXGL Background Thread 1 ] DEBUG FXGLAssetLoaderServi - User app class for loading assets: class edu.vanier.animals_revenge.MainApp
18:39:19.596 [FXGL Background Thread 1 ] DEBUG GameApplicationServi - Applying CSS: fxgl_dark.css
18:39:19.598 [FXGL Background Thread 1 ] DEBUG FXGLAssetLoaderServi - Loading from file system: jar:file:/C:/Users/zacha/.gradle/caches/modules-2/files-2.1/com.github.almasb/fxgl/17.2/35db6ae960eec2dcfd19262d3b7f9c42f0e95bc3/fxgl-17.2.jar!/fxglassets/ui/css/fxgl_dark.css
18:39:19.656 [FXGL Background Thread 1 ] DEBUG GameApplicationServi - Initializing application scenes
18:39:19.716 [FXGL Background Thread 1 ] DEBUG GameWorld            - Game world initialized
18:39:19.814 [FXGL Background Thread 1 ] DEBUG PhysicsWorld         - Physics world initialized: appHeight=820, physics.ppm=50.0
18:39:19.814 [FXGL Background Thread 1 ] DEBUG PhysicsWorld         - Using strategy: BRUTE_FORCE
18:39:19.822 [FXGL Background Thread 1 ] DEBUG GameScene            - Game scene initialized: 1480x820
18:39:19.822 [FXGL Background Thread 1 ] DEBUG GameApplicationServi - Application scenes initialized
18:39:19.851 [FXGL Background Thread 1 ] DEBUG SystemBundleService  - Loading FXGL system data
18:39:19.859 [FXGL Background Thread 1 ] DEBUG FileSystemAccess     - Reading from: C:\Users\zacha\OneDrive\Documents\GitHub\animals-revenge\system\fxgl.bundle
18:39:19.872 [FXGL Background Thread 1 ] DEBUG SystemBundleService  - Bundle FXGL: {}
18:39:19.872 [FXGL Background Thread 1 ] DEBUG UpdaterService       - Checking for updates
18:39:19.885 [FXGL Background Thread 4 ] DEBUG FXGLApplication      - Loading fonts
18:39:19.886 [FXGL Background Thread 1 ] DEBUG FXGLApplication      - Loading default localization
18:39:19.887 [FXGL Background Thread 4 ] DEBUG FXGLAssetLoaderServi - Loading from file system: jar:file:/C:/Users/zacha/.gradle/caches/modules-2/files-2.1/com.github.almasb/fxgl/17.2/35db6ae960eec2dcfd19262d3b7f9c42f0e95bc3/fxgl-17.2.jar!/fxglassets/ui/fonts/VarelaRound-Regular.ttf
18:39:19.888 [FXGL Background Thread 1 ] DEBUG FXGLAssetLoaderServi - Loading from file system: jar:file:/C:/Users/zacha/.gradle/caches/modules-2/files-2.1/com.github.almasb/fxgl/17.2/35db6ae960eec2dcfd19262d3b7f9c42f0e95bc3/fxgl-17.2.jar!/fxglassets/languages/english.lang
18:39:19.938 [FXGL Background Thread 1 ] INFO  FXGLApplication      - FXGL initialization took: 0.410 sec
18:39:19.947 [JavaFX Application Thread] DEBUG Input                - Registered new binding: Launch - RMB
18:39:19.948 [JavaFX Application Thread] DEBUG Input                - Registered new binding: Create - LMB
18:39:19.948 [JavaFX Application Thread] DEBUG Input                - Registered new binding: Drag - CTRL+LMB
18:39:19.949 [JavaFX Application Thread] DEBUG FXGLAssetLoaderServi - Loading from file system: jar:file:/C:/Users/zacha/.gradle/caches/modules-2/files-2.1/com.github.almasb/fxgl/17.2/35db6ae960eec2dcfd19262d3b7f9c42f0e95bc3/fxgl-17.2.jar!/fxglassets/textures/fxgl_icon.png
18:39:19.985 [FXGL Background Thread 4 ] DEBUG FXGLAssetLoaderServi - Loading from file system: jar:file:/C:/Users/zacha/.gradle/caches/modules-2/files-2.1/com.github.almasb/fxgl/17.2/35db6ae960eec2dcfd19262d3b7f9c42f0e95bc3/fxgl-17.2.jar!/fxglassets/ui/fonts/Abel-Regular.ttf
18:39:19.993 [FXGL Background Thread 4 ] DEBUG FXGLAssetLoaderServi - Loading from file system: jar:file:/C:/Users/zacha/.gradle/caches/modules-2/files-2.1/com.github.almasb/fxgl/17.2/35db6ae960eec2dcfd19262d3b7f9c42f0e95bc3/fxgl-17.2.jar!/fxglassets/ui/fonts/TerminalLandMono-Regular.otf
18:39:20.001 [FXGL Background Thread 4 ] DEBUG FXGLAssetLoaderServi - Loading from file system: jar:file:/C:/Users/zacha/.gradle/caches/modules-2/files-2.1/com.github.almasb/fxgl/17.2/35db6ae960eec2dcfd19262d3b7f9c42f0e95bc3/fxgl-17.2.jar!/fxglassets/ui/fonts/Courier-Prime.ttf
18:39:20.032 [JavaFX Application Thread] DEBUG FXGLAssetLoaderServi - Loading from file system: jar:file:/C:/Users/zacha/.gradle/caches/modules-2/files-2.1/com.github.almasb/fxgl/17.2/35db6ae960eec2dcfd19262d3b7f9c42f0e95bc3/fxgl-17.2.jar!/fxglassets/textures/fxgl_default_cursor.png
18:39:20.047 [JavaFX Application Thread] DEBUG Input                - Registered new binding: Screenshot - CTRL+8
18:39:20.048 [JavaFX Application Thread] DEBUG Input                - Registered new binding: System info dump - CTRL+9
18:39:20.049 [JavaFX Application Thread] DEBUG Input                - Registered new binding: Restart - CTRL+R
18:39:20.050 [JavaFX Application Thread] DEBUG Input                - Registered new binding: Toggle Debug Camera - CTRL+7
18:39:20.055 [JavaFX Application Thread] DEBUG LoopRunner           - Starting loop
18:39:20.055 [JavaFX Application Thread] DEBUG LoopRunner           - Initializing JavaFX AnimationTimerLoop
18:39:20.058 [JavaFX Application Thread] DEBUG GameApplicationServi - Starting new game
18:39:20.058 [JavaFX Application Thread] DEBUG Input                - Clearing active input actions
18:39:20.091 [JavaFX Application Thread] DEBUG GameApplicationServi - Removing overlay from FXGLStartupScene and adding to FXGLLoadingScene
18:39:20.093 [JavaFX Application Thread] DEBUG PrimaryStageWindow   - FXGLStartupScene -> FXGLLoadingScene
18:39:20.093 [JavaFX Application Thread] DEBUG GameApplicationServi - Clearing previous game
18:39:20.093 [JavaFX Application Thread] DEBUG GameScene            - Clearing game scene
18:39:20.093 [JavaFX Application Thread] DEBUG GameWorld            - Clearing game world
18:39:20.093 [JavaFX Application Thread] DEBUG PhysicsWorld         - Clearing physics world
18:39:20.100 [FXGL Background Thread 4 ] DEBUG FXGLApplication      - Initializing game
18:39:20.100 [JavaFX Application Thread] DEBUG FXGLApplication      - Registering font factories with UI factory
18:39:20.187 [FXGL Background Thread 4 ] DEBUG FXGLAssetLoaderServi - Loading from file system: file:/C:/Users/zacha/OneDrive/Documents/GitHub/animals-revenge/build/resources/main/assets/ui/Home.fxml
18:39:20.567 [FXGL Background Thread 2 ] INFO  UpdaterService       - Your current version:  17.2
18:39:20.567 [FXGL Background Thread 2 ] INFO  UpdaterService       - Latest stable version: 17.3
18:39:20.798 [FXGL Background Thread 4 ] INFO  FXGLApplication      - Game initialization took: 0.697 sec
18:39:20.808 [JavaFX Application Thread] DEBUG Input                - Clearing active input actions
18:39:20.831 [JavaFX Application Thread] DEBUG GameApplicationServi - Removing overlay from FXGLLoadingScene and adding to GameScene
18:39:20.832 [JavaFX Application Thread] DEBUG PrimaryStageWindow   - FXGLLoadingScene -> GameScene
18:39:22.101 [JavaFX Application Thread] DEBUG FXGLAssetLoaderServi - Loading from file system: file:/C:/Users/zacha/OneDrive/Documents/GitHub/animals-revenge/build/resources/main/assets/ui/Simulator.fxml
18:39:22.250 [JavaFX Application Thread] DEBUG FXGLAssetLoaderServi - Loading from file system: file:/C:/Users/zacha/OneDrive/Documents/GitHub/animals-revenge/build/resources/main/assets/textures/cannon.png
18:39:22.882 [FXGL Background Thread 3 ] DEBUG Engine               - Logging environment variables
18:39:22.883 [FXGL Background Thread 3 ] DEBUG Engine               - achievements: []
18:39:22.883 [FXGL Background Thread 3 ] DEBUG Engine               - actualHeight: 815.0
18:39:22.883 [FXGL Background Thread 3 ] DEBUG Engine               - actualHeightProperty: ReadOnlyDoubleProperty [value: 815.0]
18:39:22.884 [FXGL Background Thread 3 ] DEBUG Engine               - actualWidth: 1447.0
18:39:22.884 [FXGL Background Thread 3 ] DEBUG Engine               - actualWidthProperty: ReadOnlyDoubleProperty [value: 1447.0]
18:39:22.884 [FXGL Background Thread 3 ] DEBUG Engine               - appIcon: fxgl_icon.png
18:39:22.884 [FXGL Background Thread 3 ] DEBUG Engine               - applicationMode: DEVELOPER
18:39:22.884 [FXGL Background Thread 3 ] DEBUG Engine               - cSSList: [fxgl_dark.css]
18:39:22.885 [FXGL Background Thread 3 ] DEBUG Engine               - collisionDetectionStrategy: BRUTE_FORCE
18:39:22.885 [FXGL Background Thread 3 ] DEBUG Engine               - configClass: Optional.empty
18:39:22.885 [FXGL Background Thread 3 ] DEBUG Engine               - credits: []
18:39:22.887 [FXGL Background Thread 3 ] DEBUG Engine               - defaultCursor: CursorInfo(imageName=fxgl_default_cursor.png, hotspotX=7.0, hotspotY=6.0)
18:39:22.888 [FXGL Background Thread 3 ] DEBUG Engine               - devBBoxColorProperty: ObjectProperty [value: 0xff0000ff]
18:39:22.888 [FXGL Background Thread 3 ] DEBUG Engine               - devEnableDebugCameraProperty: BooleanProperty [value: false]
18:39:22.888 [FXGL Background Thread 3 ] DEBUG Engine               - devSensorColorProperty: ObjectProperty [value: 0xffff00ff]
18:39:22.888 [FXGL Background Thread 3 ] DEBUG Engine               - devShowBBoxProperty: BooleanProperty [value: false]
18:39:22.888 [FXGL Background Thread 3 ] DEBUG Engine               - devShowPositionProperty: BooleanProperty [value: false]
18:39:22.888 [FXGL Background Thread 3 ] DEBUG Engine               - enabledMenuItems: []
18:39:22.888 [FXGL Background Thread 3 ] DEBUG Engine               - engineServices: [class com.almasb.fxgl.app.services.FXGLAssetLoaderService, class com.almasb.fxgl.app.FXGLApplication$GameApplicationService, class com.almasb.fxgl.app.services.FXGLDialogService, class com.almasb.fxgl.app.services.IOTaskExecutorService, class com.almasb.fxgl.io.FileSystemService, class com.almasb.fxgl.localization.LocalizationService, class com.almasb.fxgl.app.services.SystemBundleService, class com.almasb.fxgl.profile.SaveLoadService, class com.almasb.fxgl.ui.FXGLUIFactoryServiceProvider, class com.almasb.fxgl.ui.FXGLDialogFactoryServiceProvider, class com.almasb.fxgl.audio.AudioPlayer, class com.almasb.fxgl.notification.impl.NotificationServiceProvider, class com.almasb.fxgl.achievement.AchievementService, class com.almasb.fxgl.cutscene.CutsceneService, class com.almasb.fxgl.minigames.MiniGameService, class com.almasb.fxgl.net.NetService, class com.almasb.fxgl.app.services.UpdaterService, class com.almasb.fxgl.dev.DevService]
18:39:22.888 [FXGL Background Thread 3 ] DEBUG Engine               - fontGame: Abel-Regular.ttf
18:39:22.888 [FXGL Background Thread 3 ] DEBUG Engine               - fontMono: TerminalLandMono-Regular.otf
18:39:22.888 [FXGL Background Thread 3 ] DEBUG Engine               - fontText: Courier-Prime.ttf
18:39:22.888 [FXGL Background Thread 3 ] DEBUG Engine               - fontUI: VarelaRound-Regular.ttf
18:39:22.889 [FXGL Background Thread 3 ] DEBUG Engine               - fullScreen: BooleanProperty [value: false]
18:39:22.889 [FXGL Background Thread 3 ] DEBUG Engine               - gameDifficulty: MEDIUM
18:39:22.889 [FXGL Background Thread 3 ] DEBUG Engine               - gameDifficultyProperty: ObjectProperty [value: MEDIUM]
18:39:22.889 [FXGL Background Thread 3 ] DEBUG Engine               - globalMusicVolume: 0.5
18:39:22.889 [FXGL Background Thread 3 ] DEBUG Engine               - globalMusicVolumeProperty: DoubleProperty [value: 0.5]
18:39:22.889 [FXGL Background Thread 3 ] DEBUG Engine               - globalSoundVolume: 0.5
18:39:22.889 [FXGL Background Thread 3 ] DEBUG Engine               - globalSoundVolumeProperty: DoubleProperty [value: 0.5]
18:39:22.889 [FXGL Background Thread 3 ] DEBUG Engine               - height: 820
18:39:22.889 [FXGL Background Thread 3 ] DEBUG Engine               - is3D: false
18:39:22.890 [FXGL Background Thread 3 ] DEBUG Engine               - isAndroid: false
18:39:22.890 [FXGL Background Thread 3 ] DEBUG Engine               - isBrowser: false
18:39:22.890 [FXGL Background Thread 3 ] DEBUG Engine               - isClickFeedbackEnabled: false
18:39:22.890 [FXGL Background Thread 3 ] DEBUG Engine               - isCloseConfirmation: false
18:39:22.890 [FXGL Background Thread 3 ] DEBUG Engine               - isDesktop: true
18:39:22.890 [FXGL Background Thread 3 ] DEBUG Engine               - isDeveloperMenuEnabled: false
18:39:22.890 [FXGL Background Thread 3 ] DEBUG Engine               - isEmbedded: false
18:39:22.890 [FXGL Background Thread 3 ] DEBUG Engine               - isEntityPreloadEnabled: true
18:39:22.890 [FXGL Background Thread 3 ] DEBUG Engine               - isExperimentalTiledLargeMap: false
18:39:22.890 [FXGL Background Thread 3 ] DEBUG Engine               - isFileSystemWriteAllowed: true
18:39:22.890 [FXGL Background Thread 3 ] DEBUG Engine               - isFullScreenAllowed: false
18:39:22.890 [FXGL Background Thread 3 ] DEBUG Engine               - isFullScreenFromStart: false
18:39:22.890 [FXGL Background Thread 3 ] DEBUG Engine               - isGameMenuEnabled: false
18:39:22.890 [FXGL Background Thread 3 ] DEBUG Engine               - isIOS: false
18:39:22.890 [FXGL Background Thread 3 ] DEBUG Engine               - isIntroEnabled: false
18:39:22.890 [FXGL Background Thread 3 ] DEBUG Engine               - isLinux: false
18:39:22.890 [FXGL Background Thread 3 ] DEBUG Engine               - isMac: false
18:39:22.891 [FXGL Background Thread 3 ] DEBUG Engine               - isMainMenuEnabled: false
18:39:22.891 [FXGL Background Thread 3 ] DEBUG Engine               - isManualResizeEnabled: false
18:39:22.891 [FXGL Background Thread 3 ] DEBUG Engine               - isMobile: false
18:39:22.891 [FXGL Background Thread 3 ] DEBUG Engine               - isNative: false
18:39:22.891 [FXGL Background Thread 3 ] DEBUG Engine               - isPauseMusicWhenMinimized: true
18:39:22.891 [FXGL Background Thread 3 ] DEBUG Engine               - isPreserveResizeRatio: false
18:39:22.891 [FXGL Background Thread 3 ] DEBUG Engine               - isProfilingEnabled: false
18:39:22.891 [FXGL Background Thread 3 ] DEBUG Engine               - isScaleAffectedOnResize: true
18:39:22.891 [FXGL Background Thread 3 ] DEBUG Engine               - isSingleStep: false
18:39:22.891 [FXGL Background Thread 3 ] DEBUG Engine               - isUserProfileEnabled: false
18:39:22.892 [FXGL Background Thread 3 ] DEBUG Engine               - isWindows: true
18:39:22.892 [FXGL Background Thread 3 ] DEBUG Engine               - language: ObjectProperty [value: ENGLISH]
18:39:22.892 [FXGL Background Thread 3 ] DEBUG Engine               - menuKey: ESCAPE
18:39:22.892 [FXGL Background Thread 3 ] DEBUG Engine               - mouseSensitivity: 0.2
18:39:22.892 [FXGL Background Thread 3 ] DEBUG Engine               - notificationViewClass: class com.almasb.fxgl.notification.view.XboxNotificationView
18:39:22.892 [FXGL Background Thread 3 ] DEBUG Engine               - pixelsPerMeter: 50.0
18:39:22.892 [FXGL Background Thread 3 ] DEBUG Engine               - platform: WINDOWS
18:39:22.893 [FXGL Background Thread 3 ] DEBUG Engine               - prefHeightProperty: ReadOnlyDoubleProperty [value: 820.0]
18:39:22.893 [FXGL Background Thread 3 ] DEBUG Engine               - prefWidthProperty: ReadOnlyDoubleProperty [value: 1480.0]
18:39:22.893 [FXGL Background Thread 3 ] DEBUG Engine               - profileDir: profiles/
18:39:22.893 [FXGL Background Thread 3 ] DEBUG Engine               - profileName: StringProperty [value: DEFAULT]
18:39:22.893 [FXGL Background Thread 3 ] DEBUG Engine               - randomSeed: -1
18:39:22.893 [FXGL Background Thread 3 ] DEBUG Engine               - runtimeInfo: RuntimeInfo(platform=WINDOWS, version=17.2, build=20.08.2022 16.50)
18:39:22.893 [FXGL Background Thread 3 ] DEBUG Engine               - saveFileExt: sav
18:39:22.893 [FXGL Background Thread 3 ] DEBUG Engine               - scaledHeightProp$fxgl: DoubleProperty [bound, value: 815.0]
18:39:22.893 [FXGL Background Thread 3 ] DEBUG Engine               - scaledWidthProp$fxgl: DoubleProperty [bound, value: 1447.0]
18:39:22.893 [FXGL Background Thread 3 ] DEBUG Engine               - sceneFactory: com.almasb.fxgl.app.scene.SceneFactory@e10125b
18:39:22.893 [FXGL Background Thread 3 ] DEBUG Engine               - secondsIn24h: 60
18:39:22.893 [FXGL Background Thread 3 ] DEBUG Engine               - soundMenuBack: menu/back.wav
18:39:22.893 [FXGL Background Thread 3 ] DEBUG Engine               - soundMenuPress: menu/press.wav
18:39:22.893 [FXGL Background Thread 3 ] DEBUG Engine               - soundMenuSelect: menu/select.wav
18:39:22.893 [FXGL Background Thread 3 ] DEBUG Engine               - soundNotification: core/notification.wav
18:39:22.893 [FXGL Background Thread 3 ] DEBUG Engine               - stageStyle: DECORATED
18:39:22.893 [FXGL Background Thread 3 ] DEBUG Engine               - supportedLanguages: [ENGLISH, FRENCH, GERMAN, HUNGARIAN, RUSSIAN]
18:39:22.894 [FXGL Background Thread 3 ] DEBUG Engine               - ticksPerSecond: -1
18:39:22.894 [FXGL Background Thread 3 ] DEBUG Engine               - title: Untitled
18:39:22.894 [FXGL Background Thread 3 ] DEBUG Engine               - urlGithub: https://github.com/AlmasB/FXGL
18:39:22.894 [FXGL Background Thread 3 ] DEBUG Engine               - urlLeaderboard: http://fxgl-top.herokuapp.com/
18:39:22.894 [FXGL Background Thread 3 ] DEBUG Engine               - urlPOM: https://raw.githubusercontent.com/AlmasB/FXGL/release/README.md
18:39:22.894 [FXGL Background Thread 3 ] DEBUG Engine               - userAppClass: class edu.vanier.animals_revenge.MainApp
18:39:22.894 [FXGL Background Thread 3 ] DEBUG Engine               - version: 0.0
18:39:22.894 [FXGL Background Thread 3 ] DEBUG Engine               - versionCheckDays: 7
18:39:22.895 [FXGL Background Thread 3 ] DEBUG Engine               - width: 1480
18:39:22.895 [FXGL Background Thread 3 ] DEBUG Engine               - Logging services
18:39:22.895 [FXGL Background Thread 3 ] DEBUG Engine               - class com.almasb.fxgl.app.services.FXGLAssetLoaderService
18:39:22.895 [FXGL Background Thread 3 ] DEBUG Engine               - class com.almasb.fxgl.app.FXGLApplication$GameApplicationService
18:39:22.895 [FXGL Background Thread 3 ] DEBUG Engine               - class com.almasb.fxgl.app.services.FXGLDialogService
18:39:22.895 [FXGL Background Thread 3 ] DEBUG Engine               - class com.almasb.fxgl.app.services.IOTaskExecutorService
18:39:22.895 [FXGL Background Thread 3 ] DEBUG Engine               - class com.almasb.fxgl.io.FileSystemService
18:39:22.895 [FXGL Background Thread 3 ] DEBUG Engine               - class com.almasb.fxgl.localization.LocalizationService
18:39:22.895 [FXGL Background Thread 3 ] DEBUG Engine               - class com.almasb.fxgl.app.services.SystemBundleService
18:39:22.895 [FXGL Background Thread 3 ] DEBUG Engine               - class com.almasb.fxgl.profile.SaveLoadService
18:39:22.895 [FXGL Background Thread 3 ] DEBUG Engine               - class com.almasb.fxgl.ui.FXGLUIFactoryServiceProvider
18:39:22.895 [FXGL Background Thread 3 ] DEBUG Engine               - class com.almasb.fxgl.ui.FXGLDialogFactoryServiceProvider
18:39:22.895 [FXGL Background Thread 3 ] DEBUG Engine               - class com.almasb.fxgl.audio.AudioPlayer
18:39:22.895 [FXGL Background Thread 3 ] DEBUG Engine               - class com.almasb.fxgl.notification.impl.NotificationServiceProvider
18:39:22.895 [FXGL Background Thread 3 ] DEBUG Engine               - class com.almasb.fxgl.achievement.AchievementService
18:39:22.895 [FXGL Background Thread 3 ] DEBUG Engine               - class com.almasb.fxgl.cutscene.CutsceneService
18:39:22.895 [FXGL Background Thread 3 ] DEBUG Engine               - class com.almasb.fxgl.minigames.MiniGameService
18:39:22.895 [FXGL Background Thread 3 ] DEBUG Engine               - class com.almasb.fxgl.net.NetService
18:39:22.895 [FXGL Background Thread 3 ] DEBUG Engine               - class com.almasb.fxgl.app.services.UpdaterService
18:39:22.895 [FXGL Background Thread 3 ] DEBUG Engine               - class com.almasb.fxgl.dev.DevService
18:39:26.162 [JavaFX Application Thread] DEBUG FXGLAssetLoaderServi - Loading from file system: file:/C:/Users/zacha/OneDrive/Documents/GitHub/animals-revenge/build/resources/main/assets/textures/soccer.png
18:40:15.359 [JavaFX Application Thread] DEBUG FXGLApplication      - Exiting FXGL
18:40:15.359 [JavaFX Application Thread] DEBUG LoopRunner           - Stopping loop
18:40:15.359 [JavaFX Application Thread] DEBUG SystemBundleService  - Saving FXGL system data
18:40:15.362 [JavaFX Application Thread] DEBUG FileSystemAccess     - Writing to: C:\Users\zacha\OneDrive\Documents\GitHub\animals-revenge\system\fxgl.bundle
18:40:15.366 [JavaFX Application Thread] DEBUG Async                - Shutting down background threads
18:40:15.366 [JavaFX Application Thread] DEBUG PrimaryStageWindow   - Closing main window
18:40:15.387 [JavaFX Application Thread] DEBUG Logger               - Closing Logger
