11:47:14.933 [main                     ] DEBUG Logger               - Configured Logger
11:47:14.941 [main                     ] DEBUG GameApplication      - Logging settings
Title: Untitled
Version: 0.0
Width: 1480
Height: 820
Fullscreen: false
Intro: false
Profiling: false
Single step:false
App Mode: DEVELOPER
Menu Key: ESCAPE
Stage Style: DECORATED
Scene Factory: class com.almasb.fxgl.app.scene.SceneFactory

11:47:15.148 [JavaFX Application Thread] DEBUG FXGLApplication      - Initializing FXGL
11:47:15.151 [JavaFX Application Thread] INFO  Engine               - FXGL-17.2 (20.08.2022 16.50) on WINDOWS (J:18.0.2.1 FX:20.0.2)
11:47:15.151 [JavaFX Application Thread] DEBUG Engine               - JRE Vendor Name: Oracle Corporation
11:47:15.151 [JavaFX Application Thread] DEBUG Engine               - Running on OS: Windows 11 version 10.0
11:47:15.152 [JavaFX Application Thread] DEBUG Engine               - Architecture: amd64
11:47:15.152 [JavaFX Application Thread] INFO  Engine               - Source code and latest versions at: https://github.com/AlmasB/FXGL
11:47:15.152 [JavaFX Application Thread] INFO  Engine               -       Ask questions and discuss at: https://github.com/AlmasB/FXGL/discussions
11:47:15.152 [JavaFX Application Thread] INFO  Engine               -              Join the FXGL chat at: https://gitter.im/AlmasB/FXGL
11:47:15.210 [JavaFX Application Thread] DEBUG PrimaryStageWindow   - Creating a JavaFX scene
11:47:15.237 [JavaFX Application Thread] DEBUG PrimaryStageWindow   - Target settings size: 1480.0 x 820.0
11:47:15.237 [JavaFX Application Thread] DEBUG PrimaryStageWindow   - Scaled scene size:    1480.0 x 820.0
11:47:15.237 [JavaFX Application Thread] DEBUG PrimaryStageWindow   - Scaled ratio: (1.0, 1.0)
11:47:15.238 [JavaFX Application Thread] DEBUG PrimaryStageWindow   - Set initial scene to FXGLStartupScene
11:47:15.240 [JavaFX Application Thread] DEBUG PrimaryStageWindow   - Opening main window
11:47:15.294 [JavaFX Application Thread] DEBUG PrimaryStageWindow   - Window border size: (16.0, 39.0)
11:47:15.294 [JavaFX Application Thread] DEBUG PrimaryStageWindow   - Scaled size: 1480.0 x 820.0
11:47:15.294 [JavaFX Application Thread] DEBUG PrimaryStageWindow   - Scaled ratio: (1.0, 1.0)
11:47:15.296 [JavaFX Application Thread] DEBUG PrimaryStageWindow   - Scene size: 1480.0 x 820.0
11:47:15.296 [JavaFX Application Thread] DEBUG PrimaryStageWindow   - Stage size: 1496.0 x 859.0
11:47:15.299 [FXGL Background Thread 1 ] DEBUG Engine               - Initializing environment variables
11:47:15.322 [FXGL Background Thread 1 ] DEBUG FXGLAssetLoaderServi - User app class for loading assets: class edu.vanier.animals_revenge.MainApp
11:47:15.323 [FXGL Background Thread 1 ] DEBUG GameApplicationServi - Applying CSS: fxgl_dark.css
11:47:15.323 [FXGL Background Thread 1 ] DEBUG FXGLAssetLoaderServi - Loading from file system: jar:file:/C:/Users/ethan/.gradle/caches/modules-2/files-2.1/com.github.almasb/fxgl/17.2/35db6ae960eec2dcfd19262d3b7f9c42f0e95bc3/fxgl-17.2.jar!/fxglassets/ui/css/fxgl_dark.css
11:47:15.347 [FXGL Background Thread 1 ] DEBUG GameApplicationServi - Initializing application scenes
11:47:15.365 [FXGL Background Thread 1 ] DEBUG GameWorld            - Game world initialized
11:47:15.401 [FXGL Background Thread 1 ] DEBUG PhysicsWorld         - Physics world initialized: appHeight=820, physics.ppm=50.0
11:47:15.401 [FXGL Background Thread 1 ] DEBUG PhysicsWorld         - Using strategy: BRUTE_FORCE
11:47:15.403 [FXGL Background Thread 1 ] DEBUG GameScene            - Game scene initialized: 1480x820
11:47:15.404 [FXGL Background Thread 1 ] DEBUG GameApplicationServi - Application scenes initialized
11:47:15.415 [FXGL Background Thread 1 ] DEBUG SystemBundleService  - Loading FXGL system data
11:47:15.417 [FXGL Background Thread 1 ] DEBUG FileSystemAccess     - Reading from: C:\Users\ethan\IdeaProjects\animals-revenge\system\fxgl.bundle
11:47:15.423 [FXGL Background Thread 1 ] DEBUG SystemBundleService  - Bundle FXGL: {}
11:47:15.423 [FXGL Background Thread 1 ] DEBUG UpdaterService       - Checking for updates
11:47:15.426 [FXGL Background Thread 4 ] DEBUG FXGLApplication      - Loading fonts
11:47:15.426 [FXGL Background Thread 1 ] DEBUG FXGLApplication      - Loading default localization
11:47:15.426 [FXGL Background Thread 4 ] DEBUG FXGLAssetLoaderServi - Loading from file system: jar:file:/C:/Users/ethan/.gradle/caches/modules-2/files-2.1/com.github.almasb/fxgl/17.2/35db6ae960eec2dcfd19262d3b7f9c42f0e95bc3/fxgl-17.2.jar!/fxglassets/ui/fonts/VarelaRound-Regular.ttf
11:47:15.426 [FXGL Background Thread 1 ] DEBUG FXGLAssetLoaderServi - Loading from file system: jar:file:/C:/Users/ethan/.gradle/caches/modules-2/files-2.1/com.github.almasb/fxgl/17.2/35db6ae960eec2dcfd19262d3b7f9c42f0e95bc3/fxgl-17.2.jar!/fxglassets/languages/english.lang
11:47:15.439 [FXGL Background Thread 1 ] INFO  FXGLApplication      - FXGL initialization took: 0.139 sec
11:47:15.441 [JavaFX Application Thread] DEBUG Input                - Registered new binding: Launch - RMB
11:47:15.442 [JavaFX Application Thread] DEBUG Input                - Registered new binding: Create - LMB
11:47:15.442 [JavaFX Application Thread] DEBUG Input                - Registered new binding: Drag - CTRL+LMB
11:47:15.442 [JavaFX Application Thread] DEBUG FXGLAssetLoaderServi - Loading from file system: jar:file:/C:/Users/ethan/.gradle/caches/modules-2/files-2.1/com.github.almasb/fxgl/17.2/35db6ae960eec2dcfd19262d3b7f9c42f0e95bc3/fxgl-17.2.jar!/fxglassets/textures/fxgl_icon.png
11:47:15.454 [FXGL Background Thread 4 ] DEBUG FXGLAssetLoaderServi - Loading from file system: jar:file:/C:/Users/ethan/.gradle/caches/modules-2/files-2.1/com.github.almasb/fxgl/17.2/35db6ae960eec2dcfd19262d3b7f9c42f0e95bc3/fxgl-17.2.jar!/fxglassets/ui/fonts/Abel-Regular.ttf
11:47:15.459 [FXGL Background Thread 4 ] DEBUG FXGLAssetLoaderServi - Loading from file system: jar:file:/C:/Users/ethan/.gradle/caches/modules-2/files-2.1/com.github.almasb/fxgl/17.2/35db6ae960eec2dcfd19262d3b7f9c42f0e95bc3/fxgl-17.2.jar!/fxglassets/ui/fonts/TerminalLandMono-Regular.otf
11:47:15.464 [FXGL Background Thread 4 ] DEBUG FXGLAssetLoaderServi - Loading from file system: jar:file:/C:/Users/ethan/.gradle/caches/modules-2/files-2.1/com.github.almasb/fxgl/17.2/35db6ae960eec2dcfd19262d3b7f9c42f0e95bc3/fxgl-17.2.jar!/fxglassets/ui/fonts/Courier-Prime.ttf
11:47:15.469 [JavaFX Application Thread] DEBUG FXGLAssetLoaderServi - Loading from file system: jar:file:/C:/Users/ethan/.gradle/caches/modules-2/files-2.1/com.github.almasb/fxgl/17.2/35db6ae960eec2dcfd19262d3b7f9c42f0e95bc3/fxgl-17.2.jar!/fxglassets/textures/fxgl_default_cursor.png
11:47:15.474 [JavaFX Application Thread] DEBUG Input                - Registered new binding: Screenshot - CTRL+8
11:47:15.474 [JavaFX Application Thread] DEBUG Input                - Registered new binding: System info dump - CTRL+9
11:47:15.475 [JavaFX Application Thread] DEBUG Input                - Registered new binding: Restart - CTRL+R
11:47:15.475 [JavaFX Application Thread] DEBUG Input                - Registered new binding: Toggle Debug Camera - CTRL+7
11:47:15.476 [JavaFX Application Thread] DEBUG LoopRunner           - Starting loop
11:47:15.476 [JavaFX Application Thread] DEBUG LoopRunner           - Initializing JavaFX AnimationTimerLoop
11:47:15.480 [JavaFX Application Thread] DEBUG GameApplicationServi - Starting new game
11:47:15.480 [JavaFX Application Thread] DEBUG Input                - Clearing active input actions
11:47:15.487 [JavaFX Application Thread] DEBUG GameApplicationServi - Removing overlay from FXGLStartupScene and adding to FXGLLoadingScene
11:47:15.488 [JavaFX Application Thread] DEBUG PrimaryStageWindow   - FXGLStartupScene -> FXGLLoadingScene
11:47:15.488 [JavaFX Application Thread] DEBUG GameApplicationServi - Clearing previous game
11:47:15.488 [JavaFX Application Thread] DEBUG GameScene            - Clearing game scene
11:47:15.488 [JavaFX Application Thread] DEBUG GameWorld            - Clearing game world
11:47:15.488 [JavaFX Application Thread] DEBUG PhysicsWorld         - Clearing physics world
11:47:15.490 [FXGL Background Thread 4 ] DEBUG FXGLApplication      - Initializing game
11:47:15.491 [JavaFX Application Thread] DEBUG FXGLApplication      - Registering font factories with UI factory
11:47:15.515 [FXGL Background Thread 4 ] DEBUG FXGLAssetLoaderServi - Loading from file system: file:/C:/Users/ethan/IdeaProjects/animals-revenge/build/resources/main/assets/ui/Home.fxml
11:47:15.689 [FXGL Background Thread 2 ] INFO  UpdaterService       - Your current version:  17.2
11:47:15.689 [FXGL Background Thread 2 ] INFO  UpdaterService       - Latest stable version: 17.3
11:47:15.783 [FXGL Background Thread 4 ] INFO  FXGLApplication      - Game initialization took: 0.293 sec
11:47:15.783 [JavaFX Application Thread] DEBUG Input                - Clearing active input actions
11:47:15.790 [JavaFX Application Thread] DEBUG GameApplicationServi - Removing overlay from FXGLLoadingScene and adding to GameScene
11:47:15.790 [JavaFX Application Thread] DEBUG PrimaryStageWindow   - FXGLLoadingScene -> GameScene
11:47:16.392 [JavaFX Application Thread] DEBUG FXGLAssetLoaderServi - Loading from file system: file:/C:/Users/ethan/IdeaProjects/animals-revenge/build/resources/main/assets/ui/Simulator.fxml
11:47:16.437 [JavaFX Application Thread] DEBUG FXGLAssetLoaderServi - Loading from file system: file:/C:/Users/ethan/IdeaProjects/animals-revenge/build/resources/main/assets/textures/cannon.png
11:47:16.439 [JavaFX Application Thread] DEBUG FXGLAssetLoaderServi - Loading from file system: file:/C:/Users/ethan/IdeaProjects/animals-revenge/build/resources/main/assets/textures/brick.png
11:47:18.427 [FXGL Background Thread 3 ] DEBUG Engine               - Logging environment variables
11:47:18.427 [FXGL Background Thread 3 ] DEBUG Engine               - achievements: []
11:47:18.427 [FXGL Background Thread 3 ] DEBUG Engine               - actualHeight: 820.0
11:47:18.427 [FXGL Background Thread 3 ] DEBUG Engine               - actualHeightProperty: ReadOnlyDoubleProperty [value: 820.0]
11:47:18.427 [FXGL Background Thread 3 ] DEBUG Engine               - actualWidth: 1480.0
11:47:18.427 [FXGL Background Thread 3 ] DEBUG Engine               - actualWidthProperty: ReadOnlyDoubleProperty [value: 1480.0]
11:47:18.427 [FXGL Background Thread 3 ] DEBUG Engine               - appIcon: fxgl_icon.png
11:47:18.427 [FXGL Background Thread 3 ] DEBUG Engine               - applicationMode: DEVELOPER
11:47:18.427 [FXGL Background Thread 3 ] DEBUG Engine               - cSSList: [fxgl_dark.css]
11:47:18.427 [FXGL Background Thread 3 ] DEBUG Engine               - collisionDetectionStrategy: BRUTE_FORCE
11:47:18.427 [FXGL Background Thread 3 ] DEBUG Engine               - configClass: Optional.empty
11:47:18.427 [FXGL Background Thread 3 ] DEBUG Engine               - credits: []
11:47:18.428 [FXGL Background Thread 3 ] DEBUG Engine               - defaultCursor: CursorInfo(imageName=fxgl_default_cursor.png, hotspotX=7.0, hotspotY=6.0)
11:47:18.428 [FXGL Background Thread 3 ] DEBUG Engine               - devBBoxColorProperty: ObjectProperty [value: 0xff0000ff]
11:47:18.428 [FXGL Background Thread 3 ] DEBUG Engine               - devEnableDebugCameraProperty: BooleanProperty [value: false]
11:47:18.428 [FXGL Background Thread 3 ] DEBUG Engine               - devSensorColorProperty: ObjectProperty [value: 0xffff00ff]
11:47:18.428 [FXGL Background Thread 3 ] DEBUG Engine               - devShowBBoxProperty: BooleanProperty [value: false]
11:47:18.428 [FXGL Background Thread 3 ] DEBUG Engine               - devShowPositionProperty: BooleanProperty [value: false]
11:47:18.428 [FXGL Background Thread 3 ] DEBUG Engine               - enabledMenuItems: []
11:47:18.428 [FXGL Background Thread 3 ] DEBUG Engine               - engineServices: [class com.almasb.fxgl.app.services.FXGLAssetLoaderService, class com.almasb.fxgl.app.FXGLApplication$GameApplicationService, class com.almasb.fxgl.app.services.FXGLDialogService, class com.almasb.fxgl.app.services.IOTaskExecutorService, class com.almasb.fxgl.io.FileSystemService, class com.almasb.fxgl.localization.LocalizationService, class com.almasb.fxgl.app.services.SystemBundleService, class com.almasb.fxgl.profile.SaveLoadService, class com.almasb.fxgl.ui.FXGLUIFactoryServiceProvider, class com.almasb.fxgl.ui.FXGLDialogFactoryServiceProvider, class com.almasb.fxgl.audio.AudioPlayer, class com.almasb.fxgl.notification.impl.NotificationServiceProvider, class com.almasb.fxgl.achievement.AchievementService, class com.almasb.fxgl.cutscene.CutsceneService, class com.almasb.fxgl.minigames.MiniGameService, class com.almasb.fxgl.net.NetService, class com.almasb.fxgl.app.services.UpdaterService, class com.almasb.fxgl.dev.DevService]
11:47:18.428 [FXGL Background Thread 3 ] DEBUG Engine               - fontGame: Abel-Regular.ttf
11:47:18.428 [FXGL Background Thread 3 ] DEBUG Engine               - fontMono: TerminalLandMono-Regular.otf
11:47:18.428 [FXGL Background Thread 3 ] DEBUG Engine               - fontText: Courier-Prime.ttf
11:47:18.428 [FXGL Background Thread 3 ] DEBUG Engine               - fontUI: VarelaRound-Regular.ttf
11:47:18.429 [FXGL Background Thread 3 ] DEBUG Engine               - fullScreen: BooleanProperty [value: false]
11:47:18.429 [FXGL Background Thread 3 ] DEBUG Engine               - gameDifficulty: MEDIUM
11:47:18.429 [FXGL Background Thread 3 ] DEBUG Engine               - gameDifficultyProperty: ObjectProperty [value: MEDIUM]
11:47:18.429 [FXGL Background Thread 3 ] DEBUG Engine               - globalMusicVolume: 0.5
11:47:18.429 [FXGL Background Thread 3 ] DEBUG Engine               - globalMusicVolumeProperty: DoubleProperty [value: 0.5]
11:47:18.429 [FXGL Background Thread 3 ] DEBUG Engine               - globalSoundVolume: 0.5
11:47:18.429 [FXGL Background Thread 3 ] DEBUG Engine               - globalSoundVolumeProperty: DoubleProperty [value: 0.5]
11:47:18.429 [FXGL Background Thread 3 ] DEBUG Engine               - height: 820
11:47:18.429 [FXGL Background Thread 3 ] DEBUG Engine               - is3D: false
11:47:18.429 [FXGL Background Thread 3 ] DEBUG Engine               - isAndroid: false
11:47:18.429 [FXGL Background Thread 3 ] DEBUG Engine               - isBrowser: false
11:47:18.429 [FXGL Background Thread 3 ] DEBUG Engine               - isClickFeedbackEnabled: false
11:47:18.429 [FXGL Background Thread 3 ] DEBUG Engine               - isCloseConfirmation: false
11:47:18.429 [FXGL Background Thread 3 ] DEBUG Engine               - isDesktop: true
11:47:18.429 [FXGL Background Thread 3 ] DEBUG Engine               - isDeveloperMenuEnabled: false
11:47:18.429 [FXGL Background Thread 3 ] DEBUG Engine               - isEmbedded: false
11:47:18.429 [FXGL Background Thread 3 ] DEBUG Engine               - isEntityPreloadEnabled: true
11:47:18.429 [FXGL Background Thread 3 ] DEBUG Engine               - isExperimentalTiledLargeMap: false
11:47:18.429 [FXGL Background Thread 3 ] DEBUG Engine               - isFileSystemWriteAllowed: true
11:47:18.429 [FXGL Background Thread 3 ] DEBUG Engine               - isFullScreenAllowed: false
11:47:18.429 [FXGL Background Thread 3 ] DEBUG Engine               - isFullScreenFromStart: false
11:47:18.429 [FXGL Background Thread 3 ] DEBUG Engine               - isGameMenuEnabled: false
11:47:18.429 [FXGL Background Thread 3 ] DEBUG Engine               - isIOS: false
11:47:18.429 [FXGL Background Thread 3 ] DEBUG Engine               - isIntroEnabled: false
11:47:18.429 [FXGL Background Thread 3 ] DEBUG Engine               - isLinux: false
11:47:18.429 [FXGL Background Thread 3 ] DEBUG Engine               - isMac: false
11:47:18.429 [FXGL Background Thread 3 ] DEBUG Engine               - isMainMenuEnabled: false
11:47:18.429 [FXGL Background Thread 3 ] DEBUG Engine               - isManualResizeEnabled: false
11:47:18.429 [FXGL Background Thread 3 ] DEBUG Engine               - isMobile: false
11:47:18.429 [FXGL Background Thread 3 ] DEBUG Engine               - isNative: false
11:47:18.429 [FXGL Background Thread 3 ] DEBUG Engine               - isPauseMusicWhenMinimized: true
11:47:18.429 [FXGL Background Thread 3 ] DEBUG Engine               - isPreserveResizeRatio: false
11:47:18.430 [FXGL Background Thread 3 ] DEBUG Engine               - isProfilingEnabled: false
11:47:18.430 [FXGL Background Thread 3 ] DEBUG Engine               - isScaleAffectedOnResize: true
11:47:18.430 [FXGL Background Thread 3 ] DEBUG Engine               - isSingleStep: false
11:47:18.430 [FXGL Background Thread 3 ] DEBUG Engine               - isUserProfileEnabled: false
11:47:18.430 [FXGL Background Thread 3 ] DEBUG Engine               - isWindows: true
11:47:18.430 [FXGL Background Thread 3 ] DEBUG Engine               - language: ObjectProperty [value: ENGLISH]
11:47:18.430 [FXGL Background Thread 3 ] DEBUG Engine               - menuKey: ESCAPE
11:47:18.430 [FXGL Background Thread 3 ] DEBUG Engine               - mouseSensitivity: 0.2
11:47:18.430 [FXGL Background Thread 3 ] DEBUG Engine               - notificationViewClass: class com.almasb.fxgl.notification.view.XboxNotificationView
11:47:18.430 [FXGL Background Thread 3 ] DEBUG Engine               - pixelsPerMeter: 50.0
11:47:18.430 [FXGL Background Thread 3 ] DEBUG Engine               - platform: WINDOWS
11:47:18.430 [FXGL Background Thread 3 ] DEBUG Engine               - prefHeightProperty: ReadOnlyDoubleProperty [value: 820.0]
11:47:18.430 [FXGL Background Thread 3 ] DEBUG Engine               - prefWidthProperty: ReadOnlyDoubleProperty [value: 1480.0]
11:47:18.430 [FXGL Background Thread 3 ] DEBUG Engine               - profileDir: profiles/
11:47:18.430 [FXGL Background Thread 3 ] DEBUG Engine               - profileName: StringProperty [value: DEFAULT]
11:47:18.430 [FXGL Background Thread 3 ] DEBUG Engine               - randomSeed: -1
11:47:18.430 [FXGL Background Thread 3 ] DEBUG Engine               - runtimeInfo: RuntimeInfo(platform=WINDOWS, version=17.2, build=20.08.2022 16.50)
11:47:18.430 [FXGL Background Thread 3 ] DEBUG Engine               - saveFileExt: sav
11:47:18.430 [FXGL Background Thread 3 ] DEBUG Engine               - scaledHeightProp$fxgl: DoubleProperty [bound, value: 820.0]
11:47:18.430 [FXGL Background Thread 3 ] DEBUG Engine               - scaledWidthProp$fxgl: DoubleProperty [bound, value: 1480.0]
11:47:18.430 [FXGL Background Thread 3 ] DEBUG Engine               - sceneFactory: com.almasb.fxgl.app.scene.SceneFactory@28eebf28
11:47:18.430 [FXGL Background Thread 3 ] DEBUG Engine               - secondsIn24h: 60
11:47:18.430 [FXGL Background Thread 3 ] DEBUG Engine               - soundMenuBack: menu/back.wav
11:47:18.430 [FXGL Background Thread 3 ] DEBUG Engine               - soundMenuPress: menu/press.wav
11:47:18.430 [FXGL Background Thread 3 ] DEBUG Engine               - soundMenuSelect: menu/select.wav
11:47:18.430 [FXGL Background Thread 3 ] DEBUG Engine               - soundNotification: core/notification.wav
11:47:18.430 [FXGL Background Thread 3 ] DEBUG Engine               - stageStyle: DECORATED
11:47:18.430 [FXGL Background Thread 3 ] DEBUG Engine               - supportedLanguages: [ENGLISH, FRENCH, GERMAN, HUNGARIAN, RUSSIAN]
11:47:18.430 [FXGL Background Thread 3 ] DEBUG Engine               - ticksPerSecond: -1
11:47:18.430 [FXGL Background Thread 3 ] DEBUG Engine               - title: Untitled
11:47:18.430 [FXGL Background Thread 3 ] DEBUG Engine               - urlGithub: https://github.com/AlmasB/FXGL
11:47:18.430 [FXGL Background Thread 3 ] DEBUG Engine               - urlLeaderboard: http://fxgl-top.herokuapp.com/
11:47:18.430 [FXGL Background Thread 3 ] DEBUG Engine               - urlPOM: https://raw.githubusercontent.com/AlmasB/FXGL/release/README.md
11:47:18.430 [FXGL Background Thread 3 ] DEBUG Engine               - userAppClass: class edu.vanier.animals_revenge.MainApp
11:47:18.430 [FXGL Background Thread 3 ] DEBUG Engine               - version: 0.0
11:47:18.431 [FXGL Background Thread 3 ] DEBUG Engine               - versionCheckDays: 7
11:47:18.431 [FXGL Background Thread 3 ] DEBUG Engine               - width: 1480
11:47:18.431 [FXGL Background Thread 3 ] DEBUG Engine               - Logging services
11:47:18.431 [FXGL Background Thread 3 ] DEBUG Engine               - class com.almasb.fxgl.app.services.FXGLAssetLoaderService
11:47:18.431 [FXGL Background Thread 3 ] DEBUG Engine               - class com.almasb.fxgl.app.FXGLApplication$GameApplicationService
11:47:18.431 [FXGL Background Thread 3 ] DEBUG Engine               - class com.almasb.fxgl.app.services.FXGLDialogService
11:47:18.431 [FXGL Background Thread 3 ] DEBUG Engine               - class com.almasb.fxgl.app.services.IOTaskExecutorService
11:47:18.431 [FXGL Background Thread 3 ] DEBUG Engine               - class com.almasb.fxgl.io.FileSystemService
11:47:18.431 [FXGL Background Thread 3 ] DEBUG Engine               - class com.almasb.fxgl.localization.LocalizationService
11:47:18.431 [FXGL Background Thread 3 ] DEBUG Engine               - class com.almasb.fxgl.app.services.SystemBundleService
11:47:18.431 [FXGL Background Thread 3 ] DEBUG Engine               - class com.almasb.fxgl.profile.SaveLoadService
11:47:18.431 [FXGL Background Thread 3 ] DEBUG Engine               - class com.almasb.fxgl.ui.FXGLUIFactoryServiceProvider
11:47:18.431 [FXGL Background Thread 3 ] DEBUG Engine               - class com.almasb.fxgl.ui.FXGLDialogFactoryServiceProvider
11:47:18.431 [FXGL Background Thread 3 ] DEBUG Engine               - class com.almasb.fxgl.audio.AudioPlayer
11:47:18.431 [FXGL Background Thread 3 ] DEBUG Engine               - class com.almasb.fxgl.notification.impl.NotificationServiceProvider
11:47:18.431 [FXGL Background Thread 3 ] DEBUG Engine               - class com.almasb.fxgl.achievement.AchievementService
11:47:18.431 [FXGL Background Thread 3 ] DEBUG Engine               - class com.almasb.fxgl.cutscene.CutsceneService
11:47:18.431 [FXGL Background Thread 3 ] DEBUG Engine               - class com.almasb.fxgl.minigames.MiniGameService
11:47:18.431 [FXGL Background Thread 3 ] DEBUG Engine               - class com.almasb.fxgl.net.NetService
11:47:18.431 [FXGL Background Thread 3 ] DEBUG Engine               - class com.almasb.fxgl.app.services.UpdaterService
11:47:18.431 [FXGL Background Thread 3 ] DEBUG Engine               - class com.almasb.fxgl.dev.DevService
11:47:28.352 [JavaFX Application Thread] DEBUG FXGLApplication      - Exiting FXGL
11:47:28.352 [JavaFX Application Thread] DEBUG LoopRunner           - Stopping loop
11:47:28.352 [JavaFX Application Thread] DEBUG SystemBundleService  - Saving FXGL system data
11:47:28.353 [JavaFX Application Thread] DEBUG FileSystemAccess     - Writing to: C:\Users\ethan\IdeaProjects\animals-revenge\system\fxgl.bundle
11:47:28.354 [JavaFX Application Thread] DEBUG Async                - Shutting down background threads
11:47:28.354 [JavaFX Application Thread] DEBUG PrimaryStageWindow   - Closing main window
11:47:28.361 [JavaFX Application Thread] DEBUG Logger               - Closing Logger
