04:31:24.502 [main                     ] DEBUG Logger               - Configured Logger
04:31:24.516 [main                     ] DEBUG GameApplication      - Logging settings
Title: Untitled
Version: 0.0
Width: 1480
Height: 820
Fullscreen: false
Intro: false
Profiling: false
Single step:false
App Mode: DEVELOPER
Menu Key: ESCAPE
Stage Style: DECORATED
Scene Factory: class com.almasb.fxgl.app.scene.SceneFactory

04:31:25.028 [JavaFX Application Thread] DEBUG FXGLApplication      - Initializing FXGL
04:31:25.039 [JavaFX Application Thread] INFO  Engine               - FXGL-17.2 (20.08.2022 16.50) on WINDOWS (J:18.0.2.1 FX:20.0.2)
04:31:25.040 [JavaFX Application Thread] DEBUG Engine               - JRE Vendor Name: Oracle Corporation
04:31:25.041 [JavaFX Application Thread] DEBUG Engine               - Running on OS: Windows 11 version 10.0
04:31:25.042 [JavaFX Application Thread] DEBUG Engine               - Architecture: amd64
04:31:25.042 [JavaFX Application Thread] INFO  Engine               - Source code and latest versions at: https://github.com/AlmasB/FXGL
04:31:25.042 [JavaFX Application Thread] INFO  Engine               -       Ask questions and discuss at: https://github.com/AlmasB/FXGL/discussions
04:31:25.042 [JavaFX Application Thread] INFO  Engine               -              Join the FXGL chat at: https://gitter.im/AlmasB/FXGL
04:31:25.192 [JavaFX Application Thread] DEBUG PrimaryStageWindow   - Creating a JavaFX scene
04:31:25.192 [JavaFX Application Thread] DEBUG PrimaryStageWindow   - Target size > screen size
04:31:25.283 [JavaFX Application Thread] DEBUG PrimaryStageWindow   - Target settings size: 1480.0 x 820.0
04:31:25.283 [JavaFX Application Thread] DEBUG PrimaryStageWindow   - Scaled scene size:    1447.0 x 815.0
04:31:25.284 [JavaFX Application Thread] DEBUG PrimaryStageWindow   - Scaled ratio: (0.9777027027027027, 0.9939024390243902)
04:31:25.285 [JavaFX Application Thread] DEBUG PrimaryStageWindow   - Set initial scene to FXGLStartupScene
04:31:25.296 [JavaFX Application Thread] DEBUG PrimaryStageWindow   - Opening main window
04:31:25.433 [JavaFX Application Thread] DEBUG PrimaryStageWindow   - Window border size: (14.5999755859375, 37.79998779296875)
04:31:25.433 [JavaFX Application Thread] DEBUG PrimaryStageWindow   - Scaled size: 1447.0 x 815.0
04:31:25.433 [JavaFX Application Thread] DEBUG PrimaryStageWindow   - Scaled ratio: (0.9777027027027027, 0.9939024390243902)
04:31:25.434 [JavaFX Application Thread] DEBUG PrimaryStageWindow   - Scene size: 1447.0 x 815.0
04:31:25.435 [JavaFX Application Thread] DEBUG PrimaryStageWindow   - Stage size: 1461.5999755859375 x 852.7999877929688
04:31:25.489 [FXGL Background Thread 1 ] DEBUG Engine               - Initializing environment variables
04:31:25.603 [FXGL Background Thread 1 ] DEBUG FXGLAssetLoaderServi - User app class for loading assets: class edu.vanier.animals_revenge.MainApp
04:31:25.604 [FXGL Background Thread 1 ] DEBUG GameApplicationServi - Applying CSS: fxgl_dark.css
04:31:25.608 [FXGL Background Thread 1 ] DEBUG FXGLAssetLoaderServi - Loading from file system: jar:file:/C:/Users/anton/.gradle/caches/modules-2/files-2.1/com.github.almasb/fxgl/17.2/35db6ae960eec2dcfd19262d3b7f9c42f0e95bc3/fxgl-17.2.jar!/fxglassets/ui/css/fxgl_dark.css
04:31:25.703 [FXGL Background Thread 1 ] DEBUG GameApplicationServi - Initializing application scenes
04:31:25.789 [FXGL Background Thread 1 ] DEBUG GameWorld            - Game world initialized
04:31:25.867 [FXGL Background Thread 1 ] DEBUG PhysicsWorld         - Physics world initialized: appHeight=820, physics.ppm=50.0
04:31:25.867 [FXGL Background Thread 1 ] DEBUG PhysicsWorld         - Using strategy: BRUTE_FORCE
04:31:25.871 [FXGL Background Thread 1 ] DEBUG GameScene            - Game scene initialized: 1480x820
04:31:25.871 [FXGL Background Thread 1 ] DEBUG GameApplicationServi - Application scenes initialized
04:31:25.889 [FXGL Background Thread 1 ] DEBUG SystemBundleService  - Loading FXGL system data
04:31:25.898 [FXGL Background Thread 1 ] DEBUG FileSystemAccess     - Reading from: C:\Users\anton\OneDrive\Documents\GitHub\animals-revenge\system\fxgl.bundle
04:31:25.913 [FXGL Background Thread 1 ] DEBUG SystemBundleService  - Bundle FXGL: {}
04:31:25.914 [FXGL Background Thread 1 ] DEBUG UpdaterService       - Checking for updates
04:31:25.919 [FXGL Background Thread 4 ] DEBUG FXGLApplication      - Loading fonts
04:31:25.920 [FXGL Background Thread 1 ] DEBUG FXGLApplication      - Loading default localization
04:31:25.920 [FXGL Background Thread 4 ] DEBUG FXGLAssetLoaderServi - Loading from file system: jar:file:/C:/Users/anton/.gradle/caches/modules-2/files-2.1/com.github.almasb/fxgl/17.2/35db6ae960eec2dcfd19262d3b7f9c42f0e95bc3/fxgl-17.2.jar!/fxglassets/ui/fonts/VarelaRound-Regular.ttf
04:31:25.922 [FXGL Background Thread 1 ] DEBUG FXGLAssetLoaderServi - Loading from file system: jar:file:/C:/Users/anton/.gradle/caches/modules-2/files-2.1/com.github.almasb/fxgl/17.2/35db6ae960eec2dcfd19262d3b7f9c42f0e95bc3/fxgl-17.2.jar!/fxglassets/languages/english.lang
04:31:25.980 [FXGL Background Thread 1 ] INFO  FXGLApplication      - FXGL initialization took: 0.492 sec
04:31:25.989 [JavaFX Application Thread] DEBUG Input                - Registered new binding: Launch - RMB
04:31:25.990 [JavaFX Application Thread] DEBUG Input                - Registered new binding: Create - LMB
04:31:25.990 [JavaFX Application Thread] DEBUG Input                - Registered new binding: Drag - CTRL+LMB
04:31:25.992 [JavaFX Application Thread] DEBUG FXGLAssetLoaderServi - Loading from file system: jar:file:/C:/Users/anton/.gradle/caches/modules-2/files-2.1/com.github.almasb/fxgl/17.2/35db6ae960eec2dcfd19262d3b7f9c42f0e95bc3/fxgl-17.2.jar!/fxglassets/textures/fxgl_icon.png
04:31:26.085 [JavaFX Application Thread] DEBUG FXGLAssetLoaderServi - Loading from file system: jar:file:/C:/Users/anton/.gradle/caches/modules-2/files-2.1/com.github.almasb/fxgl/17.2/35db6ae960eec2dcfd19262d3b7f9c42f0e95bc3/fxgl-17.2.jar!/fxglassets/textures/fxgl_default_cursor.png
04:31:26.105 [JavaFX Application Thread] DEBUG Input                - Registered new binding: Screenshot - CTRL+8
04:31:26.106 [JavaFX Application Thread] DEBUG Input                - Registered new binding: System info dump - CTRL+9
04:31:26.107 [JavaFX Application Thread] DEBUG Input                - Registered new binding: Restart - CTRL+R
04:31:26.108 [JavaFX Application Thread] DEBUG Input                - Registered new binding: Toggle Debug Camera - CTRL+7
04:31:26.115 [JavaFX Application Thread] DEBUG LoopRunner           - Starting loop
04:31:26.115 [JavaFX Application Thread] DEBUG LoopRunner           - Initializing JavaFX AnimationTimerLoop
04:31:26.118 [JavaFX Application Thread] DEBUG GameApplicationServi - Starting new game
04:31:26.119 [JavaFX Application Thread] DEBUG Input                - Clearing active input actions
04:31:26.127 [FXGL Background Thread 4 ] DEBUG FXGLAssetLoaderServi - Loading from file system: jar:file:/C:/Users/anton/.gradle/caches/modules-2/files-2.1/com.github.almasb/fxgl/17.2/35db6ae960eec2dcfd19262d3b7f9c42f0e95bc3/fxgl-17.2.jar!/fxglassets/ui/fonts/Abel-Regular.ttf
04:31:26.136 [JavaFX Application Thread] DEBUG GameApplicationServi - Removing overlay from FXGLStartupScene and adding to FXGLLoadingScene
04:31:26.138 [JavaFX Application Thread] DEBUG PrimaryStageWindow   - FXGLStartupScene -> FXGLLoadingScene
04:31:26.138 [JavaFX Application Thread] DEBUG GameApplicationServi - Clearing previous game
04:31:26.138 [JavaFX Application Thread] DEBUG GameScene            - Clearing game scene
04:31:26.138 [JavaFX Application Thread] DEBUG GameWorld            - Clearing game world
04:31:26.138 [JavaFX Application Thread] DEBUG PhysicsWorld         - Clearing physics world
04:31:26.138 [FXGL Background Thread 4 ] DEBUG FXGLAssetLoaderServi - Loading from file system: jar:file:/C:/Users/anton/.gradle/caches/modules-2/files-2.1/com.github.almasb/fxgl/17.2/35db6ae960eec2dcfd19262d3b7f9c42f0e95bc3/fxgl-17.2.jar!/fxglassets/ui/fonts/TerminalLandMono-Regular.otf
04:31:26.141 [FXGL Background Thread 1 ] DEBUG FXGLApplication      - Initializing game
04:31:26.148 [FXGL Background Thread 4 ] DEBUG FXGLAssetLoaderServi - Loading from file system: jar:file:/C:/Users/anton/.gradle/caches/modules-2/files-2.1/com.github.almasb/fxgl/17.2/35db6ae960eec2dcfd19262d3b7f9c42f0e95bc3/fxgl-17.2.jar!/fxglassets/ui/fonts/Courier-Prime.ttf
04:31:26.250 [FXGL Background Thread 1 ] DEBUG FXGLAssetLoaderServi - Loading from file system: file:/C:/Users/anton/OneDrive/Documents/GitHub/animals-revenge/build/resources/main/assets/sounds/brick_hit.wav
04:31:26.261 [JavaFX Application Thread] DEBUG FXGLApplication      - Registering font factories with UI factory
04:31:26.386 [FXGL Background Thread 1 ] DEBUG FXGLAssetLoaderServi - Loading from file system: file:/C:/Users/anton/OneDrive/Documents/GitHub/animals-revenge/build/resources/main/assets/music/music2.mp3
04:31:26.567 [FXGL Background Thread 1 ] DEBUG FXGLAssetLoaderServi - Loading from file system: file:/C:/Users/anton/OneDrive/Documents/GitHub/animals-revenge/build/resources/main/assets/ui/Home.fxml
04:31:27.622 [FXGL Background Thread 2 ] INFO  UpdaterService       - Your current version:  17.2
04:31:27.622 [FXGL Background Thread 2 ] INFO  UpdaterService       - Latest stable version: 17.3
04:31:28.807 [FXGL Background Thread 1 ] INFO  FXGLApplication      - Game initialization took: 2.666 sec
04:31:28.824 [JavaFX Application Thread] DEBUG Input                - Clearing active input actions
04:31:28.880 [JavaFX Application Thread] DEBUG GameApplicationServi - Removing overlay from FXGLLoadingScene and adding to GameScene
04:31:28.881 [JavaFX Application Thread] DEBUG PrimaryStageWindow   - FXGLLoadingScene -> GameScene
04:31:28.918 [FXGL Background Thread 3 ] DEBUG Engine               - Logging environment variables
04:31:28.919 [FXGL Background Thread 3 ] DEBUG Engine               - achievements: []
04:31:28.920 [FXGL Background Thread 3 ] DEBUG Engine               - actualHeight: 815.0
04:31:28.920 [FXGL Background Thread 3 ] DEBUG Engine               - actualHeightProperty: ReadOnlyDoubleProperty [value: 815.0]
04:31:28.920 [FXGL Background Thread 3 ] DEBUG Engine               - actualWidth: 1447.0
04:31:28.920 [FXGL Background Thread 3 ] DEBUG Engine               - actualWidthProperty: ReadOnlyDoubleProperty [value: 1447.0]
04:31:28.920 [FXGL Background Thread 3 ] DEBUG Engine               - appIcon: fxgl_icon.png
04:31:28.920 [FXGL Background Thread 3 ] DEBUG Engine               - applicationMode: DEVELOPER
04:31:28.920 [FXGL Background Thread 3 ] DEBUG Engine               - cSSList: [fxgl_dark.css]
04:31:28.920 [FXGL Background Thread 3 ] DEBUG Engine               - collisionDetectionStrategy: BRUTE_FORCE
04:31:28.920 [FXGL Background Thread 3 ] DEBUG Engine               - configClass: Optional.empty
04:31:28.920 [FXGL Background Thread 3 ] DEBUG Engine               - credits: []
04:31:28.975 [FXGL Background Thread 3 ] DEBUG Engine               - defaultCursor: CursorInfo(imageName=fxgl_default_cursor.png, hotspotX=7.0, hotspotY=6.0)
04:31:28.984 [FXGL Background Thread 3 ] DEBUG Engine               - devBBoxColorProperty: ObjectProperty [value: 0xff0000ff]
04:31:28.984 [FXGL Background Thread 3 ] DEBUG Engine               - devEnableDebugCameraProperty: BooleanProperty [value: false]
04:31:28.984 [FXGL Background Thread 3 ] DEBUG Engine               - devSensorColorProperty: ObjectProperty [value: 0xffff00ff]
04:31:28.985 [FXGL Background Thread 3 ] DEBUG Engine               - devShowBBoxProperty: BooleanProperty [value: false]
04:31:28.985 [FXGL Background Thread 3 ] DEBUG Engine               - devShowPositionProperty: BooleanProperty [value: false]
04:31:28.985 [FXGL Background Thread 3 ] DEBUG Engine               - enabledMenuItems: []
04:31:28.986 [FXGL Background Thread 3 ] DEBUG Engine               - engineServices: [class com.almasb.fxgl.app.services.FXGLAssetLoaderService, class com.almasb.fxgl.app.FXGLApplication$GameApplicationService, class com.almasb.fxgl.app.services.FXGLDialogService, class com.almasb.fxgl.app.services.IOTaskExecutorService, class com.almasb.fxgl.io.FileSystemService, class com.almasb.fxgl.localization.LocalizationService, class com.almasb.fxgl.app.services.SystemBundleService, class com.almasb.fxgl.profile.SaveLoadService, class com.almasb.fxgl.ui.FXGLUIFactoryServiceProvider, class com.almasb.fxgl.ui.FXGLDialogFactoryServiceProvider, class com.almasb.fxgl.audio.AudioPlayer, class com.almasb.fxgl.notification.impl.NotificationServiceProvider, class com.almasb.fxgl.achievement.AchievementService, class com.almasb.fxgl.cutscene.CutsceneService, class com.almasb.fxgl.minigames.MiniGameService, class com.almasb.fxgl.net.NetService, class com.almasb.fxgl.app.services.UpdaterService, class com.almasb.fxgl.dev.DevService]
04:31:28.987 [FXGL Background Thread 3 ] DEBUG Engine               - fontGame: Abel-Regular.ttf
04:31:28.987 [FXGL Background Thread 3 ] DEBUG Engine               - fontMono: TerminalLandMono-Regular.otf
04:31:28.987 [FXGL Background Thread 3 ] DEBUG Engine               - fontText: Courier-Prime.ttf
04:31:28.987 [FXGL Background Thread 3 ] DEBUG Engine               - fontUI: VarelaRound-Regular.ttf
04:31:28.987 [FXGL Background Thread 3 ] DEBUG Engine               - fullScreen: BooleanProperty [value: false]
04:31:28.988 [FXGL Background Thread 3 ] DEBUG Engine               - gameDifficulty: MEDIUM
04:31:28.988 [FXGL Background Thread 3 ] DEBUG Engine               - gameDifficultyProperty: ObjectProperty [value: MEDIUM]
04:31:28.989 [FXGL Background Thread 3 ] DEBUG Engine               - globalMusicVolume: 0.5
04:31:28.990 [FXGL Background Thread 3 ] DEBUG Engine               - globalMusicVolumeProperty: DoubleProperty [value: 0.0]
04:31:28.991 [FXGL Background Thread 3 ] DEBUG Engine               - globalSoundVolume: 0.5
04:31:28.991 [FXGL Background Thread 3 ] DEBUG Engine               - globalSoundVolumeProperty: DoubleProperty [value: 0.0]
04:31:28.995 [FXGL Background Thread 3 ] DEBUG Engine               - height: 820
04:31:28.995 [FXGL Background Thread 3 ] DEBUG Engine               - is3D: false
04:31:28.998 [FXGL Background Thread 3 ] DEBUG Engine               - isAndroid: false
04:31:28.999 [FXGL Background Thread 3 ] DEBUG Engine               - isBrowser: false
04:31:29.000 [FXGL Background Thread 3 ] DEBUG Engine               - isClickFeedbackEnabled: false
04:31:29.001 [FXGL Background Thread 3 ] DEBUG Engine               - isCloseConfirmation: false
04:31:29.002 [FXGL Background Thread 3 ] DEBUG Engine               - isDesktop: true
04:31:29.003 [FXGL Background Thread 3 ] DEBUG Engine               - isDeveloperMenuEnabled: false
04:31:29.003 [FXGL Background Thread 3 ] DEBUG Engine               - isEmbedded: false
04:31:29.003 [FXGL Background Thread 3 ] DEBUG Engine               - isEntityPreloadEnabled: true
04:31:29.007 [FXGL Background Thread 3 ] DEBUG Engine               - isExperimentalTiledLargeMap: false
04:31:29.008 [FXGL Background Thread 3 ] DEBUG Engine               - isFileSystemWriteAllowed: true
04:31:29.012 [FXGL Background Thread 3 ] DEBUG Engine               - isFullScreenAllowed: false
04:31:29.012 [FXGL Background Thread 3 ] DEBUG Engine               - isFullScreenFromStart: false
04:31:29.014 [FXGL Background Thread 3 ] DEBUG Engine               - isGameMenuEnabled: false
04:31:29.014 [FXGL Background Thread 3 ] DEBUG Engine               - isIOS: false
04:31:29.015 [FXGL Background Thread 3 ] DEBUG Engine               - isIntroEnabled: false
04:31:29.015 [FXGL Background Thread 3 ] DEBUG Engine               - isLinux: false
04:31:29.015 [FXGL Background Thread 3 ] DEBUG Engine               - isMac: false
04:31:29.015 [FXGL Background Thread 3 ] DEBUG Engine               - isMainMenuEnabled: false
04:31:29.018 [FXGL Background Thread 3 ] DEBUG Engine               - isManualResizeEnabled: false
04:31:29.020 [FXGL Background Thread 3 ] DEBUG Engine               - isMobile: false
04:31:29.029 [FXGL Background Thread 3 ] DEBUG Engine               - isNative: false
04:31:29.030 [FXGL Background Thread 3 ] DEBUG Engine               - isPauseMusicWhenMinimized: true
04:31:29.030 [FXGL Background Thread 3 ] DEBUG Engine               - isPreserveResizeRatio: false
04:31:29.030 [FXGL Background Thread 3 ] DEBUG Engine               - isProfilingEnabled: false
04:31:29.031 [FXGL Background Thread 3 ] DEBUG Engine               - isScaleAffectedOnResize: true
04:31:29.031 [FXGL Background Thread 3 ] DEBUG Engine               - isSingleStep: false
04:31:29.031 [FXGL Background Thread 3 ] DEBUG Engine               - isUserProfileEnabled: false
04:31:29.031 [FXGL Background Thread 3 ] DEBUG Engine               - isWindows: true
04:31:29.037 [FXGL Background Thread 3 ] DEBUG Engine               - language: ObjectProperty [value: ENGLISH]
04:31:29.038 [FXGL Background Thread 3 ] DEBUG Engine               - menuKey: ESCAPE
04:31:29.038 [FXGL Background Thread 3 ] DEBUG Engine               - mouseSensitivity: 0.2
04:31:29.038 [FXGL Background Thread 3 ] DEBUG Engine               - notificationViewClass: class com.almasb.fxgl.notification.view.XboxNotificationView
04:31:29.038 [FXGL Background Thread 3 ] DEBUG Engine               - pixelsPerMeter: 50.0
04:31:29.038 [FXGL Background Thread 3 ] DEBUG Engine               - platform: WINDOWS
04:31:29.038 [FXGL Background Thread 3 ] DEBUG Engine               - prefHeightProperty: ReadOnlyDoubleProperty [value: 820.0]
04:31:29.038 [FXGL Background Thread 3 ] DEBUG Engine               - prefWidthProperty: ReadOnlyDoubleProperty [value: 1480.0]
04:31:29.038 [FXGL Background Thread 3 ] DEBUG Engine               - profileDir: profiles/
04:31:29.039 [FXGL Background Thread 3 ] DEBUG Engine               - profileName: StringProperty [value: DEFAULT]
04:31:29.039 [FXGL Background Thread 3 ] DEBUG Engine               - randomSeed: -1
04:31:29.041 [FXGL Background Thread 3 ] DEBUG Engine               - runtimeInfo: RuntimeInfo(platform=WINDOWS, version=17.2, build=20.08.2022 16.50)
04:31:29.042 [FXGL Background Thread 3 ] DEBUG Engine               - saveFileExt: sav
04:31:29.047 [FXGL Background Thread 3 ] DEBUG Engine               - scaledHeightProp$fxgl: DoubleProperty [bound, value: 815.0]
04:31:29.047 [FXGL Background Thread 3 ] DEBUG Engine               - scaledWidthProp$fxgl: DoubleProperty [bound, value: 1447.0]
04:31:29.047 [FXGL Background Thread 3 ] DEBUG Engine               - sceneFactory: com.almasb.fxgl.app.scene.SceneFactory@7518b3c
04:31:29.049 [FXGL Background Thread 3 ] DEBUG Engine               - secondsIn24h: 60
04:31:29.050 [FXGL Background Thread 3 ] DEBUG Engine               - soundMenuBack: menu/back.wav
04:31:29.050 [FXGL Background Thread 3 ] DEBUG Engine               - soundMenuPress: menu/press.wav
04:31:29.050 [FXGL Background Thread 3 ] DEBUG Engine               - soundMenuSelect: menu/select.wav
04:31:29.051 [FXGL Background Thread 3 ] DEBUG Engine               - soundNotification: core/notification.wav
04:31:29.052 [FXGL Background Thread 3 ] DEBUG Engine               - stageStyle: DECORATED
04:31:29.052 [FXGL Background Thread 3 ] DEBUG Engine               - supportedLanguages: [ENGLISH, FRENCH, GERMAN, HUNGARIAN, RUSSIAN]
04:31:29.053 [FXGL Background Thread 3 ] DEBUG Engine               - ticksPerSecond: -1
04:31:29.053 [FXGL Background Thread 3 ] DEBUG Engine               - title: Untitled
04:31:29.054 [FXGL Background Thread 3 ] DEBUG Engine               - urlGithub: https://github.com/AlmasB/FXGL
04:31:29.057 [FXGL Background Thread 3 ] DEBUG Engine               - urlLeaderboard: http://fxgl-top.herokuapp.com/
04:31:29.063 [FXGL Background Thread 3 ] DEBUG Engine               - urlPOM: https://raw.githubusercontent.com/AlmasB/FXGL/release/README.md
04:31:29.063 [FXGL Background Thread 3 ] DEBUG Engine               - userAppClass: class edu.vanier.animals_revenge.MainApp
04:31:29.072 [FXGL Background Thread 3 ] DEBUG Engine               - version: 0.0
04:31:29.077 [FXGL Background Thread 3 ] DEBUG Engine               - versionCheckDays: 7
04:31:29.077 [FXGL Background Thread 3 ] DEBUG Engine               - width: 1480
04:31:29.101 [FXGL Background Thread 3 ] DEBUG Engine               - Logging services
04:31:29.102 [FXGL Background Thread 3 ] DEBUG Engine               - class com.almasb.fxgl.app.services.FXGLAssetLoaderService
04:31:29.102 [FXGL Background Thread 3 ] DEBUG Engine               - class com.almasb.fxgl.app.FXGLApplication$GameApplicationService
04:31:29.102 [FXGL Background Thread 3 ] DEBUG Engine               - class com.almasb.fxgl.app.services.FXGLDialogService
04:31:29.102 [FXGL Background Thread 3 ] DEBUG Engine               - class com.almasb.fxgl.app.services.IOTaskExecutorService
04:31:29.102 [FXGL Background Thread 3 ] DEBUG Engine               - class com.almasb.fxgl.io.FileSystemService
04:31:29.102 [FXGL Background Thread 3 ] DEBUG Engine               - class com.almasb.fxgl.localization.LocalizationService
04:31:29.102 [FXGL Background Thread 3 ] DEBUG Engine               - class com.almasb.fxgl.app.services.SystemBundleService
04:31:29.102 [FXGL Background Thread 3 ] DEBUG Engine               - class com.almasb.fxgl.profile.SaveLoadService
04:31:29.102 [FXGL Background Thread 3 ] DEBUG Engine               - class com.almasb.fxgl.ui.FXGLUIFactoryServiceProvider
04:31:29.103 [FXGL Background Thread 3 ] DEBUG Engine               - class com.almasb.fxgl.ui.FXGLDialogFactoryServiceProvider
04:31:29.103 [FXGL Background Thread 3 ] DEBUG Engine               - class com.almasb.fxgl.audio.AudioPlayer
04:31:29.103 [FXGL Background Thread 3 ] DEBUG Engine               - class com.almasb.fxgl.notification.impl.NotificationServiceProvider
04:31:29.103 [FXGL Background Thread 3 ] DEBUG Engine               - class com.almasb.fxgl.achievement.AchievementService
04:31:29.103 [FXGL Background Thread 3 ] DEBUG Engine               - class com.almasb.fxgl.cutscene.CutsceneService
04:31:29.103 [FXGL Background Thread 3 ] DEBUG Engine               - class com.almasb.fxgl.minigames.MiniGameService
04:31:29.107 [FXGL Background Thread 3 ] DEBUG Engine               - class com.almasb.fxgl.net.NetService
04:31:29.107 [FXGL Background Thread 3 ] DEBUG Engine               - class com.almasb.fxgl.app.services.UpdaterService
04:31:29.107 [FXGL Background Thread 3 ] DEBUG Engine               - class com.almasb.fxgl.dev.DevService
04:31:31.657 [JavaFX Application Thread] DEBUG FXGLAssetLoaderServi - Loading from file system: file:/C:/Users/anton/OneDrive/Documents/GitHub/animals-revenge/build/resources/main/assets/ui/Setting.fxml
04:31:35.148 [JavaFX Application Thread] DEBUG FXGLAssetLoaderServi - Clearing assets cache
04:31:35.148 [JavaFX Application Thread] DEBUG FXGLAssetLoaderServi - Loading from file system: file:/C:/Users/anton/OneDrive/Documents/GitHub/animals-revenge/build/resources/main/assets/music/music2.mp3
04:31:36.994 [JavaFX Application Thread] DEBUG FXGLAssetLoaderServi - Clearing assets cache
04:31:37.002 [JavaFX Application Thread] DEBUG FXGLAssetLoaderServi - Loading from file system: file:/C:/Users/anton/OneDrive/Documents/GitHub/animals-revenge/build/resources/main/assets/music/music1.mp3
04:31:42.233 [JavaFX Application Thread] DEBUG FXGLAssetLoaderServi - Loading from file system: file:/C:/Users/anton/OneDrive/Documents/GitHub/animals-revenge/build/resources/main/assets/ui/Home.fxml
04:31:45.210 [JavaFX Application Thread] DEBUG FXGLApplication      - Exiting FXGL
04:31:45.210 [JavaFX Application Thread] DEBUG LoopRunner           - Stopping loop
04:31:45.211 [JavaFX Application Thread] DEBUG SystemBundleService  - Saving FXGL system data
04:31:45.217 [JavaFX Application Thread] DEBUG FileSystemAccess     - Writing to: C:\Users\anton\OneDrive\Documents\GitHub\animals-revenge\system\fxgl.bundle
04:31:45.223 [JavaFX Application Thread] DEBUG Async                - Shutting down background threads
04:31:45.224 [JavaFX Application Thread] DEBUG PrimaryStageWindow   - Closing main window
04:31:45.244 [JavaFX Application Thread] DEBUG Logger               - Closing Logger
