09:15:50.337 [main                     ] DEBUG Logger               - Configured Logger
09:15:50.395 [main                     ] DEBUG GameApplication      - Logging settings
Title: Untitled
Version: 0.0
Width: 1480
Height: 820
Fullscreen: false
Intro: false
Profiling: false
Single step:false
App Mode: DEVELOPER
Menu Key: ESCAPE
Stage Style: DECORATED
Scene Factory: class com.almasb.fxgl.app.scene.SceneFactory

09:15:51.569 [JavaFX Application Thread] DEBUG FXGLApplication      - Initializing FXGL
09:15:51.579 [JavaFX Application Thread] INFO  Engine               - FXGL-17.2 (20.08.2022 16.50) on WINDOWS (J:18.0.2.1 FX:20.0.2)
09:15:51.580 [JavaFX Application Thread] DEBUG Engine               - JRE Vendor Name: Oracle Corporation
09:15:51.580 [JavaFX Application Thread] DEBUG Engine               - Running on OS: Windows 11 version 10.0
09:15:51.581 [JavaFX Application Thread] DEBUG Engine               - Architecture: amd64
09:15:51.581 [JavaFX Application Thread] INFO  Engine               - Source code and latest versions at: https://github.com/AlmasB/FXGL
09:15:51.581 [JavaFX Application Thread] INFO  Engine               -       Ask questions and discuss at: https://github.com/AlmasB/FXGL/discussions
09:15:51.583 [JavaFX Application Thread] INFO  Engine               -              Join the FXGL chat at: https://gitter.im/AlmasB/FXGL
09:15:51.766 [JavaFX Application Thread] DEBUG PrimaryStageWindow   - Creating a JavaFX scene
09:15:51.766 [JavaFX Application Thread] DEBUG PrimaryStageWindow   - Target size > screen size
09:15:51.930 [JavaFX Application Thread] DEBUG PrimaryStageWindow   - Target settings size: 1480.0 x 820.0
09:15:51.931 [JavaFX Application Thread] DEBUG PrimaryStageWindow   - Scaled scene size:    1447.0 x 815.0
09:15:51.932 [JavaFX Application Thread] DEBUG PrimaryStageWindow   - Scaled ratio: (0.9777027027027027, 0.9939024390243902)
09:15:51.934 [JavaFX Application Thread] DEBUG PrimaryStageWindow   - Set initial scene to FXGLStartupScene
09:15:51.952 [JavaFX Application Thread] DEBUG PrimaryStageWindow   - Opening main window
09:15:52.708 [JavaFX Application Thread] DEBUG PrimaryStageWindow   - Window border size: (14.5999755859375, 37.79998779296875)
09:15:52.708 [JavaFX Application Thread] DEBUG PrimaryStageWindow   - Scaled size: 1447.0 x 815.0
09:15:52.708 [JavaFX Application Thread] DEBUG PrimaryStageWindow   - Scaled ratio: (0.9777027027027027, 0.9939024390243902)
09:15:52.708 [JavaFX Application Thread] DEBUG PrimaryStageWindow   - Scene size: 1447.0 x 815.0
09:15:52.709 [JavaFX Application Thread] DEBUG PrimaryStageWindow   - Stage size: 1461.5999755859375 x 852.7999877929688
09:15:52.758 [FXGL Background Thread 1 ] DEBUG Engine               - Initializing environment variables
09:15:52.894 [FXGL Background Thread 1 ] DEBUG FXGLAssetLoaderServi - User app class for loading assets: class edu.vanier.animals_revenge.MainApp
09:15:52.895 [FXGL Background Thread 1 ] DEBUG GameApplicationServi - Applying CSS: fxgl_dark.css
09:15:52.899 [FXGL Background Thread 1 ] DEBUG FXGLAssetLoaderServi - Loading from file system: jar:file:/C:/Users/anton/.gradle/caches/modules-2/files-2.1/com.github.almasb/fxgl/17.2/35db6ae960eec2dcfd19262d3b7f9c42f0e95bc3/fxgl-17.2.jar!/fxglassets/ui/css/fxgl_dark.css
09:15:52.979 [FXGL Background Thread 1 ] DEBUG GameApplicationServi - Initializing application scenes
09:15:53.131 [FXGL Background Thread 1 ] DEBUG GameWorld            - Game world initialized
09:15:53.296 [FXGL Background Thread 1 ] DEBUG PhysicsWorld         - Physics world initialized: appHeight=820, physics.ppm=50.0
09:15:53.297 [FXGL Background Thread 1 ] DEBUG PhysicsWorld         - Using strategy: BRUTE_FORCE
09:15:53.305 [FXGL Background Thread 1 ] DEBUG GameScene            - Game scene initialized: 1480x820
09:15:53.306 [FXGL Background Thread 1 ] DEBUG GameApplicationServi - Application scenes initialized
09:15:53.330 [FXGL Background Thread 1 ] DEBUG SystemBundleService  - Loading FXGL system data
09:15:53.345 [FXGL Background Thread 1 ] DEBUG FileSystemAccess     - Reading from: C:\Users\anton\OneDrive\Documents\GitHub\animals-revenge\system\fxgl.bundle
09:15:53.359 [FXGL Background Thread 1 ] DEBUG SystemBundleService  - Bundle FXGL: {}
09:15:53.359 [FXGL Background Thread 1 ] DEBUG UpdaterService       - Checking for updates
09:15:53.367 [FXGL Background Thread 1 ] DEBUG FXGLApplication      - Loading default localization
09:15:53.367 [FXGL Background Thread 4 ] DEBUG FXGLApplication      - Loading fonts
09:15:53.369 [FXGL Background Thread 1 ] DEBUG FXGLAssetLoaderServi - Loading from file system: jar:file:/C:/Users/anton/.gradle/caches/modules-2/files-2.1/com.github.almasb/fxgl/17.2/35db6ae960eec2dcfd19262d3b7f9c42f0e95bc3/fxgl-17.2.jar!/fxglassets/languages/english.lang
09:15:53.370 [FXGL Background Thread 4 ] DEBUG FXGLAssetLoaderServi - Loading from file system: jar:file:/C:/Users/anton/.gradle/caches/modules-2/files-2.1/com.github.almasb/fxgl/17.2/35db6ae960eec2dcfd19262d3b7f9c42f0e95bc3/fxgl-17.2.jar!/fxglassets/ui/fonts/VarelaRound-Regular.ttf
09:15:53.410 [FXGL Background Thread 1 ] INFO  FXGLApplication      - FXGL initialization took: 0.652 sec
09:15:53.422 [JavaFX Application Thread] DEBUG Input                - Registered new binding: Launch - RMB
09:15:53.422 [JavaFX Application Thread] DEBUG Input                - Registered new binding: Create - LMB
09:15:53.423 [JavaFX Application Thread] DEBUG Input                - Registered new binding: Drag - CTRL+LMB
09:15:53.424 [JavaFX Application Thread] DEBUG FXGLAssetLoaderServi - Loading from file system: jar:file:/C:/Users/anton/.gradle/caches/modules-2/files-2.1/com.github.almasb/fxgl/17.2/35db6ae960eec2dcfd19262d3b7f9c42f0e95bc3/fxgl-17.2.jar!/fxglassets/textures/fxgl_icon.png
09:15:53.499 [JavaFX Application Thread] DEBUG FXGLAssetLoaderServi - Loading from file system: jar:file:/C:/Users/anton/.gradle/caches/modules-2/files-2.1/com.github.almasb/fxgl/17.2/35db6ae960eec2dcfd19262d3b7f9c42f0e95bc3/fxgl-17.2.jar!/fxglassets/textures/fxgl_default_cursor.png
09:15:53.516 [JavaFX Application Thread] DEBUG Input                - Registered new binding: Screenshot - CTRL+8
09:15:53.516 [JavaFX Application Thread] DEBUG Input                - Registered new binding: System info dump - CTRL+9
09:15:53.517 [JavaFX Application Thread] DEBUG Input                - Registered new binding: Restart - CTRL+R
09:15:53.519 [JavaFX Application Thread] DEBUG Input                - Registered new binding: Toggle Debug Camera - CTRL+7
09:15:53.532 [FXGL Background Thread 4 ] DEBUG FXGLAssetLoaderServi - Loading from file system: jar:file:/C:/Users/anton/.gradle/caches/modules-2/files-2.1/com.github.almasb/fxgl/17.2/35db6ae960eec2dcfd19262d3b7f9c42f0e95bc3/fxgl-17.2.jar!/fxglassets/ui/fonts/Abel-Regular.ttf
09:15:53.533 [JavaFX Application Thread] DEBUG LoopRunner           - Starting loop
09:15:53.533 [JavaFX Application Thread] DEBUG LoopRunner           - Initializing JavaFX AnimationTimerLoop
09:15:53.541 [JavaFX Application Thread] DEBUG GameApplicationServi - Starting new game
09:15:53.542 [JavaFX Application Thread] DEBUG Input                - Clearing active input actions
09:15:53.544 [FXGL Background Thread 4 ] DEBUG FXGLAssetLoaderServi - Loading from file system: jar:file:/C:/Users/anton/.gradle/caches/modules-2/files-2.1/com.github.almasb/fxgl/17.2/35db6ae960eec2dcfd19262d3b7f9c42f0e95bc3/fxgl-17.2.jar!/fxglassets/ui/fonts/TerminalLandMono-Regular.otf
09:15:53.559 [JavaFX Application Thread] DEBUG GameApplicationServi - Removing overlay from FXGLStartupScene and adding to FXGLLoadingScene
09:15:53.560 [JavaFX Application Thread] DEBUG PrimaryStageWindow   - FXGLStartupScene -> FXGLLoadingScene
09:15:53.560 [JavaFX Application Thread] DEBUG GameApplicationServi - Clearing previous game
09:15:53.560 [JavaFX Application Thread] DEBUG GameScene            - Clearing game scene
09:15:53.560 [JavaFX Application Thread] DEBUG GameWorld            - Clearing game world
09:15:53.560 [JavaFX Application Thread] DEBUG PhysicsWorld         - Clearing physics world
09:15:53.561 [FXGL Background Thread 4 ] DEBUG FXGLAssetLoaderServi - Loading from file system: jar:file:/C:/Users/anton/.gradle/caches/modules-2/files-2.1/com.github.almasb/fxgl/17.2/35db6ae960eec2dcfd19262d3b7f9c42f0e95bc3/fxgl-17.2.jar!/fxglassets/ui/fonts/Courier-Prime.ttf
09:15:53.564 [FXGL Background Thread 1 ] DEBUG FXGLApplication      - Initializing game
09:15:53.739 [FXGL Background Thread 1 ] DEBUG FXGLAssetLoaderServi - Loading from file system: file:/C:/Users/anton/OneDrive/Documents/GitHub/animals-revenge/build/resources/main/assets/sounds/brick_hit.wav
09:15:53.776 [JavaFX Application Thread] DEBUG FXGLApplication      - Registering font factories with UI factory
09:15:53.892 [FXGL Background Thread 1 ] DEBUG FXGLAssetLoaderServi - Loading from file system: file:/C:/Users/anton/OneDrive/Documents/GitHub/animals-revenge/build/resources/main/assets/music/music1.mp3
09:15:54.152 [FXGL Background Thread 1 ] DEBUG FXGLAssetLoaderServi - Loading from file system: file:/C:/Users/anton/OneDrive/Documents/GitHub/animals-revenge/build/resources/main/assets/ui/Home.fxml
09:15:55.413 [FXGL Background Thread 2 ] INFO  UpdaterService       - Your current version:  17.2
09:15:55.415 [FXGL Background Thread 2 ] INFO  UpdaterService       - Latest stable version: 17.3
09:15:56.512 [FXGL Background Thread 3 ] DEBUG Engine               - Logging environment variables
09:15:56.516 [FXGL Background Thread 3 ] DEBUG Engine               - achievements: []
09:15:56.518 [FXGL Background Thread 3 ] DEBUG Engine               - actualHeight: 815.0
09:15:56.518 [FXGL Background Thread 3 ] DEBUG Engine               - actualHeightProperty: ReadOnlyDoubleProperty [value: 815.0]
09:15:56.518 [FXGL Background Thread 3 ] DEBUG Engine               - actualWidth: 1447.0
09:15:56.519 [FXGL Background Thread 3 ] DEBUG Engine               - actualWidthProperty: ReadOnlyDoubleProperty [value: 1447.0]
09:15:56.520 [FXGL Background Thread 3 ] DEBUG Engine               - appIcon: fxgl_icon.png
09:15:56.520 [FXGL Background Thread 3 ] DEBUG Engine               - applicationMode: DEVELOPER
09:15:56.520 [FXGL Background Thread 3 ] DEBUG Engine               - cSSList: [fxgl_dark.css]
09:15:56.520 [FXGL Background Thread 3 ] DEBUG Engine               - collisionDetectionStrategy: BRUTE_FORCE
09:15:56.521 [FXGL Background Thread 3 ] DEBUG Engine               - configClass: Optional.empty
09:15:56.521 [FXGL Background Thread 3 ] DEBUG Engine               - credits: []
09:15:56.526 [FXGL Background Thread 3 ] DEBUG Engine               - defaultCursor: CursorInfo(imageName=fxgl_default_cursor.png, hotspotX=7.0, hotspotY=6.0)
09:15:56.526 [FXGL Background Thread 3 ] DEBUG Engine               - devBBoxColorProperty: ObjectProperty [value: 0xff0000ff]
09:15:56.529 [FXGL Background Thread 3 ] DEBUG Engine               - devEnableDebugCameraProperty: BooleanProperty [value: false]
09:15:56.530 [FXGL Background Thread 3 ] DEBUG Engine               - devSensorColorProperty: ObjectProperty [value: 0xffff00ff]
09:15:56.530 [FXGL Background Thread 3 ] DEBUG Engine               - devShowBBoxProperty: BooleanProperty [value: false]
09:15:56.531 [FXGL Background Thread 3 ] DEBUG Engine               - devShowPositionProperty: BooleanProperty [value: false]
09:15:56.531 [FXGL Background Thread 3 ] DEBUG Engine               - enabledMenuItems: []
09:15:56.531 [FXGL Background Thread 3 ] DEBUG Engine               - engineServices: [class com.almasb.fxgl.app.services.FXGLAssetLoaderService, class com.almasb.fxgl.app.FXGLApplication$GameApplicationService, class com.almasb.fxgl.app.services.FXGLDialogService, class com.almasb.fxgl.app.services.IOTaskExecutorService, class com.almasb.fxgl.io.FileSystemService, class com.almasb.fxgl.localization.LocalizationService, class com.almasb.fxgl.app.services.SystemBundleService, class com.almasb.fxgl.profile.SaveLoadService, class com.almasb.fxgl.ui.FXGLUIFactoryServiceProvider, class com.almasb.fxgl.ui.FXGLDialogFactoryServiceProvider, class com.almasb.fxgl.audio.AudioPlayer, class com.almasb.fxgl.notification.impl.NotificationServiceProvider, class com.almasb.fxgl.achievement.AchievementService, class com.almasb.fxgl.cutscene.CutsceneService, class com.almasb.fxgl.minigames.MiniGameService, class com.almasb.fxgl.net.NetService, class com.almasb.fxgl.app.services.UpdaterService, class com.almasb.fxgl.dev.DevService]
09:15:56.531 [FXGL Background Thread 3 ] DEBUG Engine               - fontGame: Abel-Regular.ttf
09:15:56.531 [FXGL Background Thread 3 ] DEBUG Engine               - fontMono: TerminalLandMono-Regular.otf
09:15:56.531 [FXGL Background Thread 3 ] DEBUG Engine               - fontText: Courier-Prime.ttf
09:15:56.531 [FXGL Background Thread 3 ] DEBUG Engine               - fontUI: VarelaRound-Regular.ttf
09:15:56.531 [FXGL Background Thread 3 ] DEBUG Engine               - fullScreen: BooleanProperty [value: false]
09:15:56.532 [FXGL Background Thread 3 ] DEBUG Engine               - gameDifficulty: MEDIUM
09:15:56.532 [FXGL Background Thread 3 ] DEBUG Engine               - gameDifficultyProperty: ObjectProperty [value: MEDIUM]
09:15:56.532 [FXGL Background Thread 3 ] DEBUG Engine               - globalMusicVolume: 0.5
09:15:56.532 [FXGL Background Thread 3 ] DEBUG Engine               - globalMusicVolumeProperty: DoubleProperty [value: 0.0]
09:15:56.532 [FXGL Background Thread 3 ] DEBUG Engine               - globalSoundVolume: 0.5
09:15:56.532 [FXGL Background Thread 3 ] DEBUG Engine               - globalSoundVolumeProperty: DoubleProperty [value: 0.0]
09:15:56.532 [FXGL Background Thread 3 ] DEBUG Engine               - height: 820
09:15:56.532 [FXGL Background Thread 3 ] DEBUG Engine               - is3D: false
09:15:56.532 [FXGL Background Thread 3 ] DEBUG Engine               - isAndroid: false
09:15:56.532 [FXGL Background Thread 3 ] DEBUG Engine               - isBrowser: false
09:15:56.532 [FXGL Background Thread 3 ] DEBUG Engine               - isClickFeedbackEnabled: false
09:15:56.532 [FXGL Background Thread 3 ] DEBUG Engine               - isCloseConfirmation: false
09:15:56.534 [FXGL Background Thread 3 ] DEBUG Engine               - isDesktop: true
09:15:56.534 [FXGL Background Thread 3 ] DEBUG Engine               - isDeveloperMenuEnabled: false
09:15:56.534 [FXGL Background Thread 3 ] DEBUG Engine               - isEmbedded: false
09:15:56.536 [FXGL Background Thread 3 ] DEBUG Engine               - isEntityPreloadEnabled: true
09:15:56.537 [FXGL Background Thread 3 ] DEBUG Engine               - isExperimentalTiledLargeMap: false
09:15:56.537 [FXGL Background Thread 3 ] DEBUG Engine               - isFileSystemWriteAllowed: true
09:15:56.538 [FXGL Background Thread 3 ] DEBUG Engine               - isFullScreenAllowed: false
09:15:56.538 [FXGL Background Thread 3 ] DEBUG Engine               - isFullScreenFromStart: false
09:15:56.538 [FXGL Background Thread 3 ] DEBUG Engine               - isGameMenuEnabled: false
09:15:56.538 [FXGL Background Thread 3 ] DEBUG Engine               - isIOS: false
09:15:56.538 [FXGL Background Thread 3 ] DEBUG Engine               - isIntroEnabled: false
09:15:56.538 [FXGL Background Thread 3 ] DEBUG Engine               - isLinux: false
09:15:56.539 [FXGL Background Thread 3 ] DEBUG Engine               - isMac: false
09:15:56.539 [FXGL Background Thread 3 ] DEBUG Engine               - isMainMenuEnabled: false
09:15:56.540 [FXGL Background Thread 3 ] DEBUG Engine               - isManualResizeEnabled: false
09:15:56.540 [FXGL Background Thread 3 ] DEBUG Engine               - isMobile: false
09:15:56.540 [FXGL Background Thread 3 ] DEBUG Engine               - isNative: false
09:15:56.540 [FXGL Background Thread 3 ] DEBUG Engine               - isPauseMusicWhenMinimized: true
09:15:56.541 [FXGL Background Thread 3 ] DEBUG Engine               - isPreserveResizeRatio: false
09:15:56.541 [FXGL Background Thread 3 ] DEBUG Engine               - isProfilingEnabled: false
09:15:56.541 [FXGL Background Thread 3 ] DEBUG Engine               - isScaleAffectedOnResize: true
09:15:56.543 [FXGL Background Thread 3 ] DEBUG Engine               - isSingleStep: false
09:15:56.543 [FXGL Background Thread 3 ] DEBUG Engine               - isUserProfileEnabled: false
09:15:56.543 [FXGL Background Thread 3 ] DEBUG Engine               - isWindows: true
09:15:56.543 [FXGL Background Thread 3 ] DEBUG Engine               - language: ObjectProperty [value: ENGLISH]
09:15:56.543 [FXGL Background Thread 3 ] DEBUG Engine               - menuKey: ESCAPE
09:15:56.543 [FXGL Background Thread 3 ] DEBUG Engine               - mouseSensitivity: 0.2
09:15:56.543 [FXGL Background Thread 3 ] DEBUG Engine               - notificationViewClass: class com.almasb.fxgl.notification.view.XboxNotificationView
09:15:56.543 [FXGL Background Thread 3 ] DEBUG Engine               - pixelsPerMeter: 50.0
09:15:56.543 [FXGL Background Thread 3 ] DEBUG Engine               - platform: WINDOWS
09:15:56.544 [FXGL Background Thread 3 ] DEBUG Engine               - prefHeightProperty: ReadOnlyDoubleProperty [value: 820.0]
09:15:56.544 [FXGL Background Thread 3 ] DEBUG Engine               - prefWidthProperty: ReadOnlyDoubleProperty [value: 1480.0]
09:15:56.544 [FXGL Background Thread 3 ] DEBUG Engine               - profileDir: profiles/
09:15:56.544 [FXGL Background Thread 3 ] DEBUG Engine               - profileName: StringProperty [value: DEFAULT]
09:15:56.544 [FXGL Background Thread 3 ] DEBUG Engine               - randomSeed: -1
09:15:56.546 [FXGL Background Thread 3 ] DEBUG Engine               - runtimeInfo: RuntimeInfo(platform=WINDOWS, version=17.2, build=20.08.2022 16.50)
09:15:56.546 [FXGL Background Thread 3 ] DEBUG Engine               - saveFileExt: sav
09:15:56.546 [FXGL Background Thread 3 ] DEBUG Engine               - scaledHeightProp$fxgl: DoubleProperty [bound, value: 815.0]
09:15:56.546 [FXGL Background Thread 3 ] DEBUG Engine               - scaledWidthProp$fxgl: DoubleProperty [bound, value: 1447.0]
09:15:56.546 [FXGL Background Thread 3 ] DEBUG Engine               - sceneFactory: com.almasb.fxgl.app.scene.SceneFactory@411fd503
09:15:56.546 [FXGL Background Thread 3 ] DEBUG Engine               - secondsIn24h: 60
09:15:56.546 [FXGL Background Thread 3 ] DEBUG Engine               - soundMenuBack: menu/back.wav
09:15:56.546 [FXGL Background Thread 3 ] DEBUG Engine               - soundMenuPress: menu/press.wav
09:15:56.546 [FXGL Background Thread 3 ] DEBUG Engine               - soundMenuSelect: menu/select.wav
09:15:56.546 [FXGL Background Thread 3 ] DEBUG Engine               - soundNotification: core/notification.wav
09:15:56.546 [FXGL Background Thread 3 ] DEBUG Engine               - stageStyle: DECORATED
09:15:56.546 [FXGL Background Thread 3 ] DEBUG Engine               - supportedLanguages: [ENGLISH, FRENCH, GERMAN, HUNGARIAN, RUSSIAN]
09:15:56.547 [FXGL Background Thread 3 ] DEBUG Engine               - ticksPerSecond: -1
09:15:56.547 [FXGL Background Thread 3 ] DEBUG Engine               - title: Untitled
09:15:56.547 [FXGL Background Thread 3 ] DEBUG Engine               - urlGithub: https://github.com/AlmasB/FXGL
09:15:56.547 [FXGL Background Thread 3 ] DEBUG Engine               - urlLeaderboard: http://fxgl-top.herokuapp.com/
09:15:56.547 [FXGL Background Thread 3 ] DEBUG Engine               - urlPOM: https://raw.githubusercontent.com/AlmasB/FXGL/release/README.md
09:15:56.547 [FXGL Background Thread 3 ] DEBUG Engine               - userAppClass: class edu.vanier.animals_revenge.MainApp
09:15:56.547 [FXGL Background Thread 3 ] DEBUG Engine               - version: 0.0
09:15:56.547 [FXGL Background Thread 3 ] DEBUG Engine               - versionCheckDays: 7
09:15:56.547 [FXGL Background Thread 3 ] DEBUG Engine               - width: 1480
09:15:56.547 [FXGL Background Thread 3 ] DEBUG Engine               - Logging services
09:15:56.547 [FXGL Background Thread 3 ] DEBUG Engine               - class com.almasb.fxgl.app.services.FXGLAssetLoaderService
09:15:56.547 [FXGL Background Thread 3 ] DEBUG Engine               - class com.almasb.fxgl.app.FXGLApplication$GameApplicationService
09:15:56.547 [FXGL Background Thread 3 ] DEBUG Engine               - class com.almasb.fxgl.app.services.FXGLDialogService
09:15:56.547 [FXGL Background Thread 3 ] DEBUG Engine               - class com.almasb.fxgl.app.services.IOTaskExecutorService
09:15:56.547 [FXGL Background Thread 3 ] DEBUG Engine               - class com.almasb.fxgl.io.FileSystemService
09:15:56.547 [FXGL Background Thread 3 ] DEBUG Engine               - class com.almasb.fxgl.localization.LocalizationService
09:15:56.548 [FXGL Background Thread 3 ] DEBUG Engine               - class com.almasb.fxgl.app.services.SystemBundleService
09:15:56.548 [FXGL Background Thread 3 ] DEBUG Engine               - class com.almasb.fxgl.profile.SaveLoadService
09:15:56.548 [FXGL Background Thread 3 ] DEBUG Engine               - class com.almasb.fxgl.ui.FXGLUIFactoryServiceProvider
09:15:56.548 [FXGL Background Thread 3 ] DEBUG Engine               - class com.almasb.fxgl.ui.FXGLDialogFactoryServiceProvider
09:15:56.548 [FXGL Background Thread 3 ] DEBUG Engine               - class com.almasb.fxgl.audio.AudioPlayer
09:15:56.549 [FXGL Background Thread 3 ] DEBUG Engine               - class com.almasb.fxgl.notification.impl.NotificationServiceProvider
09:15:56.549 [FXGL Background Thread 3 ] DEBUG Engine               - class com.almasb.fxgl.achievement.AchievementService
09:15:56.549 [FXGL Background Thread 3 ] DEBUG Engine               - class com.almasb.fxgl.cutscene.CutsceneService
09:15:56.549 [FXGL Background Thread 3 ] DEBUG Engine               - class com.almasb.fxgl.minigames.MiniGameService
09:15:56.549 [FXGL Background Thread 3 ] DEBUG Engine               - class com.almasb.fxgl.net.NetService
09:15:56.549 [FXGL Background Thread 3 ] DEBUG Engine               - class com.almasb.fxgl.app.services.UpdaterService
09:15:56.549 [FXGL Background Thread 3 ] DEBUG Engine               - class com.almasb.fxgl.dev.DevService
09:15:57.221 [FXGL Background Thread 1 ] INFO  FXGLApplication      - Game initialization took: 3.657 sec
09:15:57.231 [JavaFX Application Thread] DEBUG Input                - Clearing active input actions
09:15:57.273 [JavaFX Application Thread] DEBUG GameApplicationServi - Removing overlay from FXGLLoadingScene and adding to GameScene
09:15:57.273 [JavaFX Application Thread] DEBUG PrimaryStageWindow   - FXGLLoadingScene -> GameScene
09:15:59.381 [JavaFX Application Thread] DEBUG FXGLAssetLoaderServi - Loading from file system: file:/C:/Users/anton/OneDrive/Documents/GitHub/animals-revenge/build/resources/main/assets/ui/Simulator.fxml
09:15:59.439 [JavaFX Application Thread] WARN  FXGLAssetLoaderServi - Failed to load file:/C:/Users/anton/OneDrive/Documents/GitHub/animals-revenge/build/resources/main/assets/ui/Simulator.fxml
javafx.fxml.LoadException: Error resolving onAction='#openParameters', either the event handler is not in the Namespace or there is an error in the script.
unknown path:47

	at javafx.fxml@20.0.2/javafx.fxml.FXMLLoader.constructLoadException(FXMLLoader.java:2718)
	at javafx.fxml@20.0.2/javafx.fxml.FXMLLoader$Element.processEventHandlerAttributes(FXMLLoader.java:623)
	at javafx.fxml@20.0.2/javafx.fxml.FXMLLoader$ValueElement.processEndElement(FXMLLoader.java:783)
	at javafx.fxml@20.0.2/javafx.fxml.FXMLLoader.processEndElement(FXMLLoader.java:2969)
	at javafx.fxml@20.0.2/javafx.fxml.FXMLLoader.loadImpl(FXMLLoader.java:2654)
	at javafx.fxml@20.0.2/javafx.fxml.FXMLLoader.load(FXMLLoader.java:2547)
	at com.almasb.fxgl.app.services.UIAssetLoader.load(FXGLAssetLoaderService.kt:767)
	at com.almasb.fxgl.app.services.UIAssetLoader.load(FXGLAssetLoaderService.kt:757)
	at com.almasb.fxgl.app.services.FXGLAssetLoaderService.load(FXGLAssetLoaderService.kt:530)
	at com.almasb.fxgl.app.services.FXGLAssetLoaderService.loadUI(FXGLAssetLoaderService.kt:460)
	at edu.vanier.animals_revenge.MainApp.loadFXML(MainApp.java:238)
	at edu.vanier.animals_revenge.controllers.HomeController.switchScenes(HomeController.java:51)
	at java.base/jdk.internal.reflect.DirectMethodHandleAccessor.invoke(DirectMethodHandleAccessor.java:104)
	at java.base/java.lang.reflect.Method.invoke(Method.java:577)
	at com.sun.javafx.reflect.Trampoline.invoke(MethodUtil.java:72)
	at java.base/jdk.internal.reflect.DirectMethodHandleAccessor.invoke(DirectMethodHandleAccessor.java:104)
	at java.base/java.lang.reflect.Method.invoke(Method.java:577)
	at javafx.base@20.0.2/com.sun.javafx.reflect.MethodUtil.invoke(MethodUtil.java:270)
	at javafx.fxml@20.0.2/com.sun.javafx.fxml.MethodHelper.invoke(MethodHelper.java:84)
	at javafx.fxml@20.0.2/javafx.fxml.FXMLLoader$MethodHandler.invoke(FXMLLoader.java:1853)
	at javafx.fxml@20.0.2/javafx.fxml.FXMLLoader$ControllerMethodEventHandler.handle(FXMLLoader.java:1726)
	at javafx.base@20.0.2/com.sun.javafx.event.CompositeEventHandler.dispatchBubblingEvent(CompositeEventHandler.java:86)
	at javafx.base@20.0.2/com.sun.javafx.event.EventHandlerManager.dispatchBubblingEvent(EventHandlerManager.java:232)
	at javafx.base@20.0.2/com.sun.javafx.event.EventHandlerManager.dispatchBubblingEvent(EventHandlerManager.java:189)
	at javafx.base@20.0.2/com.sun.javafx.event.CompositeEventDispatcher.dispatchBubblingEvent(CompositeEventDispatcher.java:59)
	at javafx.base@20.0.2/com.sun.javafx.event.BasicEventDispatcher.dispatchEvent(BasicEventDispatcher.java:58)
	at javafx.base@20.0.2/com.sun.javafx.event.EventDispatchChainImpl.dispatchEvent(EventDispatchChainImpl.java:114)
	at javafx.base@20.0.2/com.sun.javafx.event.BasicEventDispatcher.dispatchEvent(BasicEventDispatcher.java:56)
	at javafx.base@20.0.2/com.sun.javafx.event.EventDispatchChainImpl.dispatchEvent(EventDispatchChainImpl.java:114)
	at javafx.base@20.0.2/com.sun.javafx.event.BasicEventDispatcher.dispatchEvent(BasicEventDispatcher.java:56)
	at javafx.base@20.0.2/com.sun.javafx.event.EventDispatchChainImpl.dispatchEvent(EventDispatchChainImpl.java:114)
	at javafx.base@20.0.2/com.sun.javafx.event.EventUtil.fireEventImpl(EventUtil.java:74)
	at javafx.base@20.0.2/com.sun.javafx.event.EventUtil.fireEvent(EventUtil.java:49)
	at javafx.base@20.0.2/javafx.event.Event.fireEvent(Event.java:198)
	at javafx.graphics@20.0.2/javafx.scene.Node.fireEvent(Node.java:8944)
	at javafx.controls@20.0.2/javafx.scene.control.Button.fire(Button.java:203)
	at javafx.controls@20.0.2/com.sun.javafx.scene.control.behavior.ButtonBehavior.mouseReleased(ButtonBehavior.java:207)
	at javafx.controls@20.0.2/com.sun.javafx.scene.control.inputmap.InputMap.handle(InputMap.java:274)
	at javafx.base@20.0.2/com.sun.javafx.event.CompositeEventHandler$NormalEventHandlerRecord.handleBubblingEvent(CompositeEventHandler.java:247)
	at javafx.base@20.0.2/com.sun.javafx.event.CompositeEventHandler.dispatchBubblingEvent(CompositeEventHandler.java:80)
	at javafx.base@20.0.2/com.sun.javafx.event.EventHandlerManager.dispatchBubblingEvent(EventHandlerManager.java:232)
	at javafx.base@20.0.2/com.sun.javafx.event.EventHandlerManager.dispatchBubblingEvent(EventHandlerManager.java:189)
	at javafx.base@20.0.2/com.sun.javafx.event.CompositeEventDispatcher.dispatchBubblingEvent(CompositeEventDispatcher.java:59)
	at javafx.base@20.0.2/com.sun.javafx.event.BasicEventDispatcher.dispatchEvent(BasicEventDispatcher.java:58)
	at javafx.base@20.0.2/com.sun.javafx.event.EventDispatchChainImpl.dispatchEvent(EventDispatchChainImpl.java:114)
	at javafx.base@20.0.2/com.sun.javafx.event.BasicEventDispatcher.dispatchEvent(BasicEventDispatcher.java:56)
	at javafx.base@20.0.2/com.sun.javafx.event.EventDispatchChainImpl.dispatchEvent(EventDispatchChainImpl.java:114)
	at javafx.base@20.0.2/com.sun.javafx.event.BasicEventDispatcher.dispatchEvent(BasicEventDispatcher.java:56)
	at javafx.base@20.0.2/com.sun.javafx.event.EventDispatchChainImpl.dispatchEvent(EventDispatchChainImpl.java:114)
	at javafx.base@20.0.2/com.sun.javafx.event.EventUtil.fireEventImpl(EventUtil.java:74)
	at javafx.base@20.0.2/com.sun.javafx.event.EventUtil.fireEvent(EventUtil.java:54)
	at javafx.base@20.0.2/javafx.event.Event.fireEvent(Event.java:198)
	at javafx.graphics@20.0.2/javafx.scene.Scene$MouseHandler.process(Scene.java:3980)
	at javafx.graphics@20.0.2/javafx.scene.Scene.processMouseEvent(Scene.java:1890)
	at javafx.graphics@20.0.2/javafx.scene.Scene$ScenePeerListener.mouseEvent(Scene.java:2704)
	at javafx.graphics@20.0.2/com.sun.javafx.tk.quantum.GlassViewEventHandler$MouseEventNotification.run(GlassViewEventHandler.java:411)
	at javafx.graphics@20.0.2/com.sun.javafx.tk.quantum.GlassViewEventHandler$MouseEventNotification.run(GlassViewEventHandler.java:301)
	at java.base/java.security.AccessController.doPrivileged(AccessController.java:399)
	at javafx.graphics@20.0.2/com.sun.javafx.tk.quantum.GlassViewEventHandler.lambda$handleMouseEvent$2(GlassViewEventHandler.java:450)
	at javafx.graphics@20.0.2/com.sun.javafx.tk.quantum.QuantumToolkit.runWithoutRenderLock(QuantumToolkit.java:424)
	at javafx.graphics@20.0.2/com.sun.javafx.tk.quantum.GlassViewEventHandler.handleMouseEvent(GlassViewEventHandler.java:449)
	at javafx.graphics@20.0.2/com.sun.glass.ui.View.handleMouseEvent(View.java:551)
	at javafx.graphics@20.0.2/com.sun.glass.ui.View.notifyMouse(View.java:937)
	at javafx.graphics@20.0.2/com.sun.glass.ui.win.WinApplication._runLoop(Native Method)
	at javafx.graphics@20.0.2/com.sun.glass.ui.win.WinApplication.lambda$runLoop$3(WinApplication.java:185)
	at java.base/java.lang.Thread.run(Thread.java:833)

09:16:05.216 [JavaFX Application Thread] DEBUG FXGLApplication      - Exiting FXGL
09:16:05.216 [JavaFX Application Thread] DEBUG LoopRunner           - Stopping loop
09:16:05.219 [JavaFX Application Thread] DEBUG SystemBundleService  - Saving FXGL system data
09:16:05.222 [JavaFX Application Thread] DEBUG FileSystemAccess     - Writing to: C:\Users\anton\OneDrive\Documents\GitHub\animals-revenge\system\fxgl.bundle
09:16:05.225 [JavaFX Application Thread] DEBUG Async                - Shutting down background threads
09:16:05.225 [JavaFX Application Thread] DEBUG PrimaryStageWindow   - Closing main window
09:16:05.258 [JavaFX Application Thread] DEBUG Logger               - Closing Logger
