21:55:58.370 [main                     ] DEBUG Logger               - Configured Logger
21:55:58.400 [main                     ] DEBUG GameApplication      - Logging settings
Title: Untitled
Version: 0.0
Width: 1480
Height: 820
Fullscreen: false
Intro: false
Profiling: false
Single step:false
App Mode: DEVELOPER
Menu Key: ESCAPE
Stage Style: DECORATED
Scene Factory: class com.almasb.fxgl.app.scene.SceneFactory

21:55:58.937 [JavaFX Application Thread] DEBUG FXGLApplication      - Initializing FXGL
21:55:58.947 [JavaFX Application Thread] INFO  Engine               - FXGL-17.2 (20.08.2022 16.50) on WINDOWS (J:18.0.2.1 FX:20.0.2)
21:55:58.947 [JavaFX Application Thread] DEBUG Engine               - JRE Vendor Name: Oracle Corporation
21:55:58.948 [JavaFX Application Thread] DEBUG Engine               - Running on OS: Windows 11 version 10.0
21:55:58.948 [JavaFX Application Thread] DEBUG Engine               - Architecture: amd64
21:55:58.948 [JavaFX Application Thread] INFO  Engine               - Source code and latest versions at: https://github.com/AlmasB/FXGL
21:55:58.948 [JavaFX Application Thread] INFO  Engine               -       Ask questions and discuss at: https://github.com/AlmasB/FXGL/discussions
21:55:58.948 [JavaFX Application Thread] INFO  Engine               -              Join the FXGL chat at: https://gitter.im/AlmasB/FXGL
21:55:59.131 [JavaFX Application Thread] DEBUG PrimaryStageWindow   - Creating a JavaFX scene
21:55:59.132 [JavaFX Application Thread] DEBUG PrimaryStageWindow   - Target size > screen size
21:55:59.269 [JavaFX Application Thread] DEBUG PrimaryStageWindow   - Target settings size: 1480.0 x 820.0
21:55:59.270 [JavaFX Application Thread] DEBUG PrimaryStageWindow   - Scaled scene size:    1447.0 x 815.0
21:55:59.270 [JavaFX Application Thread] DEBUG PrimaryStageWindow   - Scaled ratio: (0.9777027027027027, 0.9939024390243902)
21:55:59.274 [JavaFX Application Thread] DEBUG PrimaryStageWindow   - Set initial scene to FXGLStartupScene
21:55:59.283 [JavaFX Application Thread] DEBUG PrimaryStageWindow   - Opening main window
21:55:59.506 [JavaFX Application Thread] DEBUG PrimaryStageWindow   - Window border size: (14.5999755859375, 37.79998779296875)
21:55:59.508 [JavaFX Application Thread] DEBUG PrimaryStageWindow   - Scaled size: 1447.0 x 815.0
21:55:59.509 [JavaFX Application Thread] DEBUG PrimaryStageWindow   - Scaled ratio: (0.9777027027027027, 0.9939024390243902)
21:55:59.509 [JavaFX Application Thread] DEBUG PrimaryStageWindow   - Scene size: 1447.0 x 815.0
21:55:59.510 [JavaFX Application Thread] DEBUG PrimaryStageWindow   - Stage size: 1461.5999755859375 x 852.7999877929688
21:55:59.532 [FXGL Background Thread 1 ] DEBUG Engine               - Initializing environment variables
21:55:59.630 [FXGL Background Thread 1 ] DEBUG FXGLAssetLoaderServi - User app class for loading assets: class edu.vanier.animals_revenge.MainApp
21:55:59.630 [FXGL Background Thread 1 ] DEBUG GameApplicationServi - Applying CSS: fxgl_dark.css
21:55:59.632 [FXGL Background Thread 1 ] DEBUG FXGLAssetLoaderServi - Loading from file system: jar:file:/C:/Users/zacha/.gradle/caches/modules-2/files-2.1/com.github.almasb/fxgl/17.2/35db6ae960eec2dcfd19262d3b7f9c42f0e95bc3/fxgl-17.2.jar!/fxglassets/ui/css/fxgl_dark.css
21:55:59.712 [FXGL Background Thread 1 ] DEBUG GameApplicationServi - Initializing application scenes
21:55:59.779 [FXGL Background Thread 1 ] DEBUG GameWorld            - Game world initialized
21:55:59.889 [FXGL Background Thread 1 ] DEBUG PhysicsWorld         - Physics world initialized: appHeight=820, physics.ppm=50.0
21:55:59.889 [FXGL Background Thread 1 ] DEBUG PhysicsWorld         - Using strategy: BRUTE_FORCE
21:55:59.896 [FXGL Background Thread 1 ] DEBUG GameScene            - Game scene initialized: 1480x820
21:55:59.897 [FXGL Background Thread 1 ] DEBUG GameApplicationServi - Application scenes initialized
21:55:59.928 [FXGL Background Thread 1 ] DEBUG SystemBundleService  - Loading FXGL system data
21:55:59.933 [FXGL Background Thread 1 ] DEBUG FileSystemAccess     - Reading from: C:\Users\zacha\OneDrive\Documents\GitHub\animals-revenge\system\fxgl.bundle
21:55:59.946 [FXGL Background Thread 1 ] DEBUG SystemBundleService  - Bundle FXGL: {}
21:55:59.946 [FXGL Background Thread 1 ] DEBUG UpdaterService       - Checking for updates
21:55:59.960 [FXGL Background Thread 4 ] DEBUG FXGLApplication      - Loading fonts
21:55:59.961 [FXGL Background Thread 1 ] DEBUG FXGLApplication      - Loading default localization
21:55:59.961 [FXGL Background Thread 4 ] DEBUG FXGLAssetLoaderServi - Loading from file system: jar:file:/C:/Users/zacha/.gradle/caches/modules-2/files-2.1/com.github.almasb/fxgl/17.2/35db6ae960eec2dcfd19262d3b7f9c42f0e95bc3/fxgl-17.2.jar!/fxglassets/ui/fonts/VarelaRound-Regular.ttf
21:55:59.962 [FXGL Background Thread 1 ] DEBUG FXGLAssetLoaderServi - Loading from file system: jar:file:/C:/Users/zacha/.gradle/caches/modules-2/files-2.1/com.github.almasb/fxgl/17.2/35db6ae960eec2dcfd19262d3b7f9c42f0e95bc3/fxgl-17.2.jar!/fxglassets/languages/english.lang
21:56:00.016 [FXGL Background Thread 1 ] INFO  FXGLApplication      - FXGL initialization took: 0.484 sec
21:56:00.038 [JavaFX Application Thread] DEBUG Input                - Registered new binding: Launch - RMB
21:56:00.039 [JavaFX Application Thread] DEBUG Input                - Registered new binding: Create - LMB
21:56:00.040 [JavaFX Application Thread] DEBUG Input                - Registered new binding: Drag - CTRL+LMB
21:56:00.042 [JavaFX Application Thread] DEBUG FXGLAssetLoaderServi - Loading from file system: jar:file:/C:/Users/zacha/.gradle/caches/modules-2/files-2.1/com.github.almasb/fxgl/17.2/35db6ae960eec2dcfd19262d3b7f9c42f0e95bc3/fxgl-17.2.jar!/fxglassets/textures/fxgl_icon.png
21:56:00.064 [FXGL Background Thread 4 ] DEBUG FXGLAssetLoaderServi - Loading from file system: jar:file:/C:/Users/zacha/.gradle/caches/modules-2/files-2.1/com.github.almasb/fxgl/17.2/35db6ae960eec2dcfd19262d3b7f9c42f0e95bc3/fxgl-17.2.jar!/fxglassets/ui/fonts/Abel-Regular.ttf
21:56:00.072 [FXGL Background Thread 4 ] DEBUG FXGLAssetLoaderServi - Loading from file system: jar:file:/C:/Users/zacha/.gradle/caches/modules-2/files-2.1/com.github.almasb/fxgl/17.2/35db6ae960eec2dcfd19262d3b7f9c42f0e95bc3/fxgl-17.2.jar!/fxglassets/ui/fonts/TerminalLandMono-Regular.otf
21:56:00.080 [FXGL Background Thread 4 ] DEBUG FXGLAssetLoaderServi - Loading from file system: jar:file:/C:/Users/zacha/.gradle/caches/modules-2/files-2.1/com.github.almasb/fxgl/17.2/35db6ae960eec2dcfd19262d3b7f9c42f0e95bc3/fxgl-17.2.jar!/fxglassets/ui/fonts/Courier-Prime.ttf
21:56:00.138 [JavaFX Application Thread] DEBUG FXGLAssetLoaderServi - Loading from file system: jar:file:/C:/Users/zacha/.gradle/caches/modules-2/files-2.1/com.github.almasb/fxgl/17.2/35db6ae960eec2dcfd19262d3b7f9c42f0e95bc3/fxgl-17.2.jar!/fxglassets/textures/fxgl_default_cursor.png
21:56:00.151 [JavaFX Application Thread] DEBUG Input                - Registered new binding: Screenshot - CTRL+8
21:56:00.153 [JavaFX Application Thread] DEBUG Input                - Registered new binding: System info dump - CTRL+9
21:56:00.154 [JavaFX Application Thread] DEBUG Input                - Registered new binding: Restart - CTRL+R
21:56:00.156 [JavaFX Application Thread] DEBUG Input                - Registered new binding: Toggle Debug Camera - CTRL+7
21:56:00.172 [JavaFX Application Thread] DEBUG LoopRunner           - Starting loop
21:56:00.172 [JavaFX Application Thread] DEBUG LoopRunner           - Initializing JavaFX AnimationTimerLoop
21:56:00.176 [JavaFX Application Thread] DEBUG GameApplicationServi - Starting new game
21:56:00.176 [JavaFX Application Thread] DEBUG Input                - Clearing active input actions
21:56:00.197 [JavaFX Application Thread] DEBUG GameApplicationServi - Removing overlay from FXGLStartupScene and adding to FXGLLoadingScene
21:56:00.198 [JavaFX Application Thread] DEBUG PrimaryStageWindow   - FXGLStartupScene -> FXGLLoadingScene
21:56:00.198 [JavaFX Application Thread] DEBUG GameApplicationServi - Clearing previous game
21:56:00.198 [JavaFX Application Thread] DEBUG GameScene            - Clearing game scene
21:56:00.199 [JavaFX Application Thread] DEBUG GameWorld            - Clearing game world
21:56:00.199 [JavaFX Application Thread] DEBUG PhysicsWorld         - Clearing physics world
21:56:00.206 [JavaFX Application Thread] DEBUG FXGLApplication      - Registering font factories with UI factory
21:56:00.206 [FXGL Background Thread 4 ] DEBUG FXGLApplication      - Initializing game
21:56:00.304 [FXGL Background Thread 4 ] DEBUG FXGLAssetLoaderServi - Loading from file system: file:/C:/Users/zacha/OneDrive/Documents/GitHub/animals-revenge/build/resources/main/assets/ui/Home.fxml
21:56:00.802 [FXGL Background Thread 2 ] INFO  UpdaterService       - Your current version:  17.2
21:56:00.802 [FXGL Background Thread 2 ] INFO  UpdaterService       - Latest stable version: 17.3
21:56:00.927 [FXGL Background Thread 4 ] INFO  FXGLApplication      - Game initialization took: 0.720 sec
21:56:00.929 [JavaFX Application Thread] DEBUG Input                - Clearing active input actions
21:56:00.952 [JavaFX Application Thread] DEBUG GameApplicationServi - Removing overlay from FXGLLoadingScene and adding to GameScene
21:56:00.952 [JavaFX Application Thread] DEBUG PrimaryStageWindow   - FXGLLoadingScene -> GameScene
21:56:02.279 [JavaFX Application Thread] DEBUG FXGLAssetLoaderServi - Loading from file system: file:/C:/Users/zacha/OneDrive/Documents/GitHub/animals-revenge/build/resources/main/assets/ui/Simulator.fxml
21:56:02.431 [JavaFX Application Thread] DEBUG FXGLAssetLoaderServi - Loading from file system: file:/C:/Users/zacha/OneDrive/Documents/GitHub/animals-revenge/build/resources/main/assets/textures/cannon.png
21:56:02.436 [JavaFX Application Thread] DEBUG FXGLAssetLoaderServi - Loading from file system: file:/C:/Users/zacha/OneDrive/Documents/GitHub/animals-revenge/build/resources/main/assets/textures/brick32x32.png
21:56:02.957 [FXGL Background Thread 3 ] DEBUG Engine               - Logging environment variables
21:56:02.958 [FXGL Background Thread 3 ] DEBUG Engine               - achievements: []
21:56:02.958 [FXGL Background Thread 3 ] DEBUG Engine               - actualHeight: 815.0
21:56:02.958 [FXGL Background Thread 3 ] DEBUG Engine               - actualHeightProperty: ReadOnlyDoubleProperty [value: 815.0]
21:56:02.958 [FXGL Background Thread 3 ] DEBUG Engine               - actualWidth: 1447.0
21:56:02.958 [FXGL Background Thread 3 ] DEBUG Engine               - actualWidthProperty: ReadOnlyDoubleProperty [value: 1447.0]
21:56:02.958 [FXGL Background Thread 3 ] DEBUG Engine               - appIcon: fxgl_icon.png
21:56:02.958 [FXGL Background Thread 3 ] DEBUG Engine               - applicationMode: DEVELOPER
21:56:02.958 [FXGL Background Thread 3 ] DEBUG Engine               - cSSList: [fxgl_dark.css]
21:56:02.958 [FXGL Background Thread 3 ] DEBUG Engine               - collisionDetectionStrategy: BRUTE_FORCE
21:56:02.958 [FXGL Background Thread 3 ] DEBUG Engine               - configClass: Optional.empty
21:56:02.959 [FXGL Background Thread 3 ] DEBUG Engine               - credits: []
21:56:02.961 [FXGL Background Thread 3 ] DEBUG Engine               - defaultCursor: CursorInfo(imageName=fxgl_default_cursor.png, hotspotX=7.0, hotspotY=6.0)
21:56:02.963 [FXGL Background Thread 3 ] DEBUG Engine               - devBBoxColorProperty: ObjectProperty [value: 0xff0000ff]
21:56:02.963 [FXGL Background Thread 3 ] DEBUG Engine               - devEnableDebugCameraProperty: BooleanProperty [value: false]
21:56:02.963 [FXGL Background Thread 3 ] DEBUG Engine               - devSensorColorProperty: ObjectProperty [value: 0xffff00ff]
21:56:02.963 [FXGL Background Thread 3 ] DEBUG Engine               - devShowBBoxProperty: BooleanProperty [value: false]
21:56:02.963 [FXGL Background Thread 3 ] DEBUG Engine               - devShowPositionProperty: BooleanProperty [value: false]
21:56:02.963 [FXGL Background Thread 3 ] DEBUG Engine               - enabledMenuItems: []
21:56:02.963 [FXGL Background Thread 3 ] DEBUG Engine               - engineServices: [class com.almasb.fxgl.app.services.FXGLAssetLoaderService, class com.almasb.fxgl.app.FXGLApplication$GameApplicationService, class com.almasb.fxgl.app.services.FXGLDialogService, class com.almasb.fxgl.app.services.IOTaskExecutorService, class com.almasb.fxgl.io.FileSystemService, class com.almasb.fxgl.localization.LocalizationService, class com.almasb.fxgl.app.services.SystemBundleService, class com.almasb.fxgl.profile.SaveLoadService, class com.almasb.fxgl.ui.FXGLUIFactoryServiceProvider, class com.almasb.fxgl.ui.FXGLDialogFactoryServiceProvider, class com.almasb.fxgl.audio.AudioPlayer, class com.almasb.fxgl.notification.impl.NotificationServiceProvider, class com.almasb.fxgl.achievement.AchievementService, class com.almasb.fxgl.cutscene.CutsceneService, class com.almasb.fxgl.minigames.MiniGameService, class com.almasb.fxgl.net.NetService, class com.almasb.fxgl.app.services.UpdaterService, class com.almasb.fxgl.dev.DevService]
21:56:02.964 [FXGL Background Thread 3 ] DEBUG Engine               - fontGame: Abel-Regular.ttf
21:56:02.964 [FXGL Background Thread 3 ] DEBUG Engine               - fontMono: TerminalLandMono-Regular.otf
21:56:02.964 [FXGL Background Thread 3 ] DEBUG Engine               - fontText: Courier-Prime.ttf
21:56:02.964 [FXGL Background Thread 3 ] DEBUG Engine               - fontUI: VarelaRound-Regular.ttf
21:56:02.964 [FXGL Background Thread 3 ] DEBUG Engine               - fullScreen: BooleanProperty [value: false]
21:56:02.964 [FXGL Background Thread 3 ] DEBUG Engine               - gameDifficulty: MEDIUM
21:56:02.964 [FXGL Background Thread 3 ] DEBUG Engine               - gameDifficultyProperty: ObjectProperty [value: MEDIUM]
21:56:02.964 [FXGL Background Thread 3 ] DEBUG Engine               - globalMusicVolume: 0.5
21:56:02.965 [FXGL Background Thread 3 ] DEBUG Engine               - globalMusicVolumeProperty: DoubleProperty [value: 0.5]
21:56:02.965 [FXGL Background Thread 3 ] DEBUG Engine               - globalSoundVolume: 0.5
21:56:02.965 [FXGL Background Thread 3 ] DEBUG Engine               - globalSoundVolumeProperty: DoubleProperty [value: 0.5]
21:56:02.965 [FXGL Background Thread 3 ] DEBUG Engine               - height: 820
21:56:02.966 [FXGL Background Thread 3 ] DEBUG Engine               - is3D: false
21:56:02.966 [FXGL Background Thread 3 ] DEBUG Engine               - isAndroid: false
21:56:02.966 [FXGL Background Thread 3 ] DEBUG Engine               - isBrowser: false
21:56:02.966 [FXGL Background Thread 3 ] DEBUG Engine               - isClickFeedbackEnabled: false
21:56:02.966 [FXGL Background Thread 3 ] DEBUG Engine               - isCloseConfirmation: false
21:56:02.966 [FXGL Background Thread 3 ] DEBUG Engine               - isDesktop: true
21:56:02.966 [FXGL Background Thread 3 ] DEBUG Engine               - isDeveloperMenuEnabled: false
21:56:02.966 [FXGL Background Thread 3 ] DEBUG Engine               - isEmbedded: false
21:56:02.966 [FXGL Background Thread 3 ] DEBUG Engine               - isEntityPreloadEnabled: true
21:56:02.966 [FXGL Background Thread 3 ] DEBUG Engine               - isExperimentalTiledLargeMap: false
21:56:02.966 [FXGL Background Thread 3 ] DEBUG Engine               - isFileSystemWriteAllowed: true
21:56:02.966 [FXGL Background Thread 3 ] DEBUG Engine               - isFullScreenAllowed: false
21:56:02.966 [FXGL Background Thread 3 ] DEBUG Engine               - isFullScreenFromStart: false
21:56:02.967 [FXGL Background Thread 3 ] DEBUG Engine               - isGameMenuEnabled: false
21:56:02.967 [FXGL Background Thread 3 ] DEBUG Engine               - isIOS: false
21:56:02.967 [FXGL Background Thread 3 ] DEBUG Engine               - isIntroEnabled: false
21:56:02.967 [FXGL Background Thread 3 ] DEBUG Engine               - isLinux: false
21:56:02.967 [FXGL Background Thread 3 ] DEBUG Engine               - isMac: false
21:56:02.968 [FXGL Background Thread 3 ] DEBUG Engine               - isMainMenuEnabled: false
21:56:02.968 [FXGL Background Thread 3 ] DEBUG Engine               - isManualResizeEnabled: false
21:56:02.968 [FXGL Background Thread 3 ] DEBUG Engine               - isMobile: false
21:56:02.968 [FXGL Background Thread 3 ] DEBUG Engine               - isNative: false
21:56:02.968 [FXGL Background Thread 3 ] DEBUG Engine               - isPauseMusicWhenMinimized: true
21:56:02.968 [FXGL Background Thread 3 ] DEBUG Engine               - isPreserveResizeRatio: false
21:56:02.968 [FXGL Background Thread 3 ] DEBUG Engine               - isProfilingEnabled: false
21:56:02.968 [FXGL Background Thread 3 ] DEBUG Engine               - isScaleAffectedOnResize: true
21:56:02.968 [FXGL Background Thread 3 ] DEBUG Engine               - isSingleStep: false
21:56:02.968 [FXGL Background Thread 3 ] DEBUG Engine               - isUserProfileEnabled: false
21:56:02.969 [FXGL Background Thread 3 ] DEBUG Engine               - isWindows: true
21:56:02.969 [FXGL Background Thread 3 ] DEBUG Engine               - language: ObjectProperty [value: ENGLISH]
21:56:02.969 [FXGL Background Thread 3 ] DEBUG Engine               - menuKey: ESCAPE
21:56:02.969 [FXGL Background Thread 3 ] DEBUG Engine               - mouseSensitivity: 0.2
21:56:02.969 [FXGL Background Thread 3 ] DEBUG Engine               - notificationViewClass: class com.almasb.fxgl.notification.view.XboxNotificationView
21:56:02.969 [FXGL Background Thread 3 ] DEBUG Engine               - pixelsPerMeter: 50.0
21:56:02.969 [FXGL Background Thread 3 ] DEBUG Engine               - platform: WINDOWS
21:56:02.969 [FXGL Background Thread 3 ] DEBUG Engine               - prefHeightProperty: ReadOnlyDoubleProperty [value: 820.0]
21:56:02.969 [FXGL Background Thread 3 ] DEBUG Engine               - prefWidthProperty: ReadOnlyDoubleProperty [value: 1480.0]
21:56:02.969 [FXGL Background Thread 3 ] DEBUG Engine               - profileDir: profiles/
21:56:02.969 [FXGL Background Thread 3 ] DEBUG Engine               - profileName: StringProperty [value: DEFAULT]
21:56:02.971 [FXGL Background Thread 3 ] DEBUG Engine               - randomSeed: -1
21:56:02.971 [FXGL Background Thread 3 ] DEBUG Engine               - runtimeInfo: RuntimeInfo(platform=WINDOWS, version=17.2, build=20.08.2022 16.50)
21:56:02.971 [FXGL Background Thread 3 ] DEBUG Engine               - saveFileExt: sav
21:56:02.971 [FXGL Background Thread 3 ] DEBUG Engine               - scaledHeightProp$fxgl: DoubleProperty [bound, value: 815.0]
21:56:02.971 [FXGL Background Thread 3 ] DEBUG Engine               - scaledWidthProp$fxgl: DoubleProperty [bound, value: 1447.0]
21:56:02.972 [FXGL Background Thread 3 ] DEBUG Engine               - sceneFactory: com.almasb.fxgl.app.scene.SceneFactory@1690e87e
21:56:02.972 [FXGL Background Thread 3 ] DEBUG Engine               - secondsIn24h: 60
21:56:02.972 [FXGL Background Thread 3 ] DEBUG Engine               - soundMenuBack: menu/back.wav
21:56:02.972 [FXGL Background Thread 3 ] DEBUG Engine               - soundMenuPress: menu/press.wav
21:56:02.972 [FXGL Background Thread 3 ] DEBUG Engine               - soundMenuSelect: menu/select.wav
21:56:02.972 [FXGL Background Thread 3 ] DEBUG Engine               - soundNotification: core/notification.wav
21:56:02.972 [FXGL Background Thread 3 ] DEBUG Engine               - stageStyle: DECORATED
21:56:02.972 [FXGL Background Thread 3 ] DEBUG Engine               - supportedLanguages: [ENGLISH, FRENCH, GERMAN, HUNGARIAN, RUSSIAN]
21:56:02.973 [FXGL Background Thread 3 ] DEBUG Engine               - ticksPerSecond: -1
21:56:02.973 [FXGL Background Thread 3 ] DEBUG Engine               - title: Untitled
21:56:02.973 [FXGL Background Thread 3 ] DEBUG Engine               - urlGithub: https://github.com/AlmasB/FXGL
21:56:02.973 [FXGL Background Thread 3 ] DEBUG Engine               - urlLeaderboard: http://fxgl-top.herokuapp.com/
21:56:02.973 [FXGL Background Thread 3 ] DEBUG Engine               - urlPOM: https://raw.githubusercontent.com/AlmasB/FXGL/release/README.md
21:56:02.973 [FXGL Background Thread 3 ] DEBUG Engine               - userAppClass: class edu.vanier.animals_revenge.MainApp
21:56:02.973 [FXGL Background Thread 3 ] DEBUG Engine               - version: 0.0
21:56:02.973 [FXGL Background Thread 3 ] DEBUG Engine               - versionCheckDays: 7
21:56:02.973 [FXGL Background Thread 3 ] DEBUG Engine               - width: 1480
21:56:02.973 [FXGL Background Thread 3 ] DEBUG Engine               - Logging services
21:56:02.973 [FXGL Background Thread 3 ] DEBUG Engine               - class com.almasb.fxgl.app.services.FXGLAssetLoaderService
21:56:02.973 [FXGL Background Thread 3 ] DEBUG Engine               - class com.almasb.fxgl.app.FXGLApplication$GameApplicationService
21:56:02.973 [FXGL Background Thread 3 ] DEBUG Engine               - class com.almasb.fxgl.app.services.FXGLDialogService
21:56:02.973 [FXGL Background Thread 3 ] DEBUG Engine               - class com.almasb.fxgl.app.services.IOTaskExecutorService
21:56:02.973 [FXGL Background Thread 3 ] DEBUG Engine               - class com.almasb.fxgl.io.FileSystemService
21:56:02.973 [FXGL Background Thread 3 ] DEBUG Engine               - class com.almasb.fxgl.localization.LocalizationService
21:56:02.973 [FXGL Background Thread 3 ] DEBUG Engine               - class com.almasb.fxgl.app.services.SystemBundleService
21:56:02.973 [FXGL Background Thread 3 ] DEBUG Engine               - class com.almasb.fxgl.profile.SaveLoadService
21:56:02.974 [FXGL Background Thread 3 ] DEBUG Engine               - class com.almasb.fxgl.ui.FXGLUIFactoryServiceProvider
21:56:02.974 [FXGL Background Thread 3 ] DEBUG Engine               - class com.almasb.fxgl.ui.FXGLDialogFactoryServiceProvider
21:56:02.974 [FXGL Background Thread 3 ] DEBUG Engine               - class com.almasb.fxgl.audio.AudioPlayer
21:56:02.974 [FXGL Background Thread 3 ] DEBUG Engine               - class com.almasb.fxgl.notification.impl.NotificationServiceProvider
21:56:02.974 [FXGL Background Thread 3 ] DEBUG Engine               - class com.almasb.fxgl.achievement.AchievementService
21:56:02.974 [FXGL Background Thread 3 ] DEBUG Engine               - class com.almasb.fxgl.cutscene.CutsceneService
21:56:02.974 [FXGL Background Thread 3 ] DEBUG Engine               - class com.almasb.fxgl.minigames.MiniGameService
21:56:02.974 [FXGL Background Thread 3 ] DEBUG Engine               - class com.almasb.fxgl.net.NetService
21:56:02.974 [FXGL Background Thread 3 ] DEBUG Engine               - class com.almasb.fxgl.app.services.UpdaterService
21:56:02.974 [FXGL Background Thread 3 ] DEBUG Engine               - class com.almasb.fxgl.dev.DevService
21:56:04.776 [JavaFX Application Thread] DEBUG FXGLAssetLoaderServi - Loading from file system: file:/C:/Users/zacha/OneDrive/Documents/GitHub/animals-revenge/build/resources/main/assets/textures/brick16x16.png
21:56:12.004 [JavaFX Application Thread] DEBUG FXGLAssetLoaderServi - Loading from file system: file:/C:/Users/zacha/OneDrive/Documents/GitHub/animals-revenge/build/resources/main/assets/textures/brick64x64.png
21:56:16.921 [JavaFX Application Thread] DEBUG FXGLAssetLoaderServi - Loading from file system: file:/C:/Users/zacha/OneDrive/Documents/GitHub/animals-revenge/build/resources/main/assets/textures/brick128x128.png
21:56:20.565 [JavaFX Application Thread] DEBUG FXGLAssetLoaderServi - Loading from file system: file:/C:/Users/zacha/OneDrive/Documents/GitHub/animals-revenge/build/resources/main/assets/textures/brick256x256.png
21:56:27.176 [JavaFX Application Thread] DEBUG FXGLAssetLoaderServi - Loading from file system: file:/C:/Users/zacha/OneDrive/Documents/GitHub/animals-revenge/build/resources/main/assets/textures/dirt256x256.png
21:56:33.489 [JavaFX Application Thread] DEBUG FXGLAssetLoaderServi - Loading from file system: file:/C:/Users/zacha/OneDrive/Documents/GitHub/animals-revenge/build/resources/main/assets/textures/wood16x16.png
21:57:08.422 [JavaFX Application Thread] DEBUG FXGLAssetLoaderServi - Loading from file system: file:/C:/Users/zacha/OneDrive/Documents/GitHub/animals-revenge/build/resources/main/assets/textures/dirt16x16.png
21:57:16.029 [JavaFX Application Thread] DEBUG FXGLAssetLoaderServi - Loading from file system: file:/C:/Users/zacha/OneDrive/Documents/GitHub/animals-revenge/build/resources/main/assets/textures/wood32x32.png
21:57:20.342 [JavaFX Application Thread] DEBUG FXGLAssetLoaderServi - Loading from file system: file:/C:/Users/zacha/OneDrive/Documents/GitHub/animals-revenge/build/resources/main/assets/textures/wood256x256.png
21:58:07.848 [JavaFX Application Thread] DEBUG FXGLAssetLoaderServi - Loading from file system: file:/C:/Users/zacha/OneDrive/Documents/GitHub/animals-revenge/build/resources/main/assets/textures/soccer.png
21:58:14.007 [JavaFX Application Thread] DEBUG FXGLApplication      - Exiting FXGL
21:58:14.009 [JavaFX Application Thread] DEBUG LoopRunner           - Stopping loop
21:58:14.009 [JavaFX Application Thread] DEBUG SystemBundleService  - Saving FXGL system data
21:58:14.011 [JavaFX Application Thread] DEBUG FileSystemAccess     - Writing to: C:\Users\zacha\OneDrive\Documents\GitHub\animals-revenge\system\fxgl.bundle
21:58:14.013 [JavaFX Application Thread] DEBUG Async                - Shutting down background threads
21:58:14.013 [JavaFX Application Thread] DEBUG PrimaryStageWindow   - Closing main window
21:58:14.038 [JavaFX Application Thread] DEBUG Logger               - Closing Logger
