09:46:12.853 [main                     ] DEBUG Logger               - Configured Logger
09:46:12.867 [main                     ] DEBUG GameApplication      - Logging settings
Title: Untitled
Version: 0.0
Width: 1480
Height: 820
Fullscreen: false
Intro: false
Profiling: false
Single step:false
App Mode: DEVELOPER
Menu Key: ESCAPE
Stage Style: DECORATED
Scene Factory: class com.almasb.fxgl.app.scene.SceneFactory

09:46:13.124 [JavaFX Application Thread] DEBUG FXGLApplication      - Initializing FXGL
09:46:13.132 [JavaFX Application Thread] INFO  Engine               - FXGL-17.2 (20.08.2022 16.50) on WINDOWS (J:18.0.1.1 FX:20.0.2)
09:46:13.133 [JavaFX Application Thread] DEBUG Engine               - JRE Vendor Name: Oracle Corporation
09:46:13.133 [JavaFX Application Thread] DEBUG Engine               - Running on OS: Windows 10 version 10.0
09:46:13.133 [JavaFX Application Thread] DEBUG Engine               - Architecture: amd64
09:46:13.133 [JavaFX Application Thread] INFO  Engine               - Source code and latest versions at: https://github.com/AlmasB/FXGL
09:46:13.133 [JavaFX Application Thread] INFO  Engine               -       Ask questions and discuss at: https://github.com/AlmasB/FXGL/discussions
09:46:13.133 [JavaFX Application Thread] INFO  Engine               -              Join the FXGL chat at: https://gitter.im/AlmasB/FXGL
09:46:13.209 [JavaFX Application Thread] DEBUG PrimaryStageWindow   - Creating a JavaFX scene
09:46:13.245 [JavaFX Application Thread] DEBUG PrimaryStageWindow   - Target settings size: 1480.0 x 820.0
09:46:13.245 [JavaFX Application Thread] DEBUG PrimaryStageWindow   - Scaled scene size:    1480.0 x 820.0
09:46:13.245 [JavaFX Application Thread] DEBUG PrimaryStageWindow   - Scaled ratio: (1.0, 1.0)
09:46:13.247 [JavaFX Application Thread] DEBUG PrimaryStageWindow   - Set initial scene to FXGLStartupScene
09:46:13.251 [JavaFX Application Thread] DEBUG PrimaryStageWindow   - Opening main window
09:46:13.311 [JavaFX Application Thread] DEBUG PrimaryStageWindow   - Window border size: (16.0, 39.0)
09:46:13.311 [JavaFX Application Thread] DEBUG PrimaryStageWindow   - Scaled size: 1480.0 x 820.0
09:46:13.311 [JavaFX Application Thread] DEBUG PrimaryStageWindow   - Scaled ratio: (1.0, 1.0)
09:46:13.312 [JavaFX Application Thread] DEBUG PrimaryStageWindow   - Scene size: 1480.0 x 820.0
09:46:13.312 [JavaFX Application Thread] DEBUG PrimaryStageWindow   - Stage size: 1496.0 x 859.0
09:46:13.316 [FXGL Background Thread 1 ] DEBUG Engine               - Initializing environment variables
09:46:13.347 [FXGL Background Thread 1 ] DEBUG FXGLAssetLoaderServi - User app class for loading assets: class edu.vanier.animals_revenge.MainApp
09:46:13.347 [FXGL Background Thread 1 ] DEBUG GameApplicationServi - Applying CSS: fxgl_dark.css
09:46:13.349 [FXGL Background Thread 1 ] DEBUG FXGLAssetLoaderServi - Loading from file system: jar:file:/C:/Users/2268182/.gradle/caches/modules-2/files-2.1/com.github.almasb/fxgl/17.2/35db6ae960eec2dcfd19262d3b7f9c42f0e95bc3/fxgl-17.2.jar!/fxglassets/ui/css/fxgl_dark.css
09:46:13.381 [FXGL Background Thread 1 ] DEBUG GameApplicationServi - Initializing application scenes
09:46:13.408 [FXGL Background Thread 1 ] DEBUG GameWorld            - Game world initialized
09:46:13.461 [FXGL Background Thread 1 ] DEBUG PhysicsWorld         - Physics world initialized: appHeight=820, physics.ppm=50.0
09:46:13.461 [FXGL Background Thread 1 ] DEBUG PhysicsWorld         - Using strategy: BRUTE_FORCE
09:46:13.464 [FXGL Background Thread 1 ] DEBUG GameScene            - Game scene initialized: 1480x820
09:46:13.464 [FXGL Background Thread 1 ] DEBUG GameApplicationServi - Application scenes initialized
09:46:13.478 [FXGL Background Thread 1 ] DEBUG SystemBundleService  - Loading FXGL system data
09:46:13.481 [FXGL Background Thread 1 ] DEBUG FileSystemAccess     - Reading from: C:\Users\2268182\Documents\GitHub\animals-revenge\system\fxgl.bundle
09:46:13.489 [FXGL Background Thread 1 ] DEBUG SystemBundleService  - Bundle FXGL: {}
09:46:13.489 [FXGL Background Thread 1 ] DEBUG UpdaterService       - Checking for updates
09:46:13.496 [FXGL Background Thread 4 ] DEBUG FXGLApplication      - Loading fonts
09:46:13.497 [FXGL Background Thread 4 ] DEBUG FXGLAssetLoaderServi - Loading from file system: jar:file:/C:/Users/2268182/.gradle/caches/modules-2/files-2.1/com.github.almasb/fxgl/17.2/35db6ae960eec2dcfd19262d3b7f9c42f0e95bc3/fxgl-17.2.jar!/fxglassets/ui/fonts/VarelaRound-Regular.ttf
09:46:13.497 [FXGL Background Thread 1 ] DEBUG FXGLApplication      - Loading default localization
09:46:13.498 [FXGL Background Thread 1 ] DEBUG FXGLAssetLoaderServi - Loading from file system: jar:file:/C:/Users/2268182/.gradle/caches/modules-2/files-2.1/com.github.almasb/fxgl/17.2/35db6ae960eec2dcfd19262d3b7f9c42f0e95bc3/fxgl-17.2.jar!/fxglassets/languages/english.lang
09:46:13.523 [FXGL Background Thread 1 ] INFO  FXGLApplication      - FXGL initialization took: 0.207 sec
09:46:13.529 [JavaFX Application Thread] DEBUG Input                - Registered new binding: Launch - RMB
09:46:13.529 [JavaFX Application Thread] DEBUG Input                - Registered new binding: Create - LMB
09:46:13.529 [JavaFX Application Thread] DEBUG Input                - Registered new binding: Drag - CTRL+LMB
09:46:13.529 [JavaFX Application Thread] DEBUG FXGLAssetLoaderServi - Loading from file system: jar:file:/C:/Users/2268182/.gradle/caches/modules-2/files-2.1/com.github.almasb/fxgl/17.2/35db6ae960eec2dcfd19262d3b7f9c42f0e95bc3/fxgl-17.2.jar!/fxglassets/textures/fxgl_icon.png
09:46:13.555 [FXGL Background Thread 4 ] DEBUG FXGLAssetLoaderServi - Loading from file system: jar:file:/C:/Users/2268182/.gradle/caches/modules-2/files-2.1/com.github.almasb/fxgl/17.2/35db6ae960eec2dcfd19262d3b7f9c42f0e95bc3/fxgl-17.2.jar!/fxglassets/ui/fonts/Abel-Regular.ttf
09:46:13.558 [FXGL Background Thread 4 ] DEBUG FXGLAssetLoaderServi - Loading from file system: jar:file:/C:/Users/2268182/.gradle/caches/modules-2/files-2.1/com.github.almasb/fxgl/17.2/35db6ae960eec2dcfd19262d3b7f9c42f0e95bc3/fxgl-17.2.jar!/fxglassets/ui/fonts/TerminalLandMono-Regular.otf
09:46:13.561 [FXGL Background Thread 4 ] DEBUG FXGLAssetLoaderServi - Loading from file system: jar:file:/C:/Users/2268182/.gradle/caches/modules-2/files-2.1/com.github.almasb/fxgl/17.2/35db6ae960eec2dcfd19262d3b7f9c42f0e95bc3/fxgl-17.2.jar!/fxglassets/ui/fonts/Courier-Prime.ttf
09:46:13.575 [JavaFX Application Thread] DEBUG FXGLAssetLoaderServi - Loading from file system: jar:file:/C:/Users/2268182/.gradle/caches/modules-2/files-2.1/com.github.almasb/fxgl/17.2/35db6ae960eec2dcfd19262d3b7f9c42f0e95bc3/fxgl-17.2.jar!/fxglassets/textures/fxgl_default_cursor.png
09:46:13.582 [JavaFX Application Thread] DEBUG Input                - Registered new binding: Screenshot - CTRL+8
09:46:13.583 [JavaFX Application Thread] DEBUG Input                - Registered new binding: System info dump - CTRL+9
09:46:13.583 [JavaFX Application Thread] DEBUG Input                - Registered new binding: Restart - CTRL+R
09:46:13.584 [JavaFX Application Thread] DEBUG Input                - Registered new binding: Toggle Debug Camera - CTRL+7
09:46:13.586 [JavaFX Application Thread] DEBUG LoopRunner           - Starting loop
09:46:13.587 [JavaFX Application Thread] DEBUG LoopRunner           - Initializing JavaFX AnimationTimerLoop
09:46:13.588 [JavaFX Application Thread] DEBUG GameApplicationServi - Starting new game
09:46:13.589 [JavaFX Application Thread] DEBUG Input                - Clearing active input actions
09:46:13.599 [JavaFX Application Thread] DEBUG GameApplicationServi - Removing overlay from FXGLStartupScene and adding to FXGLLoadingScene
09:46:13.599 [JavaFX Application Thread] DEBUG PrimaryStageWindow   - FXGLStartupScene -> FXGLLoadingScene
09:46:13.599 [JavaFX Application Thread] DEBUG GameApplicationServi - Clearing previous game
09:46:13.599 [JavaFX Application Thread] DEBUG GameScene            - Clearing game scene
09:46:13.599 [JavaFX Application Thread] DEBUG GameWorld            - Clearing game world
09:46:13.599 [JavaFX Application Thread] DEBUG PhysicsWorld         - Clearing physics world
09:46:13.601 [JavaFX Application Thread] DEBUG FXGLApplication      - Registering font factories with UI factory
09:46:13.601 [FXGL Background Thread 4 ] DEBUG FXGLApplication      - Initializing game
09:46:13.641 [FXGL Background Thread 4 ] DEBUG FXGLAssetLoaderServi - Loading from file system: file:/C:/Users/2268182/Documents/GitHub/animals-revenge/build/resources/main/assets/ui/Home.fxml
09:46:13.825 [FXGL Background Thread 2 ] INFO  UpdaterService       - Your current version:  17.2
09:46:13.825 [FXGL Background Thread 2 ] INFO  UpdaterService       - Latest stable version: 17.3
09:46:13.960 [FXGL Background Thread 4 ] INFO  FXGLApplication      - Game initialization took: 0.359 sec
09:46:13.960 [JavaFX Application Thread] DEBUG Input                - Clearing active input actions
09:46:13.970 [JavaFX Application Thread] DEBUG GameApplicationServi - Removing overlay from FXGLLoadingScene and adding to GameScene
09:46:13.971 [JavaFX Application Thread] DEBUG PrimaryStageWindow   - FXGLLoadingScene -> GameScene
09:46:15.502 [JavaFX Application Thread] DEBUG FXGLApplication      - Exiting FXGL
09:46:15.502 [JavaFX Application Thread] DEBUG LoopRunner           - Stopping loop
09:46:15.502 [JavaFX Application Thread] DEBUG SystemBundleService  - Saving FXGL system data
09:46:15.504 [JavaFX Application Thread] DEBUG FileSystemAccess     - Writing to: C:\Users\2268182\Documents\GitHub\animals-revenge\system\fxgl.bundle
09:46:15.506 [JavaFX Application Thread] DEBUG Async                - Shutting down background threads
09:46:15.506 [JavaFX Application Thread] DEBUG PrimaryStageWindow   - Closing main window
09:46:15.514 [JavaFX Application Thread] DEBUG Logger               - Closing Logger
