01:25:22.047 [main                     ] DEBUG Logger               - Configured Logger
01:25:22.076 [main                     ] DEBUG GameApplication      - Logging settings
Title: Untitled
Version: 0.0
Width: 1480
Height: 820
Fullscreen: false
Intro: false
Profiling: false
Single step:false
App Mode: DEVELOPER
Menu Key: ESCAPE
Stage Style: DECORATED
Scene Factory: class com.almasb.fxgl.app.scene.SceneFactory

01:25:22.709 [JavaFX Application Thread] DEBUG FXGLApplication      - Initializing FXGL
01:25:22.728 [JavaFX Application Thread] INFO  Engine               - FXGL-17.2 (20.08.2022 16.50) on WINDOWS (J:18.0.2.1 FX:20.0.2)
01:25:22.728 [JavaFX Application Thread] DEBUG Engine               - JRE Vendor Name: Oracle Corporation
01:25:22.729 [JavaFX Application Thread] DEBUG Engine               - Running on OS: Windows 11 version 10.0
01:25:22.730 [JavaFX Application Thread] DEBUG Engine               - Architecture: amd64
01:25:22.730 [JavaFX Application Thread] INFO  Engine               - Source code and latest versions at: https://github.com/AlmasB/FXGL
01:25:22.730 [JavaFX Application Thread] INFO  Engine               -       Ask questions and discuss at: https://github.com/AlmasB/FXGL/discussions
01:25:22.731 [JavaFX Application Thread] INFO  Engine               -              Join the FXGL chat at: https://gitter.im/AlmasB/FXGL
01:25:22.890 [JavaFX Application Thread] DEBUG PrimaryStageWindow   - Creating a JavaFX scene
01:25:22.891 [JavaFX Application Thread] DEBUG PrimaryStageWindow   - Target size > screen size
01:25:22.994 [JavaFX Application Thread] DEBUG PrimaryStageWindow   - Target settings size: 1480.0 x 820.0
01:25:22.995 [JavaFX Application Thread] DEBUG PrimaryStageWindow   - Scaled scene size:    1415.0 x 797.0
01:25:22.995 [JavaFX Application Thread] DEBUG PrimaryStageWindow   - Scaled ratio: (0.956081081081081, 0.9719512195121951)
01:25:23.003 [JavaFX Application Thread] DEBUG PrimaryStageWindow   - Set initial scene to FXGLStartupScene
01:25:23.009 [JavaFX Application Thread] DEBUG PrimaryStageWindow   - Opening main window
01:25:23.159 [JavaFX Application Thread] DEBUG PrimaryStageWindow   - Window border size: (13.0, 35.5)
01:25:23.159 [JavaFX Application Thread] DEBUG PrimaryStageWindow   - Scaled size: 1415.0 x 797.0
01:25:23.159 [JavaFX Application Thread] DEBUG PrimaryStageWindow   - Scaled ratio: (0.956081081081081, 0.9719512195121951)
01:25:23.160 [JavaFX Application Thread] DEBUG PrimaryStageWindow   - Scene size: 1415.0 x 797.0
01:25:23.160 [JavaFX Application Thread] DEBUG PrimaryStageWindow   - Stage size: 1428.0 x 832.5
01:25:23.170 [FXGL Background Thread 1 ] DEBUG Engine               - Initializing environment variables
01:25:23.240 [FXGL Background Thread 1 ] DEBUG FXGLAssetLoaderServi - User app class for loading assets: class edu.vanier.animals_revenge.MainApp
01:25:23.240 [FXGL Background Thread 1 ] DEBUG GameApplicationServi - Applying CSS: fxgl_dark.css
01:25:23.244 [FXGL Background Thread 1 ] DEBUG FXGLAssetLoaderServi - Loading from file system: jar:file:/C:/Users/macke/.gradle/caches/modules-2/files-2.1/com.github.almasb/fxgl/17.2/35db6ae960eec2dcfd19262d3b7f9c42f0e95bc3/fxgl-17.2.jar!/fxglassets/ui/css/fxgl_dark.css
01:25:23.316 [FXGL Background Thread 1 ] DEBUG GameApplicationServi - Initializing application scenes
01:25:23.411 [FXGL Background Thread 1 ] DEBUG GameWorld            - Game world initialized
01:25:23.518 [FXGL Background Thread 1 ] DEBUG PhysicsWorld         - Physics world initialized: appHeight=820, physics.ppm=50.0
01:25:23.519 [FXGL Background Thread 1 ] DEBUG PhysicsWorld         - Using strategy: BRUTE_FORCE
01:25:23.525 [FXGL Background Thread 1 ] DEBUG GameScene            - Game scene initialized: 1480x820
01:25:23.525 [FXGL Background Thread 1 ] DEBUG GameApplicationServi - Application scenes initialized
01:25:23.551 [FXGL Background Thread 1 ] DEBUG SystemBundleService  - Loading FXGL system data
01:25:23.559 [FXGL Background Thread 1 ] DEBUG FileSystemAccess     - Reading from: C:\Users\macke\OneDrive\Documents\School\Semester 3\Programming in a Graphical User Interface\Homework\animals-revenge\system\fxgl.bundle
01:25:23.572 [FXGL Background Thread 1 ] DEBUG SystemBundleService  - Bundle FXGL: {}
01:25:23.572 [FXGL Background Thread 1 ] DEBUG UpdaterService       - Checking for updates
01:25:23.578 [FXGL Background Thread 4 ] DEBUG FXGLApplication      - Loading fonts
01:25:23.581 [FXGL Background Thread 4 ] DEBUG FXGLAssetLoaderServi - Loading from file system: jar:file:/C:/Users/macke/.gradle/caches/modules-2/files-2.1/com.github.almasb/fxgl/17.2/35db6ae960eec2dcfd19262d3b7f9c42f0e95bc3/fxgl-17.2.jar!/fxglassets/ui/fonts/VarelaRound-Regular.ttf
01:25:23.581 [FXGL Background Thread 1 ] DEBUG FXGLApplication      - Loading default localization
01:25:23.583 [FXGL Background Thread 1 ] DEBUG FXGLAssetLoaderServi - Loading from file system: jar:file:/C:/Users/macke/.gradle/caches/modules-2/files-2.1/com.github.almasb/fxgl/17.2/35db6ae960eec2dcfd19262d3b7f9c42f0e95bc3/fxgl-17.2.jar!/fxglassets/languages/english.lang
01:25:23.651 [FXGL Background Thread 1 ] INFO  FXGLApplication      - FXGL initialization took: 0.481 sec
01:25:23.658 [JavaFX Application Thread] DEBUG Input                - Registered new binding: Launch - RMB
01:25:23.658 [JavaFX Application Thread] DEBUG Input                - Registered new binding: Create - LMB
01:25:23.659 [JavaFX Application Thread] DEBUG Input                - Registered new binding: Drag - CTRL+LMB
01:25:23.659 [JavaFX Application Thread] DEBUG FXGLAssetLoaderServi - Loading from file system: jar:file:/C:/Users/macke/.gradle/caches/modules-2/files-2.1/com.github.almasb/fxgl/17.2/35db6ae960eec2dcfd19262d3b7f9c42f0e95bc3/fxgl-17.2.jar!/fxglassets/textures/fxgl_icon.png
01:25:23.718 [FXGL Background Thread 4 ] DEBUG FXGLAssetLoaderServi - Loading from file system: jar:file:/C:/Users/macke/.gradle/caches/modules-2/files-2.1/com.github.almasb/fxgl/17.2/35db6ae960eec2dcfd19262d3b7f9c42f0e95bc3/fxgl-17.2.jar!/fxglassets/ui/fonts/Abel-Regular.ttf
01:25:23.729 [FXGL Background Thread 4 ] DEBUG FXGLAssetLoaderServi - Loading from file system: jar:file:/C:/Users/macke/.gradle/caches/modules-2/files-2.1/com.github.almasb/fxgl/17.2/35db6ae960eec2dcfd19262d3b7f9c42f0e95bc3/fxgl-17.2.jar!/fxglassets/ui/fonts/TerminalLandMono-Regular.otf
01:25:23.739 [FXGL Background Thread 4 ] DEBUG FXGLAssetLoaderServi - Loading from file system: jar:file:/C:/Users/macke/.gradle/caches/modules-2/files-2.1/com.github.almasb/fxgl/17.2/35db6ae960eec2dcfd19262d3b7f9c42f0e95bc3/fxgl-17.2.jar!/fxglassets/ui/fonts/Courier-Prime.ttf
01:25:23.780 [JavaFX Application Thread] DEBUG FXGLAssetLoaderServi - Loading from file system: jar:file:/C:/Users/macke/.gradle/caches/modules-2/files-2.1/com.github.almasb/fxgl/17.2/35db6ae960eec2dcfd19262d3b7f9c42f0e95bc3/fxgl-17.2.jar!/fxglassets/textures/fxgl_default_cursor.png
01:25:23.793 [JavaFX Application Thread] DEBUG Input                - Registered new binding: Screenshot - CTRL+8
01:25:23.794 [JavaFX Application Thread] DEBUG Input                - Registered new binding: System info dump - CTRL+9
01:25:23.796 [JavaFX Application Thread] DEBUG Input                - Registered new binding: Restart - CTRL+R
01:25:23.800 [JavaFX Application Thread] DEBUG Input                - Registered new binding: Toggle Debug Camera - CTRL+7
01:25:23.805 [JavaFX Application Thread] DEBUG LoopRunner           - Starting loop
01:25:23.805 [JavaFX Application Thread] DEBUG LoopRunner           - Initializing JavaFX AnimationTimerLoop
01:25:23.808 [JavaFX Application Thread] DEBUG GameApplicationServi - Starting new game
01:25:23.809 [JavaFX Application Thread] DEBUG Input                - Clearing active input actions
01:25:23.854 [JavaFX Application Thread] DEBUG GameApplicationServi - Removing overlay from FXGLStartupScene and adding to FXGLLoadingScene
01:25:23.855 [JavaFX Application Thread] DEBUG PrimaryStageWindow   - FXGLStartupScene -> FXGLLoadingScene
01:25:23.855 [JavaFX Application Thread] DEBUG GameApplicationServi - Clearing previous game
01:25:23.855 [JavaFX Application Thread] DEBUG GameScene            - Clearing game scene
01:25:23.855 [JavaFX Application Thread] DEBUG GameWorld            - Clearing game world
01:25:23.856 [JavaFX Application Thread] DEBUG PhysicsWorld         - Clearing physics world
01:25:23.862 [FXGL Background Thread 4 ] DEBUG FXGLApplication      - Initializing game
01:25:23.862 [JavaFX Application Thread] DEBUG FXGLApplication      - Registering font factories with UI factory
01:25:23.965 [FXGL Background Thread 4 ] DEBUG FXGLAssetLoaderServi - Loading from file system: file:/C:/Users/macke/OneDrive/Documents/School/Semester%203/Programming%20in%20a%20Graphical%20User%20Interface/Homework/animals-revenge/build/resources/main/assets/ui/Home.fxml
01:25:24.510 [FXGL Background Thread 2 ] INFO  UpdaterService       - Your current version:  17.2
01:25:24.510 [FXGL Background Thread 2 ] INFO  UpdaterService       - Latest stable version: 17.3
01:25:24.958 [FXGL Background Thread 4 ] INFO  FXGLApplication      - Game initialization took: 1.094 sec
01:25:24.959 [JavaFX Application Thread] DEBUG Input                - Clearing active input actions
01:25:24.989 [JavaFX Application Thread] DEBUG GameApplicationServi - Removing overlay from FXGLLoadingScene and adding to GameScene
01:25:24.990 [JavaFX Application Thread] DEBUG PrimaryStageWindow   - FXGLLoadingScene -> GameScene
01:25:26.577 [FXGL Background Thread 3 ] DEBUG Engine               - Logging environment variables
01:25:26.578 [FXGL Background Thread 3 ] DEBUG Engine               - achievements: []
01:25:26.578 [FXGL Background Thread 3 ] DEBUG Engine               - actualHeight: 797.0
01:25:26.579 [FXGL Background Thread 3 ] DEBUG Engine               - actualHeightProperty: ReadOnlyDoubleProperty [value: 797.0]
01:25:26.579 [FXGL Background Thread 3 ] DEBUG Engine               - actualWidth: 1415.0
01:25:26.579 [FXGL Background Thread 3 ] DEBUG Engine               - actualWidthProperty: ReadOnlyDoubleProperty [value: 1415.0]
01:25:26.579 [FXGL Background Thread 3 ] DEBUG Engine               - appIcon: fxgl_icon.png
01:25:26.579 [FXGL Background Thread 3 ] DEBUG Engine               - applicationMode: DEVELOPER
01:25:26.579 [FXGL Background Thread 3 ] DEBUG Engine               - cSSList: [fxgl_dark.css]
01:25:26.579 [FXGL Background Thread 3 ] DEBUG Engine               - collisionDetectionStrategy: BRUTE_FORCE
01:25:26.580 [FXGL Background Thread 3 ] DEBUG Engine               - configClass: Optional.empty
01:25:26.580 [FXGL Background Thread 3 ] DEBUG Engine               - credits: []
01:25:26.583 [FXGL Background Thread 3 ] DEBUG Engine               - defaultCursor: CursorInfo(imageName=fxgl_default_cursor.png, hotspotX=7.0, hotspotY=6.0)
01:25:26.584 [FXGL Background Thread 3 ] DEBUG Engine               - devBBoxColorProperty: ObjectProperty [value: 0xff0000ff]
01:25:26.584 [FXGL Background Thread 3 ] DEBUG Engine               - devEnableDebugCameraProperty: BooleanProperty [value: false]
01:25:26.584 [FXGL Background Thread 3 ] DEBUG Engine               - devSensorColorProperty: ObjectProperty [value: 0xffff00ff]
01:25:26.585 [FXGL Background Thread 3 ] DEBUG Engine               - devShowBBoxProperty: BooleanProperty [value: false]
01:25:26.585 [FXGL Background Thread 3 ] DEBUG Engine               - devShowPositionProperty: BooleanProperty [value: false]
01:25:26.585 [FXGL Background Thread 3 ] DEBUG Engine               - enabledMenuItems: []
01:25:26.585 [FXGL Background Thread 3 ] DEBUG Engine               - engineServices: [class com.almasb.fxgl.app.services.FXGLAssetLoaderService, class com.almasb.fxgl.app.FXGLApplication$GameApplicationService, class com.almasb.fxgl.app.services.FXGLDialogService, class com.almasb.fxgl.app.services.IOTaskExecutorService, class com.almasb.fxgl.io.FileSystemService, class com.almasb.fxgl.localization.LocalizationService, class com.almasb.fxgl.app.services.SystemBundleService, class com.almasb.fxgl.profile.SaveLoadService, class com.almasb.fxgl.ui.FXGLUIFactoryServiceProvider, class com.almasb.fxgl.ui.FXGLDialogFactoryServiceProvider, class com.almasb.fxgl.audio.AudioPlayer, class com.almasb.fxgl.notification.impl.NotificationServiceProvider, class com.almasb.fxgl.achievement.AchievementService, class com.almasb.fxgl.cutscene.CutsceneService, class com.almasb.fxgl.minigames.MiniGameService, class com.almasb.fxgl.net.NetService, class com.almasb.fxgl.app.services.UpdaterService, class com.almasb.fxgl.dev.DevService]
01:25:26.585 [FXGL Background Thread 3 ] DEBUG Engine               - fontGame: Abel-Regular.ttf
01:25:26.585 [FXGL Background Thread 3 ] DEBUG Engine               - fontMono: TerminalLandMono-Regular.otf
01:25:26.586 [FXGL Background Thread 3 ] DEBUG Engine               - fontText: Courier-Prime.ttf
01:25:26.586 [FXGL Background Thread 3 ] DEBUG Engine               - fontUI: VarelaRound-Regular.ttf
01:25:26.586 [FXGL Background Thread 3 ] DEBUG Engine               - fullScreen: BooleanProperty [value: false]
01:25:26.586 [FXGL Background Thread 3 ] DEBUG Engine               - gameDifficulty: MEDIUM
01:25:26.586 [FXGL Background Thread 3 ] DEBUG Engine               - gameDifficultyProperty: ObjectProperty [value: MEDIUM]
01:25:26.586 [FXGL Background Thread 3 ] DEBUG Engine               - globalMusicVolume: 0.5
01:25:26.587 [FXGL Background Thread 3 ] DEBUG Engine               - globalMusicVolumeProperty: DoubleProperty [value: 0.5]
01:25:26.587 [FXGL Background Thread 3 ] DEBUG Engine               - globalSoundVolume: 0.5
01:25:26.587 [FXGL Background Thread 3 ] DEBUG Engine               - globalSoundVolumeProperty: DoubleProperty [value: 0.5]
01:25:26.588 [FXGL Background Thread 3 ] DEBUG Engine               - height: 820
01:25:26.588 [FXGL Background Thread 3 ] DEBUG Engine               - is3D: false
01:25:26.588 [FXGL Background Thread 3 ] DEBUG Engine               - isAndroid: false
01:25:26.588 [FXGL Background Thread 3 ] DEBUG Engine               - isBrowser: false
01:25:26.589 [FXGL Background Thread 3 ] DEBUG Engine               - isClickFeedbackEnabled: false
01:25:26.589 [FXGL Background Thread 3 ] DEBUG Engine               - isCloseConfirmation: false
01:25:26.589 [FXGL Background Thread 3 ] DEBUG Engine               - isDesktop: true
01:25:26.589 [FXGL Background Thread 3 ] DEBUG Engine               - isDeveloperMenuEnabled: false
01:25:26.589 [FXGL Background Thread 3 ] DEBUG Engine               - isEmbedded: false
01:25:26.589 [FXGL Background Thread 3 ] DEBUG Engine               - isEntityPreloadEnabled: true
01:25:26.589 [FXGL Background Thread 3 ] DEBUG Engine               - isExperimentalTiledLargeMap: false
01:25:26.589 [FXGL Background Thread 3 ] DEBUG Engine               - isFileSystemWriteAllowed: true
01:25:26.590 [FXGL Background Thread 3 ] DEBUG Engine               - isFullScreenAllowed: false
01:25:26.590 [FXGL Background Thread 3 ] DEBUG Engine               - isFullScreenFromStart: false
01:25:26.590 [FXGL Background Thread 3 ] DEBUG Engine               - isGameMenuEnabled: false
01:25:26.591 [FXGL Background Thread 3 ] DEBUG Engine               - isIOS: false
01:25:26.591 [FXGL Background Thread 3 ] DEBUG Engine               - isIntroEnabled: false
01:25:26.591 [FXGL Background Thread 3 ] DEBUG Engine               - isLinux: false
01:25:26.591 [FXGL Background Thread 3 ] DEBUG Engine               - isMac: false
01:25:26.591 [FXGL Background Thread 3 ] DEBUG Engine               - isMainMenuEnabled: false
01:25:26.591 [FXGL Background Thread 3 ] DEBUG Engine               - isManualResizeEnabled: false
01:25:26.591 [FXGL Background Thread 3 ] DEBUG Engine               - isMobile: false
01:25:26.591 [FXGL Background Thread 3 ] DEBUG Engine               - isNative: false
01:25:26.591 [FXGL Background Thread 3 ] DEBUG Engine               - isPauseMusicWhenMinimized: true
01:25:26.591 [FXGL Background Thread 3 ] DEBUG Engine               - isPreserveResizeRatio: false
01:25:26.591 [FXGL Background Thread 3 ] DEBUG Engine               - isProfilingEnabled: false
01:25:26.591 [FXGL Background Thread 3 ] DEBUG Engine               - isScaleAffectedOnResize: true
01:25:26.592 [FXGL Background Thread 3 ] DEBUG Engine               - isSingleStep: false
01:25:26.592 [FXGL Background Thread 3 ] DEBUG Engine               - isUserProfileEnabled: false
01:25:26.592 [FXGL Background Thread 3 ] DEBUG Engine               - isWindows: true
01:25:26.592 [FXGL Background Thread 3 ] DEBUG Engine               - language: ObjectProperty [value: ENGLISH]
01:25:26.592 [FXGL Background Thread 3 ] DEBUG Engine               - menuKey: ESCAPE
01:25:26.592 [FXGL Background Thread 3 ] DEBUG Engine               - mouseSensitivity: 0.2
01:25:26.592 [FXGL Background Thread 3 ] DEBUG Engine               - notificationViewClass: class com.almasb.fxgl.notification.view.XboxNotificationView
01:25:26.592 [FXGL Background Thread 3 ] DEBUG Engine               - pixelsPerMeter: 50.0
01:25:26.592 [FXGL Background Thread 3 ] DEBUG Engine               - platform: WINDOWS
01:25:26.593 [FXGL Background Thread 3 ] DEBUG Engine               - prefHeightProperty: ReadOnlyDoubleProperty [value: 820.0]
01:25:26.593 [FXGL Background Thread 3 ] DEBUG Engine               - prefWidthProperty: ReadOnlyDoubleProperty [value: 1480.0]
01:25:26.593 [FXGL Background Thread 3 ] DEBUG Engine               - profileDir: profiles/
01:25:26.593 [FXGL Background Thread 3 ] DEBUG Engine               - profileName: StringProperty [value: DEFAULT]
01:25:26.593 [FXGL Background Thread 3 ] DEBUG Engine               - randomSeed: -1
01:25:26.593 [FXGL Background Thread 3 ] DEBUG Engine               - runtimeInfo: RuntimeInfo(platform=WINDOWS, version=17.2, build=20.08.2022 16.50)
01:25:26.593 [FXGL Background Thread 3 ] DEBUG Engine               - saveFileExt: sav
01:25:26.593 [FXGL Background Thread 3 ] DEBUG Engine               - scaledHeightProp$fxgl: DoubleProperty [bound, value: 797.0]
01:25:26.593 [FXGL Background Thread 3 ] DEBUG Engine               - scaledWidthProp$fxgl: DoubleProperty [bound, value: 1415.0]
01:25:26.593 [FXGL Background Thread 3 ] DEBUG Engine               - sceneFactory: com.almasb.fxgl.app.scene.SceneFactory@1f8642b5
01:25:26.593 [FXGL Background Thread 3 ] DEBUG Engine               - secondsIn24h: 60
01:25:26.594 [FXGL Background Thread 3 ] DEBUG Engine               - soundMenuBack: menu/back.wav
01:25:26.594 [FXGL Background Thread 3 ] DEBUG Engine               - soundMenuPress: menu/press.wav
01:25:26.594 [FXGL Background Thread 3 ] DEBUG Engine               - soundMenuSelect: menu/select.wav
01:25:26.594 [FXGL Background Thread 3 ] DEBUG Engine               - soundNotification: core/notification.wav
01:25:26.594 [FXGL Background Thread 3 ] DEBUG Engine               - stageStyle: DECORATED
01:25:26.594 [FXGL Background Thread 3 ] DEBUG Engine               - supportedLanguages: [ENGLISH, FRENCH, GERMAN, HUNGARIAN, RUSSIAN]
01:25:26.594 [FXGL Background Thread 3 ] DEBUG Engine               - ticksPerSecond: -1
01:25:26.594 [FXGL Background Thread 3 ] DEBUG Engine               - title: Untitled
01:25:26.594 [FXGL Background Thread 3 ] DEBUG Engine               - urlGithub: https://github.com/AlmasB/FXGL
01:25:26.594 [FXGL Background Thread 3 ] DEBUG Engine               - urlLeaderboard: http://fxgl-top.herokuapp.com/
01:25:26.594 [FXGL Background Thread 3 ] DEBUG Engine               - urlPOM: https://raw.githubusercontent.com/AlmasB/FXGL/release/README.md
01:25:26.594 [FXGL Background Thread 3 ] DEBUG Engine               - userAppClass: class edu.vanier.animals_revenge.MainApp
01:25:26.594 [FXGL Background Thread 3 ] DEBUG Engine               - version: 0.0
01:25:26.594 [FXGL Background Thread 3 ] DEBUG Engine               - versionCheckDays: 7
01:25:26.594 [FXGL Background Thread 3 ] DEBUG Engine               - width: 1480
01:25:26.594 [FXGL Background Thread 3 ] DEBUG Engine               - Logging services
01:25:26.594 [FXGL Background Thread 3 ] DEBUG Engine               - class com.almasb.fxgl.app.services.FXGLAssetLoaderService
01:25:26.594 [FXGL Background Thread 3 ] DEBUG Engine               - class com.almasb.fxgl.app.FXGLApplication$GameApplicationService
01:25:26.594 [FXGL Background Thread 3 ] DEBUG Engine               - class com.almasb.fxgl.app.services.FXGLDialogService
01:25:26.594 [FXGL Background Thread 3 ] DEBUG Engine               - class com.almasb.fxgl.app.services.IOTaskExecutorService
01:25:26.594 [FXGL Background Thread 3 ] DEBUG Engine               - class com.almasb.fxgl.io.FileSystemService
01:25:26.594 [FXGL Background Thread 3 ] DEBUG Engine               - class com.almasb.fxgl.localization.LocalizationService
01:25:26.594 [FXGL Background Thread 3 ] DEBUG Engine               - class com.almasb.fxgl.app.services.SystemBundleService
01:25:26.594 [FXGL Background Thread 3 ] DEBUG Engine               - class com.almasb.fxgl.profile.SaveLoadService
01:25:26.594 [FXGL Background Thread 3 ] DEBUG Engine               - class com.almasb.fxgl.ui.FXGLUIFactoryServiceProvider
01:25:26.594 [FXGL Background Thread 3 ] DEBUG Engine               - class com.almasb.fxgl.ui.FXGLDialogFactoryServiceProvider
01:25:26.594 [FXGL Background Thread 3 ] DEBUG Engine               - class com.almasb.fxgl.audio.AudioPlayer
01:25:26.594 [FXGL Background Thread 3 ] DEBUG Engine               - class com.almasb.fxgl.notification.impl.NotificationServiceProvider
01:25:26.594 [FXGL Background Thread 3 ] DEBUG Engine               - class com.almasb.fxgl.achievement.AchievementService
01:25:26.594 [FXGL Background Thread 3 ] DEBUG Engine               - class com.almasb.fxgl.cutscene.CutsceneService
01:25:26.594 [FXGL Background Thread 3 ] DEBUG Engine               - class com.almasb.fxgl.minigames.MiniGameService
01:25:26.594 [FXGL Background Thread 3 ] DEBUG Engine               - class com.almasb.fxgl.net.NetService
01:25:26.595 [FXGL Background Thread 3 ] DEBUG Engine               - class com.almasb.fxgl.app.services.UpdaterService
01:25:26.595 [FXGL Background Thread 3 ] DEBUG Engine               - class com.almasb.fxgl.dev.DevService
01:25:26.762 [JavaFX Application Thread] DEBUG LoopRunner           - Pausing loop
01:25:29.018 [JavaFX Application Thread] DEBUG LoopRunner           - Resuming loop
01:25:31.551 [JavaFX Application Thread] DEBUG FXGLAssetLoaderServi - Loading from file system: file:/C:/Users/macke/OneDrive/Documents/School/Semester%203/Programming%20in%20a%20Graphical%20User%20Interface/Homework/animals-revenge/build/resources/main/assets/ui/CustomProjectile.fxml
01:25:45.570 [JavaFX Application Thread] DEBUG FXGLApplication      - Exiting FXGL
01:25:45.570 [JavaFX Application Thread] DEBUG LoopRunner           - Stopping loop
01:25:45.572 [JavaFX Application Thread] DEBUG SystemBundleService  - Saving FXGL system data
01:25:45.575 [JavaFX Application Thread] DEBUG FileSystemAccess     - Writing to: C:\Users\macke\OneDrive\Documents\School\Semester 3\Programming in a Graphical User Interface\Homework\animals-revenge\system\fxgl.bundle
01:25:45.578 [JavaFX Application Thread] DEBUG Async                - Shutting down background threads
01:25:45.579 [JavaFX Application Thread] DEBUG PrimaryStageWindow   - Closing main window
01:25:45.633 [JavaFX Application Thread] DEBUG Logger               - Closing Logger
