23:15:32.909 [main                     ] DEBUG Logger               - Configured Logger
23:15:32.916 [main                     ] DEBUG GameApplication      - Logging settings
Title: Untitled
Version: 0.0
Width: 1480
Height: 820
Fullscreen: false
Intro: false
Profiling: false
Single step:false
App Mode: DEVELOPER
Menu Key: ESCAPE
Stage Style: DECORATED
Scene Factory: class com.almasb.fxgl.app.scene.SceneFactory

23:15:33.126 [JavaFX Application Thread] DEBUG FXGLApplication      - Initializing FXGL
23:15:33.129 [JavaFX Application Thread] INFO  Engine               - FXGL-17.2 (20.08.2022 16.50) on WINDOWS (J:18.0.2.1 FX:20.0.2)
23:15:33.130 [JavaFX Application Thread] DEBUG Engine               - JRE Vendor Name: Oracle Corporation
23:15:33.130 [JavaFX Application Thread] DEBUG Engine               - Running on OS: Windows 11 version 10.0
23:15:33.130 [JavaFX Application Thread] DEBUG Engine               - Architecture: amd64
23:15:33.130 [JavaFX Application Thread] INFO  Engine               - Source code and latest versions at: https://github.com/AlmasB/FXGL
23:15:33.130 [JavaFX Application Thread] INFO  Engine               -       Ask questions and discuss at: https://github.com/AlmasB/FXGL/discussions
23:15:33.130 [JavaFX Application Thread] INFO  Engine               -              Join the FXGL chat at: https://gitter.im/AlmasB/FXGL
23:15:33.188 [JavaFX Application Thread] DEBUG PrimaryStageWindow   - Creating a JavaFX scene
23:15:33.216 [JavaFX Application Thread] DEBUG PrimaryStageWindow   - Target settings size: 1480.0 x 820.0
23:15:33.216 [JavaFX Application Thread] DEBUG PrimaryStageWindow   - Scaled scene size:    1480.0 x 820.0
23:15:33.216 [JavaFX Application Thread] DEBUG PrimaryStageWindow   - Scaled ratio: (1.0, 1.0)
23:15:33.217 [JavaFX Application Thread] DEBUG PrimaryStageWindow   - Set initial scene to FXGLStartupScene
23:15:33.219 [JavaFX Application Thread] DEBUG PrimaryStageWindow   - Opening main window
23:15:33.271 [JavaFX Application Thread] DEBUG PrimaryStageWindow   - Window border size: (16.0, 39.0)
23:15:33.271 [JavaFX Application Thread] DEBUG PrimaryStageWindow   - Scaled size: 1480.0 x 820.0
23:15:33.271 [JavaFX Application Thread] DEBUG PrimaryStageWindow   - Scaled ratio: (1.0, 1.0)
23:15:33.271 [JavaFX Application Thread] DEBUG PrimaryStageWindow   - Scene size: 1480.0 x 820.0
23:15:33.271 [JavaFX Application Thread] DEBUG PrimaryStageWindow   - Stage size: 1496.0 x 859.0
23:15:33.275 [FXGL Background Thread 1 ] DEBUG Engine               - Initializing environment variables
23:15:33.301 [FXGL Background Thread 1 ] DEBUG FXGLAssetLoaderServi - User app class for loading assets: class edu.vanier.animals_revenge.MainApp
23:15:33.301 [FXGL Background Thread 1 ] DEBUG GameApplicationServi - Applying CSS: fxgl_dark.css
23:15:33.301 [FXGL Background Thread 1 ] DEBUG FXGLAssetLoaderServi - Loading from file system: jar:file:/C:/Users/ethan/.gradle/caches/modules-2/files-2.1/com.github.almasb/fxgl/17.2/35db6ae960eec2dcfd19262d3b7f9c42f0e95bc3/fxgl-17.2.jar!/fxglassets/ui/css/fxgl_dark.css
23:15:33.325 [FXGL Background Thread 1 ] DEBUG GameApplicationServi - Initializing application scenes
23:15:33.344 [FXGL Background Thread 1 ] DEBUG GameWorld            - Game world initialized
23:15:33.382 [FXGL Background Thread 1 ] DEBUG PhysicsWorld         - Physics world initialized: appHeight=820, physics.ppm=50.0
23:15:33.382 [FXGL Background Thread 1 ] DEBUG PhysicsWorld         - Using strategy: BRUTE_FORCE
23:15:33.384 [FXGL Background Thread 1 ] DEBUG GameScene            - Game scene initialized: 1480x820
23:15:33.384 [FXGL Background Thread 1 ] DEBUG GameApplicationServi - Application scenes initialized
23:15:33.395 [FXGL Background Thread 1 ] DEBUG SystemBundleService  - Loading FXGL system data
23:15:33.397 [FXGL Background Thread 1 ] DEBUG FileSystemAccess     - Reading from: C:\Users\ethan\IdeaProjects\animals-revenge\system\fxgl.bundle
23:15:33.402 [FXGL Background Thread 1 ] DEBUG SystemBundleService  - Bundle FXGL: {}
23:15:33.402 [FXGL Background Thread 1 ] DEBUG UpdaterService       - Checking for updates
23:15:33.405 [FXGL Background Thread 4 ] DEBUG FXGLApplication      - Loading fonts
23:15:33.406 [FXGL Background Thread 4 ] DEBUG FXGLAssetLoaderServi - Loading from file system: jar:file:/C:/Users/ethan/.gradle/caches/modules-2/files-2.1/com.github.almasb/fxgl/17.2/35db6ae960eec2dcfd19262d3b7f9c42f0e95bc3/fxgl-17.2.jar!/fxglassets/ui/fonts/VarelaRound-Regular.ttf
23:15:33.406 [FXGL Background Thread 1 ] DEBUG FXGLApplication      - Loading default localization
23:15:33.406 [FXGL Background Thread 1 ] DEBUG FXGLAssetLoaderServi - Loading from file system: jar:file:/C:/Users/ethan/.gradle/caches/modules-2/files-2.1/com.github.almasb/fxgl/17.2/35db6ae960eec2dcfd19262d3b7f9c42f0e95bc3/fxgl-17.2.jar!/fxglassets/languages/english.lang
23:15:33.429 [FXGL Background Thread 1 ] INFO  FXGLApplication      - FXGL initialization took: 0.153 sec
23:15:33.432 [JavaFX Application Thread] DEBUG Input                - Registered new binding: Launch - RMB
23:15:33.432 [JavaFX Application Thread] DEBUG Input                - Registered new binding: Create - LMB
23:15:33.433 [JavaFX Application Thread] DEBUG Input                - Registered new binding: Drag - CTRL+LMB
23:15:33.433 [JavaFX Application Thread] DEBUG FXGLAssetLoaderServi - Loading from file system: jar:file:/C:/Users/ethan/.gradle/caches/modules-2/files-2.1/com.github.almasb/fxgl/17.2/35db6ae960eec2dcfd19262d3b7f9c42f0e95bc3/fxgl-17.2.jar!/fxglassets/textures/fxgl_icon.png
23:15:33.437 [FXGL Background Thread 4 ] DEBUG FXGLAssetLoaderServi - Loading from file system: jar:file:/C:/Users/ethan/.gradle/caches/modules-2/files-2.1/com.github.almasb/fxgl/17.2/35db6ae960eec2dcfd19262d3b7f9c42f0e95bc3/fxgl-17.2.jar!/fxglassets/ui/fonts/Abel-Regular.ttf
23:15:33.442 [FXGL Background Thread 4 ] DEBUG FXGLAssetLoaderServi - Loading from file system: jar:file:/C:/Users/ethan/.gradle/caches/modules-2/files-2.1/com.github.almasb/fxgl/17.2/35db6ae960eec2dcfd19262d3b7f9c42f0e95bc3/fxgl-17.2.jar!/fxglassets/ui/fonts/TerminalLandMono-Regular.otf
23:15:33.447 [FXGL Background Thread 4 ] DEBUG FXGLAssetLoaderServi - Loading from file system: jar:file:/C:/Users/ethan/.gradle/caches/modules-2/files-2.1/com.github.almasb/fxgl/17.2/35db6ae960eec2dcfd19262d3b7f9c42f0e95bc3/fxgl-17.2.jar!/fxglassets/ui/fonts/Courier-Prime.ttf
23:15:33.458 [JavaFX Application Thread] DEBUG FXGLAssetLoaderServi - Loading from file system: jar:file:/C:/Users/ethan/.gradle/caches/modules-2/files-2.1/com.github.almasb/fxgl/17.2/35db6ae960eec2dcfd19262d3b7f9c42f0e95bc3/fxgl-17.2.jar!/fxglassets/textures/fxgl_default_cursor.png
23:15:33.464 [JavaFX Application Thread] DEBUG Input                - Registered new binding: Screenshot - CTRL+8
23:15:33.464 [JavaFX Application Thread] DEBUG Input                - Registered new binding: System info dump - CTRL+9
23:15:33.464 [JavaFX Application Thread] DEBUG Input                - Registered new binding: Restart - CTRL+R
23:15:33.464 [JavaFX Application Thread] DEBUG Input                - Registered new binding: Toggle Debug Camera - CTRL+7
23:15:33.466 [JavaFX Application Thread] DEBUG LoopRunner           - Starting loop
23:15:33.466 [JavaFX Application Thread] DEBUG LoopRunner           - Initializing JavaFX AnimationTimerLoop
23:15:33.467 [JavaFX Application Thread] DEBUG GameApplicationServi - Starting new game
23:15:33.467 [JavaFX Application Thread] DEBUG Input                - Clearing active input actions
23:15:33.479 [JavaFX Application Thread] DEBUG GameApplicationServi - Removing overlay from FXGLStartupScene and adding to FXGLLoadingScene
23:15:33.479 [JavaFX Application Thread] DEBUG PrimaryStageWindow   - FXGLStartupScene -> FXGLLoadingScene
23:15:33.479 [JavaFX Application Thread] DEBUG GameApplicationServi - Clearing previous game
23:15:33.479 [JavaFX Application Thread] DEBUG GameScene            - Clearing game scene
23:15:33.479 [JavaFX Application Thread] DEBUG GameWorld            - Clearing game world
23:15:33.479 [JavaFX Application Thread] DEBUG PhysicsWorld         - Clearing physics world
23:15:33.482 [FXGL Background Thread 4 ] DEBUG FXGLApplication      - Initializing game
23:15:33.483 [JavaFX Application Thread] DEBUG FXGLApplication      - Registering font factories with UI factory
23:15:33.504 [FXGL Background Thread 4 ] DEBUG FXGLAssetLoaderServi - Loading from file system: file:/C:/Users/ethan/IdeaProjects/animals-revenge/build/resources/main/assets/ui/Home.fxml
23:15:33.699 [FXGL Background Thread 2 ] INFO  UpdaterService       - Your current version:  17.2
23:15:33.699 [FXGL Background Thread 2 ] INFO  UpdaterService       - Latest stable version: 17.3
23:15:33.756 [FXGL Background Thread 4 ] INFO  FXGLApplication      - Game initialization took: 0.274 sec
23:15:33.756 [JavaFX Application Thread] DEBUG Input                - Clearing active input actions
23:15:33.763 [JavaFX Application Thread] DEBUG GameApplicationServi - Removing overlay from FXGLLoadingScene and adding to GameScene
23:15:33.763 [JavaFX Application Thread] DEBUG PrimaryStageWindow   - FXGLLoadingScene -> GameScene
23:15:34.255 [JavaFX Application Thread] DEBUG FXGLApplication      - Exiting FXGL
23:15:34.255 [JavaFX Application Thread] DEBUG LoopRunner           - Stopping loop
23:15:34.255 [JavaFX Application Thread] DEBUG SystemBundleService  - Saving FXGL system data
23:15:34.256 [JavaFX Application Thread] DEBUG FileSystemAccess     - Writing to: C:\Users\ethan\IdeaProjects\animals-revenge\system\fxgl.bundle
23:15:34.258 [JavaFX Application Thread] DEBUG Async                - Shutting down background threads
23:15:34.258 [JavaFX Application Thread] DEBUG PrimaryStageWindow   - Closing main window
23:15:34.265 [JavaFX Application Thread] DEBUG Logger               - Closing Logger
