08:00:37.388 [main                     ] DEBUG Logger               - Configured Logger
08:00:37.407 [main                     ] DEBUG GameApplication      - Logging settings
Title: Untitled
Version: 0.0
Width: 1480
Height: 820
Fullscreen: false
Intro: false
Profiling: false
Single step:false
App Mode: DEVELOPER
Menu Key: ESCAPE
Stage Style: DECORATED
Scene Factory: class com.almasb.fxgl.app.scene.SceneFactory

08:00:37.690 [JavaFX Application Thread] DEBUG FXGLApplication      - Initializing FXGL
08:00:37.700 [JavaFX Application Thread] INFO  Engine               - FXGL-17.2 (20.08.2022 16.50) on WINDOWS (J:18.0.2.1 FX:20.0.2)
08:00:37.701 [JavaFX Application Thread] DEBUG Engine               - JRE Vendor Name: Oracle Corporation
08:00:37.701 [JavaFX Application Thread] DEBUG Engine               - Running on OS: Windows 11 version 10.0
08:00:37.701 [JavaFX Application Thread] DEBUG Engine               - Architecture: amd64
08:00:37.701 [JavaFX Application Thread] INFO  Engine               - Source code and latest versions at: https://github.com/AlmasB/FXGL
08:00:37.701 [JavaFX Application Thread] INFO  Engine               -       Ask questions and discuss at: https://github.com/AlmasB/FXGL/discussions
08:00:37.702 [JavaFX Application Thread] INFO  Engine               -              Join the FXGL chat at: https://gitter.im/AlmasB/FXGL
08:00:37.764 [JavaFX Application Thread] DEBUG PrimaryStageWindow   - Creating a JavaFX scene
08:00:37.764 [JavaFX Application Thread] DEBUG PrimaryStageWindow   - Target size > screen size
08:00:37.803 [JavaFX Application Thread] DEBUG PrimaryStageWindow   - Target settings size: 1480.0 x 820.0
08:00:37.803 [JavaFX Application Thread] DEBUG PrimaryStageWindow   - Scaled scene size:    1415.0 x 797.0
08:00:37.804 [JavaFX Application Thread] DEBUG PrimaryStageWindow   - Scaled ratio: (0.956081081081081, 0.9719512195121951)
08:00:37.807 [JavaFX Application Thread] DEBUG PrimaryStageWindow   - Set initial scene to FXGLStartupScene
08:00:37.809 [JavaFX Application Thread] DEBUG PrimaryStageWindow   - Opening main window
08:00:37.891 [JavaFX Application Thread] DEBUG PrimaryStageWindow   - Window border size: (13.0, 35.5)
08:00:37.891 [JavaFX Application Thread] DEBUG PrimaryStageWindow   - Scaled size: 1415.0 x 797.0
08:00:37.891 [JavaFX Application Thread] DEBUG PrimaryStageWindow   - Scaled ratio: (0.956081081081081, 0.9719512195121951)
08:00:37.891 [JavaFX Application Thread] DEBUG PrimaryStageWindow   - Scene size: 1415.0 x 797.0
08:00:37.891 [JavaFX Application Thread] DEBUG PrimaryStageWindow   - Stage size: 1428.0 x 832.5
08:00:37.896 [FXGL Background Thread 1 ] DEBUG Engine               - Initializing environment variables
08:00:37.926 [FXGL Background Thread 1 ] DEBUG FXGLAssetLoaderServi - User app class for loading assets: class edu.vanier.animals_revenge.MainApp
08:00:37.926 [FXGL Background Thread 1 ] DEBUG GameApplicationServi - Applying CSS: fxgl_dark.css
08:00:37.927 [FXGL Background Thread 1 ] DEBUG FXGLAssetLoaderServi - Loading from file system: jar:file:/C:/Users/macke/.gradle/caches/modules-2/files-2.1/com.github.almasb/fxgl/17.2/35db6ae960eec2dcfd19262d3b7f9c42f0e95bc3/fxgl-17.2.jar!/fxglassets/ui/css/fxgl_dark.css
08:00:37.958 [FXGL Background Thread 1 ] DEBUG GameApplicationServi - Initializing application scenes
08:00:37.998 [FXGL Background Thread 1 ] DEBUG GameWorld            - Game world initialized
08:00:38.057 [FXGL Background Thread 1 ] DEBUG PhysicsWorld         - Physics world initialized: appHeight=820, physics.ppm=50.0
08:00:38.057 [FXGL Background Thread 1 ] DEBUG PhysicsWorld         - Using strategy: BRUTE_FORCE
08:00:38.062 [FXGL Background Thread 1 ] DEBUG GameScene            - Game scene initialized: 1480x820
08:00:38.062 [FXGL Background Thread 1 ] DEBUG GameApplicationServi - Application scenes initialized
08:00:38.077 [FXGL Background Thread 1 ] DEBUG SystemBundleService  - Loading FXGL system data
08:00:38.082 [FXGL Background Thread 1 ] DEBUG FileSystemAccess     - Reading from: C:\Users\macke\OneDrive\Documents\School\Semester 3\Programming in a Graphical User Interface\Homework\animals-revenge\system\fxgl.bundle
08:00:38.096 [FXGL Background Thread 1 ] DEBUG SystemBundleService  - Bundle FXGL: {}
08:00:38.096 [FXGL Background Thread 1 ] DEBUG UpdaterService       - Checking for updates
08:00:38.111 [FXGL Background Thread 4 ] DEBUG FXGLApplication      - Loading fonts
08:00:38.111 [FXGL Background Thread 4 ] DEBUG FXGLAssetLoaderServi - Loading from file system: jar:file:/C:/Users/macke/.gradle/caches/modules-2/files-2.1/com.github.almasb/fxgl/17.2/35db6ae960eec2dcfd19262d3b7f9c42f0e95bc3/fxgl-17.2.jar!/fxglassets/ui/fonts/VarelaRound-Regular.ttf
08:00:38.115 [FXGL Background Thread 1 ] DEBUG FXGLApplication      - Loading default localization
08:00:38.118 [FXGL Background Thread 1 ] DEBUG FXGLAssetLoaderServi - Loading from file system: jar:file:/C:/Users/macke/.gradle/caches/modules-2/files-2.1/com.github.almasb/fxgl/17.2/35db6ae960eec2dcfd19262d3b7f9c42f0e95bc3/fxgl-17.2.jar!/fxglassets/languages/english.lang
08:00:38.146 [FXGL Background Thread 1 ] INFO  FXGLApplication      - FXGL initialization took: 0.250 sec
08:00:38.150 [JavaFX Application Thread] DEBUG Input                - Registered new binding: Launch - RMB
08:00:38.150 [JavaFX Application Thread] DEBUG Input                - Registered new binding: Create - LMB
08:00:38.150 [JavaFX Application Thread] DEBUG Input                - Registered new binding: Drag - CTRL+LMB
08:00:38.151 [JavaFX Application Thread] DEBUG FXGLAssetLoaderServi - Loading from file system: jar:file:/C:/Users/macke/.gradle/caches/modules-2/files-2.1/com.github.almasb/fxgl/17.2/35db6ae960eec2dcfd19262d3b7f9c42f0e95bc3/fxgl-17.2.jar!/fxglassets/textures/fxgl_icon.png
08:00:38.171 [FXGL Background Thread 4 ] DEBUG FXGLAssetLoaderServi - Loading from file system: jar:file:/C:/Users/macke/.gradle/caches/modules-2/files-2.1/com.github.almasb/fxgl/17.2/35db6ae960eec2dcfd19262d3b7f9c42f0e95bc3/fxgl-17.2.jar!/fxglassets/ui/fonts/Abel-Regular.ttf
08:00:38.175 [FXGL Background Thread 4 ] DEBUG FXGLAssetLoaderServi - Loading from file system: jar:file:/C:/Users/macke/.gradle/caches/modules-2/files-2.1/com.github.almasb/fxgl/17.2/35db6ae960eec2dcfd19262d3b7f9c42f0e95bc3/fxgl-17.2.jar!/fxglassets/ui/fonts/TerminalLandMono-Regular.otf
08:00:38.178 [FXGL Background Thread 4 ] DEBUG FXGLAssetLoaderServi - Loading from file system: jar:file:/C:/Users/macke/.gradle/caches/modules-2/files-2.1/com.github.almasb/fxgl/17.2/35db6ae960eec2dcfd19262d3b7f9c42f0e95bc3/fxgl-17.2.jar!/fxglassets/ui/fonts/Courier-Prime.ttf
08:00:38.197 [JavaFX Application Thread] DEBUG FXGLAssetLoaderServi - Loading from file system: jar:file:/C:/Users/macke/.gradle/caches/modules-2/files-2.1/com.github.almasb/fxgl/17.2/35db6ae960eec2dcfd19262d3b7f9c42f0e95bc3/fxgl-17.2.jar!/fxglassets/textures/fxgl_default_cursor.png
08:00:38.204 [JavaFX Application Thread] DEBUG Input                - Registered new binding: Screenshot - CTRL+8
08:00:38.204 [JavaFX Application Thread] DEBUG Input                - Registered new binding: System info dump - CTRL+9
08:00:38.205 [JavaFX Application Thread] DEBUG Input                - Registered new binding: Restart - CTRL+R
08:00:38.205 [JavaFX Application Thread] DEBUG Input                - Registered new binding: Toggle Debug Camera - CTRL+7
08:00:38.207 [JavaFX Application Thread] DEBUG LoopRunner           - Starting loop
08:00:38.207 [JavaFX Application Thread] DEBUG LoopRunner           - Initializing JavaFX AnimationTimerLoop
08:00:38.208 [JavaFX Application Thread] DEBUG GameApplicationServi - Starting new game
08:00:38.208 [JavaFX Application Thread] DEBUG Input                - Clearing active input actions
08:00:38.222 [JavaFX Application Thread] DEBUG GameApplicationServi - Removing overlay from FXGLStartupScene and adding to FXGLLoadingScene
08:00:38.222 [JavaFX Application Thread] DEBUG PrimaryStageWindow   - FXGLStartupScene -> FXGLLoadingScene
08:00:38.222 [JavaFX Application Thread] DEBUG GameApplicationServi - Clearing previous game
08:00:38.223 [JavaFX Application Thread] DEBUG GameScene            - Clearing game scene
08:00:38.223 [JavaFX Application Thread] DEBUG GameWorld            - Clearing game world
08:00:38.223 [JavaFX Application Thread] DEBUG PhysicsWorld         - Clearing physics world
08:00:38.224 [JavaFX Application Thread] DEBUG FXGLApplication      - Registering font factories with UI factory
08:00:38.224 [FXGL Background Thread 4 ] DEBUG FXGLApplication      - Initializing game
08:00:38.261 [FXGL Background Thread 4 ] DEBUG FXGLAssetLoaderServi - Loading from file system: file:/C:/Users/macke/OneDrive/Documents/School/Semester%203/Programming%20in%20a%20Graphical%20User%20Interface/Homework/animals-revenge/build/resources/main/assets/ui/Home.fxml
08:00:38.302 [FXGL Background Thread 2 ] WARN  UpdaterService       - Failed to find updates: java.net.UnknownHostException: raw.githubusercontent.com
08:00:38.578 [FXGL Background Thread 4 ] INFO  FXGLApplication      - Game initialization took: 0.353 sec
08:00:38.586 [JavaFX Application Thread] DEBUG Input                - Clearing active input actions
08:00:38.598 [JavaFX Application Thread] DEBUG GameApplicationServi - Removing overlay from FXGLLoadingScene and adding to GameScene
08:00:38.599 [JavaFX Application Thread] DEBUG PrimaryStageWindow   - FXGLLoadingScene -> GameScene
08:00:41.108 [FXGL Background Thread 3 ] DEBUG Engine               - Logging environment variables
08:00:41.108 [FXGL Background Thread 3 ] DEBUG Engine               - achievements: []
08:00:41.108 [FXGL Background Thread 3 ] DEBUG Engine               - actualHeight: 797.0
08:00:41.108 [FXGL Background Thread 3 ] DEBUG Engine               - actualHeightProperty: ReadOnlyDoubleProperty [value: 797.0]
08:00:41.108 [FXGL Background Thread 3 ] DEBUG Engine               - actualWidth: 1415.0
08:00:41.108 [FXGL Background Thread 3 ] DEBUG Engine               - actualWidthProperty: ReadOnlyDoubleProperty [value: 1415.0]
08:00:41.108 [FXGL Background Thread 3 ] DEBUG Engine               - appIcon: fxgl_icon.png
08:00:41.108 [FXGL Background Thread 3 ] DEBUG Engine               - applicationMode: DEVELOPER
08:00:41.109 [FXGL Background Thread 3 ] DEBUG Engine               - cSSList: [fxgl_dark.css]
08:00:41.109 [FXGL Background Thread 3 ] DEBUG Engine               - collisionDetectionStrategy: BRUTE_FORCE
08:00:41.109 [FXGL Background Thread 3 ] DEBUG Engine               - configClass: Optional.empty
08:00:41.109 [FXGL Background Thread 3 ] DEBUG Engine               - credits: []
08:00:41.113 [FXGL Background Thread 3 ] DEBUG Engine               - defaultCursor: CursorInfo(imageName=fxgl_default_cursor.png, hotspotX=7.0, hotspotY=6.0)
08:00:41.113 [FXGL Background Thread 3 ] DEBUG Engine               - devBBoxColorProperty: ObjectProperty [value: 0xff0000ff]
08:00:41.113 [FXGL Background Thread 3 ] DEBUG Engine               - devEnableDebugCameraProperty: BooleanProperty [value: false]
08:00:41.113 [FXGL Background Thread 3 ] DEBUG Engine               - devSensorColorProperty: ObjectProperty [value: 0xffff00ff]
08:00:41.113 [FXGL Background Thread 3 ] DEBUG Engine               - devShowBBoxProperty: BooleanProperty [value: false]
08:00:41.113 [FXGL Background Thread 3 ] DEBUG Engine               - devShowPositionProperty: BooleanProperty [value: false]
08:00:41.114 [FXGL Background Thread 3 ] DEBUG Engine               - enabledMenuItems: []
08:00:41.114 [FXGL Background Thread 3 ] DEBUG Engine               - engineServices: [class com.almasb.fxgl.app.services.FXGLAssetLoaderService, class com.almasb.fxgl.app.FXGLApplication$GameApplicationService, class com.almasb.fxgl.app.services.FXGLDialogService, class com.almasb.fxgl.app.services.IOTaskExecutorService, class com.almasb.fxgl.io.FileSystemService, class com.almasb.fxgl.localization.LocalizationService, class com.almasb.fxgl.app.services.SystemBundleService, class com.almasb.fxgl.profile.SaveLoadService, class com.almasb.fxgl.ui.FXGLUIFactoryServiceProvider, class com.almasb.fxgl.ui.FXGLDialogFactoryServiceProvider, class com.almasb.fxgl.audio.AudioPlayer, class com.almasb.fxgl.notification.impl.NotificationServiceProvider, class com.almasb.fxgl.achievement.AchievementService, class com.almasb.fxgl.cutscene.CutsceneService, class com.almasb.fxgl.minigames.MiniGameService, class com.almasb.fxgl.net.NetService, class com.almasb.fxgl.app.services.UpdaterService, class com.almasb.fxgl.dev.DevService]
08:00:41.114 [FXGL Background Thread 3 ] DEBUG Engine               - fontGame: Abel-Regular.ttf
08:00:41.114 [FXGL Background Thread 3 ] DEBUG Engine               - fontMono: TerminalLandMono-Regular.otf
08:00:41.114 [FXGL Background Thread 3 ] DEBUG Engine               - fontText: Courier-Prime.ttf
08:00:41.114 [FXGL Background Thread 3 ] DEBUG Engine               - fontUI: VarelaRound-Regular.ttf
08:00:41.114 [FXGL Background Thread 3 ] DEBUG Engine               - fullScreen: BooleanProperty [value: false]
08:00:41.114 [FXGL Background Thread 3 ] DEBUG Engine               - gameDifficulty: MEDIUM
08:00:41.114 [FXGL Background Thread 3 ] DEBUG Engine               - gameDifficultyProperty: ObjectProperty [value: MEDIUM]
08:00:41.114 [FXGL Background Thread 3 ] DEBUG Engine               - globalMusicVolume: 0.5
08:00:41.114 [FXGL Background Thread 3 ] DEBUG Engine               - globalMusicVolumeProperty: DoubleProperty [value: 0.5]
08:00:41.114 [FXGL Background Thread 3 ] DEBUG Engine               - globalSoundVolume: 0.5
08:00:41.114 [FXGL Background Thread 3 ] DEBUG Engine               - globalSoundVolumeProperty: DoubleProperty [value: 0.5]
08:00:41.114 [FXGL Background Thread 3 ] DEBUG Engine               - height: 820
08:00:41.114 [FXGL Background Thread 3 ] DEBUG Engine               - is3D: false
08:00:41.114 [FXGL Background Thread 3 ] DEBUG Engine               - isAndroid: false
08:00:41.114 [FXGL Background Thread 3 ] DEBUG Engine               - isBrowser: false
08:00:41.114 [FXGL Background Thread 3 ] DEBUG Engine               - isClickFeedbackEnabled: false
08:00:41.114 [FXGL Background Thread 3 ] DEBUG Engine               - isCloseConfirmation: false
08:00:41.114 [FXGL Background Thread 3 ] DEBUG Engine               - isDesktop: true
08:00:41.114 [FXGL Background Thread 3 ] DEBUG Engine               - isDeveloperMenuEnabled: false
08:00:41.114 [FXGL Background Thread 3 ] DEBUG Engine               - isEmbedded: false
08:00:41.114 [FXGL Background Thread 3 ] DEBUG Engine               - isEntityPreloadEnabled: true
08:00:41.114 [FXGL Background Thread 3 ] DEBUG Engine               - isExperimentalTiledLargeMap: false
08:00:41.114 [FXGL Background Thread 3 ] DEBUG Engine               - isFileSystemWriteAllowed: true
08:00:41.114 [FXGL Background Thread 3 ] DEBUG Engine               - isFullScreenAllowed: false
08:00:41.114 [FXGL Background Thread 3 ] DEBUG Engine               - isFullScreenFromStart: false
08:00:41.114 [FXGL Background Thread 3 ] DEBUG Engine               - isGameMenuEnabled: false
08:00:41.115 [FXGL Background Thread 3 ] DEBUG Engine               - isIOS: false
08:00:41.115 [FXGL Background Thread 3 ] DEBUG Engine               - isIntroEnabled: false
08:00:41.115 [FXGL Background Thread 3 ] DEBUG Engine               - isLinux: false
08:00:41.115 [FXGL Background Thread 3 ] DEBUG Engine               - isMac: false
08:00:41.115 [FXGL Background Thread 3 ] DEBUG Engine               - isMainMenuEnabled: false
08:00:41.115 [FXGL Background Thread 3 ] DEBUG Engine               - isManualResizeEnabled: false
08:00:41.115 [FXGL Background Thread 3 ] DEBUG Engine               - isMobile: false
08:00:41.115 [FXGL Background Thread 3 ] DEBUG Engine               - isNative: false
08:00:41.115 [FXGL Background Thread 3 ] DEBUG Engine               - isPauseMusicWhenMinimized: true
08:00:41.115 [FXGL Background Thread 3 ] DEBUG Engine               - isPreserveResizeRatio: false
08:00:41.115 [FXGL Background Thread 3 ] DEBUG Engine               - isProfilingEnabled: false
08:00:41.115 [FXGL Background Thread 3 ] DEBUG Engine               - isScaleAffectedOnResize: true
08:00:41.115 [FXGL Background Thread 3 ] DEBUG Engine               - isSingleStep: false
08:00:41.115 [FXGL Background Thread 3 ] DEBUG Engine               - isUserProfileEnabled: false
08:00:41.115 [FXGL Background Thread 3 ] DEBUG Engine               - isWindows: true
08:00:41.115 [FXGL Background Thread 3 ] DEBUG Engine               - language: ObjectProperty [value: ENGLISH]
08:00:41.115 [FXGL Background Thread 3 ] DEBUG Engine               - menuKey: ESCAPE
08:00:41.115 [FXGL Background Thread 3 ] DEBUG Engine               - mouseSensitivity: 0.2
08:00:41.115 [FXGL Background Thread 3 ] DEBUG Engine               - notificationViewClass: class com.almasb.fxgl.notification.view.XboxNotificationView
08:00:41.115 [FXGL Background Thread 3 ] DEBUG Engine               - pixelsPerMeter: 50.0
08:00:41.115 [FXGL Background Thread 3 ] DEBUG Engine               - platform: WINDOWS
08:00:41.115 [FXGL Background Thread 3 ] DEBUG Engine               - prefHeightProperty: ReadOnlyDoubleProperty [value: 820.0]
08:00:41.115 [FXGL Background Thread 3 ] DEBUG Engine               - prefWidthProperty: ReadOnlyDoubleProperty [value: 1480.0]
08:00:41.115 [FXGL Background Thread 3 ] DEBUG Engine               - profileDir: profiles/
08:00:41.115 [FXGL Background Thread 3 ] DEBUG Engine               - profileName: StringProperty [value: DEFAULT]
08:00:41.115 [FXGL Background Thread 3 ] DEBUG Engine               - randomSeed: -1
08:00:41.116 [FXGL Background Thread 3 ] DEBUG Engine               - runtimeInfo: RuntimeInfo(platform=WINDOWS, version=17.2, build=20.08.2022 16.50)
08:00:41.117 [FXGL Background Thread 3 ] DEBUG Engine               - saveFileExt: sav
08:00:41.117 [FXGL Background Thread 3 ] DEBUG Engine               - scaledHeightProp$fxgl: DoubleProperty [bound, value: 797.0]
08:00:41.117 [FXGL Background Thread 3 ] DEBUG Engine               - scaledWidthProp$fxgl: DoubleProperty [bound, value: 1415.0]
08:00:41.117 [FXGL Background Thread 3 ] DEBUG Engine               - sceneFactory: com.almasb.fxgl.app.scene.SceneFactory@49bd778e
08:00:41.117 [FXGL Background Thread 3 ] DEBUG Engine               - secondsIn24h: 60
08:00:41.117 [FXGL Background Thread 3 ] DEBUG Engine               - soundMenuBack: menu/back.wav
08:00:41.117 [FXGL Background Thread 3 ] DEBUG Engine               - soundMenuPress: menu/press.wav
08:00:41.117 [FXGL Background Thread 3 ] DEBUG Engine               - soundMenuSelect: menu/select.wav
08:00:41.117 [FXGL Background Thread 3 ] DEBUG Engine               - soundNotification: core/notification.wav
08:00:41.117 [FXGL Background Thread 3 ] DEBUG Engine               - stageStyle: DECORATED
08:00:41.117 [FXGL Background Thread 3 ] DEBUG Engine               - supportedLanguages: [ENGLISH, FRENCH, GERMAN, HUNGARIAN, RUSSIAN]
08:00:41.117 [FXGL Background Thread 3 ] DEBUG Engine               - ticksPerSecond: -1
08:00:41.117 [FXGL Background Thread 3 ] DEBUG Engine               - title: Untitled
08:00:41.117 [FXGL Background Thread 3 ] DEBUG Engine               - urlGithub: https://github.com/AlmasB/FXGL
08:00:41.117 [FXGL Background Thread 3 ] DEBUG Engine               - urlLeaderboard: http://fxgl-top.herokuapp.com/
08:00:41.117 [FXGL Background Thread 3 ] DEBUG Engine               - urlPOM: https://raw.githubusercontent.com/AlmasB/FXGL/release/README.md
08:00:41.117 [FXGL Background Thread 3 ] DEBUG Engine               - userAppClass: class edu.vanier.animals_revenge.MainApp
08:00:41.117 [FXGL Background Thread 3 ] DEBUG Engine               - version: 0.0
08:00:41.117 [FXGL Background Thread 3 ] DEBUG Engine               - versionCheckDays: 7
08:00:41.117 [FXGL Background Thread 3 ] DEBUG Engine               - width: 1480
08:00:41.117 [FXGL Background Thread 3 ] DEBUG Engine               - Logging services
08:00:41.117 [FXGL Background Thread 3 ] DEBUG Engine               - class com.almasb.fxgl.app.services.FXGLAssetLoaderService
08:00:41.117 [FXGL Background Thread 3 ] DEBUG Engine               - class com.almasb.fxgl.app.FXGLApplication$GameApplicationService
08:00:41.117 [FXGL Background Thread 3 ] DEBUG Engine               - class com.almasb.fxgl.app.services.FXGLDialogService
08:00:41.117 [FXGL Background Thread 3 ] DEBUG Engine               - class com.almasb.fxgl.app.services.IOTaskExecutorService
08:00:41.117 [FXGL Background Thread 3 ] DEBUG Engine               - class com.almasb.fxgl.io.FileSystemService
08:00:41.117 [FXGL Background Thread 3 ] DEBUG Engine               - class com.almasb.fxgl.localization.LocalizationService
08:00:41.117 [FXGL Background Thread 3 ] DEBUG Engine               - class com.almasb.fxgl.app.services.SystemBundleService
08:00:41.117 [FXGL Background Thread 3 ] DEBUG Engine               - class com.almasb.fxgl.profile.SaveLoadService
08:00:41.117 [FXGL Background Thread 3 ] DEBUG Engine               - class com.almasb.fxgl.ui.FXGLUIFactoryServiceProvider
08:00:41.117 [FXGL Background Thread 3 ] DEBUG Engine               - class com.almasb.fxgl.ui.FXGLDialogFactoryServiceProvider
08:00:41.117 [FXGL Background Thread 3 ] DEBUG Engine               - class com.almasb.fxgl.audio.AudioPlayer
08:00:41.117 [FXGL Background Thread 3 ] DEBUG Engine               - class com.almasb.fxgl.notification.impl.NotificationServiceProvider
08:00:41.117 [FXGL Background Thread 3 ] DEBUG Engine               - class com.almasb.fxgl.achievement.AchievementService
08:00:41.118 [FXGL Background Thread 3 ] DEBUG Engine               - class com.almasb.fxgl.cutscene.CutsceneService
08:00:41.118 [FXGL Background Thread 3 ] DEBUG Engine               - class com.almasb.fxgl.minigames.MiniGameService
08:00:41.118 [FXGL Background Thread 3 ] DEBUG Engine               - class com.almasb.fxgl.net.NetService
08:00:41.118 [FXGL Background Thread 3 ] DEBUG Engine               - class com.almasb.fxgl.app.services.UpdaterService
08:00:41.118 [FXGL Background Thread 3 ] DEBUG Engine               - class com.almasb.fxgl.dev.DevService
08:00:47.119 [JavaFX Application Thread] DEBUG FXGLAssetLoaderServi - Loading from file system: file:/C:/Users/macke/OneDrive/Documents/School/Semester%203/Programming%20in%20a%20Graphical%20User%20Interface/Homework/animals-revenge/build/resources/main/assets/ui/CustomProjectile.fxml
08:00:55.413 [JavaFX Application Thread] DEBUG FXGLAssetLoaderServi - Loading from file system: file:/C:/Users/macke/OneDrive/Documents/School/Semester%203/Programming%20in%20a%20Graphical%20User%20Interface/Homework/animals-revenge/build/resources/main/assets/ui/Home.fxml
08:00:56.557 [JavaFX Application Thread] DEBUG FXGLAssetLoaderServi - Loading from file system: file:/C:/Users/macke/OneDrive/Documents/School/Semester%203/Programming%20in%20a%20Graphical%20User%20Interface/Homework/animals-revenge/build/resources/main/assets/ui/Simulator.fxml
08:00:56.596 [JavaFX Application Thread] DEBUG FXGLAssetLoaderServi - Loading from file system: file:/C:/Users/macke/OneDrive/Documents/School/Semester%203/Programming%20in%20a%20Graphical%20User%20Interface/Homework/animals-revenge/build/resources/main/assets/textures/cannon.png
08:01:03.181 [JavaFX Application Thread] DEBUG FXGLApplication      - Exiting FXGL
08:01:03.182 [JavaFX Application Thread] DEBUG LoopRunner           - Stopping loop
08:01:03.182 [JavaFX Application Thread] DEBUG SystemBundleService  - Saving FXGL system data
08:01:03.182 [JavaFX Application Thread] DEBUG FileSystemAccess     - Writing to: C:\Users\macke\OneDrive\Documents\School\Semester 3\Programming in a Graphical User Interface\Homework\animals-revenge\system\fxgl.bundle
08:01:03.183 [JavaFX Application Thread] DEBUG Async                - Shutting down background threads
08:01:03.183 [JavaFX Application Thread] DEBUG PrimaryStageWindow   - Closing main window
08:01:03.217 [JavaFX Application Thread] DEBUG Logger               - Closing Logger
