12:05:04.102 [main                     ] DEBUG Logger               - Configured Logger
12:05:04.124 [main                     ] DEBUG GameApplication      - Logging settings
Title: Untitled
Version: 0.0
Width: 1480
Height: 820
Fullscreen: false
Intro: false
Profiling: false
Single step:false
App Mode: DEVELOPER
Menu Key: ESCAPE
Stage Style: DECORATED
Scene Factory: class com.almasb.fxgl.app.scene.SceneFactory

12:05:05.051 [JavaFX Application Thread] DEBUG FXGLApplication      - Initializing FXGL
12:05:05.059 [JavaFX Application Thread] INFO  Engine               - FXGL-17.2 (20.08.2022 16.50) on WINDOWS (J:18.0.2.1 FX:20.0.2)
12:05:05.059 [JavaFX Application Thread] DEBUG Engine               - JRE Vendor Name: Oracle Corporation
12:05:05.059 [JavaFX Application Thread] DEBUG Engine               - Running on OS: Windows 11 version 10.0
12:05:05.060 [JavaFX Application Thread] DEBUG Engine               - Architecture: amd64
12:05:05.060 [JavaFX Application Thread] INFO  Engine               - Source code and latest versions at: https://github.com/AlmasB/FXGL
12:05:05.060 [JavaFX Application Thread] INFO  Engine               -       Ask questions and discuss at: https://github.com/AlmasB/FXGL/discussions
12:05:05.060 [JavaFX Application Thread] INFO  Engine               -              Join the FXGL chat at: https://gitter.im/AlmasB/FXGL
12:05:05.313 [JavaFX Application Thread] DEBUG PrimaryStageWindow   - Creating a JavaFX scene
12:05:05.314 [JavaFX Application Thread] DEBUG PrimaryStageWindow   - Target size > screen size
12:05:05.476 [JavaFX Application Thread] DEBUG PrimaryStageWindow   - Target settings size: 1480.0 x 820.0
12:05:05.476 [JavaFX Application Thread] DEBUG PrimaryStageWindow   - Scaled scene size:    1447.0 x 815.0
12:05:05.477 [JavaFX Application Thread] DEBUG PrimaryStageWindow   - Scaled ratio: (0.9777027027027027, 0.9939024390243902)
12:05:05.478 [JavaFX Application Thread] DEBUG PrimaryStageWindow   - Set initial scene to FXGLStartupScene
12:05:05.485 [JavaFX Application Thread] DEBUG PrimaryStageWindow   - Opening main window
12:05:05.761 [JavaFX Application Thread] DEBUG PrimaryStageWindow   - Window border size: (14.5999755859375, 37.79998779296875)
12:05:05.764 [JavaFX Application Thread] DEBUG PrimaryStageWindow   - Scaled size: 1447.0 x 815.0
12:05:05.765 [JavaFX Application Thread] DEBUG PrimaryStageWindow   - Scaled ratio: (0.9777027027027027, 0.9939024390243902)
12:05:05.765 [JavaFX Application Thread] DEBUG PrimaryStageWindow   - Scene size: 1447.0 x 815.0
12:05:05.766 [JavaFX Application Thread] DEBUG PrimaryStageWindow   - Stage size: 1461.5999755859375 x 852.7999877929688
12:05:05.791 [FXGL Background Thread 1 ] DEBUG Engine               - Initializing environment variables
12:05:06.033 [FXGL Background Thread 1 ] DEBUG FXGLAssetLoaderServi - User app class for loading assets: class edu.vanier.animals_revenge.MainApp
12:05:06.033 [FXGL Background Thread 1 ] DEBUG GameApplicationServi - Applying CSS: fxgl_dark.css
12:05:06.036 [FXGL Background Thread 1 ] DEBUG FXGLAssetLoaderServi - Loading from file system: jar:file:/C:/Users/anton/.gradle/caches/modules-2/files-2.1/com.github.almasb/fxgl/17.2/35db6ae960eec2dcfd19262d3b7f9c42f0e95bc3/fxgl-17.2.jar!/fxglassets/ui/css/fxgl_dark.css
12:05:06.210 [FXGL Background Thread 1 ] DEBUG GameApplicationServi - Initializing application scenes
12:05:06.405 [FXGL Background Thread 1 ] DEBUG GameWorld            - Game world initialized
12:05:06.573 [FXGL Background Thread 1 ] DEBUG PhysicsWorld         - Physics world initialized: appHeight=820, physics.ppm=50.0
12:05:06.573 [FXGL Background Thread 1 ] DEBUG PhysicsWorld         - Using strategy: BRUTE_FORCE
12:05:06.577 [FXGL Background Thread 1 ] DEBUG GameScene            - Game scene initialized: 1480x820
12:05:06.577 [FXGL Background Thread 1 ] DEBUG GameApplicationServi - Application scenes initialized
12:05:06.686 [FXGL Background Thread 1 ] DEBUG SystemBundleService  - Loading FXGL system data
12:05:06.706 [FXGL Background Thread 1 ] DEBUG FileSystemAccess     - Reading from: C:\Users\anton\OneDrive\Documents\GitHub\animals-revenge\system\fxgl.bundle
12:05:06.725 [FXGL Background Thread 1 ] DEBUG SystemBundleService  - Bundle FXGL: {}
12:05:06.725 [FXGL Background Thread 1 ] DEBUG UpdaterService       - Checking for updates
12:05:06.743 [FXGL Background Thread 1 ] DEBUG FXGLApplication      - Loading default localization
12:05:06.752 [FXGL Background Thread 1 ] DEBUG FXGLAssetLoaderServi - Loading from file system: jar:file:/C:/Users/anton/.gradle/caches/modules-2/files-2.1/com.github.almasb/fxgl/17.2/35db6ae960eec2dcfd19262d3b7f9c42f0e95bc3/fxgl-17.2.jar!/fxglassets/languages/english.lang
12:05:06.751 [FXGL Background Thread 4 ] DEBUG FXGLApplication      - Loading fonts
12:05:06.755 [FXGL Background Thread 4 ] DEBUG FXGLAssetLoaderServi - Loading from file system: jar:file:/C:/Users/anton/.gradle/caches/modules-2/files-2.1/com.github.almasb/fxgl/17.2/35db6ae960eec2dcfd19262d3b7f9c42f0e95bc3/fxgl-17.2.jar!/fxglassets/ui/fonts/VarelaRound-Regular.ttf
12:05:06.807 [FXGL Background Thread 1 ] INFO  FXGLApplication      - FXGL initialization took: 1.015 sec
12:05:06.815 [JavaFX Application Thread] DEBUG Input                - Registered new binding: Launch - RMB
12:05:06.816 [JavaFX Application Thread] DEBUG Input                - Registered new binding: Create - LMB
12:05:06.816 [JavaFX Application Thread] DEBUG Input                - Registered new binding: Drag - CTRL+LMB
12:05:06.827 [JavaFX Application Thread] DEBUG Input                - Registered new binding: Delete - Backspace
12:05:06.861 [JavaFX Application Thread] DEBUG FXGLAssetLoaderServi - Loading from file system: file:/C:/Users/anton/OneDrive/Documents/GitHub/animals-revenge/build/resources/main/assets/sounds/brick_hit.wav
12:05:07.076 [FXGL Background Thread 4 ] DEBUG FXGLAssetLoaderServi - Loading from file system: jar:file:/C:/Users/anton/.gradle/caches/modules-2/files-2.1/com.github.almasb/fxgl/17.2/35db6ae960eec2dcfd19262d3b7f9c42f0e95bc3/fxgl-17.2.jar!/fxglassets/ui/fonts/Abel-Regular.ttf
12:05:07.108 [JavaFX Application Thread] DEBUG FXGLAssetLoaderServi - Loading from file system: file:/C:/Users/anton/OneDrive/Documents/GitHub/animals-revenge/build/resources/main/assets/music/music1.mp3
12:05:07.108 [FXGL Background Thread 4 ] DEBUG FXGLAssetLoaderServi - Loading from file system: jar:file:/C:/Users/anton/.gradle/caches/modules-2/files-2.1/com.github.almasb/fxgl/17.2/35db6ae960eec2dcfd19262d3b7f9c42f0e95bc3/fxgl-17.2.jar!/fxglassets/ui/fonts/TerminalLandMono-Regular.otf
12:05:07.123 [FXGL Background Thread 4 ] DEBUG FXGLAssetLoaderServi - Loading from file system: jar:file:/C:/Users/anton/.gradle/caches/modules-2/files-2.1/com.github.almasb/fxgl/17.2/35db6ae960eec2dcfd19262d3b7f9c42f0e95bc3/fxgl-17.2.jar!/fxglassets/ui/fonts/Courier-Prime.ttf
12:05:07.285 [JavaFX Application Thread] DEBUG AudioPlayer          - Playing music com.almasb.fxgl.audio.Music@23d050d6
12:05:07.286 [JavaFX Application Thread] DEBUG FXGLAssetLoaderServi - Loading from file system: jar:file:/C:/Users/anton/.gradle/caches/modules-2/files-2.1/com.github.almasb/fxgl/17.2/35db6ae960eec2dcfd19262d3b7f9c42f0e95bc3/fxgl-17.2.jar!/fxglassets/textures/fxgl_icon.png
12:05:07.356 [JavaFX Application Thread] DEBUG FXGLAssetLoaderServi - Loading from file system: jar:file:/C:/Users/anton/.gradle/caches/modules-2/files-2.1/com.github.almasb/fxgl/17.2/35db6ae960eec2dcfd19262d3b7f9c42f0e95bc3/fxgl-17.2.jar!/fxglassets/textures/fxgl_default_cursor.png
12:05:07.359 [JavaFX Application Thread] DEBUG Input                - Registered new binding: Screenshot - CTRL+8
12:05:07.360 [JavaFX Application Thread] DEBUG Input                - Registered new binding: System info dump - CTRL+9
12:05:07.361 [JavaFX Application Thread] DEBUG Input                - Registered new binding: Restart - CTRL+R
12:05:07.362 [JavaFX Application Thread] DEBUG Input                - Registered new binding: Toggle Debug Camera - CTRL+7
12:05:07.366 [JavaFX Application Thread] DEBUG LoopRunner           - Starting loop
12:05:07.366 [JavaFX Application Thread] DEBUG LoopRunner           - Initializing JavaFX AnimationTimerLoop
12:05:07.370 [JavaFX Application Thread] DEBUG GameApplicationServi - Starting new game
12:05:07.370 [JavaFX Application Thread] DEBUG Input                - Clearing active input actions
12:05:07.389 [JavaFX Application Thread] DEBUG GameApplicationServi - Removing overlay from FXGLStartupScene and adding to FXGLLoadingScene
12:05:07.389 [JavaFX Application Thread] DEBUG PrimaryStageWindow   - FXGLStartupScene -> FXGLLoadingScene
12:05:07.389 [JavaFX Application Thread] DEBUG GameApplicationServi - Clearing previous game
12:05:07.389 [JavaFX Application Thread] DEBUG GameScene            - Clearing game scene
12:05:07.390 [JavaFX Application Thread] DEBUG GameWorld            - Clearing game world
12:05:07.390 [JavaFX Application Thread] DEBUG PhysicsWorld         - Clearing physics world
12:05:07.392 [FXGL Background Thread 4 ] DEBUG FXGLApplication      - Initializing game
12:05:07.393 [JavaFX Application Thread] DEBUG FXGLApplication      - Registering font factories with UI factory
12:05:07.572 [FXGL Background Thread 4 ] DEBUG AudioPlayer          - Playing music com.almasb.fxgl.audio.Music@23d050d6
12:05:07.578 [FXGL Background Thread 4 ] DEBUG FXGLAssetLoaderServi - Loading from file system: file:/C:/Users/anton/OneDrive/Documents/GitHub/animals-revenge/build/resources/main/assets/ui/Home.fxml
12:05:08.017 [FXGL Background Thread 2 ] INFO  UpdaterService       - Your current version:  17.2
12:05:08.018 [FXGL Background Thread 2 ] INFO  UpdaterService       - Latest stable version: 17.3
12:05:09.770 [FXGL Background Thread 3 ] DEBUG Engine               - Logging environment variables
12:05:09.774 [FXGL Background Thread 3 ] DEBUG Engine               - achievements: []
12:05:09.774 [FXGL Background Thread 3 ] DEBUG Engine               - actualHeight: 815.0
12:05:09.775 [FXGL Background Thread 3 ] DEBUG Engine               - actualHeightProperty: ReadOnlyDoubleProperty [value: 815.0]
12:05:09.775 [FXGL Background Thread 3 ] DEBUG Engine               - actualWidth: 1447.0
12:05:09.775 [FXGL Background Thread 3 ] DEBUG Engine               - actualWidthProperty: ReadOnlyDoubleProperty [value: 1447.0]
12:05:09.775 [FXGL Background Thread 3 ] DEBUG Engine               - appIcon: fxgl_icon.png
12:05:09.775 [FXGL Background Thread 3 ] DEBUG Engine               - applicationMode: DEVELOPER
12:05:09.775 [FXGL Background Thread 3 ] DEBUG Engine               - cSSList: [fxgl_dark.css]
12:05:09.776 [FXGL Background Thread 3 ] DEBUG Engine               - collisionDetectionStrategy: BRUTE_FORCE
12:05:09.776 [FXGL Background Thread 3 ] DEBUG Engine               - configClass: Optional.empty
12:05:09.776 [FXGL Background Thread 3 ] DEBUG Engine               - credits: []
12:05:09.777 [FXGL Background Thread 3 ] DEBUG Engine               - defaultCursor: CursorInfo(imageName=fxgl_default_cursor.png, hotspotX=7.0, hotspotY=6.0)
12:05:09.781 [FXGL Background Thread 3 ] DEBUG Engine               - devBBoxColorProperty: ObjectProperty [value: 0xff0000ff]
12:05:09.784 [FXGL Background Thread 3 ] DEBUG Engine               - devEnableDebugCameraProperty: BooleanProperty [value: false]
12:05:09.784 [FXGL Background Thread 3 ] DEBUG Engine               - devSensorColorProperty: ObjectProperty [value: 0xffff00ff]
12:05:09.784 [FXGL Background Thread 3 ] DEBUG Engine               - devShowBBoxProperty: BooleanProperty [value: false]
12:05:09.784 [FXGL Background Thread 3 ] DEBUG Engine               - devShowPositionProperty: BooleanProperty [value: false]
12:05:09.784 [FXGL Background Thread 3 ] DEBUG Engine               - enabledMenuItems: []
12:05:09.786 [FXGL Background Thread 3 ] DEBUG Engine               - engineServices: [class com.almasb.fxgl.app.services.FXGLAssetLoaderService, class com.almasb.fxgl.app.FXGLApplication$GameApplicationService, class com.almasb.fxgl.app.services.FXGLDialogService, class com.almasb.fxgl.app.services.IOTaskExecutorService, class com.almasb.fxgl.io.FileSystemService, class com.almasb.fxgl.localization.LocalizationService, class com.almasb.fxgl.app.services.SystemBundleService, class com.almasb.fxgl.profile.SaveLoadService, class com.almasb.fxgl.ui.FXGLUIFactoryServiceProvider, class com.almasb.fxgl.ui.FXGLDialogFactoryServiceProvider, class com.almasb.fxgl.audio.AudioPlayer, class com.almasb.fxgl.notification.impl.NotificationServiceProvider, class com.almasb.fxgl.achievement.AchievementService, class com.almasb.fxgl.cutscene.CutsceneService, class com.almasb.fxgl.minigames.MiniGameService, class com.almasb.fxgl.net.NetService, class com.almasb.fxgl.app.services.UpdaterService, class com.almasb.fxgl.dev.DevService]
12:05:09.786 [FXGL Background Thread 3 ] DEBUG Engine               - fontGame: Abel-Regular.ttf
12:05:09.786 [FXGL Background Thread 3 ] DEBUG Engine               - fontMono: TerminalLandMono-Regular.otf
12:05:09.786 [FXGL Background Thread 3 ] DEBUG Engine               - fontText: Courier-Prime.ttf
12:05:09.787 [FXGL Background Thread 3 ] DEBUG Engine               - fontUI: VarelaRound-Regular.ttf
12:05:09.787 [FXGL Background Thread 3 ] DEBUG Engine               - fullScreen: BooleanProperty [value: false]
12:05:09.788 [FXGL Background Thread 3 ] DEBUG Engine               - gameDifficulty: MEDIUM
12:05:09.788 [FXGL Background Thread 3 ] DEBUG Engine               - gameDifficultyProperty: ObjectProperty [value: MEDIUM]
12:05:09.788 [FXGL Background Thread 3 ] DEBUG Engine               - globalMusicVolume: 0.5
12:05:09.788 [FXGL Background Thread 3 ] DEBUG Engine               - globalMusicVolumeProperty: DoubleProperty [value: 0.2845542501727716]
12:05:09.788 [FXGL Background Thread 3 ] DEBUG Engine               - globalSoundVolume: 0.5
12:05:09.788 [FXGL Background Thread 3 ] DEBUG Engine               - globalSoundVolumeProperty: DoubleProperty [value: 0.5733464768400154]
12:05:09.788 [FXGL Background Thread 3 ] DEBUG Engine               - height: 820
12:05:09.788 [FXGL Background Thread 3 ] DEBUG Engine               - is3D: false
12:05:09.789 [FXGL Background Thread 3 ] DEBUG Engine               - isAndroid: false
12:05:09.789 [FXGL Background Thread 3 ] DEBUG Engine               - isBrowser: false
12:05:09.789 [FXGL Background Thread 3 ] DEBUG Engine               - isClickFeedbackEnabled: false
12:05:09.789 [FXGL Background Thread 3 ] DEBUG Engine               - isCloseConfirmation: false
12:05:09.789 [FXGL Background Thread 3 ] DEBUG Engine               - isDesktop: true
12:05:09.790 [FXGL Background Thread 3 ] DEBUG Engine               - isDeveloperMenuEnabled: false
12:05:09.790 [FXGL Background Thread 3 ] DEBUG Engine               - isEmbedded: false
12:05:09.790 [FXGL Background Thread 3 ] DEBUG Engine               - isEntityPreloadEnabled: true
12:05:09.790 [FXGL Background Thread 3 ] DEBUG Engine               - isExperimentalTiledLargeMap: false
12:05:09.790 [FXGL Background Thread 3 ] DEBUG Engine               - isFileSystemWriteAllowed: true
12:05:09.790 [FXGL Background Thread 3 ] DEBUG Engine               - isFullScreenAllowed: false
12:05:09.790 [FXGL Background Thread 3 ] DEBUG Engine               - isFullScreenFromStart: false
12:05:09.790 [FXGL Background Thread 3 ] DEBUG Engine               - isGameMenuEnabled: false
12:05:09.790 [FXGL Background Thread 3 ] DEBUG Engine               - isIOS: false
12:05:09.790 [FXGL Background Thread 3 ] DEBUG Engine               - isIntroEnabled: false
12:05:09.790 [FXGL Background Thread 3 ] DEBUG Engine               - isLinux: false
12:05:09.791 [FXGL Background Thread 3 ] DEBUG Engine               - isMac: false
12:05:09.791 [FXGL Background Thread 3 ] DEBUG Engine               - isMainMenuEnabled: false
12:05:09.791 [FXGL Background Thread 3 ] DEBUG Engine               - isManualResizeEnabled: false
12:05:09.791 [FXGL Background Thread 3 ] DEBUG Engine               - isMobile: false
12:05:09.791 [FXGL Background Thread 3 ] DEBUG Engine               - isNative: false
12:05:09.791 [FXGL Background Thread 3 ] DEBUG Engine               - isPauseMusicWhenMinimized: true
12:05:09.791 [FXGL Background Thread 3 ] DEBUG Engine               - isPreserveResizeRatio: false
12:05:09.791 [FXGL Background Thread 3 ] DEBUG Engine               - isProfilingEnabled: false
12:05:09.792 [FXGL Background Thread 3 ] DEBUG Engine               - isScaleAffectedOnResize: true
12:05:09.792 [FXGL Background Thread 3 ] DEBUG Engine               - isSingleStep: false
12:05:09.792 [FXGL Background Thread 3 ] DEBUG Engine               - isUserProfileEnabled: false
12:05:09.792 [FXGL Background Thread 3 ] DEBUG Engine               - isWindows: true
12:05:09.792 [FXGL Background Thread 3 ] DEBUG Engine               - language: ObjectProperty [value: ENGLISH]
12:05:09.792 [FXGL Background Thread 3 ] DEBUG Engine               - menuKey: ESCAPE
12:05:09.792 [FXGL Background Thread 3 ] DEBUG Engine               - mouseSensitivity: 0.2
12:05:09.792 [FXGL Background Thread 3 ] DEBUG Engine               - notificationViewClass: class com.almasb.fxgl.notification.view.XboxNotificationView
12:05:09.792 [FXGL Background Thread 3 ] DEBUG Engine               - pixelsPerMeter: 50.0
12:05:09.792 [FXGL Background Thread 3 ] DEBUG Engine               - platform: WINDOWS
12:05:09.792 [FXGL Background Thread 3 ] DEBUG Engine               - prefHeightProperty: ReadOnlyDoubleProperty [value: 820.0]
12:05:09.792 [FXGL Background Thread 3 ] DEBUG Engine               - prefWidthProperty: ReadOnlyDoubleProperty [value: 1480.0]
12:05:09.792 [FXGL Background Thread 3 ] DEBUG Engine               - profileDir: profiles/
12:05:09.793 [FXGL Background Thread 3 ] DEBUG Engine               - profileName: StringProperty [value: DEFAULT]
12:05:09.793 [FXGL Background Thread 3 ] DEBUG Engine               - randomSeed: -1
12:05:09.793 [FXGL Background Thread 3 ] DEBUG Engine               - runtimeInfo: RuntimeInfo(platform=WINDOWS, version=17.2, build=20.08.2022 16.50)
12:05:09.793 [FXGL Background Thread 3 ] DEBUG Engine               - saveFileExt: sav
12:05:09.793 [FXGL Background Thread 3 ] DEBUG Engine               - scaledHeightProp$fxgl: DoubleProperty [bound, value: 815.0]
12:05:09.793 [FXGL Background Thread 3 ] DEBUG Engine               - scaledWidthProp$fxgl: DoubleProperty [bound, value: 1447.0]
12:05:09.793 [FXGL Background Thread 3 ] DEBUG Engine               - sceneFactory: com.almasb.fxgl.app.scene.SceneFactory@4c6efe13
12:05:09.793 [FXGL Background Thread 3 ] DEBUG Engine               - secondsIn24h: 60
12:05:09.794 [FXGL Background Thread 3 ] DEBUG Engine               - soundMenuBack: menu/back.wav
12:05:09.794 [FXGL Background Thread 3 ] DEBUG Engine               - soundMenuPress: menu/press.wav
12:05:09.794 [FXGL Background Thread 3 ] DEBUG Engine               - soundMenuSelect: menu/select.wav
12:05:09.794 [FXGL Background Thread 3 ] DEBUG Engine               - soundNotification: core/notification.wav
12:05:09.794 [FXGL Background Thread 3 ] DEBUG Engine               - stageStyle: DECORATED
12:05:09.794 [FXGL Background Thread 3 ] DEBUG Engine               - supportedLanguages: [ENGLISH, FRENCH, GERMAN, HUNGARIAN, RUSSIAN]
12:05:09.794 [FXGL Background Thread 3 ] DEBUG Engine               - ticksPerSecond: -1
12:05:09.794 [FXGL Background Thread 3 ] DEBUG Engine               - title: Untitled
12:05:09.794 [FXGL Background Thread 3 ] DEBUG Engine               - urlGithub: https://github.com/AlmasB/FXGL
12:05:09.795 [FXGL Background Thread 3 ] DEBUG Engine               - urlLeaderboard: http://fxgl-top.herokuapp.com/
12:05:09.795 [FXGL Background Thread 3 ] DEBUG Engine               - urlPOM: https://raw.githubusercontent.com/AlmasB/FXGL/release/README.md
12:05:09.795 [FXGL Background Thread 3 ] DEBUG Engine               - userAppClass: class edu.vanier.animals_revenge.MainApp
12:05:09.796 [FXGL Background Thread 3 ] DEBUG Engine               - version: 0.0
12:05:09.796 [FXGL Background Thread 3 ] DEBUG Engine               - versionCheckDays: 7
12:05:09.796 [FXGL Background Thread 3 ] DEBUG Engine               - width: 1480
12:05:09.796 [FXGL Background Thread 3 ] DEBUG Engine               - Logging services
12:05:09.796 [FXGL Background Thread 3 ] DEBUG Engine               - class com.almasb.fxgl.app.services.FXGLAssetLoaderService
12:05:09.796 [FXGL Background Thread 3 ] DEBUG Engine               - class com.almasb.fxgl.app.FXGLApplication$GameApplicationService
12:05:09.796 [FXGL Background Thread 3 ] DEBUG Engine               - class com.almasb.fxgl.app.services.FXGLDialogService
12:05:09.796 [FXGL Background Thread 3 ] DEBUG Engine               - class com.almasb.fxgl.app.services.IOTaskExecutorService
12:05:09.797 [FXGL Background Thread 3 ] DEBUG Engine               - class com.almasb.fxgl.io.FileSystemService
12:05:09.797 [FXGL Background Thread 3 ] DEBUG Engine               - class com.almasb.fxgl.localization.LocalizationService
12:05:09.797 [FXGL Background Thread 3 ] DEBUG Engine               - class com.almasb.fxgl.app.services.SystemBundleService
12:05:09.797 [FXGL Background Thread 3 ] DEBUG Engine               - class com.almasb.fxgl.profile.SaveLoadService
12:05:09.797 [FXGL Background Thread 3 ] DEBUG Engine               - class com.almasb.fxgl.ui.FXGLUIFactoryServiceProvider
12:05:09.797 [FXGL Background Thread 3 ] DEBUG Engine               - class com.almasb.fxgl.ui.FXGLDialogFactoryServiceProvider
12:05:09.797 [FXGL Background Thread 3 ] DEBUG Engine               - class com.almasb.fxgl.audio.AudioPlayer
12:05:09.798 [FXGL Background Thread 3 ] DEBUG Engine               - class com.almasb.fxgl.notification.impl.NotificationServiceProvider
12:05:09.800 [FXGL Background Thread 3 ] DEBUG Engine               - class com.almasb.fxgl.achievement.AchievementService
12:05:09.801 [FXGL Background Thread 3 ] DEBUG Engine               - class com.almasb.fxgl.cutscene.CutsceneService
12:05:09.801 [FXGL Background Thread 3 ] DEBUG Engine               - class com.almasb.fxgl.minigames.MiniGameService
12:05:09.801 [FXGL Background Thread 3 ] DEBUG Engine               - class com.almasb.fxgl.net.NetService
12:05:09.801 [FXGL Background Thread 3 ] DEBUG Engine               - class com.almasb.fxgl.app.services.UpdaterService
12:05:09.801 [FXGL Background Thread 3 ] DEBUG Engine               - class com.almasb.fxgl.dev.DevService
12:05:10.032 [FXGL Background Thread 4 ] INFO  FXGLApplication      - Game initialization took: 2.639 sec
12:05:10.038 [JavaFX Application Thread] DEBUG Input                - Clearing active input actions
12:05:10.071 [JavaFX Application Thread] DEBUG GameApplicationServi - Removing overlay from FXGLLoadingScene and adding to GameScene
12:05:10.072 [JavaFX Application Thread] DEBUG PrimaryStageWindow   - FXGLLoadingScene -> GameScene
12:05:11.424 [JavaFX Application Thread] DEBUG FXGLAssetLoaderServi - Loading from file system: file:/C:/Users/anton/OneDrive/Documents/GitHub/animals-revenge/build/resources/main/assets/ui/Setting.fxml
12:05:14.601 [JavaFX Application Thread] DEBUG FXGLApplication      - Exiting FXGL
12:05:14.601 [JavaFX Application Thread] DEBUG LoopRunner           - Stopping loop
12:05:14.601 [JavaFX Application Thread] DEBUG SystemBundleService  - Saving FXGL system data
12:05:14.606 [JavaFX Application Thread] DEBUG FileSystemAccess     - Writing to: C:\Users\anton\OneDrive\Documents\GitHub\animals-revenge\system\fxgl.bundle
12:05:14.609 [JavaFX Application Thread] DEBUG Async                - Shutting down background threads
12:05:14.609 [JavaFX Application Thread] DEBUG PrimaryStageWindow   - Closing main window
12:05:14.620 [JavaFX Application Thread] DEBUG Logger               - Closing Logger
