12:59:58.415 [main                     ] DEBUG Logger               - Configured Logger
12:59:58.457 [main                     ] DEBUG GameApplication      - Logging settings
Title: Untitled
Version: 0.0
Width: 1480
Height: 820
Fullscreen: false
Intro: false
Profiling: false
Single step:false
App Mode: DEVELOPER
Menu Key: ESCAPE
Stage Style: DECORATED
Scene Factory: class com.almasb.fxgl.app.scene.SceneFactory

12:59:59.074 [JavaFX Application Thread] DEBUG FXGLApplication      - Initializing FXGL
12:59:59.096 [JavaFX Application Thread] INFO  Engine               - FXGL-17.2 (20.08.2022 16.50) on WINDOWS (J:18.0.2.1 FX:20.0.2)
12:59:59.097 [JavaFX Application Thread] DEBUG Engine               - JRE Vendor Name: Oracle Corporation
12:59:59.097 [JavaFX Application Thread] DEBUG Engine               - Running on OS: Windows 11 version 10.0
12:59:59.097 [JavaFX Application Thread] DEBUG Engine               - Architecture: amd64
12:59:59.098 [JavaFX Application Thread] INFO  Engine               - Source code and latest versions at: https://github.com/AlmasB/FXGL
12:59:59.098 [JavaFX Application Thread] INFO  Engine               -       Ask questions and discuss at: https://github.com/AlmasB/FXGL/discussions
12:59:59.098 [JavaFX Application Thread] INFO  Engine               -              Join the FXGL chat at: https://gitter.im/AlmasB/FXGL
12:59:59.254 [JavaFX Application Thread] DEBUG PrimaryStageWindow   - Creating a JavaFX scene
12:59:59.254 [JavaFX Application Thread] DEBUG PrimaryStageWindow   - Target size > screen size
12:59:59.329 [JavaFX Application Thread] DEBUG PrimaryStageWindow   - Target settings size: 1480.0 x 820.0
12:59:59.330 [JavaFX Application Thread] DEBUG PrimaryStageWindow   - Scaled scene size:    1415.0 x 797.0
12:59:59.330 [JavaFX Application Thread] DEBUG PrimaryStageWindow   - Scaled ratio: (0.956081081081081, 0.9719512195121951)
12:59:59.331 [JavaFX Application Thread] DEBUG PrimaryStageWindow   - Set initial scene to FXGLStartupScene
12:59:59.335 [JavaFX Application Thread] DEBUG PrimaryStageWindow   - Opening main window
12:59:59.429 [JavaFX Application Thread] DEBUG PrimaryStageWindow   - Window border size: (13.0, 35.5)
12:59:59.429 [JavaFX Application Thread] DEBUG PrimaryStageWindow   - Scaled size: 1415.0 x 797.0
12:59:59.430 [JavaFX Application Thread] DEBUG PrimaryStageWindow   - Scaled ratio: (0.956081081081081, 0.9719512195121951)
12:59:59.430 [JavaFX Application Thread] DEBUG PrimaryStageWindow   - Scene size: 1415.0 x 797.0
12:59:59.430 [JavaFX Application Thread] DEBUG PrimaryStageWindow   - Stage size: 1428.0 x 832.5
12:59:59.437 [FXGL Background Thread 1 ] DEBUG Engine               - Initializing environment variables
12:59:59.481 [FXGL Background Thread 1 ] DEBUG FXGLAssetLoaderServi - User app class for loading assets: class edu.vanier.animals_revenge.MainApp
12:59:59.481 [FXGL Background Thread 1 ] DEBUG GameApplicationServi - Applying CSS: fxgl_dark.css
12:59:59.482 [FXGL Background Thread 1 ] DEBUG FXGLAssetLoaderServi - Loading from file system: jar:file:/C:/Users/macke/.gradle/caches/modules-2/files-2.1/com.github.almasb/fxgl/17.2/35db6ae960eec2dcfd19262d3b7f9c42f0e95bc3/fxgl-17.2.jar!/fxglassets/ui/css/fxgl_dark.css
12:59:59.533 [FXGL Background Thread 1 ] DEBUG GameApplicationServi - Initializing application scenes
12:59:59.589 [FXGL Background Thread 1 ] DEBUG GameWorld            - Game world initialized
12:59:59.656 [FXGL Background Thread 1 ] DEBUG PhysicsWorld         - Physics world initialized: appHeight=820, physics.ppm=50.0
12:59:59.657 [FXGL Background Thread 1 ] DEBUG PhysicsWorld         - Using strategy: BRUTE_FORCE
12:59:59.661 [FXGL Background Thread 1 ] DEBUG GameScene            - Game scene initialized: 1480x820
12:59:59.661 [FXGL Background Thread 1 ] DEBUG GameApplicationServi - Application scenes initialized
12:59:59.678 [FXGL Background Thread 1 ] DEBUG SystemBundleService  - Loading FXGL system data
12:59:59.682 [FXGL Background Thread 1 ] DEBUG FileSystemAccess     - Reading from: C:\Users\macke\OneDrive\Documents\School\Semester 3\Programming in a Graphical User Interface\Homework\animals-revenge\system\fxgl.bundle
12:59:59.695 [FXGL Background Thread 1 ] DEBUG SystemBundleService  - Bundle FXGL: {}
12:59:59.695 [FXGL Background Thread 1 ] DEBUG UpdaterService       - Checking for updates
12:59:59.740 [FXGL Background Thread 4 ] DEBUG FXGLApplication      - Loading fonts
12:59:59.741 [FXGL Background Thread 4 ] DEBUG FXGLAssetLoaderServi - Loading from file system: jar:file:/C:/Users/macke/.gradle/caches/modules-2/files-2.1/com.github.almasb/fxgl/17.2/35db6ae960eec2dcfd19262d3b7f9c42f0e95bc3/fxgl-17.2.jar!/fxglassets/ui/fonts/VarelaRound-Regular.ttf
12:59:59.751 [FXGL Background Thread 1 ] DEBUG FXGLApplication      - Loading default localization
12:59:59.760 [FXGL Background Thread 1 ] DEBUG FXGLAssetLoaderServi - Loading from file system: jar:file:/C:/Users/macke/.gradle/caches/modules-2/files-2.1/com.github.almasb/fxgl/17.2/35db6ae960eec2dcfd19262d3b7f9c42f0e95bc3/fxgl-17.2.jar!/fxglassets/languages/english.lang
13:00:00.100 [FXGL Background Thread 4 ] DEBUG FXGLAssetLoaderServi - Loading from file system: jar:file:/C:/Users/macke/.gradle/caches/modules-2/files-2.1/com.github.almasb/fxgl/17.2/35db6ae960eec2dcfd19262d3b7f9c42f0e95bc3/fxgl-17.2.jar!/fxglassets/ui/fonts/Abel-Regular.ttf
13:00:00.111 [FXGL Background Thread 4 ] DEBUG FXGLAssetLoaderServi - Loading from file system: jar:file:/C:/Users/macke/.gradle/caches/modules-2/files-2.1/com.github.almasb/fxgl/17.2/35db6ae960eec2dcfd19262d3b7f9c42f0e95bc3/fxgl-17.2.jar!/fxglassets/ui/fonts/TerminalLandMono-Regular.otf
13:00:00.120 [FXGL Background Thread 4 ] DEBUG FXGLAssetLoaderServi - Loading from file system: jar:file:/C:/Users/macke/.gradle/caches/modules-2/files-2.1/com.github.almasb/fxgl/17.2/35db6ae960eec2dcfd19262d3b7f9c42f0e95bc3/fxgl-17.2.jar!/fxglassets/ui/fonts/Courier-Prime.ttf
13:00:00.177 [JavaFX Application Thread] DEBUG FXGLApplication      - Registering font factories with UI factory
13:00:00.179 [FXGL Background Thread 1 ] INFO  FXGLApplication      - FXGL initialization took: 0.742 sec
13:00:00.252 [JavaFX Application Thread] DEBUG Input                - Registered new binding: Launch - RMB
13:00:00.253 [JavaFX Application Thread] DEBUG Input                - Registered new binding: Create - LMB
13:00:00.253 [JavaFX Application Thread] DEBUG Input                - Registered new binding: Drag - CTRL+LMB
13:00:00.254 [JavaFX Application Thread] DEBUG FXGLAssetLoaderServi - Loading from file system: jar:file:/C:/Users/macke/.gradle/caches/modules-2/files-2.1/com.github.almasb/fxgl/17.2/35db6ae960eec2dcfd19262d3b7f9c42f0e95bc3/fxgl-17.2.jar!/fxglassets/textures/fxgl_icon.png
13:00:00.541 [JavaFX Application Thread] DEBUG FXGLAssetLoaderServi - Loading from file system: jar:file:/C:/Users/macke/.gradle/caches/modules-2/files-2.1/com.github.almasb/fxgl/17.2/35db6ae960eec2dcfd19262d3b7f9c42f0e95bc3/fxgl-17.2.jar!/fxglassets/textures/fxgl_default_cursor.png
13:00:00.602 [JavaFX Application Thread] DEBUG Input                - Registered new binding: Screenshot - CTRL+8
13:00:00.603 [JavaFX Application Thread] DEBUG Input                - Registered new binding: System info dump - CTRL+9
13:00:00.605 [JavaFX Application Thread] DEBUG Input                - Registered new binding: Restart - CTRL+R
13:00:00.606 [JavaFX Application Thread] DEBUG Input                - Registered new binding: Toggle Debug Camera - CTRL+7
13:00:00.620 [JavaFX Application Thread] DEBUG LoopRunner           - Starting loop
13:00:00.621 [JavaFX Application Thread] DEBUG LoopRunner           - Initializing JavaFX AnimationTimerLoop
13:00:00.656 [JavaFX Application Thread] DEBUG GameApplicationServi - Starting new game
13:00:00.660 [JavaFX Application Thread] DEBUG Input                - Clearing active input actions
13:00:00.712 [JavaFX Application Thread] DEBUG GameApplicationServi - Removing overlay from FXGLStartupScene and adding to FXGLLoadingScene
13:00:00.713 [JavaFX Application Thread] DEBUG PrimaryStageWindow   - FXGLStartupScene -> FXGLLoadingScene
13:00:00.714 [JavaFX Application Thread] DEBUG GameApplicationServi - Clearing previous game
13:00:00.714 [JavaFX Application Thread] DEBUG GameScene            - Clearing game scene
13:00:00.715 [JavaFX Application Thread] DEBUG GameWorld            - Clearing game world
13:00:00.716 [JavaFX Application Thread] DEBUG PhysicsWorld         - Clearing physics world
13:00:00.722 [FXGL Background Thread 1 ] DEBUG FXGLApplication      - Initializing game
13:00:00.992 [FXGL Background Thread 1 ] DEBUG FXGLAssetLoaderServi - Loading from file system: file:/C:/Users/macke/OneDrive/Documents/School/Semester%203/Programming%20in%20a%20Graphical%20User%20Interface/Homework/animals-revenge/build/resources/main/assets/ui/Home.fxml
13:00:02.370 [FXGL Background Thread 2 ] INFO  UpdaterService       - Your current version:  17.2
13:00:02.371 [FXGL Background Thread 2 ] INFO  UpdaterService       - Latest stable version: 17.3
13:00:02.734 [FXGL Background Thread 3 ] DEBUG Engine               - Logging environment variables
13:00:02.736 [FXGL Background Thread 3 ] DEBUG Engine               - achievements: []
13:00:02.736 [FXGL Background Thread 3 ] DEBUG Engine               - actualHeight: 797.0
13:00:02.736 [FXGL Background Thread 3 ] DEBUG Engine               - actualHeightProperty: ReadOnlyDoubleProperty [value: 797.0]
13:00:02.736 [FXGL Background Thread 3 ] DEBUG Engine               - actualWidth: 1415.0
13:00:02.736 [FXGL Background Thread 3 ] DEBUG Engine               - actualWidthProperty: ReadOnlyDoubleProperty [value: 1415.0]
13:00:02.738 [FXGL Background Thread 3 ] DEBUG Engine               - appIcon: fxgl_icon.png
13:00:02.738 [FXGL Background Thread 3 ] DEBUG Engine               - applicationMode: DEVELOPER
13:00:02.738 [FXGL Background Thread 3 ] DEBUG Engine               - cSSList: [fxgl_dark.css]
13:00:02.738 [FXGL Background Thread 3 ] DEBUG Engine               - collisionDetectionStrategy: BRUTE_FORCE
13:00:02.738 [FXGL Background Thread 3 ] DEBUG Engine               - configClass: Optional.empty
13:00:02.738 [FXGL Background Thread 3 ] DEBUG Engine               - credits: []
13:00:02.749 [FXGL Background Thread 3 ] DEBUG Engine               - defaultCursor: CursorInfo(imageName=fxgl_default_cursor.png, hotspotX=7.0, hotspotY=6.0)
13:00:02.749 [FXGL Background Thread 3 ] DEBUG Engine               - devBBoxColorProperty: ObjectProperty [value: 0xff0000ff]
13:00:02.749 [FXGL Background Thread 3 ] DEBUG Engine               - devEnableDebugCameraProperty: BooleanProperty [value: false]
13:00:02.749 [FXGL Background Thread 3 ] DEBUG Engine               - devSensorColorProperty: ObjectProperty [value: 0xffff00ff]
13:00:02.749 [FXGL Background Thread 3 ] DEBUG Engine               - devShowBBoxProperty: BooleanProperty [value: false]
13:00:02.749 [FXGL Background Thread 3 ] DEBUG Engine               - devShowPositionProperty: BooleanProperty [value: false]
13:00:02.750 [FXGL Background Thread 3 ] DEBUG Engine               - enabledMenuItems: []
13:00:02.750 [FXGL Background Thread 3 ] DEBUG Engine               - engineServices: [class com.almasb.fxgl.app.services.FXGLAssetLoaderService, class com.almasb.fxgl.app.FXGLApplication$GameApplicationService, class com.almasb.fxgl.app.services.FXGLDialogService, class com.almasb.fxgl.app.services.IOTaskExecutorService, class com.almasb.fxgl.io.FileSystemService, class com.almasb.fxgl.localization.LocalizationService, class com.almasb.fxgl.app.services.SystemBundleService, class com.almasb.fxgl.profile.SaveLoadService, class com.almasb.fxgl.ui.FXGLUIFactoryServiceProvider, class com.almasb.fxgl.ui.FXGLDialogFactoryServiceProvider, class com.almasb.fxgl.audio.AudioPlayer, class com.almasb.fxgl.notification.impl.NotificationServiceProvider, class com.almasb.fxgl.achievement.AchievementService, class com.almasb.fxgl.cutscene.CutsceneService, class com.almasb.fxgl.minigames.MiniGameService, class com.almasb.fxgl.net.NetService, class com.almasb.fxgl.app.services.UpdaterService, class com.almasb.fxgl.dev.DevService]
13:00:02.750 [FXGL Background Thread 3 ] DEBUG Engine               - fontGame: Abel-Regular.ttf
13:00:02.750 [FXGL Background Thread 3 ] DEBUG Engine               - fontMono: TerminalLandMono-Regular.otf
13:00:02.750 [FXGL Background Thread 3 ] DEBUG Engine               - fontText: Courier-Prime.ttf
13:00:02.750 [FXGL Background Thread 3 ] DEBUG Engine               - fontUI: VarelaRound-Regular.ttf
13:00:02.750 [FXGL Background Thread 3 ] DEBUG Engine               - fullScreen: BooleanProperty [value: false]
13:00:02.750 [FXGL Background Thread 3 ] DEBUG Engine               - gameDifficulty: MEDIUM
13:00:02.750 [FXGL Background Thread 3 ] DEBUG Engine               - gameDifficultyProperty: ObjectProperty [value: MEDIUM]
13:00:02.751 [FXGL Background Thread 3 ] DEBUG Engine               - globalMusicVolume: 0.5
13:00:02.751 [FXGL Background Thread 3 ] DEBUG Engine               - globalMusicVolumeProperty: DoubleProperty [value: 0.5]
13:00:02.751 [FXGL Background Thread 3 ] DEBUG Engine               - globalSoundVolume: 0.5
13:00:02.751 [FXGL Background Thread 3 ] DEBUG Engine               - globalSoundVolumeProperty: DoubleProperty [value: 0.5]
13:00:02.751 [FXGL Background Thread 3 ] DEBUG Engine               - height: 820
13:00:02.751 [FXGL Background Thread 3 ] DEBUG Engine               - is3D: false
13:00:02.751 [FXGL Background Thread 3 ] DEBUG Engine               - isAndroid: false
13:00:02.751 [FXGL Background Thread 3 ] DEBUG Engine               - isBrowser: false
13:00:02.751 [FXGL Background Thread 3 ] DEBUG Engine               - isClickFeedbackEnabled: false
13:00:02.751 [FXGL Background Thread 3 ] DEBUG Engine               - isCloseConfirmation: false
13:00:02.751 [FXGL Background Thread 3 ] DEBUG Engine               - isDesktop: true
13:00:02.752 [FXGL Background Thread 3 ] DEBUG Engine               - isDeveloperMenuEnabled: false
13:00:02.752 [FXGL Background Thread 3 ] DEBUG Engine               - isEmbedded: false
13:00:02.752 [FXGL Background Thread 3 ] DEBUG Engine               - isEntityPreloadEnabled: true
13:00:02.752 [FXGL Background Thread 3 ] DEBUG Engine               - isExperimentalTiledLargeMap: false
13:00:02.752 [FXGL Background Thread 3 ] DEBUG Engine               - isFileSystemWriteAllowed: true
13:00:02.752 [FXGL Background Thread 3 ] DEBUG Engine               - isFullScreenAllowed: false
13:00:02.753 [FXGL Background Thread 3 ] DEBUG Engine               - isFullScreenFromStart: false
13:00:02.753 [FXGL Background Thread 3 ] DEBUG Engine               - isGameMenuEnabled: false
13:00:02.753 [FXGL Background Thread 3 ] DEBUG Engine               - isIOS: false
13:00:02.753 [FXGL Background Thread 3 ] DEBUG Engine               - isIntroEnabled: false
13:00:02.753 [FXGL Background Thread 3 ] DEBUG Engine               - isLinux: false
13:00:02.753 [FXGL Background Thread 3 ] DEBUG Engine               - isMac: false
13:00:02.753 [FXGL Background Thread 3 ] DEBUG Engine               - isMainMenuEnabled: false
13:00:02.754 [FXGL Background Thread 3 ] DEBUG Engine               - isManualResizeEnabled: false
13:00:02.754 [FXGL Background Thread 3 ] DEBUG Engine               - isMobile: false
13:00:02.754 [FXGL Background Thread 3 ] DEBUG Engine               - isNative: false
13:00:02.754 [FXGL Background Thread 3 ] DEBUG Engine               - isPauseMusicWhenMinimized: true
13:00:02.754 [FXGL Background Thread 3 ] DEBUG Engine               - isPreserveResizeRatio: false
13:00:02.755 [FXGL Background Thread 3 ] DEBUG Engine               - isProfilingEnabled: false
13:00:02.755 [FXGL Background Thread 3 ] DEBUG Engine               - isScaleAffectedOnResize: true
13:00:02.755 [FXGL Background Thread 3 ] DEBUG Engine               - isSingleStep: false
13:00:02.755 [FXGL Background Thread 3 ] DEBUG Engine               - isUserProfileEnabled: false
13:00:02.756 [FXGL Background Thread 3 ] DEBUG Engine               - isWindows: true
13:00:02.756 [FXGL Background Thread 3 ] DEBUG Engine               - language: ObjectProperty [value: ENGLISH]
13:00:02.756 [FXGL Background Thread 3 ] DEBUG Engine               - menuKey: ESCAPE
13:00:02.756 [FXGL Background Thread 3 ] DEBUG Engine               - mouseSensitivity: 0.2
13:00:02.757 [FXGL Background Thread 3 ] DEBUG Engine               - notificationViewClass: class com.almasb.fxgl.notification.view.XboxNotificationView
13:00:02.757 [FXGL Background Thread 3 ] DEBUG Engine               - pixelsPerMeter: 50.0
13:00:02.757 [FXGL Background Thread 3 ] DEBUG Engine               - platform: WINDOWS
13:00:02.757 [FXGL Background Thread 3 ] DEBUG Engine               - prefHeightProperty: ReadOnlyDoubleProperty [value: 820.0]
13:00:02.757 [FXGL Background Thread 3 ] DEBUG Engine               - prefWidthProperty: ReadOnlyDoubleProperty [value: 1480.0]
13:00:02.757 [FXGL Background Thread 3 ] DEBUG Engine               - profileDir: profiles/
13:00:02.758 [FXGL Background Thread 3 ] DEBUG Engine               - profileName: StringProperty [value: DEFAULT]
13:00:02.758 [FXGL Background Thread 3 ] DEBUG Engine               - randomSeed: -1
13:00:02.761 [FXGL Background Thread 3 ] DEBUG Engine               - runtimeInfo: RuntimeInfo(platform=WINDOWS, version=17.2, build=20.08.2022 16.50)
13:00:02.761 [FXGL Background Thread 3 ] DEBUG Engine               - saveFileExt: sav
13:00:02.761 [FXGL Background Thread 3 ] DEBUG Engine               - scaledHeightProp$fxgl: DoubleProperty [bound, value: 797.0]
13:00:02.761 [FXGL Background Thread 3 ] DEBUG Engine               - scaledWidthProp$fxgl: DoubleProperty [bound, value: 1415.0]
13:00:02.761 [FXGL Background Thread 3 ] DEBUG Engine               - sceneFactory: com.almasb.fxgl.app.scene.SceneFactory@47439c0
13:00:02.761 [FXGL Background Thread 3 ] DEBUG Engine               - secondsIn24h: 60
13:00:02.761 [FXGL Background Thread 3 ] DEBUG Engine               - soundMenuBack: menu/back.wav
13:00:02.762 [FXGL Background Thread 3 ] DEBUG Engine               - soundMenuPress: menu/press.wav
13:00:02.762 [FXGL Background Thread 3 ] DEBUG Engine               - soundMenuSelect: menu/select.wav
13:00:02.762 [FXGL Background Thread 3 ] DEBUG Engine               - soundNotification: core/notification.wav
13:00:02.762 [FXGL Background Thread 3 ] DEBUG Engine               - stageStyle: DECORATED
13:00:02.762 [FXGL Background Thread 3 ] DEBUG Engine               - supportedLanguages: [ENGLISH, FRENCH, GERMAN, HUNGARIAN, RUSSIAN]
13:00:02.762 [FXGL Background Thread 3 ] DEBUG Engine               - ticksPerSecond: -1
13:00:02.762 [FXGL Background Thread 3 ] DEBUG Engine               - title: Untitled
13:00:02.762 [FXGL Background Thread 3 ] DEBUG Engine               - urlGithub: https://github.com/AlmasB/FXGL
13:00:02.762 [FXGL Background Thread 3 ] DEBUG Engine               - urlLeaderboard: http://fxgl-top.herokuapp.com/
13:00:02.762 [FXGL Background Thread 3 ] DEBUG Engine               - urlPOM: https://raw.githubusercontent.com/AlmasB/FXGL/release/README.md
13:00:02.762 [FXGL Background Thread 3 ] DEBUG Engine               - userAppClass: class edu.vanier.animals_revenge.MainApp
13:00:02.762 [FXGL Background Thread 3 ] DEBUG Engine               - version: 0.0
13:00:02.763 [FXGL Background Thread 3 ] DEBUG Engine               - versionCheckDays: 7
13:00:02.763 [FXGL Background Thread 3 ] DEBUG Engine               - width: 1480
13:00:02.763 [FXGL Background Thread 3 ] DEBUG Engine               - Logging services
13:00:02.763 [FXGL Background Thread 3 ] DEBUG Engine               - class com.almasb.fxgl.app.services.FXGLAssetLoaderService
13:00:02.763 [FXGL Background Thread 3 ] DEBUG Engine               - class com.almasb.fxgl.app.FXGLApplication$GameApplicationService
13:00:02.763 [FXGL Background Thread 3 ] DEBUG Engine               - class com.almasb.fxgl.app.services.FXGLDialogService
13:00:02.763 [FXGL Background Thread 3 ] DEBUG Engine               - class com.almasb.fxgl.app.services.IOTaskExecutorService
13:00:02.763 [FXGL Background Thread 3 ] DEBUG Engine               - class com.almasb.fxgl.io.FileSystemService
13:00:02.763 [FXGL Background Thread 3 ] DEBUG Engine               - class com.almasb.fxgl.localization.LocalizationService
13:00:02.763 [FXGL Background Thread 3 ] DEBUG Engine               - class com.almasb.fxgl.app.services.SystemBundleService
13:00:02.763 [FXGL Background Thread 3 ] DEBUG Engine               - class com.almasb.fxgl.profile.SaveLoadService
13:00:02.763 [FXGL Background Thread 3 ] DEBUG Engine               - class com.almasb.fxgl.ui.FXGLUIFactoryServiceProvider
13:00:02.763 [FXGL Background Thread 3 ] DEBUG Engine               - class com.almasb.fxgl.ui.FXGLDialogFactoryServiceProvider
13:00:02.763 [FXGL Background Thread 3 ] DEBUG Engine               - class com.almasb.fxgl.audio.AudioPlayer
13:00:02.764 [FXGL Background Thread 3 ] DEBUG Engine               - class com.almasb.fxgl.notification.impl.NotificationServiceProvider
13:00:02.764 [FXGL Background Thread 3 ] DEBUG Engine               - class com.almasb.fxgl.achievement.AchievementService
13:00:02.764 [FXGL Background Thread 3 ] DEBUG Engine               - class com.almasb.fxgl.cutscene.CutsceneService
13:00:02.764 [FXGL Background Thread 3 ] DEBUG Engine               - class com.almasb.fxgl.minigames.MiniGameService
13:00:02.764 [FXGL Background Thread 3 ] DEBUG Engine               - class com.almasb.fxgl.net.NetService
13:00:02.764 [FXGL Background Thread 3 ] DEBUG Engine               - class com.almasb.fxgl.app.services.UpdaterService
13:00:02.764 [FXGL Background Thread 3 ] DEBUG Engine               - class com.almasb.fxgl.dev.DevService
13:00:02.875 [FXGL Background Thread 1 ] INFO  FXGLApplication      - Game initialization took: 2.152 sec
13:00:02.877 [JavaFX Application Thread] DEBUG Input                - Clearing active input actions
13:00:02.900 [JavaFX Application Thread] DEBUG GameApplicationServi - Removing overlay from FXGLLoadingScene and adding to GameScene
13:00:02.901 [JavaFX Application Thread] DEBUG PrimaryStageWindow   - FXGLLoadingScene -> GameScene
13:00:09.357 [JavaFX Application Thread] DEBUG FXGLAssetLoaderServi - Loading from file system: file:/C:/Users/macke/OneDrive/Documents/School/Semester%203/Programming%20in%20a%20Graphical%20User%20Interface/Homework/animals-revenge/build/resources/main/assets/ui/CustomProjectile.fxml
13:00:12.160 [JavaFX Application Thread] DEBUG LoopRunner           - Stopping loop
13:00:12.163 [JavaFX Application Thread] FATAL FXGLApplication      - Uncaught Exception:
java.lang.RuntimeException: java.lang.reflect.InvocationTargetException
	at javafx.fxml@20.0.2/javafx.fxml.FXMLLoader$MethodHandler.invoke(FXMLLoader.java:1858)
	at javafx.fxml@20.0.2/javafx.fxml.FXMLLoader$ControllerMethodEventHandler.handle(FXMLLoader.java:1726)
	at javafx.base@20.0.2/com.sun.javafx.event.CompositeEventHandler.dispatchBubblingEvent(CompositeEventHandler.java:86)
	at javafx.base@20.0.2/com.sun.javafx.event.EventHandlerManager.dispatchBubblingEvent(EventHandlerManager.java:232)
	at javafx.base@20.0.2/com.sun.javafx.event.EventHandlerManager.dispatchBubblingEvent(EventHandlerManager.java:189)
	at javafx.base@20.0.2/com.sun.javafx.event.BasicEventDispatcher.dispatchEvent(BasicEventDispatcher.java:58)
	at javafx.base@20.0.2/com.sun.javafx.event.EventDispatchChainImpl.dispatchEvent(EventDispatchChainImpl.java:114)
	at javafx.base@20.0.2/com.sun.javafx.event.EventUtil.fireEventImpl(EventUtil.java:74)
	at javafx.base@20.0.2/com.sun.javafx.event.EventUtil.fireEvent(EventUtil.java:49)
	at javafx.base@20.0.2/javafx.event.Event.fireEvent(Event.java:198)
	at javafx.controls@20.0.2/javafx.scene.control.MenuItem.fire(MenuItem.java:459)
	at javafx.controls@20.0.2/com.sun.javafx.scene.control.ContextMenuContent$MenuItemContainer.doSelect(ContextMenuContent.java:1385)
	at javafx.controls@20.0.2/com.sun.javafx.scene.control.ContextMenuContent$MenuItemContainer.lambda$createChildren$12(ContextMenuContent.java:1338)
	at javafx.base@20.0.2/com.sun.javafx.event.CompositeEventHandler$NormalEventHandlerRecord.handleBubblingEvent(CompositeEventHandler.java:247)
	at javafx.base@20.0.2/com.sun.javafx.event.CompositeEventHandler.dispatchBubblingEvent(CompositeEventHandler.java:80)
	at javafx.base@20.0.2/com.sun.javafx.event.EventHandlerManager.dispatchBubblingEvent(EventHandlerManager.java:232)
	at javafx.base@20.0.2/com.sun.javafx.event.EventHandlerManager.dispatchBubblingEvent(EventHandlerManager.java:189)
	at javafx.base@20.0.2/com.sun.javafx.event.CompositeEventDispatcher.dispatchBubblingEvent(CompositeEventDispatcher.java:59)
	at javafx.base@20.0.2/com.sun.javafx.event.BasicEventDispatcher.dispatchEvent(BasicEventDispatcher.java:58)
	at javafx.base@20.0.2/com.sun.javafx.event.EventDispatchChainImpl.dispatchEvent(EventDispatchChainImpl.java:114)
	at javafx.base@20.0.2/com.sun.javafx.event.BasicEventDispatcher.dispatchEvent(BasicEventDispatcher.java:56)
	at javafx.base@20.0.2/com.sun.javafx.event.EventDispatchChainImpl.dispatchEvent(EventDispatchChainImpl.java:114)
	at javafx.base@20.0.2/com.sun.javafx.event.BasicEventDispatcher.dispatchEvent(BasicEventDispatcher.java:56)
	at javafx.base@20.0.2/com.sun.javafx.event.EventDispatchChainImpl.dispatchEvent(EventDispatchChainImpl.java:114)
	at javafx.base@20.0.2/com.sun.javafx.event.BasicEventDispatcher.dispatchEvent(BasicEventDispatcher.java:56)
	at javafx.base@20.0.2/com.sun.javafx.event.EventDispatchChainImpl.dispatchEvent(EventDispatchChainImpl.java:114)
	at javafx.base@20.0.2/com.sun.javafx.event.EventUtil.fireEventImpl(EventUtil.java:74)
	at javafx.base@20.0.2/com.sun.javafx.event.EventUtil.fireEvent(EventUtil.java:54)
	at javafx.base@20.0.2/javafx.event.Event.fireEvent(Event.java:198)
	at javafx.graphics@20.0.2/javafx.scene.Scene$MouseHandler.process(Scene.java:3980)
	at javafx.graphics@20.0.2/javafx.scene.Scene.processMouseEvent(Scene.java:1890)
	at javafx.graphics@20.0.2/javafx.scene.Scene$ScenePeerListener.mouseEvent(Scene.java:2704)
	at javafx.graphics@20.0.2/com.sun.javafx.tk.quantum.GlassViewEventHandler$MouseEventNotification.run(GlassViewEventHandler.java:411)
	at javafx.graphics@20.0.2/com.sun.javafx.tk.quantum.GlassViewEventHandler$MouseEventNotification.run(GlassViewEventHandler.java:301)
	at java.base/java.security.AccessController.doPrivileged(AccessController.java:399)
	at javafx.graphics@20.0.2/com.sun.javafx.tk.quantum.GlassViewEventHandler.lambda$handleMouseEvent$2(GlassViewEventHandler.java:450)
	at javafx.graphics@20.0.2/com.sun.javafx.tk.quantum.QuantumToolkit.runWithoutRenderLock(QuantumToolkit.java:424)
	at javafx.graphics@20.0.2/com.sun.javafx.tk.quantum.GlassViewEventHandler.handleMouseEvent(GlassViewEventHandler.java:449)
	at javafx.graphics@20.0.2/com.sun.glass.ui.View.handleMouseEvent(View.java:551)
	at javafx.graphics@20.0.2/com.sun.glass.ui.View.notifyMouse(View.java:937)
	at javafx.graphics@20.0.2/com.sun.glass.ui.win.WinApplication._runLoop(Native Method)
	at javafx.graphics@20.0.2/com.sun.glass.ui.win.WinApplication.lambda$runLoop$3(WinApplication.java:185)
	at java.base/java.lang.Thread.run(Thread.java:833)
Caused by: java.lang.reflect.InvocationTargetException
	at java.base/jdk.internal.reflect.DirectMethodHandleAccessor.invoke(DirectMethodHandleAccessor.java:119)
	at java.base/java.lang.reflect.Method.invoke(Method.java:577)
	at com.sun.javafx.reflect.Trampoline.invoke(MethodUtil.java:72)
	at java.base/jdk.internal.reflect.DirectMethodHandleAccessor.invoke(DirectMethodHandleAccessor.java:104)
	at java.base/java.lang.reflect.Method.invoke(Method.java:577)
	at javafx.base@20.0.2/com.sun.javafx.reflect.MethodUtil.invoke(MethodUtil.java:270)
	at javafx.fxml@20.0.2/com.sun.javafx.fxml.MethodHelper.invoke(MethodHelper.java:84)
	at javafx.fxml@20.0.2/javafx.fxml.FXMLLoader$MethodHandler.invoke(FXMLLoader.java:1853)
	... 42 more
Caused by: java.lang.IllegalAccessError: class edu.vanier.animals_revenge.controllers.CustomProjectileController (in unnamed module @0xe720b71) cannot access class com.sun.javafx.scene.control.skin.Utils (in module javafx.controls) because module javafx.controls does not export com.sun.javafx.scene.control.skin to unnamed module @0xe720b71
	at edu.vanier.animals_revenge.controllers.CustomProjectileController.OpenAboutPage(CustomProjectileController.java:364)
	at java.base/jdk.internal.reflect.DirectMethodHandleAccessor.invoke(DirectMethodHandleAccessor.java:104)
	... 49 more

13:00:12.163 [JavaFX Application Thread] FATAL FXGLApplication      - Application will now exit
13:00:12.192 [JavaFX Application Thread] DEBUG PrimaryStageWindow   - Push state: ErrorSubScene
13:00:12.192 [JavaFX Application Thread] DEBUG Input                - Clearing active input actions
13:00:12.194 [JavaFX Application Thread] DEBUG GameApplicationServi - Removing overlay from GameScene and adding to ErrorSubScene
13:00:12.195 [JavaFX Application Thread] DEBUG PrimaryStageWindow   - GameScene -> ErrorSubScene
13:00:17.715 [JavaFX Application Thread] DEBUG FXGLApplication      - Exiting FXGL
13:00:17.716 [JavaFX Application Thread] DEBUG Async                - Shutting down background threads
13:00:17.716 [JavaFX Application Thread] DEBUG PrimaryStageWindow   - Closing main window
13:00:17.772 [JavaFX Application Thread] DEBUG Logger               - Closing Logger
