08:56:01.737 [main                     ] DEBUG Logger               - Configured Logger
08:56:01.749 [main                     ] DEBUG GameApplication      - Logging settings
Title: Untitled
Version: 0.0
Width: 1480
Height: 820
Fullscreen: false
Intro: false
Profiling: false
Single step:false
App Mode: DEVELOPER
Menu Key: ESCAPE
Stage Style: DECORATED
Scene Factory: class com.almasb.fxgl.app.scene.SceneFactory

08:56:02.001 [JavaFX Application Thread] DEBUG FXGLApplication      - Initializing FXGL
08:56:02.007 [JavaFX Application Thread] INFO  Engine               - FXGL-17.2 (20.08.2022 16.50) on WINDOWS (J:18.0.1.1 FX:20.0.2)
08:56:02.007 [JavaFX Application Thread] DEBUG Engine               - JRE Vendor Name: Oracle Corporation
08:56:02.007 [JavaFX Application Thread] DEBUG Engine               - Running on OS: Windows 10 version 10.0
08:56:02.008 [JavaFX Application Thread] DEBUG Engine               - Architecture: amd64
08:56:02.008 [JavaFX Application Thread] INFO  Engine               - Source code and latest versions at: https://github.com/AlmasB/FXGL
08:56:02.008 [JavaFX Application Thread] INFO  Engine               -       Ask questions and discuss at: https://github.com/AlmasB/FXGL/discussions
08:56:02.008 [JavaFX Application Thread] INFO  Engine               -              Join the FXGL chat at: https://gitter.im/AlmasB/FXGL
08:56:02.082 [JavaFX Application Thread] DEBUG PrimaryStageWindow   - Creating a JavaFX scene
08:56:02.120 [JavaFX Application Thread] DEBUG PrimaryStageWindow   - Target settings size: 1480.0 x 820.0
08:56:02.120 [JavaFX Application Thread] DEBUG PrimaryStageWindow   - Scaled scene size:    1480.0 x 820.0
08:56:02.120 [JavaFX Application Thread] DEBUG PrimaryStageWindow   - Scaled ratio: (1.0, 1.0)
08:56:02.122 [JavaFX Application Thread] DEBUG PrimaryStageWindow   - Set initial scene to FXGLStartupScene
08:56:02.126 [JavaFX Application Thread] DEBUG PrimaryStageWindow   - Opening main window
08:56:02.188 [JavaFX Application Thread] DEBUG PrimaryStageWindow   - Window border size: (16.0, 39.0)
08:56:02.189 [JavaFX Application Thread] DEBUG PrimaryStageWindow   - Scaled size: 1480.0 x 820.0
08:56:02.189 [JavaFX Application Thread] DEBUG PrimaryStageWindow   - Scaled ratio: (1.0, 1.0)
08:56:02.189 [JavaFX Application Thread] DEBUG PrimaryStageWindow   - Scene size: 1480.0 x 820.0
08:56:02.190 [JavaFX Application Thread] DEBUG PrimaryStageWindow   - Stage size: 1496.0 x 859.0
08:56:02.197 [FXGL Background Thread 1 ] DEBUG Engine               - Initializing environment variables
08:56:02.229 [FXGL Background Thread 1 ] DEBUG FXGLAssetLoaderServi - User app class for loading assets: class edu.vanier.animals_revenge.MainApp
08:56:02.229 [FXGL Background Thread 1 ] DEBUG GameApplicationServi - Applying CSS: fxgl_dark.css
08:56:02.231 [FXGL Background Thread 1 ] DEBUG FXGLAssetLoaderServi - Loading from file system: jar:file:/C:/Users/2268182/.gradle/caches/modules-2/files-2.1/com.github.almasb/fxgl/17.2/35db6ae960eec2dcfd19262d3b7f9c42f0e95bc3/fxgl-17.2.jar!/fxglassets/ui/css/fxgl_dark.css
08:56:02.265 [FXGL Background Thread 1 ] DEBUG GameApplicationServi - Initializing application scenes
08:56:02.294 [FXGL Background Thread 1 ] DEBUG GameWorld            - Game world initialized
08:56:02.349 [FXGL Background Thread 1 ] DEBUG PhysicsWorld         - Physics world initialized: appHeight=820, physics.ppm=50.0
08:56:02.349 [FXGL Background Thread 1 ] DEBUG PhysicsWorld         - Using strategy: BRUTE_FORCE
08:56:02.352 [FXGL Background Thread 1 ] DEBUG GameScene            - Game scene initialized: 1480x820
08:56:02.352 [FXGL Background Thread 1 ] DEBUG GameApplicationServi - Application scenes initialized
08:56:02.366 [FXGL Background Thread 1 ] DEBUG SystemBundleService  - Loading FXGL system data
08:56:02.371 [FXGL Background Thread 1 ] DEBUG FileSystemAccess     - Reading from: C:\Users\2268182\Documents\GitHub\animals-revenge\system\fxgl.bundle
08:56:02.377 [FXGL Background Thread 1 ] DEBUG SystemBundleService  - Bundle FXGL: {}
08:56:02.377 [FXGL Background Thread 1 ] DEBUG UpdaterService       - Checking for updates
08:56:02.384 [FXGL Background Thread 4 ] DEBUG FXGLApplication      - Loading fonts
08:56:02.385 [FXGL Background Thread 1 ] DEBUG FXGLApplication      - Loading default localization
08:56:02.385 [FXGL Background Thread 4 ] DEBUG FXGLAssetLoaderServi - Loading from file system: jar:file:/C:/Users/2268182/.gradle/caches/modules-2/files-2.1/com.github.almasb/fxgl/17.2/35db6ae960eec2dcfd19262d3b7f9c42f0e95bc3/fxgl-17.2.jar!/fxglassets/ui/fonts/VarelaRound-Regular.ttf
08:56:02.386 [FXGL Background Thread 1 ] DEBUG FXGLAssetLoaderServi - Loading from file system: jar:file:/C:/Users/2268182/.gradle/caches/modules-2/files-2.1/com.github.almasb/fxgl/17.2/35db6ae960eec2dcfd19262d3b7f9c42f0e95bc3/fxgl-17.2.jar!/fxglassets/languages/english.lang
08:56:02.408 [FXGL Background Thread 1 ] INFO  FXGLApplication      - FXGL initialization took: 0.211 sec
08:56:02.413 [JavaFX Application Thread] DEBUG Input                - Registered new binding: Launch - RMB
08:56:02.413 [JavaFX Application Thread] DEBUG Input                - Registered new binding: Create - LMB
08:56:02.413 [JavaFX Application Thread] DEBUG Input                - Registered new binding: Drag - CTRL+LMB
08:56:02.414 [JavaFX Application Thread] DEBUG FXGLAssetLoaderServi - Loading from file system: jar:file:/C:/Users/2268182/.gradle/caches/modules-2/files-2.1/com.github.almasb/fxgl/17.2/35db6ae960eec2dcfd19262d3b7f9c42f0e95bc3/fxgl-17.2.jar!/fxglassets/textures/fxgl_icon.png
08:56:02.442 [FXGL Background Thread 4 ] DEBUG FXGLAssetLoaderServi - Loading from file system: jar:file:/C:/Users/2268182/.gradle/caches/modules-2/files-2.1/com.github.almasb/fxgl/17.2/35db6ae960eec2dcfd19262d3b7f9c42f0e95bc3/fxgl-17.2.jar!/fxglassets/ui/fonts/Abel-Regular.ttf
08:56:02.445 [FXGL Background Thread 4 ] DEBUG FXGLAssetLoaderServi - Loading from file system: jar:file:/C:/Users/2268182/.gradle/caches/modules-2/files-2.1/com.github.almasb/fxgl/17.2/35db6ae960eec2dcfd19262d3b7f9c42f0e95bc3/fxgl-17.2.jar!/fxglassets/ui/fonts/TerminalLandMono-Regular.otf
08:56:02.449 [FXGL Background Thread 4 ] DEBUG FXGLAssetLoaderServi - Loading from file system: jar:file:/C:/Users/2268182/.gradle/caches/modules-2/files-2.1/com.github.almasb/fxgl/17.2/35db6ae960eec2dcfd19262d3b7f9c42f0e95bc3/fxgl-17.2.jar!/fxglassets/ui/fonts/Courier-Prime.ttf
08:56:02.459 [JavaFX Application Thread] DEBUG FXGLAssetLoaderServi - Loading from file system: jar:file:/C:/Users/2268182/.gradle/caches/modules-2/files-2.1/com.github.almasb/fxgl/17.2/35db6ae960eec2dcfd19262d3b7f9c42f0e95bc3/fxgl-17.2.jar!/fxglassets/textures/fxgl_default_cursor.png
08:56:02.468 [JavaFX Application Thread] DEBUG Input                - Registered new binding: Screenshot - CTRL+8
08:56:02.469 [JavaFX Application Thread] DEBUG Input                - Registered new binding: System info dump - CTRL+9
08:56:02.470 [JavaFX Application Thread] DEBUG Input                - Registered new binding: Restart - CTRL+R
08:56:02.471 [JavaFX Application Thread] DEBUG Input                - Registered new binding: Toggle Debug Camera - CTRL+7
08:56:02.474 [JavaFX Application Thread] DEBUG LoopRunner           - Starting loop
08:56:02.474 [JavaFX Application Thread] DEBUG LoopRunner           - Initializing JavaFX AnimationTimerLoop
08:56:02.476 [JavaFX Application Thread] DEBUG GameApplicationServi - Starting new game
08:56:02.477 [JavaFX Application Thread] DEBUG Input                - Clearing active input actions
08:56:02.485 [JavaFX Application Thread] DEBUG GameApplicationServi - Removing overlay from FXGLStartupScene and adding to FXGLLoadingScene
08:56:02.485 [JavaFX Application Thread] DEBUG PrimaryStageWindow   - FXGLStartupScene -> FXGLLoadingScene
08:56:02.485 [JavaFX Application Thread] DEBUG GameApplicationServi - Clearing previous game
08:56:02.486 [JavaFX Application Thread] DEBUG GameScene            - Clearing game scene
08:56:02.486 [JavaFX Application Thread] DEBUG GameWorld            - Clearing game world
08:56:02.486 [JavaFX Application Thread] DEBUG PhysicsWorld         - Clearing physics world
08:56:02.488 [FXGL Background Thread 4 ] DEBUG FXGLApplication      - Initializing game
08:56:02.488 [JavaFX Application Thread] DEBUG FXGLApplication      - Registering font factories with UI factory
08:56:02.538 [FXGL Background Thread 4 ] DEBUG FXGLAssetLoaderServi - Loading from file system: file:/C:/Users/2268182/Documents/GitHub/animals-revenge/build/resources/main/assets/ui/Home.fxml
08:56:02.715 [FXGL Background Thread 2 ] INFO  UpdaterService       - Your current version:  17.2
08:56:02.715 [FXGL Background Thread 2 ] INFO  UpdaterService       - Latest stable version: 17.3
08:56:02.863 [FXGL Background Thread 4 ] INFO  FXGLApplication      - Game initialization took: 0.376 sec
08:56:02.864 [JavaFX Application Thread] DEBUG Input                - Clearing active input actions
08:56:02.873 [JavaFX Application Thread] DEBUG GameApplicationServi - Removing overlay from FXGLLoadingScene and adding to GameScene
08:56:02.873 [JavaFX Application Thread] DEBUG PrimaryStageWindow   - FXGLLoadingScene -> GameScene
08:56:04.376 [JavaFX Application Thread] DEBUG FXGLAssetLoaderServi - Loading from file system: file:/C:/Users/2268182/Documents/GitHub/animals-revenge/build/resources/main/assets/ui/CustomProjectile.fxml
08:56:05.384 [FXGL Background Thread 3 ] DEBUG Engine               - Logging environment variables
08:56:05.384 [FXGL Background Thread 3 ] DEBUG Engine               - achievements: []
08:56:05.385 [FXGL Background Thread 3 ] DEBUG Engine               - actualHeight: 820.0
08:56:05.385 [FXGL Background Thread 3 ] DEBUG Engine               - actualHeightProperty: ReadOnlyDoubleProperty [value: 820.0]
08:56:05.385 [FXGL Background Thread 3 ] DEBUG Engine               - actualWidth: 1480.0
08:56:05.385 [FXGL Background Thread 3 ] DEBUG Engine               - actualWidthProperty: ReadOnlyDoubleProperty [value: 1480.0]
08:56:05.385 [FXGL Background Thread 3 ] DEBUG Engine               - appIcon: fxgl_icon.png
08:56:05.385 [FXGL Background Thread 3 ] DEBUG Engine               - applicationMode: DEVELOPER
08:56:05.385 [FXGL Background Thread 3 ] DEBUG Engine               - cSSList: [fxgl_dark.css]
08:56:05.385 [FXGL Background Thread 3 ] DEBUG Engine               - collisionDetectionStrategy: BRUTE_FORCE
08:56:05.385 [FXGL Background Thread 3 ] DEBUG Engine               - configClass: Optional.empty
08:56:05.386 [FXGL Background Thread 3 ] DEBUG Engine               - credits: []
08:56:05.387 [FXGL Background Thread 3 ] DEBUG Engine               - defaultCursor: CursorInfo(imageName=fxgl_default_cursor.png, hotspotX=7.0, hotspotY=6.0)
08:56:05.388 [FXGL Background Thread 3 ] DEBUG Engine               - devBBoxColorProperty: ObjectProperty [value: 0xff0000ff]
08:56:05.388 [FXGL Background Thread 3 ] DEBUG Engine               - devEnableDebugCameraProperty: BooleanProperty [value: false]
08:56:05.388 [FXGL Background Thread 3 ] DEBUG Engine               - devSensorColorProperty: ObjectProperty [value: 0xffff00ff]
08:56:05.388 [FXGL Background Thread 3 ] DEBUG Engine               - devShowBBoxProperty: BooleanProperty [value: false]
08:56:05.388 [FXGL Background Thread 3 ] DEBUG Engine               - devShowPositionProperty: BooleanProperty [value: false]
08:56:05.388 [FXGL Background Thread 3 ] DEBUG Engine               - enabledMenuItems: []
08:56:05.388 [FXGL Background Thread 3 ] DEBUG Engine               - engineServices: [class com.almasb.fxgl.app.services.FXGLAssetLoaderService, class com.almasb.fxgl.app.FXGLApplication$GameApplicationService, class com.almasb.fxgl.app.services.FXGLDialogService, class com.almasb.fxgl.app.services.IOTaskExecutorService, class com.almasb.fxgl.io.FileSystemService, class com.almasb.fxgl.localization.LocalizationService, class com.almasb.fxgl.app.services.SystemBundleService, class com.almasb.fxgl.profile.SaveLoadService, class com.almasb.fxgl.ui.FXGLUIFactoryServiceProvider, class com.almasb.fxgl.ui.FXGLDialogFactoryServiceProvider, class com.almasb.fxgl.audio.AudioPlayer, class com.almasb.fxgl.notification.impl.NotificationServiceProvider, class com.almasb.fxgl.achievement.AchievementService, class com.almasb.fxgl.cutscene.CutsceneService, class com.almasb.fxgl.minigames.MiniGameService, class com.almasb.fxgl.net.NetService, class com.almasb.fxgl.app.services.UpdaterService, class com.almasb.fxgl.dev.DevService]
08:56:05.388 [FXGL Background Thread 3 ] DEBUG Engine               - fontGame: Abel-Regular.ttf
08:56:05.388 [FXGL Background Thread 3 ] DEBUG Engine               - fontMono: TerminalLandMono-Regular.otf
08:56:05.388 [FXGL Background Thread 3 ] DEBUG Engine               - fontText: Courier-Prime.ttf
08:56:05.388 [FXGL Background Thread 3 ] DEBUG Engine               - fontUI: VarelaRound-Regular.ttf
08:56:05.388 [FXGL Background Thread 3 ] DEBUG Engine               - fullScreen: BooleanProperty [value: false]
08:56:05.388 [FXGL Background Thread 3 ] DEBUG Engine               - gameDifficulty: MEDIUM
08:56:05.388 [FXGL Background Thread 3 ] DEBUG Engine               - gameDifficultyProperty: ObjectProperty [value: MEDIUM]
08:56:05.388 [FXGL Background Thread 3 ] DEBUG Engine               - globalMusicVolume: 0.5
08:56:05.388 [FXGL Background Thread 3 ] DEBUG Engine               - globalMusicVolumeProperty: DoubleProperty [value: 0.5]
08:56:05.388 [FXGL Background Thread 3 ] DEBUG Engine               - globalSoundVolume: 0.5
08:56:05.388 [FXGL Background Thread 3 ] DEBUG Engine               - globalSoundVolumeProperty: DoubleProperty [value: 0.5]
08:56:05.388 [FXGL Background Thread 3 ] DEBUG Engine               - height: 820
08:56:05.389 [FXGL Background Thread 3 ] DEBUG Engine               - is3D: false
08:56:05.389 [FXGL Background Thread 3 ] DEBUG Engine               - isAndroid: false
08:56:05.389 [FXGL Background Thread 3 ] DEBUG Engine               - isBrowser: false
08:56:05.389 [FXGL Background Thread 3 ] DEBUG Engine               - isClickFeedbackEnabled: false
08:56:05.389 [FXGL Background Thread 3 ] DEBUG Engine               - isCloseConfirmation: false
08:56:05.389 [FXGL Background Thread 3 ] DEBUG Engine               - isDesktop: true
08:56:05.389 [FXGL Background Thread 3 ] DEBUG Engine               - isDeveloperMenuEnabled: false
08:56:05.389 [FXGL Background Thread 3 ] DEBUG Engine               - isEmbedded: false
08:56:05.389 [FXGL Background Thread 3 ] DEBUG Engine               - isEntityPreloadEnabled: true
08:56:05.389 [FXGL Background Thread 3 ] DEBUG Engine               - isExperimentalTiledLargeMap: false
08:56:05.389 [FXGL Background Thread 3 ] DEBUG Engine               - isFileSystemWriteAllowed: true
08:56:05.389 [FXGL Background Thread 3 ] DEBUG Engine               - isFullScreenAllowed: false
08:56:05.389 [FXGL Background Thread 3 ] DEBUG Engine               - isFullScreenFromStart: false
08:56:05.389 [FXGL Background Thread 3 ] DEBUG Engine               - isGameMenuEnabled: false
08:56:05.389 [FXGL Background Thread 3 ] DEBUG Engine               - isIOS: false
08:56:05.389 [FXGL Background Thread 3 ] DEBUG Engine               - isIntroEnabled: false
08:56:05.389 [FXGL Background Thread 3 ] DEBUG Engine               - isLinux: false
08:56:05.389 [FXGL Background Thread 3 ] DEBUG Engine               - isMac: false
08:56:05.389 [FXGL Background Thread 3 ] DEBUG Engine               - isMainMenuEnabled: false
08:56:05.389 [FXGL Background Thread 3 ] DEBUG Engine               - isManualResizeEnabled: false
08:56:05.389 [FXGL Background Thread 3 ] DEBUG Engine               - isMobile: false
08:56:05.390 [FXGL Background Thread 3 ] DEBUG Engine               - isNative: false
08:56:05.390 [FXGL Background Thread 3 ] DEBUG Engine               - isPauseMusicWhenMinimized: true
08:56:05.390 [FXGL Background Thread 3 ] DEBUG Engine               - isPreserveResizeRatio: false
08:56:05.390 [FXGL Background Thread 3 ] DEBUG Engine               - isProfilingEnabled: false
08:56:05.390 [FXGL Background Thread 3 ] DEBUG Engine               - isScaleAffectedOnResize: true
08:56:05.390 [FXGL Background Thread 3 ] DEBUG Engine               - isSingleStep: false
08:56:05.390 [FXGL Background Thread 3 ] DEBUG Engine               - isUserProfileEnabled: false
08:56:05.390 [FXGL Background Thread 3 ] DEBUG Engine               - isWindows: true
08:56:05.390 [FXGL Background Thread 3 ] DEBUG Engine               - language: ObjectProperty [value: ENGLISH]
08:56:05.390 [FXGL Background Thread 3 ] DEBUG Engine               - menuKey: ESCAPE
08:56:05.390 [FXGL Background Thread 3 ] DEBUG Engine               - mouseSensitivity: 0.2
08:56:05.390 [FXGL Background Thread 3 ] DEBUG Engine               - notificationViewClass: class com.almasb.fxgl.notification.view.XboxNotificationView
08:56:05.390 [FXGL Background Thread 3 ] DEBUG Engine               - pixelsPerMeter: 50.0
08:56:05.390 [FXGL Background Thread 3 ] DEBUG Engine               - platform: WINDOWS
08:56:05.390 [FXGL Background Thread 3 ] DEBUG Engine               - prefHeightProperty: ReadOnlyDoubleProperty [value: 820.0]
08:56:05.390 [FXGL Background Thread 3 ] DEBUG Engine               - prefWidthProperty: ReadOnlyDoubleProperty [value: 1480.0]
08:56:05.390 [FXGL Background Thread 3 ] DEBUG Engine               - profileDir: profiles/
08:56:05.390 [FXGL Background Thread 3 ] DEBUG Engine               - profileName: StringProperty [value: DEFAULT]
08:56:05.390 [FXGL Background Thread 3 ] DEBUG Engine               - randomSeed: -1
08:56:05.391 [FXGL Background Thread 3 ] DEBUG Engine               - runtimeInfo: RuntimeInfo(platform=WINDOWS, version=17.2, build=20.08.2022 16.50)
08:56:05.391 [FXGL Background Thread 3 ] DEBUG Engine               - saveFileExt: sav
08:56:05.391 [FXGL Background Thread 3 ] DEBUG Engine               - scaledHeightProp$fxgl: DoubleProperty [bound, value: 820.0]
08:56:05.391 [FXGL Background Thread 3 ] DEBUG Engine               - scaledWidthProp$fxgl: DoubleProperty [bound, value: 1480.0]
08:56:05.391 [FXGL Background Thread 3 ] DEBUG Engine               - sceneFactory: com.almasb.fxgl.app.scene.SceneFactory@41a3a0af
08:56:05.391 [FXGL Background Thread 3 ] DEBUG Engine               - secondsIn24h: 60
08:56:05.391 [FXGL Background Thread 3 ] DEBUG Engine               - soundMenuBack: menu/back.wav
08:56:05.391 [FXGL Background Thread 3 ] DEBUG Engine               - soundMenuPress: menu/press.wav
08:56:05.391 [FXGL Background Thread 3 ] DEBUG Engine               - soundMenuSelect: menu/select.wav
08:56:05.391 [FXGL Background Thread 3 ] DEBUG Engine               - soundNotification: core/notification.wav
08:56:05.391 [FXGL Background Thread 3 ] DEBUG Engine               - stageStyle: DECORATED
08:56:05.391 [FXGL Background Thread 3 ] DEBUG Engine               - supportedLanguages: [ENGLISH, FRENCH, GERMAN, HUNGARIAN, RUSSIAN]
08:56:05.391 [FXGL Background Thread 3 ] DEBUG Engine               - ticksPerSecond: -1
08:56:05.391 [FXGL Background Thread 3 ] DEBUG Engine               - title: Untitled
08:56:05.391 [FXGL Background Thread 3 ] DEBUG Engine               - urlGithub: https://github.com/AlmasB/FXGL
08:56:05.392 [FXGL Background Thread 3 ] DEBUG Engine               - urlLeaderboard: http://fxgl-top.herokuapp.com/
08:56:05.392 [FXGL Background Thread 3 ] DEBUG Engine               - urlPOM: https://raw.githubusercontent.com/AlmasB/FXGL/release/README.md
08:56:05.392 [FXGL Background Thread 3 ] DEBUG Engine               - userAppClass: class edu.vanier.animals_revenge.MainApp
08:56:05.392 [FXGL Background Thread 3 ] DEBUG Engine               - version: 0.0
08:56:05.392 [FXGL Background Thread 3 ] DEBUG Engine               - versionCheckDays: 7
08:56:05.392 [FXGL Background Thread 3 ] DEBUG Engine               - width: 1480
08:56:05.392 [FXGL Background Thread 3 ] DEBUG Engine               - Logging services
08:56:05.392 [FXGL Background Thread 3 ] DEBUG Engine               - class com.almasb.fxgl.app.services.FXGLAssetLoaderService
08:56:05.392 [FXGL Background Thread 3 ] DEBUG Engine               - class com.almasb.fxgl.app.FXGLApplication$GameApplicationService
08:56:05.392 [FXGL Background Thread 3 ] DEBUG Engine               - class com.almasb.fxgl.app.services.FXGLDialogService
08:56:05.392 [FXGL Background Thread 3 ] DEBUG Engine               - class com.almasb.fxgl.app.services.IOTaskExecutorService
08:56:05.392 [FXGL Background Thread 3 ] DEBUG Engine               - class com.almasb.fxgl.io.FileSystemService
08:56:05.392 [FXGL Background Thread 3 ] DEBUG Engine               - class com.almasb.fxgl.localization.LocalizationService
08:56:05.392 [FXGL Background Thread 3 ] DEBUG Engine               - class com.almasb.fxgl.app.services.SystemBundleService
08:56:05.392 [FXGL Background Thread 3 ] DEBUG Engine               - class com.almasb.fxgl.profile.SaveLoadService
08:56:05.392 [FXGL Background Thread 3 ] DEBUG Engine               - class com.almasb.fxgl.ui.FXGLUIFactoryServiceProvider
08:56:05.392 [FXGL Background Thread 3 ] DEBUG Engine               - class com.almasb.fxgl.ui.FXGLDialogFactoryServiceProvider
08:56:05.392 [FXGL Background Thread 3 ] DEBUG Engine               - class com.almasb.fxgl.audio.AudioPlayer
08:56:05.392 [FXGL Background Thread 3 ] DEBUG Engine               - class com.almasb.fxgl.notification.impl.NotificationServiceProvider
08:56:05.392 [FXGL Background Thread 3 ] DEBUG Engine               - class com.almasb.fxgl.achievement.AchievementService
08:56:05.392 [FXGL Background Thread 3 ] DEBUG Engine               - class com.almasb.fxgl.cutscene.CutsceneService
08:56:05.392 [FXGL Background Thread 3 ] DEBUG Engine               - class com.almasb.fxgl.minigames.MiniGameService
08:56:05.392 [FXGL Background Thread 3 ] DEBUG Engine               - class com.almasb.fxgl.net.NetService
08:56:05.392 [FXGL Background Thread 3 ] DEBUG Engine               - class com.almasb.fxgl.app.services.UpdaterService
08:56:05.392 [FXGL Background Thread 3 ] DEBUG Engine               - class com.almasb.fxgl.dev.DevService
08:56:08.126 [JavaFX Application Thread] DEBUG FXGLAssetLoaderServi - Loading from file system: file:/C:/Users/2268182/Documents/GitHub/animals-revenge/build/resources/main/assets/ui/Home.fxml
08:56:08.981 [JavaFX Application Thread] DEBUG FXGLAssetLoaderServi - Loading from file system: file:/C:/Users/2268182/Documents/GitHub/animals-revenge/build/resources/main/assets/ui/Simulator.fxml
08:56:09.012 [JavaFX Application Thread] DEBUG FXGLAssetLoaderServi - Loading from file system: file:/C:/Users/2268182/Documents/GitHub/animals-revenge/build/resources/main/assets/textures/cannon.png
08:57:50.988 [JavaFX Application Thread] DEBUG FXGLApplication      - Exiting FXGL
08:57:50.988 [JavaFX Application Thread] DEBUG LoopRunner           - Stopping loop
08:57:50.988 [JavaFX Application Thread] DEBUG SystemBundleService  - Saving FXGL system data
08:57:50.990 [JavaFX Application Thread] DEBUG FileSystemAccess     - Writing to: C:\Users\2268182\Documents\GitHub\animals-revenge\system\fxgl.bundle
08:57:50.990 [JavaFX Application Thread] DEBUG Async                - Shutting down background threads
08:57:50.990 [JavaFX Application Thread] DEBUG PrimaryStageWindow   - Closing main window
08:57:50.999 [JavaFX Application Thread] DEBUG Logger               - Closing Logger
