16:17:29.833 [main                     ] DEBUG Logger               - Configured Logger
16:17:29.841 [main                     ] DEBUG GameApplication      - Logging settings
Title: Untitled
Version: 0.0
Width: 1480
Height: 820
Fullscreen: false
Intro: false
Profiling: false
Single step:false
App Mode: DEVELOPER
Menu Key: ESCAPE
Stage Style: DECORATED
Scene Factory: class com.almasb.fxgl.app.scene.SceneFactory

16:17:30.047 [JavaFX Application Thread] DEBUG FXGLApplication      - Initializing FXGL
16:17:30.050 [JavaFX Application Thread] INFO  Engine               - FXGL-17.2 (20.08.2022 16.50) on WINDOWS (J:18.0.2.1 FX:20.0.2)
16:17:30.051 [JavaFX Application Thread] DEBUG Engine               - JRE Vendor Name: Oracle Corporation
16:17:30.051 [JavaFX Application Thread] DEBUG Engine               - Running on OS: Windows 11 version 10.0
16:17:30.051 [JavaFX Application Thread] DEBUG Engine               - Architecture: amd64
16:17:30.051 [JavaFX Application Thread] INFO  Engine               - Source code and latest versions at: https://github.com/AlmasB/FXGL
16:17:30.051 [JavaFX Application Thread] INFO  Engine               -       Ask questions and discuss at: https://github.com/AlmasB/FXGL/discussions
16:17:30.051 [JavaFX Application Thread] INFO  Engine               -              Join the FXGL chat at: https://gitter.im/AlmasB/FXGL
16:17:30.108 [JavaFX Application Thread] DEBUG PrimaryStageWindow   - Creating a JavaFX scene
16:17:30.137 [JavaFX Application Thread] DEBUG PrimaryStageWindow   - Target settings size: 1480.0 x 820.0
16:17:30.137 [JavaFX Application Thread] DEBUG PrimaryStageWindow   - Scaled scene size:    1480.0 x 820.0
16:17:30.137 [JavaFX Application Thread] DEBUG PrimaryStageWindow   - Scaled ratio: (1.0, 1.0)
16:17:30.138 [JavaFX Application Thread] DEBUG PrimaryStageWindow   - Set initial scene to FXGLStartupScene
16:17:30.141 [JavaFX Application Thread] DEBUG PrimaryStageWindow   - Opening main window
16:17:30.193 [JavaFX Application Thread] DEBUG PrimaryStageWindow   - Window border size: (16.0, 39.0)
16:17:30.194 [JavaFX Application Thread] DEBUG PrimaryStageWindow   - Scaled size: 1480.0 x 820.0
16:17:30.194 [JavaFX Application Thread] DEBUG PrimaryStageWindow   - Scaled ratio: (1.0, 1.0)
16:17:30.194 [JavaFX Application Thread] DEBUG PrimaryStageWindow   - Scene size: 1480.0 x 820.0
16:17:30.194 [JavaFX Application Thread] DEBUG PrimaryStageWindow   - Stage size: 1496.0 x 859.0
16:17:30.198 [FXGL Background Thread 1 ] DEBUG Engine               - Initializing environment variables
16:17:30.223 [FXGL Background Thread 1 ] DEBUG FXGLAssetLoaderServi - User app class for loading assets: class edu.vanier.animals_revenge.MainApp
16:17:30.223 [FXGL Background Thread 1 ] DEBUG GameApplicationServi - Applying CSS: fxgl_dark.css
16:17:30.224 [FXGL Background Thread 1 ] DEBUG FXGLAssetLoaderServi - Loading from file system: jar:file:/C:/Users/ethan/.gradle/caches/modules-2/files-2.1/com.github.almasb/fxgl/17.2/35db6ae960eec2dcfd19262d3b7f9c42f0e95bc3/fxgl-17.2.jar!/fxglassets/ui/css/fxgl_dark.css
16:17:30.246 [FXGL Background Thread 1 ] DEBUG GameApplicationServi - Initializing application scenes
16:17:30.264 [FXGL Background Thread 1 ] DEBUG GameWorld            - Game world initialized
16:17:30.302 [FXGL Background Thread 1 ] DEBUG PhysicsWorld         - Physics world initialized: appHeight=820, physics.ppm=50.0
16:17:30.302 [FXGL Background Thread 1 ] DEBUG PhysicsWorld         - Using strategy: BRUTE_FORCE
16:17:30.304 [FXGL Background Thread 1 ] DEBUG GameScene            - Game scene initialized: 1480x820
16:17:30.304 [FXGL Background Thread 1 ] DEBUG GameApplicationServi - Application scenes initialized
16:17:30.315 [FXGL Background Thread 1 ] DEBUG SystemBundleService  - Loading FXGL system data
16:17:30.317 [FXGL Background Thread 1 ] DEBUG FileSystemAccess     - Reading from: C:\Users\ethan\IdeaProjects\animals-revenge\system\fxgl.bundle
16:17:30.322 [FXGL Background Thread 1 ] DEBUG SystemBundleService  - Bundle FXGL: {}
16:17:30.323 [FXGL Background Thread 1 ] DEBUG UpdaterService       - Checking for updates
16:17:30.326 [FXGL Background Thread 4 ] DEBUG FXGLApplication      - Loading fonts
16:17:30.326 [FXGL Background Thread 4 ] DEBUG FXGLAssetLoaderServi - Loading from file system: jar:file:/C:/Users/ethan/.gradle/caches/modules-2/files-2.1/com.github.almasb/fxgl/17.2/35db6ae960eec2dcfd19262d3b7f9c42f0e95bc3/fxgl-17.2.jar!/fxglassets/ui/fonts/VarelaRound-Regular.ttf
16:17:30.326 [FXGL Background Thread 1 ] DEBUG FXGLApplication      - Loading default localization
16:17:30.327 [FXGL Background Thread 1 ] DEBUG FXGLAssetLoaderServi - Loading from file system: jar:file:/C:/Users/ethan/.gradle/caches/modules-2/files-2.1/com.github.almasb/fxgl/17.2/35db6ae960eec2dcfd19262d3b7f9c42f0e95bc3/fxgl-17.2.jar!/fxglassets/languages/english.lang
16:17:30.341 [FXGL Background Thread 1 ] INFO  FXGLApplication      - FXGL initialization took: 0.142 sec
16:17:30.344 [JavaFX Application Thread] DEBUG Input                - Registered new binding: Launch - RMB
16:17:30.344 [JavaFX Application Thread] DEBUG Input                - Registered new binding: Create - LMB
16:17:30.344 [JavaFX Application Thread] DEBUG Input                - Registered new binding: Drag - CTRL+LMB
16:17:30.345 [JavaFX Application Thread] DEBUG FXGLAssetLoaderServi - Loading from file system: jar:file:/C:/Users/ethan/.gradle/caches/modules-2/files-2.1/com.github.almasb/fxgl/17.2/35db6ae960eec2dcfd19262d3b7f9c42f0e95bc3/fxgl-17.2.jar!/fxglassets/textures/fxgl_icon.png
16:17:30.355 [FXGL Background Thread 4 ] DEBUG FXGLAssetLoaderServi - Loading from file system: jar:file:/C:/Users/ethan/.gradle/caches/modules-2/files-2.1/com.github.almasb/fxgl/17.2/35db6ae960eec2dcfd19262d3b7f9c42f0e95bc3/fxgl-17.2.jar!/fxglassets/ui/fonts/Abel-Regular.ttf
16:17:30.361 [FXGL Background Thread 4 ] DEBUG FXGLAssetLoaderServi - Loading from file system: jar:file:/C:/Users/ethan/.gradle/caches/modules-2/files-2.1/com.github.almasb/fxgl/17.2/35db6ae960eec2dcfd19262d3b7f9c42f0e95bc3/fxgl-17.2.jar!/fxglassets/ui/fonts/TerminalLandMono-Regular.otf
16:17:30.366 [FXGL Background Thread 4 ] DEBUG FXGLAssetLoaderServi - Loading from file system: jar:file:/C:/Users/ethan/.gradle/caches/modules-2/files-2.1/com.github.almasb/fxgl/17.2/35db6ae960eec2dcfd19262d3b7f9c42f0e95bc3/fxgl-17.2.jar!/fxglassets/ui/fonts/Courier-Prime.ttf
16:17:30.371 [JavaFX Application Thread] DEBUG FXGLAssetLoaderServi - Loading from file system: jar:file:/C:/Users/ethan/.gradle/caches/modules-2/files-2.1/com.github.almasb/fxgl/17.2/35db6ae960eec2dcfd19262d3b7f9c42f0e95bc3/fxgl-17.2.jar!/fxglassets/textures/fxgl_default_cursor.png
16:17:30.375 [JavaFX Application Thread] DEBUG Input                - Registered new binding: Screenshot - CTRL+8
16:17:30.376 [JavaFX Application Thread] DEBUG Input                - Registered new binding: System info dump - CTRL+9
16:17:30.376 [JavaFX Application Thread] DEBUG Input                - Registered new binding: Restart - CTRL+R
16:17:30.377 [JavaFX Application Thread] DEBUG Input                - Registered new binding: Toggle Debug Camera - CTRL+7
16:17:30.378 [JavaFX Application Thread] DEBUG LoopRunner           - Starting loop
16:17:30.378 [JavaFX Application Thread] DEBUG LoopRunner           - Initializing JavaFX AnimationTimerLoop
16:17:30.383 [JavaFX Application Thread] DEBUG GameApplicationServi - Starting new game
16:17:30.383 [JavaFX Application Thread] DEBUG Input                - Clearing active input actions
16:17:30.390 [JavaFX Application Thread] DEBUG GameApplicationServi - Removing overlay from FXGLStartupScene and adding to FXGLLoadingScene
16:17:30.391 [JavaFX Application Thread] DEBUG PrimaryStageWindow   - FXGLStartupScene -> FXGLLoadingScene
16:17:30.391 [JavaFX Application Thread] DEBUG GameApplicationServi - Clearing previous game
16:17:30.391 [JavaFX Application Thread] DEBUG GameScene            - Clearing game scene
16:17:30.391 [JavaFX Application Thread] DEBUG GameWorld            - Clearing game world
16:17:30.391 [JavaFX Application Thread] DEBUG PhysicsWorld         - Clearing physics world
16:17:30.392 [FXGL Background Thread 4 ] DEBUG FXGLApplication      - Initializing game
16:17:30.393 [JavaFX Application Thread] DEBUG FXGLApplication      - Registering font factories with UI factory
16:17:30.416 [FXGL Background Thread 4 ] DEBUG FXGLAssetLoaderServi - Loading from file system: file:/C:/Users/ethan/IdeaProjects/animals-revenge/build/resources/main/assets/ui/Home.fxml
16:17:30.581 [FXGL Background Thread 2 ] INFO  UpdaterService       - Your current version:  17.2
16:17:30.582 [FXGL Background Thread 2 ] INFO  UpdaterService       - Latest stable version: 17.3
16:17:30.667 [FXGL Background Thread 4 ] INFO  FXGLApplication      - Game initialization took: 0.275 sec
16:17:30.670 [JavaFX Application Thread] DEBUG Input                - Clearing active input actions
16:17:30.677 [JavaFX Application Thread] DEBUG GameApplicationServi - Removing overlay from FXGLLoadingScene and adding to GameScene
16:17:30.677 [JavaFX Application Thread] DEBUG PrimaryStageWindow   - FXGLLoadingScene -> GameScene
16:17:31.738 [JavaFX Application Thread] DEBUG FXGLAssetLoaderServi - Loading from file system: file:/C:/Users/ethan/IdeaProjects/animals-revenge/build/resources/main/assets/ui/Simulator.fxml
16:17:31.795 [JavaFX Application Thread] DEBUG FXGLAssetLoaderServi - Loading from file system: file:/C:/Users/ethan/IdeaProjects/animals-revenge/build/resources/main/assets/textures/cannon.png
16:17:33.327 [FXGL Background Thread 3 ] DEBUG Engine               - Logging environment variables
16:17:33.327 [FXGL Background Thread 3 ] DEBUG Engine               - achievements: []
16:17:33.327 [FXGL Background Thread 3 ] DEBUG Engine               - actualHeight: 820.0
16:17:33.327 [FXGL Background Thread 3 ] DEBUG Engine               - actualHeightProperty: ReadOnlyDoubleProperty [value: 820.0]
16:17:33.327 [FXGL Background Thread 3 ] DEBUG Engine               - actualWidth: 1480.0
16:17:33.327 [FXGL Background Thread 3 ] DEBUG Engine               - actualWidthProperty: ReadOnlyDoubleProperty [value: 1480.0]
16:17:33.327 [FXGL Background Thread 3 ] DEBUG Engine               - appIcon: fxgl_icon.png
16:17:33.327 [FXGL Background Thread 3 ] DEBUG Engine               - applicationMode: DEVELOPER
16:17:33.327 [FXGL Background Thread 3 ] DEBUG Engine               - cSSList: [fxgl_dark.css]
16:17:33.327 [FXGL Background Thread 3 ] DEBUG Engine               - collisionDetectionStrategy: BRUTE_FORCE
16:17:33.327 [FXGL Background Thread 3 ] DEBUG Engine               - configClass: Optional.empty
16:17:33.327 [FXGL Background Thread 3 ] DEBUG Engine               - credits: []
16:17:33.328 [FXGL Background Thread 3 ] DEBUG Engine               - defaultCursor: CursorInfo(imageName=fxgl_default_cursor.png, hotspotX=7.0, hotspotY=6.0)
16:17:33.328 [FXGL Background Thread 3 ] DEBUG Engine               - devBBoxColorProperty: ObjectProperty [value: 0xff0000ff]
16:17:33.328 [FXGL Background Thread 3 ] DEBUG Engine               - devEnableDebugCameraProperty: BooleanProperty [value: false]
16:17:33.328 [FXGL Background Thread 3 ] DEBUG Engine               - devSensorColorProperty: ObjectProperty [value: 0xffff00ff]
16:17:33.328 [FXGL Background Thread 3 ] DEBUG Engine               - devShowBBoxProperty: BooleanProperty [value: false]
16:17:33.328 [FXGL Background Thread 3 ] DEBUG Engine               - devShowPositionProperty: BooleanProperty [value: false]
16:17:33.328 [FXGL Background Thread 3 ] DEBUG Engine               - enabledMenuItems: []
16:17:33.328 [FXGL Background Thread 3 ] DEBUG Engine               - engineServices: [class com.almasb.fxgl.app.services.FXGLAssetLoaderService, class com.almasb.fxgl.app.FXGLApplication$GameApplicationService, class com.almasb.fxgl.app.services.FXGLDialogService, class com.almasb.fxgl.app.services.IOTaskExecutorService, class com.almasb.fxgl.io.FileSystemService, class com.almasb.fxgl.localization.LocalizationService, class com.almasb.fxgl.app.services.SystemBundleService, class com.almasb.fxgl.profile.SaveLoadService, class com.almasb.fxgl.ui.FXGLUIFactoryServiceProvider, class com.almasb.fxgl.ui.FXGLDialogFactoryServiceProvider, class com.almasb.fxgl.audio.AudioPlayer, class com.almasb.fxgl.notification.impl.NotificationServiceProvider, class com.almasb.fxgl.achievement.AchievementService, class com.almasb.fxgl.cutscene.CutsceneService, class com.almasb.fxgl.minigames.MiniGameService, class com.almasb.fxgl.net.NetService, class com.almasb.fxgl.app.services.UpdaterService, class com.almasb.fxgl.dev.DevService]
16:17:33.329 [FXGL Background Thread 3 ] DEBUG Engine               - fontGame: Abel-Regular.ttf
16:17:33.329 [FXGL Background Thread 3 ] DEBUG Engine               - fontMono: TerminalLandMono-Regular.otf
16:17:33.329 [FXGL Background Thread 3 ] DEBUG Engine               - fontText: Courier-Prime.ttf
16:17:33.329 [FXGL Background Thread 3 ] DEBUG Engine               - fontUI: VarelaRound-Regular.ttf
16:17:33.329 [FXGL Background Thread 3 ] DEBUG Engine               - fullScreen: BooleanProperty [value: false]
16:17:33.329 [FXGL Background Thread 3 ] DEBUG Engine               - gameDifficulty: MEDIUM
16:17:33.329 [FXGL Background Thread 3 ] DEBUG Engine               - gameDifficultyProperty: ObjectProperty [value: MEDIUM]
16:17:33.329 [FXGL Background Thread 3 ] DEBUG Engine               - globalMusicVolume: 0.5
16:17:33.329 [FXGL Background Thread 3 ] DEBUG Engine               - globalMusicVolumeProperty: DoubleProperty [value: 0.5]
16:17:33.329 [FXGL Background Thread 3 ] DEBUG Engine               - globalSoundVolume: 0.5
16:17:33.329 [FXGL Background Thread 3 ] DEBUG Engine               - globalSoundVolumeProperty: DoubleProperty [value: 0.5]
16:17:33.329 [FXGL Background Thread 3 ] DEBUG Engine               - height: 820
16:17:33.329 [FXGL Background Thread 3 ] DEBUG Engine               - is3D: false
16:17:33.329 [FXGL Background Thread 3 ] DEBUG Engine               - isAndroid: false
16:17:33.329 [FXGL Background Thread 3 ] DEBUG Engine               - isBrowser: false
16:17:33.329 [FXGL Background Thread 3 ] DEBUG Engine               - isClickFeedbackEnabled: false
16:17:33.329 [FXGL Background Thread 3 ] DEBUG Engine               - isCloseConfirmation: false
16:17:33.329 [FXGL Background Thread 3 ] DEBUG Engine               - isDesktop: true
16:17:33.329 [FXGL Background Thread 3 ] DEBUG Engine               - isDeveloperMenuEnabled: false
16:17:33.329 [FXGL Background Thread 3 ] DEBUG Engine               - isEmbedded: false
16:17:33.329 [FXGL Background Thread 3 ] DEBUG Engine               - isEntityPreloadEnabled: true
16:17:33.329 [FXGL Background Thread 3 ] DEBUG Engine               - isExperimentalTiledLargeMap: false
16:17:33.329 [FXGL Background Thread 3 ] DEBUG Engine               - isFileSystemWriteAllowed: true
16:17:33.329 [FXGL Background Thread 3 ] DEBUG Engine               - isFullScreenAllowed: false
16:17:33.329 [FXGL Background Thread 3 ] DEBUG Engine               - isFullScreenFromStart: false
16:17:33.329 [FXGL Background Thread 3 ] DEBUG Engine               - isGameMenuEnabled: false
16:17:33.329 [FXGL Background Thread 3 ] DEBUG Engine               - isIOS: false
16:17:33.329 [FXGL Background Thread 3 ] DEBUG Engine               - isIntroEnabled: false
16:17:33.329 [FXGL Background Thread 3 ] DEBUG Engine               - isLinux: false
16:17:33.329 [FXGL Background Thread 3 ] DEBUG Engine               - isMac: false
16:17:33.329 [FXGL Background Thread 3 ] DEBUG Engine               - isMainMenuEnabled: false
16:17:33.330 [FXGL Background Thread 3 ] DEBUG Engine               - isManualResizeEnabled: false
16:17:33.330 [FXGL Background Thread 3 ] DEBUG Engine               - isMobile: false
16:17:33.330 [FXGL Background Thread 3 ] DEBUG Engine               - isNative: false
16:17:33.330 [FXGL Background Thread 3 ] DEBUG Engine               - isPauseMusicWhenMinimized: true
16:17:33.330 [FXGL Background Thread 3 ] DEBUG Engine               - isPreserveResizeRatio: false
16:17:33.330 [FXGL Background Thread 3 ] DEBUG Engine               - isProfilingEnabled: false
16:17:33.330 [FXGL Background Thread 3 ] DEBUG Engine               - isScaleAffectedOnResize: true
16:17:33.330 [FXGL Background Thread 3 ] DEBUG Engine               - isSingleStep: false
16:17:33.330 [FXGL Background Thread 3 ] DEBUG Engine               - isUserProfileEnabled: false
16:17:33.330 [FXGL Background Thread 3 ] DEBUG Engine               - isWindows: true
16:17:33.330 [FXGL Background Thread 3 ] DEBUG Engine               - language: ObjectProperty [value: ENGLISH]
16:17:33.330 [FXGL Background Thread 3 ] DEBUG Engine               - menuKey: ESCAPE
16:17:33.330 [FXGL Background Thread 3 ] DEBUG Engine               - mouseSensitivity: 0.2
16:17:33.330 [FXGL Background Thread 3 ] DEBUG Engine               - notificationViewClass: class com.almasb.fxgl.notification.view.XboxNotificationView
16:17:33.330 [FXGL Background Thread 3 ] DEBUG Engine               - pixelsPerMeter: 50.0
16:17:33.330 [FXGL Background Thread 3 ] DEBUG Engine               - platform: WINDOWS
16:17:33.330 [FXGL Background Thread 3 ] DEBUG Engine               - prefHeightProperty: ReadOnlyDoubleProperty [value: 820.0]
16:17:33.330 [FXGL Background Thread 3 ] DEBUG Engine               - prefWidthProperty: ReadOnlyDoubleProperty [value: 1480.0]
16:17:33.330 [FXGL Background Thread 3 ] DEBUG Engine               - profileDir: profiles/
16:17:33.330 [FXGL Background Thread 3 ] DEBUG Engine               - profileName: StringProperty [value: DEFAULT]
16:17:33.330 [FXGL Background Thread 3 ] DEBUG Engine               - randomSeed: -1
16:17:33.330 [FXGL Background Thread 3 ] DEBUG Engine               - runtimeInfo: RuntimeInfo(platform=WINDOWS, version=17.2, build=20.08.2022 16.50)
16:17:33.330 [FXGL Background Thread 3 ] DEBUG Engine               - saveFileExt: sav
16:17:33.330 [FXGL Background Thread 3 ] DEBUG Engine               - scaledHeightProp$fxgl: DoubleProperty [bound, value: 820.0]
16:17:33.330 [FXGL Background Thread 3 ] DEBUG Engine               - scaledWidthProp$fxgl: DoubleProperty [bound, value: 1480.0]
16:17:33.330 [FXGL Background Thread 3 ] DEBUG Engine               - sceneFactory: com.almasb.fxgl.app.scene.SceneFactory@18bf993e
16:17:33.330 [FXGL Background Thread 3 ] DEBUG Engine               - secondsIn24h: 60
16:17:33.330 [FXGL Background Thread 3 ] DEBUG Engine               - soundMenuBack: menu/back.wav
16:17:33.330 [FXGL Background Thread 3 ] DEBUG Engine               - soundMenuPress: menu/press.wav
16:17:33.330 [FXGL Background Thread 3 ] DEBUG Engine               - soundMenuSelect: menu/select.wav
16:17:33.330 [FXGL Background Thread 3 ] DEBUG Engine               - soundNotification: core/notification.wav
16:17:33.330 [FXGL Background Thread 3 ] DEBUG Engine               - stageStyle: DECORATED
16:17:33.330 [FXGL Background Thread 3 ] DEBUG Engine               - supportedLanguages: [ENGLISH, FRENCH, GERMAN, HUNGARIAN, RUSSIAN]
16:17:33.331 [FXGL Background Thread 3 ] DEBUG Engine               - ticksPerSecond: -1
16:17:33.331 [FXGL Background Thread 3 ] DEBUG Engine               - title: Untitled
16:17:33.331 [FXGL Background Thread 3 ] DEBUG Engine               - urlGithub: https://github.com/AlmasB/FXGL
16:17:33.331 [FXGL Background Thread 3 ] DEBUG Engine               - urlLeaderboard: http://fxgl-top.herokuapp.com/
16:17:33.331 [FXGL Background Thread 3 ] DEBUG Engine               - urlPOM: https://raw.githubusercontent.com/AlmasB/FXGL/release/README.md
16:17:33.331 [FXGL Background Thread 3 ] DEBUG Engine               - userAppClass: class edu.vanier.animals_revenge.MainApp
16:17:33.331 [FXGL Background Thread 3 ] DEBUG Engine               - version: 0.0
16:17:33.331 [FXGL Background Thread 3 ] DEBUG Engine               - versionCheckDays: 7
16:17:33.331 [FXGL Background Thread 3 ] DEBUG Engine               - width: 1480
16:17:33.331 [FXGL Background Thread 3 ] DEBUG Engine               - Logging services
16:17:33.331 [FXGL Background Thread 3 ] DEBUG Engine               - class com.almasb.fxgl.app.services.FXGLAssetLoaderService
16:17:33.331 [FXGL Background Thread 3 ] DEBUG Engine               - class com.almasb.fxgl.app.FXGLApplication$GameApplicationService
16:17:33.331 [FXGL Background Thread 3 ] DEBUG Engine               - class com.almasb.fxgl.app.services.FXGLDialogService
16:17:33.331 [FXGL Background Thread 3 ] DEBUG Engine               - class com.almasb.fxgl.app.services.IOTaskExecutorService
16:17:33.331 [FXGL Background Thread 3 ] DEBUG Engine               - class com.almasb.fxgl.io.FileSystemService
16:17:33.331 [FXGL Background Thread 3 ] DEBUG Engine               - class com.almasb.fxgl.localization.LocalizationService
16:17:33.331 [FXGL Background Thread 3 ] DEBUG Engine               - class com.almasb.fxgl.app.services.SystemBundleService
16:17:33.331 [FXGL Background Thread 3 ] DEBUG Engine               - class com.almasb.fxgl.profile.SaveLoadService
16:17:33.331 [FXGL Background Thread 3 ] DEBUG Engine               - class com.almasb.fxgl.ui.FXGLUIFactoryServiceProvider
16:17:33.331 [FXGL Background Thread 3 ] DEBUG Engine               - class com.almasb.fxgl.ui.FXGLDialogFactoryServiceProvider
16:17:33.331 [FXGL Background Thread 3 ] DEBUG Engine               - class com.almasb.fxgl.audio.AudioPlayer
16:17:33.331 [FXGL Background Thread 3 ] DEBUG Engine               - class com.almasb.fxgl.notification.impl.NotificationServiceProvider
16:17:33.331 [FXGL Background Thread 3 ] DEBUG Engine               - class com.almasb.fxgl.achievement.AchievementService
16:17:33.331 [FXGL Background Thread 3 ] DEBUG Engine               - class com.almasb.fxgl.cutscene.CutsceneService
16:17:33.331 [FXGL Background Thread 3 ] DEBUG Engine               - class com.almasb.fxgl.minigames.MiniGameService
16:17:33.331 [FXGL Background Thread 3 ] DEBUG Engine               - class com.almasb.fxgl.net.NetService
16:17:33.331 [FXGL Background Thread 3 ] DEBUG Engine               - class com.almasb.fxgl.app.services.UpdaterService
16:17:33.331 [FXGL Background Thread 3 ] DEBUG Engine               - class com.almasb.fxgl.dev.DevService
16:17:38.743 [JavaFX Application Thread] DEBUG FXGLAssetLoaderServi - Loading from file system: file:/C:/Users/ethan/IdeaProjects/animals-revenge/build/resources/main/assets/textures/soccer.png
16:17:41.360 [JavaFX Application Thread] DEBUG LoopRunner           - Stopping loop
16:17:41.361 [JavaFX Application Thread] FATAL FXGLApplication      - Uncaught Exception:
java.lang.IllegalArgumentException: Component PhysicsComponent not found!
	at com.almasb.fxgl.entity.Entity.getComponent(Entity.java:366)
	at edu.vanier.animals_revenge.graphs.VelocityGraph.updateGraph(VelocityGraph.java:22)
	at javafx.graphics@20.0.2/com.sun.scenario.animation.shared.TimelineClipCore.visitKeyFrame(TimelineClipCore.java:239)
	at javafx.graphics@20.0.2/com.sun.scenario.animation.shared.TimelineClipCore.playTo(TimelineClipCore.java:180)
	at javafx.graphics@20.0.2/javafx.animation.Timeline.doPlayTo(Timeline.java:172)
	at javafx.graphics@20.0.2/javafx.animation.AnimationAccessorImpl.playTo(AnimationAccessorImpl.java:39)
	at javafx.graphics@20.0.2/com.sun.scenario.animation.shared.InfiniteClipEnvelope.timePulse(InfiniteClipEnvelope.java:104)
	at javafx.graphics@20.0.2/javafx.animation.Animation.doTimePulse(Animation.java:1189)
	at javafx.graphics@20.0.2/javafx.animation.Animation$1.lambda$timePulse$0(Animation.java:207)
	at java.base/java.security.AccessController.doPrivileged(AccessController.java:399)
	at javafx.graphics@20.0.2/javafx.animation.Animation$1.timePulse(Animation.java:206)
	at javafx.graphics@20.0.2/com.sun.scenario.animation.AbstractPrimaryTimer.timePulseImpl(AbstractPrimaryTimer.java:343)
	at javafx.graphics@20.0.2/com.sun.scenario.animation.AbstractPrimaryTimer$MainLoop.run(AbstractPrimaryTimer.java:266)
	at javafx.graphics@20.0.2/com.sun.javafx.tk.quantum.QuantumToolkit.pulse(QuantumToolkit.java:588)
	at javafx.graphics@20.0.2/com.sun.javafx.tk.quantum.QuantumToolkit.pulse(QuantumToolkit.java:572)
	at javafx.graphics@20.0.2/com.sun.javafx.tk.quantum.QuantumToolkit.pulseFromQueue(QuantumToolkit.java:565)
	at javafx.graphics@20.0.2/com.sun.javafx.tk.quantum.QuantumToolkit.lambda$runToolkit$11(QuantumToolkit.java:352)
	at javafx.graphics@20.0.2/com.sun.glass.ui.InvokeLaterDispatcher$Future.run(InvokeLaterDispatcher.java:95)
	at javafx.graphics@20.0.2/com.sun.glass.ui.win.WinApplication._runLoop(Native Method)
	at javafx.graphics@20.0.2/com.sun.glass.ui.win.WinApplication.lambda$runLoop$3(WinApplication.java:185)
	at java.base/java.lang.Thread.run(Thread.java:833)

16:17:41.361 [JavaFX Application Thread] FATAL FXGLApplication      - Application will now exit
16:17:41.367 [JavaFX Application Thread] DEBUG PrimaryStageWindow   - Push state: ErrorSubScene
16:17:41.367 [JavaFX Application Thread] DEBUG Input                - Clearing active input actions
16:17:41.368 [JavaFX Application Thread] DEBUG GameApplicationServi - Removing overlay from GameScene and adding to ErrorSubScene
16:17:41.368 [JavaFX Application Thread] DEBUG PrimaryStageWindow   - GameScene -> ErrorSubScene
16:17:46.413 [JavaFX Application Thread] DEBUG FXGLApplication      - Exiting FXGL
16:17:46.413 [JavaFX Application Thread] DEBUG Async                - Shutting down background threads
16:17:46.413 [JavaFX Application Thread] DEBUG PrimaryStageWindow   - Closing main window
16:17:46.422 [JavaFX Application Thread] DEBUG Logger               - Closing Logger
