00:10:45.588 [main                     ] DEBUG Logger               - Configured Logger
00:10:45.597 [main                     ] DEBUG GameApplication      - Logging settings
Title: Untitled
Version: 0.0
Width: 1480
Height: 820
Fullscreen: false
Intro: false
Profiling: false
Single step:false
App Mode: DEVELOPER
Menu Key: ESCAPE
Stage Style: DECORATED
Scene Factory: class com.almasb.fxgl.app.scene.SceneFactory

00:10:45.805 [JavaFX Application Thread] DEBUG FXGLApplication      - Initializing FXGL
00:10:45.808 [JavaFX Application Thread] INFO  Engine               - FXGL-17.2 (20.08.2022 16.50) on WINDOWS (J:18.0.2.1 FX:20.0.2)
00:10:45.808 [JavaFX Application Thread] DEBUG Engine               - JRE Vendor Name: Oracle Corporation
00:10:45.808 [JavaFX Application Thread] DEBUG Engine               - Running on OS: Windows 11 version 10.0
00:10:45.808 [JavaFX Application Thread] DEBUG Engine               - Architecture: amd64
00:10:45.808 [JavaFX Application Thread] INFO  Engine               - Source code and latest versions at: https://github.com/AlmasB/FXGL
00:10:45.809 [JavaFX Application Thread] INFO  Engine               -       Ask questions and discuss at: https://github.com/AlmasB/FXGL/discussions
00:10:45.809 [JavaFX Application Thread] INFO  Engine               -              Join the FXGL chat at: https://gitter.im/AlmasB/FXGL
00:10:45.867 [JavaFX Application Thread] DEBUG PrimaryStageWindow   - Creating a JavaFX scene
00:10:45.894 [JavaFX Application Thread] DEBUG PrimaryStageWindow   - Target settings size: 1480.0 x 820.0
00:10:45.895 [JavaFX Application Thread] DEBUG PrimaryStageWindow   - Scaled scene size:    1480.0 x 820.0
00:10:45.895 [JavaFX Application Thread] DEBUG PrimaryStageWindow   - Scaled ratio: (1.0, 1.0)
00:10:45.895 [JavaFX Application Thread] DEBUG PrimaryStageWindow   - Set initial scene to FXGLStartupScene
00:10:45.897 [JavaFX Application Thread] DEBUG PrimaryStageWindow   - Opening main window
00:10:45.949 [JavaFX Application Thread] DEBUG PrimaryStageWindow   - Window border size: (16.0, 39.0)
00:10:45.949 [JavaFX Application Thread] DEBUG PrimaryStageWindow   - Scaled size: 1480.0 x 820.0
00:10:45.949 [JavaFX Application Thread] DEBUG PrimaryStageWindow   - Scaled ratio: (1.0, 1.0)
00:10:45.949 [JavaFX Application Thread] DEBUG PrimaryStageWindow   - Scene size: 1480.0 x 820.0
00:10:45.949 [JavaFX Application Thread] DEBUG PrimaryStageWindow   - Stage size: 1496.0 x 859.0
00:10:45.954 [FXGL Background Thread 1 ] DEBUG Engine               - Initializing environment variables
00:10:45.979 [FXGL Background Thread 1 ] DEBUG FXGLAssetLoaderServi - User app class for loading assets: class edu.vanier.animals_revenge.MainApp
00:10:45.979 [FXGL Background Thread 1 ] DEBUG GameApplicationServi - Applying CSS: fxgl_dark.css
00:10:45.979 [FXGL Background Thread 1 ] DEBUG FXGLAssetLoaderServi - Loading from file system: jar:file:/C:/Users/ethan/.gradle/caches/modules-2/files-2.1/com.github.almasb/fxgl/17.2/35db6ae960eec2dcfd19262d3b7f9c42f0e95bc3/fxgl-17.2.jar!/fxglassets/ui/css/fxgl_dark.css
00:10:46.002 [FXGL Background Thread 1 ] DEBUG GameApplicationServi - Initializing application scenes
00:10:46.021 [FXGL Background Thread 1 ] DEBUG GameWorld            - Game world initialized
00:10:46.060 [FXGL Background Thread 1 ] DEBUG PhysicsWorld         - Physics world initialized: appHeight=820, physics.ppm=50.0
00:10:46.060 [FXGL Background Thread 1 ] DEBUG PhysicsWorld         - Using strategy: BRUTE_FORCE
00:10:46.062 [FXGL Background Thread 1 ] DEBUG GameScene            - Game scene initialized: 1480x820
00:10:46.062 [FXGL Background Thread 1 ] DEBUG GameApplicationServi - Application scenes initialized
00:10:46.073 [FXGL Background Thread 1 ] DEBUG SystemBundleService  - Loading FXGL system data
00:10:46.076 [FXGL Background Thread 1 ] DEBUG FileSystemAccess     - Reading from: C:\Users\ethan\IdeaProjects\animals-revenge\system\fxgl.bundle
00:10:46.080 [FXGL Background Thread 1 ] DEBUG SystemBundleService  - Bundle FXGL: {}
00:10:46.080 [FXGL Background Thread 1 ] DEBUG UpdaterService       - Checking for updates
00:10:46.085 [FXGL Background Thread 4 ] DEBUG FXGLApplication      - Loading fonts
00:10:46.085 [FXGL Background Thread 4 ] DEBUG FXGLAssetLoaderServi - Loading from file system: jar:file:/C:/Users/ethan/.gradle/caches/modules-2/files-2.1/com.github.almasb/fxgl/17.2/35db6ae960eec2dcfd19262d3b7f9c42f0e95bc3/fxgl-17.2.jar!/fxglassets/ui/fonts/VarelaRound-Regular.ttf
00:10:46.085 [FXGL Background Thread 1 ] DEBUG FXGLApplication      - Loading default localization
00:10:46.086 [FXGL Background Thread 1 ] DEBUG FXGLAssetLoaderServi - Loading from file system: jar:file:/C:/Users/ethan/.gradle/caches/modules-2/files-2.1/com.github.almasb/fxgl/17.2/35db6ae960eec2dcfd19262d3b7f9c42f0e95bc3/fxgl-17.2.jar!/fxglassets/languages/english.lang
00:10:46.105 [FXGL Background Thread 1 ] INFO  FXGLApplication      - FXGL initialization took: 0.152 sec
00:10:46.109 [JavaFX Application Thread] DEBUG Input                - Registered new binding: Launch - RMB
00:10:46.109 [JavaFX Application Thread] DEBUG Input                - Registered new binding: Create - LMB
00:10:46.110 [JavaFX Application Thread] DEBUG Input                - Registered new binding: Drag - CTRL+LMB
00:10:46.110 [JavaFX Application Thread] DEBUG FXGLAssetLoaderServi - Loading from file system: jar:file:/C:/Users/ethan/.gradle/caches/modules-2/files-2.1/com.github.almasb/fxgl/17.2/35db6ae960eec2dcfd19262d3b7f9c42f0e95bc3/fxgl-17.2.jar!/fxglassets/textures/fxgl_icon.png
00:10:46.114 [FXGL Background Thread 4 ] DEBUG FXGLAssetLoaderServi - Loading from file system: jar:file:/C:/Users/ethan/.gradle/caches/modules-2/files-2.1/com.github.almasb/fxgl/17.2/35db6ae960eec2dcfd19262d3b7f9c42f0e95bc3/fxgl-17.2.jar!/fxglassets/ui/fonts/Abel-Regular.ttf
00:10:46.119 [FXGL Background Thread 4 ] DEBUG FXGLAssetLoaderServi - Loading from file system: jar:file:/C:/Users/ethan/.gradle/caches/modules-2/files-2.1/com.github.almasb/fxgl/17.2/35db6ae960eec2dcfd19262d3b7f9c42f0e95bc3/fxgl-17.2.jar!/fxglassets/ui/fonts/TerminalLandMono-Regular.otf
00:10:46.125 [FXGL Background Thread 4 ] DEBUG FXGLAssetLoaderServi - Loading from file system: jar:file:/C:/Users/ethan/.gradle/caches/modules-2/files-2.1/com.github.almasb/fxgl/17.2/35db6ae960eec2dcfd19262d3b7f9c42f0e95bc3/fxgl-17.2.jar!/fxglassets/ui/fonts/Courier-Prime.ttf
00:10:46.135 [JavaFX Application Thread] DEBUG FXGLAssetLoaderServi - Loading from file system: jar:file:/C:/Users/ethan/.gradle/caches/modules-2/files-2.1/com.github.almasb/fxgl/17.2/35db6ae960eec2dcfd19262d3b7f9c42f0e95bc3/fxgl-17.2.jar!/fxglassets/textures/fxgl_default_cursor.png
00:10:46.140 [JavaFX Application Thread] DEBUG Input                - Registered new binding: Screenshot - CTRL+8
00:10:46.140 [JavaFX Application Thread] DEBUG Input                - Registered new binding: System info dump - CTRL+9
00:10:46.140 [JavaFX Application Thread] DEBUG Input                - Registered new binding: Restart - CTRL+R
00:10:46.141 [JavaFX Application Thread] DEBUG Input                - Registered new binding: Toggle Debug Camera - CTRL+7
00:10:46.142 [JavaFX Application Thread] DEBUG LoopRunner           - Starting loop
00:10:46.142 [JavaFX Application Thread] DEBUG LoopRunner           - Initializing JavaFX AnimationTimerLoop
00:10:46.147 [JavaFX Application Thread] DEBUG GameApplicationServi - Starting new game
00:10:46.147 [JavaFX Application Thread] DEBUG Input                - Clearing active input actions
00:10:46.155 [JavaFX Application Thread] DEBUG GameApplicationServi - Removing overlay from FXGLStartupScene and adding to FXGLLoadingScene
00:10:46.156 [JavaFX Application Thread] DEBUG PrimaryStageWindow   - FXGLStartupScene -> FXGLLoadingScene
00:10:46.156 [JavaFX Application Thread] DEBUG GameApplicationServi - Clearing previous game
00:10:46.156 [JavaFX Application Thread] DEBUG GameScene            - Clearing game scene
00:10:46.156 [JavaFX Application Thread] DEBUG GameWorld            - Clearing game world
00:10:46.156 [JavaFX Application Thread] DEBUG PhysicsWorld         - Clearing physics world
00:10:46.157 [FXGL Background Thread 4 ] DEBUG FXGLApplication      - Initializing game
00:10:46.158 [JavaFX Application Thread] DEBUG FXGLApplication      - Registering font factories with UI factory
00:10:46.181 [FXGL Background Thread 4 ] DEBUG FXGLAssetLoaderServi - Loading from file system: file:/C:/Users/ethan/IdeaProjects/animals-revenge/build/resources/main/assets/ui/Home.fxml
00:10:46.346 [FXGL Background Thread 2 ] INFO  UpdaterService       - Your current version:  17.2
00:10:46.346 [FXGL Background Thread 2 ] INFO  UpdaterService       - Latest stable version: 17.3
00:10:46.434 [FXGL Background Thread 4 ] INFO  FXGLApplication      - Game initialization took: 0.277 sec
00:10:46.435 [JavaFX Application Thread] DEBUG Input                - Clearing active input actions
00:10:46.442 [JavaFX Application Thread] DEBUG GameApplicationServi - Removing overlay from FXGLLoadingScene and adding to GameScene
00:10:46.442 [JavaFX Application Thread] DEBUG PrimaryStageWindow   - FXGLLoadingScene -> GameScene
00:10:47.057 [JavaFX Application Thread] DEBUG FXGLAssetLoaderServi - Loading from file system: file:/C:/Users/ethan/IdeaProjects/animals-revenge/build/resources/main/assets/ui/Simulator.fxml
00:10:47.106 [JavaFX Application Thread] DEBUG FXGLAssetLoaderServi - Loading from file system: file:/C:/Users/ethan/IdeaProjects/animals-revenge/build/resources/main/assets/textures/cannon.png
00:10:49.084 [FXGL Background Thread 3 ] DEBUG Engine               - Logging environment variables
00:10:49.084 [FXGL Background Thread 3 ] DEBUG Engine               - achievements: []
00:10:49.084 [FXGL Background Thread 3 ] DEBUG Engine               - actualHeight: 820.0
00:10:49.084 [FXGL Background Thread 3 ] DEBUG Engine               - actualHeightProperty: ReadOnlyDoubleProperty [value: 820.0]
00:10:49.084 [FXGL Background Thread 3 ] DEBUG Engine               - actualWidth: 1480.0
00:10:49.084 [FXGL Background Thread 3 ] DEBUG Engine               - actualWidthProperty: ReadOnlyDoubleProperty [value: 1480.0]
00:10:49.084 [FXGL Background Thread 3 ] DEBUG Engine               - appIcon: fxgl_icon.png
00:10:49.084 [FXGL Background Thread 3 ] DEBUG Engine               - applicationMode: DEVELOPER
00:10:49.084 [FXGL Background Thread 3 ] DEBUG Engine               - cSSList: [fxgl_dark.css]
00:10:49.084 [FXGL Background Thread 3 ] DEBUG Engine               - collisionDetectionStrategy: BRUTE_FORCE
00:10:49.084 [FXGL Background Thread 3 ] DEBUG Engine               - configClass: Optional.empty
00:10:49.084 [FXGL Background Thread 3 ] DEBUG Engine               - credits: []
00:10:49.086 [FXGL Background Thread 3 ] DEBUG Engine               - defaultCursor: CursorInfo(imageName=fxgl_default_cursor.png, hotspotX=7.0, hotspotY=6.0)
00:10:49.086 [FXGL Background Thread 3 ] DEBUG Engine               - devBBoxColorProperty: ObjectProperty [value: 0xff0000ff]
00:10:49.086 [FXGL Background Thread 3 ] DEBUG Engine               - devEnableDebugCameraProperty: BooleanProperty [value: false]
00:10:49.086 [FXGL Background Thread 3 ] DEBUG Engine               - devSensorColorProperty: ObjectProperty [value: 0xffff00ff]
00:10:49.086 [FXGL Background Thread 3 ] DEBUG Engine               - devShowBBoxProperty: BooleanProperty [value: false]
00:10:49.086 [FXGL Background Thread 3 ] DEBUG Engine               - devShowPositionProperty: BooleanProperty [value: false]
00:10:49.086 [FXGL Background Thread 3 ] DEBUG Engine               - enabledMenuItems: []
00:10:49.086 [FXGL Background Thread 3 ] DEBUG Engine               - engineServices: [class com.almasb.fxgl.app.services.FXGLAssetLoaderService, class com.almasb.fxgl.app.FXGLApplication$GameApplicationService, class com.almasb.fxgl.app.services.FXGLDialogService, class com.almasb.fxgl.app.services.IOTaskExecutorService, class com.almasb.fxgl.io.FileSystemService, class com.almasb.fxgl.localization.LocalizationService, class com.almasb.fxgl.app.services.SystemBundleService, class com.almasb.fxgl.profile.SaveLoadService, class com.almasb.fxgl.ui.FXGLUIFactoryServiceProvider, class com.almasb.fxgl.ui.FXGLDialogFactoryServiceProvider, class com.almasb.fxgl.audio.AudioPlayer, class com.almasb.fxgl.notification.impl.NotificationServiceProvider, class com.almasb.fxgl.achievement.AchievementService, class com.almasb.fxgl.cutscene.CutsceneService, class com.almasb.fxgl.minigames.MiniGameService, class com.almasb.fxgl.net.NetService, class com.almasb.fxgl.app.services.UpdaterService, class com.almasb.fxgl.dev.DevService]
00:10:49.086 [FXGL Background Thread 3 ] DEBUG Engine               - fontGame: Abel-Regular.ttf
00:10:49.086 [FXGL Background Thread 3 ] DEBUG Engine               - fontMono: TerminalLandMono-Regular.otf
00:10:49.086 [FXGL Background Thread 3 ] DEBUG Engine               - fontText: Courier-Prime.ttf
00:10:49.086 [FXGL Background Thread 3 ] DEBUG Engine               - fontUI: VarelaRound-Regular.ttf
00:10:49.086 [FXGL Background Thread 3 ] DEBUG Engine               - fullScreen: BooleanProperty [value: false]
00:10:49.087 [FXGL Background Thread 3 ] DEBUG Engine               - gameDifficulty: MEDIUM
00:10:49.087 [FXGL Background Thread 3 ] DEBUG Engine               - gameDifficultyProperty: ObjectProperty [value: MEDIUM]
00:10:49.087 [FXGL Background Thread 3 ] DEBUG Engine               - globalMusicVolume: 0.5
00:10:49.087 [FXGL Background Thread 3 ] DEBUG Engine               - globalMusicVolumeProperty: DoubleProperty [value: 0.5]
00:10:49.087 [FXGL Background Thread 3 ] DEBUG Engine               - globalSoundVolume: 0.5
00:10:49.087 [FXGL Background Thread 3 ] DEBUG Engine               - globalSoundVolumeProperty: DoubleProperty [value: 0.5]
00:10:49.087 [FXGL Background Thread 3 ] DEBUG Engine               - height: 820
00:10:49.087 [FXGL Background Thread 3 ] DEBUG Engine               - is3D: false
00:10:49.087 [FXGL Background Thread 3 ] DEBUG Engine               - isAndroid: false
00:10:49.087 [FXGL Background Thread 3 ] DEBUG Engine               - isBrowser: false
00:10:49.087 [FXGL Background Thread 3 ] DEBUG Engine               - isClickFeedbackEnabled: false
00:10:49.087 [FXGL Background Thread 3 ] DEBUG Engine               - isCloseConfirmation: false
00:10:49.087 [FXGL Background Thread 3 ] DEBUG Engine               - isDesktop: true
00:10:49.087 [FXGL Background Thread 3 ] DEBUG Engine               - isDeveloperMenuEnabled: false
00:10:49.087 [FXGL Background Thread 3 ] DEBUG Engine               - isEmbedded: false
00:10:49.087 [FXGL Background Thread 3 ] DEBUG Engine               - isEntityPreloadEnabled: true
00:10:49.087 [FXGL Background Thread 3 ] DEBUG Engine               - isExperimentalTiledLargeMap: false
00:10:49.087 [FXGL Background Thread 3 ] DEBUG Engine               - isFileSystemWriteAllowed: true
00:10:49.087 [FXGL Background Thread 3 ] DEBUG Engine               - isFullScreenAllowed: false
00:10:49.087 [FXGL Background Thread 3 ] DEBUG Engine               - isFullScreenFromStart: false
00:10:49.087 [FXGL Background Thread 3 ] DEBUG Engine               - isGameMenuEnabled: false
00:10:49.087 [FXGL Background Thread 3 ] DEBUG Engine               - isIOS: false
00:10:49.087 [FXGL Background Thread 3 ] DEBUG Engine               - isIntroEnabled: false
00:10:49.087 [FXGL Background Thread 3 ] DEBUG Engine               - isLinux: false
00:10:49.087 [FXGL Background Thread 3 ] DEBUG Engine               - isMac: false
00:10:49.087 [FXGL Background Thread 3 ] DEBUG Engine               - isMainMenuEnabled: false
00:10:49.087 [FXGL Background Thread 3 ] DEBUG Engine               - isManualResizeEnabled: false
00:10:49.087 [FXGL Background Thread 3 ] DEBUG Engine               - isMobile: false
00:10:49.087 [FXGL Background Thread 3 ] DEBUG Engine               - isNative: false
00:10:49.087 [FXGL Background Thread 3 ] DEBUG Engine               - isPauseMusicWhenMinimized: true
00:10:49.087 [FXGL Background Thread 3 ] DEBUG Engine               - isPreserveResizeRatio: false
00:10:49.087 [FXGL Background Thread 3 ] DEBUG Engine               - isProfilingEnabled: false
00:10:49.088 [FXGL Background Thread 3 ] DEBUG Engine               - isScaleAffectedOnResize: true
00:10:49.088 [FXGL Background Thread 3 ] DEBUG Engine               - isSingleStep: false
00:10:49.088 [FXGL Background Thread 3 ] DEBUG Engine               - isUserProfileEnabled: false
00:10:49.088 [FXGL Background Thread 3 ] DEBUG Engine               - isWindows: true
00:10:49.088 [FXGL Background Thread 3 ] DEBUG Engine               - language: ObjectProperty [value: ENGLISH]
00:10:49.088 [FXGL Background Thread 3 ] DEBUG Engine               - menuKey: ESCAPE
00:10:49.088 [FXGL Background Thread 3 ] DEBUG Engine               - mouseSensitivity: 0.2
00:10:49.088 [FXGL Background Thread 3 ] DEBUG Engine               - notificationViewClass: class com.almasb.fxgl.notification.view.XboxNotificationView
00:10:49.088 [FXGL Background Thread 3 ] DEBUG Engine               - pixelsPerMeter: 50.0
00:10:49.088 [FXGL Background Thread 3 ] DEBUG Engine               - platform: WINDOWS
00:10:49.088 [FXGL Background Thread 3 ] DEBUG Engine               - prefHeightProperty: ReadOnlyDoubleProperty [value: 820.0]
00:10:49.088 [FXGL Background Thread 3 ] DEBUG Engine               - prefWidthProperty: ReadOnlyDoubleProperty [value: 1480.0]
00:10:49.088 [FXGL Background Thread 3 ] DEBUG Engine               - profileDir: profiles/
00:10:49.088 [FXGL Background Thread 3 ] DEBUG Engine               - profileName: StringProperty [value: DEFAULT]
00:10:49.088 [FXGL Background Thread 3 ] DEBUG Engine               - randomSeed: -1
00:10:49.088 [FXGL Background Thread 3 ] DEBUG Engine               - runtimeInfo: RuntimeInfo(platform=WINDOWS, version=17.2, build=20.08.2022 16.50)
00:10:49.088 [FXGL Background Thread 3 ] DEBUG Engine               - saveFileExt: sav
00:10:49.088 [FXGL Background Thread 3 ] DEBUG Engine               - scaledHeightProp$fxgl: DoubleProperty [bound, value: 820.0]
00:10:49.088 [FXGL Background Thread 3 ] DEBUG Engine               - scaledWidthProp$fxgl: DoubleProperty [bound, value: 1480.0]
00:10:49.088 [FXGL Background Thread 3 ] DEBUG Engine               - sceneFactory: com.almasb.fxgl.app.scene.SceneFactory@3f6256be
00:10:49.088 [FXGL Background Thread 3 ] DEBUG Engine               - secondsIn24h: 60
00:10:49.088 [FXGL Background Thread 3 ] DEBUG Engine               - soundMenuBack: menu/back.wav
00:10:49.088 [FXGL Background Thread 3 ] DEBUG Engine               - soundMenuPress: menu/press.wav
00:10:49.088 [FXGL Background Thread 3 ] DEBUG Engine               - soundMenuSelect: menu/select.wav
00:10:49.088 [FXGL Background Thread 3 ] DEBUG Engine               - soundNotification: core/notification.wav
00:10:49.088 [FXGL Background Thread 3 ] DEBUG Engine               - stageStyle: DECORATED
00:10:49.088 [FXGL Background Thread 3 ] DEBUG Engine               - supportedLanguages: [ENGLISH, FRENCH, GERMAN, HUNGARIAN, RUSSIAN]
00:10:49.088 [FXGL Background Thread 3 ] DEBUG Engine               - ticksPerSecond: -1
00:10:49.089 [FXGL Background Thread 3 ] DEBUG Engine               - title: Untitled
00:10:49.089 [FXGL Background Thread 3 ] DEBUG Engine               - urlGithub: https://github.com/AlmasB/FXGL
00:10:49.089 [FXGL Background Thread 3 ] DEBUG Engine               - urlLeaderboard: http://fxgl-top.herokuapp.com/
00:10:49.089 [FXGL Background Thread 3 ] DEBUG Engine               - urlPOM: https://raw.githubusercontent.com/AlmasB/FXGL/release/README.md
00:10:49.089 [FXGL Background Thread 3 ] DEBUG Engine               - userAppClass: class edu.vanier.animals_revenge.MainApp
00:10:49.089 [FXGL Background Thread 3 ] DEBUG Engine               - version: 0.0
00:10:49.089 [FXGL Background Thread 3 ] DEBUG Engine               - versionCheckDays: 7
00:10:49.089 [FXGL Background Thread 3 ] DEBUG Engine               - width: 1480
00:10:49.089 [FXGL Background Thread 3 ] DEBUG Engine               - Logging services
00:10:49.089 [FXGL Background Thread 3 ] DEBUG Engine               - class com.almasb.fxgl.app.services.FXGLAssetLoaderService
00:10:49.089 [FXGL Background Thread 3 ] DEBUG Engine               - class com.almasb.fxgl.app.FXGLApplication$GameApplicationService
00:10:49.089 [FXGL Background Thread 3 ] DEBUG Engine               - class com.almasb.fxgl.app.services.FXGLDialogService
00:10:49.089 [FXGL Background Thread 3 ] DEBUG Engine               - class com.almasb.fxgl.app.services.IOTaskExecutorService
00:10:49.089 [FXGL Background Thread 3 ] DEBUG Engine               - class com.almasb.fxgl.io.FileSystemService
00:10:49.089 [FXGL Background Thread 3 ] DEBUG Engine               - class com.almasb.fxgl.localization.LocalizationService
00:10:49.089 [FXGL Background Thread 3 ] DEBUG Engine               - class com.almasb.fxgl.app.services.SystemBundleService
00:10:49.089 [FXGL Background Thread 3 ] DEBUG Engine               - class com.almasb.fxgl.profile.SaveLoadService
00:10:49.089 [FXGL Background Thread 3 ] DEBUG Engine               - class com.almasb.fxgl.ui.FXGLUIFactoryServiceProvider
00:10:49.089 [FXGL Background Thread 3 ] DEBUG Engine               - class com.almasb.fxgl.ui.FXGLDialogFactoryServiceProvider
00:10:49.089 [FXGL Background Thread 3 ] DEBUG Engine               - class com.almasb.fxgl.audio.AudioPlayer
00:10:49.089 [FXGL Background Thread 3 ] DEBUG Engine               - class com.almasb.fxgl.notification.impl.NotificationServiceProvider
00:10:49.089 [FXGL Background Thread 3 ] DEBUG Engine               - class com.almasb.fxgl.achievement.AchievementService
00:10:49.089 [FXGL Background Thread 3 ] DEBUG Engine               - class com.almasb.fxgl.cutscene.CutsceneService
00:10:49.089 [FXGL Background Thread 3 ] DEBUG Engine               - class com.almasb.fxgl.minigames.MiniGameService
00:10:49.089 [FXGL Background Thread 3 ] DEBUG Engine               - class com.almasb.fxgl.net.NetService
00:10:49.089 [FXGL Background Thread 3 ] DEBUG Engine               - class com.almasb.fxgl.app.services.UpdaterService
00:10:49.089 [FXGL Background Thread 3 ] DEBUG Engine               - class com.almasb.fxgl.dev.DevService
00:11:08.236 [JavaFX Application Thread] DEBUG FXGLApplication      - Exiting FXGL
00:11:08.236 [JavaFX Application Thread] DEBUG LoopRunner           - Stopping loop
00:11:08.236 [JavaFX Application Thread] DEBUG SystemBundleService  - Saving FXGL system data
00:11:08.237 [JavaFX Application Thread] DEBUG FileSystemAccess     - Writing to: C:\Users\ethan\IdeaProjects\animals-revenge\system\fxgl.bundle
00:11:08.238 [JavaFX Application Thread] DEBUG Async                - Shutting down background threads
00:11:08.238 [JavaFX Application Thread] DEBUG PrimaryStageWindow   - Closing main window
00:11:08.243 [JavaFX Application Thread] DEBUG Logger               - Closing Logger
