08:02:07.976 [main                     ] DEBUG Logger               - Configured Logger
08:02:08.016 [main                     ] DEBUG GameApplication      - Logging settings
Title: Untitled
Version: 0.0
Width: 1480
Height: 820
Fullscreen: false
Intro: false
Profiling: false
Single step:false
App Mode: DEVELOPER
Menu Key: ESCAPE
Stage Style: DECORATED
Scene Factory: class com.almasb.fxgl.app.scene.SceneFactory

08:02:08.566 [JavaFX Application Thread] DEBUG FXGLApplication      - Initializing FXGL
08:02:08.574 [JavaFX Application Thread] INFO  Engine               - FXGL-17.2 (20.08.2022 16.50) on WINDOWS (J:18.0.2.1 FX:20.0.2)
08:02:08.575 [JavaFX Application Thread] DEBUG Engine               - JRE Vendor Name: Oracle Corporation
08:02:08.575 [JavaFX Application Thread] DEBUG Engine               - Running on OS: Windows 11 version 10.0
08:02:08.576 [JavaFX Application Thread] DEBUG Engine               - Architecture: amd64
08:02:08.576 [JavaFX Application Thread] INFO  Engine               - Source code and latest versions at: https://github.com/AlmasB/FXGL
08:02:08.576 [JavaFX Application Thread] INFO  Engine               -       Ask questions and discuss at: https://github.com/AlmasB/FXGL/discussions
08:02:08.577 [JavaFX Application Thread] INFO  Engine               -              Join the FXGL chat at: https://gitter.im/AlmasB/FXGL
08:02:08.693 [JavaFX Application Thread] DEBUG PrimaryStageWindow   - Creating a JavaFX scene
08:02:08.693 [JavaFX Application Thread] DEBUG PrimaryStageWindow   - Target size > screen size
08:02:08.787 [JavaFX Application Thread] DEBUG PrimaryStageWindow   - Target settings size: 1480.0 x 820.0
08:02:08.788 [JavaFX Application Thread] DEBUG PrimaryStageWindow   - Scaled scene size:    1415.0 x 797.0
08:02:08.789 [JavaFX Application Thread] DEBUG PrimaryStageWindow   - Scaled ratio: (0.956081081081081, 0.9719512195121951)
08:02:08.801 [JavaFX Application Thread] DEBUG PrimaryStageWindow   - Set initial scene to FXGLStartupScene
08:02:08.808 [JavaFX Application Thread] DEBUG PrimaryStageWindow   - Opening main window
08:02:09.066 [JavaFX Application Thread] DEBUG PrimaryStageWindow   - Window border size: (13.0, 35.5)
08:02:09.067 [JavaFX Application Thread] DEBUG PrimaryStageWindow   - Scaled size: 1415.0 x 797.0
08:02:09.067 [JavaFX Application Thread] DEBUG PrimaryStageWindow   - Scaled ratio: (0.956081081081081, 0.9719512195121951)
08:02:09.067 [JavaFX Application Thread] DEBUG PrimaryStageWindow   - Scene size: 1415.0 x 797.0
08:02:09.069 [JavaFX Application Thread] DEBUG PrimaryStageWindow   - Stage size: 1428.0 x 832.5
08:02:09.083 [FXGL Background Thread 1 ] DEBUG Engine               - Initializing environment variables
08:02:09.195 [FXGL Background Thread 1 ] DEBUG FXGLAssetLoaderServi - User app class for loading assets: class edu.vanier.animals_revenge.MainApp
08:02:09.195 [FXGL Background Thread 1 ] DEBUG GameApplicationServi - Applying CSS: fxgl_dark.css
08:02:09.196 [FXGL Background Thread 1 ] DEBUG FXGLAssetLoaderServi - Loading from file system: jar:file:/C:/Users/macke/.gradle/caches/modules-2/files-2.1/com.github.almasb/fxgl/17.2/35db6ae960eec2dcfd19262d3b7f9c42f0e95bc3/fxgl-17.2.jar!/fxglassets/ui/css/fxgl_dark.css
08:02:09.294 [FXGL Background Thread 1 ] DEBUG GameApplicationServi - Initializing application scenes
08:02:09.516 [FXGL Background Thread 1 ] DEBUG GameWorld            - Game world initialized
08:02:09.630 [FXGL Background Thread 1 ] DEBUG PhysicsWorld         - Physics world initialized: appHeight=820, physics.ppm=50.0
08:02:09.630 [FXGL Background Thread 1 ] DEBUG PhysicsWorld         - Using strategy: BRUTE_FORCE
08:02:09.639 [FXGL Background Thread 1 ] DEBUG GameScene            - Game scene initialized: 1480x820
08:02:09.640 [FXGL Background Thread 1 ] DEBUG GameApplicationServi - Application scenes initialized
08:02:09.675 [FXGL Background Thread 1 ] DEBUG SystemBundleService  - Loading FXGL system data
08:02:09.689 [FXGL Background Thread 1 ] DEBUG FileSystemAccess     - Reading from: C:\Users\macke\OneDrive\Documents\School\Semester 3\Programming in a Graphical User Interface\Homework\animals-revenge\system\fxgl.bundle
08:02:09.713 [FXGL Background Thread 1 ] DEBUG SystemBundleService  - Bundle FXGL: {}
08:02:09.713 [FXGL Background Thread 1 ] DEBUG UpdaterService       - Checking for updates
08:02:09.774 [FXGL Background Thread 4 ] DEBUG FXGLApplication      - Loading fonts
08:02:09.776 [FXGL Background Thread 4 ] DEBUG FXGLAssetLoaderServi - Loading from file system: jar:file:/C:/Users/macke/.gradle/caches/modules-2/files-2.1/com.github.almasb/fxgl/17.2/35db6ae960eec2dcfd19262d3b7f9c42f0e95bc3/fxgl-17.2.jar!/fxglassets/ui/fonts/VarelaRound-Regular.ttf
08:02:09.784 [FXGL Background Thread 1 ] DEBUG FXGLApplication      - Loading default localization
08:02:09.797 [FXGL Background Thread 1 ] DEBUG FXGLAssetLoaderServi - Loading from file system: jar:file:/C:/Users/macke/.gradle/caches/modules-2/files-2.1/com.github.almasb/fxgl/17.2/35db6ae960eec2dcfd19262d3b7f9c42f0e95bc3/fxgl-17.2.jar!/fxglassets/languages/english.lang
08:02:10.015 [FXGL Background Thread 1 ] INFO  FXGLApplication      - FXGL initialization took: 0.932 sec
08:02:10.124 [FXGL Background Thread 4 ] DEBUG FXGLAssetLoaderServi - Loading from file system: jar:file:/C:/Users/macke/.gradle/caches/modules-2/files-2.1/com.github.almasb/fxgl/17.2/35db6ae960eec2dcfd19262d3b7f9c42f0e95bc3/fxgl-17.2.jar!/fxglassets/ui/fonts/Abel-Regular.ttf
08:02:10.126 [JavaFX Application Thread] DEBUG Input                - Registered new binding: Launch - RMB
08:02:10.129 [JavaFX Application Thread] DEBUG Input                - Registered new binding: Create - LMB
08:02:10.129 [JavaFX Application Thread] DEBUG Input                - Registered new binding: Drag - CTRL+LMB
08:02:10.130 [JavaFX Application Thread] DEBUG FXGLAssetLoaderServi - Loading from file system: jar:file:/C:/Users/macke/.gradle/caches/modules-2/files-2.1/com.github.almasb/fxgl/17.2/35db6ae960eec2dcfd19262d3b7f9c42f0e95bc3/fxgl-17.2.jar!/fxglassets/textures/fxgl_icon.png
08:02:10.133 [FXGL Background Thread 4 ] DEBUG FXGLAssetLoaderServi - Loading from file system: jar:file:/C:/Users/macke/.gradle/caches/modules-2/files-2.1/com.github.almasb/fxgl/17.2/35db6ae960eec2dcfd19262d3b7f9c42f0e95bc3/fxgl-17.2.jar!/fxglassets/ui/fonts/TerminalLandMono-Regular.otf
08:02:10.143 [FXGL Background Thread 4 ] DEBUG FXGLAssetLoaderServi - Loading from file system: jar:file:/C:/Users/macke/.gradle/caches/modules-2/files-2.1/com.github.almasb/fxgl/17.2/35db6ae960eec2dcfd19262d3b7f9c42f0e95bc3/fxgl-17.2.jar!/fxglassets/ui/fonts/Courier-Prime.ttf
08:02:10.430 [JavaFX Application Thread] DEBUG FXGLAssetLoaderServi - Loading from file system: jar:file:/C:/Users/macke/.gradle/caches/modules-2/files-2.1/com.github.almasb/fxgl/17.2/35db6ae960eec2dcfd19262d3b7f9c42f0e95bc3/fxgl-17.2.jar!/fxglassets/textures/fxgl_default_cursor.png
08:02:10.485 [JavaFX Application Thread] DEBUG Input                - Registered new binding: Screenshot - CTRL+8
08:02:10.486 [JavaFX Application Thread] DEBUG Input                - Registered new binding: System info dump - CTRL+9
08:02:10.494 [JavaFX Application Thread] DEBUG Input                - Registered new binding: Restart - CTRL+R
08:02:10.499 [JavaFX Application Thread] DEBUG Input                - Registered new binding: Toggle Debug Camera - CTRL+7
08:02:10.520 [JavaFX Application Thread] DEBUG LoopRunner           - Starting loop
08:02:10.520 [JavaFX Application Thread] DEBUG LoopRunner           - Initializing JavaFX AnimationTimerLoop
08:02:10.537 [JavaFX Application Thread] DEBUG GameApplicationServi - Starting new game
08:02:10.539 [JavaFX Application Thread] DEBUG Input                - Clearing active input actions
08:02:10.590 [JavaFX Application Thread] DEBUG GameApplicationServi - Removing overlay from FXGLStartupScene and adding to FXGLLoadingScene
08:02:10.591 [JavaFX Application Thread] DEBUG PrimaryStageWindow   - FXGLStartupScene -> FXGLLoadingScene
08:02:10.591 [JavaFX Application Thread] DEBUG GameApplicationServi - Clearing previous game
08:02:10.592 [JavaFX Application Thread] DEBUG GameScene            - Clearing game scene
08:02:10.592 [JavaFX Application Thread] DEBUG GameWorld            - Clearing game world
08:02:10.592 [JavaFX Application Thread] DEBUG PhysicsWorld         - Clearing physics world
08:02:10.607 [FXGL Background Thread 4 ] DEBUG FXGLApplication      - Initializing game
08:02:10.612 [JavaFX Application Thread] DEBUG FXGLApplication      - Registering font factories with UI factory
08:02:10.962 [FXGL Background Thread 4 ] DEBUG FXGLAssetLoaderServi - Loading from file system: file:/C:/Users/macke/OneDrive/Documents/School/Semester%203/Programming%20in%20a%20Graphical%20User%20Interface/Homework/animals-revenge/build/resources/main/assets/ui/Home.fxml
08:02:12.374 [FXGL Background Thread 4 ] INFO  FXGLApplication      - Game initialization took: 1.766 sec
08:02:12.377 [JavaFX Application Thread] DEBUG Input                - Clearing active input actions
08:02:12.467 [JavaFX Application Thread] DEBUG GameApplicationServi - Removing overlay from FXGLLoadingScene and adding to GameScene
08:02:12.468 [JavaFX Application Thread] DEBUG PrimaryStageWindow   - FXGLLoadingScene -> GameScene
08:02:12.767 [FXGL Background Thread 3 ] DEBUG Engine               - Logging environment variables
08:02:12.767 [FXGL Background Thread 3 ] DEBUG Engine               - achievements: []
08:02:12.768 [FXGL Background Thread 3 ] DEBUG Engine               - actualHeight: 797.0
08:02:12.768 [FXGL Background Thread 3 ] DEBUG Engine               - actualHeightProperty: ReadOnlyDoubleProperty [value: 797.0]
08:02:12.769 [FXGL Background Thread 3 ] DEBUG Engine               - actualWidth: 1415.0
08:02:12.769 [FXGL Background Thread 3 ] DEBUG Engine               - actualWidthProperty: ReadOnlyDoubleProperty [value: 1415.0]
08:02:12.769 [FXGL Background Thread 3 ] DEBUG Engine               - appIcon: fxgl_icon.png
08:02:12.769 [FXGL Background Thread 3 ] DEBUG Engine               - applicationMode: DEVELOPER
08:02:12.769 [FXGL Background Thread 3 ] DEBUG Engine               - cSSList: [fxgl_dark.css]
08:02:12.769 [FXGL Background Thread 3 ] DEBUG Engine               - collisionDetectionStrategy: BRUTE_FORCE
08:02:12.769 [FXGL Background Thread 3 ] DEBUG Engine               - configClass: Optional.empty
08:02:12.769 [FXGL Background Thread 3 ] DEBUG Engine               - credits: []
08:02:12.771 [FXGL Background Thread 3 ] DEBUG Engine               - defaultCursor: CursorInfo(imageName=fxgl_default_cursor.png, hotspotX=7.0, hotspotY=6.0)
08:02:12.772 [FXGL Background Thread 3 ] DEBUG Engine               - devBBoxColorProperty: ObjectProperty [value: 0xff0000ff]
08:02:12.772 [FXGL Background Thread 3 ] DEBUG Engine               - devEnableDebugCameraProperty: BooleanProperty [value: false]
08:02:12.772 [FXGL Background Thread 3 ] DEBUG Engine               - devSensorColorProperty: ObjectProperty [value: 0xffff00ff]
08:02:12.772 [FXGL Background Thread 3 ] DEBUG Engine               - devShowBBoxProperty: BooleanProperty [value: false]
08:02:12.772 [FXGL Background Thread 3 ] DEBUG Engine               - devShowPositionProperty: BooleanProperty [value: false]
08:02:12.774 [FXGL Background Thread 3 ] DEBUG Engine               - enabledMenuItems: []
08:02:12.774 [FXGL Background Thread 3 ] DEBUG Engine               - engineServices: [class com.almasb.fxgl.app.services.FXGLAssetLoaderService, class com.almasb.fxgl.app.FXGLApplication$GameApplicationService, class com.almasb.fxgl.app.services.FXGLDialogService, class com.almasb.fxgl.app.services.IOTaskExecutorService, class com.almasb.fxgl.io.FileSystemService, class com.almasb.fxgl.localization.LocalizationService, class com.almasb.fxgl.app.services.SystemBundleService, class com.almasb.fxgl.profile.SaveLoadService, class com.almasb.fxgl.ui.FXGLUIFactoryServiceProvider, class com.almasb.fxgl.ui.FXGLDialogFactoryServiceProvider, class com.almasb.fxgl.audio.AudioPlayer, class com.almasb.fxgl.notification.impl.NotificationServiceProvider, class com.almasb.fxgl.achievement.AchievementService, class com.almasb.fxgl.cutscene.CutsceneService, class com.almasb.fxgl.minigames.MiniGameService, class com.almasb.fxgl.net.NetService, class com.almasb.fxgl.app.services.UpdaterService, class com.almasb.fxgl.dev.DevService]
08:02:12.775 [FXGL Background Thread 3 ] DEBUG Engine               - fontGame: Abel-Regular.ttf
08:02:12.775 [FXGL Background Thread 3 ] DEBUG Engine               - fontMono: TerminalLandMono-Regular.otf
08:02:12.775 [FXGL Background Thread 3 ] DEBUG Engine               - fontText: Courier-Prime.ttf
08:02:12.775 [FXGL Background Thread 3 ] DEBUG Engine               - fontUI: VarelaRound-Regular.ttf
08:02:12.775 [FXGL Background Thread 3 ] DEBUG Engine               - fullScreen: BooleanProperty [value: false]
08:02:12.775 [FXGL Background Thread 3 ] DEBUG Engine               - gameDifficulty: MEDIUM
08:02:12.775 [FXGL Background Thread 3 ] DEBUG Engine               - gameDifficultyProperty: ObjectProperty [value: MEDIUM]
08:02:12.775 [FXGL Background Thread 3 ] DEBUG Engine               - globalMusicVolume: 0.5
08:02:12.775 [FXGL Background Thread 3 ] DEBUG Engine               - globalMusicVolumeProperty: DoubleProperty [value: 0.5]
08:02:12.775 [FXGL Background Thread 3 ] DEBUG Engine               - globalSoundVolume: 0.5
08:02:12.775 [FXGL Background Thread 3 ] DEBUG Engine               - globalSoundVolumeProperty: DoubleProperty [value: 0.5]
08:02:12.775 [FXGL Background Thread 3 ] DEBUG Engine               - height: 820
08:02:12.775 [FXGL Background Thread 3 ] DEBUG Engine               - is3D: false
08:02:12.775 [FXGL Background Thread 3 ] DEBUG Engine               - isAndroid: false
08:02:12.775 [FXGL Background Thread 3 ] DEBUG Engine               - isBrowser: false
08:02:12.776 [FXGL Background Thread 3 ] DEBUG Engine               - isClickFeedbackEnabled: false
08:02:12.776 [FXGL Background Thread 3 ] DEBUG Engine               - isCloseConfirmation: false
08:02:12.776 [FXGL Background Thread 3 ] DEBUG Engine               - isDesktop: true
08:02:12.776 [FXGL Background Thread 3 ] DEBUG Engine               - isDeveloperMenuEnabled: false
08:02:12.776 [FXGL Background Thread 3 ] DEBUG Engine               - isEmbedded: false
08:02:12.776 [FXGL Background Thread 3 ] DEBUG Engine               - isEntityPreloadEnabled: true
08:02:12.776 [FXGL Background Thread 3 ] DEBUG Engine               - isExperimentalTiledLargeMap: false
08:02:12.776 [FXGL Background Thread 3 ] DEBUG Engine               - isFileSystemWriteAllowed: true
08:02:12.776 [FXGL Background Thread 3 ] DEBUG Engine               - isFullScreenAllowed: false
08:02:12.776 [FXGL Background Thread 3 ] DEBUG Engine               - isFullScreenFromStart: false
08:02:12.776 [FXGL Background Thread 3 ] DEBUG Engine               - isGameMenuEnabled: false
08:02:12.776 [FXGL Background Thread 3 ] DEBUG Engine               - isIOS: false
08:02:12.777 [FXGL Background Thread 3 ] DEBUG Engine               - isIntroEnabled: false
08:02:12.777 [FXGL Background Thread 3 ] DEBUG Engine               - isLinux: false
08:02:12.777 [FXGL Background Thread 3 ] DEBUG Engine               - isMac: false
08:02:12.777 [FXGL Background Thread 3 ] DEBUG Engine               - isMainMenuEnabled: false
08:02:12.777 [FXGL Background Thread 3 ] DEBUG Engine               - isManualResizeEnabled: false
08:02:12.777 [FXGL Background Thread 3 ] DEBUG Engine               - isMobile: false
08:02:12.777 [FXGL Background Thread 3 ] DEBUG Engine               - isNative: false
08:02:12.777 [FXGL Background Thread 3 ] DEBUG Engine               - isPauseMusicWhenMinimized: true
08:02:12.777 [FXGL Background Thread 3 ] DEBUG Engine               - isPreserveResizeRatio: false
08:02:12.777 [FXGL Background Thread 3 ] DEBUG Engine               - isProfilingEnabled: false
08:02:12.777 [FXGL Background Thread 3 ] DEBUG Engine               - isScaleAffectedOnResize: true
08:02:12.777 [FXGL Background Thread 3 ] DEBUG Engine               - isSingleStep: false
08:02:12.777 [FXGL Background Thread 3 ] DEBUG Engine               - isUserProfileEnabled: false
08:02:12.777 [FXGL Background Thread 3 ] DEBUG Engine               - isWindows: true
08:02:12.777 [FXGL Background Thread 3 ] DEBUG Engine               - language: ObjectProperty [value: ENGLISH]
08:02:12.777 [FXGL Background Thread 3 ] DEBUG Engine               - menuKey: ESCAPE
08:02:12.777 [FXGL Background Thread 3 ] DEBUG Engine               - mouseSensitivity: 0.2
08:02:12.777 [FXGL Background Thread 3 ] DEBUG Engine               - notificationViewClass: class com.almasb.fxgl.notification.view.XboxNotificationView
08:02:12.777 [FXGL Background Thread 3 ] DEBUG Engine               - pixelsPerMeter: 50.0
08:02:12.777 [FXGL Background Thread 3 ] DEBUG Engine               - platform: WINDOWS
08:02:12.777 [FXGL Background Thread 3 ] DEBUG Engine               - prefHeightProperty: ReadOnlyDoubleProperty [value: 820.0]
08:02:12.777 [FXGL Background Thread 3 ] DEBUG Engine               - prefWidthProperty: ReadOnlyDoubleProperty [value: 1480.0]
08:02:12.777 [FXGL Background Thread 3 ] DEBUG Engine               - profileDir: profiles/
08:02:12.777 [FXGL Background Thread 3 ] DEBUG Engine               - profileName: StringProperty [value: DEFAULT]
08:02:12.777 [FXGL Background Thread 3 ] DEBUG Engine               - randomSeed: -1
08:02:12.780 [FXGL Background Thread 3 ] DEBUG Engine               - runtimeInfo: RuntimeInfo(platform=WINDOWS, version=17.2, build=20.08.2022 16.50)
08:02:12.780 [FXGL Background Thread 3 ] DEBUG Engine               - saveFileExt: sav
08:02:12.780 [FXGL Background Thread 3 ] DEBUG Engine               - scaledHeightProp$fxgl: DoubleProperty [bound, value: 797.0]
08:02:12.780 [FXGL Background Thread 3 ] DEBUG Engine               - scaledWidthProp$fxgl: DoubleProperty [bound, value: 1415.0]
08:02:12.780 [FXGL Background Thread 3 ] DEBUG Engine               - sceneFactory: com.almasb.fxgl.app.scene.SceneFactory@6f58b5f1
08:02:12.780 [FXGL Background Thread 3 ] DEBUG Engine               - secondsIn24h: 60
08:02:12.780 [FXGL Background Thread 3 ] DEBUG Engine               - soundMenuBack: menu/back.wav
08:02:12.780 [FXGL Background Thread 3 ] DEBUG Engine               - soundMenuPress: menu/press.wav
08:02:12.780 [FXGL Background Thread 3 ] DEBUG Engine               - soundMenuSelect: menu/select.wav
08:02:12.780 [FXGL Background Thread 3 ] DEBUG Engine               - soundNotification: core/notification.wav
08:02:12.780 [FXGL Background Thread 3 ] DEBUG Engine               - stageStyle: DECORATED
08:02:12.780 [FXGL Background Thread 3 ] DEBUG Engine               - supportedLanguages: [ENGLISH, FRENCH, GERMAN, HUNGARIAN, RUSSIAN]
08:02:12.780 [FXGL Background Thread 3 ] DEBUG Engine               - ticksPerSecond: -1
08:02:12.780 [FXGL Background Thread 3 ] DEBUG Engine               - title: Untitled
08:02:12.780 [FXGL Background Thread 3 ] DEBUG Engine               - urlGithub: https://github.com/AlmasB/FXGL
08:02:12.781 [FXGL Background Thread 3 ] DEBUG Engine               - urlLeaderboard: http://fxgl-top.herokuapp.com/
08:02:12.781 [FXGL Background Thread 3 ] DEBUG Engine               - urlPOM: https://raw.githubusercontent.com/AlmasB/FXGL/release/README.md
08:02:12.781 [FXGL Background Thread 3 ] DEBUG Engine               - userAppClass: class edu.vanier.animals_revenge.MainApp
08:02:12.781 [FXGL Background Thread 3 ] DEBUG Engine               - version: 0.0
08:02:12.781 [FXGL Background Thread 3 ] DEBUG Engine               - versionCheckDays: 7
08:02:12.781 [FXGL Background Thread 3 ] DEBUG Engine               - width: 1480
08:02:12.781 [FXGL Background Thread 3 ] DEBUG Engine               - Logging services
08:02:12.781 [FXGL Background Thread 3 ] DEBUG Engine               - class com.almasb.fxgl.app.services.FXGLAssetLoaderService
08:02:12.781 [FXGL Background Thread 3 ] DEBUG Engine               - class com.almasb.fxgl.app.FXGLApplication$GameApplicationService
08:02:12.781 [FXGL Background Thread 3 ] DEBUG Engine               - class com.almasb.fxgl.app.services.FXGLDialogService
08:02:12.781 [FXGL Background Thread 3 ] DEBUG Engine               - class com.almasb.fxgl.app.services.IOTaskExecutorService
08:02:12.781 [FXGL Background Thread 3 ] DEBUG Engine               - class com.almasb.fxgl.io.FileSystemService
08:02:12.781 [FXGL Background Thread 3 ] DEBUG Engine               - class com.almasb.fxgl.localization.LocalizationService
08:02:12.781 [FXGL Background Thread 3 ] DEBUG Engine               - class com.almasb.fxgl.app.services.SystemBundleService
08:02:12.781 [FXGL Background Thread 3 ] DEBUG Engine               - class com.almasb.fxgl.profile.SaveLoadService
08:02:12.781 [FXGL Background Thread 3 ] DEBUG Engine               - class com.almasb.fxgl.ui.FXGLUIFactoryServiceProvider
08:02:12.781 [FXGL Background Thread 3 ] DEBUG Engine               - class com.almasb.fxgl.ui.FXGLDialogFactoryServiceProvider
08:02:12.781 [FXGL Background Thread 3 ] DEBUG Engine               - class com.almasb.fxgl.audio.AudioPlayer
08:02:12.781 [FXGL Background Thread 3 ] DEBUG Engine               - class com.almasb.fxgl.notification.impl.NotificationServiceProvider
08:02:12.781 [FXGL Background Thread 3 ] DEBUG Engine               - class com.almasb.fxgl.achievement.AchievementService
08:02:12.781 [FXGL Background Thread 3 ] DEBUG Engine               - class com.almasb.fxgl.cutscene.CutsceneService
08:02:12.781 [FXGL Background Thread 3 ] DEBUG Engine               - class com.almasb.fxgl.minigames.MiniGameService
08:02:12.781 [FXGL Background Thread 3 ] DEBUG Engine               - class com.almasb.fxgl.net.NetService
08:02:12.781 [FXGL Background Thread 3 ] DEBUG Engine               - class com.almasb.fxgl.app.services.UpdaterService
08:02:12.781 [FXGL Background Thread 3 ] DEBUG Engine               - class com.almasb.fxgl.dev.DevService
08:02:13.716 [JavaFX Application Thread] DEBUG FXGLAssetLoaderServi - Loading from file system: file:/C:/Users/macke/OneDrive/Documents/School/Semester%203/Programming%20in%20a%20Graphical%20User%20Interface/Homework/animals-revenge/build/resources/main/assets/ui/Simulator.fxml
08:02:13.846 [JavaFX Application Thread] DEBUG FXGLAssetLoaderServi - Loading from file system: file:/C:/Users/macke/OneDrive/Documents/School/Semester%203/Programming%20in%20a%20Graphical%20User%20Interface/Homework/animals-revenge/build/resources/main/assets/textures/cannon.png
08:02:17.824 [JavaFX Application Thread] DEBUG FXGLAssetLoaderServi - Loading from file system: file:/C:/Users/macke/OneDrive/Documents/School/Semester%203/Programming%20in%20a%20Graphical%20User%20Interface/Homework/animals-revenge/build/resources/main/assets/ui/Home.fxml
08:02:19.458 [JavaFX Application Thread] DEBUG FXGLAssetLoaderServi - Loading from file system: file:/C:/Users/macke/OneDrive/Documents/School/Semester%203/Programming%20in%20a%20Graphical%20User%20Interface/Homework/animals-revenge/build/resources/main/assets/ui/CustomProjectile.fxml
08:02:26.492 [JavaFX Application Thread] DEBUG FXGLAssetLoaderServi - Loading from file system: file:/C:/Users/macke/OneDrive/Documents/School/Semester%203/Programming%20in%20a%20Graphical%20User%20Interface/Homework/animals-revenge/build/resources/main/assets/ui/Home.fxml
08:02:27.358 [JavaFX Application Thread] DEBUG FXGLAssetLoaderServi - Loading from file system: file:/C:/Users/macke/OneDrive/Documents/School/Semester%203/Programming%20in%20a%20Graphical%20User%20Interface/Homework/animals-revenge/build/resources/main/assets/ui/Simulator.fxml
08:02:32.178 [FXGL Background Thread 2 ] WARN  UpdaterService       - Failed to find updates: java.net.ConnectException: Connection timed out: connect
08:02:35.489 [JavaFX Application Thread] DEBUG FXGLApplication      - Exiting FXGL
08:02:35.489 [JavaFX Application Thread] DEBUG LoopRunner           - Stopping loop
08:02:35.489 [JavaFX Application Thread] DEBUG SystemBundleService  - Saving FXGL system data
08:02:35.491 [JavaFX Application Thread] DEBUG FileSystemAccess     - Writing to: C:\Users\macke\OneDrive\Documents\School\Semester 3\Programming in a Graphical User Interface\Homework\animals-revenge\system\fxgl.bundle
08:02:35.492 [JavaFX Application Thread] DEBUG Async                - Shutting down background threads
08:02:35.493 [JavaFX Application Thread] DEBUG PrimaryStageWindow   - Closing main window
08:02:35.522 [JavaFX Application Thread] DEBUG Logger               - Closing Logger
