01:27:15.326 [main                     ] DEBUG Logger               - Configured Logger
01:27:15.350 [main                     ] DEBUG GameApplication      - Logging settings
Title: Untitled
Version: 0.0
Width: 1480
Height: 820
Fullscreen: false
Intro: false
Profiling: false
Single step:false
App Mode: DEVELOPER
Menu Key: ESCAPE
Stage Style: DECORATED
Scene Factory: class com.almasb.fxgl.app.scene.SceneFactory

01:27:15.931 [JavaFX Application Thread] DEBUG FXGLApplication      - Initializing FXGL
01:27:15.943 [JavaFX Application Thread] INFO  Engine               - FXGL-17.2 (20.08.2022 16.50) on WINDOWS (J:18.0.2.1 FX:20.0.2)
01:27:15.944 [JavaFX Application Thread] DEBUG Engine               - JRE Vendor Name: Oracle Corporation
01:27:15.945 [JavaFX Application Thread] DEBUG Engine               - Running on OS: Windows 11 version 10.0
01:27:15.945 [JavaFX Application Thread] DEBUG Engine               - Architecture: amd64
01:27:15.945 [JavaFX Application Thread] INFO  Engine               - Source code and latest versions at: https://github.com/AlmasB/FXGL
01:27:15.946 [JavaFX Application Thread] INFO  Engine               -       Ask questions and discuss at: https://github.com/AlmasB/FXGL/discussions
01:27:15.946 [JavaFX Application Thread] INFO  Engine               -              Join the FXGL chat at: https://gitter.im/AlmasB/FXGL
01:27:16.099 [JavaFX Application Thread] DEBUG PrimaryStageWindow   - Creating a JavaFX scene
01:27:16.099 [JavaFX Application Thread] DEBUG PrimaryStageWindow   - Target size > screen size
01:27:16.169 [JavaFX Application Thread] DEBUG PrimaryStageWindow   - Target settings size: 1480.0 x 820.0
01:27:16.169 [JavaFX Application Thread] DEBUG PrimaryStageWindow   - Scaled scene size:    1415.0 x 797.0
01:27:16.170 [JavaFX Application Thread] DEBUG PrimaryStageWindow   - Scaled ratio: (0.956081081081081, 0.9719512195121951)
01:27:16.172 [JavaFX Application Thread] DEBUG PrimaryStageWindow   - Set initial scene to FXGLStartupScene
01:27:16.179 [JavaFX Application Thread] DEBUG PrimaryStageWindow   - Opening main window
01:27:16.335 [JavaFX Application Thread] DEBUG PrimaryStageWindow   - Window border size: (13.0, 35.5)
01:27:16.336 [JavaFX Application Thread] DEBUG PrimaryStageWindow   - Scaled size: 1415.0 x 797.0
01:27:16.336 [JavaFX Application Thread] DEBUG PrimaryStageWindow   - Scaled ratio: (0.956081081081081, 0.9719512195121951)
01:27:16.336 [JavaFX Application Thread] DEBUG PrimaryStageWindow   - Scene size: 1415.0 x 797.0
01:27:16.336 [JavaFX Application Thread] DEBUG PrimaryStageWindow   - Stage size: 1428.0 x 832.5
01:27:16.345 [FXGL Background Thread 1 ] DEBUG Engine               - Initializing environment variables
01:27:16.399 [FXGL Background Thread 1 ] DEBUG FXGLAssetLoaderServi - User app class for loading assets: class edu.vanier.animals_revenge.MainApp
01:27:16.399 [FXGL Background Thread 1 ] DEBUG GameApplicationServi - Applying CSS: fxgl_dark.css
01:27:16.401 [FXGL Background Thread 1 ] DEBUG FXGLAssetLoaderServi - Loading from file system: jar:file:/C:/Users/macke/.gradle/caches/modules-2/files-2.1/com.github.almasb/fxgl/17.2/35db6ae960eec2dcfd19262d3b7f9c42f0e95bc3/fxgl-17.2.jar!/fxglassets/ui/css/fxgl_dark.css
01:27:16.441 [FXGL Background Thread 1 ] DEBUG GameApplicationServi - Initializing application scenes
01:27:16.525 [FXGL Background Thread 1 ] DEBUG GameWorld            - Game world initialized
01:27:16.583 [FXGL Background Thread 1 ] DEBUG PhysicsWorld         - Physics world initialized: appHeight=820, physics.ppm=50.0
01:27:16.584 [FXGL Background Thread 1 ] DEBUG PhysicsWorld         - Using strategy: BRUTE_FORCE
01:27:16.588 [FXGL Background Thread 1 ] DEBUG GameScene            - Game scene initialized: 1480x820
01:27:16.589 [FXGL Background Thread 1 ] DEBUG GameApplicationServi - Application scenes initialized
01:27:16.607 [FXGL Background Thread 1 ] DEBUG SystemBundleService  - Loading FXGL system data
01:27:16.614 [FXGL Background Thread 1 ] DEBUG FileSystemAccess     - Reading from: C:\Users\macke\OneDrive\Documents\School\Semester 3\Programming in a Graphical User Interface\Homework\animals-revenge\system\fxgl.bundle
01:27:16.626 [FXGL Background Thread 1 ] DEBUG SystemBundleService  - Bundle FXGL: {}
01:27:16.627 [FXGL Background Thread 1 ] DEBUG UpdaterService       - Checking for updates
01:27:16.650 [FXGL Background Thread 4 ] DEBUG FXGLApplication      - Loading fonts
01:27:16.651 [FXGL Background Thread 4 ] DEBUG FXGLAssetLoaderServi - Loading from file system: jar:file:/C:/Users/macke/.gradle/caches/modules-2/files-2.1/com.github.almasb/fxgl/17.2/35db6ae960eec2dcfd19262d3b7f9c42f0e95bc3/fxgl-17.2.jar!/fxglassets/ui/fonts/VarelaRound-Regular.ttf
01:27:16.660 [FXGL Background Thread 1 ] DEBUG FXGLApplication      - Loading default localization
01:27:16.666 [FXGL Background Thread 1 ] DEBUG FXGLAssetLoaderServi - Loading from file system: jar:file:/C:/Users/macke/.gradle/caches/modules-2/files-2.1/com.github.almasb/fxgl/17.2/35db6ae960eec2dcfd19262d3b7f9c42f0e95bc3/fxgl-17.2.jar!/fxglassets/languages/english.lang
01:27:16.784 [FXGL Background Thread 1 ] INFO  FXGLApplication      - FXGL initialization took: 0.438 sec
01:27:16.790 [JavaFX Application Thread] DEBUG Input                - Registered new binding: Launch - RMB
01:27:16.790 [JavaFX Application Thread] DEBUG Input                - Registered new binding: Create - LMB
01:27:16.790 [JavaFX Application Thread] DEBUG Input                - Registered new binding: Drag - CTRL+LMB
01:27:16.791 [JavaFX Application Thread] DEBUG FXGLAssetLoaderServi - Loading from file system: jar:file:/C:/Users/macke/.gradle/caches/modules-2/files-2.1/com.github.almasb/fxgl/17.2/35db6ae960eec2dcfd19262d3b7f9c42f0e95bc3/fxgl-17.2.jar!/fxglassets/textures/fxgl_icon.png
01:27:16.815 [FXGL Background Thread 4 ] DEBUG FXGLAssetLoaderServi - Loading from file system: jar:file:/C:/Users/macke/.gradle/caches/modules-2/files-2.1/com.github.almasb/fxgl/17.2/35db6ae960eec2dcfd19262d3b7f9c42f0e95bc3/fxgl-17.2.jar!/fxglassets/ui/fonts/Abel-Regular.ttf
01:27:16.820 [FXGL Background Thread 4 ] DEBUG FXGLAssetLoaderServi - Loading from file system: jar:file:/C:/Users/macke/.gradle/caches/modules-2/files-2.1/com.github.almasb/fxgl/17.2/35db6ae960eec2dcfd19262d3b7f9c42f0e95bc3/fxgl-17.2.jar!/fxglassets/ui/fonts/TerminalLandMono-Regular.otf
01:27:16.825 [FXGL Background Thread 4 ] DEBUG FXGLAssetLoaderServi - Loading from file system: jar:file:/C:/Users/macke/.gradle/caches/modules-2/files-2.1/com.github.almasb/fxgl/17.2/35db6ae960eec2dcfd19262d3b7f9c42f0e95bc3/fxgl-17.2.jar!/fxglassets/ui/fonts/Courier-Prime.ttf
01:27:16.872 [JavaFX Application Thread] DEBUG FXGLAssetLoaderServi - Loading from file system: jar:file:/C:/Users/macke/.gradle/caches/modules-2/files-2.1/com.github.almasb/fxgl/17.2/35db6ae960eec2dcfd19262d3b7f9c42f0e95bc3/fxgl-17.2.jar!/fxglassets/textures/fxgl_default_cursor.png
01:27:16.893 [JavaFX Application Thread] DEBUG Input                - Registered new binding: Screenshot - CTRL+8
01:27:16.894 [JavaFX Application Thread] DEBUG Input                - Registered new binding: System info dump - CTRL+9
01:27:16.896 [JavaFX Application Thread] DEBUG Input                - Registered new binding: Restart - CTRL+R
01:27:16.903 [JavaFX Application Thread] DEBUG Input                - Registered new binding: Toggle Debug Camera - CTRL+7
01:27:16.915 [JavaFX Application Thread] DEBUG LoopRunner           - Starting loop
01:27:16.915 [JavaFX Application Thread] DEBUG LoopRunner           - Initializing JavaFX AnimationTimerLoop
01:27:16.923 [JavaFX Application Thread] DEBUG GameApplicationServi - Starting new game
01:27:16.924 [JavaFX Application Thread] DEBUG Input                - Clearing active input actions
01:27:16.941 [JavaFX Application Thread] DEBUG GameApplicationServi - Removing overlay from FXGLStartupScene and adding to FXGLLoadingScene
01:27:16.942 [JavaFX Application Thread] DEBUG PrimaryStageWindow   - FXGLStartupScene -> FXGLLoadingScene
01:27:16.942 [JavaFX Application Thread] DEBUG GameApplicationServi - Clearing previous game
01:27:16.942 [JavaFX Application Thread] DEBUG GameScene            - Clearing game scene
01:27:16.942 [JavaFX Application Thread] DEBUG GameWorld            - Clearing game world
01:27:16.942 [JavaFX Application Thread] DEBUG PhysicsWorld         - Clearing physics world
01:27:16.947 [FXGL Background Thread 4 ] DEBUG FXGLApplication      - Initializing game
01:27:16.949 [JavaFX Application Thread] DEBUG FXGLApplication      - Registering font factories with UI factory
01:27:17.013 [FXGL Background Thread 4 ] DEBUG FXGLAssetLoaderServi - Loading from file system: file:/C:/Users/macke/OneDrive/Documents/School/Semester%203/Programming%20in%20a%20Graphical%20User%20Interface/Homework/animals-revenge/build/resources/main/assets/ui/Home.fxml
01:27:17.443 [FXGL Background Thread 2 ] INFO  UpdaterService       - Your current version:  17.2
01:27:17.444 [FXGL Background Thread 2 ] INFO  UpdaterService       - Latest stable version: 17.3
01:27:17.694 [FXGL Background Thread 4 ] INFO  FXGLApplication      - Game initialization took: 0.746 sec
01:27:17.699 [JavaFX Application Thread] DEBUG Input                - Clearing active input actions
01:27:17.755 [JavaFX Application Thread] DEBUG GameApplicationServi - Removing overlay from FXGLLoadingScene and adding to GameScene
01:27:17.755 [JavaFX Application Thread] DEBUG PrimaryStageWindow   - FXGLLoadingScene -> GameScene
01:27:18.996 [JavaFX Application Thread] DEBUG FXGLAssetLoaderServi - Loading from file system: file:/C:/Users/macke/OneDrive/Documents/School/Semester%203/Programming%20in%20a%20Graphical%20User%20Interface/Homework/animals-revenge/build/resources/main/assets/ui/CustomProjectile.fxml
01:27:19.646 [FXGL Background Thread 3 ] DEBUG Engine               - Logging environment variables
01:27:19.647 [FXGL Background Thread 3 ] DEBUG Engine               - achievements: []
01:27:19.648 [FXGL Background Thread 3 ] DEBUG Engine               - actualHeight: 797.0
01:27:19.648 [FXGL Background Thread 3 ] DEBUG Engine               - actualHeightProperty: ReadOnlyDoubleProperty [value: 797.0]
01:27:19.648 [FXGL Background Thread 3 ] DEBUG Engine               - actualWidth: 1415.0
01:27:19.648 [FXGL Background Thread 3 ] DEBUG Engine               - actualWidthProperty: ReadOnlyDoubleProperty [value: 1415.0]
01:27:19.649 [FXGL Background Thread 3 ] DEBUG Engine               - appIcon: fxgl_icon.png
01:27:19.649 [FXGL Background Thread 3 ] DEBUG Engine               - applicationMode: DEVELOPER
01:27:19.649 [FXGL Background Thread 3 ] DEBUG Engine               - cSSList: [fxgl_dark.css]
01:27:19.649 [FXGL Background Thread 3 ] DEBUG Engine               - collisionDetectionStrategy: BRUTE_FORCE
01:27:19.650 [FXGL Background Thread 3 ] DEBUG Engine               - configClass: Optional.empty
01:27:19.650 [FXGL Background Thread 3 ] DEBUG Engine               - credits: []
01:27:19.655 [FXGL Background Thread 3 ] DEBUG Engine               - defaultCursor: CursorInfo(imageName=fxgl_default_cursor.png, hotspotX=7.0, hotspotY=6.0)
01:27:19.655 [FXGL Background Thread 3 ] DEBUG Engine               - devBBoxColorProperty: ObjectProperty [value: 0xff0000ff]
01:27:19.655 [FXGL Background Thread 3 ] DEBUG Engine               - devEnableDebugCameraProperty: BooleanProperty [value: false]
01:27:19.655 [FXGL Background Thread 3 ] DEBUG Engine               - devSensorColorProperty: ObjectProperty [value: 0xffff00ff]
01:27:19.655 [FXGL Background Thread 3 ] DEBUG Engine               - devShowBBoxProperty: BooleanProperty [value: false]
01:27:19.656 [FXGL Background Thread 3 ] DEBUG Engine               - devShowPositionProperty: BooleanProperty [value: false]
01:27:19.656 [FXGL Background Thread 3 ] DEBUG Engine               - enabledMenuItems: []
01:27:19.656 [FXGL Background Thread 3 ] DEBUG Engine               - engineServices: [class com.almasb.fxgl.app.services.FXGLAssetLoaderService, class com.almasb.fxgl.app.FXGLApplication$GameApplicationService, class com.almasb.fxgl.app.services.FXGLDialogService, class com.almasb.fxgl.app.services.IOTaskExecutorService, class com.almasb.fxgl.io.FileSystemService, class com.almasb.fxgl.localization.LocalizationService, class com.almasb.fxgl.app.services.SystemBundleService, class com.almasb.fxgl.profile.SaveLoadService, class com.almasb.fxgl.ui.FXGLUIFactoryServiceProvider, class com.almasb.fxgl.ui.FXGLDialogFactoryServiceProvider, class com.almasb.fxgl.audio.AudioPlayer, class com.almasb.fxgl.notification.impl.NotificationServiceProvider, class com.almasb.fxgl.achievement.AchievementService, class com.almasb.fxgl.cutscene.CutsceneService, class com.almasb.fxgl.minigames.MiniGameService, class com.almasb.fxgl.net.NetService, class com.almasb.fxgl.app.services.UpdaterService, class com.almasb.fxgl.dev.DevService]
01:27:19.656 [FXGL Background Thread 3 ] DEBUG Engine               - fontGame: Abel-Regular.ttf
01:27:19.656 [FXGL Background Thread 3 ] DEBUG Engine               - fontMono: TerminalLandMono-Regular.otf
01:27:19.656 [FXGL Background Thread 3 ] DEBUG Engine               - fontText: Courier-Prime.ttf
01:27:19.656 [FXGL Background Thread 3 ] DEBUG Engine               - fontUI: VarelaRound-Regular.ttf
01:27:19.656 [FXGL Background Thread 3 ] DEBUG Engine               - fullScreen: BooleanProperty [value: false]
01:27:19.656 [FXGL Background Thread 3 ] DEBUG Engine               - gameDifficulty: MEDIUM
01:27:19.656 [FXGL Background Thread 3 ] DEBUG Engine               - gameDifficultyProperty: ObjectProperty [value: MEDIUM]
01:27:19.656 [FXGL Background Thread 3 ] DEBUG Engine               - globalMusicVolume: 0.5
01:27:19.656 [FXGL Background Thread 3 ] DEBUG Engine               - globalMusicVolumeProperty: DoubleProperty [value: 0.5]
01:27:19.656 [FXGL Background Thread 3 ] DEBUG Engine               - globalSoundVolume: 0.5
01:27:19.656 [FXGL Background Thread 3 ] DEBUG Engine               - globalSoundVolumeProperty: DoubleProperty [value: 0.5]
01:27:19.656 [FXGL Background Thread 3 ] DEBUG Engine               - height: 820
01:27:19.656 [FXGL Background Thread 3 ] DEBUG Engine               - is3D: false
01:27:19.656 [FXGL Background Thread 3 ] DEBUG Engine               - isAndroid: false
01:27:19.656 [FXGL Background Thread 3 ] DEBUG Engine               - isBrowser: false
01:27:19.656 [FXGL Background Thread 3 ] DEBUG Engine               - isClickFeedbackEnabled: false
01:27:19.656 [FXGL Background Thread 3 ] DEBUG Engine               - isCloseConfirmation: false
01:27:19.656 [FXGL Background Thread 3 ] DEBUG Engine               - isDesktop: true
01:27:19.656 [FXGL Background Thread 3 ] DEBUG Engine               - isDeveloperMenuEnabled: false
01:27:19.657 [FXGL Background Thread 3 ] DEBUG Engine               - isEmbedded: false
01:27:19.657 [FXGL Background Thread 3 ] DEBUG Engine               - isEntityPreloadEnabled: true
01:27:19.657 [FXGL Background Thread 3 ] DEBUG Engine               - isExperimentalTiledLargeMap: false
01:27:19.657 [FXGL Background Thread 3 ] DEBUG Engine               - isFileSystemWriteAllowed: true
01:27:19.657 [FXGL Background Thread 3 ] DEBUG Engine               - isFullScreenAllowed: false
01:27:19.657 [FXGL Background Thread 3 ] DEBUG Engine               - isFullScreenFromStart: false
01:27:19.657 [FXGL Background Thread 3 ] DEBUG Engine               - isGameMenuEnabled: false
01:27:19.657 [FXGL Background Thread 3 ] DEBUG Engine               - isIOS: false
01:27:19.657 [FXGL Background Thread 3 ] DEBUG Engine               - isIntroEnabled: false
01:27:19.657 [FXGL Background Thread 3 ] DEBUG Engine               - isLinux: false
01:27:19.657 [FXGL Background Thread 3 ] DEBUG Engine               - isMac: false
01:27:19.657 [FXGL Background Thread 3 ] DEBUG Engine               - isMainMenuEnabled: false
01:27:19.658 [FXGL Background Thread 3 ] DEBUG Engine               - isManualResizeEnabled: false
01:27:19.658 [FXGL Background Thread 3 ] DEBUG Engine               - isMobile: false
01:27:19.658 [FXGL Background Thread 3 ] DEBUG Engine               - isNative: false
01:27:19.658 [FXGL Background Thread 3 ] DEBUG Engine               - isPauseMusicWhenMinimized: true
01:27:19.658 [FXGL Background Thread 3 ] DEBUG Engine               - isPreserveResizeRatio: false
01:27:19.658 [FXGL Background Thread 3 ] DEBUG Engine               - isProfilingEnabled: false
01:27:19.658 [FXGL Background Thread 3 ] DEBUG Engine               - isScaleAffectedOnResize: true
01:27:19.658 [FXGL Background Thread 3 ] DEBUG Engine               - isSingleStep: false
01:27:19.658 [FXGL Background Thread 3 ] DEBUG Engine               - isUserProfileEnabled: false
01:27:19.658 [FXGL Background Thread 3 ] DEBUG Engine               - isWindows: true
01:27:19.658 [FXGL Background Thread 3 ] DEBUG Engine               - language: ObjectProperty [value: ENGLISH]
01:27:19.658 [FXGL Background Thread 3 ] DEBUG Engine               - menuKey: ESCAPE
01:27:19.658 [FXGL Background Thread 3 ] DEBUG Engine               - mouseSensitivity: 0.2
01:27:19.658 [FXGL Background Thread 3 ] DEBUG Engine               - notificationViewClass: class com.almasb.fxgl.notification.view.XboxNotificationView
01:27:19.658 [FXGL Background Thread 3 ] DEBUG Engine               - pixelsPerMeter: 50.0
01:27:19.658 [FXGL Background Thread 3 ] DEBUG Engine               - platform: WINDOWS
01:27:19.658 [FXGL Background Thread 3 ] DEBUG Engine               - prefHeightProperty: ReadOnlyDoubleProperty [value: 820.0]
01:27:19.658 [FXGL Background Thread 3 ] DEBUG Engine               - prefWidthProperty: ReadOnlyDoubleProperty [value: 1480.0]
01:27:19.658 [FXGL Background Thread 3 ] DEBUG Engine               - profileDir: profiles/
01:27:19.658 [FXGL Background Thread 3 ] DEBUG Engine               - profileName: StringProperty [value: DEFAULT]
01:27:19.658 [FXGL Background Thread 3 ] DEBUG Engine               - randomSeed: -1
01:27:19.661 [FXGL Background Thread 3 ] DEBUG Engine               - runtimeInfo: RuntimeInfo(platform=WINDOWS, version=17.2, build=20.08.2022 16.50)
01:27:19.662 [FXGL Background Thread 3 ] DEBUG Engine               - saveFileExt: sav
01:27:19.662 [FXGL Background Thread 3 ] DEBUG Engine               - scaledHeightProp$fxgl: DoubleProperty [bound, value: 797.0]
01:27:19.662 [FXGL Background Thread 3 ] DEBUG Engine               - scaledWidthProp$fxgl: DoubleProperty [bound, value: 1415.0]
01:27:19.662 [FXGL Background Thread 3 ] DEBUG Engine               - sceneFactory: com.almasb.fxgl.app.scene.SceneFactory@2db44267
01:27:19.662 [FXGL Background Thread 3 ] DEBUG Engine               - secondsIn24h: 60
01:27:19.662 [FXGL Background Thread 3 ] DEBUG Engine               - soundMenuBack: menu/back.wav
01:27:19.662 [FXGL Background Thread 3 ] DEBUG Engine               - soundMenuPress: menu/press.wav
01:27:19.662 [FXGL Background Thread 3 ] DEBUG Engine               - soundMenuSelect: menu/select.wav
01:27:19.662 [FXGL Background Thread 3 ] DEBUG Engine               - soundNotification: core/notification.wav
01:27:19.663 [FXGL Background Thread 3 ] DEBUG Engine               - stageStyle: DECORATED
01:27:19.663 [FXGL Background Thread 3 ] DEBUG Engine               - supportedLanguages: [ENGLISH, FRENCH, GERMAN, HUNGARIAN, RUSSIAN]
01:27:19.663 [FXGL Background Thread 3 ] DEBUG Engine               - ticksPerSecond: -1
01:27:19.663 [FXGL Background Thread 3 ] DEBUG Engine               - title: Untitled
01:27:19.663 [FXGL Background Thread 3 ] DEBUG Engine               - urlGithub: https://github.com/AlmasB/FXGL
01:27:19.664 [FXGL Background Thread 3 ] DEBUG Engine               - urlLeaderboard: http://fxgl-top.herokuapp.com/
01:27:19.664 [FXGL Background Thread 3 ] DEBUG Engine               - urlPOM: https://raw.githubusercontent.com/AlmasB/FXGL/release/README.md
01:27:19.664 [FXGL Background Thread 3 ] DEBUG Engine               - userAppClass: class edu.vanier.animals_revenge.MainApp
01:27:19.664 [FXGL Background Thread 3 ] DEBUG Engine               - version: 0.0
01:27:19.664 [FXGL Background Thread 3 ] DEBUG Engine               - versionCheckDays: 7
01:27:19.664 [FXGL Background Thread 3 ] DEBUG Engine               - width: 1480
01:27:19.664 [FXGL Background Thread 3 ] DEBUG Engine               - Logging services
01:27:19.664 [FXGL Background Thread 3 ] DEBUG Engine               - class com.almasb.fxgl.app.services.FXGLAssetLoaderService
01:27:19.664 [FXGL Background Thread 3 ] DEBUG Engine               - class com.almasb.fxgl.app.FXGLApplication$GameApplicationService
01:27:19.664 [FXGL Background Thread 3 ] DEBUG Engine               - class com.almasb.fxgl.app.services.FXGLDialogService
01:27:19.664 [FXGL Background Thread 3 ] DEBUG Engine               - class com.almasb.fxgl.app.services.IOTaskExecutorService
01:27:19.664 [FXGL Background Thread 3 ] DEBUG Engine               - class com.almasb.fxgl.io.FileSystemService
01:27:19.664 [FXGL Background Thread 3 ] DEBUG Engine               - class com.almasb.fxgl.localization.LocalizationService
01:27:19.664 [FXGL Background Thread 3 ] DEBUG Engine               - class com.almasb.fxgl.app.services.SystemBundleService
01:27:19.664 [FXGL Background Thread 3 ] DEBUG Engine               - class com.almasb.fxgl.profile.SaveLoadService
01:27:19.664 [FXGL Background Thread 3 ] DEBUG Engine               - class com.almasb.fxgl.ui.FXGLUIFactoryServiceProvider
01:27:19.664 [FXGL Background Thread 3 ] DEBUG Engine               - class com.almasb.fxgl.ui.FXGLDialogFactoryServiceProvider
01:27:19.664 [FXGL Background Thread 3 ] DEBUG Engine               - class com.almasb.fxgl.audio.AudioPlayer
01:27:19.664 [FXGL Background Thread 3 ] DEBUG Engine               - class com.almasb.fxgl.notification.impl.NotificationServiceProvider
01:27:19.664 [FXGL Background Thread 3 ] DEBUG Engine               - class com.almasb.fxgl.achievement.AchievementService
01:27:19.664 [FXGL Background Thread 3 ] DEBUG Engine               - class com.almasb.fxgl.cutscene.CutsceneService
01:27:19.664 [FXGL Background Thread 3 ] DEBUG Engine               - class com.almasb.fxgl.minigames.MiniGameService
01:27:19.664 [FXGL Background Thread 3 ] DEBUG Engine               - class com.almasb.fxgl.net.NetService
01:27:19.664 [FXGL Background Thread 3 ] DEBUG Engine               - class com.almasb.fxgl.app.services.UpdaterService
01:27:19.664 [FXGL Background Thread 3 ] DEBUG Engine               - class com.almasb.fxgl.dev.DevService
01:27:25.043 [JavaFX Application Thread] DEBUG FXGLApplication      - Exiting FXGL
01:27:25.043 [JavaFX Application Thread] DEBUG LoopRunner           - Stopping loop
01:27:25.043 [JavaFX Application Thread] DEBUG SystemBundleService  - Saving FXGL system data
01:27:25.047 [JavaFX Application Thread] DEBUG FileSystemAccess     - Writing to: C:\Users\macke\OneDrive\Documents\School\Semester 3\Programming in a Graphical User Interface\Homework\animals-revenge\system\fxgl.bundle
01:27:25.052 [JavaFX Application Thread] DEBUG Async                - Shutting down background threads
01:27:25.052 [JavaFX Application Thread] DEBUG PrimaryStageWindow   - Closing main window
01:27:25.113 [JavaFX Application Thread] DEBUG Logger               - Closing Logger
