20:31:50.288 [main                     ] DEBUG Logger               - Configured Logger
20:31:50.327 [main                     ] DEBUG GameApplication      - Logging settings
Title: Untitled
Version: 0.0
Width: 1480
Height: 820
Fullscreen: false
Intro: false
Profiling: false
Single step:false
App Mode: DEVELOPER
Menu Key: ESCAPE
Stage Style: DECORATED
Scene Factory: class com.almasb.fxgl.app.scene.SceneFactory

20:31:50.913 [JavaFX Application Thread] DEBUG FXGLApplication      - Initializing FXGL
20:31:50.928 [JavaFX Application Thread] INFO  Engine               - FXGL-17.2 (20.08.2022 16.50) on WINDOWS (J:18.0.2.1 FX:20.0.2)
20:31:50.928 [JavaFX Application Thread] DEBUG Engine               - JRE Vendor Name: Oracle Corporation
20:31:50.930 [JavaFX Application Thread] DEBUG Engine               - Running on OS: Windows 11 version 10.0
20:31:50.930 [JavaFX Application Thread] DEBUG Engine               - Architecture: amd64
20:31:50.930 [JavaFX Application Thread] INFO  Engine               - Source code and latest versions at: https://github.com/AlmasB/FXGL
20:31:50.930 [JavaFX Application Thread] INFO  Engine               -       Ask questions and discuss at: https://github.com/AlmasB/FXGL/discussions
20:31:50.930 [JavaFX Application Thread] INFO  Engine               -              Join the FXGL chat at: https://gitter.im/AlmasB/FXGL
20:31:51.060 [JavaFX Application Thread] DEBUG PrimaryStageWindow   - Creating a JavaFX scene
20:31:51.060 [JavaFX Application Thread] DEBUG PrimaryStageWindow   - Target size > screen size
20:31:51.111 [JavaFX Application Thread] DEBUG PrimaryStageWindow   - Target settings size: 1480.0 x 820.0
20:31:51.112 [JavaFX Application Thread] DEBUG PrimaryStageWindow   - Scaled scene size:    1415.0 x 797.0
20:31:51.112 [JavaFX Application Thread] DEBUG PrimaryStageWindow   - Scaled ratio: (0.956081081081081, 0.9719512195121951)
20:31:51.113 [JavaFX Application Thread] DEBUG PrimaryStageWindow   - Set initial scene to FXGLStartupScene
20:31:51.117 [JavaFX Application Thread] DEBUG PrimaryStageWindow   - Opening main window
20:31:51.315 [JavaFX Application Thread] DEBUG PrimaryStageWindow   - Window border size: (13.0, 35.5)
20:31:51.316 [JavaFX Application Thread] DEBUG PrimaryStageWindow   - Scaled size: 1415.0 x 797.0
20:31:51.316 [JavaFX Application Thread] DEBUG PrimaryStageWindow   - Scaled ratio: (0.956081081081081, 0.9719512195121951)
20:31:51.316 [JavaFX Application Thread] DEBUG PrimaryStageWindow   - Scene size: 1415.0 x 797.0
20:31:51.318 [JavaFX Application Thread] DEBUG PrimaryStageWindow   - Stage size: 1428.0 x 832.5
20:31:51.331 [FXGL Background Thread 1 ] DEBUG Engine               - Initializing environment variables
20:31:51.452 [FXGL Background Thread 1 ] DEBUG FXGLAssetLoaderServi - User app class for loading assets: class edu.vanier.animals_revenge.MainApp
20:31:51.452 [FXGL Background Thread 1 ] DEBUG GameApplicationServi - Applying CSS: fxgl_dark.css
20:31:51.454 [FXGL Background Thread 1 ] DEBUG FXGLAssetLoaderServi - Loading from file system: jar:file:/C:/Users/macke/.gradle/caches/modules-2/files-2.1/com.github.almasb/fxgl/17.2/35db6ae960eec2dcfd19262d3b7f9c42f0e95bc3/fxgl-17.2.jar!/fxglassets/ui/css/fxgl_dark.css
20:31:51.589 [FXGL Background Thread 1 ] DEBUG GameApplicationServi - Initializing application scenes
20:31:51.810 [FXGL Background Thread 1 ] DEBUG GameWorld            - Game world initialized
20:31:51.911 [FXGL Background Thread 1 ] DEBUG PhysicsWorld         - Physics world initialized: appHeight=820, physics.ppm=50.0
20:31:51.911 [FXGL Background Thread 1 ] DEBUG PhysicsWorld         - Using strategy: BRUTE_FORCE
20:31:51.929 [FXGL Background Thread 1 ] DEBUG GameScene            - Game scene initialized: 1480x820
20:31:51.929 [FXGL Background Thread 1 ] DEBUG GameApplicationServi - Application scenes initialized
20:31:51.964 [FXGL Background Thread 1 ] DEBUG SystemBundleService  - Loading FXGL system data
20:31:51.983 [FXGL Background Thread 1 ] DEBUG FileSystemAccess     - Reading from: C:\Users\macke\OneDrive\Documents\School\Semester 3\Programming in a Graphical User Interface\Homework\animals-revenge\system\fxgl.bundle
20:31:52.005 [FXGL Background Thread 1 ] DEBUG SystemBundleService  - Bundle FXGL: {}
20:31:52.005 [FXGL Background Thread 1 ] DEBUG UpdaterService       - Checking for updates
20:31:52.018 [FXGL Background Thread 4 ] DEBUG FXGLApplication      - Loading fonts
20:31:52.019 [FXGL Background Thread 1 ] DEBUG FXGLApplication      - Loading default localization
20:31:52.020 [FXGL Background Thread 4 ] DEBUG FXGLAssetLoaderServi - Loading from file system: jar:file:/C:/Users/macke/.gradle/caches/modules-2/files-2.1/com.github.almasb/fxgl/17.2/35db6ae960eec2dcfd19262d3b7f9c42f0e95bc3/fxgl-17.2.jar!/fxglassets/ui/fonts/VarelaRound-Regular.ttf
20:31:52.022 [FXGL Background Thread 1 ] DEBUG FXGLAssetLoaderServi - Loading from file system: jar:file:/C:/Users/macke/.gradle/caches/modules-2/files-2.1/com.github.almasb/fxgl/17.2/35db6ae960eec2dcfd19262d3b7f9c42f0e95bc3/fxgl-17.2.jar!/fxglassets/languages/english.lang
20:31:52.275 [FXGL Background Thread 4 ] DEBUG FXGLAssetLoaderServi - Loading from file system: jar:file:/C:/Users/macke/.gradle/caches/modules-2/files-2.1/com.github.almasb/fxgl/17.2/35db6ae960eec2dcfd19262d3b7f9c42f0e95bc3/fxgl-17.2.jar!/fxglassets/ui/fonts/Abel-Regular.ttf
20:31:52.285 [FXGL Background Thread 4 ] DEBUG FXGLAssetLoaderServi - Loading from file system: jar:file:/C:/Users/macke/.gradle/caches/modules-2/files-2.1/com.github.almasb/fxgl/17.2/35db6ae960eec2dcfd19262d3b7f9c42f0e95bc3/fxgl-17.2.jar!/fxglassets/ui/fonts/TerminalLandMono-Regular.otf
20:31:52.297 [FXGL Background Thread 4 ] DEBUG FXGLAssetLoaderServi - Loading from file system: jar:file:/C:/Users/macke/.gradle/caches/modules-2/files-2.1/com.github.almasb/fxgl/17.2/35db6ae960eec2dcfd19262d3b7f9c42f0e95bc3/fxgl-17.2.jar!/fxglassets/ui/fonts/Courier-Prime.ttf
20:31:52.318 [JavaFX Application Thread] DEBUG FXGLApplication      - Registering font factories with UI factory
20:31:52.357 [FXGL Background Thread 1 ] INFO  FXGLApplication      - FXGL initialization took: 1.026 sec
20:31:52.388 [JavaFX Application Thread] DEBUG Input                - Registered new binding: Launch - RMB
20:31:52.388 [JavaFX Application Thread] DEBUG Input                - Registered new binding: Create - LMB
20:31:52.389 [JavaFX Application Thread] DEBUG Input                - Registered new binding: Drag - CTRL+LMB
20:31:52.391 [JavaFX Application Thread] DEBUG FXGLAssetLoaderServi - Loading from file system: jar:file:/C:/Users/macke/.gradle/caches/modules-2/files-2.1/com.github.almasb/fxgl/17.2/35db6ae960eec2dcfd19262d3b7f9c42f0e95bc3/fxgl-17.2.jar!/fxglassets/textures/fxgl_icon.png
20:31:52.519 [JavaFX Application Thread] DEBUG FXGLAssetLoaderServi - Loading from file system: jar:file:/C:/Users/macke/.gradle/caches/modules-2/files-2.1/com.github.almasb/fxgl/17.2/35db6ae960eec2dcfd19262d3b7f9c42f0e95bc3/fxgl-17.2.jar!/fxglassets/textures/fxgl_default_cursor.png
20:31:52.530 [JavaFX Application Thread] DEBUG Input                - Registered new binding: Screenshot - CTRL+8
20:31:52.531 [JavaFX Application Thread] DEBUG Input                - Registered new binding: System info dump - CTRL+9
20:31:52.536 [JavaFX Application Thread] DEBUG Input                - Registered new binding: Restart - CTRL+R
20:31:52.538 [JavaFX Application Thread] DEBUG Input                - Registered new binding: Toggle Debug Camera - CTRL+7
20:31:52.544 [JavaFX Application Thread] DEBUG LoopRunner           - Starting loop
20:31:52.545 [JavaFX Application Thread] DEBUG LoopRunner           - Initializing JavaFX AnimationTimerLoop
20:31:52.548 [JavaFX Application Thread] DEBUG GameApplicationServi - Starting new game
20:31:52.549 [JavaFX Application Thread] DEBUG Input                - Clearing active input actions
20:31:52.593 [JavaFX Application Thread] DEBUG GameApplicationServi - Removing overlay from FXGLStartupScene and adding to FXGLLoadingScene
20:31:52.594 [JavaFX Application Thread] DEBUG PrimaryStageWindow   - FXGLStartupScene -> FXGLLoadingScene
20:31:52.594 [JavaFX Application Thread] DEBUG GameApplicationServi - Clearing previous game
20:31:52.594 [JavaFX Application Thread] DEBUG GameScene            - Clearing game scene
20:31:52.594 [JavaFX Application Thread] DEBUG GameWorld            - Clearing game world
20:31:52.595 [JavaFX Application Thread] DEBUG PhysicsWorld         - Clearing physics world
20:31:52.613 [FXGL Background Thread 1 ] DEBUG FXGLApplication      - Initializing game
20:31:52.899 [FXGL Background Thread 1 ] DEBUG FXGLAssetLoaderServi - Loading from file system: file:/C:/Users/macke/OneDrive/Documents/School/Semester%203/Programming%20in%20a%20Graphical%20User%20Interface/Homework/animals-revenge/build/resources/main/assets/ui/Home.fxml
20:31:54.096 [FXGL Background Thread 2 ] INFO  UpdaterService       - Your current version:  17.2
20:31:54.096 [FXGL Background Thread 2 ] INFO  UpdaterService       - Latest stable version: 17.3
20:31:54.244 [FXGL Background Thread 1 ] INFO  FXGLApplication      - Game initialization took: 1.630 sec
20:31:54.247 [JavaFX Application Thread] DEBUG Input                - Clearing active input actions
20:31:54.322 [JavaFX Application Thread] DEBUG GameApplicationServi - Removing overlay from FXGLLoadingScene and adding to GameScene
20:31:54.322 [JavaFX Application Thread] DEBUG PrimaryStageWindow   - FXGLLoadingScene -> GameScene
20:31:55.015 [FXGL Background Thread 3 ] DEBUG Engine               - Logging environment variables
20:31:55.015 [FXGL Background Thread 3 ] DEBUG Engine               - achievements: []
20:31:55.015 [FXGL Background Thread 3 ] DEBUG Engine               - actualHeight: 797.0
20:31:55.015 [FXGL Background Thread 3 ] DEBUG Engine               - actualHeightProperty: ReadOnlyDoubleProperty [value: 797.0]
20:31:55.015 [FXGL Background Thread 3 ] DEBUG Engine               - actualWidth: 1415.0
20:31:55.015 [FXGL Background Thread 3 ] DEBUG Engine               - actualWidthProperty: ReadOnlyDoubleProperty [value: 1415.0]
20:31:55.015 [FXGL Background Thread 3 ] DEBUG Engine               - appIcon: fxgl_icon.png
20:31:55.016 [FXGL Background Thread 3 ] DEBUG Engine               - applicationMode: DEVELOPER
20:31:55.016 [FXGL Background Thread 3 ] DEBUG Engine               - cSSList: [fxgl_dark.css]
20:31:55.016 [FXGL Background Thread 3 ] DEBUG Engine               - collisionDetectionStrategy: BRUTE_FORCE
20:31:55.016 [FXGL Background Thread 3 ] DEBUG Engine               - configClass: Optional.empty
20:31:55.017 [FXGL Background Thread 3 ] DEBUG Engine               - credits: []
20:31:55.022 [FXGL Background Thread 3 ] DEBUG Engine               - defaultCursor: CursorInfo(imageName=fxgl_default_cursor.png, hotspotX=7.0, hotspotY=6.0)
20:31:55.022 [FXGL Background Thread 3 ] DEBUG Engine               - devBBoxColorProperty: ObjectProperty [value: 0xff0000ff]
20:31:55.023 [FXGL Background Thread 3 ] DEBUG Engine               - devEnableDebugCameraProperty: BooleanProperty [value: false]
20:31:55.023 [FXGL Background Thread 3 ] DEBUG Engine               - devSensorColorProperty: ObjectProperty [value: 0xffff00ff]
20:31:55.023 [FXGL Background Thread 3 ] DEBUG Engine               - devShowBBoxProperty: BooleanProperty [value: false]
20:31:55.023 [FXGL Background Thread 3 ] DEBUG Engine               - devShowPositionProperty: BooleanProperty [value: false]
20:31:55.023 [FXGL Background Thread 3 ] DEBUG Engine               - enabledMenuItems: []
20:31:55.023 [FXGL Background Thread 3 ] DEBUG Engine               - engineServices: [class com.almasb.fxgl.app.services.FXGLAssetLoaderService, class com.almasb.fxgl.app.FXGLApplication$GameApplicationService, class com.almasb.fxgl.app.services.FXGLDialogService, class com.almasb.fxgl.app.services.IOTaskExecutorService, class com.almasb.fxgl.io.FileSystemService, class com.almasb.fxgl.localization.LocalizationService, class com.almasb.fxgl.app.services.SystemBundleService, class com.almasb.fxgl.profile.SaveLoadService, class com.almasb.fxgl.ui.FXGLUIFactoryServiceProvider, class com.almasb.fxgl.ui.FXGLDialogFactoryServiceProvider, class com.almasb.fxgl.audio.AudioPlayer, class com.almasb.fxgl.notification.impl.NotificationServiceProvider, class com.almasb.fxgl.achievement.AchievementService, class com.almasb.fxgl.cutscene.CutsceneService, class com.almasb.fxgl.minigames.MiniGameService, class com.almasb.fxgl.net.NetService, class com.almasb.fxgl.app.services.UpdaterService, class com.almasb.fxgl.dev.DevService]
20:31:55.023 [FXGL Background Thread 3 ] DEBUG Engine               - fontGame: Abel-Regular.ttf
20:31:55.023 [FXGL Background Thread 3 ] DEBUG Engine               - fontMono: TerminalLandMono-Regular.otf
20:31:55.023 [FXGL Background Thread 3 ] DEBUG Engine               - fontText: Courier-Prime.ttf
20:31:55.023 [FXGL Background Thread 3 ] DEBUG Engine               - fontUI: VarelaRound-Regular.ttf
20:31:55.023 [FXGL Background Thread 3 ] DEBUG Engine               - fullScreen: BooleanProperty [value: false]
20:31:55.023 [FXGL Background Thread 3 ] DEBUG Engine               - gameDifficulty: MEDIUM
20:31:55.023 [FXGL Background Thread 3 ] DEBUG Engine               - gameDifficultyProperty: ObjectProperty [value: MEDIUM]
20:31:55.023 [FXGL Background Thread 3 ] DEBUG Engine               - globalMusicVolume: 0.5
20:31:55.023 [FXGL Background Thread 3 ] DEBUG Engine               - globalMusicVolumeProperty: DoubleProperty [value: 0.5]
20:31:55.023 [FXGL Background Thread 3 ] DEBUG Engine               - globalSoundVolume: 0.5
20:31:55.023 [FXGL Background Thread 3 ] DEBUG Engine               - globalSoundVolumeProperty: DoubleProperty [value: 0.5]
20:31:55.024 [FXGL Background Thread 3 ] DEBUG Engine               - height: 820
20:31:55.024 [FXGL Background Thread 3 ] DEBUG Engine               - is3D: false
20:31:55.024 [FXGL Background Thread 3 ] DEBUG Engine               - isAndroid: false
20:31:55.024 [FXGL Background Thread 3 ] DEBUG Engine               - isBrowser: false
20:31:55.024 [FXGL Background Thread 3 ] DEBUG Engine               - isClickFeedbackEnabled: false
20:31:55.024 [FXGL Background Thread 3 ] DEBUG Engine               - isCloseConfirmation: false
20:31:55.024 [FXGL Background Thread 3 ] DEBUG Engine               - isDesktop: true
20:31:55.026 [FXGL Background Thread 3 ] DEBUG Engine               - isDeveloperMenuEnabled: false
20:31:55.026 [FXGL Background Thread 3 ] DEBUG Engine               - isEmbedded: false
20:31:55.026 [FXGL Background Thread 3 ] DEBUG Engine               - isEntityPreloadEnabled: true
20:31:55.026 [FXGL Background Thread 3 ] DEBUG Engine               - isExperimentalTiledLargeMap: false
20:31:55.026 [FXGL Background Thread 3 ] DEBUG Engine               - isFileSystemWriteAllowed: true
20:31:55.026 [FXGL Background Thread 3 ] DEBUG Engine               - isFullScreenAllowed: false
20:31:55.026 [FXGL Background Thread 3 ] DEBUG Engine               - isFullScreenFromStart: false
20:31:55.026 [FXGL Background Thread 3 ] DEBUG Engine               - isGameMenuEnabled: false
20:31:55.026 [FXGL Background Thread 3 ] DEBUG Engine               - isIOS: false
20:31:55.026 [FXGL Background Thread 3 ] DEBUG Engine               - isIntroEnabled: false
20:31:55.026 [FXGL Background Thread 3 ] DEBUG Engine               - isLinux: false
20:31:55.027 [FXGL Background Thread 3 ] DEBUG Engine               - isMac: false
20:31:55.027 [FXGL Background Thread 3 ] DEBUG Engine               - isMainMenuEnabled: false
20:31:55.027 [FXGL Background Thread 3 ] DEBUG Engine               - isManualResizeEnabled: false
20:31:55.027 [FXGL Background Thread 3 ] DEBUG Engine               - isMobile: false
20:31:55.028 [FXGL Background Thread 3 ] DEBUG Engine               - isNative: false
20:31:55.028 [FXGL Background Thread 3 ] DEBUG Engine               - isPauseMusicWhenMinimized: true
20:31:55.028 [FXGL Background Thread 3 ] DEBUG Engine               - isPreserveResizeRatio: false
20:31:55.028 [FXGL Background Thread 3 ] DEBUG Engine               - isProfilingEnabled: false
20:31:55.028 [FXGL Background Thread 3 ] DEBUG Engine               - isScaleAffectedOnResize: true
20:31:55.028 [FXGL Background Thread 3 ] DEBUG Engine               - isSingleStep: false
20:31:55.028 [FXGL Background Thread 3 ] DEBUG Engine               - isUserProfileEnabled: false
20:31:55.028 [FXGL Background Thread 3 ] DEBUG Engine               - isWindows: true
20:31:55.028 [FXGL Background Thread 3 ] DEBUG Engine               - language: ObjectProperty [value: ENGLISH]
20:31:55.028 [FXGL Background Thread 3 ] DEBUG Engine               - menuKey: ESCAPE
20:31:55.028 [FXGL Background Thread 3 ] DEBUG Engine               - mouseSensitivity: 0.2
20:31:55.028 [FXGL Background Thread 3 ] DEBUG Engine               - notificationViewClass: class com.almasb.fxgl.notification.view.XboxNotificationView
20:31:55.028 [FXGL Background Thread 3 ] DEBUG Engine               - pixelsPerMeter: 50.0
20:31:55.028 [FXGL Background Thread 3 ] DEBUG Engine               - platform: WINDOWS
20:31:55.029 [FXGL Background Thread 3 ] DEBUG Engine               - prefHeightProperty: ReadOnlyDoubleProperty [value: 820.0]
20:31:55.029 [FXGL Background Thread 3 ] DEBUG Engine               - prefWidthProperty: ReadOnlyDoubleProperty [value: 1480.0]
20:31:55.029 [FXGL Background Thread 3 ] DEBUG Engine               - profileDir: profiles/
20:31:55.029 [FXGL Background Thread 3 ] DEBUG Engine               - profileName: StringProperty [value: DEFAULT]
20:31:55.029 [FXGL Background Thread 3 ] DEBUG Engine               - randomSeed: -1
20:31:55.032 [FXGL Background Thread 3 ] DEBUG Engine               - runtimeInfo: RuntimeInfo(platform=WINDOWS, version=17.2, build=20.08.2022 16.50)
20:31:55.032 [FXGL Background Thread 3 ] DEBUG Engine               - saveFileExt: sav
20:31:55.032 [FXGL Background Thread 3 ] DEBUG Engine               - scaledHeightProp$fxgl: DoubleProperty [bound, value: 797.0]
20:31:55.032 [FXGL Background Thread 3 ] DEBUG Engine               - scaledWidthProp$fxgl: DoubleProperty [bound, value: 1415.0]
20:31:55.032 [FXGL Background Thread 3 ] DEBUG Engine               - sceneFactory: com.almasb.fxgl.app.scene.SceneFactory@4855f9e9
20:31:55.032 [FXGL Background Thread 3 ] DEBUG Engine               - secondsIn24h: 60
20:31:55.032 [FXGL Background Thread 3 ] DEBUG Engine               - soundMenuBack: menu/back.wav
20:31:55.032 [FXGL Background Thread 3 ] DEBUG Engine               - soundMenuPress: menu/press.wav
20:31:55.032 [FXGL Background Thread 3 ] DEBUG Engine               - soundMenuSelect: menu/select.wav
20:31:55.032 [FXGL Background Thread 3 ] DEBUG Engine               - soundNotification: core/notification.wav
20:31:55.032 [FXGL Background Thread 3 ] DEBUG Engine               - stageStyle: DECORATED
20:31:55.032 [FXGL Background Thread 3 ] DEBUG Engine               - supportedLanguages: [ENGLISH, FRENCH, GERMAN, HUNGARIAN, RUSSIAN]
20:31:55.032 [FXGL Background Thread 3 ] DEBUG Engine               - ticksPerSecond: -1
20:31:55.032 [FXGL Background Thread 3 ] DEBUG Engine               - title: Untitled
20:31:55.032 [FXGL Background Thread 3 ] DEBUG Engine               - urlGithub: https://github.com/AlmasB/FXGL
20:31:55.032 [FXGL Background Thread 3 ] DEBUG Engine               - urlLeaderboard: http://fxgl-top.herokuapp.com/
20:31:55.033 [FXGL Background Thread 3 ] DEBUG Engine               - urlPOM: https://raw.githubusercontent.com/AlmasB/FXGL/release/README.md
20:31:55.033 [FXGL Background Thread 3 ] DEBUG Engine               - userAppClass: class edu.vanier.animals_revenge.MainApp
20:31:55.033 [FXGL Background Thread 3 ] DEBUG Engine               - version: 0.0
20:31:55.033 [FXGL Background Thread 3 ] DEBUG Engine               - versionCheckDays: 7
20:31:55.033 [FXGL Background Thread 3 ] DEBUG Engine               - width: 1480
20:31:55.033 [FXGL Background Thread 3 ] DEBUG Engine               - Logging services
20:31:55.033 [FXGL Background Thread 3 ] DEBUG Engine               - class com.almasb.fxgl.app.services.FXGLAssetLoaderService
20:31:55.033 [FXGL Background Thread 3 ] DEBUG Engine               - class com.almasb.fxgl.app.FXGLApplication$GameApplicationService
20:31:55.033 [FXGL Background Thread 3 ] DEBUG Engine               - class com.almasb.fxgl.app.services.FXGLDialogService
20:31:55.033 [FXGL Background Thread 3 ] DEBUG Engine               - class com.almasb.fxgl.app.services.IOTaskExecutorService
20:31:55.033 [FXGL Background Thread 3 ] DEBUG Engine               - class com.almasb.fxgl.io.FileSystemService
20:31:55.033 [FXGL Background Thread 3 ] DEBUG Engine               - class com.almasb.fxgl.localization.LocalizationService
20:31:55.033 [FXGL Background Thread 3 ] DEBUG Engine               - class com.almasb.fxgl.app.services.SystemBundleService
20:31:55.033 [FXGL Background Thread 3 ] DEBUG Engine               - class com.almasb.fxgl.profile.SaveLoadService
20:31:55.033 [FXGL Background Thread 3 ] DEBUG Engine               - class com.almasb.fxgl.ui.FXGLUIFactoryServiceProvider
20:31:55.033 [FXGL Background Thread 3 ] DEBUG Engine               - class com.almasb.fxgl.ui.FXGLDialogFactoryServiceProvider
20:31:55.033 [FXGL Background Thread 3 ] DEBUG Engine               - class com.almasb.fxgl.audio.AudioPlayer
20:31:55.033 [FXGL Background Thread 3 ] DEBUG Engine               - class com.almasb.fxgl.notification.impl.NotificationServiceProvider
20:31:55.033 [FXGL Background Thread 3 ] DEBUG Engine               - class com.almasb.fxgl.achievement.AchievementService
20:31:55.033 [FXGL Background Thread 3 ] DEBUG Engine               - class com.almasb.fxgl.cutscene.CutsceneService
20:31:55.033 [FXGL Background Thread 3 ] DEBUG Engine               - class com.almasb.fxgl.minigames.MiniGameService
20:31:55.033 [FXGL Background Thread 3 ] DEBUG Engine               - class com.almasb.fxgl.net.NetService
20:31:55.033 [FXGL Background Thread 3 ] DEBUG Engine               - class com.almasb.fxgl.app.services.UpdaterService
20:31:55.033 [FXGL Background Thread 3 ] DEBUG Engine               - class com.almasb.fxgl.dev.DevService
20:31:55.884 [JavaFX Application Thread] DEBUG FXGLAssetLoaderServi - Loading from file system: file:/C:/Users/macke/OneDrive/Documents/School/Semester%203/Programming%20in%20a%20Graphical%20User%20Interface/Homework/animals-revenge/build/resources/main/assets/ui/Simulator.fxml
20:31:56.080 [JavaFX Application Thread] DEBUG FXGLAssetLoaderServi - Loading from file system: file:/C:/Users/macke/OneDrive/Documents/School/Semester%203/Programming%20in%20a%20Graphical%20User%20Interface/Homework/animals-revenge/build/resources/main/assets/textures/cannon.png
20:31:56.084 [JavaFX Application Thread] DEBUG FXGLAssetLoaderServi - Loading from file system: file:/C:/Users/macke/OneDrive/Documents/School/Semester%203/Programming%20in%20a%20Graphical%20User%20Interface/Homework/animals-revenge/build/resources/main/assets/textures/brick32x32.png
20:31:58.784 [JavaFX Application Thread] DEBUG FXGLAssetLoaderServi - Loading from file system: file:/C:/Users/macke/OneDrive/Documents/School/Semester%203/Programming%20in%20a%20Graphical%20User%20Interface/Homework/animals-revenge/build/resources/main/assets/textures/soccer.png
20:32:06.685 [JavaFX Application Thread] DEBUG LoopRunner           - Pausing loop
20:32:09.030 [JavaFX Application Thread] DEBUG LoopRunner           - Resuming loop
20:32:10.302 [JavaFX Application Thread] DEBUG FXGLApplication      - Exiting FXGL
20:32:10.302 [JavaFX Application Thread] DEBUG LoopRunner           - Stopping loop
20:32:10.302 [JavaFX Application Thread] DEBUG SystemBundleService  - Saving FXGL system data
20:32:10.305 [JavaFX Application Thread] DEBUG FileSystemAccess     - Writing to: C:\Users\macke\OneDrive\Documents\School\Semester 3\Programming in a Graphical User Interface\Homework\animals-revenge\system\fxgl.bundle
20:32:10.308 [JavaFX Application Thread] DEBUG Async                - Shutting down background threads
20:32:10.308 [JavaFX Application Thread] DEBUG PrimaryStageWindow   - Closing main window
20:32:10.392 [JavaFX Application Thread] DEBUG Logger               - Closing Logger
