13:28:14.468 [main                     ] DEBUG Logger               - Configured Logger
13:28:14.484 [main                     ] DEBUG GameApplication      - Logging settings
Title: Untitled
Version: 0.0
Width: 1480
Height: 820
Fullscreen: false
Intro: false
Profiling: false
Single step:false
App Mode: DEVELOPER
Menu Key: ESCAPE
Stage Style: DECORATED
Scene Factory: class com.almasb.fxgl.app.scene.SceneFactory

13:28:15.089 [JavaFX Application Thread] DEBUG FXGLApplication      - Initializing FXGL
13:28:15.108 [JavaFX Application Thread] INFO  Engine               - FXGL-17.2 (20.08.2022 16.50) on WINDOWS (J:18.0.2.1 FX:20.0.2)
13:28:15.109 [JavaFX Application Thread] DEBUG Engine               - JRE Vendor Name: Oracle Corporation
13:28:15.109 [JavaFX Application Thread] DEBUG Engine               - Running on OS: Windows 11 version 10.0
13:28:15.109 [JavaFX Application Thread] DEBUG Engine               - Architecture: amd64
13:28:15.109 [JavaFX Application Thread] INFO  Engine               - Source code and latest versions at: https://github.com/AlmasB/FXGL
13:28:15.109 [JavaFX Application Thread] INFO  Engine               -       Ask questions and discuss at: https://github.com/AlmasB/FXGL/discussions
13:28:15.110 [JavaFX Application Thread] INFO  Engine               -              Join the FXGL chat at: https://gitter.im/AlmasB/FXGL
13:28:15.271 [JavaFX Application Thread] DEBUG PrimaryStageWindow   - Creating a JavaFX scene
13:28:15.271 [JavaFX Application Thread] DEBUG PrimaryStageWindow   - Target size > screen size
13:28:15.337 [JavaFX Application Thread] DEBUG PrimaryStageWindow   - Target settings size: 1480.0 x 820.0
13:28:15.338 [JavaFX Application Thread] DEBUG PrimaryStageWindow   - Scaled scene size:    1415.0 x 797.0
13:28:15.338 [JavaFX Application Thread] DEBUG PrimaryStageWindow   - Scaled ratio: (0.956081081081081, 0.9719512195121951)
13:28:15.339 [JavaFX Application Thread] DEBUG PrimaryStageWindow   - Set initial scene to FXGLStartupScene
13:28:15.344 [JavaFX Application Thread] DEBUG PrimaryStageWindow   - Opening main window
13:28:15.480 [JavaFX Application Thread] DEBUG PrimaryStageWindow   - Window border size: (13.0, 35.5)
13:28:15.481 [JavaFX Application Thread] DEBUG PrimaryStageWindow   - Scaled size: 1415.0 x 797.0
13:28:15.481 [JavaFX Application Thread] DEBUG PrimaryStageWindow   - Scaled ratio: (0.956081081081081, 0.9719512195121951)
13:28:15.481 [JavaFX Application Thread] DEBUG PrimaryStageWindow   - Scene size: 1415.0 x 797.0
13:28:15.482 [JavaFX Application Thread] DEBUG PrimaryStageWindow   - Stage size: 1428.0 x 832.5
13:28:15.491 [FXGL Background Thread 1 ] DEBUG Engine               - Initializing environment variables
13:28:15.539 [FXGL Background Thread 1 ] DEBUG FXGLAssetLoaderServi - User app class for loading assets: class edu.vanier.animals_revenge.MainApp
13:28:15.539 [FXGL Background Thread 1 ] DEBUG GameApplicationServi - Applying CSS: fxgl_dark.css
13:28:15.540 [FXGL Background Thread 1 ] DEBUG FXGLAssetLoaderServi - Loading from file system: jar:file:/C:/Users/macke/.gradle/caches/modules-2/files-2.1/com.github.almasb/fxgl/17.2/35db6ae960eec2dcfd19262d3b7f9c42f0e95bc3/fxgl-17.2.jar!/fxglassets/ui/css/fxgl_dark.css
13:28:15.592 [FXGL Background Thread 1 ] DEBUG GameApplicationServi - Initializing application scenes
13:28:15.656 [FXGL Background Thread 1 ] DEBUG GameWorld            - Game world initialized
13:28:15.775 [FXGL Background Thread 1 ] DEBUG PhysicsWorld         - Physics world initialized: appHeight=820, physics.ppm=50.0
13:28:15.775 [FXGL Background Thread 1 ] DEBUG PhysicsWorld         - Using strategy: BRUTE_FORCE
13:28:15.779 [FXGL Background Thread 1 ] DEBUG GameScene            - Game scene initialized: 1480x820
13:28:15.779 [FXGL Background Thread 1 ] DEBUG GameApplicationServi - Application scenes initialized
13:28:15.800 [FXGL Background Thread 1 ] DEBUG SystemBundleService  - Loading FXGL system data
13:28:15.804 [FXGL Background Thread 1 ] DEBUG FileSystemAccess     - Reading from: C:\Users\macke\OneDrive\Documents\School\Semester 3\Programming in a Graphical User Interface\Homework\animals-revenge\system\fxgl.bundle
13:28:15.821 [FXGL Background Thread 1 ] DEBUG SystemBundleService  - Bundle FXGL: {}
13:28:15.821 [FXGL Background Thread 1 ] DEBUG UpdaterService       - Checking for updates
13:28:15.843 [FXGL Background Thread 4 ] DEBUG FXGLApplication      - Loading fonts
13:28:15.845 [FXGL Background Thread 4 ] DEBUG FXGLAssetLoaderServi - Loading from file system: jar:file:/C:/Users/macke/.gradle/caches/modules-2/files-2.1/com.github.almasb/fxgl/17.2/35db6ae960eec2dcfd19262d3b7f9c42f0e95bc3/fxgl-17.2.jar!/fxglassets/ui/fonts/VarelaRound-Regular.ttf
13:28:15.847 [FXGL Background Thread 1 ] DEBUG FXGLApplication      - Loading default localization
13:28:15.855 [FXGL Background Thread 1 ] DEBUG FXGLAssetLoaderServi - Loading from file system: jar:file:/C:/Users/macke/.gradle/caches/modules-2/files-2.1/com.github.almasb/fxgl/17.2/35db6ae960eec2dcfd19262d3b7f9c42f0e95bc3/fxgl-17.2.jar!/fxglassets/languages/english.lang
13:28:16.011 [FXGL Background Thread 4 ] DEBUG FXGLAssetLoaderServi - Loading from file system: jar:file:/C:/Users/macke/.gradle/caches/modules-2/files-2.1/com.github.almasb/fxgl/17.2/35db6ae960eec2dcfd19262d3b7f9c42f0e95bc3/fxgl-17.2.jar!/fxglassets/ui/fonts/Abel-Regular.ttf
13:28:16.020 [FXGL Background Thread 4 ] DEBUG FXGLAssetLoaderServi - Loading from file system: jar:file:/C:/Users/macke/.gradle/caches/modules-2/files-2.1/com.github.almasb/fxgl/17.2/35db6ae960eec2dcfd19262d3b7f9c42f0e95bc3/fxgl-17.2.jar!/fxglassets/ui/fonts/TerminalLandMono-Regular.otf
13:28:16.022 [FXGL Background Thread 1 ] INFO  FXGLApplication      - FXGL initialization took: 0.531 sec
13:28:16.030 [FXGL Background Thread 4 ] DEBUG FXGLAssetLoaderServi - Loading from file system: jar:file:/C:/Users/macke/.gradle/caches/modules-2/files-2.1/com.github.almasb/fxgl/17.2/35db6ae960eec2dcfd19262d3b7f9c42f0e95bc3/fxgl-17.2.jar!/fxglassets/ui/fonts/Courier-Prime.ttf
13:28:16.106 [JavaFX Application Thread] DEBUG Input                - Registered new binding: Launch - RMB
13:28:16.109 [JavaFX Application Thread] DEBUG Input                - Registered new binding: Create - LMB
13:28:16.109 [JavaFX Application Thread] DEBUG Input                - Registered new binding: Drag - CTRL+LMB
13:28:16.110 [JavaFX Application Thread] DEBUG FXGLAssetLoaderServi - Loading from file system: jar:file:/C:/Users/macke/.gradle/caches/modules-2/files-2.1/com.github.almasb/fxgl/17.2/35db6ae960eec2dcfd19262d3b7f9c42f0e95bc3/fxgl-17.2.jar!/fxglassets/textures/fxgl_icon.png
13:28:16.427 [JavaFX Application Thread] DEBUG FXGLAssetLoaderServi - Loading from file system: jar:file:/C:/Users/macke/.gradle/caches/modules-2/files-2.1/com.github.almasb/fxgl/17.2/35db6ae960eec2dcfd19262d3b7f9c42f0e95bc3/fxgl-17.2.jar!/fxglassets/textures/fxgl_default_cursor.png
13:28:16.520 [JavaFX Application Thread] DEBUG Input                - Registered new binding: Screenshot - CTRL+8
13:28:16.538 [JavaFX Application Thread] DEBUG Input                - Registered new binding: System info dump - CTRL+9
13:28:16.546 [JavaFX Application Thread] DEBUG Input                - Registered new binding: Restart - CTRL+R
13:28:16.567 [JavaFX Application Thread] DEBUG Input                - Registered new binding: Toggle Debug Camera - CTRL+7
13:28:16.608 [JavaFX Application Thread] DEBUG LoopRunner           - Starting loop
13:28:16.609 [JavaFX Application Thread] DEBUG LoopRunner           - Initializing JavaFX AnimationTimerLoop
13:28:16.634 [JavaFX Application Thread] DEBUG GameApplicationServi - Starting new game
13:28:16.637 [JavaFX Application Thread] DEBUG Input                - Clearing active input actions
13:28:16.709 [JavaFX Application Thread] DEBUG GameApplicationServi - Removing overlay from FXGLStartupScene and adding to FXGLLoadingScene
13:28:16.711 [JavaFX Application Thread] DEBUG PrimaryStageWindow   - FXGLStartupScene -> FXGLLoadingScene
13:28:16.712 [JavaFX Application Thread] DEBUG GameApplicationServi - Clearing previous game
13:28:16.712 [JavaFX Application Thread] DEBUG GameScene            - Clearing game scene
13:28:16.712 [JavaFX Application Thread] DEBUG GameWorld            - Clearing game world
13:28:16.712 [JavaFX Application Thread] DEBUG PhysicsWorld         - Clearing physics world
13:28:16.745 [JavaFX Application Thread] DEBUG FXGLApplication      - Registering font factories with UI factory
13:28:16.745 [FXGL Background Thread 4 ] DEBUG FXGLApplication      - Initializing game
13:28:17.139 [FXGL Background Thread 4 ] DEBUG FXGLAssetLoaderServi - Loading from file system: file:/C:/Users/macke/OneDrive/Documents/School/Semester%203/Programming%20in%20a%20Graphical%20User%20Interface/Homework/animals-revenge/build/resources/main/assets/ui/Home.fxml
13:28:17.619 [FXGL Background Thread 2 ] INFO  UpdaterService       - Your current version:  17.2
13:28:17.619 [FXGL Background Thread 2 ] INFO  UpdaterService       - Latest stable version: 17.3
13:28:17.819 [FXGL Background Thread 4 ] INFO  FXGLApplication      - Game initialization took: 1.074 sec
13:28:17.827 [JavaFX Application Thread] DEBUG Input                - Clearing active input actions
13:28:17.849 [JavaFX Application Thread] DEBUG GameApplicationServi - Removing overlay from FXGLLoadingScene and adding to GameScene
13:28:17.850 [JavaFX Application Thread] DEBUG PrimaryStageWindow   - FXGLLoadingScene -> GameScene
13:28:18.841 [FXGL Background Thread 3 ] DEBUG Engine               - Logging environment variables
13:28:18.842 [FXGL Background Thread 3 ] DEBUG Engine               - achievements: []
13:28:18.843 [FXGL Background Thread 3 ] DEBUG Engine               - actualHeight: 797.0
13:28:18.843 [FXGL Background Thread 3 ] DEBUG Engine               - actualHeightProperty: ReadOnlyDoubleProperty [value: 797.0]
13:28:18.843 [FXGL Background Thread 3 ] DEBUG Engine               - actualWidth: 1415.0
13:28:18.843 [FXGL Background Thread 3 ] DEBUG Engine               - actualWidthProperty: ReadOnlyDoubleProperty [value: 1415.0]
13:28:18.844 [FXGL Background Thread 3 ] DEBUG Engine               - appIcon: fxgl_icon.png
13:28:18.844 [FXGL Background Thread 3 ] DEBUG Engine               - applicationMode: DEVELOPER
13:28:18.844 [FXGL Background Thread 3 ] DEBUG Engine               - cSSList: [fxgl_dark.css]
13:28:18.844 [FXGL Background Thread 3 ] DEBUG Engine               - collisionDetectionStrategy: BRUTE_FORCE
13:28:18.844 [FXGL Background Thread 3 ] DEBUG Engine               - configClass: Optional.empty
13:28:18.844 [FXGL Background Thread 3 ] DEBUG Engine               - credits: []
13:28:18.848 [FXGL Background Thread 3 ] DEBUG Engine               - defaultCursor: CursorInfo(imageName=fxgl_default_cursor.png, hotspotX=7.0, hotspotY=6.0)
13:28:18.849 [FXGL Background Thread 3 ] DEBUG Engine               - devBBoxColorProperty: ObjectProperty [value: 0xff0000ff]
13:28:18.850 [FXGL Background Thread 3 ] DEBUG Engine               - devEnableDebugCameraProperty: BooleanProperty [value: false]
13:28:18.850 [FXGL Background Thread 3 ] DEBUG Engine               - devSensorColorProperty: ObjectProperty [value: 0xffff00ff]
13:28:18.850 [FXGL Background Thread 3 ] DEBUG Engine               - devShowBBoxProperty: BooleanProperty [value: false]
13:28:18.850 [FXGL Background Thread 3 ] DEBUG Engine               - devShowPositionProperty: BooleanProperty [value: false]
13:28:18.850 [FXGL Background Thread 3 ] DEBUG Engine               - enabledMenuItems: []
13:28:18.850 [FXGL Background Thread 3 ] DEBUG Engine               - engineServices: [class com.almasb.fxgl.app.services.FXGLAssetLoaderService, class com.almasb.fxgl.app.FXGLApplication$GameApplicationService, class com.almasb.fxgl.app.services.FXGLDialogService, class com.almasb.fxgl.app.services.IOTaskExecutorService, class com.almasb.fxgl.io.FileSystemService, class com.almasb.fxgl.localization.LocalizationService, class com.almasb.fxgl.app.services.SystemBundleService, class com.almasb.fxgl.profile.SaveLoadService, class com.almasb.fxgl.ui.FXGLUIFactoryServiceProvider, class com.almasb.fxgl.ui.FXGLDialogFactoryServiceProvider, class com.almasb.fxgl.audio.AudioPlayer, class com.almasb.fxgl.notification.impl.NotificationServiceProvider, class com.almasb.fxgl.achievement.AchievementService, class com.almasb.fxgl.cutscene.CutsceneService, class com.almasb.fxgl.minigames.MiniGameService, class com.almasb.fxgl.net.NetService, class com.almasb.fxgl.app.services.UpdaterService, class com.almasb.fxgl.dev.DevService]
13:28:18.850 [FXGL Background Thread 3 ] DEBUG Engine               - fontGame: Abel-Regular.ttf
13:28:18.850 [FXGL Background Thread 3 ] DEBUG Engine               - fontMono: TerminalLandMono-Regular.otf
13:28:18.851 [FXGL Background Thread 3 ] DEBUG Engine               - fontText: Courier-Prime.ttf
13:28:18.851 [FXGL Background Thread 3 ] DEBUG Engine               - fontUI: VarelaRound-Regular.ttf
13:28:18.851 [FXGL Background Thread 3 ] DEBUG Engine               - fullScreen: BooleanProperty [value: false]
13:28:18.851 [FXGL Background Thread 3 ] DEBUG Engine               - gameDifficulty: MEDIUM
13:28:18.851 [FXGL Background Thread 3 ] DEBUG Engine               - gameDifficultyProperty: ObjectProperty [value: MEDIUM]
13:28:18.851 [FXGL Background Thread 3 ] DEBUG Engine               - globalMusicVolume: 0.5
13:28:18.851 [FXGL Background Thread 3 ] DEBUG Engine               - globalMusicVolumeProperty: DoubleProperty [value: 0.5]
13:28:18.851 [FXGL Background Thread 3 ] DEBUG Engine               - globalSoundVolume: 0.5
13:28:18.851 [FXGL Background Thread 3 ] DEBUG Engine               - globalSoundVolumeProperty: DoubleProperty [value: 0.5]
13:28:18.852 [FXGL Background Thread 3 ] DEBUG Engine               - height: 820
13:28:18.852 [FXGL Background Thread 3 ] DEBUG Engine               - is3D: false
13:28:18.852 [FXGL Background Thread 3 ] DEBUG Engine               - isAndroid: false
13:28:18.852 [FXGL Background Thread 3 ] DEBUG Engine               - isBrowser: false
13:28:18.852 [FXGL Background Thread 3 ] DEBUG Engine               - isClickFeedbackEnabled: false
13:28:18.852 [FXGL Background Thread 3 ] DEBUG Engine               - isCloseConfirmation: false
13:28:18.852 [FXGL Background Thread 3 ] DEBUG Engine               - isDesktop: true
13:28:18.852 [FXGL Background Thread 3 ] DEBUG Engine               - isDeveloperMenuEnabled: false
13:28:18.852 [FXGL Background Thread 3 ] DEBUG Engine               - isEmbedded: false
13:28:18.852 [FXGL Background Thread 3 ] DEBUG Engine               - isEntityPreloadEnabled: true
13:28:18.852 [FXGL Background Thread 3 ] DEBUG Engine               - isExperimentalTiledLargeMap: false
13:28:18.852 [FXGL Background Thread 3 ] DEBUG Engine               - isFileSystemWriteAllowed: true
13:28:18.852 [FXGL Background Thread 3 ] DEBUG Engine               - isFullScreenAllowed: false
13:28:18.852 [FXGL Background Thread 3 ] DEBUG Engine               - isFullScreenFromStart: false
13:28:18.852 [FXGL Background Thread 3 ] DEBUG Engine               - isGameMenuEnabled: false
13:28:18.852 [FXGL Background Thread 3 ] DEBUG Engine               - isIOS: false
13:28:18.852 [FXGL Background Thread 3 ] DEBUG Engine               - isIntroEnabled: false
13:28:18.853 [FXGL Background Thread 3 ] DEBUG Engine               - isLinux: false
13:28:18.853 [FXGL Background Thread 3 ] DEBUG Engine               - isMac: false
13:28:18.853 [FXGL Background Thread 3 ] DEBUG Engine               - isMainMenuEnabled: false
13:28:18.853 [FXGL Background Thread 3 ] DEBUG Engine               - isManualResizeEnabled: false
13:28:18.853 [FXGL Background Thread 3 ] DEBUG Engine               - isMobile: false
13:28:18.853 [FXGL Background Thread 3 ] DEBUG Engine               - isNative: false
13:28:18.853 [FXGL Background Thread 3 ] DEBUG Engine               - isPauseMusicWhenMinimized: true
13:28:18.853 [FXGL Background Thread 3 ] DEBUG Engine               - isPreserveResizeRatio: false
13:28:18.853 [FXGL Background Thread 3 ] DEBUG Engine               - isProfilingEnabled: false
13:28:18.853 [FXGL Background Thread 3 ] DEBUG Engine               - isScaleAffectedOnResize: true
13:28:18.853 [FXGL Background Thread 3 ] DEBUG Engine               - isSingleStep: false
13:28:18.853 [FXGL Background Thread 3 ] DEBUG Engine               - isUserProfileEnabled: false
13:28:18.853 [FXGL Background Thread 3 ] DEBUG Engine               - isWindows: true
13:28:18.853 [FXGL Background Thread 3 ] DEBUG Engine               - language: ObjectProperty [value: ENGLISH]
13:28:18.853 [FXGL Background Thread 3 ] DEBUG Engine               - menuKey: ESCAPE
13:28:18.853 [FXGL Background Thread 3 ] DEBUG Engine               - mouseSensitivity: 0.2
13:28:18.853 [FXGL Background Thread 3 ] DEBUG Engine               - notificationViewClass: class com.almasb.fxgl.notification.view.XboxNotificationView
13:28:18.853 [FXGL Background Thread 3 ] DEBUG Engine               - pixelsPerMeter: 50.0
13:28:18.854 [FXGL Background Thread 3 ] DEBUG Engine               - platform: WINDOWS
13:28:18.854 [FXGL Background Thread 3 ] DEBUG Engine               - prefHeightProperty: ReadOnlyDoubleProperty [value: 820.0]
13:28:18.854 [FXGL Background Thread 3 ] DEBUG Engine               - prefWidthProperty: ReadOnlyDoubleProperty [value: 1480.0]
13:28:18.854 [FXGL Background Thread 3 ] DEBUG Engine               - profileDir: profiles/
13:28:18.854 [FXGL Background Thread 3 ] DEBUG Engine               - profileName: StringProperty [value: DEFAULT]
13:28:18.854 [FXGL Background Thread 3 ] DEBUG Engine               - randomSeed: -1
13:28:18.856 [FXGL Background Thread 3 ] DEBUG Engine               - runtimeInfo: RuntimeInfo(platform=WINDOWS, version=17.2, build=20.08.2022 16.50)
13:28:18.856 [FXGL Background Thread 3 ] DEBUG Engine               - saveFileExt: sav
13:28:18.856 [FXGL Background Thread 3 ] DEBUG Engine               - scaledHeightProp$fxgl: DoubleProperty [bound, value: 797.0]
13:28:18.856 [FXGL Background Thread 3 ] DEBUG Engine               - scaledWidthProp$fxgl: DoubleProperty [bound, value: 1415.0]
13:28:18.856 [FXGL Background Thread 3 ] DEBUG Engine               - sceneFactory: com.almasb.fxgl.app.scene.SceneFactory@672d68b3
13:28:18.856 [FXGL Background Thread 3 ] DEBUG Engine               - secondsIn24h: 60
13:28:18.856 [FXGL Background Thread 3 ] DEBUG Engine               - soundMenuBack: menu/back.wav
13:28:18.856 [FXGL Background Thread 3 ] DEBUG Engine               - soundMenuPress: menu/press.wav
13:28:18.856 [FXGL Background Thread 3 ] DEBUG Engine               - soundMenuSelect: menu/select.wav
13:28:18.856 [FXGL Background Thread 3 ] DEBUG Engine               - soundNotification: core/notification.wav
13:28:18.857 [FXGL Background Thread 3 ] DEBUG Engine               - stageStyle: DECORATED
13:28:18.857 [FXGL Background Thread 3 ] DEBUG Engine               - supportedLanguages: [ENGLISH, FRENCH, GERMAN, HUNGARIAN, RUSSIAN]
13:28:18.857 [FXGL Background Thread 3 ] DEBUG Engine               - ticksPerSecond: -1
13:28:18.857 [FXGL Background Thread 3 ] DEBUG Engine               - title: Untitled
13:28:18.857 [FXGL Background Thread 3 ] DEBUG Engine               - urlGithub: https://github.com/AlmasB/FXGL
13:28:18.857 [FXGL Background Thread 3 ] DEBUG Engine               - urlLeaderboard: http://fxgl-top.herokuapp.com/
13:28:18.857 [FXGL Background Thread 3 ] DEBUG Engine               - urlPOM: https://raw.githubusercontent.com/AlmasB/FXGL/release/README.md
13:28:18.857 [FXGL Background Thread 3 ] DEBUG Engine               - userAppClass: class edu.vanier.animals_revenge.MainApp
13:28:18.857 [FXGL Background Thread 3 ] DEBUG Engine               - version: 0.0
13:28:18.857 [FXGL Background Thread 3 ] DEBUG Engine               - versionCheckDays: 7
13:28:18.857 [FXGL Background Thread 3 ] DEBUG Engine               - width: 1480
13:28:18.857 [FXGL Background Thread 3 ] DEBUG Engine               - Logging services
13:28:18.858 [FXGL Background Thread 3 ] DEBUG Engine               - class com.almasb.fxgl.app.services.FXGLAssetLoaderService
13:28:18.858 [FXGL Background Thread 3 ] DEBUG Engine               - class com.almasb.fxgl.app.FXGLApplication$GameApplicationService
13:28:18.858 [FXGL Background Thread 3 ] DEBUG Engine               - class com.almasb.fxgl.app.services.FXGLDialogService
13:28:18.858 [FXGL Background Thread 3 ] DEBUG Engine               - class com.almasb.fxgl.app.services.IOTaskExecutorService
13:28:18.858 [FXGL Background Thread 3 ] DEBUG Engine               - class com.almasb.fxgl.io.FileSystemService
13:28:18.858 [FXGL Background Thread 3 ] DEBUG Engine               - class com.almasb.fxgl.localization.LocalizationService
13:28:18.858 [FXGL Background Thread 3 ] DEBUG Engine               - class com.almasb.fxgl.app.services.SystemBundleService
13:28:18.858 [FXGL Background Thread 3 ] DEBUG Engine               - class com.almasb.fxgl.profile.SaveLoadService
13:28:18.858 [FXGL Background Thread 3 ] DEBUG Engine               - class com.almasb.fxgl.ui.FXGLUIFactoryServiceProvider
13:28:18.858 [FXGL Background Thread 3 ] DEBUG Engine               - class com.almasb.fxgl.ui.FXGLDialogFactoryServiceProvider
13:28:18.858 [FXGL Background Thread 3 ] DEBUG Engine               - class com.almasb.fxgl.audio.AudioPlayer
13:28:18.858 [FXGL Background Thread 3 ] DEBUG Engine               - class com.almasb.fxgl.notification.impl.NotificationServiceProvider
13:28:18.858 [FXGL Background Thread 3 ] DEBUG Engine               - class com.almasb.fxgl.achievement.AchievementService
13:28:18.858 [FXGL Background Thread 3 ] DEBUG Engine               - class com.almasb.fxgl.cutscene.CutsceneService
13:28:18.858 [FXGL Background Thread 3 ] DEBUG Engine               - class com.almasb.fxgl.minigames.MiniGameService
13:28:18.858 [FXGL Background Thread 3 ] DEBUG Engine               - class com.almasb.fxgl.net.NetService
13:28:18.858 [FXGL Background Thread 3 ] DEBUG Engine               - class com.almasb.fxgl.app.services.UpdaterService
13:28:18.858 [FXGL Background Thread 3 ] DEBUG Engine               - class com.almasb.fxgl.dev.DevService
13:28:22.687 [JavaFX Application Thread] DEBUG FXGLAssetLoaderServi - Loading from file system: file:/C:/Users/macke/OneDrive/Documents/School/Semester%203/Programming%20in%20a%20Graphical%20User%20Interface/Homework/animals-revenge/build/resources/main/assets/ui/Simulator.fxml
13:28:22.789 [JavaFX Application Thread] DEBUG FXGLAssetLoaderServi - Loading from file system: file:/C:/Users/macke/OneDrive/Documents/School/Semester%203/Programming%20in%20a%20Graphical%20User%20Interface/Homework/animals-revenge/build/resources/main/assets/textures/cannon.png
13:28:22.795 [JavaFX Application Thread] DEBUG FXGLAssetLoaderServi - Loading from file system: file:/C:/Users/macke/OneDrive/Documents/School/Semester%203/Programming%20in%20a%20Graphical%20User%20Interface/Homework/animals-revenge/build/resources/main/assets/textures/brick.png
13:28:28.172 [JavaFX Application Thread] DEBUG FXGLApplication      - Exiting FXGL
13:28:28.172 [JavaFX Application Thread] DEBUG LoopRunner           - Stopping loop
13:28:28.172 [JavaFX Application Thread] DEBUG SystemBundleService  - Saving FXGL system data
13:28:28.176 [JavaFX Application Thread] DEBUG FileSystemAccess     - Writing to: C:\Users\macke\OneDrive\Documents\School\Semester 3\Programming in a Graphical User Interface\Homework\animals-revenge\system\fxgl.bundle
13:28:28.180 [JavaFX Application Thread] DEBUG Async                - Shutting down background threads
13:28:28.180 [JavaFX Application Thread] DEBUG PrimaryStageWindow   - Closing main window
13:28:28.225 [JavaFX Application Thread] DEBUG Logger               - Closing Logger
