19:23:16.769 [main                     ] DEBUG Logger               - Configured Logger
19:23:16.778 [main                     ] DEBUG GameApplication      - Logging settings
Title: Untitled
Version: 0.0
Width: 1480
Height: 820
Fullscreen: false
Intro: false
Profiling: false
Single step:false
App Mode: DEVELOPER
Menu Key: ESCAPE
Stage Style: DECORATED
Scene Factory: class com.almasb.fxgl.app.scene.SceneFactory

19:23:17.000 [JavaFX Application Thread] DEBUG FXGLApplication      - Initializing FXGL
19:23:17.005 [JavaFX Application Thread] INFO  Engine               - FXGL-17.2 (20.08.2022 16.50) on WINDOWS (J:18.0.2.1 FX:20.0.2)
19:23:17.005 [JavaFX Application Thread] DEBUG Engine               - JRE Vendor Name: Oracle Corporation
19:23:17.005 [JavaFX Application Thread] DEBUG Engine               - Running on OS: Windows 11 version 10.0
19:23:17.005 [JavaFX Application Thread] DEBUG Engine               - Architecture: amd64
19:23:17.005 [JavaFX Application Thread] INFO  Engine               - Source code and latest versions at: https://github.com/AlmasB/FXGL
19:23:17.006 [JavaFX Application Thread] INFO  Engine               -       Ask questions and discuss at: https://github.com/AlmasB/FXGL/discussions
19:23:17.006 [JavaFX Application Thread] INFO  Engine               -              Join the FXGL chat at: https://gitter.im/AlmasB/FXGL
19:23:17.065 [JavaFX Application Thread] DEBUG PrimaryStageWindow   - Creating a JavaFX scene
19:23:17.093 [JavaFX Application Thread] DEBUG PrimaryStageWindow   - Target settings size: 1480.0 x 820.0
19:23:17.093 [JavaFX Application Thread] DEBUG PrimaryStageWindow   - Scaled scene size:    1480.0 x 820.0
19:23:17.093 [JavaFX Application Thread] DEBUG PrimaryStageWindow   - Scaled ratio: (1.0, 1.0)
19:23:17.094 [JavaFX Application Thread] DEBUG PrimaryStageWindow   - Set initial scene to FXGLStartupScene
19:23:17.096 [JavaFX Application Thread] DEBUG PrimaryStageWindow   - Opening main window
19:23:17.148 [JavaFX Application Thread] DEBUG PrimaryStageWindow   - Window border size: (16.0, 39.0)
19:23:17.148 [JavaFX Application Thread] DEBUG PrimaryStageWindow   - Scaled size: 1480.0 x 820.0
19:23:17.148 [JavaFX Application Thread] DEBUG PrimaryStageWindow   - Scaled ratio: (1.0, 1.0)
19:23:17.148 [JavaFX Application Thread] DEBUG PrimaryStageWindow   - Scene size: 1480.0 x 820.0
19:23:17.148 [JavaFX Application Thread] DEBUG PrimaryStageWindow   - Stage size: 1496.0 x 859.0
19:23:17.152 [FXGL Background Thread 1 ] DEBUG Engine               - Initializing environment variables
19:23:17.177 [FXGL Background Thread 1 ] DEBUG FXGLAssetLoaderServi - User app class for loading assets: class edu.vanier.animals_revenge.MainApp
19:23:17.177 [FXGL Background Thread 1 ] DEBUG GameApplicationServi - Applying CSS: fxgl_dark.css
19:23:17.178 [FXGL Background Thread 1 ] DEBUG FXGLAssetLoaderServi - Loading from file system: jar:file:/C:/Users/ethan/.gradle/caches/modules-2/files-2.1/com.github.almasb/fxgl/17.2/35db6ae960eec2dcfd19262d3b7f9c42f0e95bc3/fxgl-17.2.jar!/fxglassets/ui/css/fxgl_dark.css
19:23:17.202 [FXGL Background Thread 1 ] DEBUG GameApplicationServi - Initializing application scenes
19:23:17.223 [FXGL Background Thread 1 ] DEBUG GameWorld            - Game world initialized
19:23:17.260 [FXGL Background Thread 1 ] DEBUG PhysicsWorld         - Physics world initialized: appHeight=820, physics.ppm=50.0
19:23:17.261 [FXGL Background Thread 1 ] DEBUG PhysicsWorld         - Using strategy: BRUTE_FORCE
19:23:17.263 [FXGL Background Thread 1 ] DEBUG GameScene            - Game scene initialized: 1480x820
19:23:17.263 [FXGL Background Thread 1 ] DEBUG GameApplicationServi - Application scenes initialized
19:23:17.275 [FXGL Background Thread 1 ] DEBUG SystemBundleService  - Loading FXGL system data
19:23:17.278 [FXGL Background Thread 1 ] DEBUG FileSystemAccess     - Reading from: C:\Users\ethan\Downloads\animals-revenge\system\fxgl.bundle
19:23:17.283 [FXGL Background Thread 1 ] DEBUG SystemBundleService  - Bundle FXGL: {}
19:23:17.283 [FXGL Background Thread 1 ] DEBUG UpdaterService       - Checking for updates
19:23:17.286 [FXGL Background Thread 4 ] DEBUG FXGLApplication      - Loading fonts
19:23:17.287 [FXGL Background Thread 1 ] DEBUG FXGLApplication      - Loading default localization
19:23:17.287 [FXGL Background Thread 4 ] DEBUG FXGLAssetLoaderServi - Loading from file system: jar:file:/C:/Users/ethan/.gradle/caches/modules-2/files-2.1/com.github.almasb/fxgl/17.2/35db6ae960eec2dcfd19262d3b7f9c42f0e95bc3/fxgl-17.2.jar!/fxglassets/ui/fonts/VarelaRound-Regular.ttf
19:23:17.287 [FXGL Background Thread 1 ] DEBUG FXGLAssetLoaderServi - Loading from file system: jar:file:/C:/Users/ethan/.gradle/caches/modules-2/files-2.1/com.github.almasb/fxgl/17.2/35db6ae960eec2dcfd19262d3b7f9c42f0e95bc3/fxgl-17.2.jar!/fxglassets/languages/english.lang
19:23:17.308 [FXGL Background Thread 1 ] INFO  FXGLApplication      - FXGL initialization took: 0.156 sec
19:23:17.312 [JavaFX Application Thread] DEBUG Input                - Registered new binding: Launch - RMB
19:23:17.312 [JavaFX Application Thread] DEBUG Input                - Registered new binding: Create - LMB
19:23:17.313 [JavaFX Application Thread] DEBUG Input                - Registered new binding: Drag - CTRL+LMB
19:23:17.313 [JavaFX Application Thread] DEBUG FXGLAssetLoaderServi - Loading from file system: jar:file:/C:/Users/ethan/.gradle/caches/modules-2/files-2.1/com.github.almasb/fxgl/17.2/35db6ae960eec2dcfd19262d3b7f9c42f0e95bc3/fxgl-17.2.jar!/fxglassets/textures/fxgl_icon.png
19:23:17.318 [FXGL Background Thread 4 ] DEBUG FXGLAssetLoaderServi - Loading from file system: jar:file:/C:/Users/ethan/.gradle/caches/modules-2/files-2.1/com.github.almasb/fxgl/17.2/35db6ae960eec2dcfd19262d3b7f9c42f0e95bc3/fxgl-17.2.jar!/fxglassets/ui/fonts/Abel-Regular.ttf
19:23:17.324 [FXGL Background Thread 4 ] DEBUG FXGLAssetLoaderServi - Loading from file system: jar:file:/C:/Users/ethan/.gradle/caches/modules-2/files-2.1/com.github.almasb/fxgl/17.2/35db6ae960eec2dcfd19262d3b7f9c42f0e95bc3/fxgl-17.2.jar!/fxglassets/ui/fonts/TerminalLandMono-Regular.otf
19:23:17.330 [FXGL Background Thread 4 ] DEBUG FXGLAssetLoaderServi - Loading from file system: jar:file:/C:/Users/ethan/.gradle/caches/modules-2/files-2.1/com.github.almasb/fxgl/17.2/35db6ae960eec2dcfd19262d3b7f9c42f0e95bc3/fxgl-17.2.jar!/fxglassets/ui/fonts/Courier-Prime.ttf
19:23:17.342 [JavaFX Application Thread] DEBUG FXGLAssetLoaderServi - Loading from file system: jar:file:/C:/Users/ethan/.gradle/caches/modules-2/files-2.1/com.github.almasb/fxgl/17.2/35db6ae960eec2dcfd19262d3b7f9c42f0e95bc3/fxgl-17.2.jar!/fxglassets/textures/fxgl_default_cursor.png
19:23:17.347 [JavaFX Application Thread] DEBUG Input                - Registered new binding: Screenshot - CTRL+8
19:23:17.347 [JavaFX Application Thread] DEBUG Input                - Registered new binding: System info dump - CTRL+9
19:23:17.347 [JavaFX Application Thread] DEBUG Input                - Registered new binding: Restart - CTRL+R
19:23:17.348 [JavaFX Application Thread] DEBUG Input                - Registered new binding: Toggle Debug Camera - CTRL+7
19:23:17.349 [JavaFX Application Thread] DEBUG LoopRunner           - Starting loop
19:23:17.349 [JavaFX Application Thread] DEBUG LoopRunner           - Initializing JavaFX AnimationTimerLoop
19:23:17.350 [JavaFX Application Thread] DEBUG GameApplicationServi - Starting new game
19:23:17.350 [JavaFX Application Thread] DEBUG Input                - Clearing active input actions
19:23:17.361 [JavaFX Application Thread] DEBUG GameApplicationServi - Removing overlay from FXGLStartupScene and adding to FXGLLoadingScene
19:23:17.361 [JavaFX Application Thread] DEBUG PrimaryStageWindow   - FXGLStartupScene -> FXGLLoadingScene
19:23:17.361 [JavaFX Application Thread] DEBUG GameApplicationServi - Clearing previous game
19:23:17.361 [JavaFX Application Thread] DEBUG GameScene            - Clearing game scene
19:23:17.362 [JavaFX Application Thread] DEBUG GameWorld            - Clearing game world
19:23:17.362 [JavaFX Application Thread] DEBUG PhysicsWorld         - Clearing physics world
19:23:17.363 [FXGL Background Thread 4 ] DEBUG FXGLApplication      - Initializing game
19:23:17.363 [JavaFX Application Thread] DEBUG FXGLApplication      - Registering font factories with UI factory
19:23:17.383 [FXGL Background Thread 4 ] DEBUG FXGLAssetLoaderServi - Loading from file system: file:/C:/Users/ethan/Downloads/animals-revenge/build/resources/main/assets/ui/Home.fxml
19:23:17.562 [FXGL Background Thread 2 ] INFO  UpdaterService       - Your current version:  17.2
19:23:17.563 [FXGL Background Thread 2 ] INFO  UpdaterService       - Latest stable version: 17.3
19:23:17.653 [FXGL Background Thread 4 ] INFO  FXGLApplication      - Game initialization took: 0.290 sec
19:23:17.654 [JavaFX Application Thread] DEBUG Input                - Clearing active input actions
19:23:17.663 [JavaFX Application Thread] DEBUG GameApplicationServi - Removing overlay from FXGLLoadingScene and adding to GameScene
19:23:17.663 [JavaFX Application Thread] DEBUG PrimaryStageWindow   - FXGLLoadingScene -> GameScene
19:23:18.903 [JavaFX Application Thread] DEBUG FXGLAssetLoaderServi - Loading from file system: file:/C:/Users/ethan/Downloads/animals-revenge/build/resources/main/assets/ui/Simulator.fxml
19:23:18.951 [JavaFX Application Thread] DEBUG FXGLAssetLoaderServi - Loading from file system: file:/C:/Users/ethan/Downloads/animals-revenge/build/resources/main/assets/textures/cannon.png
19:23:20.286 [FXGL Background Thread 3 ] DEBUG Engine               - Logging environment variables
19:23:20.286 [FXGL Background Thread 3 ] DEBUG Engine               - achievements: []
19:23:20.286 [FXGL Background Thread 3 ] DEBUG Engine               - actualHeight: 820.0
19:23:20.286 [FXGL Background Thread 3 ] DEBUG Engine               - actualHeightProperty: ReadOnlyDoubleProperty [value: 820.0]
19:23:20.286 [FXGL Background Thread 3 ] DEBUG Engine               - actualWidth: 1480.0
19:23:20.286 [FXGL Background Thread 3 ] DEBUG Engine               - actualWidthProperty: ReadOnlyDoubleProperty [value: 1480.0]
19:23:20.286 [FXGL Background Thread 3 ] DEBUG Engine               - appIcon: fxgl_icon.png
19:23:20.286 [FXGL Background Thread 3 ] DEBUG Engine               - applicationMode: DEVELOPER
19:23:20.286 [FXGL Background Thread 3 ] DEBUG Engine               - cSSList: [fxgl_dark.css]
19:23:20.286 [FXGL Background Thread 3 ] DEBUG Engine               - collisionDetectionStrategy: BRUTE_FORCE
19:23:20.286 [FXGL Background Thread 3 ] DEBUG Engine               - configClass: Optional.empty
19:23:20.286 [FXGL Background Thread 3 ] DEBUG Engine               - credits: []
19:23:20.287 [FXGL Background Thread 3 ] DEBUG Engine               - defaultCursor: CursorInfo(imageName=fxgl_default_cursor.png, hotspotX=7.0, hotspotY=6.0)
19:23:20.287 [FXGL Background Thread 3 ] DEBUG Engine               - devBBoxColorProperty: ObjectProperty [value: 0xff0000ff]
19:23:20.287 [FXGL Background Thread 3 ] DEBUG Engine               - devEnableDebugCameraProperty: BooleanProperty [value: false]
19:23:20.287 [FXGL Background Thread 3 ] DEBUG Engine               - devSensorColorProperty: ObjectProperty [value: 0xffff00ff]
19:23:20.287 [FXGL Background Thread 3 ] DEBUG Engine               - devShowBBoxProperty: BooleanProperty [value: false]
19:23:20.287 [FXGL Background Thread 3 ] DEBUG Engine               - devShowPositionProperty: BooleanProperty [value: false]
19:23:20.287 [FXGL Background Thread 3 ] DEBUG Engine               - enabledMenuItems: []
19:23:20.287 [FXGL Background Thread 3 ] DEBUG Engine               - engineServices: [class com.almasb.fxgl.app.services.FXGLAssetLoaderService, class com.almasb.fxgl.app.FXGLApplication$GameApplicationService, class com.almasb.fxgl.app.services.FXGLDialogService, class com.almasb.fxgl.app.services.IOTaskExecutorService, class com.almasb.fxgl.io.FileSystemService, class com.almasb.fxgl.localization.LocalizationService, class com.almasb.fxgl.app.services.SystemBundleService, class com.almasb.fxgl.profile.SaveLoadService, class com.almasb.fxgl.ui.FXGLUIFactoryServiceProvider, class com.almasb.fxgl.ui.FXGLDialogFactoryServiceProvider, class com.almasb.fxgl.audio.AudioPlayer, class com.almasb.fxgl.notification.impl.NotificationServiceProvider, class com.almasb.fxgl.achievement.AchievementService, class com.almasb.fxgl.cutscene.CutsceneService, class com.almasb.fxgl.minigames.MiniGameService, class com.almasb.fxgl.net.NetService, class com.almasb.fxgl.app.services.UpdaterService, class com.almasb.fxgl.dev.DevService]
19:23:20.287 [FXGL Background Thread 3 ] DEBUG Engine               - fontGame: Abel-Regular.ttf
19:23:20.287 [FXGL Background Thread 3 ] DEBUG Engine               - fontMono: TerminalLandMono-Regular.otf
19:23:20.288 [FXGL Background Thread 3 ] DEBUG Engine               - fontText: Courier-Prime.ttf
19:23:20.288 [FXGL Background Thread 3 ] DEBUG Engine               - fontUI: VarelaRound-Regular.ttf
19:23:20.288 [FXGL Background Thread 3 ] DEBUG Engine               - fullScreen: BooleanProperty [value: false]
19:23:20.288 [FXGL Background Thread 3 ] DEBUG Engine               - gameDifficulty: MEDIUM
19:23:20.288 [FXGL Background Thread 3 ] DEBUG Engine               - gameDifficultyProperty: ObjectProperty [value: MEDIUM]
19:23:20.288 [FXGL Background Thread 3 ] DEBUG Engine               - globalMusicVolume: 0.5
19:23:20.288 [FXGL Background Thread 3 ] DEBUG Engine               - globalMusicVolumeProperty: DoubleProperty [value: 0.5]
19:23:20.288 [FXGL Background Thread 3 ] DEBUG Engine               - globalSoundVolume: 0.5
19:23:20.288 [FXGL Background Thread 3 ] DEBUG Engine               - globalSoundVolumeProperty: DoubleProperty [value: 0.5]
19:23:20.288 [FXGL Background Thread 3 ] DEBUG Engine               - height: 820
19:23:20.288 [FXGL Background Thread 3 ] DEBUG Engine               - is3D: false
19:23:20.288 [FXGL Background Thread 3 ] DEBUG Engine               - isAndroid: false
19:23:20.288 [FXGL Background Thread 3 ] DEBUG Engine               - isBrowser: false
19:23:20.288 [FXGL Background Thread 3 ] DEBUG Engine               - isClickFeedbackEnabled: false
19:23:20.288 [FXGL Background Thread 3 ] DEBUG Engine               - isCloseConfirmation: false
19:23:20.288 [FXGL Background Thread 3 ] DEBUG Engine               - isDesktop: true
19:23:20.288 [FXGL Background Thread 3 ] DEBUG Engine               - isDeveloperMenuEnabled: false
19:23:20.288 [FXGL Background Thread 3 ] DEBUG Engine               - isEmbedded: false
19:23:20.288 [FXGL Background Thread 3 ] DEBUG Engine               - isEntityPreloadEnabled: true
19:23:20.288 [FXGL Background Thread 3 ] DEBUG Engine               - isExperimentalTiledLargeMap: false
19:23:20.288 [FXGL Background Thread 3 ] DEBUG Engine               - isFileSystemWriteAllowed: true
19:23:20.288 [FXGL Background Thread 3 ] DEBUG Engine               - isFullScreenAllowed: false
19:23:20.288 [FXGL Background Thread 3 ] DEBUG Engine               - isFullScreenFromStart: false
19:23:20.288 [FXGL Background Thread 3 ] DEBUG Engine               - isGameMenuEnabled: false
19:23:20.288 [FXGL Background Thread 3 ] DEBUG Engine               - isIOS: false
19:23:20.288 [FXGL Background Thread 3 ] DEBUG Engine               - isIntroEnabled: false
19:23:20.288 [FXGL Background Thread 3 ] DEBUG Engine               - isLinux: false
19:23:20.288 [FXGL Background Thread 3 ] DEBUG Engine               - isMac: false
19:23:20.288 [FXGL Background Thread 3 ] DEBUG Engine               - isMainMenuEnabled: false
19:23:20.288 [FXGL Background Thread 3 ] DEBUG Engine               - isManualResizeEnabled: false
19:23:20.288 [FXGL Background Thread 3 ] DEBUG Engine               - isMobile: false
19:23:20.288 [FXGL Background Thread 3 ] DEBUG Engine               - isNative: false
19:23:20.288 [FXGL Background Thread 3 ] DEBUG Engine               - isPauseMusicWhenMinimized: true
19:23:20.289 [FXGL Background Thread 3 ] DEBUG Engine               - isPreserveResizeRatio: false
19:23:20.289 [FXGL Background Thread 3 ] DEBUG Engine               - isProfilingEnabled: false
19:23:20.289 [FXGL Background Thread 3 ] DEBUG Engine               - isScaleAffectedOnResize: true
19:23:20.289 [FXGL Background Thread 3 ] DEBUG Engine               - isSingleStep: false
19:23:20.289 [FXGL Background Thread 3 ] DEBUG Engine               - isUserProfileEnabled: false
19:23:20.289 [FXGL Background Thread 3 ] DEBUG Engine               - isWindows: true
19:23:20.289 [FXGL Background Thread 3 ] DEBUG Engine               - language: ObjectProperty [value: ENGLISH]
19:23:20.289 [FXGL Background Thread 3 ] DEBUG Engine               - menuKey: ESCAPE
19:23:20.289 [FXGL Background Thread 3 ] DEBUG Engine               - mouseSensitivity: 0.2
19:23:20.289 [FXGL Background Thread 3 ] DEBUG Engine               - notificationViewClass: class com.almasb.fxgl.notification.view.XboxNotificationView
19:23:20.289 [FXGL Background Thread 3 ] DEBUG Engine               - pixelsPerMeter: 50.0
19:23:20.289 [FXGL Background Thread 3 ] DEBUG Engine               - platform: WINDOWS
19:23:20.289 [FXGL Background Thread 3 ] DEBUG Engine               - prefHeightProperty: ReadOnlyDoubleProperty [value: 820.0]
19:23:20.289 [FXGL Background Thread 3 ] DEBUG Engine               - prefWidthProperty: ReadOnlyDoubleProperty [value: 1480.0]
19:23:20.289 [FXGL Background Thread 3 ] DEBUG Engine               - profileDir: profiles/
19:23:20.289 [FXGL Background Thread 3 ] DEBUG Engine               - profileName: StringProperty [value: DEFAULT]
19:23:20.289 [FXGL Background Thread 3 ] DEBUG Engine               - randomSeed: -1
19:23:20.289 [FXGL Background Thread 3 ] DEBUG Engine               - runtimeInfo: RuntimeInfo(platform=WINDOWS, version=17.2, build=20.08.2022 16.50)
19:23:20.289 [FXGL Background Thread 3 ] DEBUG Engine               - saveFileExt: sav
19:23:20.289 [FXGL Background Thread 3 ] DEBUG Engine               - scaledHeightProp$fxgl: DoubleProperty [bound, value: 820.0]
19:23:20.289 [FXGL Background Thread 3 ] DEBUG Engine               - scaledWidthProp$fxgl: DoubleProperty [bound, value: 1480.0]
19:23:20.289 [FXGL Background Thread 3 ] DEBUG Engine               - sceneFactory: com.almasb.fxgl.app.scene.SceneFactory@978790d
19:23:20.289 [FXGL Background Thread 3 ] DEBUG Engine               - secondsIn24h: 60
19:23:20.289 [FXGL Background Thread 3 ] DEBUG Engine               - soundMenuBack: menu/back.wav
19:23:20.289 [FXGL Background Thread 3 ] DEBUG Engine               - soundMenuPress: menu/press.wav
19:23:20.289 [FXGL Background Thread 3 ] DEBUG Engine               - soundMenuSelect: menu/select.wav
19:23:20.289 [FXGL Background Thread 3 ] DEBUG Engine               - soundNotification: core/notification.wav
19:23:20.289 [FXGL Background Thread 3 ] DEBUG Engine               - stageStyle: DECORATED
19:23:20.289 [FXGL Background Thread 3 ] DEBUG Engine               - supportedLanguages: [ENGLISH, FRENCH, GERMAN, HUNGARIAN, RUSSIAN]
19:23:20.289 [FXGL Background Thread 3 ] DEBUG Engine               - ticksPerSecond: -1
19:23:20.289 [FXGL Background Thread 3 ] DEBUG Engine               - title: Untitled
19:23:20.290 [FXGL Background Thread 3 ] DEBUG Engine               - urlGithub: https://github.com/AlmasB/FXGL
19:23:20.290 [FXGL Background Thread 3 ] DEBUG Engine               - urlLeaderboard: http://fxgl-top.herokuapp.com/
19:23:20.290 [FXGL Background Thread 3 ] DEBUG Engine               - urlPOM: https://raw.githubusercontent.com/AlmasB/FXGL/release/README.md
19:23:20.290 [FXGL Background Thread 3 ] DEBUG Engine               - userAppClass: class edu.vanier.animals_revenge.MainApp
19:23:20.290 [FXGL Background Thread 3 ] DEBUG Engine               - version: 0.0
19:23:20.290 [FXGL Background Thread 3 ] DEBUG Engine               - versionCheckDays: 7
19:23:20.290 [FXGL Background Thread 3 ] DEBUG Engine               - width: 1480
19:23:20.290 [FXGL Background Thread 3 ] DEBUG Engine               - Logging services
19:23:20.290 [FXGL Background Thread 3 ] DEBUG Engine               - class com.almasb.fxgl.app.services.FXGLAssetLoaderService
19:23:20.290 [FXGL Background Thread 3 ] DEBUG Engine               - class com.almasb.fxgl.app.FXGLApplication$GameApplicationService
19:23:20.290 [FXGL Background Thread 3 ] DEBUG Engine               - class com.almasb.fxgl.app.services.FXGLDialogService
19:23:20.290 [FXGL Background Thread 3 ] DEBUG Engine               - class com.almasb.fxgl.app.services.IOTaskExecutorService
19:23:20.290 [FXGL Background Thread 3 ] DEBUG Engine               - class com.almasb.fxgl.io.FileSystemService
19:23:20.290 [FXGL Background Thread 3 ] DEBUG Engine               - class com.almasb.fxgl.localization.LocalizationService
19:23:20.290 [FXGL Background Thread 3 ] DEBUG Engine               - class com.almasb.fxgl.app.services.SystemBundleService
19:23:20.290 [FXGL Background Thread 3 ] DEBUG Engine               - class com.almasb.fxgl.profile.SaveLoadService
19:23:20.290 [FXGL Background Thread 3 ] DEBUG Engine               - class com.almasb.fxgl.ui.FXGLUIFactoryServiceProvider
19:23:20.290 [FXGL Background Thread 3 ] DEBUG Engine               - class com.almasb.fxgl.ui.FXGLDialogFactoryServiceProvider
19:23:20.290 [FXGL Background Thread 3 ] DEBUG Engine               - class com.almasb.fxgl.audio.AudioPlayer
19:23:20.290 [FXGL Background Thread 3 ] DEBUG Engine               - class com.almasb.fxgl.notification.impl.NotificationServiceProvider
19:23:20.290 [FXGL Background Thread 3 ] DEBUG Engine               - class com.almasb.fxgl.achievement.AchievementService
19:23:20.290 [FXGL Background Thread 3 ] DEBUG Engine               - class com.almasb.fxgl.cutscene.CutsceneService
19:23:20.290 [FXGL Background Thread 3 ] DEBUG Engine               - class com.almasb.fxgl.minigames.MiniGameService
19:23:20.290 [FXGL Background Thread 3 ] DEBUG Engine               - class com.almasb.fxgl.net.NetService
19:23:20.290 [FXGL Background Thread 3 ] DEBUG Engine               - class com.almasb.fxgl.app.services.UpdaterService
19:23:20.290 [FXGL Background Thread 3 ] DEBUG Engine               - class com.almasb.fxgl.dev.DevService
19:23:21.335 [JavaFX Application Thread] DEBUG FXGLAssetLoaderServi - Loading from file system: file:/C:/Users/ethan/Downloads/animals-revenge/build/resources/main/assets/textures/soccer.png
19:23:30.903 [JavaFX Application Thread] DEBUG FXGLApplication      - Exiting FXGL
19:23:30.903 [JavaFX Application Thread] DEBUG LoopRunner           - Stopping loop
19:23:30.903 [JavaFX Application Thread] DEBUG SystemBundleService  - Saving FXGL system data
19:23:30.905 [JavaFX Application Thread] DEBUG FileSystemAccess     - Writing to: C:\Users\ethan\Downloads\animals-revenge\system\fxgl.bundle
19:23:30.906 [JavaFX Application Thread] DEBUG Async                - Shutting down background threads
19:23:30.906 [JavaFX Application Thread] DEBUG PrimaryStageWindow   - Closing main window
19:23:30.915 [JavaFX Application Thread] DEBUG Logger               - Closing Logger
