08:03:06.324 [main                     ] DEBUG Logger               - Configured Logger
08:03:06.356 [main                     ] DEBUG GameApplication      - Logging settings
Title: Untitled
Version: 0.0
Width: 1480
Height: 820
Fullscreen: false
Intro: false
Profiling: false
Single step:false
App Mode: DEVELOPER
Menu Key: ESCAPE
Stage Style: DECORATED
Scene Factory: class com.almasb.fxgl.app.scene.SceneFactory

08:03:07.019 [JavaFX Application Thread] DEBUG FXGLApplication      - Initializing FXGL
08:03:07.033 [JavaFX Application Thread] INFO  Engine               - FXGL-17.2 (20.08.2022 16.50) on WINDOWS (J:18.0.2.1 FX:20.0.2)
08:03:07.034 [JavaFX Application Thread] DEBUG Engine               - JRE Vendor Name: Oracle Corporation
08:03:07.035 [JavaFX Application Thread] DEBUG Engine               - Running on OS: Windows 11 version 10.0
08:03:07.035 [JavaFX Application Thread] DEBUG Engine               - Architecture: amd64
08:03:07.035 [JavaFX Application Thread] INFO  Engine               - Source code and latest versions at: https://github.com/AlmasB/FXGL
08:03:07.035 [JavaFX Application Thread] INFO  Engine               -       Ask questions and discuss at: https://github.com/AlmasB/FXGL/discussions
08:03:07.035 [JavaFX Application Thread] INFO  Engine               -              Join the FXGL chat at: https://gitter.im/AlmasB/FXGL
08:03:07.183 [JavaFX Application Thread] DEBUG PrimaryStageWindow   - Creating a JavaFX scene
08:03:07.183 [JavaFX Application Thread] DEBUG PrimaryStageWindow   - Target size > screen size
08:03:07.244 [JavaFX Application Thread] DEBUG PrimaryStageWindow   - Target settings size: 1480.0 x 820.0
08:03:07.245 [JavaFX Application Thread] DEBUG PrimaryStageWindow   - Scaled scene size:    1415.0 x 797.0
08:03:07.246 [JavaFX Application Thread] DEBUG PrimaryStageWindow   - Scaled ratio: (0.956081081081081, 0.9719512195121951)
08:03:07.249 [JavaFX Application Thread] DEBUG PrimaryStageWindow   - Set initial scene to FXGLStartupScene
08:03:07.267 [JavaFX Application Thread] DEBUG PrimaryStageWindow   - Opening main window
08:03:07.426 [JavaFX Application Thread] DEBUG PrimaryStageWindow   - Window border size: (13.0, 35.5)
08:03:07.426 [JavaFX Application Thread] DEBUG PrimaryStageWindow   - Scaled size: 1415.0 x 797.0
08:03:07.426 [JavaFX Application Thread] DEBUG PrimaryStageWindow   - Scaled ratio: (0.956081081081081, 0.9719512195121951)
08:03:07.427 [JavaFX Application Thread] DEBUG PrimaryStageWindow   - Scene size: 1415.0 x 797.0
08:03:07.427 [JavaFX Application Thread] DEBUG PrimaryStageWindow   - Stage size: 1428.0 x 832.5
08:03:07.434 [FXGL Background Thread 1 ] DEBUG Engine               - Initializing environment variables
08:03:07.504 [FXGL Background Thread 1 ] DEBUG FXGLAssetLoaderServi - User app class for loading assets: class edu.vanier.animals_revenge.MainApp
08:03:07.505 [FXGL Background Thread 1 ] DEBUG GameApplicationServi - Applying CSS: fxgl_dark.css
08:03:07.506 [FXGL Background Thread 1 ] DEBUG FXGLAssetLoaderServi - Loading from file system: jar:file:/C:/Users/macke/.gradle/caches/modules-2/files-2.1/com.github.almasb/fxgl/17.2/35db6ae960eec2dcfd19262d3b7f9c42f0e95bc3/fxgl-17.2.jar!/fxglassets/ui/css/fxgl_dark.css
08:03:07.583 [FXGL Background Thread 1 ] DEBUG GameApplicationServi - Initializing application scenes
08:03:07.705 [FXGL Background Thread 1 ] DEBUG GameWorld            - Game world initialized
08:03:07.780 [FXGL Background Thread 1 ] DEBUG PhysicsWorld         - Physics world initialized: appHeight=820, physics.ppm=50.0
08:03:07.781 [FXGL Background Thread 1 ] DEBUG PhysicsWorld         - Using strategy: BRUTE_FORCE
08:03:07.787 [FXGL Background Thread 1 ] DEBUG GameScene            - Game scene initialized: 1480x820
08:03:07.787 [FXGL Background Thread 1 ] DEBUG GameApplicationServi - Application scenes initialized
08:03:07.815 [FXGL Background Thread 1 ] DEBUG SystemBundleService  - Loading FXGL system data
08:03:07.822 [FXGL Background Thread 1 ] DEBUG FileSystemAccess     - Reading from: C:\Users\macke\OneDrive\Documents\School\Semester 3\Programming in a Graphical User Interface\Homework\animals-revenge\system\fxgl.bundle
08:03:07.835 [FXGL Background Thread 1 ] DEBUG SystemBundleService  - Bundle FXGL: {}
08:03:07.835 [FXGL Background Thread 1 ] DEBUG UpdaterService       - Checking for updates
08:03:07.873 [FXGL Background Thread 4 ] DEBUG FXGLApplication      - Loading fonts
08:03:07.874 [FXGL Background Thread 1 ] DEBUG FXGLApplication      - Loading default localization
08:03:07.874 [FXGL Background Thread 4 ] DEBUG FXGLAssetLoaderServi - Loading from file system: jar:file:/C:/Users/macke/.gradle/caches/modules-2/files-2.1/com.github.almasb/fxgl/17.2/35db6ae960eec2dcfd19262d3b7f9c42f0e95bc3/fxgl-17.2.jar!/fxglassets/ui/fonts/VarelaRound-Regular.ttf
08:03:07.877 [FXGL Background Thread 1 ] DEBUG FXGLAssetLoaderServi - Loading from file system: jar:file:/C:/Users/macke/.gradle/caches/modules-2/files-2.1/com.github.almasb/fxgl/17.2/35db6ae960eec2dcfd19262d3b7f9c42f0e95bc3/fxgl-17.2.jar!/fxglassets/languages/english.lang
08:03:07.933 [FXGL Background Thread 1 ] INFO  FXGLApplication      - FXGL initialization took: 0.498 sec
08:03:07.942 [JavaFX Application Thread] DEBUG Input                - Registered new binding: Launch - RMB
08:03:07.943 [JavaFX Application Thread] DEBUG Input                - Registered new binding: Create - LMB
08:03:07.943 [JavaFX Application Thread] DEBUG Input                - Registered new binding: Drag - CTRL+LMB
08:03:07.943 [JavaFX Application Thread] DEBUG FXGLAssetLoaderServi - Loading from file system: jar:file:/C:/Users/macke/.gradle/caches/modules-2/files-2.1/com.github.almasb/fxgl/17.2/35db6ae960eec2dcfd19262d3b7f9c42f0e95bc3/fxgl-17.2.jar!/fxglassets/textures/fxgl_icon.png
08:03:07.958 [FXGL Background Thread 4 ] DEBUG FXGLAssetLoaderServi - Loading from file system: jar:file:/C:/Users/macke/.gradle/caches/modules-2/files-2.1/com.github.almasb/fxgl/17.2/35db6ae960eec2dcfd19262d3b7f9c42f0e95bc3/fxgl-17.2.jar!/fxglassets/ui/fonts/Abel-Regular.ttf
08:03:07.962 [FXGL Background Thread 4 ] DEBUG FXGLAssetLoaderServi - Loading from file system: jar:file:/C:/Users/macke/.gradle/caches/modules-2/files-2.1/com.github.almasb/fxgl/17.2/35db6ae960eec2dcfd19262d3b7f9c42f0e95bc3/fxgl-17.2.jar!/fxglassets/ui/fonts/TerminalLandMono-Regular.otf
08:03:07.967 [FXGL Background Thread 4 ] DEBUG FXGLAssetLoaderServi - Loading from file system: jar:file:/C:/Users/macke/.gradle/caches/modules-2/files-2.1/com.github.almasb/fxgl/17.2/35db6ae960eec2dcfd19262d3b7f9c42f0e95bc3/fxgl-17.2.jar!/fxglassets/ui/fonts/Courier-Prime.ttf
08:03:08.008 [JavaFX Application Thread] DEBUG FXGLAssetLoaderServi - Loading from file system: jar:file:/C:/Users/macke/.gradle/caches/modules-2/files-2.1/com.github.almasb/fxgl/17.2/35db6ae960eec2dcfd19262d3b7f9c42f0e95bc3/fxgl-17.2.jar!/fxglassets/textures/fxgl_default_cursor.png
08:03:08.021 [JavaFX Application Thread] DEBUG Input                - Registered new binding: Screenshot - CTRL+8
08:03:08.023 [JavaFX Application Thread] DEBUG Input                - Registered new binding: System info dump - CTRL+9
08:03:08.024 [JavaFX Application Thread] DEBUG Input                - Registered new binding: Restart - CTRL+R
08:03:08.027 [JavaFX Application Thread] DEBUG Input                - Registered new binding: Toggle Debug Camera - CTRL+7
08:03:08.038 [JavaFX Application Thread] DEBUG LoopRunner           - Starting loop
08:03:08.039 [JavaFX Application Thread] DEBUG LoopRunner           - Initializing JavaFX AnimationTimerLoop
08:03:08.044 [JavaFX Application Thread] DEBUG GameApplicationServi - Starting new game
08:03:08.045 [JavaFX Application Thread] DEBUG Input                - Clearing active input actions
08:03:08.057 [JavaFX Application Thread] DEBUG GameApplicationServi - Removing overlay from FXGLStartupScene and adding to FXGLLoadingScene
08:03:08.058 [JavaFX Application Thread] DEBUG PrimaryStageWindow   - FXGLStartupScene -> FXGLLoadingScene
08:03:08.058 [JavaFX Application Thread] DEBUG GameApplicationServi - Clearing previous game
08:03:08.058 [JavaFX Application Thread] DEBUG GameScene            - Clearing game scene
08:03:08.058 [JavaFX Application Thread] DEBUG GameWorld            - Clearing game world
08:03:08.058 [JavaFX Application Thread] DEBUG PhysicsWorld         - Clearing physics world
08:03:08.061 [FXGL Background Thread 4 ] DEBUG FXGLApplication      - Initializing game
08:03:08.064 [JavaFX Application Thread] DEBUG FXGLApplication      - Registering font factories with UI factory
08:03:08.106 [FXGL Background Thread 4 ] DEBUG FXGLAssetLoaderServi - Loading from file system: file:/C:/Users/macke/OneDrive/Documents/School/Semester%203/Programming%20in%20a%20Graphical%20User%20Interface/Homework/animals-revenge/build/resources/main/assets/ui/Home.fxml
08:03:08.126 [FXGL Background Thread 2 ] WARN  UpdaterService       - Failed to find updates: java.net.UnknownHostException: raw.githubusercontent.com
08:03:08.823 [FXGL Background Thread 4 ] INFO  FXGLApplication      - Game initialization took: 0.761 sec
08:03:08.824 [JavaFX Application Thread] DEBUG Input                - Clearing active input actions
08:03:08.849 [JavaFX Application Thread] DEBUG GameApplicationServi - Removing overlay from FXGLLoadingScene and adding to GameScene
08:03:08.849 [JavaFX Application Thread] DEBUG PrimaryStageWindow   - FXGLLoadingScene -> GameScene
08:03:10.720 [JavaFX Application Thread] DEBUG FXGLAssetLoaderServi - Loading from file system: file:/C:/Users/macke/OneDrive/Documents/School/Semester%203/Programming%20in%20a%20Graphical%20User%20Interface/Homework/animals-revenge/build/resources/main/assets/ui/CustomProjectile.fxml
08:03:10.854 [FXGL Background Thread 3 ] DEBUG Engine               - Logging environment variables
08:03:10.854 [FXGL Background Thread 3 ] DEBUG Engine               - achievements: []
08:03:10.855 [FXGL Background Thread 3 ] DEBUG Engine               - actualHeight: 797.0
08:03:10.855 [FXGL Background Thread 3 ] DEBUG Engine               - actualHeightProperty: ReadOnlyDoubleProperty [value: 797.0]
08:03:10.855 [FXGL Background Thread 3 ] DEBUG Engine               - actualWidth: 1415.0
08:03:10.855 [FXGL Background Thread 3 ] DEBUG Engine               - actualWidthProperty: ReadOnlyDoubleProperty [value: 1415.0]
08:03:10.855 [FXGL Background Thread 3 ] DEBUG Engine               - appIcon: fxgl_icon.png
08:03:10.855 [FXGL Background Thread 3 ] DEBUG Engine               - applicationMode: DEVELOPER
08:03:10.855 [FXGL Background Thread 3 ] DEBUG Engine               - cSSList: [fxgl_dark.css]
08:03:10.855 [FXGL Background Thread 3 ] DEBUG Engine               - collisionDetectionStrategy: BRUTE_FORCE
08:03:10.856 [FXGL Background Thread 3 ] DEBUG Engine               - configClass: Optional.empty
08:03:10.856 [FXGL Background Thread 3 ] DEBUG Engine               - credits: []
08:03:10.865 [FXGL Background Thread 3 ] DEBUG Engine               - defaultCursor: CursorInfo(imageName=fxgl_default_cursor.png, hotspotX=7.0, hotspotY=6.0)
08:03:10.865 [FXGL Background Thread 3 ] DEBUG Engine               - devBBoxColorProperty: ObjectProperty [value: 0xff0000ff]
08:03:10.865 [FXGL Background Thread 3 ] DEBUG Engine               - devEnableDebugCameraProperty: BooleanProperty [value: false]
08:03:10.865 [FXGL Background Thread 3 ] DEBUG Engine               - devSensorColorProperty: ObjectProperty [value: 0xffff00ff]
08:03:10.865 [FXGL Background Thread 3 ] DEBUG Engine               - devShowBBoxProperty: BooleanProperty [value: false]
08:03:10.865 [FXGL Background Thread 3 ] DEBUG Engine               - devShowPositionProperty: BooleanProperty [value: false]
08:03:10.867 [FXGL Background Thread 3 ] DEBUG Engine               - enabledMenuItems: []
08:03:10.867 [FXGL Background Thread 3 ] DEBUG Engine               - engineServices: [class com.almasb.fxgl.app.services.FXGLAssetLoaderService, class com.almasb.fxgl.app.FXGLApplication$GameApplicationService, class com.almasb.fxgl.app.services.FXGLDialogService, class com.almasb.fxgl.app.services.IOTaskExecutorService, class com.almasb.fxgl.io.FileSystemService, class com.almasb.fxgl.localization.LocalizationService, class com.almasb.fxgl.app.services.SystemBundleService, class com.almasb.fxgl.profile.SaveLoadService, class com.almasb.fxgl.ui.FXGLUIFactoryServiceProvider, class com.almasb.fxgl.ui.FXGLDialogFactoryServiceProvider, class com.almasb.fxgl.audio.AudioPlayer, class com.almasb.fxgl.notification.impl.NotificationServiceProvider, class com.almasb.fxgl.achievement.AchievementService, class com.almasb.fxgl.cutscene.CutsceneService, class com.almasb.fxgl.minigames.MiniGameService, class com.almasb.fxgl.net.NetService, class com.almasb.fxgl.app.services.UpdaterService, class com.almasb.fxgl.dev.DevService]
08:03:10.867 [FXGL Background Thread 3 ] DEBUG Engine               - fontGame: Abel-Regular.ttf
08:03:10.868 [FXGL Background Thread 3 ] DEBUG Engine               - fontMono: TerminalLandMono-Regular.otf
08:03:10.868 [FXGL Background Thread 3 ] DEBUG Engine               - fontText: Courier-Prime.ttf
08:03:10.868 [FXGL Background Thread 3 ] DEBUG Engine               - fontUI: VarelaRound-Regular.ttf
08:03:10.868 [FXGL Background Thread 3 ] DEBUG Engine               - fullScreen: BooleanProperty [value: false]
08:03:10.868 [FXGL Background Thread 3 ] DEBUG Engine               - gameDifficulty: MEDIUM
08:03:10.868 [FXGL Background Thread 3 ] DEBUG Engine               - gameDifficultyProperty: ObjectProperty [value: MEDIUM]
08:03:10.868 [FXGL Background Thread 3 ] DEBUG Engine               - globalMusicVolume: 0.5
08:03:10.868 [FXGL Background Thread 3 ] DEBUG Engine               - globalMusicVolumeProperty: DoubleProperty [value: 0.5]
08:03:10.868 [FXGL Background Thread 3 ] DEBUG Engine               - globalSoundVolume: 0.5
08:03:10.868 [FXGL Background Thread 3 ] DEBUG Engine               - globalSoundVolumeProperty: DoubleProperty [value: 0.5]
08:03:10.868 [FXGL Background Thread 3 ] DEBUG Engine               - height: 820
08:03:10.868 [FXGL Background Thread 3 ] DEBUG Engine               - is3D: false
08:03:10.869 [FXGL Background Thread 3 ] DEBUG Engine               - isAndroid: false
08:03:10.869 [FXGL Background Thread 3 ] DEBUG Engine               - isBrowser: false
08:03:10.869 [FXGL Background Thread 3 ] DEBUG Engine               - isClickFeedbackEnabled: false
08:03:10.869 [FXGL Background Thread 3 ] DEBUG Engine               - isCloseConfirmation: false
08:03:10.869 [FXGL Background Thread 3 ] DEBUG Engine               - isDesktop: true
08:03:10.869 [FXGL Background Thread 3 ] DEBUG Engine               - isDeveloperMenuEnabled: false
08:03:10.869 [FXGL Background Thread 3 ] DEBUG Engine               - isEmbedded: false
08:03:10.869 [FXGL Background Thread 3 ] DEBUG Engine               - isEntityPreloadEnabled: true
08:03:10.869 [FXGL Background Thread 3 ] DEBUG Engine               - isExperimentalTiledLargeMap: false
08:03:10.870 [FXGL Background Thread 3 ] DEBUG Engine               - isFileSystemWriteAllowed: true
08:03:10.870 [FXGL Background Thread 3 ] DEBUG Engine               - isFullScreenAllowed: false
08:03:10.870 [FXGL Background Thread 3 ] DEBUG Engine               - isFullScreenFromStart: false
08:03:10.870 [FXGL Background Thread 3 ] DEBUG Engine               - isGameMenuEnabled: false
08:03:10.870 [FXGL Background Thread 3 ] DEBUG Engine               - isIOS: false
08:03:10.870 [FXGL Background Thread 3 ] DEBUG Engine               - isIntroEnabled: false
08:03:10.870 [FXGL Background Thread 3 ] DEBUG Engine               - isLinux: false
08:03:10.870 [FXGL Background Thread 3 ] DEBUG Engine               - isMac: false
08:03:10.870 [FXGL Background Thread 3 ] DEBUG Engine               - isMainMenuEnabled: false
08:03:10.870 [FXGL Background Thread 3 ] DEBUG Engine               - isManualResizeEnabled: false
08:03:10.871 [FXGL Background Thread 3 ] DEBUG Engine               - isMobile: false
08:03:10.871 [FXGL Background Thread 3 ] DEBUG Engine               - isNative: false
08:03:10.871 [FXGL Background Thread 3 ] DEBUG Engine               - isPauseMusicWhenMinimized: true
08:03:10.871 [FXGL Background Thread 3 ] DEBUG Engine               - isPreserveResizeRatio: false
08:03:10.871 [FXGL Background Thread 3 ] DEBUG Engine               - isProfilingEnabled: false
08:03:10.871 [FXGL Background Thread 3 ] DEBUG Engine               - isScaleAffectedOnResize: true
08:03:10.871 [FXGL Background Thread 3 ] DEBUG Engine               - isSingleStep: false
08:03:10.871 [FXGL Background Thread 3 ] DEBUG Engine               - isUserProfileEnabled: false
08:03:10.871 [FXGL Background Thread 3 ] DEBUG Engine               - isWindows: true
08:03:10.871 [FXGL Background Thread 3 ] DEBUG Engine               - language: ObjectProperty [value: ENGLISH]
08:03:10.871 [FXGL Background Thread 3 ] DEBUG Engine               - menuKey: ESCAPE
08:03:10.871 [FXGL Background Thread 3 ] DEBUG Engine               - mouseSensitivity: 0.2
08:03:10.871 [FXGL Background Thread 3 ] DEBUG Engine               - notificationViewClass: class com.almasb.fxgl.notification.view.XboxNotificationView
08:03:10.872 [FXGL Background Thread 3 ] DEBUG Engine               - pixelsPerMeter: 50.0
08:03:10.872 [FXGL Background Thread 3 ] DEBUG Engine               - platform: WINDOWS
08:03:10.872 [FXGL Background Thread 3 ] DEBUG Engine               - prefHeightProperty: ReadOnlyDoubleProperty [value: 820.0]
08:03:10.872 [FXGL Background Thread 3 ] DEBUG Engine               - prefWidthProperty: ReadOnlyDoubleProperty [value: 1480.0]
08:03:10.872 [FXGL Background Thread 3 ] DEBUG Engine               - profileDir: profiles/
08:03:10.872 [FXGL Background Thread 3 ] DEBUG Engine               - profileName: StringProperty [value: DEFAULT]
08:03:10.872 [FXGL Background Thread 3 ] DEBUG Engine               - randomSeed: -1
08:03:10.875 [FXGL Background Thread 3 ] DEBUG Engine               - runtimeInfo: RuntimeInfo(platform=WINDOWS, version=17.2, build=20.08.2022 16.50)
08:03:10.875 [FXGL Background Thread 3 ] DEBUG Engine               - saveFileExt: sav
08:03:10.875 [FXGL Background Thread 3 ] DEBUG Engine               - scaledHeightProp$fxgl: DoubleProperty [bound, value: 797.0]
08:03:10.875 [FXGL Background Thread 3 ] DEBUG Engine               - scaledWidthProp$fxgl: DoubleProperty [bound, value: 1415.0]
08:03:10.875 [FXGL Background Thread 3 ] DEBUG Engine               - sceneFactory: com.almasb.fxgl.app.scene.SceneFactory@75e36cdc
08:03:10.875 [FXGL Background Thread 3 ] DEBUG Engine               - secondsIn24h: 60
08:03:10.875 [FXGL Background Thread 3 ] DEBUG Engine               - soundMenuBack: menu/back.wav
08:03:10.875 [FXGL Background Thread 3 ] DEBUG Engine               - soundMenuPress: menu/press.wav
08:03:10.875 [FXGL Background Thread 3 ] DEBUG Engine               - soundMenuSelect: menu/select.wav
08:03:10.875 [FXGL Background Thread 3 ] DEBUG Engine               - soundNotification: core/notification.wav
08:03:10.875 [FXGL Background Thread 3 ] DEBUG Engine               - stageStyle: DECORATED
08:03:10.876 [FXGL Background Thread 3 ] DEBUG Engine               - supportedLanguages: [ENGLISH, FRENCH, GERMAN, HUNGARIAN, RUSSIAN]
08:03:10.876 [FXGL Background Thread 3 ] DEBUG Engine               - ticksPerSecond: -1
08:03:10.876 [FXGL Background Thread 3 ] DEBUG Engine               - title: Untitled
08:03:10.876 [FXGL Background Thread 3 ] DEBUG Engine               - urlGithub: https://github.com/AlmasB/FXGL
08:03:10.876 [FXGL Background Thread 3 ] DEBUG Engine               - urlLeaderboard: http://fxgl-top.herokuapp.com/
08:03:10.876 [FXGL Background Thread 3 ] DEBUG Engine               - urlPOM: https://raw.githubusercontent.com/AlmasB/FXGL/release/README.md
08:03:10.876 [FXGL Background Thread 3 ] DEBUG Engine               - userAppClass: class edu.vanier.animals_revenge.MainApp
08:03:10.876 [FXGL Background Thread 3 ] DEBUG Engine               - version: 0.0
08:03:10.876 [FXGL Background Thread 3 ] DEBUG Engine               - versionCheckDays: 7
08:03:10.876 [FXGL Background Thread 3 ] DEBUG Engine               - width: 1480
08:03:10.876 [FXGL Background Thread 3 ] DEBUG Engine               - Logging services
08:03:10.876 [FXGL Background Thread 3 ] DEBUG Engine               - class com.almasb.fxgl.app.services.FXGLAssetLoaderService
08:03:10.876 [FXGL Background Thread 3 ] DEBUG Engine               - class com.almasb.fxgl.app.FXGLApplication$GameApplicationService
08:03:10.876 [FXGL Background Thread 3 ] DEBUG Engine               - class com.almasb.fxgl.app.services.FXGLDialogService
08:03:10.876 [FXGL Background Thread 3 ] DEBUG Engine               - class com.almasb.fxgl.app.services.IOTaskExecutorService
08:03:10.876 [FXGL Background Thread 3 ] DEBUG Engine               - class com.almasb.fxgl.io.FileSystemService
08:03:10.876 [FXGL Background Thread 3 ] DEBUG Engine               - class com.almasb.fxgl.localization.LocalizationService
08:03:10.877 [FXGL Background Thread 3 ] DEBUG Engine               - class com.almasb.fxgl.app.services.SystemBundleService
08:03:10.877 [FXGL Background Thread 3 ] DEBUG Engine               - class com.almasb.fxgl.profile.SaveLoadService
08:03:10.877 [FXGL Background Thread 3 ] DEBUG Engine               - class com.almasb.fxgl.ui.FXGLUIFactoryServiceProvider
08:03:10.877 [FXGL Background Thread 3 ] DEBUG Engine               - class com.almasb.fxgl.ui.FXGLDialogFactoryServiceProvider
08:03:10.877 [FXGL Background Thread 3 ] DEBUG Engine               - class com.almasb.fxgl.audio.AudioPlayer
08:03:10.877 [FXGL Background Thread 3 ] DEBUG Engine               - class com.almasb.fxgl.notification.impl.NotificationServiceProvider
08:03:10.877 [FXGL Background Thread 3 ] DEBUG Engine               - class com.almasb.fxgl.achievement.AchievementService
08:03:10.877 [FXGL Background Thread 3 ] DEBUG Engine               - class com.almasb.fxgl.cutscene.CutsceneService
08:03:10.877 [FXGL Background Thread 3 ] DEBUG Engine               - class com.almasb.fxgl.minigames.MiniGameService
08:03:10.877 [FXGL Background Thread 3 ] DEBUG Engine               - class com.almasb.fxgl.net.NetService
08:03:10.877 [FXGL Background Thread 3 ] DEBUG Engine               - class com.almasb.fxgl.app.services.UpdaterService
08:03:10.877 [FXGL Background Thread 3 ] DEBUG Engine               - class com.almasb.fxgl.dev.DevService
08:03:17.312 [JavaFX Application Thread] DEBUG FXGLAssetLoaderServi - Loading from file system: file:/C:/Users/macke/OneDrive/Documents/School/Semester%203/Programming%20in%20a%20Graphical%20User%20Interface/Homework/animals-revenge/build/resources/main/assets/ui/Home.fxml
08:03:18.198 [JavaFX Application Thread] DEBUG FXGLAssetLoaderServi - Loading from file system: file:/C:/Users/macke/OneDrive/Documents/School/Semester%203/Programming%20in%20a%20Graphical%20User%20Interface/Homework/animals-revenge/build/resources/main/assets/ui/Simulator.fxml
08:03:18.270 [JavaFX Application Thread] DEBUG FXGLAssetLoaderServi - Loading from file system: file:/C:/Users/macke/OneDrive/Documents/School/Semester%203/Programming%20in%20a%20Graphical%20User%20Interface/Homework/animals-revenge/build/resources/main/assets/textures/cannon.png
08:03:24.733 [JavaFX Application Thread] DEBUG FXGLApplication      - Exiting FXGL
08:03:24.733 [JavaFX Application Thread] DEBUG LoopRunner           - Stopping loop
08:03:24.734 [JavaFX Application Thread] DEBUG SystemBundleService  - Saving FXGL system data
08:03:24.736 [JavaFX Application Thread] DEBUG FileSystemAccess     - Writing to: C:\Users\macke\OneDrive\Documents\School\Semester 3\Programming in a Graphical User Interface\Homework\animals-revenge\system\fxgl.bundle
08:03:24.737 [JavaFX Application Thread] DEBUG Async                - Shutting down background threads
08:03:24.737 [JavaFX Application Thread] DEBUG PrimaryStageWindow   - Closing main window
08:03:24.787 [JavaFX Application Thread] DEBUG Logger               - Closing Logger
