19:11:57.577 [main                     ] DEBUG Logger               - Configured Logger
19:11:57.638 [main                     ] DEBUG GameApplication      - Logging settings
Title: Untitled
Version: 0.0
Width: 1480
Height: 820
Fullscreen: false
Intro: false
Profiling: false
Single step:false
App Mode: DEVELOPER
Menu Key: ESCAPE
Stage Style: DECORATED
Scene Factory: class com.almasb.fxgl.app.scene.SceneFactory

19:11:58.276 [JavaFX Application Thread] DEBUG FXGLApplication      - Initializing FXGL
19:11:58.296 [JavaFX Application Thread] INFO  Engine               - FXGL-17.2 (20.08.2022 16.50) on WINDOWS (J:18.0.2.1 FX:20.0.2)
19:11:58.296 [JavaFX Application Thread] DEBUG Engine               - JRE Vendor Name: Oracle Corporation
19:11:58.297 [JavaFX Application Thread] DEBUG Engine               - Running on OS: Windows 11 version 10.0
19:11:58.297 [JavaFX Application Thread] DEBUG Engine               - Architecture: amd64
19:11:58.297 [JavaFX Application Thread] INFO  Engine               - Source code and latest versions at: https://github.com/AlmasB/FXGL
19:11:58.297 [JavaFX Application Thread] INFO  Engine               -       Ask questions and discuss at: https://github.com/AlmasB/FXGL/discussions
19:11:58.298 [JavaFX Application Thread] INFO  Engine               -              Join the FXGL chat at: https://gitter.im/AlmasB/FXGL
19:11:58.442 [JavaFX Application Thread] DEBUG PrimaryStageWindow   - Creating a JavaFX scene
19:11:58.443 [JavaFX Application Thread] DEBUG PrimaryStageWindow   - Target size > screen size
19:11:58.510 [JavaFX Application Thread] DEBUG PrimaryStageWindow   - Target settings size: 1480.0 x 820.0
19:11:58.510 [JavaFX Application Thread] DEBUG PrimaryStageWindow   - Scaled scene size:    1415.0 x 797.0
19:11:58.510 [JavaFX Application Thread] DEBUG PrimaryStageWindow   - Scaled ratio: (0.956081081081081, 0.9719512195121951)
19:11:58.511 [JavaFX Application Thread] DEBUG PrimaryStageWindow   - Set initial scene to FXGLStartupScene
19:11:58.515 [JavaFX Application Thread] DEBUG PrimaryStageWindow   - Opening main window
19:11:58.647 [JavaFX Application Thread] DEBUG PrimaryStageWindow   - Window border size: (13.0, 35.5)
19:11:58.648 [JavaFX Application Thread] DEBUG PrimaryStageWindow   - Scaled size: 1415.0 x 797.0
19:11:58.648 [JavaFX Application Thread] DEBUG PrimaryStageWindow   - Scaled ratio: (0.956081081081081, 0.9719512195121951)
19:11:58.648 [JavaFX Application Thread] DEBUG PrimaryStageWindow   - Scene size: 1415.0 x 797.0
19:11:58.648 [JavaFX Application Thread] DEBUG PrimaryStageWindow   - Stage size: 1428.0 x 832.5
19:11:58.656 [FXGL Background Thread 1 ] DEBUG Engine               - Initializing environment variables
19:11:58.708 [FXGL Background Thread 1 ] DEBUG FXGLAssetLoaderServi - User app class for loading assets: class edu.vanier.animals_revenge.MainApp
19:11:58.708 [FXGL Background Thread 1 ] DEBUG GameApplicationServi - Applying CSS: fxgl_dark.css
19:11:58.711 [FXGL Background Thread 1 ] DEBUG FXGLAssetLoaderServi - Loading from file system: jar:file:/C:/Users/macke/.gradle/caches/modules-2/files-2.1/com.github.almasb/fxgl/17.2/35db6ae960eec2dcfd19262d3b7f9c42f0e95bc3/fxgl-17.2.jar!/fxglassets/ui/css/fxgl_dark.css
19:11:58.775 [FXGL Background Thread 1 ] DEBUG GameApplicationServi - Initializing application scenes
19:11:58.961 [FXGL Background Thread 1 ] DEBUG GameWorld            - Game world initialized
19:11:59.090 [FXGL Background Thread 1 ] DEBUG PhysicsWorld         - Physics world initialized: appHeight=820, physics.ppm=50.0
19:11:59.091 [FXGL Background Thread 1 ] DEBUG PhysicsWorld         - Using strategy: BRUTE_FORCE
19:11:59.103 [FXGL Background Thread 1 ] DEBUG GameScene            - Game scene initialized: 1480x820
19:11:59.103 [FXGL Background Thread 1 ] DEBUG GameApplicationServi - Application scenes initialized
19:11:59.146 [FXGL Background Thread 1 ] DEBUG SystemBundleService  - Loading FXGL system data
19:11:59.169 [FXGL Background Thread 1 ] DEBUG FileSystemAccess     - Reading from: C:\Users\macke\OneDrive\Documents\School\Semester 3\Programming in a Graphical User Interface\Homework\animals-revenge\system\fxgl.bundle
19:11:59.190 [FXGL Background Thread 1 ] DEBUG SystemBundleService  - Bundle FXGL: {}
19:11:59.190 [FXGL Background Thread 1 ] DEBUG UpdaterService       - Checking for updates
19:11:59.224 [FXGL Background Thread 4 ] DEBUG FXGLApplication      - Loading fonts
19:11:59.226 [FXGL Background Thread 4 ] DEBUG FXGLAssetLoaderServi - Loading from file system: jar:file:/C:/Users/macke/.gradle/caches/modules-2/files-2.1/com.github.almasb/fxgl/17.2/35db6ae960eec2dcfd19262d3b7f9c42f0e95bc3/fxgl-17.2.jar!/fxglassets/ui/fonts/VarelaRound-Regular.ttf
19:11:59.232 [FXGL Background Thread 1 ] DEBUG FXGLApplication      - Loading default localization
19:11:59.237 [FXGL Background Thread 1 ] DEBUG FXGLAssetLoaderServi - Loading from file system: jar:file:/C:/Users/macke/.gradle/caches/modules-2/files-2.1/com.github.almasb/fxgl/17.2/35db6ae960eec2dcfd19262d3b7f9c42f0e95bc3/fxgl-17.2.jar!/fxglassets/languages/english.lang
19:11:59.491 [FXGL Background Thread 4 ] DEBUG FXGLAssetLoaderServi - Loading from file system: jar:file:/C:/Users/macke/.gradle/caches/modules-2/files-2.1/com.github.almasb/fxgl/17.2/35db6ae960eec2dcfd19262d3b7f9c42f0e95bc3/fxgl-17.2.jar!/fxglassets/ui/fonts/Abel-Regular.ttf
19:11:59.499 [FXGL Background Thread 4 ] DEBUG FXGLAssetLoaderServi - Loading from file system: jar:file:/C:/Users/macke/.gradle/caches/modules-2/files-2.1/com.github.almasb/fxgl/17.2/35db6ae960eec2dcfd19262d3b7f9c42f0e95bc3/fxgl-17.2.jar!/fxglassets/ui/fonts/TerminalLandMono-Regular.otf
19:11:59.511 [FXGL Background Thread 4 ] DEBUG FXGLAssetLoaderServi - Loading from file system: jar:file:/C:/Users/macke/.gradle/caches/modules-2/files-2.1/com.github.almasb/fxgl/17.2/35db6ae960eec2dcfd19262d3b7f9c42f0e95bc3/fxgl-17.2.jar!/fxglassets/ui/fonts/Courier-Prime.ttf
19:11:59.560 [JavaFX Application Thread] DEBUG FXGLApplication      - Registering font factories with UI factory
19:11:59.604 [FXGL Background Thread 1 ] INFO  FXGLApplication      - FXGL initialization took: 0.948 sec
19:11:59.650 [JavaFX Application Thread] DEBUG Input                - Registered new binding: Launch - RMB
19:11:59.651 [JavaFX Application Thread] DEBUG Input                - Registered new binding: Create - LMB
19:11:59.652 [JavaFX Application Thread] DEBUG Input                - Registered new binding: Drag - CTRL+LMB
19:11:59.653 [JavaFX Application Thread] DEBUG FXGLAssetLoaderServi - Loading from file system: jar:file:/C:/Users/macke/.gradle/caches/modules-2/files-2.1/com.github.almasb/fxgl/17.2/35db6ae960eec2dcfd19262d3b7f9c42f0e95bc3/fxgl-17.2.jar!/fxglassets/textures/fxgl_icon.png
19:11:59.917 [JavaFX Application Thread] DEBUG FXGLAssetLoaderServi - Loading from file system: jar:file:/C:/Users/macke/.gradle/caches/modules-2/files-2.1/com.github.almasb/fxgl/17.2/35db6ae960eec2dcfd19262d3b7f9c42f0e95bc3/fxgl-17.2.jar!/fxglassets/textures/fxgl_default_cursor.png
19:12:00.006 [JavaFX Application Thread] DEBUG Input                - Registered new binding: Screenshot - CTRL+8
19:12:00.017 [JavaFX Application Thread] DEBUG Input                - Registered new binding: System info dump - CTRL+9
19:12:00.027 [JavaFX Application Thread] DEBUG Input                - Registered new binding: Restart - CTRL+R
19:12:00.047 [JavaFX Application Thread] DEBUG Input                - Registered new binding: Toggle Debug Camera - CTRL+7
19:12:00.077 [JavaFX Application Thread] DEBUG LoopRunner           - Starting loop
19:12:00.077 [JavaFX Application Thread] DEBUG LoopRunner           - Initializing JavaFX AnimationTimerLoop
19:12:00.106 [JavaFX Application Thread] DEBUG GameApplicationServi - Starting new game
19:12:00.108 [JavaFX Application Thread] DEBUG Input                - Clearing active input actions
19:12:00.155 [JavaFX Application Thread] DEBUG GameApplicationServi - Removing overlay from FXGLStartupScene and adding to FXGLLoadingScene
19:12:00.156 [JavaFX Application Thread] DEBUG PrimaryStageWindow   - FXGLStartupScene -> FXGLLoadingScene
19:12:00.156 [JavaFX Application Thread] DEBUG GameApplicationServi - Clearing previous game
19:12:00.156 [JavaFX Application Thread] DEBUG GameScene            - Clearing game scene
19:12:00.157 [JavaFX Application Thread] DEBUG GameWorld            - Clearing game world
19:12:00.157 [JavaFX Application Thread] DEBUG PhysicsWorld         - Clearing physics world
19:12:00.180 [FXGL Background Thread 1 ] DEBUG FXGLApplication      - Initializing game
19:12:00.462 [FXGL Background Thread 1 ] DEBUG FXGLAssetLoaderServi - Loading from file system: file:/C:/Users/macke/OneDrive/Documents/School/Semester%203/Programming%20in%20a%20Graphical%20User%20Interface/Homework/animals-revenge/build/resources/main/assets/ui/Home.fxml
19:12:01.950 [FXGL Background Thread 2 ] INFO  UpdaterService       - Your current version:  17.2
19:12:01.951 [FXGL Background Thread 2 ] INFO  UpdaterService       - Latest stable version: 17.3
19:12:02.168 [FXGL Background Thread 1 ] INFO  FXGLApplication      - Game initialization took: 1.988 sec
19:12:02.170 [JavaFX Application Thread] DEBUG Input                - Clearing active input actions
19:12:02.218 [FXGL Background Thread 3 ] DEBUG Engine               - Logging environment variables
19:12:02.219 [FXGL Background Thread 3 ] DEBUG Engine               - achievements: []
19:12:02.220 [FXGL Background Thread 3 ] DEBUG Engine               - actualHeight: 797.0
19:12:02.220 [FXGL Background Thread 3 ] DEBUG Engine               - actualHeightProperty: ReadOnlyDoubleProperty [value: 797.0]
19:12:02.220 [FXGL Background Thread 3 ] DEBUG Engine               - actualWidth: 1415.0
19:12:02.220 [FXGL Background Thread 3 ] DEBUG Engine               - actualWidthProperty: ReadOnlyDoubleProperty [value: 1415.0]
19:12:02.221 [FXGL Background Thread 3 ] DEBUG Engine               - appIcon: fxgl_icon.png
19:12:02.221 [FXGL Background Thread 3 ] DEBUG Engine               - applicationMode: DEVELOPER
19:12:02.221 [FXGL Background Thread 3 ] DEBUG Engine               - cSSList: [fxgl_dark.css]
19:12:02.221 [FXGL Background Thread 3 ] DEBUG Engine               - collisionDetectionStrategy: BRUTE_FORCE
19:12:02.221 [FXGL Background Thread 3 ] DEBUG Engine               - configClass: Optional.empty
19:12:02.221 [FXGL Background Thread 3 ] DEBUG Engine               - credits: []
19:12:02.235 [FXGL Background Thread 3 ] DEBUG Engine               - defaultCursor: CursorInfo(imageName=fxgl_default_cursor.png, hotspotX=7.0, hotspotY=6.0)
19:12:02.236 [FXGL Background Thread 3 ] DEBUG Engine               - devBBoxColorProperty: ObjectProperty [value: 0xff0000ff]
19:12:02.236 [FXGL Background Thread 3 ] DEBUG Engine               - devEnableDebugCameraProperty: BooleanProperty [value: false]
19:12:02.236 [FXGL Background Thread 3 ] DEBUG Engine               - devSensorColorProperty: ObjectProperty [value: 0xffff00ff]
19:12:02.236 [FXGL Background Thread 3 ] DEBUG Engine               - devShowBBoxProperty: BooleanProperty [value: false]
19:12:02.236 [FXGL Background Thread 3 ] DEBUG Engine               - devShowPositionProperty: BooleanProperty [value: false]
19:12:02.236 [FXGL Background Thread 3 ] DEBUG Engine               - enabledMenuItems: []
19:12:02.237 [FXGL Background Thread 3 ] DEBUG Engine               - engineServices: [class com.almasb.fxgl.app.services.FXGLAssetLoaderService, class com.almasb.fxgl.app.FXGLApplication$GameApplicationService, class com.almasb.fxgl.app.services.FXGLDialogService, class com.almasb.fxgl.app.services.IOTaskExecutorService, class com.almasb.fxgl.io.FileSystemService, class com.almasb.fxgl.localization.LocalizationService, class com.almasb.fxgl.app.services.SystemBundleService, class com.almasb.fxgl.profile.SaveLoadService, class com.almasb.fxgl.ui.FXGLUIFactoryServiceProvider, class com.almasb.fxgl.ui.FXGLDialogFactoryServiceProvider, class com.almasb.fxgl.audio.AudioPlayer, class com.almasb.fxgl.notification.impl.NotificationServiceProvider, class com.almasb.fxgl.achievement.AchievementService, class com.almasb.fxgl.cutscene.CutsceneService, class com.almasb.fxgl.minigames.MiniGameService, class com.almasb.fxgl.net.NetService, class com.almasb.fxgl.app.services.UpdaterService, class com.almasb.fxgl.dev.DevService]
19:12:02.237 [FXGL Background Thread 3 ] DEBUG Engine               - fontGame: Abel-Regular.ttf
19:12:02.237 [FXGL Background Thread 3 ] DEBUG Engine               - fontMono: TerminalLandMono-Regular.otf
19:12:02.237 [FXGL Background Thread 3 ] DEBUG Engine               - fontText: Courier-Prime.ttf
19:12:02.237 [FXGL Background Thread 3 ] DEBUG Engine               - fontUI: VarelaRound-Regular.ttf
19:12:02.237 [FXGL Background Thread 3 ] DEBUG Engine               - fullScreen: BooleanProperty [value: false]
19:12:02.237 [FXGL Background Thread 3 ] DEBUG Engine               - gameDifficulty: MEDIUM
19:12:02.237 [FXGL Background Thread 3 ] DEBUG Engine               - gameDifficultyProperty: ObjectProperty [value: MEDIUM]
19:12:02.237 [FXGL Background Thread 3 ] DEBUG Engine               - globalMusicVolume: 0.5
19:12:02.238 [FXGL Background Thread 3 ] DEBUG Engine               - globalMusicVolumeProperty: DoubleProperty [value: 0.5]
19:12:02.238 [FXGL Background Thread 3 ] DEBUG Engine               - globalSoundVolume: 0.5
19:12:02.238 [FXGL Background Thread 3 ] DEBUG Engine               - globalSoundVolumeProperty: DoubleProperty [value: 0.5]
19:12:02.238 [FXGL Background Thread 3 ] DEBUG Engine               - height: 820
19:12:02.238 [FXGL Background Thread 3 ] DEBUG Engine               - is3D: false
19:12:02.238 [FXGL Background Thread 3 ] DEBUG Engine               - isAndroid: false
19:12:02.238 [FXGL Background Thread 3 ] DEBUG Engine               - isBrowser: false
19:12:02.238 [FXGL Background Thread 3 ] DEBUG Engine               - isClickFeedbackEnabled: false
19:12:02.238 [FXGL Background Thread 3 ] DEBUG Engine               - isCloseConfirmation: false
19:12:02.238 [FXGL Background Thread 3 ] DEBUG Engine               - isDesktop: true
19:12:02.239 [FXGL Background Thread 3 ] DEBUG Engine               - isDeveloperMenuEnabled: false
19:12:02.239 [FXGL Background Thread 3 ] DEBUG Engine               - isEmbedded: false
19:12:02.239 [FXGL Background Thread 3 ] DEBUG Engine               - isEntityPreloadEnabled: true
19:12:02.239 [FXGL Background Thread 3 ] DEBUG Engine               - isExperimentalTiledLargeMap: false
19:12:02.239 [FXGL Background Thread 3 ] DEBUG Engine               - isFileSystemWriteAllowed: true
19:12:02.239 [FXGL Background Thread 3 ] DEBUG Engine               - isFullScreenAllowed: false
19:12:02.239 [FXGL Background Thread 3 ] DEBUG Engine               - isFullScreenFromStart: false
19:12:02.239 [FXGL Background Thread 3 ] DEBUG Engine               - isGameMenuEnabled: false
19:12:02.239 [FXGL Background Thread 3 ] DEBUG Engine               - isIOS: false
19:12:02.239 [FXGL Background Thread 3 ] DEBUG Engine               - isIntroEnabled: false
19:12:02.239 [FXGL Background Thread 3 ] DEBUG Engine               - isLinux: false
19:12:02.240 [FXGL Background Thread 3 ] DEBUG Engine               - isMac: false
19:12:02.240 [FXGL Background Thread 3 ] DEBUG Engine               - isMainMenuEnabled: false
19:12:02.240 [FXGL Background Thread 3 ] DEBUG Engine               - isManualResizeEnabled: false
19:12:02.240 [FXGL Background Thread 3 ] DEBUG Engine               - isMobile: false
19:12:02.240 [FXGL Background Thread 3 ] DEBUG Engine               - isNative: false
19:12:02.240 [FXGL Background Thread 3 ] DEBUG Engine               - isPauseMusicWhenMinimized: true
19:12:02.240 [FXGL Background Thread 3 ] DEBUG Engine               - isPreserveResizeRatio: false
19:12:02.240 [FXGL Background Thread 3 ] DEBUG Engine               - isProfilingEnabled: false
19:12:02.240 [FXGL Background Thread 3 ] DEBUG Engine               - isScaleAffectedOnResize: true
19:12:02.240 [FXGL Background Thread 3 ] DEBUG Engine               - isSingleStep: false
19:12:02.240 [FXGL Background Thread 3 ] DEBUG Engine               - isUserProfileEnabled: false
19:12:02.241 [FXGL Background Thread 3 ] DEBUG Engine               - isWindows: true
19:12:02.241 [FXGL Background Thread 3 ] DEBUG Engine               - language: ObjectProperty [value: ENGLISH]
19:12:02.241 [FXGL Background Thread 3 ] DEBUG Engine               - menuKey: ESCAPE
19:12:02.241 [FXGL Background Thread 3 ] DEBUG Engine               - mouseSensitivity: 0.2
19:12:02.241 [FXGL Background Thread 3 ] DEBUG Engine               - notificationViewClass: class com.almasb.fxgl.notification.view.XboxNotificationView
19:12:02.241 [FXGL Background Thread 3 ] DEBUG Engine               - pixelsPerMeter: 50.0
19:12:02.241 [FXGL Background Thread 3 ] DEBUG Engine               - platform: WINDOWS
19:12:02.241 [FXGL Background Thread 3 ] DEBUG Engine               - prefHeightProperty: ReadOnlyDoubleProperty [value: 820.0]
19:12:02.241 [FXGL Background Thread 3 ] DEBUG Engine               - prefWidthProperty: ReadOnlyDoubleProperty [value: 1480.0]
19:12:02.241 [FXGL Background Thread 3 ] DEBUG Engine               - profileDir: profiles/
19:12:02.242 [FXGL Background Thread 3 ] DEBUG Engine               - profileName: StringProperty [value: DEFAULT]
19:12:02.242 [FXGL Background Thread 3 ] DEBUG Engine               - randomSeed: -1
19:12:02.246 [FXGL Background Thread 3 ] DEBUG Engine               - runtimeInfo: RuntimeInfo(platform=WINDOWS, version=17.2, build=20.08.2022 16.50)
19:12:02.246 [FXGL Background Thread 3 ] DEBUG Engine               - saveFileExt: sav
19:12:02.246 [FXGL Background Thread 3 ] DEBUG Engine               - scaledHeightProp$fxgl: DoubleProperty [bound, value: 797.0]
19:12:02.246 [FXGL Background Thread 3 ] DEBUG Engine               - scaledWidthProp$fxgl: DoubleProperty [bound, value: 1415.0]
19:12:02.246 [FXGL Background Thread 3 ] DEBUG Engine               - sceneFactory: com.almasb.fxgl.app.scene.SceneFactory@3300c607
19:12:02.246 [FXGL Background Thread 3 ] DEBUG Engine               - secondsIn24h: 60
19:12:02.247 [FXGL Background Thread 3 ] DEBUG Engine               - soundMenuBack: menu/back.wav
19:12:02.247 [FXGL Background Thread 3 ] DEBUG Engine               - soundMenuPress: menu/press.wav
19:12:02.247 [FXGL Background Thread 3 ] DEBUG Engine               - soundMenuSelect: menu/select.wav
19:12:02.247 [FXGL Background Thread 3 ] DEBUG Engine               - soundNotification: core/notification.wav
19:12:02.247 [FXGL Background Thread 3 ] DEBUG Engine               - stageStyle: DECORATED
19:12:02.247 [FXGL Background Thread 3 ] DEBUG Engine               - supportedLanguages: [ENGLISH, FRENCH, GERMAN, HUNGARIAN, RUSSIAN]
19:12:02.247 [FXGL Background Thread 3 ] DEBUG Engine               - ticksPerSecond: -1
19:12:02.247 [FXGL Background Thread 3 ] DEBUG Engine               - title: Untitled
19:12:02.247 [FXGL Background Thread 3 ] DEBUG Engine               - urlGithub: https://github.com/AlmasB/FXGL
19:12:02.247 [FXGL Background Thread 3 ] DEBUG Engine               - urlLeaderboard: http://fxgl-top.herokuapp.com/
19:12:02.247 [FXGL Background Thread 3 ] DEBUG Engine               - urlPOM: https://raw.githubusercontent.com/AlmasB/FXGL/release/README.md
19:12:02.247 [FXGL Background Thread 3 ] DEBUG Engine               - userAppClass: class edu.vanier.animals_revenge.MainApp
19:12:02.247 [FXGL Background Thread 3 ] DEBUG Engine               - version: 0.0
19:12:02.248 [FXGL Background Thread 3 ] DEBUG Engine               - versionCheckDays: 7
19:12:02.248 [FXGL Background Thread 3 ] DEBUG Engine               - width: 1480
19:12:02.248 [FXGL Background Thread 3 ] DEBUG Engine               - Logging services
19:12:02.248 [FXGL Background Thread 3 ] DEBUG Engine               - class com.almasb.fxgl.app.services.FXGLAssetLoaderService
19:12:02.248 [FXGL Background Thread 3 ] DEBUG Engine               - class com.almasb.fxgl.app.FXGLApplication$GameApplicationService
19:12:02.248 [FXGL Background Thread 3 ] DEBUG Engine               - class com.almasb.fxgl.app.services.FXGLDialogService
19:12:02.248 [FXGL Background Thread 3 ] DEBUG Engine               - class com.almasb.fxgl.app.services.IOTaskExecutorService
19:12:02.248 [FXGL Background Thread 3 ] DEBUG Engine               - class com.almasb.fxgl.io.FileSystemService
19:12:02.248 [FXGL Background Thread 3 ] DEBUG Engine               - class com.almasb.fxgl.localization.LocalizationService
19:12:02.248 [FXGL Background Thread 3 ] DEBUG Engine               - class com.almasb.fxgl.app.services.SystemBundleService
19:12:02.248 [FXGL Background Thread 3 ] DEBUG Engine               - class com.almasb.fxgl.profile.SaveLoadService
19:12:02.248 [FXGL Background Thread 3 ] DEBUG Engine               - class com.almasb.fxgl.ui.FXGLUIFactoryServiceProvider
19:12:02.248 [FXGL Background Thread 3 ] DEBUG Engine               - class com.almasb.fxgl.ui.FXGLDialogFactoryServiceProvider
19:12:02.248 [FXGL Background Thread 3 ] DEBUG Engine               - class com.almasb.fxgl.audio.AudioPlayer
19:12:02.248 [FXGL Background Thread 3 ] DEBUG Engine               - class com.almasb.fxgl.notification.impl.NotificationServiceProvider
19:12:02.249 [FXGL Background Thread 3 ] DEBUG Engine               - class com.almasb.fxgl.achievement.AchievementService
19:12:02.249 [FXGL Background Thread 3 ] DEBUG Engine               - class com.almasb.fxgl.cutscene.CutsceneService
19:12:02.249 [FXGL Background Thread 3 ] DEBUG Engine               - class com.almasb.fxgl.minigames.MiniGameService
19:12:02.249 [FXGL Background Thread 3 ] DEBUG Engine               - class com.almasb.fxgl.net.NetService
19:12:02.249 [FXGL Background Thread 3 ] DEBUG Engine               - class com.almasb.fxgl.app.services.UpdaterService
19:12:02.250 [FXGL Background Thread 3 ] DEBUG Engine               - class com.almasb.fxgl.dev.DevService
19:12:02.273 [JavaFX Application Thread] DEBUG GameApplicationServi - Removing overlay from FXGLLoadingScene and adding to GameScene
19:12:02.273 [JavaFX Application Thread] DEBUG PrimaryStageWindow   - FXGLLoadingScene -> GameScene
19:12:05.435 [JavaFX Application Thread] DEBUG FXGLAssetLoaderServi - Loading from file system: file:/C:/Users/macke/OneDrive/Documents/School/Semester%203/Programming%20in%20a%20Graphical%20User%20Interface/Homework/animals-revenge/build/resources/main/assets/ui/Simulator.fxml
19:12:05.674 [JavaFX Application Thread] DEBUG FXGLAssetLoaderServi - Loading from file system: file:/C:/Users/macke/OneDrive/Documents/School/Semester%203/Programming%20in%20a%20Graphical%20User%20Interface/Homework/animals-revenge/build/resources/main/assets/textures/cannon.png
19:12:05.684 [JavaFX Application Thread] DEBUG FXGLAssetLoaderServi - Loading from file system: file:/C:/Users/macke/OneDrive/Documents/School/Semester%203/Programming%20in%20a%20Graphical%20User%20Interface/Homework/animals-revenge/build/resources/main/assets/textures/brick32x32.png
19:12:31.814 [JavaFX Application Thread] DEBUG FXGLApplication      - Exiting FXGL
19:12:31.814 [JavaFX Application Thread] DEBUG LoopRunner           - Stopping loop
19:12:31.814 [JavaFX Application Thread] DEBUG SystemBundleService  - Saving FXGL system data
19:12:31.818 [JavaFX Application Thread] DEBUG FileSystemAccess     - Writing to: C:\Users\macke\OneDrive\Documents\School\Semester 3\Programming in a Graphical User Interface\Homework\animals-revenge\system\fxgl.bundle
19:12:31.821 [JavaFX Application Thread] DEBUG Async                - Shutting down background threads
19:12:31.821 [JavaFX Application Thread] DEBUG PrimaryStageWindow   - Closing main window
19:12:31.882 [JavaFX Application Thread] DEBUG Logger               - Closing Logger
