14:17:07.150 [main                     ] DEBUG Logger               - Configured Logger
14:17:07.185 [main                     ] DEBUG GameApplication      - Logging settings
Title: Untitled
Version: 0.0
Width: 1480
Height: 820
Fullscreen: false
Intro: false
Profiling: false
Single step:false
App Mode: DEVELOPER
Menu Key: ESCAPE
Stage Style: DECORATED
Scene Factory: class com.almasb.fxgl.app.scene.SceneFactory

14:17:07.730 [JavaFX Application Thread] DEBUG FXGLApplication      - Initializing FXGL
14:17:07.739 [JavaFX Application Thread] INFO  Engine               - FXGL-17.2 (20.08.2022 16.50) on WINDOWS (J:18.0.2.1 FX:20.0.2)
14:17:07.739 [JavaFX Application Thread] DEBUG Engine               - JRE Vendor Name: Oracle Corporation
14:17:07.741 [JavaFX Application Thread] DEBUG Engine               - Running on OS: Windows 11 version 10.0
14:17:07.741 [JavaFX Application Thread] DEBUG Engine               - Architecture: amd64
14:17:07.741 [JavaFX Application Thread] INFO  Engine               - Source code and latest versions at: https://github.com/AlmasB/FXGL
14:17:07.741 [JavaFX Application Thread] INFO  Engine               -       Ask questions and discuss at: https://github.com/AlmasB/FXGL/discussions
14:17:07.742 [JavaFX Application Thread] INFO  Engine               -              Join the FXGL chat at: https://gitter.im/AlmasB/FXGL
14:17:07.866 [JavaFX Application Thread] DEBUG PrimaryStageWindow   - Creating a JavaFX scene
14:17:07.866 [JavaFX Application Thread] DEBUG PrimaryStageWindow   - Target size > screen size
14:17:07.942 [JavaFX Application Thread] DEBUG PrimaryStageWindow   - Target settings size: 1480.0 x 820.0
14:17:07.943 [JavaFX Application Thread] DEBUG PrimaryStageWindow   - Scaled scene size:    1415.0 x 797.0
14:17:07.943 [JavaFX Application Thread] DEBUG PrimaryStageWindow   - Scaled ratio: (0.956081081081081, 0.9719512195121951)
14:17:07.947 [JavaFX Application Thread] DEBUG PrimaryStageWindow   - Set initial scene to FXGLStartupScene
14:17:07.952 [JavaFX Application Thread] DEBUG PrimaryStageWindow   - Opening main window
14:17:08.109 [JavaFX Application Thread] DEBUG PrimaryStageWindow   - Window border size: (13.0, 35.5)
14:17:08.109 [JavaFX Application Thread] DEBUG PrimaryStageWindow   - Scaled size: 1415.0 x 797.0
14:17:08.110 [JavaFX Application Thread] DEBUG PrimaryStageWindow   - Scaled ratio: (0.956081081081081, 0.9719512195121951)
14:17:08.110 [JavaFX Application Thread] DEBUG PrimaryStageWindow   - Scene size: 1415.0 x 797.0
14:17:08.110 [JavaFX Application Thread] DEBUG PrimaryStageWindow   - Stage size: 1428.0 x 832.5
14:17:08.118 [FXGL Background Thread 1 ] DEBUG Engine               - Initializing environment variables
14:17:08.187 [FXGL Background Thread 1 ] DEBUG FXGLAssetLoaderServi - User app class for loading assets: class edu.vanier.animals_revenge.MainApp
14:17:08.188 [FXGL Background Thread 1 ] DEBUG GameApplicationServi - Applying CSS: fxgl_dark.css
14:17:08.190 [FXGL Background Thread 1 ] DEBUG FXGLAssetLoaderServi - Loading from file system: jar:file:/C:/Users/macke/.gradle/caches/modules-2/files-2.1/com.github.almasb/fxgl/17.2/35db6ae960eec2dcfd19262d3b7f9c42f0e95bc3/fxgl-17.2.jar!/fxglassets/ui/css/fxgl_dark.css
14:17:08.233 [FXGL Background Thread 1 ] DEBUG GameApplicationServi - Initializing application scenes
14:17:08.300 [FXGL Background Thread 1 ] DEBUG GameWorld            - Game world initialized
14:17:08.364 [FXGL Background Thread 1 ] DEBUG PhysicsWorld         - Physics world initialized: appHeight=820, physics.ppm=50.0
14:17:08.364 [FXGL Background Thread 1 ] DEBUG PhysicsWorld         - Using strategy: BRUTE_FORCE
14:17:08.369 [FXGL Background Thread 1 ] DEBUG GameScene            - Game scene initialized: 1480x820
14:17:08.369 [FXGL Background Thread 1 ] DEBUG GameApplicationServi - Application scenes initialized
14:17:08.389 [FXGL Background Thread 1 ] DEBUG SystemBundleService  - Loading FXGL system data
14:17:08.396 [FXGL Background Thread 1 ] DEBUG FileSystemAccess     - Reading from: C:\Users\macke\OneDrive\Documents\School\Semester 3\Programming in a Graphical User Interface\Homework\animals-revenge\system\fxgl.bundle
14:17:08.409 [FXGL Background Thread 1 ] DEBUG SystemBundleService  - Bundle FXGL: {}
14:17:08.409 [FXGL Background Thread 1 ] DEBUG UpdaterService       - Checking for updates
14:17:08.426 [FXGL Background Thread 1 ] DEBUG FXGLApplication      - Loading default localization
14:17:08.427 [FXGL Background Thread 4 ] DEBUG FXGLApplication      - Loading fonts
14:17:08.427 [FXGL Background Thread 1 ] DEBUG FXGLAssetLoaderServi - Loading from file system: jar:file:/C:/Users/macke/.gradle/caches/modules-2/files-2.1/com.github.almasb/fxgl/17.2/35db6ae960eec2dcfd19262d3b7f9c42f0e95bc3/fxgl-17.2.jar!/fxglassets/languages/english.lang
14:17:08.428 [FXGL Background Thread 4 ] DEBUG FXGLAssetLoaderServi - Loading from file system: jar:file:/C:/Users/macke/.gradle/caches/modules-2/files-2.1/com.github.almasb/fxgl/17.2/35db6ae960eec2dcfd19262d3b7f9c42f0e95bc3/fxgl-17.2.jar!/fxglassets/ui/fonts/VarelaRound-Regular.ttf
14:17:08.481 [FXGL Background Thread 1 ] INFO  FXGLApplication      - FXGL initialization took: 0.362 sec
14:17:08.487 [JavaFX Application Thread] DEBUG Input                - Registered new binding: Launch - RMB
14:17:08.488 [JavaFX Application Thread] DEBUG Input                - Registered new binding: Create - LMB
14:17:08.488 [JavaFX Application Thread] DEBUG Input                - Registered new binding: Drag - CTRL+LMB
14:17:08.489 [JavaFX Application Thread] DEBUG FXGLAssetLoaderServi - Loading from file system: jar:file:/C:/Users/macke/.gradle/caches/modules-2/files-2.1/com.github.almasb/fxgl/17.2/35db6ae960eec2dcfd19262d3b7f9c42f0e95bc3/fxgl-17.2.jar!/fxglassets/textures/fxgl_icon.png
14:17:08.525 [FXGL Background Thread 4 ] DEBUG FXGLAssetLoaderServi - Loading from file system: jar:file:/C:/Users/macke/.gradle/caches/modules-2/files-2.1/com.github.almasb/fxgl/17.2/35db6ae960eec2dcfd19262d3b7f9c42f0e95bc3/fxgl-17.2.jar!/fxglassets/ui/fonts/Abel-Regular.ttf
14:17:08.530 [FXGL Background Thread 4 ] DEBUG FXGLAssetLoaderServi - Loading from file system: jar:file:/C:/Users/macke/.gradle/caches/modules-2/files-2.1/com.github.almasb/fxgl/17.2/35db6ae960eec2dcfd19262d3b7f9c42f0e95bc3/fxgl-17.2.jar!/fxglassets/ui/fonts/TerminalLandMono-Regular.otf
14:17:08.535 [FXGL Background Thread 4 ] DEBUG FXGLAssetLoaderServi - Loading from file system: jar:file:/C:/Users/macke/.gradle/caches/modules-2/files-2.1/com.github.almasb/fxgl/17.2/35db6ae960eec2dcfd19262d3b7f9c42f0e95bc3/fxgl-17.2.jar!/fxglassets/ui/fonts/Courier-Prime.ttf
14:17:08.558 [JavaFX Application Thread] DEBUG FXGLAssetLoaderServi - Loading from file system: jar:file:/C:/Users/macke/.gradle/caches/modules-2/files-2.1/com.github.almasb/fxgl/17.2/35db6ae960eec2dcfd19262d3b7f9c42f0e95bc3/fxgl-17.2.jar!/fxglassets/textures/fxgl_default_cursor.png
14:17:08.566 [JavaFX Application Thread] DEBUG Input                - Registered new binding: Screenshot - CTRL+8
14:17:08.567 [JavaFX Application Thread] DEBUG Input                - Registered new binding: System info dump - CTRL+9
14:17:08.568 [JavaFX Application Thread] DEBUG Input                - Registered new binding: Restart - CTRL+R
14:17:08.570 [JavaFX Application Thread] DEBUG Input                - Registered new binding: Toggle Debug Camera - CTRL+7
14:17:08.578 [JavaFX Application Thread] DEBUG LoopRunner           - Starting loop
14:17:08.578 [JavaFX Application Thread] DEBUG LoopRunner           - Initializing JavaFX AnimationTimerLoop
14:17:08.580 [JavaFX Application Thread] DEBUG GameApplicationServi - Starting new game
14:17:08.580 [JavaFX Application Thread] DEBUG Input                - Clearing active input actions
14:17:08.596 [JavaFX Application Thread] DEBUG GameApplicationServi - Removing overlay from FXGLStartupScene and adding to FXGLLoadingScene
14:17:08.597 [JavaFX Application Thread] DEBUG PrimaryStageWindow   - FXGLStartupScene -> FXGLLoadingScene
14:17:08.597 [JavaFX Application Thread] DEBUG GameApplicationServi - Clearing previous game
14:17:08.597 [JavaFX Application Thread] DEBUG GameScene            - Clearing game scene
14:17:08.597 [JavaFX Application Thread] DEBUG GameWorld            - Clearing game world
14:17:08.597 [JavaFX Application Thread] DEBUG PhysicsWorld         - Clearing physics world
14:17:08.603 [FXGL Background Thread 4 ] DEBUG FXGLApplication      - Initializing game
14:17:08.603 [JavaFX Application Thread] DEBUG FXGLApplication      - Registering font factories with UI factory
14:17:08.647 [FXGL Background Thread 4 ] DEBUG FXGLAssetLoaderServi - Loading from file system: file:/C:/Users/macke/OneDrive/Documents/School/Semester%203/Programming%20in%20a%20Graphical%20User%20Interface/Homework/animals-revenge/build/resources/main/assets/ui/Home.fxml
14:17:08.922 [FXGL Background Thread 2 ] INFO  UpdaterService       - Your current version:  17.2
14:17:08.922 [FXGL Background Thread 2 ] INFO  UpdaterService       - Latest stable version: 17.3
14:17:09.163 [FXGL Background Thread 4 ] INFO  FXGLApplication      - Game initialization took: 0.560 sec
14:17:09.170 [JavaFX Application Thread] DEBUG Input                - Clearing active input actions
14:17:09.234 [JavaFX Application Thread] DEBUG GameApplicationServi - Removing overlay from FXGLLoadingScene and adding to GameScene
14:17:09.235 [JavaFX Application Thread] DEBUG PrimaryStageWindow   - FXGLLoadingScene -> GameScene
14:17:10.436 [JavaFX Application Thread] DEBUG FXGLAssetLoaderServi - Loading from file system: file:/C:/Users/macke/OneDrive/Documents/School/Semester%203/Programming%20in%20a%20Graphical%20User%20Interface/Homework/animals-revenge/build/resources/main/assets/ui/Simulator.fxml
14:17:10.607 [JavaFX Application Thread] DEBUG FXGLAssetLoaderServi - Loading from file system: file:/C:/Users/macke/OneDrive/Documents/School/Semester%203/Programming%20in%20a%20Graphical%20User%20Interface/Homework/animals-revenge/build/resources/main/assets/textures/cannon.png
14:17:11.422 [FXGL Background Thread 3 ] DEBUG Engine               - Logging environment variables
14:17:11.423 [FXGL Background Thread 3 ] DEBUG Engine               - achievements: []
14:17:11.424 [FXGL Background Thread 3 ] DEBUG Engine               - actualHeight: 797.0
14:17:11.424 [FXGL Background Thread 3 ] DEBUG Engine               - actualHeightProperty: ReadOnlyDoubleProperty [value: 797.0]
14:17:11.424 [FXGL Background Thread 3 ] DEBUG Engine               - actualWidth: 1415.0
14:17:11.424 [FXGL Background Thread 3 ] DEBUG Engine               - actualWidthProperty: ReadOnlyDoubleProperty [value: 1415.0]
14:17:11.425 [FXGL Background Thread 3 ] DEBUG Engine               - appIcon: fxgl_icon.png
14:17:11.425 [FXGL Background Thread 3 ] DEBUG Engine               - applicationMode: DEVELOPER
14:17:11.426 [FXGL Background Thread 3 ] DEBUG Engine               - cSSList: [fxgl_dark.css]
14:17:11.426 [FXGL Background Thread 3 ] DEBUG Engine               - collisionDetectionStrategy: BRUTE_FORCE
14:17:11.427 [FXGL Background Thread 3 ] DEBUG Engine               - configClass: Optional.empty
14:17:11.428 [FXGL Background Thread 3 ] DEBUG Engine               - credits: []
14:17:11.431 [FXGL Background Thread 3 ] DEBUG Engine               - defaultCursor: CursorInfo(imageName=fxgl_default_cursor.png, hotspotX=7.0, hotspotY=6.0)
14:17:11.432 [FXGL Background Thread 3 ] DEBUG Engine               - devBBoxColorProperty: ObjectProperty [value: 0xff0000ff]
14:17:11.433 [FXGL Background Thread 3 ] DEBUG Engine               - devEnableDebugCameraProperty: BooleanProperty [value: false]
14:17:11.433 [FXGL Background Thread 3 ] DEBUG Engine               - devSensorColorProperty: ObjectProperty [value: 0xffff00ff]
14:17:11.433 [FXGL Background Thread 3 ] DEBUG Engine               - devShowBBoxProperty: BooleanProperty [value: false]
14:17:11.433 [FXGL Background Thread 3 ] DEBUG Engine               - devShowPositionProperty: BooleanProperty [value: false]
14:17:11.434 [FXGL Background Thread 3 ] DEBUG Engine               - enabledMenuItems: []
14:17:11.434 [FXGL Background Thread 3 ] DEBUG Engine               - engineServices: [class com.almasb.fxgl.app.services.FXGLAssetLoaderService, class com.almasb.fxgl.app.FXGLApplication$GameApplicationService, class com.almasb.fxgl.app.services.FXGLDialogService, class com.almasb.fxgl.app.services.IOTaskExecutorService, class com.almasb.fxgl.io.FileSystemService, class com.almasb.fxgl.localization.LocalizationService, class com.almasb.fxgl.app.services.SystemBundleService, class com.almasb.fxgl.profile.SaveLoadService, class com.almasb.fxgl.ui.FXGLUIFactoryServiceProvider, class com.almasb.fxgl.ui.FXGLDialogFactoryServiceProvider, class com.almasb.fxgl.audio.AudioPlayer, class com.almasb.fxgl.notification.impl.NotificationServiceProvider, class com.almasb.fxgl.achievement.AchievementService, class com.almasb.fxgl.cutscene.CutsceneService, class com.almasb.fxgl.minigames.MiniGameService, class com.almasb.fxgl.net.NetService, class com.almasb.fxgl.app.services.UpdaterService, class com.almasb.fxgl.dev.DevService]
14:17:11.435 [FXGL Background Thread 3 ] DEBUG Engine               - fontGame: Abel-Regular.ttf
14:17:11.435 [FXGL Background Thread 3 ] DEBUG Engine               - fontMono: TerminalLandMono-Regular.otf
14:17:11.435 [FXGL Background Thread 3 ] DEBUG Engine               - fontText: Courier-Prime.ttf
14:17:11.435 [FXGL Background Thread 3 ] DEBUG Engine               - fontUI: VarelaRound-Regular.ttf
14:17:11.435 [FXGL Background Thread 3 ] DEBUG Engine               - fullScreen: BooleanProperty [value: false]
14:17:11.435 [FXGL Background Thread 3 ] DEBUG Engine               - gameDifficulty: MEDIUM
14:17:11.435 [FXGL Background Thread 3 ] DEBUG Engine               - gameDifficultyProperty: ObjectProperty [value: MEDIUM]
14:17:11.436 [FXGL Background Thread 3 ] DEBUG Engine               - globalMusicVolume: 0.5
14:17:11.436 [FXGL Background Thread 3 ] DEBUG Engine               - globalMusicVolumeProperty: DoubleProperty [value: 0.5]
14:17:11.436 [FXGL Background Thread 3 ] DEBUG Engine               - globalSoundVolume: 0.5
14:17:11.436 [FXGL Background Thread 3 ] DEBUG Engine               - globalSoundVolumeProperty: DoubleProperty [value: 0.5]
14:17:11.436 [FXGL Background Thread 3 ] DEBUG Engine               - height: 820
14:17:11.437 [FXGL Background Thread 3 ] DEBUG Engine               - is3D: false
14:17:11.437 [FXGL Background Thread 3 ] DEBUG Engine               - isAndroid: false
14:17:11.437 [FXGL Background Thread 3 ] DEBUG Engine               - isBrowser: false
14:17:11.437 [FXGL Background Thread 3 ] DEBUG Engine               - isClickFeedbackEnabled: false
14:17:11.437 [FXGL Background Thread 3 ] DEBUG Engine               - isCloseConfirmation: false
14:17:11.437 [FXGL Background Thread 3 ] DEBUG Engine               - isDesktop: true
14:17:11.437 [FXGL Background Thread 3 ] DEBUG Engine               - isDeveloperMenuEnabled: false
14:17:11.437 [FXGL Background Thread 3 ] DEBUG Engine               - isEmbedded: false
14:17:11.437 [FXGL Background Thread 3 ] DEBUG Engine               - isEntityPreloadEnabled: true
14:17:11.437 [FXGL Background Thread 3 ] DEBUG Engine               - isExperimentalTiledLargeMap: false
14:17:11.437 [FXGL Background Thread 3 ] DEBUG Engine               - isFileSystemWriteAllowed: true
14:17:11.437 [FXGL Background Thread 3 ] DEBUG Engine               - isFullScreenAllowed: false
14:17:11.437 [FXGL Background Thread 3 ] DEBUG Engine               - isFullScreenFromStart: false
14:17:11.437 [FXGL Background Thread 3 ] DEBUG Engine               - isGameMenuEnabled: false
14:17:11.437 [FXGL Background Thread 3 ] DEBUG Engine               - isIOS: false
14:17:11.438 [FXGL Background Thread 3 ] DEBUG Engine               - isIntroEnabled: false
14:17:11.438 [FXGL Background Thread 3 ] DEBUG Engine               - isLinux: false
14:17:11.438 [FXGL Background Thread 3 ] DEBUG Engine               - isMac: false
14:17:11.438 [FXGL Background Thread 3 ] DEBUG Engine               - isMainMenuEnabled: false
14:17:11.439 [FXGL Background Thread 3 ] DEBUG Engine               - isManualResizeEnabled: false
14:17:11.439 [FXGL Background Thread 3 ] DEBUG Engine               - isMobile: false
14:17:11.439 [FXGL Background Thread 3 ] DEBUG Engine               - isNative: false
14:17:11.440 [FXGL Background Thread 3 ] DEBUG Engine               - isPauseMusicWhenMinimized: true
14:17:11.440 [FXGL Background Thread 3 ] DEBUG Engine               - isPreserveResizeRatio: false
14:17:11.440 [FXGL Background Thread 3 ] DEBUG Engine               - isProfilingEnabled: false
14:17:11.440 [FXGL Background Thread 3 ] DEBUG Engine               - isScaleAffectedOnResize: true
14:17:11.440 [FXGL Background Thread 3 ] DEBUG Engine               - isSingleStep: false
14:17:11.440 [FXGL Background Thread 3 ] DEBUG Engine               - isUserProfileEnabled: false
14:17:11.440 [FXGL Background Thread 3 ] DEBUG Engine               - isWindows: true
14:17:11.440 [FXGL Background Thread 3 ] DEBUG Engine               - language: ObjectProperty [value: ENGLISH]
14:17:11.440 [FXGL Background Thread 3 ] DEBUG Engine               - menuKey: ESCAPE
14:17:11.442 [FXGL Background Thread 3 ] DEBUG Engine               - mouseSensitivity: 0.2
14:17:11.442 [FXGL Background Thread 3 ] DEBUG Engine               - notificationViewClass: class com.almasb.fxgl.notification.view.XboxNotificationView
14:17:11.442 [FXGL Background Thread 3 ] DEBUG Engine               - pixelsPerMeter: 50.0
14:17:11.442 [FXGL Background Thread 3 ] DEBUG Engine               - platform: WINDOWS
14:17:11.442 [FXGL Background Thread 3 ] DEBUG Engine               - prefHeightProperty: ReadOnlyDoubleProperty [value: 820.0]
14:17:11.442 [FXGL Background Thread 3 ] DEBUG Engine               - prefWidthProperty: ReadOnlyDoubleProperty [value: 1480.0]
14:17:11.442 [FXGL Background Thread 3 ] DEBUG Engine               - profileDir: profiles/
14:17:11.442 [FXGL Background Thread 3 ] DEBUG Engine               - profileName: StringProperty [value: DEFAULT]
14:17:11.442 [FXGL Background Thread 3 ] DEBUG Engine               - randomSeed: -1
14:17:11.442 [FXGL Background Thread 3 ] DEBUG Engine               - runtimeInfo: RuntimeInfo(platform=WINDOWS, version=17.2, build=20.08.2022 16.50)
14:17:11.443 [FXGL Background Thread 3 ] DEBUG Engine               - saveFileExt: sav
14:17:11.443 [FXGL Background Thread 3 ] DEBUG Engine               - scaledHeightProp$fxgl: DoubleProperty [bound, value: 797.0]
14:17:11.443 [FXGL Background Thread 3 ] DEBUG Engine               - scaledWidthProp$fxgl: DoubleProperty [bound, value: 1415.0]
14:17:11.443 [FXGL Background Thread 3 ] DEBUG Engine               - sceneFactory: com.almasb.fxgl.app.scene.SceneFactory@6bac40d4
14:17:11.443 [FXGL Background Thread 3 ] DEBUG Engine               - secondsIn24h: 60
14:17:11.443 [FXGL Background Thread 3 ] DEBUG Engine               - soundMenuBack: menu/back.wav
14:17:11.443 [FXGL Background Thread 3 ] DEBUG Engine               - soundMenuPress: menu/press.wav
14:17:11.443 [FXGL Background Thread 3 ] DEBUG Engine               - soundMenuSelect: menu/select.wav
14:17:11.443 [FXGL Background Thread 3 ] DEBUG Engine               - soundNotification: core/notification.wav
14:17:11.443 [FXGL Background Thread 3 ] DEBUG Engine               - stageStyle: DECORATED
14:17:11.443 [FXGL Background Thread 3 ] DEBUG Engine               - supportedLanguages: [ENGLISH, FRENCH, GERMAN, HUNGARIAN, RUSSIAN]
14:17:11.443 [FXGL Background Thread 3 ] DEBUG Engine               - ticksPerSecond: -1
14:17:11.443 [FXGL Background Thread 3 ] DEBUG Engine               - title: Untitled
14:17:11.443 [FXGL Background Thread 3 ] DEBUG Engine               - urlGithub: https://github.com/AlmasB/FXGL
14:17:11.443 [FXGL Background Thread 3 ] DEBUG Engine               - urlLeaderboard: http://fxgl-top.herokuapp.com/
14:17:11.443 [FXGL Background Thread 3 ] DEBUG Engine               - urlPOM: https://raw.githubusercontent.com/AlmasB/FXGL/release/README.md
14:17:11.443 [FXGL Background Thread 3 ] DEBUG Engine               - userAppClass: class edu.vanier.animals_revenge.MainApp
14:17:11.443 [FXGL Background Thread 3 ] DEBUG Engine               - version: 0.0
14:17:11.443 [FXGL Background Thread 3 ] DEBUG Engine               - versionCheckDays: 7
14:17:11.443 [FXGL Background Thread 3 ] DEBUG Engine               - width: 1480
14:17:11.443 [FXGL Background Thread 3 ] DEBUG Engine               - Logging services
14:17:11.443 [FXGL Background Thread 3 ] DEBUG Engine               - class com.almasb.fxgl.app.services.FXGLAssetLoaderService
14:17:11.444 [FXGL Background Thread 3 ] DEBUG Engine               - class com.almasb.fxgl.app.FXGLApplication$GameApplicationService
14:17:11.444 [FXGL Background Thread 3 ] DEBUG Engine               - class com.almasb.fxgl.app.services.FXGLDialogService
14:17:11.444 [FXGL Background Thread 3 ] DEBUG Engine               - class com.almasb.fxgl.app.services.IOTaskExecutorService
14:17:11.444 [FXGL Background Thread 3 ] DEBUG Engine               - class com.almasb.fxgl.io.FileSystemService
14:17:11.444 [FXGL Background Thread 3 ] DEBUG Engine               - class com.almasb.fxgl.localization.LocalizationService
14:17:11.444 [FXGL Background Thread 3 ] DEBUG Engine               - class com.almasb.fxgl.app.services.SystemBundleService
14:17:11.444 [FXGL Background Thread 3 ] DEBUG Engine               - class com.almasb.fxgl.profile.SaveLoadService
14:17:11.444 [FXGL Background Thread 3 ] DEBUG Engine               - class com.almasb.fxgl.ui.FXGLUIFactoryServiceProvider
14:17:11.444 [FXGL Background Thread 3 ] DEBUG Engine               - class com.almasb.fxgl.ui.FXGLDialogFactoryServiceProvider
14:17:11.444 [FXGL Background Thread 3 ] DEBUG Engine               - class com.almasb.fxgl.audio.AudioPlayer
14:17:11.444 [FXGL Background Thread 3 ] DEBUG Engine               - class com.almasb.fxgl.notification.impl.NotificationServiceProvider
14:17:11.444 [FXGL Background Thread 3 ] DEBUG Engine               - class com.almasb.fxgl.achievement.AchievementService
14:17:11.445 [FXGL Background Thread 3 ] DEBUG Engine               - class com.almasb.fxgl.cutscene.CutsceneService
14:17:11.445 [FXGL Background Thread 3 ] DEBUG Engine               - class com.almasb.fxgl.minigames.MiniGameService
14:17:11.445 [FXGL Background Thread 3 ] DEBUG Engine               - class com.almasb.fxgl.net.NetService
14:17:11.445 [FXGL Background Thread 3 ] DEBUG Engine               - class com.almasb.fxgl.app.services.UpdaterService
14:17:11.445 [FXGL Background Thread 3 ] DEBUG Engine               - class com.almasb.fxgl.dev.DevService
14:17:13.527 [JavaFX Application Thread] DEBUG FXGLAssetLoaderServi - Loading from file system: file:/C:/Users/macke/OneDrive/Documents/School/Semester%203/Programming%20in%20a%20Graphical%20User%20Interface/Homework/animals-revenge/build/resources/main/assets/textures/soccer.png
14:17:29.995 [JavaFX Application Thread] DEBUG FXGLApplication      - Exiting FXGL
14:17:29.995 [JavaFX Application Thread] DEBUG LoopRunner           - Stopping loop
14:17:29.996 [JavaFX Application Thread] DEBUG SystemBundleService  - Saving FXGL system data
14:17:29.999 [JavaFX Application Thread] DEBUG FileSystemAccess     - Writing to: C:\Users\macke\OneDrive\Documents\School\Semester 3\Programming in a Graphical User Interface\Homework\animals-revenge\system\fxgl.bundle
14:17:30.003 [JavaFX Application Thread] DEBUG Async                - Shutting down background threads
14:17:30.003 [JavaFX Application Thread] DEBUG PrimaryStageWindow   - Closing main window
14:17:30.050 [JavaFX Application Thread] DEBUG Logger               - Closing Logger
