20:27:46.710 [main                     ] DEBUG Logger               - Configured Logger
20:27:46.733 [main                     ] DEBUG GameApplication      - Logging settings
Title: Untitled
Version: 0.0
Width: 1480
Height: 820
Fullscreen: false
Intro: false
Profiling: false
Single step:false
App Mode: DEVELOPER
Menu Key: ESCAPE
Stage Style: DECORATED
Scene Factory: class com.almasb.fxgl.app.scene.SceneFactory

20:27:47.466 [JavaFX Application Thread] DEBUG FXGLApplication      - Initializing FXGL
20:27:47.477 [JavaFX Application Thread] INFO  Engine               - FXGL-17.2 (20.08.2022 16.50) on WINDOWS (J:18.0.2.1 FX:20.0.2)
20:27:47.478 [JavaFX Application Thread] DEBUG Engine               - JRE Vendor Name: Oracle Corporation
20:27:47.479 [JavaFX Application Thread] DEBUG Engine               - Running on OS: Windows 11 version 10.0
20:27:47.479 [JavaFX Application Thread] DEBUG Engine               - Architecture: amd64
20:27:47.479 [JavaFX Application Thread] INFO  Engine               - Source code and latest versions at: https://github.com/AlmasB/FXGL
20:27:47.479 [JavaFX Application Thread] INFO  Engine               -       Ask questions and discuss at: https://github.com/AlmasB/FXGL/discussions
20:27:47.480 [JavaFX Application Thread] INFO  Engine               -              Join the FXGL chat at: https://gitter.im/AlmasB/FXGL
20:27:47.636 [JavaFX Application Thread] DEBUG PrimaryStageWindow   - Creating a JavaFX scene
20:27:47.637 [JavaFX Application Thread] DEBUG PrimaryStageWindow   - Target size > screen size
20:27:47.785 [JavaFX Application Thread] DEBUG PrimaryStageWindow   - Target settings size: 1480.0 x 820.0
20:27:47.786 [JavaFX Application Thread] DEBUG PrimaryStageWindow   - Scaled scene size:    1447.0 x 815.0
20:27:47.786 [JavaFX Application Thread] DEBUG PrimaryStageWindow   - Scaled ratio: (0.9777027027027027, 0.9939024390243902)
20:27:47.788 [JavaFX Application Thread] DEBUG PrimaryStageWindow   - Set initial scene to FXGLStartupScene
20:27:47.795 [JavaFX Application Thread] DEBUG PrimaryStageWindow   - Opening main window
20:27:47.975 [JavaFX Application Thread] DEBUG PrimaryStageWindow   - Window border size: (14.5999755859375, 37.79998779296875)
20:27:47.976 [JavaFX Application Thread] DEBUG PrimaryStageWindow   - Scaled size: 1447.0 x 815.0
20:27:47.977 [JavaFX Application Thread] DEBUG PrimaryStageWindow   - Scaled ratio: (0.9777027027027027, 0.9939024390243902)
20:27:47.977 [JavaFX Application Thread] DEBUG PrimaryStageWindow   - Scene size: 1447.0 x 815.0
20:27:47.978 [JavaFX Application Thread] DEBUG PrimaryStageWindow   - Stage size: 1461.5999755859375 x 852.7999877929688
20:27:48.046 [FXGL Background Thread 1 ] DEBUG Engine               - Initializing environment variables
20:27:48.206 [FXGL Background Thread 1 ] DEBUG FXGLAssetLoaderServi - User app class for loading assets: class edu.vanier.animals_revenge.MainApp
20:27:48.207 [FXGL Background Thread 1 ] DEBUG GameApplicationServi - Applying CSS: fxgl_dark.css
20:27:48.209 [FXGL Background Thread 1 ] DEBUG FXGLAssetLoaderServi - Loading from file system: jar:file:/C:/Users/anton/.gradle/caches/modules-2/files-2.1/com.github.almasb/fxgl/17.2/35db6ae960eec2dcfd19262d3b7f9c42f0e95bc3/fxgl-17.2.jar!/fxglassets/ui/css/fxgl_dark.css
20:27:48.284 [FXGL Background Thread 1 ] DEBUG GameApplicationServi - Initializing application scenes
20:27:48.416 [FXGL Background Thread 1 ] DEBUG GameWorld            - Game world initialized
20:27:48.527 [FXGL Background Thread 1 ] DEBUG PhysicsWorld         - Physics world initialized: appHeight=820, physics.ppm=50.0
20:27:48.527 [FXGL Background Thread 1 ] DEBUG PhysicsWorld         - Using strategy: BRUTE_FORCE
20:27:48.534 [FXGL Background Thread 1 ] DEBUG GameScene            - Game scene initialized: 1480x820
20:27:48.534 [FXGL Background Thread 1 ] DEBUG GameApplicationServi - Application scenes initialized
20:27:48.570 [FXGL Background Thread 1 ] DEBUG SystemBundleService  - Loading FXGL system data
20:27:48.617 [FXGL Background Thread 1 ] DEBUG FileSystemAccess     - Reading from: C:\Users\anton\OneDrive\Documents\GitHub\animals-revenge\system\fxgl.bundle
20:27:48.638 [FXGL Background Thread 1 ] DEBUG SystemBundleService  - Bundle FXGL: {}
20:27:48.638 [FXGL Background Thread 1 ] DEBUG UpdaterService       - Checking for updates
20:27:48.649 [FXGL Background Thread 1 ] DEBUG FXGLApplication      - Loading default localization
20:27:48.650 [FXGL Background Thread 1 ] DEBUG FXGLAssetLoaderServi - Loading from file system: jar:file:/C:/Users/anton/.gradle/caches/modules-2/files-2.1/com.github.almasb/fxgl/17.2/35db6ae960eec2dcfd19262d3b7f9c42f0e95bc3/fxgl-17.2.jar!/fxglassets/languages/english.lang
20:27:48.654 [FXGL Background Thread 4 ] DEBUG FXGLApplication      - Loading fonts
20:27:48.655 [FXGL Background Thread 4 ] DEBUG FXGLAssetLoaderServi - Loading from file system: jar:file:/C:/Users/anton/.gradle/caches/modules-2/files-2.1/com.github.almasb/fxgl/17.2/35db6ae960eec2dcfd19262d3b7f9c42f0e95bc3/fxgl-17.2.jar!/fxglassets/ui/fonts/VarelaRound-Regular.ttf
20:27:48.686 [FXGL Background Thread 1 ] INFO  FXGLApplication      - FXGL initialization took: 0.640 sec
20:27:48.693 [JavaFX Application Thread] DEBUG Input                - Registered new binding: Launch - RMB
20:27:48.693 [JavaFX Application Thread] DEBUG Input                - Registered new binding: Create - LMB
20:27:48.695 [JavaFX Application Thread] DEBUG Input                - Registered new binding: Drag - CTRL+LMB
20:27:48.696 [JavaFX Application Thread] DEBUG FXGLAssetLoaderServi - Loading from file system: jar:file:/C:/Users/anton/.gradle/caches/modules-2/files-2.1/com.github.almasb/fxgl/17.2/35db6ae960eec2dcfd19262d3b7f9c42f0e95bc3/fxgl-17.2.jar!/fxglassets/textures/fxgl_icon.png
20:27:48.777 [JavaFX Application Thread] DEBUG FXGLAssetLoaderServi - Loading from file system: jar:file:/C:/Users/anton/.gradle/caches/modules-2/files-2.1/com.github.almasb/fxgl/17.2/35db6ae960eec2dcfd19262d3b7f9c42f0e95bc3/fxgl-17.2.jar!/fxglassets/textures/fxgl_default_cursor.png
20:27:48.796 [JavaFX Application Thread] DEBUG Input                - Registered new binding: Screenshot - CTRL+8
20:27:48.797 [JavaFX Application Thread] DEBUG Input                - Registered new binding: System info dump - CTRL+9
20:27:48.798 [JavaFX Application Thread] DEBUG Input                - Registered new binding: Restart - CTRL+R
20:27:48.799 [JavaFX Application Thread] DEBUG Input                - Registered new binding: Toggle Debug Camera - CTRL+7
20:27:48.803 [JavaFX Application Thread] DEBUG LoopRunner           - Starting loop
20:27:48.803 [JavaFX Application Thread] DEBUG LoopRunner           - Initializing JavaFX AnimationTimerLoop
20:27:48.807 [JavaFX Application Thread] DEBUG GameApplicationServi - Starting new game
20:27:48.808 [JavaFX Application Thread] DEBUG Input                - Clearing active input actions
20:27:48.823 [JavaFX Application Thread] DEBUG GameApplicationServi - Removing overlay from FXGLStartupScene and adding to FXGLLoadingScene
20:27:48.824 [JavaFX Application Thread] DEBUG PrimaryStageWindow   - FXGLStartupScene -> FXGLLoadingScene
20:27:48.824 [JavaFX Application Thread] DEBUG GameApplicationServi - Clearing previous game
20:27:48.824 [JavaFX Application Thread] DEBUG GameScene            - Clearing game scene
20:27:48.824 [JavaFX Application Thread] DEBUG GameWorld            - Clearing game world
20:27:48.824 [JavaFX Application Thread] DEBUG PhysicsWorld         - Clearing physics world
20:27:48.828 [FXGL Background Thread 1 ] DEBUG FXGLApplication      - Initializing game
20:27:48.922 [FXGL Background Thread 1 ] DEBUG FXGLAssetLoaderServi - Loading from file system: file:/C:/Users/anton/OneDrive/Documents/GitHub/animals-revenge/build/resources/main/assets/ui/Home.fxml
20:27:49.147 [FXGL Background Thread 4 ] DEBUG FXGLAssetLoaderServi - Loading from file system: jar:file:/C:/Users/anton/.gradle/caches/modules-2/files-2.1/com.github.almasb/fxgl/17.2/35db6ae960eec2dcfd19262d3b7f9c42f0e95bc3/fxgl-17.2.jar!/fxglassets/ui/fonts/Abel-Regular.ttf
20:27:49.155 [FXGL Background Thread 4 ] DEBUG FXGLAssetLoaderServi - Loading from file system: jar:file:/C:/Users/anton/.gradle/caches/modules-2/files-2.1/com.github.almasb/fxgl/17.2/35db6ae960eec2dcfd19262d3b7f9c42f0e95bc3/fxgl-17.2.jar!/fxglassets/ui/fonts/TerminalLandMono-Regular.otf
20:27:49.165 [FXGL Background Thread 4 ] DEBUG FXGLAssetLoaderServi - Loading from file system: jar:file:/C:/Users/anton/.gradle/caches/modules-2/files-2.1/com.github.almasb/fxgl/17.2/35db6ae960eec2dcfd19262d3b7f9c42f0e95bc3/fxgl-17.2.jar!/fxglassets/ui/fonts/Courier-Prime.ttf
20:27:49.271 [JavaFX Application Thread] DEBUG FXGLApplication      - Registering font factories with UI factory
20:27:50.411 [FXGL Background Thread 2 ] INFO  UpdaterService       - Your current version:  17.2
20:27:50.411 [FXGL Background Thread 2 ] INFO  UpdaterService       - Latest stable version: 17.3
20:27:50.568 [FXGL Background Thread 1 ] INFO  FXGLApplication      - Game initialization took: 1.740 sec
20:27:50.668 [JavaFX Application Thread] DEBUG Input                - Clearing active input actions
20:27:50.702 [JavaFX Application Thread] DEBUG GameApplicationServi - Removing overlay from FXGLLoadingScene and adding to GameScene
20:27:50.702 [JavaFX Application Thread] DEBUG PrimaryStageWindow   - FXGLLoadingScene -> GameScene
20:27:51.645 [FXGL Background Thread 3 ] DEBUG Engine               - Logging environment variables
20:27:51.645 [FXGL Background Thread 3 ] DEBUG Engine               - achievements: []
20:27:51.646 [FXGL Background Thread 3 ] DEBUG Engine               - actualHeight: 815.0
20:27:51.646 [FXGL Background Thread 3 ] DEBUG Engine               - actualHeightProperty: ReadOnlyDoubleProperty [value: 815.0]
20:27:51.646 [FXGL Background Thread 3 ] DEBUG Engine               - actualWidth: 1447.0
20:27:51.646 [FXGL Background Thread 3 ] DEBUG Engine               - actualWidthProperty: ReadOnlyDoubleProperty [value: 1447.0]
20:27:51.646 [FXGL Background Thread 3 ] DEBUG Engine               - appIcon: fxgl_icon.png
20:27:51.646 [FXGL Background Thread 3 ] DEBUG Engine               - applicationMode: DEVELOPER
20:27:51.646 [FXGL Background Thread 3 ] DEBUG Engine               - cSSList: [fxgl_dark.css]
20:27:51.646 [FXGL Background Thread 3 ] DEBUG Engine               - collisionDetectionStrategy: BRUTE_FORCE
20:27:51.646 [FXGL Background Thread 3 ] DEBUG Engine               - configClass: Optional.empty
20:27:51.647 [FXGL Background Thread 3 ] DEBUG Engine               - credits: []
20:27:51.648 [FXGL Background Thread 3 ] DEBUG Engine               - defaultCursor: CursorInfo(imageName=fxgl_default_cursor.png, hotspotX=7.0, hotspotY=6.0)
20:27:51.648 [FXGL Background Thread 3 ] DEBUG Engine               - devBBoxColorProperty: ObjectProperty [value: 0xff0000ff]
20:27:51.649 [FXGL Background Thread 3 ] DEBUG Engine               - devEnableDebugCameraProperty: BooleanProperty [value: false]
20:27:51.649 [FXGL Background Thread 3 ] DEBUG Engine               - devSensorColorProperty: ObjectProperty [value: 0xffff00ff]
20:27:51.649 [FXGL Background Thread 3 ] DEBUG Engine               - devShowBBoxProperty: BooleanProperty [value: false]
20:27:51.649 [FXGL Background Thread 3 ] DEBUG Engine               - devShowPositionProperty: BooleanProperty [value: false]
20:27:51.650 [FXGL Background Thread 3 ] DEBUG Engine               - enabledMenuItems: []
20:27:51.650 [FXGL Background Thread 3 ] DEBUG Engine               - engineServices: [class com.almasb.fxgl.app.services.FXGLAssetLoaderService, class com.almasb.fxgl.app.FXGLApplication$GameApplicationService, class com.almasb.fxgl.app.services.FXGLDialogService, class com.almasb.fxgl.app.services.IOTaskExecutorService, class com.almasb.fxgl.io.FileSystemService, class com.almasb.fxgl.localization.LocalizationService, class com.almasb.fxgl.app.services.SystemBundleService, class com.almasb.fxgl.profile.SaveLoadService, class com.almasb.fxgl.ui.FXGLUIFactoryServiceProvider, class com.almasb.fxgl.ui.FXGLDialogFactoryServiceProvider, class com.almasb.fxgl.audio.AudioPlayer, class com.almasb.fxgl.notification.impl.NotificationServiceProvider, class com.almasb.fxgl.achievement.AchievementService, class com.almasb.fxgl.cutscene.CutsceneService, class com.almasb.fxgl.minigames.MiniGameService, class com.almasb.fxgl.net.NetService, class com.almasb.fxgl.app.services.UpdaterService, class com.almasb.fxgl.dev.DevService]
20:27:51.650 [FXGL Background Thread 3 ] DEBUG Engine               - fontGame: Abel-Regular.ttf
20:27:51.650 [FXGL Background Thread 3 ] DEBUG Engine               - fontMono: TerminalLandMono-Regular.otf
20:27:51.650 [FXGL Background Thread 3 ] DEBUG Engine               - fontText: Courier-Prime.ttf
20:27:51.650 [FXGL Background Thread 3 ] DEBUG Engine               - fontUI: VarelaRound-Regular.ttf
20:27:51.650 [FXGL Background Thread 3 ] DEBUG Engine               - fullScreen: BooleanProperty [value: false]
20:27:51.650 [FXGL Background Thread 3 ] DEBUG Engine               - gameDifficulty: MEDIUM
20:27:51.650 [FXGL Background Thread 3 ] DEBUG Engine               - gameDifficultyProperty: ObjectProperty [value: MEDIUM]
20:27:51.650 [FXGL Background Thread 3 ] DEBUG Engine               - globalMusicVolume: 0.5
20:27:51.650 [FXGL Background Thread 3 ] DEBUG Engine               - globalMusicVolumeProperty: DoubleProperty [value: 0.5]
20:27:51.650 [FXGL Background Thread 3 ] DEBUG Engine               - globalSoundVolume: 0.5
20:27:51.651 [FXGL Background Thread 3 ] DEBUG Engine               - globalSoundVolumeProperty: DoubleProperty [value: 0.5]
20:27:51.651 [FXGL Background Thread 3 ] DEBUG Engine               - height: 820
20:27:51.651 [FXGL Background Thread 3 ] DEBUG Engine               - is3D: false
20:27:51.652 [FXGL Background Thread 3 ] DEBUG Engine               - isAndroid: false
20:27:51.652 [FXGL Background Thread 3 ] DEBUG Engine               - isBrowser: false
20:27:51.653 [FXGL Background Thread 3 ] DEBUG Engine               - isClickFeedbackEnabled: false
20:27:51.653 [FXGL Background Thread 3 ] DEBUG Engine               - isCloseConfirmation: false
20:27:51.653 [FXGL Background Thread 3 ] DEBUG Engine               - isDesktop: true
20:27:51.653 [FXGL Background Thread 3 ] DEBUG Engine               - isDeveloperMenuEnabled: false
20:27:51.653 [FXGL Background Thread 3 ] DEBUG Engine               - isEmbedded: false
20:27:51.653 [FXGL Background Thread 3 ] DEBUG Engine               - isEntityPreloadEnabled: true
20:27:51.653 [FXGL Background Thread 3 ] DEBUG Engine               - isExperimentalTiledLargeMap: false
20:27:51.653 [FXGL Background Thread 3 ] DEBUG Engine               - isFileSystemWriteAllowed: true
20:27:51.653 [FXGL Background Thread 3 ] DEBUG Engine               - isFullScreenAllowed: false
20:27:51.653 [FXGL Background Thread 3 ] DEBUG Engine               - isFullScreenFromStart: false
20:27:51.653 [FXGL Background Thread 3 ] DEBUG Engine               - isGameMenuEnabled: false
20:27:51.653 [FXGL Background Thread 3 ] DEBUG Engine               - isIOS: false
20:27:51.653 [FXGL Background Thread 3 ] DEBUG Engine               - isIntroEnabled: false
20:27:51.653 [FXGL Background Thread 3 ] DEBUG Engine               - isLinux: false
20:27:51.654 [FXGL Background Thread 3 ] DEBUG Engine               - isMac: false
20:27:51.654 [FXGL Background Thread 3 ] DEBUG Engine               - isMainMenuEnabled: false
20:27:51.654 [FXGL Background Thread 3 ] DEBUG Engine               - isManualResizeEnabled: false
20:27:51.654 [FXGL Background Thread 3 ] DEBUG Engine               - isMobile: false
20:27:51.654 [FXGL Background Thread 3 ] DEBUG Engine               - isNative: false
20:27:51.654 [FXGL Background Thread 3 ] DEBUG Engine               - isPauseMusicWhenMinimized: true
20:27:51.654 [FXGL Background Thread 3 ] DEBUG Engine               - isPreserveResizeRatio: false
20:27:51.654 [FXGL Background Thread 3 ] DEBUG Engine               - isProfilingEnabled: false
20:27:51.654 [FXGL Background Thread 3 ] DEBUG Engine               - isScaleAffectedOnResize: true
20:27:51.654 [FXGL Background Thread 3 ] DEBUG Engine               - isSingleStep: false
20:27:51.654 [FXGL Background Thread 3 ] DEBUG Engine               - isUserProfileEnabled: false
20:27:51.654 [FXGL Background Thread 3 ] DEBUG Engine               - isWindows: true
20:27:51.654 [FXGL Background Thread 3 ] DEBUG Engine               - language: ObjectProperty [value: ENGLISH]
20:27:51.654 [FXGL Background Thread 3 ] DEBUG Engine               - menuKey: ESCAPE
20:27:51.655 [FXGL Background Thread 3 ] DEBUG Engine               - mouseSensitivity: 0.2
20:27:51.655 [FXGL Background Thread 3 ] DEBUG Engine               - notificationViewClass: class com.almasb.fxgl.notification.view.XboxNotificationView
20:27:51.655 [FXGL Background Thread 3 ] DEBUG Engine               - pixelsPerMeter: 50.0
20:27:51.655 [FXGL Background Thread 3 ] DEBUG Engine               - platform: WINDOWS
20:27:51.655 [FXGL Background Thread 3 ] DEBUG Engine               - prefHeightProperty: ReadOnlyDoubleProperty [value: 820.0]
20:27:51.655 [FXGL Background Thread 3 ] DEBUG Engine               - prefWidthProperty: ReadOnlyDoubleProperty [value: 1480.0]
20:27:51.655 [FXGL Background Thread 3 ] DEBUG Engine               - profileDir: profiles/
20:27:51.655 [FXGL Background Thread 3 ] DEBUG Engine               - profileName: StringProperty [value: DEFAULT]
20:27:51.655 [FXGL Background Thread 3 ] DEBUG Engine               - randomSeed: -1
20:27:51.656 [FXGL Background Thread 3 ] DEBUG Engine               - runtimeInfo: RuntimeInfo(platform=WINDOWS, version=17.2, build=20.08.2022 16.50)
20:27:51.656 [FXGL Background Thread 3 ] DEBUG Engine               - saveFileExt: sav
20:27:51.656 [FXGL Background Thread 3 ] DEBUG Engine               - scaledHeightProp$fxgl: DoubleProperty [bound, value: 815.0]
20:27:51.656 [FXGL Background Thread 3 ] DEBUG Engine               - scaledWidthProp$fxgl: DoubleProperty [bound, value: 1447.0]
20:27:51.656 [FXGL Background Thread 3 ] DEBUG Engine               - sceneFactory: com.almasb.fxgl.app.scene.SceneFactory@32e189c0
20:27:51.656 [FXGL Background Thread 3 ] DEBUG Engine               - secondsIn24h: 60
20:27:51.656 [FXGL Background Thread 3 ] DEBUG Engine               - soundMenuBack: menu/back.wav
20:27:51.656 [FXGL Background Thread 3 ] DEBUG Engine               - soundMenuPress: menu/press.wav
20:27:51.656 [FXGL Background Thread 3 ] DEBUG Engine               - soundMenuSelect: menu/select.wav
20:27:51.657 [FXGL Background Thread 3 ] DEBUG Engine               - soundNotification: core/notification.wav
20:27:51.657 [FXGL Background Thread 3 ] DEBUG Engine               - stageStyle: DECORATED
20:27:51.657 [FXGL Background Thread 3 ] DEBUG Engine               - supportedLanguages: [ENGLISH, FRENCH, GERMAN, HUNGARIAN, RUSSIAN]
20:27:51.657 [FXGL Background Thread 3 ] DEBUG Engine               - ticksPerSecond: -1
20:27:51.657 [FXGL Background Thread 3 ] DEBUG Engine               - title: Untitled
20:27:51.658 [FXGL Background Thread 3 ] DEBUG Engine               - urlGithub: https://github.com/AlmasB/FXGL
20:27:51.658 [FXGL Background Thread 3 ] DEBUG Engine               - urlLeaderboard: http://fxgl-top.herokuapp.com/
20:27:51.658 [FXGL Background Thread 3 ] DEBUG Engine               - urlPOM: https://raw.githubusercontent.com/AlmasB/FXGL/release/README.md
20:27:51.658 [FXGL Background Thread 3 ] DEBUG Engine               - userAppClass: class edu.vanier.animals_revenge.MainApp
20:27:51.658 [FXGL Background Thread 3 ] DEBUG Engine               - version: 0.0
20:27:51.659 [FXGL Background Thread 3 ] DEBUG Engine               - versionCheckDays: 7
20:27:51.659 [FXGL Background Thread 3 ] DEBUG Engine               - width: 1480
20:27:51.659 [FXGL Background Thread 3 ] DEBUG Engine               - Logging services
20:27:51.659 [FXGL Background Thread 3 ] DEBUG Engine               - class com.almasb.fxgl.app.services.FXGLAssetLoaderService
20:27:51.659 [FXGL Background Thread 3 ] DEBUG Engine               - class com.almasb.fxgl.app.FXGLApplication$GameApplicationService
20:27:51.659 [FXGL Background Thread 3 ] DEBUG Engine               - class com.almasb.fxgl.app.services.FXGLDialogService
20:27:51.659 [FXGL Background Thread 3 ] DEBUG Engine               - class com.almasb.fxgl.app.services.IOTaskExecutorService
20:27:51.659 [FXGL Background Thread 3 ] DEBUG Engine               - class com.almasb.fxgl.io.FileSystemService
20:27:51.659 [FXGL Background Thread 3 ] DEBUG Engine               - class com.almasb.fxgl.localization.LocalizationService
20:27:51.659 [FXGL Background Thread 3 ] DEBUG Engine               - class com.almasb.fxgl.app.services.SystemBundleService
20:27:51.659 [FXGL Background Thread 3 ] DEBUG Engine               - class com.almasb.fxgl.profile.SaveLoadService
20:27:51.659 [FXGL Background Thread 3 ] DEBUG Engine               - class com.almasb.fxgl.ui.FXGLUIFactoryServiceProvider
20:27:51.659 [FXGL Background Thread 3 ] DEBUG Engine               - class com.almasb.fxgl.ui.FXGLDialogFactoryServiceProvider
20:27:51.659 [FXGL Background Thread 3 ] DEBUG Engine               - class com.almasb.fxgl.audio.AudioPlayer
20:27:51.659 [FXGL Background Thread 3 ] DEBUG Engine               - class com.almasb.fxgl.notification.impl.NotificationServiceProvider
20:27:51.659 [FXGL Background Thread 3 ] DEBUG Engine               - class com.almasb.fxgl.achievement.AchievementService
20:27:51.659 [FXGL Background Thread 3 ] DEBUG Engine               - class com.almasb.fxgl.cutscene.CutsceneService
20:27:51.659 [FXGL Background Thread 3 ] DEBUG Engine               - class com.almasb.fxgl.minigames.MiniGameService
20:27:51.660 [FXGL Background Thread 3 ] DEBUG Engine               - class com.almasb.fxgl.net.NetService
20:27:51.660 [FXGL Background Thread 3 ] DEBUG Engine               - class com.almasb.fxgl.app.services.UpdaterService
20:27:51.660 [FXGL Background Thread 3 ] DEBUG Engine               - class com.almasb.fxgl.dev.DevService
20:27:53.385 [JavaFX Application Thread] DEBUG FXGLAssetLoaderServi - Loading from file system: file:/C:/Users/anton/OneDrive/Documents/GitHub/animals-revenge/build/resources/main/assets/ui/Setting.fxml
20:28:42.863 [JavaFX Application Thread] DEBUG FXGLApplication      - Exiting FXGL
20:28:42.863 [JavaFX Application Thread] DEBUG LoopRunner           - Stopping loop
20:28:42.863 [JavaFX Application Thread] DEBUG SystemBundleService  - Saving FXGL system data
20:28:42.871 [JavaFX Application Thread] DEBUG FileSystemAccess     - Writing to: C:\Users\anton\OneDrive\Documents\GitHub\animals-revenge\system\fxgl.bundle
20:28:42.875 [JavaFX Application Thread] DEBUG Async                - Shutting down background threads
20:28:42.876 [JavaFX Application Thread] DEBUG PrimaryStageWindow   - Closing main window
20:28:42.907 [JavaFX Application Thread] DEBUG Logger               - Closing Logger
