14:59:43.242 [main                     ] DEBUG Logger               - Configured Logger
14:59:43.250 [main                     ] DEBUG GameApplication      - Logging settings
Title: Untitled
Version: 0.0
Width: 1480
Height: 820
Fullscreen: false
Intro: false
Profiling: false
Single step:false
App Mode: DEVELOPER
Menu Key: ESCAPE
Stage Style: DECORATED
Scene Factory: class com.almasb.fxgl.app.scene.SceneFactory

14:59:43.461 [JavaFX Application Thread] DEBUG FXGLApplication      - Initializing FXGL
14:59:43.466 [JavaFX Application Thread] INFO  Engine               - FXGL-17.2 (20.08.2022 16.50) on WINDOWS (J:18.0.2.1 FX:20.0.2)
14:59:43.466 [JavaFX Application Thread] DEBUG Engine               - JRE Vendor Name: Oracle Corporation
14:59:43.466 [JavaFX Application Thread] DEBUG Engine               - Running on OS: Windows 11 version 10.0
14:59:43.466 [JavaFX Application Thread] DEBUG Engine               - Architecture: amd64
14:59:43.466 [JavaFX Application Thread] INFO  Engine               - Source code and latest versions at: https://github.com/AlmasB/FXGL
14:59:43.466 [JavaFX Application Thread] INFO  Engine               -       Ask questions and discuss at: https://github.com/AlmasB/FXGL/discussions
14:59:43.466 [JavaFX Application Thread] INFO  Engine               -              Join the FXGL chat at: https://gitter.im/AlmasB/FXGL
14:59:43.525 [JavaFX Application Thread] DEBUG PrimaryStageWindow   - Creating a JavaFX scene
14:59:43.553 [JavaFX Application Thread] DEBUG PrimaryStageWindow   - Target settings size: 1480.0 x 820.0
14:59:43.553 [JavaFX Application Thread] DEBUG PrimaryStageWindow   - Scaled scene size:    1480.0 x 820.0
14:59:43.554 [JavaFX Application Thread] DEBUG PrimaryStageWindow   - Scaled ratio: (1.0, 1.0)
14:59:43.554 [JavaFX Application Thread] DEBUG PrimaryStageWindow   - Set initial scene to FXGLStartupScene
14:59:43.557 [JavaFX Application Thread] DEBUG PrimaryStageWindow   - Opening main window
14:59:43.612 [JavaFX Application Thread] DEBUG PrimaryStageWindow   - Window border size: (16.0, 39.0)
14:59:43.612 [JavaFX Application Thread] DEBUG PrimaryStageWindow   - Scaled size: 1480.0 x 820.0
14:59:43.612 [JavaFX Application Thread] DEBUG PrimaryStageWindow   - Scaled ratio: (1.0, 1.0)
14:59:43.612 [JavaFX Application Thread] DEBUG PrimaryStageWindow   - Scene size: 1480.0 x 820.0
14:59:43.612 [JavaFX Application Thread] DEBUG PrimaryStageWindow   - Stage size: 1496.0 x 859.0
14:59:43.617 [FXGL Background Thread 1 ] DEBUG Engine               - Initializing environment variables
14:59:43.643 [FXGL Background Thread 1 ] DEBUG FXGLAssetLoaderServi - User app class for loading assets: class edu.vanier.animals_revenge.MainApp
14:59:43.643 [FXGL Background Thread 1 ] DEBUG GameApplicationServi - Applying CSS: fxgl_dark.css
14:59:43.643 [FXGL Background Thread 1 ] DEBUG FXGLAssetLoaderServi - Loading from file system: jar:file:/C:/Users/ethan/.gradle/caches/modules-2/files-2.1/com.github.almasb/fxgl/17.2/35db6ae960eec2dcfd19262d3b7f9c42f0e95bc3/fxgl-17.2.jar!/fxglassets/ui/css/fxgl_dark.css
14:59:43.666 [FXGL Background Thread 1 ] DEBUG GameApplicationServi - Initializing application scenes
14:59:43.685 [FXGL Background Thread 1 ] DEBUG GameWorld            - Game world initialized
14:59:43.723 [FXGL Background Thread 1 ] DEBUG PhysicsWorld         - Physics world initialized: appHeight=820, physics.ppm=50.0
14:59:43.723 [FXGL Background Thread 1 ] DEBUG PhysicsWorld         - Using strategy: BRUTE_FORCE
14:59:43.725 [FXGL Background Thread 1 ] DEBUG GameScene            - Game scene initialized: 1480x820
14:59:43.725 [FXGL Background Thread 1 ] DEBUG GameApplicationServi - Application scenes initialized
14:59:43.737 [FXGL Background Thread 1 ] DEBUG SystemBundleService  - Loading FXGL system data
14:59:43.739 [FXGL Background Thread 1 ] DEBUG FileSystemAccess     - Reading from: C:\Users\ethan\IdeaProjects\animals-revenge\system\fxgl.bundle
14:59:43.744 [FXGL Background Thread 1 ] DEBUG SystemBundleService  - Bundle FXGL: {}
14:59:43.744 [FXGL Background Thread 1 ] DEBUG UpdaterService       - Checking for updates
14:59:43.748 [FXGL Background Thread 4 ] DEBUG FXGLApplication      - Loading fonts
14:59:43.748 [FXGL Background Thread 1 ] DEBUG FXGLApplication      - Loading default localization
14:59:43.748 [FXGL Background Thread 4 ] DEBUG FXGLAssetLoaderServi - Loading from file system: jar:file:/C:/Users/ethan/.gradle/caches/modules-2/files-2.1/com.github.almasb/fxgl/17.2/35db6ae960eec2dcfd19262d3b7f9c42f0e95bc3/fxgl-17.2.jar!/fxglassets/ui/fonts/VarelaRound-Regular.ttf
14:59:43.749 [FXGL Background Thread 1 ] DEBUG FXGLAssetLoaderServi - Loading from file system: jar:file:/C:/Users/ethan/.gradle/caches/modules-2/files-2.1/com.github.almasb/fxgl/17.2/35db6ae960eec2dcfd19262d3b7f9c42f0e95bc3/fxgl-17.2.jar!/fxglassets/languages/english.lang
14:59:43.761 [FXGL Background Thread 1 ] INFO  FXGLApplication      - FXGL initialization took: 0.145 sec
14:59:43.764 [JavaFX Application Thread] DEBUG Input                - Registered new binding: Launch - RMB
14:59:43.764 [JavaFX Application Thread] DEBUG Input                - Registered new binding: Create - LMB
14:59:43.764 [JavaFX Application Thread] DEBUG Input                - Registered new binding: Drag - CTRL+LMB
14:59:43.765 [JavaFX Application Thread] DEBUG FXGLAssetLoaderServi - Loading from file system: jar:file:/C:/Users/ethan/.gradle/caches/modules-2/files-2.1/com.github.almasb/fxgl/17.2/35db6ae960eec2dcfd19262d3b7f9c42f0e95bc3/fxgl-17.2.jar!/fxglassets/textures/fxgl_icon.png
14:59:43.778 [FXGL Background Thread 4 ] DEBUG FXGLAssetLoaderServi - Loading from file system: jar:file:/C:/Users/ethan/.gradle/caches/modules-2/files-2.1/com.github.almasb/fxgl/17.2/35db6ae960eec2dcfd19262d3b7f9c42f0e95bc3/fxgl-17.2.jar!/fxglassets/ui/fonts/Abel-Regular.ttf
14:59:43.783 [FXGL Background Thread 4 ] DEBUG FXGLAssetLoaderServi - Loading from file system: jar:file:/C:/Users/ethan/.gradle/caches/modules-2/files-2.1/com.github.almasb/fxgl/17.2/35db6ae960eec2dcfd19262d3b7f9c42f0e95bc3/fxgl-17.2.jar!/fxglassets/ui/fonts/TerminalLandMono-Regular.otf
14:59:43.789 [FXGL Background Thread 4 ] DEBUG FXGLAssetLoaderServi - Loading from file system: jar:file:/C:/Users/ethan/.gradle/caches/modules-2/files-2.1/com.github.almasb/fxgl/17.2/35db6ae960eec2dcfd19262d3b7f9c42f0e95bc3/fxgl-17.2.jar!/fxglassets/ui/fonts/Courier-Prime.ttf
14:59:43.794 [JavaFX Application Thread] DEBUG FXGLAssetLoaderServi - Loading from file system: jar:file:/C:/Users/ethan/.gradle/caches/modules-2/files-2.1/com.github.almasb/fxgl/17.2/35db6ae960eec2dcfd19262d3b7f9c42f0e95bc3/fxgl-17.2.jar!/fxglassets/textures/fxgl_default_cursor.png
14:59:43.802 [JavaFX Application Thread] DEBUG Input                - Registered new binding: Screenshot - CTRL+8
14:59:43.802 [JavaFX Application Thread] DEBUG Input                - Registered new binding: System info dump - CTRL+9
14:59:43.802 [JavaFX Application Thread] DEBUG Input                - Registered new binding: Restart - CTRL+R
14:59:43.803 [JavaFX Application Thread] DEBUG Input                - Registered new binding: Toggle Debug Camera - CTRL+7
14:59:43.805 [JavaFX Application Thread] DEBUG LoopRunner           - Starting loop
14:59:43.805 [JavaFX Application Thread] DEBUG LoopRunner           - Initializing JavaFX AnimationTimerLoop
14:59:43.806 [JavaFX Application Thread] DEBUG GameApplicationServi - Starting new game
14:59:43.806 [JavaFX Application Thread] DEBUG Input                - Clearing active input actions
14:59:43.818 [JavaFX Application Thread] DEBUG GameApplicationServi - Removing overlay from FXGLStartupScene and adding to FXGLLoadingScene
14:59:43.819 [JavaFX Application Thread] DEBUG PrimaryStageWindow   - FXGLStartupScene -> FXGLLoadingScene
14:59:43.819 [JavaFX Application Thread] DEBUG GameApplicationServi - Clearing previous game
14:59:43.819 [JavaFX Application Thread] DEBUG GameScene            - Clearing game scene
14:59:43.819 [JavaFX Application Thread] DEBUG GameWorld            - Clearing game world
14:59:43.819 [JavaFX Application Thread] DEBUG PhysicsWorld         - Clearing physics world
14:59:43.821 [FXGL Background Thread 4 ] DEBUG FXGLApplication      - Initializing game
14:59:43.822 [JavaFX Application Thread] DEBUG FXGLApplication      - Registering font factories with UI factory
14:59:43.845 [FXGL Background Thread 4 ] DEBUG FXGLAssetLoaderServi - Loading from file system: file:/C:/Users/ethan/IdeaProjects/animals-revenge/build/resources/main/assets/ui/Home.fxml
14:59:44.078 [FXGL Background Thread 2 ] INFO  UpdaterService       - Your current version:  17.2
14:59:44.078 [FXGL Background Thread 2 ] INFO  UpdaterService       - Latest stable version: 17.3
14:59:44.100 [FXGL Background Thread 4 ] INFO  FXGLApplication      - Game initialization took: 0.279 sec
14:59:44.100 [JavaFX Application Thread] DEBUG Input                - Clearing active input actions
14:59:44.108 [JavaFX Application Thread] DEBUG GameApplicationServi - Removing overlay from FXGLLoadingScene and adding to GameScene
14:59:44.108 [JavaFX Application Thread] DEBUG PrimaryStageWindow   - FXGLLoadingScene -> GameScene
14:59:45.809 [JavaFX Application Thread] DEBUG LoopRunner           - Stopping loop
14:59:45.810 [JavaFX Application Thread] FATAL FXGLApplication      - Uncaught Exception:
java.lang.RuntimeException: java.lang.reflect.InvocationTargetException
	at javafx.fxml@20.0.2/javafx.fxml.FXMLLoader$MethodHandler.invoke(FXMLLoader.java:1858)
	at javafx.fxml@20.0.2/javafx.fxml.FXMLLoader$ControllerMethodEventHandler.handle(FXMLLoader.java:1726)
	at javafx.base@20.0.2/com.sun.javafx.event.CompositeEventHandler.dispatchBubblingEvent(CompositeEventHandler.java:86)
	at javafx.base@20.0.2/com.sun.javafx.event.EventHandlerManager.dispatchBubblingEvent(EventHandlerManager.java:232)
	at javafx.base@20.0.2/com.sun.javafx.event.EventHandlerManager.dispatchBubblingEvent(EventHandlerManager.java:189)
	at javafx.base@20.0.2/com.sun.javafx.event.CompositeEventDispatcher.dispatchBubblingEvent(CompositeEventDispatcher.java:59)
	at javafx.base@20.0.2/com.sun.javafx.event.BasicEventDispatcher.dispatchEvent(BasicEventDispatcher.java:58)
	at javafx.base@20.0.2/com.sun.javafx.event.EventDispatchChainImpl.dispatchEvent(EventDispatchChainImpl.java:114)
	at javafx.base@20.0.2/com.sun.javafx.event.BasicEventDispatcher.dispatchEvent(BasicEventDispatcher.java:56)
	at javafx.base@20.0.2/com.sun.javafx.event.EventDispatchChainImpl.dispatchEvent(EventDispatchChainImpl.java:114)
	at javafx.base@20.0.2/com.sun.javafx.event.BasicEventDispatcher.dispatchEvent(BasicEventDispatcher.java:56)
	at javafx.base@20.0.2/com.sun.javafx.event.EventDispatchChainImpl.dispatchEvent(EventDispatchChainImpl.java:114)
	at javafx.base@20.0.2/com.sun.javafx.event.EventUtil.fireEventImpl(EventUtil.java:74)
	at javafx.base@20.0.2/com.sun.javafx.event.EventUtil.fireEvent(EventUtil.java:49)
	at javafx.base@20.0.2/javafx.event.Event.fireEvent(Event.java:198)
	at javafx.graphics@20.0.2/javafx.scene.Node.fireEvent(Node.java:8944)
	at javafx.controls@20.0.2/javafx.scene.control.Button.fire(Button.java:203)
	at javafx.controls@20.0.2/com.sun.javafx.scene.control.behavior.ButtonBehavior.mouseReleased(ButtonBehavior.java:207)
	at javafx.controls@20.0.2/com.sun.javafx.scene.control.inputmap.InputMap.handle(InputMap.java:274)
	at javafx.base@20.0.2/com.sun.javafx.event.CompositeEventHandler$NormalEventHandlerRecord.handleBubblingEvent(CompositeEventHandler.java:247)
	at javafx.base@20.0.2/com.sun.javafx.event.CompositeEventHandler.dispatchBubblingEvent(CompositeEventHandler.java:80)
	at javafx.base@20.0.2/com.sun.javafx.event.EventHandlerManager.dispatchBubblingEvent(EventHandlerManager.java:232)
	at javafx.base@20.0.2/com.sun.javafx.event.EventHandlerManager.dispatchBubblingEvent(EventHandlerManager.java:189)
	at javafx.base@20.0.2/com.sun.javafx.event.CompositeEventDispatcher.dispatchBubblingEvent(CompositeEventDispatcher.java:59)
	at javafx.base@20.0.2/com.sun.javafx.event.BasicEventDispatcher.dispatchEvent(BasicEventDispatcher.java:58)
	at javafx.base@20.0.2/com.sun.javafx.event.EventDispatchChainImpl.dispatchEvent(EventDispatchChainImpl.java:114)
	at javafx.base@20.0.2/com.sun.javafx.event.BasicEventDispatcher.dispatchEvent(BasicEventDispatcher.java:56)
	at javafx.base@20.0.2/com.sun.javafx.event.EventDispatchChainImpl.dispatchEvent(EventDispatchChainImpl.java:114)
	at javafx.base@20.0.2/com.sun.javafx.event.BasicEventDispatcher.dispatchEvent(BasicEventDispatcher.java:56)
	at javafx.base@20.0.2/com.sun.javafx.event.EventDispatchChainImpl.dispatchEvent(EventDispatchChainImpl.java:114)
	at javafx.base@20.0.2/com.sun.javafx.event.EventUtil.fireEventImpl(EventUtil.java:74)
	at javafx.base@20.0.2/com.sun.javafx.event.EventUtil.fireEvent(EventUtil.java:54)
	at javafx.base@20.0.2/javafx.event.Event.fireEvent(Event.java:198)
	at javafx.graphics@20.0.2/javafx.scene.Scene$MouseHandler.process(Scene.java:3980)
	at javafx.graphics@20.0.2/javafx.scene.Scene.processMouseEvent(Scene.java:1890)
	at javafx.graphics@20.0.2/javafx.scene.Scene$ScenePeerListener.mouseEvent(Scene.java:2704)
	at javafx.graphics@20.0.2/com.sun.javafx.tk.quantum.GlassViewEventHandler$MouseEventNotification.run(GlassViewEventHandler.java:411)
	at javafx.graphics@20.0.2/com.sun.javafx.tk.quantum.GlassViewEventHandler$MouseEventNotification.run(GlassViewEventHandler.java:301)
	at java.base/java.security.AccessController.doPrivileged(AccessController.java:399)
	at javafx.graphics@20.0.2/com.sun.javafx.tk.quantum.GlassViewEventHandler.lambda$handleMouseEvent$2(GlassViewEventHandler.java:450)
	at javafx.graphics@20.0.2/com.sun.javafx.tk.quantum.QuantumToolkit.runWithoutRenderLock(QuantumToolkit.java:424)
	at javafx.graphics@20.0.2/com.sun.javafx.tk.quantum.GlassViewEventHandler.handleMouseEvent(GlassViewEventHandler.java:449)
	at javafx.graphics@20.0.2/com.sun.glass.ui.View.handleMouseEvent(View.java:551)
	at javafx.graphics@20.0.2/com.sun.glass.ui.View.notifyMouse(View.java:937)
	at javafx.graphics@20.0.2/com.sun.glass.ui.win.WinApplication._runLoop(Native Method)
	at javafx.graphics@20.0.2/com.sun.glass.ui.win.WinApplication.lambda$runLoop$3(WinApplication.java:185)
	at java.base/java.lang.Thread.run(Thread.java:833)
Caused by: java.lang.reflect.InvocationTargetException
	at java.base/jdk.internal.reflect.DirectMethodHandleAccessor.invoke(DirectMethodHandleAccessor.java:116)
	at java.base/java.lang.reflect.Method.invoke(Method.java:577)
	at com.sun.javafx.reflect.Trampoline.invoke(MethodUtil.java:72)
	at java.base/jdk.internal.reflect.DirectMethodHandleAccessor.invoke(DirectMethodHandleAccessor.java:104)
	at java.base/java.lang.reflect.Method.invoke(Method.java:577)
	at javafx.base@20.0.2/com.sun.javafx.reflect.MethodUtil.invoke(MethodUtil.java:270)
	at javafx.fxml@20.0.2/com.sun.javafx.fxml.MethodHelper.invoke(MethodHelper.java:84)
	at javafx.fxml@20.0.2/javafx.fxml.FXMLLoader$MethodHandler.invoke(FXMLLoader.java:1853)
	... 46 more
Caused by: java.lang.NullPointerException: Cannot invoke "java.io.File.getAbsolutePath()" because "selectedFile" is null
	at edu.vanier.animals_revenge.controllers.HomeController.switchScenes(HomeController.java:58)
	at java.base/jdk.internal.reflect.DirectMethodHandleAccessor.invoke(DirectMethodHandleAccessor.java:104)
	... 53 more

14:59:45.810 [JavaFX Application Thread] FATAL FXGLApplication      - Application will now exit
14:59:45.821 [JavaFX Application Thread] DEBUG PrimaryStageWindow   - Push state: ErrorSubScene
14:59:45.821 [JavaFX Application Thread] DEBUG Input                - Clearing active input actions
14:59:45.822 [JavaFX Application Thread] DEBUG GameApplicationServi - Removing overlay from GameScene and adding to ErrorSubScene
14:59:45.822 [JavaFX Application Thread] DEBUG PrimaryStageWindow   - GameScene -> ErrorSubScene
14:59:46.748 [FXGL Background Thread 3 ] DEBUG Engine               - Logging environment variables
14:59:46.748 [FXGL Background Thread 3 ] DEBUG Engine               - achievements: []
14:59:46.748 [FXGL Background Thread 3 ] DEBUG Engine               - actualHeight: 820.0
14:59:46.748 [FXGL Background Thread 3 ] DEBUG Engine               - actualHeightProperty: ReadOnlyDoubleProperty [value: 820.0]
14:59:46.748 [FXGL Background Thread 3 ] DEBUG Engine               - actualWidth: 1480.0
14:59:46.748 [FXGL Background Thread 3 ] DEBUG Engine               - actualWidthProperty: ReadOnlyDoubleProperty [value: 1480.0]
14:59:46.748 [FXGL Background Thread 3 ] DEBUG Engine               - appIcon: fxgl_icon.png
14:59:46.748 [FXGL Background Thread 3 ] DEBUG Engine               - applicationMode: DEVELOPER
14:59:46.748 [FXGL Background Thread 3 ] DEBUG Engine               - cSSList: [fxgl_dark.css]
14:59:46.748 [FXGL Background Thread 3 ] DEBUG Engine               - collisionDetectionStrategy: BRUTE_FORCE
14:59:46.748 [FXGL Background Thread 3 ] DEBUG Engine               - configClass: Optional.empty
14:59:46.748 [FXGL Background Thread 3 ] DEBUG Engine               - credits: []
14:59:46.750 [FXGL Background Thread 3 ] DEBUG Engine               - defaultCursor: CursorInfo(imageName=fxgl_default_cursor.png, hotspotX=7.0, hotspotY=6.0)
14:59:46.750 [FXGL Background Thread 3 ] DEBUG Engine               - devBBoxColorProperty: ObjectProperty [value: 0xff0000ff]
14:59:46.750 [FXGL Background Thread 3 ] DEBUG Engine               - devEnableDebugCameraProperty: BooleanProperty [value: false]
14:59:46.750 [FXGL Background Thread 3 ] DEBUG Engine               - devSensorColorProperty: ObjectProperty [value: 0xffff00ff]
14:59:46.750 [FXGL Background Thread 3 ] DEBUG Engine               - devShowBBoxProperty: BooleanProperty [value: false]
14:59:46.750 [FXGL Background Thread 3 ] DEBUG Engine               - devShowPositionProperty: BooleanProperty [value: false]
14:59:46.750 [FXGL Background Thread 3 ] DEBUG Engine               - enabledMenuItems: []
14:59:46.750 [FXGL Background Thread 3 ] DEBUG Engine               - engineServices: [class com.almasb.fxgl.app.services.FXGLAssetLoaderService, class com.almasb.fxgl.app.FXGLApplication$GameApplicationService, class com.almasb.fxgl.app.services.FXGLDialogService, class com.almasb.fxgl.app.services.IOTaskExecutorService, class com.almasb.fxgl.io.FileSystemService, class com.almasb.fxgl.localization.LocalizationService, class com.almasb.fxgl.app.services.SystemBundleService, class com.almasb.fxgl.profile.SaveLoadService, class com.almasb.fxgl.ui.FXGLUIFactoryServiceProvider, class com.almasb.fxgl.ui.FXGLDialogFactoryServiceProvider, class com.almasb.fxgl.audio.AudioPlayer, class com.almasb.fxgl.notification.impl.NotificationServiceProvider, class com.almasb.fxgl.achievement.AchievementService, class com.almasb.fxgl.cutscene.CutsceneService, class com.almasb.fxgl.minigames.MiniGameService, class com.almasb.fxgl.net.NetService, class com.almasb.fxgl.app.services.UpdaterService, class com.almasb.fxgl.dev.DevService]
14:59:46.750 [FXGL Background Thread 3 ] DEBUG Engine               - fontGame: Abel-Regular.ttf
14:59:46.750 [FXGL Background Thread 3 ] DEBUG Engine               - fontMono: TerminalLandMono-Regular.otf
14:59:46.750 [FXGL Background Thread 3 ] DEBUG Engine               - fontText: Courier-Prime.ttf
14:59:46.750 [FXGL Background Thread 3 ] DEBUG Engine               - fontUI: VarelaRound-Regular.ttf
14:59:46.750 [FXGL Background Thread 3 ] DEBUG Engine               - fullScreen: BooleanProperty [value: false]
14:59:46.750 [FXGL Background Thread 3 ] DEBUG Engine               - gameDifficulty: MEDIUM
14:59:46.750 [FXGL Background Thread 3 ] DEBUG Engine               - gameDifficultyProperty: ObjectProperty [value: MEDIUM]
14:59:46.750 [FXGL Background Thread 3 ] DEBUG Engine               - globalMusicVolume: 0.5
14:59:46.750 [FXGL Background Thread 3 ] DEBUG Engine               - globalMusicVolumeProperty: DoubleProperty [value: 0.5]
14:59:46.750 [FXGL Background Thread 3 ] DEBUG Engine               - globalSoundVolume: 0.5
14:59:46.750 [FXGL Background Thread 3 ] DEBUG Engine               - globalSoundVolumeProperty: DoubleProperty [value: 0.5]
14:59:46.750 [FXGL Background Thread 3 ] DEBUG Engine               - height: 820
14:59:46.750 [FXGL Background Thread 3 ] DEBUG Engine               - is3D: false
14:59:46.750 [FXGL Background Thread 3 ] DEBUG Engine               - isAndroid: false
14:59:46.750 [FXGL Background Thread 3 ] DEBUG Engine               - isBrowser: false
14:59:46.750 [FXGL Background Thread 3 ] DEBUG Engine               - isClickFeedbackEnabled: false
14:59:46.750 [FXGL Background Thread 3 ] DEBUG Engine               - isCloseConfirmation: false
14:59:46.750 [FXGL Background Thread 3 ] DEBUG Engine               - isDesktop: true
14:59:46.751 [FXGL Background Thread 3 ] DEBUG Engine               - isDeveloperMenuEnabled: false
14:59:46.751 [FXGL Background Thread 3 ] DEBUG Engine               - isEmbedded: false
14:59:46.751 [FXGL Background Thread 3 ] DEBUG Engine               - isEntityPreloadEnabled: true
14:59:46.751 [FXGL Background Thread 3 ] DEBUG Engine               - isExperimentalTiledLargeMap: false
14:59:46.751 [FXGL Background Thread 3 ] DEBUG Engine               - isFileSystemWriteAllowed: true
14:59:46.751 [FXGL Background Thread 3 ] DEBUG Engine               - isFullScreenAllowed: false
14:59:46.751 [FXGL Background Thread 3 ] DEBUG Engine               - isFullScreenFromStart: false
14:59:46.751 [FXGL Background Thread 3 ] DEBUG Engine               - isGameMenuEnabled: false
14:59:46.751 [FXGL Background Thread 3 ] DEBUG Engine               - isIOS: false
14:59:46.751 [FXGL Background Thread 3 ] DEBUG Engine               - isIntroEnabled: false
14:59:46.751 [FXGL Background Thread 3 ] DEBUG Engine               - isLinux: false
14:59:46.751 [FXGL Background Thread 3 ] DEBUG Engine               - isMac: false
14:59:46.751 [FXGL Background Thread 3 ] DEBUG Engine               - isMainMenuEnabled: false
14:59:46.751 [FXGL Background Thread 3 ] DEBUG Engine               - isManualResizeEnabled: false
14:59:46.751 [FXGL Background Thread 3 ] DEBUG Engine               - isMobile: false
14:59:46.751 [FXGL Background Thread 3 ] DEBUG Engine               - isNative: false
14:59:46.751 [FXGL Background Thread 3 ] DEBUG Engine               - isPauseMusicWhenMinimized: true
14:59:46.751 [FXGL Background Thread 3 ] DEBUG Engine               - isPreserveResizeRatio: false
14:59:46.751 [FXGL Background Thread 3 ] DEBUG Engine               - isProfilingEnabled: false
14:59:46.751 [FXGL Background Thread 3 ] DEBUG Engine               - isScaleAffectedOnResize: true
14:59:46.751 [FXGL Background Thread 3 ] DEBUG Engine               - isSingleStep: false
14:59:46.751 [FXGL Background Thread 3 ] DEBUG Engine               - isUserProfileEnabled: false
14:59:46.751 [FXGL Background Thread 3 ] DEBUG Engine               - isWindows: true
14:59:46.751 [FXGL Background Thread 3 ] DEBUG Engine               - language: ObjectProperty [value: ENGLISH]
14:59:46.751 [FXGL Background Thread 3 ] DEBUG Engine               - menuKey: ESCAPE
14:59:46.751 [FXGL Background Thread 3 ] DEBUG Engine               - mouseSensitivity: 0.2
14:59:46.751 [FXGL Background Thread 3 ] DEBUG Engine               - notificationViewClass: class com.almasb.fxgl.notification.view.XboxNotificationView
14:59:46.751 [FXGL Background Thread 3 ] DEBUG Engine               - pixelsPerMeter: 50.0
14:59:46.751 [FXGL Background Thread 3 ] DEBUG Engine               - platform: WINDOWS
14:59:46.751 [FXGL Background Thread 3 ] DEBUG Engine               - prefHeightProperty: ReadOnlyDoubleProperty [value: 820.0]
14:59:46.751 [FXGL Background Thread 3 ] DEBUG Engine               - prefWidthProperty: ReadOnlyDoubleProperty [value: 1480.0]
14:59:46.751 [FXGL Background Thread 3 ] DEBUG Engine               - profileDir: profiles/
14:59:46.751 [FXGL Background Thread 3 ] DEBUG Engine               - profileName: StringProperty [value: DEFAULT]
14:59:46.751 [FXGL Background Thread 3 ] DEBUG Engine               - randomSeed: -1
14:59:46.752 [FXGL Background Thread 3 ] DEBUG Engine               - runtimeInfo: RuntimeInfo(platform=WINDOWS, version=17.2, build=20.08.2022 16.50)
14:59:46.752 [FXGL Background Thread 3 ] DEBUG Engine               - saveFileExt: sav
14:59:46.752 [FXGL Background Thread 3 ] DEBUG Engine               - scaledHeightProp$fxgl: DoubleProperty [bound, value: 820.0]
14:59:46.752 [FXGL Background Thread 3 ] DEBUG Engine               - scaledWidthProp$fxgl: DoubleProperty [bound, value: 1480.0]
14:59:46.752 [FXGL Background Thread 3 ] DEBUG Engine               - sceneFactory: com.almasb.fxgl.app.scene.SceneFactory@3276fc12
14:59:46.752 [FXGL Background Thread 3 ] DEBUG Engine               - secondsIn24h: 60
14:59:46.752 [FXGL Background Thread 3 ] DEBUG Engine               - soundMenuBack: menu/back.wav
14:59:46.752 [FXGL Background Thread 3 ] DEBUG Engine               - soundMenuPress: menu/press.wav
14:59:46.752 [FXGL Background Thread 3 ] DEBUG Engine               - soundMenuSelect: menu/select.wav
14:59:46.752 [FXGL Background Thread 3 ] DEBUG Engine               - soundNotification: core/notification.wav
14:59:46.752 [FXGL Background Thread 3 ] DEBUG Engine               - stageStyle: DECORATED
14:59:46.752 [FXGL Background Thread 3 ] DEBUG Engine               - supportedLanguages: [ENGLISH, FRENCH, GERMAN, HUNGARIAN, RUSSIAN]
14:59:46.752 [FXGL Background Thread 3 ] DEBUG Engine               - ticksPerSecond: -1
14:59:46.752 [FXGL Background Thread 3 ] DEBUG Engine               - title: Untitled
14:59:46.752 [FXGL Background Thread 3 ] DEBUG Engine               - urlGithub: https://github.com/AlmasB/FXGL
14:59:46.752 [FXGL Background Thread 3 ] DEBUG Engine               - urlLeaderboard: http://fxgl-top.herokuapp.com/
14:59:46.752 [FXGL Background Thread 3 ] DEBUG Engine               - urlPOM: https://raw.githubusercontent.com/AlmasB/FXGL/release/README.md
14:59:46.752 [FXGL Background Thread 3 ] DEBUG Engine               - userAppClass: class edu.vanier.animals_revenge.MainApp
14:59:46.752 [FXGL Background Thread 3 ] DEBUG Engine               - version: 0.0
14:59:46.752 [FXGL Background Thread 3 ] DEBUG Engine               - versionCheckDays: 7
14:59:46.752 [FXGL Background Thread 3 ] DEBUG Engine               - width: 1480
14:59:46.752 [FXGL Background Thread 3 ] DEBUG Engine               - Logging services
14:59:46.752 [FXGL Background Thread 3 ] DEBUG Engine               - class com.almasb.fxgl.app.services.FXGLAssetLoaderService
14:59:46.752 [FXGL Background Thread 3 ] DEBUG Engine               - class com.almasb.fxgl.app.FXGLApplication$GameApplicationService
14:59:46.752 [FXGL Background Thread 3 ] DEBUG Engine               - class com.almasb.fxgl.app.services.FXGLDialogService
14:59:46.752 [FXGL Background Thread 3 ] DEBUG Engine               - class com.almasb.fxgl.app.services.IOTaskExecutorService
14:59:46.752 [FXGL Background Thread 3 ] DEBUG Engine               - class com.almasb.fxgl.io.FileSystemService
14:59:46.752 [FXGL Background Thread 3 ] DEBUG Engine               - class com.almasb.fxgl.localization.LocalizationService
14:59:46.752 [FXGL Background Thread 3 ] DEBUG Engine               - class com.almasb.fxgl.app.services.SystemBundleService
14:59:46.752 [FXGL Background Thread 3 ] DEBUG Engine               - class com.almasb.fxgl.profile.SaveLoadService
14:59:46.752 [FXGL Background Thread 3 ] DEBUG Engine               - class com.almasb.fxgl.ui.FXGLUIFactoryServiceProvider
14:59:46.752 [FXGL Background Thread 3 ] DEBUG Engine               - class com.almasb.fxgl.ui.FXGLDialogFactoryServiceProvider
14:59:46.752 [FXGL Background Thread 3 ] DEBUG Engine               - class com.almasb.fxgl.audio.AudioPlayer
14:59:46.752 [FXGL Background Thread 3 ] DEBUG Engine               - class com.almasb.fxgl.notification.impl.NotificationServiceProvider
14:59:46.752 [FXGL Background Thread 3 ] DEBUG Engine               - class com.almasb.fxgl.achievement.AchievementService
14:59:46.752 [FXGL Background Thread 3 ] DEBUG Engine               - class com.almasb.fxgl.cutscene.CutsceneService
14:59:46.752 [FXGL Background Thread 3 ] DEBUG Engine               - class com.almasb.fxgl.minigames.MiniGameService
14:59:46.752 [FXGL Background Thread 3 ] DEBUG Engine               - class com.almasb.fxgl.net.NetService
14:59:46.753 [FXGL Background Thread 3 ] DEBUG Engine               - class com.almasb.fxgl.app.services.UpdaterService
14:59:46.753 [FXGL Background Thread 3 ] DEBUG Engine               - class com.almasb.fxgl.dev.DevService
14:59:47.035 [JavaFX Application Thread] DEBUG FXGLApplication      - Exiting FXGL
14:59:47.035 [JavaFX Application Thread] DEBUG Async                - Shutting down background threads
14:59:47.035 [JavaFX Application Thread] DEBUG PrimaryStageWindow   - Closing main window
14:59:47.042 [JavaFX Application Thread] DEBUG Logger               - Closing Logger
