14:45:47.129 [main                     ] DEBUG Logger               - Configured Logger
14:45:47.143 [main                     ] DEBUG GameApplication      - Logging settings
Title: Untitled
Version: 0.0
Width: 1480
Height: 820
Fullscreen: false
Intro: false
Profiling: false
Single step:false
App Mode: DEVELOPER
Menu Key: ESCAPE
Stage Style: DECORATED
Scene Factory: class com.almasb.fxgl.app.scene.SceneFactory

14:45:47.404 [JavaFX Application Thread] DEBUG FXGLApplication      - Initializing FXGL
14:45:47.411 [JavaFX Application Thread] INFO  Engine               - FXGL-17.2 (20.08.2022 16.50) on WINDOWS (J:18.0.1.1 FX:20.0.2)
14:45:47.411 [JavaFX Application Thread] DEBUG Engine               - JRE Vendor Name: Oracle Corporation
14:45:47.411 [JavaFX Application Thread] DEBUG Engine               - Running on OS: Windows 10 version 10.0
14:45:47.411 [JavaFX Application Thread] DEBUG Engine               - Architecture: amd64
14:45:47.411 [JavaFX Application Thread] INFO  Engine               - Source code and latest versions at: https://github.com/AlmasB/FXGL
14:45:47.412 [JavaFX Application Thread] INFO  Engine               -       Ask questions and discuss at: https://github.com/AlmasB/FXGL/discussions
14:45:47.412 [JavaFX Application Thread] INFO  Engine               -              Join the FXGL chat at: https://gitter.im/AlmasB/FXGL
14:45:47.487 [JavaFX Application Thread] DEBUG PrimaryStageWindow   - Creating a JavaFX scene
14:45:47.520 [JavaFX Application Thread] DEBUG PrimaryStageWindow   - Target settings size: 1480.0 x 820.0
14:45:47.520 [JavaFX Application Thread] DEBUG PrimaryStageWindow   - Scaled scene size:    1480.0 x 820.0
14:45:47.521 [JavaFX Application Thread] DEBUG PrimaryStageWindow   - Scaled ratio: (1.0, 1.0)
14:45:47.523 [JavaFX Application Thread] DEBUG PrimaryStageWindow   - Set initial scene to FXGLStartupScene
14:45:47.526 [JavaFX Application Thread] DEBUG PrimaryStageWindow   - Opening main window
14:45:47.588 [JavaFX Application Thread] DEBUG PrimaryStageWindow   - Window border size: (16.0, 39.0)
14:45:47.588 [JavaFX Application Thread] DEBUG PrimaryStageWindow   - Scaled size: 1480.0 x 820.0
14:45:47.588 [JavaFX Application Thread] DEBUG PrimaryStageWindow   - Scaled ratio: (1.0, 1.0)
14:45:47.588 [JavaFX Application Thread] DEBUG PrimaryStageWindow   - Scene size: 1480.0 x 820.0
14:45:47.588 [JavaFX Application Thread] DEBUG PrimaryStageWindow   - Stage size: 1496.0 x 859.0
14:45:47.593 [FXGL Background Thread 1 ] DEBUG Engine               - Initializing environment variables
14:45:47.628 [FXGL Background Thread 1 ] DEBUG FXGLAssetLoaderServi - User app class for loading assets: class edu.vanier.animals_revenge.MainApp
14:45:47.629 [FXGL Background Thread 1 ] DEBUG GameApplicationServi - Applying CSS: fxgl_dark.css
14:45:47.630 [FXGL Background Thread 1 ] DEBUG FXGLAssetLoaderServi - Loading from file system: jar:file:/C:/Users/2268182/.gradle/caches/modules-2/files-2.1/com.github.almasb/fxgl/17.2/35db6ae960eec2dcfd19262d3b7f9c42f0e95bc3/fxgl-17.2.jar!/fxglassets/ui/css/fxgl_dark.css
14:45:47.668 [FXGL Background Thread 1 ] DEBUG GameApplicationServi - Initializing application scenes
14:45:47.701 [FXGL Background Thread 1 ] DEBUG GameWorld            - Game world initialized
14:45:47.751 [FXGL Background Thread 1 ] DEBUG PhysicsWorld         - Physics world initialized: appHeight=820, physics.ppm=50.0
14:45:47.751 [FXGL Background Thread 1 ] DEBUG PhysicsWorld         - Using strategy: BRUTE_FORCE
14:45:47.754 [FXGL Background Thread 1 ] DEBUG GameScene            - Game scene initialized: 1480x820
14:45:47.754 [FXGL Background Thread 1 ] DEBUG GameApplicationServi - Application scenes initialized
14:45:47.769 [FXGL Background Thread 1 ] DEBUG SystemBundleService  - Loading FXGL system data
14:45:47.773 [FXGL Background Thread 1 ] DEBUG FileSystemAccess     - Reading from: C:\Users\2268182\Documents\GitHub\animals-revenge\system\fxgl.bundle
14:45:47.781 [FXGL Background Thread 1 ] DEBUG SystemBundleService  - Bundle FXGL: {}
14:45:47.781 [FXGL Background Thread 1 ] DEBUG UpdaterService       - Checking for updates
14:45:47.787 [FXGL Background Thread 4 ] DEBUG FXGLApplication      - Loading fonts
14:45:47.788 [FXGL Background Thread 4 ] DEBUG FXGLAssetLoaderServi - Loading from file system: jar:file:/C:/Users/2268182/.gradle/caches/modules-2/files-2.1/com.github.almasb/fxgl/17.2/35db6ae960eec2dcfd19262d3b7f9c42f0e95bc3/fxgl-17.2.jar!/fxglassets/ui/fonts/VarelaRound-Regular.ttf
14:45:47.788 [FXGL Background Thread 1 ] DEBUG FXGLApplication      - Loading default localization
14:45:47.789 [FXGL Background Thread 1 ] DEBUG FXGLAssetLoaderServi - Loading from file system: jar:file:/C:/Users/2268182/.gradle/caches/modules-2/files-2.1/com.github.almasb/fxgl/17.2/35db6ae960eec2dcfd19262d3b7f9c42f0e95bc3/fxgl-17.2.jar!/fxglassets/languages/english.lang
14:45:47.818 [FXGL Background Thread 1 ] INFO  FXGLApplication      - FXGL initialization took: 0.225 sec
14:45:47.824 [JavaFX Application Thread] DEBUG Input                - Registered new binding: Launch - RMB
14:45:47.825 [JavaFX Application Thread] DEBUG Input                - Registered new binding: Create - LMB
14:45:47.825 [JavaFX Application Thread] DEBUG Input                - Registered new binding: Drag - CTRL+LMB
14:45:47.825 [JavaFX Application Thread] DEBUG FXGLAssetLoaderServi - Loading from file system: jar:file:/C:/Users/2268182/.gradle/caches/modules-2/files-2.1/com.github.almasb/fxgl/17.2/35db6ae960eec2dcfd19262d3b7f9c42f0e95bc3/fxgl-17.2.jar!/fxglassets/textures/fxgl_icon.png
14:45:47.848 [FXGL Background Thread 4 ] DEBUG FXGLAssetLoaderServi - Loading from file system: jar:file:/C:/Users/2268182/.gradle/caches/modules-2/files-2.1/com.github.almasb/fxgl/17.2/35db6ae960eec2dcfd19262d3b7f9c42f0e95bc3/fxgl-17.2.jar!/fxglassets/ui/fonts/Abel-Regular.ttf
14:45:47.851 [FXGL Background Thread 4 ] DEBUG FXGLAssetLoaderServi - Loading from file system: jar:file:/C:/Users/2268182/.gradle/caches/modules-2/files-2.1/com.github.almasb/fxgl/17.2/35db6ae960eec2dcfd19262d3b7f9c42f0e95bc3/fxgl-17.2.jar!/fxglassets/ui/fonts/TerminalLandMono-Regular.otf
14:45:47.853 [FXGL Background Thread 4 ] DEBUG FXGLAssetLoaderServi - Loading from file system: jar:file:/C:/Users/2268182/.gradle/caches/modules-2/files-2.1/com.github.almasb/fxgl/17.2/35db6ae960eec2dcfd19262d3b7f9c42f0e95bc3/fxgl-17.2.jar!/fxglassets/ui/fonts/Courier-Prime.ttf
14:45:47.866 [JavaFX Application Thread] DEBUG FXGLAssetLoaderServi - Loading from file system: jar:file:/C:/Users/2268182/.gradle/caches/modules-2/files-2.1/com.github.almasb/fxgl/17.2/35db6ae960eec2dcfd19262d3b7f9c42f0e95bc3/fxgl-17.2.jar!/fxglassets/textures/fxgl_default_cursor.png
14:45:47.873 [JavaFX Application Thread] DEBUG Input                - Registered new binding: Screenshot - CTRL+8
14:45:47.874 [JavaFX Application Thread] DEBUG Input                - Registered new binding: System info dump - CTRL+9
14:45:47.874 [JavaFX Application Thread] DEBUG Input                - Registered new binding: Restart - CTRL+R
14:45:47.876 [JavaFX Application Thread] DEBUG Input                - Registered new binding: Toggle Debug Camera - CTRL+7
14:45:47.879 [JavaFX Application Thread] DEBUG LoopRunner           - Starting loop
14:45:47.879 [JavaFX Application Thread] DEBUG LoopRunner           - Initializing JavaFX AnimationTimerLoop
14:45:47.881 [JavaFX Application Thread] DEBUG GameApplicationServi - Starting new game
14:45:47.881 [JavaFX Application Thread] DEBUG Input                - Clearing active input actions
14:45:47.889 [JavaFX Application Thread] DEBUG GameApplicationServi - Removing overlay from FXGLStartupScene and adding to FXGLLoadingScene
14:45:47.889 [JavaFX Application Thread] DEBUG PrimaryStageWindow   - FXGLStartupScene -> FXGLLoadingScene
14:45:47.889 [JavaFX Application Thread] DEBUG GameApplicationServi - Clearing previous game
14:45:47.889 [JavaFX Application Thread] DEBUG GameScene            - Clearing game scene
14:45:47.890 [JavaFX Application Thread] DEBUG GameWorld            - Clearing game world
14:45:47.890 [JavaFX Application Thread] DEBUG PhysicsWorld         - Clearing physics world
14:45:47.891 [FXGL Background Thread 4 ] DEBUG FXGLApplication      - Initializing game
14:45:47.895 [JavaFX Application Thread] DEBUG FXGLApplication      - Registering font factories with UI factory
14:45:47.931 [FXGL Background Thread 4 ] DEBUG FXGLAssetLoaderServi - Loading from file system: file:/C:/Users/2268182/Documents/GitHub/animals-revenge/build/resources/main/assets/ui/Home.fxml
14:45:48.197 [FXGL Background Thread 2 ] INFO  UpdaterService       - Your current version:  17.2
14:45:48.197 [FXGL Background Thread 2 ] INFO  UpdaterService       - Latest stable version: 17.3
14:45:48.240 [FXGL Background Thread 4 ] INFO  FXGLApplication      - Game initialization took: 0.349 sec
14:45:48.241 [JavaFX Application Thread] DEBUG Input                - Clearing active input actions
14:45:48.249 [JavaFX Application Thread] DEBUG GameApplicationServi - Removing overlay from FXGLLoadingScene and adding to GameScene
14:45:48.250 [JavaFX Application Thread] DEBUG PrimaryStageWindow   - FXGLLoadingScene -> GameScene
14:45:48.566 [JavaFX Application Thread] DEBUG FXGLApplication      - Exiting FXGL
14:45:48.566 [JavaFX Application Thread] DEBUG LoopRunner           - Stopping loop
14:45:48.566 [JavaFX Application Thread] DEBUG SystemBundleService  - Saving FXGL system data
14:45:48.569 [JavaFX Application Thread] DEBUG FileSystemAccess     - Writing to: C:\Users\2268182\Documents\GitHub\animals-revenge\system\fxgl.bundle
14:45:48.571 [JavaFX Application Thread] DEBUG Async                - Shutting down background threads
14:45:48.571 [JavaFX Application Thread] DEBUG PrimaryStageWindow   - Closing main window
14:45:48.588 [JavaFX Application Thread] DEBUG Logger               - Closing Logger
