22:59:26.690 [main                     ] DEBUG Logger               - Configured Logger
22:59:26.698 [main                     ] DEBUG GameApplication      - Logging settings
Title: Untitled
Version: 0.0
Width: 1480
Height: 820
Fullscreen: false
Intro: false
Profiling: false
Single step:false
App Mode: DEVELOPER
Menu Key: ESCAPE
Stage Style: DECORATED
Scene Factory: class com.almasb.fxgl.app.scene.SceneFactory

22:59:26.911 [JavaFX Application Thread] DEBUG FXGLApplication      - Initializing FXGL
22:59:26.914 [JavaFX Application Thread] INFO  Engine               - FXGL-17.2 (20.08.2022 16.50) on WINDOWS (J:18.0.2.1 FX:20.0.2)
22:59:26.914 [JavaFX Application Thread] DEBUG Engine               - JRE Vendor Name: Oracle Corporation
22:59:26.914 [JavaFX Application Thread] DEBUG Engine               - Running on OS: Windows 11 version 10.0
22:59:26.914 [JavaFX Application Thread] DEBUG Engine               - Architecture: amd64
22:59:26.914 [JavaFX Application Thread] INFO  Engine               - Source code and latest versions at: https://github.com/AlmasB/FXGL
22:59:26.914 [JavaFX Application Thread] INFO  Engine               -       Ask questions and discuss at: https://github.com/AlmasB/FXGL/discussions
22:59:26.915 [JavaFX Application Thread] INFO  Engine               -              Join the FXGL chat at: https://gitter.im/AlmasB/FXGL
22:59:26.973 [JavaFX Application Thread] DEBUG PrimaryStageWindow   - Creating a JavaFX scene
22:59:27.002 [JavaFX Application Thread] DEBUG PrimaryStageWindow   - Target settings size: 1480.0 x 820.0
22:59:27.002 [JavaFX Application Thread] DEBUG PrimaryStageWindow   - Scaled scene size:    1480.0 x 820.0
22:59:27.002 [JavaFX Application Thread] DEBUG PrimaryStageWindow   - Scaled ratio: (1.0, 1.0)
22:59:27.004 [JavaFX Application Thread] DEBUG PrimaryStageWindow   - Set initial scene to FXGLStartupScene
22:59:27.006 [JavaFX Application Thread] DEBUG PrimaryStageWindow   - Opening main window
22:59:27.059 [JavaFX Application Thread] DEBUG PrimaryStageWindow   - Window border size: (16.0, 39.0)
22:59:27.059 [JavaFX Application Thread] DEBUG PrimaryStageWindow   - Scaled size: 1480.0 x 820.0
22:59:27.059 [JavaFX Application Thread] DEBUG PrimaryStageWindow   - Scaled ratio: (1.0, 1.0)
22:59:27.060 [JavaFX Application Thread] DEBUG PrimaryStageWindow   - Scene size: 1480.0 x 820.0
22:59:27.060 [JavaFX Application Thread] DEBUG PrimaryStageWindow   - Stage size: 1496.0 x 859.0
22:59:27.064 [FXGL Background Thread 1 ] DEBUG Engine               - Initializing environment variables
22:59:27.086 [FXGL Background Thread 1 ] DEBUG FXGLAssetLoaderServi - User app class for loading assets: class edu.vanier.animals_revenge.MainApp
22:59:27.086 [FXGL Background Thread 1 ] DEBUG GameApplicationServi - Applying CSS: fxgl_dark.css
22:59:27.086 [FXGL Background Thread 1 ] DEBUG FXGLAssetLoaderServi - Loading from file system: jar:file:/C:/Users/ethan/.gradle/caches/modules-2/files-2.1/com.github.almasb/fxgl/17.2/35db6ae960eec2dcfd19262d3b7f9c42f0e95bc3/fxgl-17.2.jar!/fxglassets/ui/css/fxgl_dark.css
22:59:27.109 [FXGL Background Thread 1 ] DEBUG GameApplicationServi - Initializing application scenes
22:59:27.128 [FXGL Background Thread 1 ] DEBUG GameWorld            - Game world initialized
22:59:27.165 [FXGL Background Thread 1 ] DEBUG PhysicsWorld         - Physics world initialized: appHeight=820, physics.ppm=50.0
22:59:27.165 [FXGL Background Thread 1 ] DEBUG PhysicsWorld         - Using strategy: BRUTE_FORCE
22:59:27.167 [FXGL Background Thread 1 ] DEBUG GameScene            - Game scene initialized: 1480x820
22:59:27.167 [FXGL Background Thread 1 ] DEBUG GameApplicationServi - Application scenes initialized
22:59:27.179 [FXGL Background Thread 1 ] DEBUG SystemBundleService  - Loading FXGL system data
22:59:27.182 [FXGL Background Thread 1 ] DEBUG FileSystemAccess     - Reading from: C:\Users\ethan\IdeaProjects\animals-revenge\system\fxgl.bundle
22:59:27.188 [FXGL Background Thread 1 ] DEBUG SystemBundleService  - Bundle FXGL: {}
22:59:27.188 [FXGL Background Thread 1 ] DEBUG UpdaterService       - Checking for updates
22:59:27.192 [FXGL Background Thread 4 ] DEBUG FXGLApplication      - Loading fonts
22:59:27.192 [FXGL Background Thread 4 ] DEBUG FXGLAssetLoaderServi - Loading from file system: jar:file:/C:/Users/ethan/.gradle/caches/modules-2/files-2.1/com.github.almasb/fxgl/17.2/35db6ae960eec2dcfd19262d3b7f9c42f0e95bc3/fxgl-17.2.jar!/fxglassets/ui/fonts/VarelaRound-Regular.ttf
22:59:27.192 [FXGL Background Thread 1 ] DEBUG FXGLApplication      - Loading default localization
22:59:27.193 [FXGL Background Thread 1 ] DEBUG FXGLAssetLoaderServi - Loading from file system: jar:file:/C:/Users/ethan/.gradle/caches/modules-2/files-2.1/com.github.almasb/fxgl/17.2/35db6ae960eec2dcfd19262d3b7f9c42f0e95bc3/fxgl-17.2.jar!/fxglassets/languages/english.lang
22:59:27.206 [FXGL Background Thread 1 ] INFO  FXGLApplication      - FXGL initialization took: 0.143 sec
22:59:27.210 [JavaFX Application Thread] DEBUG Input                - Registered new binding: Launch - RMB
22:59:27.210 [JavaFX Application Thread] DEBUG Input                - Registered new binding: Create - LMB
22:59:27.210 [JavaFX Application Thread] DEBUG Input                - Registered new binding: Drag - CTRL+LMB
22:59:27.210 [JavaFX Application Thread] DEBUG FXGLAssetLoaderServi - Loading from file system: jar:file:/C:/Users/ethan/.gradle/caches/modules-2/files-2.1/com.github.almasb/fxgl/17.2/35db6ae960eec2dcfd19262d3b7f9c42f0e95bc3/fxgl-17.2.jar!/fxglassets/textures/fxgl_icon.png
22:59:27.221 [FXGL Background Thread 4 ] DEBUG FXGLAssetLoaderServi - Loading from file system: jar:file:/C:/Users/ethan/.gradle/caches/modules-2/files-2.1/com.github.almasb/fxgl/17.2/35db6ae960eec2dcfd19262d3b7f9c42f0e95bc3/fxgl-17.2.jar!/fxglassets/ui/fonts/Abel-Regular.ttf
22:59:27.227 [FXGL Background Thread 4 ] DEBUG FXGLAssetLoaderServi - Loading from file system: jar:file:/C:/Users/ethan/.gradle/caches/modules-2/files-2.1/com.github.almasb/fxgl/17.2/35db6ae960eec2dcfd19262d3b7f9c42f0e95bc3/fxgl-17.2.jar!/fxglassets/ui/fonts/TerminalLandMono-Regular.otf
22:59:27.232 [FXGL Background Thread 4 ] DEBUG FXGLAssetLoaderServi - Loading from file system: jar:file:/C:/Users/ethan/.gradle/caches/modules-2/files-2.1/com.github.almasb/fxgl/17.2/35db6ae960eec2dcfd19262d3b7f9c42f0e95bc3/fxgl-17.2.jar!/fxglassets/ui/fonts/Courier-Prime.ttf
22:59:27.238 [JavaFX Application Thread] DEBUG FXGLAssetLoaderServi - Loading from file system: jar:file:/C:/Users/ethan/.gradle/caches/modules-2/files-2.1/com.github.almasb/fxgl/17.2/35db6ae960eec2dcfd19262d3b7f9c42f0e95bc3/fxgl-17.2.jar!/fxglassets/textures/fxgl_default_cursor.png
22:59:27.243 [JavaFX Application Thread] DEBUG Input                - Registered new binding: Screenshot - CTRL+8
22:59:27.244 [JavaFX Application Thread] DEBUG Input                - Registered new binding: System info dump - CTRL+9
22:59:27.244 [JavaFX Application Thread] DEBUG Input                - Registered new binding: Restart - CTRL+R
22:59:27.244 [JavaFX Application Thread] DEBUG Input                - Registered new binding: Toggle Debug Camera - CTRL+7
22:59:27.248 [JavaFX Application Thread] DEBUG LoopRunner           - Starting loop
22:59:27.248 [JavaFX Application Thread] DEBUG LoopRunner           - Initializing JavaFX AnimationTimerLoop
22:59:27.249 [JavaFX Application Thread] DEBUG GameApplicationServi - Starting new game
22:59:27.249 [JavaFX Application Thread] DEBUG Input                - Clearing active input actions
22:59:27.257 [JavaFX Application Thread] DEBUG GameApplicationServi - Removing overlay from FXGLStartupScene and adding to FXGLLoadingScene
22:59:27.257 [JavaFX Application Thread] DEBUG PrimaryStageWindow   - FXGLStartupScene -> FXGLLoadingScene
22:59:27.257 [JavaFX Application Thread] DEBUG GameApplicationServi - Clearing previous game
22:59:27.257 [JavaFX Application Thread] DEBUG GameScene            - Clearing game scene
22:59:27.257 [JavaFX Application Thread] DEBUG GameWorld            - Clearing game world
22:59:27.257 [JavaFX Application Thread] DEBUG PhysicsWorld         - Clearing physics world
22:59:27.259 [FXGL Background Thread 4 ] DEBUG FXGLApplication      - Initializing game
22:59:27.260 [JavaFX Application Thread] DEBUG FXGLApplication      - Registering font factories with UI factory
22:59:27.282 [FXGL Background Thread 4 ] DEBUG FXGLAssetLoaderServi - Loading from file system: file:/C:/Users/ethan/IdeaProjects/animals-revenge/build/resources/main/assets/ui/Home.fxml
22:59:27.452 [FXGL Background Thread 2 ] INFO  UpdaterService       - Your current version:  17.2
22:59:27.456 [FXGL Background Thread 2 ] INFO  UpdaterService       - Latest stable version: 17.3
22:59:27.532 [FXGL Background Thread 4 ] INFO  FXGLApplication      - Game initialization took: 0.274 sec
22:59:27.533 [JavaFX Application Thread] DEBUG Input                - Clearing active input actions
22:59:27.539 [JavaFX Application Thread] DEBUG GameApplicationServi - Removing overlay from FXGLLoadingScene and adding to GameScene
22:59:27.540 [JavaFX Application Thread] DEBUG PrimaryStageWindow   - FXGLLoadingScene -> GameScene
22:59:28.171 [JavaFX Application Thread] DEBUG FXGLAssetLoaderServi - Loading from file system: file:/C:/Users/ethan/IdeaProjects/animals-revenge/build/resources/main/assets/ui/Simulator.fxml
22:59:28.217 [JavaFX Application Thread] DEBUG FXGLAssetLoaderServi - Loading from file system: file:/C:/Users/ethan/IdeaProjects/animals-revenge/build/resources/main/assets/textures/cannon.png
22:59:28.218 [JavaFX Application Thread] DEBUG FXGLAssetLoaderServi - Loading from file system: file:/C:/Users/ethan/IdeaProjects/animals-revenge/build/resources/main/assets/textures/brick.png
22:59:30.192 [FXGL Background Thread 3 ] DEBUG Engine               - Logging environment variables
22:59:30.192 [FXGL Background Thread 3 ] DEBUG Engine               - achievements: []
22:59:30.192 [FXGL Background Thread 3 ] DEBUG Engine               - actualHeight: 820.0
22:59:30.192 [FXGL Background Thread 3 ] DEBUG Engine               - actualHeightProperty: ReadOnlyDoubleProperty [value: 820.0]
22:59:30.192 [FXGL Background Thread 3 ] DEBUG Engine               - actualWidth: 1480.0
22:59:30.192 [FXGL Background Thread 3 ] DEBUG Engine               - actualWidthProperty: ReadOnlyDoubleProperty [value: 1480.0]
22:59:30.192 [FXGL Background Thread 3 ] DEBUG Engine               - appIcon: fxgl_icon.png
22:59:30.192 [FXGL Background Thread 3 ] DEBUG Engine               - applicationMode: DEVELOPER
22:59:30.192 [FXGL Background Thread 3 ] DEBUG Engine               - cSSList: [fxgl_dark.css]
22:59:30.192 [FXGL Background Thread 3 ] DEBUG Engine               - collisionDetectionStrategy: BRUTE_FORCE
22:59:30.192 [FXGL Background Thread 3 ] DEBUG Engine               - configClass: Optional.empty
22:59:30.192 [FXGL Background Thread 3 ] DEBUG Engine               - credits: []
22:59:30.194 [FXGL Background Thread 3 ] DEBUG Engine               - defaultCursor: CursorInfo(imageName=fxgl_default_cursor.png, hotspotX=7.0, hotspotY=6.0)
22:59:30.194 [FXGL Background Thread 3 ] DEBUG Engine               - devBBoxColorProperty: ObjectProperty [value: 0xff0000ff]
22:59:30.194 [FXGL Background Thread 3 ] DEBUG Engine               - devEnableDebugCameraProperty: BooleanProperty [value: false]
22:59:30.194 [FXGL Background Thread 3 ] DEBUG Engine               - devSensorColorProperty: ObjectProperty [value: 0xffff00ff]
22:59:30.194 [FXGL Background Thread 3 ] DEBUG Engine               - devShowBBoxProperty: BooleanProperty [value: false]
22:59:30.194 [FXGL Background Thread 3 ] DEBUG Engine               - devShowPositionProperty: BooleanProperty [value: false]
22:59:30.194 [FXGL Background Thread 3 ] DEBUG Engine               - enabledMenuItems: []
22:59:30.194 [FXGL Background Thread 3 ] DEBUG Engine               - engineServices: [class com.almasb.fxgl.app.services.FXGLAssetLoaderService, class com.almasb.fxgl.app.FXGLApplication$GameApplicationService, class com.almasb.fxgl.app.services.FXGLDialogService, class com.almasb.fxgl.app.services.IOTaskExecutorService, class com.almasb.fxgl.io.FileSystemService, class com.almasb.fxgl.localization.LocalizationService, class com.almasb.fxgl.app.services.SystemBundleService, class com.almasb.fxgl.profile.SaveLoadService, class com.almasb.fxgl.ui.FXGLUIFactoryServiceProvider, class com.almasb.fxgl.ui.FXGLDialogFactoryServiceProvider, class com.almasb.fxgl.audio.AudioPlayer, class com.almasb.fxgl.notification.impl.NotificationServiceProvider, class com.almasb.fxgl.achievement.AchievementService, class com.almasb.fxgl.cutscene.CutsceneService, class com.almasb.fxgl.minigames.MiniGameService, class com.almasb.fxgl.net.NetService, class com.almasb.fxgl.app.services.UpdaterService, class com.almasb.fxgl.dev.DevService]
22:59:30.194 [FXGL Background Thread 3 ] DEBUG Engine               - fontGame: Abel-Regular.ttf
22:59:30.194 [FXGL Background Thread 3 ] DEBUG Engine               - fontMono: TerminalLandMono-Regular.otf
22:59:30.194 [FXGL Background Thread 3 ] DEBUG Engine               - fontText: Courier-Prime.ttf
22:59:30.194 [FXGL Background Thread 3 ] DEBUG Engine               - fontUI: VarelaRound-Regular.ttf
22:59:30.194 [FXGL Background Thread 3 ] DEBUG Engine               - fullScreen: BooleanProperty [value: false]
22:59:30.194 [FXGL Background Thread 3 ] DEBUG Engine               - gameDifficulty: MEDIUM
22:59:30.194 [FXGL Background Thread 3 ] DEBUG Engine               - gameDifficultyProperty: ObjectProperty [value: MEDIUM]
22:59:30.194 [FXGL Background Thread 3 ] DEBUG Engine               - globalMusicVolume: 0.5
22:59:30.194 [FXGL Background Thread 3 ] DEBUG Engine               - globalMusicVolumeProperty: DoubleProperty [value: 0.5]
22:59:30.194 [FXGL Background Thread 3 ] DEBUG Engine               - globalSoundVolume: 0.5
22:59:30.194 [FXGL Background Thread 3 ] DEBUG Engine               - globalSoundVolumeProperty: DoubleProperty [value: 0.5]
22:59:30.194 [FXGL Background Thread 3 ] DEBUG Engine               - height: 820
22:59:30.194 [FXGL Background Thread 3 ] DEBUG Engine               - is3D: false
22:59:30.194 [FXGL Background Thread 3 ] DEBUG Engine               - isAndroid: false
22:59:30.194 [FXGL Background Thread 3 ] DEBUG Engine               - isBrowser: false
22:59:30.194 [FXGL Background Thread 3 ] DEBUG Engine               - isClickFeedbackEnabled: false
22:59:30.194 [FXGL Background Thread 3 ] DEBUG Engine               - isCloseConfirmation: false
22:59:30.194 [FXGL Background Thread 3 ] DEBUG Engine               - isDesktop: true
22:59:30.194 [FXGL Background Thread 3 ] DEBUG Engine               - isDeveloperMenuEnabled: false
22:59:30.194 [FXGL Background Thread 3 ] DEBUG Engine               - isEmbedded: false
22:59:30.194 [FXGL Background Thread 3 ] DEBUG Engine               - isEntityPreloadEnabled: true
22:59:30.194 [FXGL Background Thread 3 ] DEBUG Engine               - isExperimentalTiledLargeMap: false
22:59:30.194 [FXGL Background Thread 3 ] DEBUG Engine               - isFileSystemWriteAllowed: true
22:59:30.194 [FXGL Background Thread 3 ] DEBUG Engine               - isFullScreenAllowed: false
22:59:30.194 [FXGL Background Thread 3 ] DEBUG Engine               - isFullScreenFromStart: false
22:59:30.194 [FXGL Background Thread 3 ] DEBUG Engine               - isGameMenuEnabled: false
22:59:30.194 [FXGL Background Thread 3 ] DEBUG Engine               - isIOS: false
22:59:30.194 [FXGL Background Thread 3 ] DEBUG Engine               - isIntroEnabled: false
22:59:30.194 [FXGL Background Thread 3 ] DEBUG Engine               - isLinux: false
22:59:30.194 [FXGL Background Thread 3 ] DEBUG Engine               - isMac: false
22:59:30.195 [FXGL Background Thread 3 ] DEBUG Engine               - isMainMenuEnabled: false
22:59:30.195 [FXGL Background Thread 3 ] DEBUG Engine               - isManualResizeEnabled: false
22:59:30.195 [FXGL Background Thread 3 ] DEBUG Engine               - isMobile: false
22:59:30.195 [FXGL Background Thread 3 ] DEBUG Engine               - isNative: false
22:59:30.195 [FXGL Background Thread 3 ] DEBUG Engine               - isPauseMusicWhenMinimized: true
22:59:30.195 [FXGL Background Thread 3 ] DEBUG Engine               - isPreserveResizeRatio: false
22:59:30.195 [FXGL Background Thread 3 ] DEBUG Engine               - isProfilingEnabled: false
22:59:30.195 [FXGL Background Thread 3 ] DEBUG Engine               - isScaleAffectedOnResize: true
22:59:30.195 [FXGL Background Thread 3 ] DEBUG Engine               - isSingleStep: false
22:59:30.195 [FXGL Background Thread 3 ] DEBUG Engine               - isUserProfileEnabled: false
22:59:30.195 [FXGL Background Thread 3 ] DEBUG Engine               - isWindows: true
22:59:30.195 [FXGL Background Thread 3 ] DEBUG Engine               - language: ObjectProperty [value: ENGLISH]
22:59:30.195 [FXGL Background Thread 3 ] DEBUG Engine               - menuKey: ESCAPE
22:59:30.195 [FXGL Background Thread 3 ] DEBUG Engine               - mouseSensitivity: 0.2
22:59:30.195 [FXGL Background Thread 3 ] DEBUG Engine               - notificationViewClass: class com.almasb.fxgl.notification.view.XboxNotificationView
22:59:30.195 [FXGL Background Thread 3 ] DEBUG Engine               - pixelsPerMeter: 50.0
22:59:30.195 [FXGL Background Thread 3 ] DEBUG Engine               - platform: WINDOWS
22:59:30.195 [FXGL Background Thread 3 ] DEBUG Engine               - prefHeightProperty: ReadOnlyDoubleProperty [value: 820.0]
22:59:30.195 [FXGL Background Thread 3 ] DEBUG Engine               - prefWidthProperty: ReadOnlyDoubleProperty [value: 1480.0]
22:59:30.195 [FXGL Background Thread 3 ] DEBUG Engine               - profileDir: profiles/
22:59:30.195 [FXGL Background Thread 3 ] DEBUG Engine               - profileName: StringProperty [value: DEFAULT]
22:59:30.195 [FXGL Background Thread 3 ] DEBUG Engine               - randomSeed: -1
22:59:30.195 [FXGL Background Thread 3 ] DEBUG Engine               - runtimeInfo: RuntimeInfo(platform=WINDOWS, version=17.2, build=20.08.2022 16.50)
22:59:30.195 [FXGL Background Thread 3 ] DEBUG Engine               - saveFileExt: sav
22:59:30.195 [FXGL Background Thread 3 ] DEBUG Engine               - scaledHeightProp$fxgl: DoubleProperty [bound, value: 820.0]
22:59:30.195 [FXGL Background Thread 3 ] DEBUG Engine               - scaledWidthProp$fxgl: DoubleProperty [bound, value: 1480.0]
22:59:30.195 [FXGL Background Thread 3 ] DEBUG Engine               - sceneFactory: com.almasb.fxgl.app.scene.SceneFactory@76714228
22:59:30.195 [FXGL Background Thread 3 ] DEBUG Engine               - secondsIn24h: 60
22:59:30.196 [FXGL Background Thread 3 ] DEBUG Engine               - soundMenuBack: menu/back.wav
22:59:30.196 [FXGL Background Thread 3 ] DEBUG Engine               - soundMenuPress: menu/press.wav
22:59:30.196 [FXGL Background Thread 3 ] DEBUG Engine               - soundMenuSelect: menu/select.wav
22:59:30.196 [FXGL Background Thread 3 ] DEBUG Engine               - soundNotification: core/notification.wav
22:59:30.196 [FXGL Background Thread 3 ] DEBUG Engine               - stageStyle: DECORATED
22:59:30.196 [FXGL Background Thread 3 ] DEBUG Engine               - supportedLanguages: [ENGLISH, FRENCH, GERMAN, HUNGARIAN, RUSSIAN]
22:59:30.196 [FXGL Background Thread 3 ] DEBUG Engine               - ticksPerSecond: -1
22:59:30.196 [FXGL Background Thread 3 ] DEBUG Engine               - title: Untitled
22:59:30.196 [FXGL Background Thread 3 ] DEBUG Engine               - urlGithub: https://github.com/AlmasB/FXGL
22:59:30.196 [FXGL Background Thread 3 ] DEBUG Engine               - urlLeaderboard: http://fxgl-top.herokuapp.com/
22:59:30.196 [FXGL Background Thread 3 ] DEBUG Engine               - urlPOM: https://raw.githubusercontent.com/AlmasB/FXGL/release/README.md
22:59:30.196 [FXGL Background Thread 3 ] DEBUG Engine               - userAppClass: class edu.vanier.animals_revenge.MainApp
22:59:30.196 [FXGL Background Thread 3 ] DEBUG Engine               - version: 0.0
22:59:30.196 [FXGL Background Thread 3 ] DEBUG Engine               - versionCheckDays: 7
22:59:30.196 [FXGL Background Thread 3 ] DEBUG Engine               - width: 1480
22:59:30.196 [FXGL Background Thread 3 ] DEBUG Engine               - Logging services
22:59:30.196 [FXGL Background Thread 3 ] DEBUG Engine               - class com.almasb.fxgl.app.services.FXGLAssetLoaderService
22:59:30.196 [FXGL Background Thread 3 ] DEBUG Engine               - class com.almasb.fxgl.app.FXGLApplication$GameApplicationService
22:59:30.196 [FXGL Background Thread 3 ] DEBUG Engine               - class com.almasb.fxgl.app.services.FXGLDialogService
22:59:30.196 [FXGL Background Thread 3 ] DEBUG Engine               - class com.almasb.fxgl.app.services.IOTaskExecutorService
22:59:30.196 [FXGL Background Thread 3 ] DEBUG Engine               - class com.almasb.fxgl.io.FileSystemService
22:59:30.196 [FXGL Background Thread 3 ] DEBUG Engine               - class com.almasb.fxgl.localization.LocalizationService
22:59:30.196 [FXGL Background Thread 3 ] DEBUG Engine               - class com.almasb.fxgl.app.services.SystemBundleService
22:59:30.196 [FXGL Background Thread 3 ] DEBUG Engine               - class com.almasb.fxgl.profile.SaveLoadService
22:59:30.196 [FXGL Background Thread 3 ] DEBUG Engine               - class com.almasb.fxgl.ui.FXGLUIFactoryServiceProvider
22:59:30.196 [FXGL Background Thread 3 ] DEBUG Engine               - class com.almasb.fxgl.ui.FXGLDialogFactoryServiceProvider
22:59:30.196 [FXGL Background Thread 3 ] DEBUG Engine               - class com.almasb.fxgl.audio.AudioPlayer
22:59:30.196 [FXGL Background Thread 3 ] DEBUG Engine               - class com.almasb.fxgl.notification.impl.NotificationServiceProvider
22:59:30.196 [FXGL Background Thread 3 ] DEBUG Engine               - class com.almasb.fxgl.achievement.AchievementService
22:59:30.196 [FXGL Background Thread 3 ] DEBUG Engine               - class com.almasb.fxgl.cutscene.CutsceneService
22:59:30.196 [FXGL Background Thread 3 ] DEBUG Engine               - class com.almasb.fxgl.minigames.MiniGameService
22:59:30.196 [FXGL Background Thread 3 ] DEBUG Engine               - class com.almasb.fxgl.net.NetService
22:59:30.196 [FXGL Background Thread 3 ] DEBUG Engine               - class com.almasb.fxgl.app.services.UpdaterService
22:59:30.196 [FXGL Background Thread 3 ] DEBUG Engine               - class com.almasb.fxgl.dev.DevService
22:59:37.007 [JavaFX Application Thread] DEBUG FXGLApplication      - Exiting FXGL
22:59:37.007 [JavaFX Application Thread] DEBUG LoopRunner           - Stopping loop
22:59:37.007 [JavaFX Application Thread] DEBUG SystemBundleService  - Saving FXGL system data
22:59:37.008 [JavaFX Application Thread] DEBUG FileSystemAccess     - Writing to: C:\Users\ethan\IdeaProjects\animals-revenge\system\fxgl.bundle
22:59:37.009 [JavaFX Application Thread] DEBUG Async                - Shutting down background threads
22:59:37.009 [JavaFX Application Thread] DEBUG PrimaryStageWindow   - Closing main window
22:59:37.018 [JavaFX Application Thread] DEBUG Logger               - Closing Logger
