23:18:24.632 [main                     ] DEBUG Logger               - Configured Logger
23:18:24.651 [main                     ] DEBUG GameApplication      - Logging settings
Title: Untitled
Version: 0.0
Width: 1480
Height: 820
Fullscreen: false
Intro: false
Profiling: false
Single step:false
App Mode: DEVELOPER
Menu Key: ESCAPE
Stage Style: DECORATED
Scene Factory: class com.almasb.fxgl.app.scene.SceneFactory

23:18:25.152 [JavaFX Application Thread] DEBUG FXGLApplication      - Initializing FXGL
23:18:25.162 [JavaFX Application Thread] INFO  Engine               - FXGL-17.2 (20.08.2022 16.50) on WINDOWS (J:18.0.2.1 FX:20.0.2)
23:18:25.162 [JavaFX Application Thread] DEBUG Engine               - JRE Vendor Name: Oracle Corporation
23:18:25.162 [JavaFX Application Thread] DEBUG Engine               - Running on OS: Windows 11 version 10.0
23:18:25.163 [JavaFX Application Thread] DEBUG Engine               - Architecture: amd64
23:18:25.163 [JavaFX Application Thread] INFO  Engine               - Source code and latest versions at: https://github.com/AlmasB/FXGL
23:18:25.164 [JavaFX Application Thread] INFO  Engine               -       Ask questions and discuss at: https://github.com/AlmasB/FXGL/discussions
23:18:25.164 [JavaFX Application Thread] INFO  Engine               -              Join the FXGL chat at: https://gitter.im/AlmasB/FXGL
23:18:25.275 [JavaFX Application Thread] DEBUG PrimaryStageWindow   - Creating a JavaFX scene
23:18:25.276 [JavaFX Application Thread] DEBUG PrimaryStageWindow   - Target size > screen size
23:18:25.340 [JavaFX Application Thread] DEBUG PrimaryStageWindow   - Target settings size: 1480.0 x 820.0
23:18:25.340 [JavaFX Application Thread] DEBUG PrimaryStageWindow   - Scaled scene size:    1415.0 x 797.0
23:18:25.341 [JavaFX Application Thread] DEBUG PrimaryStageWindow   - Scaled ratio: (0.956081081081081, 0.9719512195121951)
23:18:25.342 [JavaFX Application Thread] DEBUG PrimaryStageWindow   - Set initial scene to FXGLStartupScene
23:18:25.347 [JavaFX Application Thread] DEBUG PrimaryStageWindow   - Opening main window
23:18:25.469 [JavaFX Application Thread] DEBUG PrimaryStageWindow   - Window border size: (13.0, 35.5)
23:18:25.470 [JavaFX Application Thread] DEBUG PrimaryStageWindow   - Scaled size: 1415.0 x 797.0
23:18:25.470 [JavaFX Application Thread] DEBUG PrimaryStageWindow   - Scaled ratio: (0.956081081081081, 0.9719512195121951)
23:18:25.470 [JavaFX Application Thread] DEBUG PrimaryStageWindow   - Scene size: 1415.0 x 797.0
23:18:25.471 [JavaFX Application Thread] DEBUG PrimaryStageWindow   - Stage size: 1428.0 x 832.5
23:18:25.479 [FXGL Background Thread 1 ] DEBUG Engine               - Initializing environment variables
23:18:25.539 [FXGL Background Thread 1 ] DEBUG FXGLAssetLoaderServi - User app class for loading assets: class edu.vanier.animals_revenge.MainApp
23:18:25.539 [FXGL Background Thread 1 ] DEBUG GameApplicationServi - Applying CSS: fxgl_dark.css
23:18:25.540 [FXGL Background Thread 1 ] DEBUG FXGLAssetLoaderServi - Loading from file system: jar:file:/C:/Users/macke/.gradle/caches/modules-2/files-2.1/com.github.almasb/fxgl/17.2/35db6ae960eec2dcfd19262d3b7f9c42f0e95bc3/fxgl-17.2.jar!/fxglassets/ui/css/fxgl_dark.css
23:18:25.611 [FXGL Background Thread 1 ] DEBUG GameApplicationServi - Initializing application scenes
23:18:25.757 [FXGL Background Thread 1 ] DEBUG GameWorld            - Game world initialized
23:18:25.851 [FXGL Background Thread 1 ] DEBUG PhysicsWorld         - Physics world initialized: appHeight=820, physics.ppm=50.0
23:18:25.853 [FXGL Background Thread 1 ] DEBUG PhysicsWorld         - Using strategy: BRUTE_FORCE
23:18:25.860 [FXGL Background Thread 1 ] DEBUG GameScene            - Game scene initialized: 1480x820
23:18:25.860 [FXGL Background Thread 1 ] DEBUG GameApplicationServi - Application scenes initialized
23:18:25.886 [FXGL Background Thread 1 ] DEBUG SystemBundleService  - Loading FXGL system data
23:18:25.896 [FXGL Background Thread 1 ] DEBUG FileSystemAccess     - Reading from: C:\Users\macke\OneDrive\Documents\School\Semester 3\Programming in a Graphical User Interface\Homework\animals-revenge\system\fxgl.bundle
23:18:25.911 [FXGL Background Thread 1 ] DEBUG SystemBundleService  - Bundle FXGL: {}
23:18:25.911 [FXGL Background Thread 1 ] DEBUG UpdaterService       - Checking for updates
23:18:25.932 [FXGL Background Thread 4 ] DEBUG FXGLApplication      - Loading fonts
23:18:25.933 [FXGL Background Thread 1 ] DEBUG FXGLApplication      - Loading default localization
23:18:25.934 [FXGL Background Thread 4 ] DEBUG FXGLAssetLoaderServi - Loading from file system: jar:file:/C:/Users/macke/.gradle/caches/modules-2/files-2.1/com.github.almasb/fxgl/17.2/35db6ae960eec2dcfd19262d3b7f9c42f0e95bc3/fxgl-17.2.jar!/fxglassets/ui/fonts/VarelaRound-Regular.ttf
23:18:25.935 [FXGL Background Thread 1 ] DEBUG FXGLAssetLoaderServi - Loading from file system: jar:file:/C:/Users/macke/.gradle/caches/modules-2/files-2.1/com.github.almasb/fxgl/17.2/35db6ae960eec2dcfd19262d3b7f9c42f0e95bc3/fxgl-17.2.jar!/fxglassets/languages/english.lang
23:18:26.002 [FXGL Background Thread 1 ] INFO  FXGLApplication      - FXGL initialization took: 0.522 sec
23:18:26.010 [JavaFX Application Thread] DEBUG Input                - Registered new binding: Launch - RMB
23:18:26.011 [JavaFX Application Thread] DEBUG Input                - Registered new binding: Create - LMB
23:18:26.011 [JavaFX Application Thread] DEBUG Input                - Registered new binding: Drag - CTRL+LMB
23:18:26.012 [JavaFX Application Thread] DEBUG FXGLAssetLoaderServi - Loading from file system: jar:file:/C:/Users/macke/.gradle/caches/modules-2/files-2.1/com.github.almasb/fxgl/17.2/35db6ae960eec2dcfd19262d3b7f9c42f0e95bc3/fxgl-17.2.jar!/fxglassets/textures/fxgl_icon.png
23:18:26.048 [FXGL Background Thread 4 ] DEBUG FXGLAssetLoaderServi - Loading from file system: jar:file:/C:/Users/macke/.gradle/caches/modules-2/files-2.1/com.github.almasb/fxgl/17.2/35db6ae960eec2dcfd19262d3b7f9c42f0e95bc3/fxgl-17.2.jar!/fxglassets/ui/fonts/Abel-Regular.ttf
23:18:26.056 [FXGL Background Thread 4 ] DEBUG FXGLAssetLoaderServi - Loading from file system: jar:file:/C:/Users/macke/.gradle/caches/modules-2/files-2.1/com.github.almasb/fxgl/17.2/35db6ae960eec2dcfd19262d3b7f9c42f0e95bc3/fxgl-17.2.jar!/fxglassets/ui/fonts/TerminalLandMono-Regular.otf
23:18:26.063 [FXGL Background Thread 4 ] DEBUG FXGLAssetLoaderServi - Loading from file system: jar:file:/C:/Users/macke/.gradle/caches/modules-2/files-2.1/com.github.almasb/fxgl/17.2/35db6ae960eec2dcfd19262d3b7f9c42f0e95bc3/fxgl-17.2.jar!/fxglassets/ui/fonts/Courier-Prime.ttf
23:18:26.095 [JavaFX Application Thread] DEBUG FXGLAssetLoaderServi - Loading from file system: jar:file:/C:/Users/macke/.gradle/caches/modules-2/files-2.1/com.github.almasb/fxgl/17.2/35db6ae960eec2dcfd19262d3b7f9c42f0e95bc3/fxgl-17.2.jar!/fxglassets/textures/fxgl_default_cursor.png
23:18:26.108 [JavaFX Application Thread] DEBUG Input                - Registered new binding: Screenshot - CTRL+8
23:18:26.109 [JavaFX Application Thread] DEBUG Input                - Registered new binding: System info dump - CTRL+9
23:18:26.110 [JavaFX Application Thread] DEBUG Input                - Registered new binding: Restart - CTRL+R
23:18:26.112 [JavaFX Application Thread] DEBUG Input                - Registered new binding: Toggle Debug Camera - CTRL+7
23:18:26.115 [JavaFX Application Thread] DEBUG LoopRunner           - Starting loop
23:18:26.115 [JavaFX Application Thread] DEBUG LoopRunner           - Initializing JavaFX AnimationTimerLoop
23:18:26.116 [JavaFX Application Thread] DEBUG GameApplicationServi - Starting new game
23:18:26.117 [JavaFX Application Thread] DEBUG Input                - Clearing active input actions
23:18:26.147 [JavaFX Application Thread] DEBUG GameApplicationServi - Removing overlay from FXGLStartupScene and adding to FXGLLoadingScene
23:18:26.148 [JavaFX Application Thread] DEBUG PrimaryStageWindow   - FXGLStartupScene -> FXGLLoadingScene
23:18:26.148 [JavaFX Application Thread] DEBUG GameApplicationServi - Clearing previous game
23:18:26.148 [JavaFX Application Thread] DEBUG GameScene            - Clearing game scene
23:18:26.148 [JavaFX Application Thread] DEBUG GameWorld            - Clearing game world
23:18:26.148 [JavaFX Application Thread] DEBUG PhysicsWorld         - Clearing physics world
23:18:26.154 [FXGL Background Thread 4 ] DEBUG FXGLApplication      - Initializing game
23:18:26.154 [JavaFX Application Thread] DEBUG FXGLApplication      - Registering font factories with UI factory
23:18:26.217 [FXGL Background Thread 4 ] DEBUG FXGLAssetLoaderServi - Loading from file system: file:/C:/Users/macke/OneDrive/Documents/School/Semester%203/Programming%20in%20a%20Graphical%20User%20Interface/Homework/animals-revenge/build/resources/main/assets/ui/Home.fxml
23:18:26.587 [FXGL Background Thread 2 ] INFO  UpdaterService       - Your current version:  17.2
23:18:26.587 [FXGL Background Thread 2 ] INFO  UpdaterService       - Latest stable version: 17.3
23:18:26.960 [FXGL Background Thread 4 ] INFO  FXGLApplication      - Game initialization took: 0.804 sec
23:18:26.961 [JavaFX Application Thread] DEBUG Input                - Clearing active input actions
23:18:26.989 [JavaFX Application Thread] DEBUG GameApplicationServi - Removing overlay from FXGLLoadingScene and adding to GameScene
23:18:26.990 [JavaFX Application Thread] DEBUG PrimaryStageWindow   - FXGLLoadingScene -> GameScene
23:18:28.089 [JavaFX Application Thread] DEBUG FXGLAssetLoaderServi - Loading from file system: file:/C:/Users/macke/OneDrive/Documents/School/Semester%203/Programming%20in%20a%20Graphical%20User%20Interface/Homework/animals-revenge/build/resources/main/assets/ui/1CustomProjectile.fxml
23:18:28.926 [FXGL Background Thread 3 ] DEBUG Engine               - Logging environment variables
23:18:28.929 [FXGL Background Thread 3 ] DEBUG Engine               - achievements: []
23:18:28.929 [FXGL Background Thread 3 ] DEBUG Engine               - actualHeight: 797.0
23:18:28.929 [FXGL Background Thread 3 ] DEBUG Engine               - actualHeightProperty: ReadOnlyDoubleProperty [value: 797.0]
23:18:28.929 [FXGL Background Thread 3 ] DEBUG Engine               - actualWidth: 1415.0
23:18:28.930 [FXGL Background Thread 3 ] DEBUG Engine               - actualWidthProperty: ReadOnlyDoubleProperty [value: 1415.0]
23:18:28.930 [FXGL Background Thread 3 ] DEBUG Engine               - appIcon: fxgl_icon.png
23:18:28.930 [FXGL Background Thread 3 ] DEBUG Engine               - applicationMode: DEVELOPER
23:18:28.930 [FXGL Background Thread 3 ] DEBUG Engine               - cSSList: [fxgl_dark.css]
23:18:28.930 [FXGL Background Thread 3 ] DEBUG Engine               - collisionDetectionStrategy: BRUTE_FORCE
23:18:28.930 [FXGL Background Thread 3 ] DEBUG Engine               - configClass: Optional.empty
23:18:28.930 [FXGL Background Thread 3 ] DEBUG Engine               - credits: []
23:18:28.936 [FXGL Background Thread 3 ] DEBUG Engine               - defaultCursor: CursorInfo(imageName=fxgl_default_cursor.png, hotspotX=7.0, hotspotY=6.0)
23:18:28.936 [FXGL Background Thread 3 ] DEBUG Engine               - devBBoxColorProperty: ObjectProperty [value: 0xff0000ff]
23:18:28.936 [FXGL Background Thread 3 ] DEBUG Engine               - devEnableDebugCameraProperty: BooleanProperty [value: false]
23:18:28.937 [FXGL Background Thread 3 ] DEBUG Engine               - devSensorColorProperty: ObjectProperty [value: 0xffff00ff]
23:18:28.937 [FXGL Background Thread 3 ] DEBUG Engine               - devShowBBoxProperty: BooleanProperty [value: false]
23:18:28.937 [FXGL Background Thread 3 ] DEBUG Engine               - devShowPositionProperty: BooleanProperty [value: false]
23:18:28.937 [FXGL Background Thread 3 ] DEBUG Engine               - enabledMenuItems: []
23:18:28.937 [FXGL Background Thread 3 ] DEBUG Engine               - engineServices: [class com.almasb.fxgl.app.services.FXGLAssetLoaderService, class com.almasb.fxgl.app.FXGLApplication$GameApplicationService, class com.almasb.fxgl.app.services.FXGLDialogService, class com.almasb.fxgl.app.services.IOTaskExecutorService, class com.almasb.fxgl.io.FileSystemService, class com.almasb.fxgl.localization.LocalizationService, class com.almasb.fxgl.app.services.SystemBundleService, class com.almasb.fxgl.profile.SaveLoadService, class com.almasb.fxgl.ui.FXGLUIFactoryServiceProvider, class com.almasb.fxgl.ui.FXGLDialogFactoryServiceProvider, class com.almasb.fxgl.audio.AudioPlayer, class com.almasb.fxgl.notification.impl.NotificationServiceProvider, class com.almasb.fxgl.achievement.AchievementService, class com.almasb.fxgl.cutscene.CutsceneService, class com.almasb.fxgl.minigames.MiniGameService, class com.almasb.fxgl.net.NetService, class com.almasb.fxgl.app.services.UpdaterService, class com.almasb.fxgl.dev.DevService]
23:18:28.937 [FXGL Background Thread 3 ] DEBUG Engine               - fontGame: Abel-Regular.ttf
23:18:28.937 [FXGL Background Thread 3 ] DEBUG Engine               - fontMono: TerminalLandMono-Regular.otf
23:18:28.938 [FXGL Background Thread 3 ] DEBUG Engine               - fontText: Courier-Prime.ttf
23:18:28.938 [FXGL Background Thread 3 ] DEBUG Engine               - fontUI: VarelaRound-Regular.ttf
23:18:28.938 [FXGL Background Thread 3 ] DEBUG Engine               - fullScreen: BooleanProperty [value: false]
23:18:28.939 [FXGL Background Thread 3 ] DEBUG Engine               - gameDifficulty: MEDIUM
23:18:28.939 [FXGL Background Thread 3 ] DEBUG Engine               - gameDifficultyProperty: ObjectProperty [value: MEDIUM]
23:18:28.939 [FXGL Background Thread 3 ] DEBUG Engine               - globalMusicVolume: 0.5
23:18:28.939 [FXGL Background Thread 3 ] DEBUG Engine               - globalMusicVolumeProperty: DoubleProperty [value: 0.5]
23:18:28.939 [FXGL Background Thread 3 ] DEBUG Engine               - globalSoundVolume: 0.5
23:18:28.940 [FXGL Background Thread 3 ] DEBUG Engine               - globalSoundVolumeProperty: DoubleProperty [value: 0.5]
23:18:28.940 [FXGL Background Thread 3 ] DEBUG Engine               - height: 820
23:18:28.940 [FXGL Background Thread 3 ] DEBUG Engine               - is3D: false
23:18:28.940 [FXGL Background Thread 3 ] DEBUG Engine               - isAndroid: false
23:18:28.940 [FXGL Background Thread 3 ] DEBUG Engine               - isBrowser: false
23:18:28.940 [FXGL Background Thread 3 ] DEBUG Engine               - isClickFeedbackEnabled: false
23:18:28.940 [FXGL Background Thread 3 ] DEBUG Engine               - isCloseConfirmation: false
23:18:28.940 [FXGL Background Thread 3 ] DEBUG Engine               - isDesktop: true
23:18:28.940 [FXGL Background Thread 3 ] DEBUG Engine               - isDeveloperMenuEnabled: false
23:18:28.940 [FXGL Background Thread 3 ] DEBUG Engine               - isEmbedded: false
23:18:28.940 [FXGL Background Thread 3 ] DEBUG Engine               - isEntityPreloadEnabled: true
23:18:28.940 [FXGL Background Thread 3 ] DEBUG Engine               - isExperimentalTiledLargeMap: false
23:18:28.940 [FXGL Background Thread 3 ] DEBUG Engine               - isFileSystemWriteAllowed: true
23:18:28.940 [FXGL Background Thread 3 ] DEBUG Engine               - isFullScreenAllowed: false
23:18:28.941 [FXGL Background Thread 3 ] DEBUG Engine               - isFullScreenFromStart: false
23:18:28.941 [FXGL Background Thread 3 ] DEBUG Engine               - isGameMenuEnabled: false
23:18:28.941 [FXGL Background Thread 3 ] DEBUG Engine               - isIOS: false
23:18:28.941 [FXGL Background Thread 3 ] DEBUG Engine               - isIntroEnabled: false
23:18:28.941 [FXGL Background Thread 3 ] DEBUG Engine               - isLinux: false
23:18:28.941 [FXGL Background Thread 3 ] DEBUG Engine               - isMac: false
23:18:28.941 [FXGL Background Thread 3 ] DEBUG Engine               - isMainMenuEnabled: false
23:18:28.941 [FXGL Background Thread 3 ] DEBUG Engine               - isManualResizeEnabled: false
23:18:28.941 [FXGL Background Thread 3 ] DEBUG Engine               - isMobile: false
23:18:28.942 [FXGL Background Thread 3 ] DEBUG Engine               - isNative: false
23:18:28.942 [FXGL Background Thread 3 ] DEBUG Engine               - isPauseMusicWhenMinimized: true
23:18:28.942 [FXGL Background Thread 3 ] DEBUG Engine               - isPreserveResizeRatio: false
23:18:28.942 [FXGL Background Thread 3 ] DEBUG Engine               - isProfilingEnabled: false
23:18:28.942 [FXGL Background Thread 3 ] DEBUG Engine               - isScaleAffectedOnResize: true
23:18:28.942 [FXGL Background Thread 3 ] DEBUG Engine               - isSingleStep: false
23:18:28.942 [FXGL Background Thread 3 ] DEBUG Engine               - isUserProfileEnabled: false
23:18:28.942 [FXGL Background Thread 3 ] DEBUG Engine               - isWindows: true
23:18:28.942 [FXGL Background Thread 3 ] DEBUG Engine               - language: ObjectProperty [value: ENGLISH]
23:18:28.942 [FXGL Background Thread 3 ] DEBUG Engine               - menuKey: ESCAPE
23:18:28.942 [FXGL Background Thread 3 ] DEBUG Engine               - mouseSensitivity: 0.2
23:18:28.943 [FXGL Background Thread 3 ] DEBUG Engine               - notificationViewClass: class com.almasb.fxgl.notification.view.XboxNotificationView
23:18:28.943 [FXGL Background Thread 3 ] DEBUG Engine               - pixelsPerMeter: 50.0
23:18:28.943 [FXGL Background Thread 3 ] DEBUG Engine               - platform: WINDOWS
23:18:28.943 [FXGL Background Thread 3 ] DEBUG Engine               - prefHeightProperty: ReadOnlyDoubleProperty [value: 820.0]
23:18:28.943 [FXGL Background Thread 3 ] DEBUG Engine               - prefWidthProperty: ReadOnlyDoubleProperty [value: 1480.0]
23:18:28.943 [FXGL Background Thread 3 ] DEBUG Engine               - profileDir: profiles/
23:18:28.943 [FXGL Background Thread 3 ] DEBUG Engine               - profileName: StringProperty [value: DEFAULT]
23:18:28.944 [FXGL Background Thread 3 ] DEBUG Engine               - randomSeed: -1
23:18:28.944 [FXGL Background Thread 3 ] DEBUG Engine               - runtimeInfo: RuntimeInfo(platform=WINDOWS, version=17.2, build=20.08.2022 16.50)
23:18:28.944 [FXGL Background Thread 3 ] DEBUG Engine               - saveFileExt: sav
23:18:28.944 [FXGL Background Thread 3 ] DEBUG Engine               - scaledHeightProp$fxgl: DoubleProperty [bound, value: 797.0]
23:18:28.944 [FXGL Background Thread 3 ] DEBUG Engine               - scaledWidthProp$fxgl: DoubleProperty [bound, value: 1415.0]
23:18:28.944 [FXGL Background Thread 3 ] DEBUG Engine               - sceneFactory: com.almasb.fxgl.app.scene.SceneFactory@2ec3a828
23:18:28.944 [FXGL Background Thread 3 ] DEBUG Engine               - secondsIn24h: 60
23:18:28.944 [FXGL Background Thread 3 ] DEBUG Engine               - soundMenuBack: menu/back.wav
23:18:28.944 [FXGL Background Thread 3 ] DEBUG Engine               - soundMenuPress: menu/press.wav
23:18:28.945 [FXGL Background Thread 3 ] DEBUG Engine               - soundMenuSelect: menu/select.wav
23:18:28.945 [FXGL Background Thread 3 ] DEBUG Engine               - soundNotification: core/notification.wav
23:18:28.945 [FXGL Background Thread 3 ] DEBUG Engine               - stageStyle: DECORATED
23:18:28.945 [FXGL Background Thread 3 ] DEBUG Engine               - supportedLanguages: [ENGLISH, FRENCH, GERMAN, HUNGARIAN, RUSSIAN]
23:18:28.945 [FXGL Background Thread 3 ] DEBUG Engine               - ticksPerSecond: -1
23:18:28.945 [FXGL Background Thread 3 ] DEBUG Engine               - title: Untitled
23:18:28.945 [FXGL Background Thread 3 ] DEBUG Engine               - urlGithub: https://github.com/AlmasB/FXGL
23:18:28.945 [FXGL Background Thread 3 ] DEBUG Engine               - urlLeaderboard: http://fxgl-top.herokuapp.com/
23:18:28.945 [FXGL Background Thread 3 ] DEBUG Engine               - urlPOM: https://raw.githubusercontent.com/AlmasB/FXGL/release/README.md
23:18:28.945 [FXGL Background Thread 3 ] DEBUG Engine               - userAppClass: class edu.vanier.animals_revenge.MainApp
23:18:28.945 [FXGL Background Thread 3 ] DEBUG Engine               - version: 0.0
23:18:28.945 [FXGL Background Thread 3 ] DEBUG Engine               - versionCheckDays: 7
23:18:28.945 [FXGL Background Thread 3 ] DEBUG Engine               - width: 1480
23:18:28.945 [FXGL Background Thread 3 ] DEBUG Engine               - Logging services
23:18:28.946 [FXGL Background Thread 3 ] DEBUG Engine               - class com.almasb.fxgl.app.services.FXGLAssetLoaderService
23:18:28.946 [FXGL Background Thread 3 ] DEBUG Engine               - class com.almasb.fxgl.app.FXGLApplication$GameApplicationService
23:18:28.946 [FXGL Background Thread 3 ] DEBUG Engine               - class com.almasb.fxgl.app.services.FXGLDialogService
23:18:28.946 [FXGL Background Thread 3 ] DEBUG Engine               - class com.almasb.fxgl.app.services.IOTaskExecutorService
23:18:28.946 [FXGL Background Thread 3 ] DEBUG Engine               - class com.almasb.fxgl.io.FileSystemService
23:18:28.946 [FXGL Background Thread 3 ] DEBUG Engine               - class com.almasb.fxgl.localization.LocalizationService
23:18:28.946 [FXGL Background Thread 3 ] DEBUG Engine               - class com.almasb.fxgl.app.services.SystemBundleService
23:18:28.946 [FXGL Background Thread 3 ] DEBUG Engine               - class com.almasb.fxgl.profile.SaveLoadService
23:18:28.947 [FXGL Background Thread 3 ] DEBUG Engine               - class com.almasb.fxgl.ui.FXGLUIFactoryServiceProvider
23:18:28.947 [FXGL Background Thread 3 ] DEBUG Engine               - class com.almasb.fxgl.ui.FXGLDialogFactoryServiceProvider
23:18:28.947 [FXGL Background Thread 3 ] DEBUG Engine               - class com.almasb.fxgl.audio.AudioPlayer
23:18:28.947 [FXGL Background Thread 3 ] DEBUG Engine               - class com.almasb.fxgl.notification.impl.NotificationServiceProvider
23:18:28.947 [FXGL Background Thread 3 ] DEBUG Engine               - class com.almasb.fxgl.achievement.AchievementService
23:18:28.947 [FXGL Background Thread 3 ] DEBUG Engine               - class com.almasb.fxgl.cutscene.CutsceneService
23:18:28.947 [FXGL Background Thread 3 ] DEBUG Engine               - class com.almasb.fxgl.minigames.MiniGameService
23:18:28.947 [FXGL Background Thread 3 ] DEBUG Engine               - class com.almasb.fxgl.net.NetService
23:18:28.947 [FXGL Background Thread 3 ] DEBUG Engine               - class com.almasb.fxgl.app.services.UpdaterService
23:18:28.947 [FXGL Background Thread 3 ] DEBUG Engine               - class com.almasb.fxgl.dev.DevService
23:18:32.574 [JavaFX Application Thread] DEBUG FXGLApplication      - Exiting FXGL
23:18:32.575 [JavaFX Application Thread] DEBUG LoopRunner           - Stopping loop
23:18:32.575 [JavaFX Application Thread] DEBUG SystemBundleService  - Saving FXGL system data
23:18:32.578 [JavaFX Application Thread] DEBUG FileSystemAccess     - Writing to: C:\Users\macke\OneDrive\Documents\School\Semester 3\Programming in a Graphical User Interface\Homework\animals-revenge\system\fxgl.bundle
23:18:32.581 [JavaFX Application Thread] DEBUG Async                - Shutting down background threads
23:18:32.581 [JavaFX Application Thread] DEBUG PrimaryStageWindow   - Closing main window
23:18:32.617 [JavaFX Application Thread] DEBUG Logger               - Closing Logger
