18:43:39.463 [main                     ] DEBUG Logger               - Configured Logger
18:43:39.549 [main                     ] DEBUG GameApplication      - Logging settings
Title: Untitled
Version: 0.0
Width: 1480
Height: 820
Fullscreen: false
Intro: false
Profiling: false
Single step:false
App Mode: DEVELOPER
Menu Key: ESCAPE
Stage Style: DECORATED
Scene Factory: class com.almasb.fxgl.app.scene.SceneFactory

18:43:40.580 [JavaFX Application Thread] DEBUG FXGLApplication      - Initializing FXGL
18:43:40.590 [JavaFX Application Thread] INFO  Engine               - FXGL-17.2 (20.08.2022 16.50) on WINDOWS (J:18.0.2.1 FX:20.0.2)
18:43:40.591 [JavaFX Application Thread] DEBUG Engine               - JRE Vendor Name: Oracle Corporation
18:43:40.591 [JavaFX Application Thread] DEBUG Engine               - Running on OS: Windows 11 version 10.0
18:43:40.592 [JavaFX Application Thread] DEBUG Engine               - Architecture: amd64
18:43:40.592 [JavaFX Application Thread] INFO  Engine               - Source code and latest versions at: https://github.com/AlmasB/FXGL
18:43:40.592 [JavaFX Application Thread] INFO  Engine               -       Ask questions and discuss at: https://github.com/AlmasB/FXGL/discussions
18:43:40.592 [JavaFX Application Thread] INFO  Engine               -              Join the FXGL chat at: https://gitter.im/AlmasB/FXGL
18:43:40.839 [JavaFX Application Thread] DEBUG PrimaryStageWindow   - Creating a JavaFX scene
18:43:40.840 [JavaFX Application Thread] DEBUG PrimaryStageWindow   - Target size > screen size
18:43:40.949 [JavaFX Application Thread] DEBUG PrimaryStageWindow   - Target settings size: 1480.0 x 820.0
18:43:40.950 [JavaFX Application Thread] DEBUG PrimaryStageWindow   - Scaled scene size:    1447.0 x 815.0
18:43:40.950 [JavaFX Application Thread] DEBUG PrimaryStageWindow   - Scaled ratio: (0.9777027027027027, 0.9939024390243902)
18:43:40.952 [JavaFX Application Thread] DEBUG PrimaryStageWindow   - Set initial scene to FXGLStartupScene
18:43:40.966 [JavaFX Application Thread] DEBUG PrimaryStageWindow   - Opening main window
18:43:41.209 [JavaFX Application Thread] DEBUG PrimaryStageWindow   - Window border size: (14.5999755859375, 37.79998779296875)
18:43:41.211 [JavaFX Application Thread] DEBUG PrimaryStageWindow   - Scaled size: 1447.0 x 815.0
18:43:41.211 [JavaFX Application Thread] DEBUG PrimaryStageWindow   - Scaled ratio: (0.9777027027027027, 0.9939024390243902)
18:43:41.211 [JavaFX Application Thread] DEBUG PrimaryStageWindow   - Scene size: 1447.0 x 815.0
18:43:41.212 [JavaFX Application Thread] DEBUG PrimaryStageWindow   - Stage size: 1461.5999755859375 x 852.7999877929688
18:43:41.260 [FXGL Background Thread 1 ] DEBUG Engine               - Initializing environment variables
18:43:41.384 [FXGL Background Thread 1 ] DEBUG FXGLAssetLoaderServi - User app class for loading assets: class edu.vanier.animals_revenge.MainApp
18:43:41.384 [FXGL Background Thread 1 ] DEBUG GameApplicationServi - Applying CSS: fxgl_dark.css
18:43:41.385 [FXGL Background Thread 1 ] DEBUG FXGLAssetLoaderServi - Loading from file system: jar:file:/C:/Users/anton/.gradle/caches/modules-2/files-2.1/com.github.almasb/fxgl/17.2/35db6ae960eec2dcfd19262d3b7f9c42f0e95bc3/fxgl-17.2.jar!/fxglassets/ui/css/fxgl_dark.css
18:43:41.455 [FXGL Background Thread 1 ] DEBUG GameApplicationServi - Initializing application scenes
18:43:41.614 [FXGL Background Thread 1 ] DEBUG GameWorld            - Game world initialized
18:43:41.725 [FXGL Background Thread 1 ] DEBUG PhysicsWorld         - Physics world initialized: appHeight=820, physics.ppm=50.0
18:43:41.725 [FXGL Background Thread 1 ] DEBUG PhysicsWorld         - Using strategy: BRUTE_FORCE
18:43:41.730 [FXGL Background Thread 1 ] DEBUG GameScene            - Game scene initialized: 1480x820
18:43:41.731 [FXGL Background Thread 1 ] DEBUG GameApplicationServi - Application scenes initialized
18:43:41.764 [FXGL Background Thread 1 ] DEBUG SystemBundleService  - Loading FXGL system data
18:43:41.776 [FXGL Background Thread 1 ] DEBUG FileSystemAccess     - Reading from: C:\Users\anton\OneDrive\Documents\GitHub\animals-revenge\system\fxgl.bundle
18:43:41.796 [FXGL Background Thread 1 ] DEBUG SystemBundleService  - Bundle FXGL: {}
18:43:41.796 [FXGL Background Thread 1 ] DEBUG UpdaterService       - Checking for updates
18:43:41.806 [FXGL Background Thread 1 ] DEBUG FXGLApplication      - Loading default localization
18:43:41.808 [FXGL Background Thread 1 ] DEBUG FXGLAssetLoaderServi - Loading from file system: jar:file:/C:/Users/anton/.gradle/caches/modules-2/files-2.1/com.github.almasb/fxgl/17.2/35db6ae960eec2dcfd19262d3b7f9c42f0e95bc3/fxgl-17.2.jar!/fxglassets/languages/english.lang
18:43:41.809 [FXGL Background Thread 4 ] DEBUG FXGLApplication      - Loading fonts
18:43:41.810 [FXGL Background Thread 4 ] DEBUG FXGLAssetLoaderServi - Loading from file system: jar:file:/C:/Users/anton/.gradle/caches/modules-2/files-2.1/com.github.almasb/fxgl/17.2/35db6ae960eec2dcfd19262d3b7f9c42f0e95bc3/fxgl-17.2.jar!/fxglassets/ui/fonts/VarelaRound-Regular.ttf
18:43:41.847 [FXGL Background Thread 1 ] INFO  FXGLApplication      - FXGL initialization took: 0.587 sec
18:43:41.855 [JavaFX Application Thread] DEBUG Input                - Registered new binding: Launch - RMB
18:43:41.855 [JavaFX Application Thread] DEBUG Input                - Registered new binding: Create - LMB
18:43:41.856 [JavaFX Application Thread] DEBUG Input                - Registered new binding: Drag - CTRL+LMB
18:43:41.857 [JavaFX Application Thread] DEBUG FXGLAssetLoaderServi - Loading from file system: jar:file:/C:/Users/anton/.gradle/caches/modules-2/files-2.1/com.github.almasb/fxgl/17.2/35db6ae960eec2dcfd19262d3b7f9c42f0e95bc3/fxgl-17.2.jar!/fxglassets/textures/fxgl_icon.png
18:43:41.946 [JavaFX Application Thread] DEBUG FXGLAssetLoaderServi - Loading from file system: jar:file:/C:/Users/anton/.gradle/caches/modules-2/files-2.1/com.github.almasb/fxgl/17.2/35db6ae960eec2dcfd19262d3b7f9c42f0e95bc3/fxgl-17.2.jar!/fxglassets/textures/fxgl_default_cursor.png
18:43:41.964 [JavaFX Application Thread] DEBUG Input                - Registered new binding: Screenshot - CTRL+8
18:43:41.965 [JavaFX Application Thread] DEBUG Input                - Registered new binding: System info dump - CTRL+9
18:43:41.966 [JavaFX Application Thread] DEBUG Input                - Registered new binding: Restart - CTRL+R
18:43:41.967 [JavaFX Application Thread] DEBUG Input                - Registered new binding: Toggle Debug Camera - CTRL+7
18:43:41.970 [JavaFX Application Thread] DEBUG LoopRunner           - Starting loop
18:43:41.971 [JavaFX Application Thread] DEBUG LoopRunner           - Initializing JavaFX AnimationTimerLoop
18:43:41.974 [JavaFX Application Thread] DEBUG GameApplicationServi - Starting new game
18:43:41.975 [JavaFX Application Thread] DEBUG Input                - Clearing active input actions
18:43:41.992 [JavaFX Application Thread] DEBUG GameApplicationServi - Removing overlay from FXGLStartupScene and adding to FXGLLoadingScene
18:43:41.993 [JavaFX Application Thread] DEBUG PrimaryStageWindow   - FXGLStartupScene -> FXGLLoadingScene
18:43:41.993 [JavaFX Application Thread] DEBUG GameApplicationServi - Clearing previous game
18:43:41.993 [JavaFX Application Thread] DEBUG GameScene            - Clearing game scene
18:43:41.993 [JavaFX Application Thread] DEBUG GameWorld            - Clearing game world
18:43:41.993 [JavaFX Application Thread] DEBUG PhysicsWorld         - Clearing physics world
18:43:41.996 [FXGL Background Thread 1 ] DEBUG FXGLApplication      - Initializing game
18:43:42.123 [FXGL Background Thread 1 ] DEBUG FXGLAssetLoaderServi - Loading from file system: file:/C:/Users/anton/OneDrive/Documents/GitHub/animals-revenge/build/resources/main/assets/ui/Home.fxml
18:43:42.240 [FXGL Background Thread 4 ] DEBUG FXGLAssetLoaderServi - Loading from file system: jar:file:/C:/Users/anton/.gradle/caches/modules-2/files-2.1/com.github.almasb/fxgl/17.2/35db6ae960eec2dcfd19262d3b7f9c42f0e95bc3/fxgl-17.2.jar!/fxglassets/ui/fonts/Abel-Regular.ttf
18:43:42.247 [FXGL Background Thread 4 ] DEBUG FXGLAssetLoaderServi - Loading from file system: jar:file:/C:/Users/anton/.gradle/caches/modules-2/files-2.1/com.github.almasb/fxgl/17.2/35db6ae960eec2dcfd19262d3b7f9c42f0e95bc3/fxgl-17.2.jar!/fxglassets/ui/fonts/TerminalLandMono-Regular.otf
18:43:42.532 [FXGL Background Thread 4 ] DEBUG FXGLAssetLoaderServi - Loading from file system: jar:file:/C:/Users/anton/.gradle/caches/modules-2/files-2.1/com.github.almasb/fxgl/17.2/35db6ae960eec2dcfd19262d3b7f9c42f0e95bc3/fxgl-17.2.jar!/fxglassets/ui/fonts/Courier-Prime.ttf
18:43:42.678 [JavaFX Application Thread] DEBUG FXGLApplication      - Registering font factories with UI factory
18:43:43.793 [FXGL Background Thread 2 ] INFO  UpdaterService       - Your current version:  17.2
18:43:43.795 [FXGL Background Thread 2 ] INFO  UpdaterService       - Latest stable version: 17.3
18:43:44.594 [FXGL Background Thread 1 ] INFO  FXGLApplication      - Game initialization took: 2.597 sec
18:43:44.595 [JavaFX Application Thread] DEBUG Input                - Clearing active input actions
18:43:44.633 [JavaFX Application Thread] DEBUG GameApplicationServi - Removing overlay from FXGLLoadingScene and adding to GameScene
18:43:44.634 [JavaFX Application Thread] DEBUG PrimaryStageWindow   - FXGLLoadingScene -> GameScene
18:43:44.802 [FXGL Background Thread 3 ] DEBUG Engine               - Logging environment variables
18:43:44.803 [FXGL Background Thread 3 ] DEBUG Engine               - achievements: []
18:43:44.804 [FXGL Background Thread 3 ] DEBUG Engine               - actualHeight: 815.0
18:43:44.806 [FXGL Background Thread 3 ] DEBUG Engine               - actualHeightProperty: ReadOnlyDoubleProperty [value: 815.0]
18:43:44.806 [FXGL Background Thread 3 ] DEBUG Engine               - actualWidth: 1447.0
18:43:44.806 [FXGL Background Thread 3 ] DEBUG Engine               - actualWidthProperty: ReadOnlyDoubleProperty [value: 1447.0]
18:43:44.806 [FXGL Background Thread 3 ] DEBUG Engine               - appIcon: fxgl_icon.png
18:43:44.806 [FXGL Background Thread 3 ] DEBUG Engine               - applicationMode: DEVELOPER
18:43:44.806 [FXGL Background Thread 3 ] DEBUG Engine               - cSSList: [fxgl_dark.css]
18:43:44.807 [FXGL Background Thread 3 ] DEBUG Engine               - collisionDetectionStrategy: BRUTE_FORCE
18:43:44.807 [FXGL Background Thread 3 ] DEBUG Engine               - configClass: Optional.empty
18:43:44.807 [FXGL Background Thread 3 ] DEBUG Engine               - credits: []
18:43:44.812 [FXGL Background Thread 3 ] DEBUG Engine               - defaultCursor: CursorInfo(imageName=fxgl_default_cursor.png, hotspotX=7.0, hotspotY=6.0)
18:43:44.813 [FXGL Background Thread 3 ] DEBUG Engine               - devBBoxColorProperty: ObjectProperty [value: 0xff0000ff]
18:43:44.813 [FXGL Background Thread 3 ] DEBUG Engine               - devEnableDebugCameraProperty: BooleanProperty [value: false]
18:43:44.813 [FXGL Background Thread 3 ] DEBUG Engine               - devSensorColorProperty: ObjectProperty [value: 0xffff00ff]
18:43:44.813 [FXGL Background Thread 3 ] DEBUG Engine               - devShowBBoxProperty: BooleanProperty [value: false]
18:43:44.813 [FXGL Background Thread 3 ] DEBUG Engine               - devShowPositionProperty: BooleanProperty [value: false]
18:43:44.813 [FXGL Background Thread 3 ] DEBUG Engine               - enabledMenuItems: []
18:43:44.814 [FXGL Background Thread 3 ] DEBUG Engine               - engineServices: [class com.almasb.fxgl.app.services.FXGLAssetLoaderService, class com.almasb.fxgl.app.FXGLApplication$GameApplicationService, class com.almasb.fxgl.app.services.FXGLDialogService, class com.almasb.fxgl.app.services.IOTaskExecutorService, class com.almasb.fxgl.io.FileSystemService, class com.almasb.fxgl.localization.LocalizationService, class com.almasb.fxgl.app.services.SystemBundleService, class com.almasb.fxgl.profile.SaveLoadService, class com.almasb.fxgl.ui.FXGLUIFactoryServiceProvider, class com.almasb.fxgl.ui.FXGLDialogFactoryServiceProvider, class com.almasb.fxgl.audio.AudioPlayer, class com.almasb.fxgl.notification.impl.NotificationServiceProvider, class com.almasb.fxgl.achievement.AchievementService, class com.almasb.fxgl.cutscene.CutsceneService, class com.almasb.fxgl.minigames.MiniGameService, class com.almasb.fxgl.net.NetService, class com.almasb.fxgl.app.services.UpdaterService, class com.almasb.fxgl.dev.DevService]
18:43:44.814 [FXGL Background Thread 3 ] DEBUG Engine               - fontGame: Abel-Regular.ttf
18:43:44.814 [FXGL Background Thread 3 ] DEBUG Engine               - fontMono: TerminalLandMono-Regular.otf
18:43:44.814 [FXGL Background Thread 3 ] DEBUG Engine               - fontText: Courier-Prime.ttf
18:43:44.814 [FXGL Background Thread 3 ] DEBUG Engine               - fontUI: VarelaRound-Regular.ttf
18:43:44.814 [FXGL Background Thread 3 ] DEBUG Engine               - fullScreen: BooleanProperty [value: false]
18:43:44.814 [FXGL Background Thread 3 ] DEBUG Engine               - gameDifficulty: MEDIUM
18:43:44.814 [FXGL Background Thread 3 ] DEBUG Engine               - gameDifficultyProperty: ObjectProperty [value: MEDIUM]
18:43:44.814 [FXGL Background Thread 3 ] DEBUG Engine               - globalMusicVolume: 0.5
18:43:44.815 [FXGL Background Thread 3 ] DEBUG Engine               - globalMusicVolumeProperty: DoubleProperty [value: 0.5]
18:43:44.815 [FXGL Background Thread 3 ] DEBUG Engine               - globalSoundVolume: 0.5
18:43:44.815 [FXGL Background Thread 3 ] DEBUG Engine               - globalSoundVolumeProperty: DoubleProperty [value: 0.5]
18:43:44.815 [FXGL Background Thread 3 ] DEBUG Engine               - height: 820
18:43:44.815 [FXGL Background Thread 3 ] DEBUG Engine               - is3D: false
18:43:44.815 [FXGL Background Thread 3 ] DEBUG Engine               - isAndroid: false
18:43:44.815 [FXGL Background Thread 3 ] DEBUG Engine               - isBrowser: false
18:43:44.816 [FXGL Background Thread 3 ] DEBUG Engine               - isClickFeedbackEnabled: false
18:43:44.816 [FXGL Background Thread 3 ] DEBUG Engine               - isCloseConfirmation: false
18:43:44.816 [FXGL Background Thread 3 ] DEBUG Engine               - isDesktop: true
18:43:44.816 [FXGL Background Thread 3 ] DEBUG Engine               - isDeveloperMenuEnabled: false
18:43:44.816 [FXGL Background Thread 3 ] DEBUG Engine               - isEmbedded: false
18:43:44.816 [FXGL Background Thread 3 ] DEBUG Engine               - isEntityPreloadEnabled: true
18:43:44.816 [FXGL Background Thread 3 ] DEBUG Engine               - isExperimentalTiledLargeMap: false
18:43:44.816 [FXGL Background Thread 3 ] DEBUG Engine               - isFileSystemWriteAllowed: true
18:43:44.816 [FXGL Background Thread 3 ] DEBUG Engine               - isFullScreenAllowed: false
18:43:44.816 [FXGL Background Thread 3 ] DEBUG Engine               - isFullScreenFromStart: false
18:43:44.817 [FXGL Background Thread 3 ] DEBUG Engine               - isGameMenuEnabled: false
18:43:44.817 [FXGL Background Thread 3 ] DEBUG Engine               - isIOS: false
18:43:44.817 [FXGL Background Thread 3 ] DEBUG Engine               - isIntroEnabled: false
18:43:44.817 [FXGL Background Thread 3 ] DEBUG Engine               - isLinux: false
18:43:44.817 [FXGL Background Thread 3 ] DEBUG Engine               - isMac: false
18:43:44.817 [FXGL Background Thread 3 ] DEBUG Engine               - isMainMenuEnabled: false
18:43:44.817 [FXGL Background Thread 3 ] DEBUG Engine               - isManualResizeEnabled: false
18:43:44.817 [FXGL Background Thread 3 ] DEBUG Engine               - isMobile: false
18:43:44.817 [FXGL Background Thread 3 ] DEBUG Engine               - isNative: false
18:43:44.817 [FXGL Background Thread 3 ] DEBUG Engine               - isPauseMusicWhenMinimized: true
18:43:44.818 [FXGL Background Thread 3 ] DEBUG Engine               - isPreserveResizeRatio: false
18:43:44.818 [FXGL Background Thread 3 ] DEBUG Engine               - isProfilingEnabled: false
18:43:44.818 [FXGL Background Thread 3 ] DEBUG Engine               - isScaleAffectedOnResize: true
18:43:44.818 [FXGL Background Thread 3 ] DEBUG Engine               - isSingleStep: false
18:43:44.818 [FXGL Background Thread 3 ] DEBUG Engine               - isUserProfileEnabled: false
18:43:44.818 [FXGL Background Thread 3 ] DEBUG Engine               - isWindows: true
18:43:44.818 [FXGL Background Thread 3 ] DEBUG Engine               - language: ObjectProperty [value: ENGLISH]
18:43:44.819 [FXGL Background Thread 3 ] DEBUG Engine               - menuKey: ESCAPE
18:43:44.819 [FXGL Background Thread 3 ] DEBUG Engine               - mouseSensitivity: 0.2
18:43:44.819 [FXGL Background Thread 3 ] DEBUG Engine               - notificationViewClass: class com.almasb.fxgl.notification.view.XboxNotificationView
18:43:44.819 [FXGL Background Thread 3 ] DEBUG Engine               - pixelsPerMeter: 50.0
18:43:44.819 [FXGL Background Thread 3 ] DEBUG Engine               - platform: WINDOWS
18:43:44.819 [FXGL Background Thread 3 ] DEBUG Engine               - prefHeightProperty: ReadOnlyDoubleProperty [value: 820.0]
18:43:44.819 [FXGL Background Thread 3 ] DEBUG Engine               - prefWidthProperty: ReadOnlyDoubleProperty [value: 1480.0]
18:43:44.819 [FXGL Background Thread 3 ] DEBUG Engine               - profileDir: profiles/
18:43:44.820 [FXGL Background Thread 3 ] DEBUG Engine               - profileName: StringProperty [value: DEFAULT]
18:43:44.820 [FXGL Background Thread 3 ] DEBUG Engine               - randomSeed: -1
18:43:44.820 [FXGL Background Thread 3 ] DEBUG Engine               - runtimeInfo: RuntimeInfo(platform=WINDOWS, version=17.2, build=20.08.2022 16.50)
18:43:44.820 [FXGL Background Thread 3 ] DEBUG Engine               - saveFileExt: sav
18:43:44.820 [FXGL Background Thread 3 ] DEBUG Engine               - scaledHeightProp$fxgl: DoubleProperty [bound, value: 815.0]
18:43:44.821 [FXGL Background Thread 3 ] DEBUG Engine               - scaledWidthProp$fxgl: DoubleProperty [bound, value: 1447.0]
18:43:44.821 [FXGL Background Thread 3 ] DEBUG Engine               - sceneFactory: com.almasb.fxgl.app.scene.SceneFactory@a79b317
18:43:44.821 [FXGL Background Thread 3 ] DEBUG Engine               - secondsIn24h: 60
18:43:44.821 [FXGL Background Thread 3 ] DEBUG Engine               - soundMenuBack: menu/back.wav
18:43:44.821 [FXGL Background Thread 3 ] DEBUG Engine               - soundMenuPress: menu/press.wav
18:43:44.821 [FXGL Background Thread 3 ] DEBUG Engine               - soundMenuSelect: menu/select.wav
18:43:44.821 [FXGL Background Thread 3 ] DEBUG Engine               - soundNotification: core/notification.wav
18:43:44.821 [FXGL Background Thread 3 ] DEBUG Engine               - stageStyle: DECORATED
18:43:44.821 [FXGL Background Thread 3 ] DEBUG Engine               - supportedLanguages: [ENGLISH, FRENCH, GERMAN, HUNGARIAN, RUSSIAN]
18:43:44.822 [FXGL Background Thread 3 ] DEBUG Engine               - ticksPerSecond: -1
18:43:44.822 [FXGL Background Thread 3 ] DEBUG Engine               - title: Untitled
18:43:44.822 [FXGL Background Thread 3 ] DEBUG Engine               - urlGithub: https://github.com/AlmasB/FXGL
18:43:44.822 [FXGL Background Thread 3 ] DEBUG Engine               - urlLeaderboard: http://fxgl-top.herokuapp.com/
18:43:44.822 [FXGL Background Thread 3 ] DEBUG Engine               - urlPOM: https://raw.githubusercontent.com/AlmasB/FXGL/release/README.md
18:43:44.822 [FXGL Background Thread 3 ] DEBUG Engine               - userAppClass: class edu.vanier.animals_revenge.MainApp
18:43:44.822 [FXGL Background Thread 3 ] DEBUG Engine               - version: 0.0
18:43:44.822 [FXGL Background Thread 3 ] DEBUG Engine               - versionCheckDays: 7
18:43:44.823 [FXGL Background Thread 3 ] DEBUG Engine               - width: 1480
18:43:44.823 [FXGL Background Thread 3 ] DEBUG Engine               - Logging services
18:43:44.823 [FXGL Background Thread 3 ] DEBUG Engine               - class com.almasb.fxgl.app.services.FXGLAssetLoaderService
18:43:44.823 [FXGL Background Thread 3 ] DEBUG Engine               - class com.almasb.fxgl.app.FXGLApplication$GameApplicationService
18:43:44.823 [FXGL Background Thread 3 ] DEBUG Engine               - class com.almasb.fxgl.app.services.FXGLDialogService
18:43:44.823 [FXGL Background Thread 3 ] DEBUG Engine               - class com.almasb.fxgl.app.services.IOTaskExecutorService
18:43:44.823 [FXGL Background Thread 3 ] DEBUG Engine               - class com.almasb.fxgl.io.FileSystemService
18:43:44.823 [FXGL Background Thread 3 ] DEBUG Engine               - class com.almasb.fxgl.localization.LocalizationService
18:43:44.823 [FXGL Background Thread 3 ] DEBUG Engine               - class com.almasb.fxgl.app.services.SystemBundleService
18:43:44.823 [FXGL Background Thread 3 ] DEBUG Engine               - class com.almasb.fxgl.profile.SaveLoadService
18:43:44.824 [FXGL Background Thread 3 ] DEBUG Engine               - class com.almasb.fxgl.ui.FXGLUIFactoryServiceProvider
18:43:44.824 [FXGL Background Thread 3 ] DEBUG Engine               - class com.almasb.fxgl.ui.FXGLDialogFactoryServiceProvider
18:43:44.824 [FXGL Background Thread 3 ] DEBUG Engine               - class com.almasb.fxgl.audio.AudioPlayer
18:43:44.824 [FXGL Background Thread 3 ] DEBUG Engine               - class com.almasb.fxgl.notification.impl.NotificationServiceProvider
18:43:44.824 [FXGL Background Thread 3 ] DEBUG Engine               - class com.almasb.fxgl.achievement.AchievementService
18:43:44.824 [FXGL Background Thread 3 ] DEBUG Engine               - class com.almasb.fxgl.cutscene.CutsceneService
18:43:44.824 [FXGL Background Thread 3 ] DEBUG Engine               - class com.almasb.fxgl.minigames.MiniGameService
18:43:44.824 [FXGL Background Thread 3 ] DEBUG Engine               - class com.almasb.fxgl.net.NetService
18:43:44.824 [FXGL Background Thread 3 ] DEBUG Engine               - class com.almasb.fxgl.app.services.UpdaterService
18:43:44.824 [FXGL Background Thread 3 ] DEBUG Engine               - class com.almasb.fxgl.dev.DevService
18:44:15.670 [JavaFX Application Thread] DEBUG FXGLAssetLoaderServi - Loading from file system: file:/C:/Users/anton/OneDrive/Documents/GitHub/animals-revenge/build/resources/main/assets/ui/Setting.fxml
18:44:29.544 [JavaFX Application Thread] DEBUG FXGLApplication      - Exiting FXGL
18:44:29.544 [JavaFX Application Thread] DEBUG LoopRunner           - Stopping loop
18:44:29.544 [JavaFX Application Thread] DEBUG SystemBundleService  - Saving FXGL system data
18:44:29.551 [JavaFX Application Thread] DEBUG FileSystemAccess     - Writing to: C:\Users\anton\OneDrive\Documents\GitHub\animals-revenge\system\fxgl.bundle
18:44:29.556 [JavaFX Application Thread] DEBUG Async                - Shutting down background threads
18:44:29.557 [JavaFX Application Thread] DEBUG PrimaryStageWindow   - Closing main window
18:44:29.585 [JavaFX Application Thread] DEBUG Logger               - Closing Logger
