21:51:41.999 [main                     ] DEBUG Logger               - Configured Logger
21:51:42.008 [main                     ] DEBUG GameApplication      - Logging settings
Title: Untitled
Version: 0.0
Width: 1480
Height: 820
Fullscreen: false
Intro: false
Profiling: false
Single step:false
App Mode: DEVELOPER
Menu Key: ESCAPE
Stage Style: DECORATED
Scene Factory: class com.almasb.fxgl.app.scene.SceneFactory

21:51:42.228 [JavaFX Application Thread] DEBUG FXGLApplication      - Initializing FXGL
21:51:42.231 [JavaFX Application Thread] INFO  Engine               - FXGL-17.2 (20.08.2022 16.50) on WINDOWS (J:18.0.2.1 FX:20.0.2)
21:51:42.232 [JavaFX Application Thread] DEBUG Engine               - JRE Vendor Name: Oracle Corporation
21:51:42.232 [JavaFX Application Thread] DEBUG Engine               - Running on OS: Windows 11 version 10.0
21:51:42.232 [JavaFX Application Thread] DEBUG Engine               - Architecture: amd64
21:51:42.232 [JavaFX Application Thread] INFO  Engine               - Source code and latest versions at: https://github.com/AlmasB/FXGL
21:51:42.232 [JavaFX Application Thread] INFO  Engine               -       Ask questions and discuss at: https://github.com/AlmasB/FXGL/discussions
21:51:42.232 [JavaFX Application Thread] INFO  Engine               -              Join the FXGL chat at: https://gitter.im/AlmasB/FXGL
21:51:42.296 [JavaFX Application Thread] DEBUG PrimaryStageWindow   - Creating a JavaFX scene
21:51:42.326 [JavaFX Application Thread] DEBUG PrimaryStageWindow   - Target settings size: 1480.0 x 820.0
21:51:42.326 [JavaFX Application Thread] DEBUG PrimaryStageWindow   - Scaled scene size:    1480.0 x 820.0
21:51:42.326 [JavaFX Application Thread] DEBUG PrimaryStageWindow   - Scaled ratio: (1.0, 1.0)
21:51:42.327 [JavaFX Application Thread] DEBUG PrimaryStageWindow   - Set initial scene to FXGLStartupScene
21:51:42.330 [JavaFX Application Thread] DEBUG PrimaryStageWindow   - Opening main window
21:51:42.386 [JavaFX Application Thread] DEBUG PrimaryStageWindow   - Window border size: (16.0, 39.0)
21:51:42.386 [JavaFX Application Thread] DEBUG PrimaryStageWindow   - Scaled size: 1480.0 x 820.0
21:51:42.387 [JavaFX Application Thread] DEBUG PrimaryStageWindow   - Scaled ratio: (1.0, 1.0)
21:51:42.387 [JavaFX Application Thread] DEBUG PrimaryStageWindow   - Scene size: 1480.0 x 820.0
21:51:42.387 [JavaFX Application Thread] DEBUG PrimaryStageWindow   - Stage size: 1496.0 x 859.0
21:51:42.391 [FXGL Background Thread 1 ] DEBUG Engine               - Initializing environment variables
21:51:42.419 [FXGL Background Thread 1 ] DEBUG FXGLAssetLoaderServi - User app class for loading assets: class edu.vanier.animals_revenge.MainApp
21:51:42.419 [FXGL Background Thread 1 ] DEBUG GameApplicationServi - Applying CSS: fxgl_dark.css
21:51:42.420 [FXGL Background Thread 1 ] DEBUG FXGLAssetLoaderServi - Loading from file system: jar:file:/C:/Users/ethan/.gradle/caches/modules-2/files-2.1/com.github.almasb/fxgl/17.2/35db6ae960eec2dcfd19262d3b7f9c42f0e95bc3/fxgl-17.2.jar!/fxglassets/ui/css/fxgl_dark.css
21:51:42.445 [FXGL Background Thread 1 ] DEBUG GameApplicationServi - Initializing application scenes
21:51:42.467 [FXGL Background Thread 1 ] DEBUG GameWorld            - Game world initialized
21:51:42.507 [FXGL Background Thread 1 ] DEBUG PhysicsWorld         - Physics world initialized: appHeight=820, physics.ppm=50.0
21:51:42.507 [FXGL Background Thread 1 ] DEBUG PhysicsWorld         - Using strategy: BRUTE_FORCE
21:51:42.509 [FXGL Background Thread 1 ] DEBUG GameScene            - Game scene initialized: 1480x820
21:51:42.509 [FXGL Background Thread 1 ] DEBUG GameApplicationServi - Application scenes initialized
21:51:42.520 [FXGL Background Thread 1 ] DEBUG SystemBundleService  - Loading FXGL system data
21:51:42.523 [FXGL Background Thread 1 ] DEBUG FileSystemAccess     - Reading from: C:\Users\ethan\Downloads\animals-revenge\system\fxgl.bundle
21:51:42.528 [FXGL Background Thread 1 ] DEBUG SystemBundleService  - Bundle FXGL: {}
21:51:42.528 [FXGL Background Thread 1 ] DEBUG UpdaterService       - Checking for updates
21:51:42.532 [FXGL Background Thread 4 ] DEBUG FXGLApplication      - Loading fonts
21:51:42.532 [FXGL Background Thread 4 ] DEBUG FXGLAssetLoaderServi - Loading from file system: jar:file:/C:/Users/ethan/.gradle/caches/modules-2/files-2.1/com.github.almasb/fxgl/17.2/35db6ae960eec2dcfd19262d3b7f9c42f0e95bc3/fxgl-17.2.jar!/fxglassets/ui/fonts/VarelaRound-Regular.ttf
21:51:42.532 [FXGL Background Thread 1 ] DEBUG FXGLApplication      - Loading default localization
21:51:42.533 [FXGL Background Thread 1 ] DEBUG FXGLAssetLoaderServi - Loading from file system: jar:file:/C:/Users/ethan/.gradle/caches/modules-2/files-2.1/com.github.almasb/fxgl/17.2/35db6ae960eec2dcfd19262d3b7f9c42f0e95bc3/fxgl-17.2.jar!/fxglassets/languages/english.lang
21:51:42.551 [FXGL Background Thread 1 ] INFO  FXGLApplication      - FXGL initialization took: 0.161 sec
21:51:42.555 [JavaFX Application Thread] DEBUG Input                - Registered new binding: Launch - RMB
21:51:42.555 [JavaFX Application Thread] DEBUG Input                - Registered new binding: Create - LMB
21:51:42.555 [JavaFX Application Thread] DEBUG Input                - Registered new binding: Drag - CTRL+LMB
21:51:42.555 [JavaFX Application Thread] DEBUG FXGLAssetLoaderServi - Loading from file system: jar:file:/C:/Users/ethan/.gradle/caches/modules-2/files-2.1/com.github.almasb/fxgl/17.2/35db6ae960eec2dcfd19262d3b7f9c42f0e95bc3/fxgl-17.2.jar!/fxglassets/textures/fxgl_icon.png
21:51:42.565 [FXGL Background Thread 4 ] DEBUG FXGLAssetLoaderServi - Loading from file system: jar:file:/C:/Users/ethan/.gradle/caches/modules-2/files-2.1/com.github.almasb/fxgl/17.2/35db6ae960eec2dcfd19262d3b7f9c42f0e95bc3/fxgl-17.2.jar!/fxglassets/ui/fonts/Abel-Regular.ttf
21:51:42.570 [FXGL Background Thread 4 ] DEBUG FXGLAssetLoaderServi - Loading from file system: jar:file:/C:/Users/ethan/.gradle/caches/modules-2/files-2.1/com.github.almasb/fxgl/17.2/35db6ae960eec2dcfd19262d3b7f9c42f0e95bc3/fxgl-17.2.jar!/fxglassets/ui/fonts/TerminalLandMono-Regular.otf
21:51:42.576 [FXGL Background Thread 4 ] DEBUG FXGLAssetLoaderServi - Loading from file system: jar:file:/C:/Users/ethan/.gradle/caches/modules-2/files-2.1/com.github.almasb/fxgl/17.2/35db6ae960eec2dcfd19262d3b7f9c42f0e95bc3/fxgl-17.2.jar!/fxglassets/ui/fonts/Courier-Prime.ttf
21:51:42.584 [JavaFX Application Thread] DEBUG FXGLAssetLoaderServi - Loading from file system: jar:file:/C:/Users/ethan/.gradle/caches/modules-2/files-2.1/com.github.almasb/fxgl/17.2/35db6ae960eec2dcfd19262d3b7f9c42f0e95bc3/fxgl-17.2.jar!/fxglassets/textures/fxgl_default_cursor.png
21:51:42.594 [JavaFX Application Thread] DEBUG Input                - Registered new binding: Screenshot - CTRL+8
21:51:42.594 [JavaFX Application Thread] DEBUG Input                - Registered new binding: System info dump - CTRL+9
21:51:42.595 [JavaFX Application Thread] DEBUG Input                - Registered new binding: Restart - CTRL+R
21:51:42.595 [JavaFX Application Thread] DEBUG Input                - Registered new binding: Toggle Debug Camera - CTRL+7
21:51:42.598 [JavaFX Application Thread] DEBUG LoopRunner           - Starting loop
21:51:42.598 [JavaFX Application Thread] DEBUG LoopRunner           - Initializing JavaFX AnimationTimerLoop
21:51:42.599 [JavaFX Application Thread] DEBUG GameApplicationServi - Starting new game
21:51:42.599 [JavaFX Application Thread] DEBUG Input                - Clearing active input actions
21:51:42.608 [JavaFX Application Thread] DEBUG GameApplicationServi - Removing overlay from FXGLStartupScene and adding to FXGLLoadingScene
21:51:42.608 [JavaFX Application Thread] DEBUG PrimaryStageWindow   - FXGLStartupScene -> FXGLLoadingScene
21:51:42.608 [JavaFX Application Thread] DEBUG GameApplicationServi - Clearing previous game
21:51:42.608 [JavaFX Application Thread] DEBUG GameScene            - Clearing game scene
21:51:42.608 [JavaFX Application Thread] DEBUG GameWorld            - Clearing game world
21:51:42.608 [JavaFX Application Thread] DEBUG PhysicsWorld         - Clearing physics world
21:51:42.610 [FXGL Background Thread 4 ] DEBUG FXGLApplication      - Initializing game
21:51:42.611 [JavaFX Application Thread] DEBUG FXGLApplication      - Registering font factories with UI factory
21:51:42.635 [FXGL Background Thread 4 ] DEBUG FXGLAssetLoaderServi - Loading from file system: file:/C:/Users/ethan/Downloads/animals-revenge/build/resources/main/assets/ui/Home.fxml
21:51:42.884 [FXGL Background Thread 2 ] INFO  UpdaterService       - Your current version:  17.2
21:51:42.885 [FXGL Background Thread 2 ] INFO  UpdaterService       - Latest stable version: 17.3
21:51:42.893 [FXGL Background Thread 4 ] INFO  FXGLApplication      - Game initialization took: 0.283 sec
21:51:42.897 [JavaFX Application Thread] DEBUG Input                - Clearing active input actions
21:51:42.905 [JavaFX Application Thread] DEBUG GameApplicationServi - Removing overlay from FXGLLoadingScene and adding to GameScene
21:51:42.905 [JavaFX Application Thread] DEBUG PrimaryStageWindow   - FXGLLoadingScene -> GameScene
21:51:43.420 [JavaFX Application Thread] DEBUG FXGLAssetLoaderServi - Loading from file system: file:/C:/Users/ethan/Downloads/animals-revenge/build/resources/main/assets/ui/Simulator.fxml
21:51:43.471 [JavaFX Application Thread] DEBUG FXGLAssetLoaderServi - Loading from file system: file:/C:/Users/ethan/Downloads/animals-revenge/build/resources/main/assets/textures/cannon.png
21:51:45.533 [FXGL Background Thread 3 ] DEBUG Engine               - Logging environment variables
21:51:45.533 [FXGL Background Thread 3 ] DEBUG Engine               - achievements: []
21:51:45.533 [FXGL Background Thread 3 ] DEBUG Engine               - actualHeight: 820.0
21:51:45.533 [FXGL Background Thread 3 ] DEBUG Engine               - actualHeightProperty: ReadOnlyDoubleProperty [value: 820.0]
21:51:45.533 [FXGL Background Thread 3 ] DEBUG Engine               - actualWidth: 1480.0
21:51:45.533 [FXGL Background Thread 3 ] DEBUG Engine               - actualWidthProperty: ReadOnlyDoubleProperty [value: 1480.0]
21:51:45.533 [FXGL Background Thread 3 ] DEBUG Engine               - appIcon: fxgl_icon.png
21:51:45.533 [FXGL Background Thread 3 ] DEBUG Engine               - applicationMode: DEVELOPER
21:51:45.533 [FXGL Background Thread 3 ] DEBUG Engine               - cSSList: [fxgl_dark.css]
21:51:45.533 [FXGL Background Thread 3 ] DEBUG Engine               - collisionDetectionStrategy: BRUTE_FORCE
21:51:45.533 [FXGL Background Thread 3 ] DEBUG Engine               - configClass: Optional.empty
21:51:45.533 [FXGL Background Thread 3 ] DEBUG Engine               - credits: []
21:51:45.534 [FXGL Background Thread 3 ] DEBUG Engine               - defaultCursor: CursorInfo(imageName=fxgl_default_cursor.png, hotspotX=7.0, hotspotY=6.0)
21:51:45.534 [FXGL Background Thread 3 ] DEBUG Engine               - devBBoxColorProperty: ObjectProperty [value: 0xff0000ff]
21:51:45.534 [FXGL Background Thread 3 ] DEBUG Engine               - devEnableDebugCameraProperty: BooleanProperty [value: false]
21:51:45.535 [FXGL Background Thread 3 ] DEBUG Engine               - devSensorColorProperty: ObjectProperty [value: 0xffff00ff]
21:51:45.535 [FXGL Background Thread 3 ] DEBUG Engine               - devShowBBoxProperty: BooleanProperty [value: false]
21:51:45.535 [FXGL Background Thread 3 ] DEBUG Engine               - devShowPositionProperty: BooleanProperty [value: false]
21:51:45.535 [FXGL Background Thread 3 ] DEBUG Engine               - enabledMenuItems: []
21:51:45.535 [FXGL Background Thread 3 ] DEBUG Engine               - engineServices: [class com.almasb.fxgl.app.services.FXGLAssetLoaderService, class com.almasb.fxgl.app.FXGLApplication$GameApplicationService, class com.almasb.fxgl.app.services.FXGLDialogService, class com.almasb.fxgl.app.services.IOTaskExecutorService, class com.almasb.fxgl.io.FileSystemService, class com.almasb.fxgl.localization.LocalizationService, class com.almasb.fxgl.app.services.SystemBundleService, class com.almasb.fxgl.profile.SaveLoadService, class com.almasb.fxgl.ui.FXGLUIFactoryServiceProvider, class com.almasb.fxgl.ui.FXGLDialogFactoryServiceProvider, class com.almasb.fxgl.audio.AudioPlayer, class com.almasb.fxgl.notification.impl.NotificationServiceProvider, class com.almasb.fxgl.achievement.AchievementService, class com.almasb.fxgl.cutscene.CutsceneService, class com.almasb.fxgl.minigames.MiniGameService, class com.almasb.fxgl.net.NetService, class com.almasb.fxgl.app.services.UpdaterService, class com.almasb.fxgl.dev.DevService]
21:51:45.535 [FXGL Background Thread 3 ] DEBUG Engine               - fontGame: Abel-Regular.ttf
21:51:45.535 [FXGL Background Thread 3 ] DEBUG Engine               - fontMono: TerminalLandMono-Regular.otf
21:51:45.535 [FXGL Background Thread 3 ] DEBUG Engine               - fontText: Courier-Prime.ttf
21:51:45.535 [FXGL Background Thread 3 ] DEBUG Engine               - fontUI: VarelaRound-Regular.ttf
21:51:45.535 [FXGL Background Thread 3 ] DEBUG Engine               - fullScreen: BooleanProperty [value: false]
21:51:45.535 [FXGL Background Thread 3 ] DEBUG Engine               - gameDifficulty: MEDIUM
21:51:45.535 [FXGL Background Thread 3 ] DEBUG Engine               - gameDifficultyProperty: ObjectProperty [value: MEDIUM]
21:51:45.535 [FXGL Background Thread 3 ] DEBUG Engine               - globalMusicVolume: 0.5
21:51:45.535 [FXGL Background Thread 3 ] DEBUG Engine               - globalMusicVolumeProperty: DoubleProperty [value: 0.5]
21:51:45.535 [FXGL Background Thread 3 ] DEBUG Engine               - globalSoundVolume: 0.5
21:51:45.535 [FXGL Background Thread 3 ] DEBUG Engine               - globalSoundVolumeProperty: DoubleProperty [value: 0.5]
21:51:45.535 [FXGL Background Thread 3 ] DEBUG Engine               - height: 820
21:51:45.535 [FXGL Background Thread 3 ] DEBUG Engine               - is3D: false
21:51:45.535 [FXGL Background Thread 3 ] DEBUG Engine               - isAndroid: false
21:51:45.535 [FXGL Background Thread 3 ] DEBUG Engine               - isBrowser: false
21:51:45.535 [FXGL Background Thread 3 ] DEBUG Engine               - isClickFeedbackEnabled: false
21:51:45.535 [FXGL Background Thread 3 ] DEBUG Engine               - isCloseConfirmation: false
21:51:45.535 [FXGL Background Thread 3 ] DEBUG Engine               - isDesktop: true
21:51:45.535 [FXGL Background Thread 3 ] DEBUG Engine               - isDeveloperMenuEnabled: false
21:51:45.535 [FXGL Background Thread 3 ] DEBUG Engine               - isEmbedded: false
21:51:45.535 [FXGL Background Thread 3 ] DEBUG Engine               - isEntityPreloadEnabled: true
21:51:45.535 [FXGL Background Thread 3 ] DEBUG Engine               - isExperimentalTiledLargeMap: false
21:51:45.535 [FXGL Background Thread 3 ] DEBUG Engine               - isFileSystemWriteAllowed: true
21:51:45.536 [FXGL Background Thread 3 ] DEBUG Engine               - isFullScreenAllowed: false
21:51:45.536 [FXGL Background Thread 3 ] DEBUG Engine               - isFullScreenFromStart: false
21:51:45.536 [FXGL Background Thread 3 ] DEBUG Engine               - isGameMenuEnabled: false
21:51:45.536 [FXGL Background Thread 3 ] DEBUG Engine               - isIOS: false
21:51:45.536 [FXGL Background Thread 3 ] DEBUG Engine               - isIntroEnabled: false
21:51:45.536 [FXGL Background Thread 3 ] DEBUG Engine               - isLinux: false
21:51:45.536 [FXGL Background Thread 3 ] DEBUG Engine               - isMac: false
21:51:45.536 [FXGL Background Thread 3 ] DEBUG Engine               - isMainMenuEnabled: false
21:51:45.536 [FXGL Background Thread 3 ] DEBUG Engine               - isManualResizeEnabled: false
21:51:45.536 [FXGL Background Thread 3 ] DEBUG Engine               - isMobile: false
21:51:45.536 [FXGL Background Thread 3 ] DEBUG Engine               - isNative: false
21:51:45.536 [FXGL Background Thread 3 ] DEBUG Engine               - isPauseMusicWhenMinimized: true
21:51:45.536 [FXGL Background Thread 3 ] DEBUG Engine               - isPreserveResizeRatio: false
21:51:45.536 [FXGL Background Thread 3 ] DEBUG Engine               - isProfilingEnabled: false
21:51:45.536 [FXGL Background Thread 3 ] DEBUG Engine               - isScaleAffectedOnResize: true
21:51:45.536 [FXGL Background Thread 3 ] DEBUG Engine               - isSingleStep: false
21:51:45.536 [FXGL Background Thread 3 ] DEBUG Engine               - isUserProfileEnabled: false
21:51:45.536 [FXGL Background Thread 3 ] DEBUG Engine               - isWindows: true
21:51:45.536 [FXGL Background Thread 3 ] DEBUG Engine               - language: ObjectProperty [value: ENGLISH]
21:51:45.536 [FXGL Background Thread 3 ] DEBUG Engine               - menuKey: ESCAPE
21:51:45.536 [FXGL Background Thread 3 ] DEBUG Engine               - mouseSensitivity: 0.2
21:51:45.536 [FXGL Background Thread 3 ] DEBUG Engine               - notificationViewClass: class com.almasb.fxgl.notification.view.XboxNotificationView
21:51:45.536 [FXGL Background Thread 3 ] DEBUG Engine               - pixelsPerMeter: 50.0
21:51:45.536 [FXGL Background Thread 3 ] DEBUG Engine               - platform: WINDOWS
21:51:45.536 [FXGL Background Thread 3 ] DEBUG Engine               - prefHeightProperty: ReadOnlyDoubleProperty [value: 820.0]
21:51:45.536 [FXGL Background Thread 3 ] DEBUG Engine               - prefWidthProperty: ReadOnlyDoubleProperty [value: 1480.0]
21:51:45.536 [FXGL Background Thread 3 ] DEBUG Engine               - profileDir: profiles/
21:51:45.536 [FXGL Background Thread 3 ] DEBUG Engine               - profileName: StringProperty [value: DEFAULT]
21:51:45.536 [FXGL Background Thread 3 ] DEBUG Engine               - randomSeed: -1
21:51:45.536 [FXGL Background Thread 3 ] DEBUG Engine               - runtimeInfo: RuntimeInfo(platform=WINDOWS, version=17.2, build=20.08.2022 16.50)
21:51:45.536 [FXGL Background Thread 3 ] DEBUG Engine               - saveFileExt: sav
21:51:45.537 [FXGL Background Thread 3 ] DEBUG Engine               - scaledHeightProp$fxgl: DoubleProperty [bound, value: 820.0]
21:51:45.537 [FXGL Background Thread 3 ] DEBUG Engine               - scaledWidthProp$fxgl: DoubleProperty [bound, value: 1480.0]
21:51:45.537 [FXGL Background Thread 3 ] DEBUG Engine               - sceneFactory: com.almasb.fxgl.app.scene.SceneFactory@43758424
21:51:45.537 [FXGL Background Thread 3 ] DEBUG Engine               - secondsIn24h: 60
21:51:45.537 [FXGL Background Thread 3 ] DEBUG Engine               - soundMenuBack: menu/back.wav
21:51:45.537 [FXGL Background Thread 3 ] DEBUG Engine               - soundMenuPress: menu/press.wav
21:51:45.537 [FXGL Background Thread 3 ] DEBUG Engine               - soundMenuSelect: menu/select.wav
21:51:45.537 [FXGL Background Thread 3 ] DEBUG Engine               - soundNotification: core/notification.wav
21:51:45.537 [FXGL Background Thread 3 ] DEBUG Engine               - stageStyle: DECORATED
21:51:45.537 [FXGL Background Thread 3 ] DEBUG Engine               - supportedLanguages: [ENGLISH, FRENCH, GERMAN, HUNGARIAN, RUSSIAN]
21:51:45.537 [FXGL Background Thread 3 ] DEBUG Engine               - ticksPerSecond: -1
21:51:45.537 [FXGL Background Thread 3 ] DEBUG Engine               - title: Untitled
21:51:45.537 [FXGL Background Thread 3 ] DEBUG Engine               - urlGithub: https://github.com/AlmasB/FXGL
21:51:45.537 [FXGL Background Thread 3 ] DEBUG Engine               - urlLeaderboard: http://fxgl-top.herokuapp.com/
21:51:45.537 [FXGL Background Thread 3 ] DEBUG Engine               - urlPOM: https://raw.githubusercontent.com/AlmasB/FXGL/release/README.md
21:51:45.537 [FXGL Background Thread 3 ] DEBUG Engine               - userAppClass: class edu.vanier.animals_revenge.MainApp
21:51:45.537 [FXGL Background Thread 3 ] DEBUG Engine               - version: 0.0
21:51:45.537 [FXGL Background Thread 3 ] DEBUG Engine               - versionCheckDays: 7
21:51:45.537 [FXGL Background Thread 3 ] DEBUG Engine               - width: 1480
21:51:45.537 [FXGL Background Thread 3 ] DEBUG Engine               - Logging services
21:51:45.537 [FXGL Background Thread 3 ] DEBUG Engine               - class com.almasb.fxgl.app.services.FXGLAssetLoaderService
21:51:45.537 [FXGL Background Thread 3 ] DEBUG Engine               - class com.almasb.fxgl.app.FXGLApplication$GameApplicationService
21:51:45.537 [FXGL Background Thread 3 ] DEBUG Engine               - class com.almasb.fxgl.app.services.FXGLDialogService
21:51:45.537 [FXGL Background Thread 3 ] DEBUG Engine               - class com.almasb.fxgl.app.services.IOTaskExecutorService
21:51:45.537 [FXGL Background Thread 3 ] DEBUG Engine               - class com.almasb.fxgl.io.FileSystemService
21:51:45.537 [FXGL Background Thread 3 ] DEBUG Engine               - class com.almasb.fxgl.localization.LocalizationService
21:51:45.537 [FXGL Background Thread 3 ] DEBUG Engine               - class com.almasb.fxgl.app.services.SystemBundleService
21:51:45.537 [FXGL Background Thread 3 ] DEBUG Engine               - class com.almasb.fxgl.profile.SaveLoadService
21:51:45.537 [FXGL Background Thread 3 ] DEBUG Engine               - class com.almasb.fxgl.ui.FXGLUIFactoryServiceProvider
21:51:45.537 [FXGL Background Thread 3 ] DEBUG Engine               - class com.almasb.fxgl.ui.FXGLDialogFactoryServiceProvider
21:51:45.537 [FXGL Background Thread 3 ] DEBUG Engine               - class com.almasb.fxgl.audio.AudioPlayer
21:51:45.537 [FXGL Background Thread 3 ] DEBUG Engine               - class com.almasb.fxgl.notification.impl.NotificationServiceProvider
21:51:45.537 [FXGL Background Thread 3 ] DEBUG Engine               - class com.almasb.fxgl.achievement.AchievementService
21:51:45.537 [FXGL Background Thread 3 ] DEBUG Engine               - class com.almasb.fxgl.cutscene.CutsceneService
21:51:45.537 [FXGL Background Thread 3 ] DEBUG Engine               - class com.almasb.fxgl.minigames.MiniGameService
21:51:45.537 [FXGL Background Thread 3 ] DEBUG Engine               - class com.almasb.fxgl.net.NetService
21:51:45.537 [FXGL Background Thread 3 ] DEBUG Engine               - class com.almasb.fxgl.app.services.UpdaterService
21:51:45.537 [FXGL Background Thread 3 ] DEBUG Engine               - class com.almasb.fxgl.dev.DevService
21:51:47.321 [JavaFX Application Thread] DEBUG FXGLAssetLoaderServi - Loading from file system: file:/C:/Users/ethan/Downloads/animals-revenge/build/resources/main/assets/textures/soccer.png
21:51:59.311 [JavaFX Application Thread] DEBUG FXGLApplication      - Exiting FXGL
21:51:59.311 [JavaFX Application Thread] DEBUG LoopRunner           - Stopping loop
21:51:59.311 [JavaFX Application Thread] DEBUG SystemBundleService  - Saving FXGL system data
21:51:59.313 [JavaFX Application Thread] DEBUG FileSystemAccess     - Writing to: C:\Users\ethan\Downloads\animals-revenge\system\fxgl.bundle
21:51:59.314 [JavaFX Application Thread] DEBUG Async                - Shutting down background threads
21:51:59.314 [JavaFX Application Thread] DEBUG PrimaryStageWindow   - Closing main window
21:51:59.323 [JavaFX Application Thread] DEBUG Logger               - Closing Logger
