23:59:37.123 [main                     ] DEBUG Logger               - Configured Logger
23:59:37.134 [main                     ] DEBUG GameApplication      - Logging settings
Title: Untitled
Version: 0.0
Width: 1480
Height: 820
Fullscreen: false
Intro: false
Profiling: false
Single step:false
App Mode: DEVELOPER
Menu Key: ESCAPE
Stage Style: DECORATED
Scene Factory: class com.almasb.fxgl.app.scene.SceneFactory

23:59:37.371 [JavaFX Application Thread] DEBUG FXGLApplication      - Initializing FXGL
23:59:37.376 [JavaFX Application Thread] INFO  Engine               - FXGL-17.2 (20.08.2022 16.50) on WINDOWS (J:18.0.2.1 FX:20.0.2)
23:59:37.376 [JavaFX Application Thread] DEBUG Engine               - JRE Vendor Name: Oracle Corporation
23:59:37.377 [JavaFX Application Thread] DEBUG Engine               - Running on OS: Windows 11 version 10.0
23:59:37.377 [JavaFX Application Thread] DEBUG Engine               - Architecture: amd64
23:59:37.377 [JavaFX Application Thread] INFO  Engine               - Source code and latest versions at: https://github.com/AlmasB/FXGL
23:59:37.378 [JavaFX Application Thread] INFO  Engine               -       Ask questions and discuss at: https://github.com/AlmasB/FXGL/discussions
23:59:37.378 [JavaFX Application Thread] INFO  Engine               -              Join the FXGL chat at: https://gitter.im/AlmasB/FXGL
23:59:37.427 [JavaFX Application Thread] DEBUG PrimaryStageWindow   - Creating a JavaFX scene
23:59:37.427 [JavaFX Application Thread] DEBUG PrimaryStageWindow   - Target size > screen size
23:59:37.457 [JavaFX Application Thread] DEBUG PrimaryStageWindow   - Target settings size: 1480.0 x 820.0
23:59:37.458 [JavaFX Application Thread] DEBUG PrimaryStageWindow   - Scaled scene size:    1415.0 x 797.0
23:59:37.458 [JavaFX Application Thread] DEBUG PrimaryStageWindow   - Scaled ratio: (0.956081081081081, 0.9719512195121951)
23:59:37.459 [JavaFX Application Thread] DEBUG PrimaryStageWindow   - Set initial scene to FXGLStartupScene
23:59:37.462 [JavaFX Application Thread] DEBUG PrimaryStageWindow   - Opening main window
23:59:37.515 [JavaFX Application Thread] DEBUG PrimaryStageWindow   - Window border size: (13.0, 35.5)
23:59:37.515 [JavaFX Application Thread] DEBUG PrimaryStageWindow   - Scaled size: 1415.0 x 797.0
23:59:37.515 [JavaFX Application Thread] DEBUG PrimaryStageWindow   - Scaled ratio: (0.956081081081081, 0.9719512195121951)
23:59:37.515 [JavaFX Application Thread] DEBUG PrimaryStageWindow   - Scene size: 1415.0 x 797.0
23:59:37.516 [JavaFX Application Thread] DEBUG PrimaryStageWindow   - Stage size: 1428.0 x 832.5
23:59:37.520 [FXGL Background Thread 1 ] DEBUG Engine               - Initializing environment variables
23:59:37.548 [FXGL Background Thread 1 ] DEBUG FXGLAssetLoaderServi - User app class for loading assets: class edu.vanier.animals_revenge.MainApp
23:59:37.548 [FXGL Background Thread 1 ] DEBUG GameApplicationServi - Applying CSS: fxgl_dark.css
23:59:37.549 [FXGL Background Thread 1 ] DEBUG FXGLAssetLoaderServi - Loading from file system: jar:file:/C:/Users/macke/.gradle/caches/modules-2/files-2.1/com.github.almasb/fxgl/17.2/35db6ae960eec2dcfd19262d3b7f9c42f0e95bc3/fxgl-17.2.jar!/fxglassets/ui/css/fxgl_dark.css
23:59:37.580 [FXGL Background Thread 1 ] DEBUG GameApplicationServi - Initializing application scenes
23:59:37.613 [FXGL Background Thread 1 ] DEBUG GameWorld            - Game world initialized
23:59:37.653 [FXGL Background Thread 1 ] DEBUG PhysicsWorld         - Physics world initialized: appHeight=820, physics.ppm=50.0
23:59:37.653 [FXGL Background Thread 1 ] DEBUG PhysicsWorld         - Using strategy: BRUTE_FORCE
23:59:37.656 [FXGL Background Thread 1 ] DEBUG GameScene            - Game scene initialized: 1480x820
23:59:37.656 [FXGL Background Thread 1 ] DEBUG GameApplicationServi - Application scenes initialized
23:59:37.669 [FXGL Background Thread 1 ] DEBUG SystemBundleService  - Loading FXGL system data
23:59:37.672 [FXGL Background Thread 1 ] DEBUG FileSystemAccess     - Reading from: C:\Users\macke\OneDrive\Documents\School\Semester 3\Programming in a Graphical User Interface\Homework\animals-revenge\system\fxgl.bundle
23:59:37.680 [FXGL Background Thread 1 ] DEBUG SystemBundleService  - Bundle FXGL: {}
23:59:37.680 [FXGL Background Thread 1 ] DEBUG UpdaterService       - Checking for updates
23:59:37.686 [FXGL Background Thread 4 ] DEBUG FXGLApplication      - Loading fonts
23:59:37.686 [FXGL Background Thread 1 ] DEBUG FXGLApplication      - Loading default localization
23:59:37.687 [FXGL Background Thread 4 ] DEBUG FXGLAssetLoaderServi - Loading from file system: jar:file:/C:/Users/macke/.gradle/caches/modules-2/files-2.1/com.github.almasb/fxgl/17.2/35db6ae960eec2dcfd19262d3b7f9c42f0e95bc3/fxgl-17.2.jar!/fxglassets/ui/fonts/VarelaRound-Regular.ttf
23:59:37.687 [FXGL Background Thread 1 ] DEBUG FXGLAssetLoaderServi - Loading from file system: jar:file:/C:/Users/macke/.gradle/caches/modules-2/files-2.1/com.github.almasb/fxgl/17.2/35db6ae960eec2dcfd19262d3b7f9c42f0e95bc3/fxgl-17.2.jar!/fxglassets/languages/english.lang
23:59:37.714 [FXGL Background Thread 1 ] INFO  FXGLApplication      - FXGL initialization took: 0.194 sec
23:59:37.717 [JavaFX Application Thread] DEBUG Input                - Registered new binding: Launch - RMB
23:59:37.718 [JavaFX Application Thread] DEBUG Input                - Registered new binding: Create - LMB
23:59:37.718 [JavaFX Application Thread] DEBUG Input                - Registered new binding: Drag - CTRL+LMB
23:59:37.718 [JavaFX Application Thread] DEBUG FXGLAssetLoaderServi - Loading from file system: jar:file:/C:/Users/macke/.gradle/caches/modules-2/files-2.1/com.github.almasb/fxgl/17.2/35db6ae960eec2dcfd19262d3b7f9c42f0e95bc3/fxgl-17.2.jar!/fxglassets/textures/fxgl_icon.png
23:59:37.752 [FXGL Background Thread 4 ] DEBUG FXGLAssetLoaderServi - Loading from file system: jar:file:/C:/Users/macke/.gradle/caches/modules-2/files-2.1/com.github.almasb/fxgl/17.2/35db6ae960eec2dcfd19262d3b7f9c42f0e95bc3/fxgl-17.2.jar!/fxglassets/ui/fonts/Abel-Regular.ttf
23:59:37.754 [JavaFX Application Thread] DEBUG FXGLAssetLoaderServi - Loading from file system: jar:file:/C:/Users/macke/.gradle/caches/modules-2/files-2.1/com.github.almasb/fxgl/17.2/35db6ae960eec2dcfd19262d3b7f9c42f0e95bc3/fxgl-17.2.jar!/fxglassets/textures/fxgl_default_cursor.png
23:59:37.755 [FXGL Background Thread 4 ] DEBUG FXGLAssetLoaderServi - Loading from file system: jar:file:/C:/Users/macke/.gradle/caches/modules-2/files-2.1/com.github.almasb/fxgl/17.2/35db6ae960eec2dcfd19262d3b7f9c42f0e95bc3/fxgl-17.2.jar!/fxglassets/ui/fonts/TerminalLandMono-Regular.otf
23:59:37.758 [FXGL Background Thread 4 ] DEBUG FXGLAssetLoaderServi - Loading from file system: jar:file:/C:/Users/macke/.gradle/caches/modules-2/files-2.1/com.github.almasb/fxgl/17.2/35db6ae960eec2dcfd19262d3b7f9c42f0e95bc3/fxgl-17.2.jar!/fxglassets/ui/fonts/Courier-Prime.ttf
23:59:37.761 [JavaFX Application Thread] DEBUG Input                - Registered new binding: Screenshot - CTRL+8
23:59:37.761 [JavaFX Application Thread] DEBUG Input                - Registered new binding: System info dump - CTRL+9
23:59:37.762 [JavaFX Application Thread] DEBUG Input                - Registered new binding: Restart - CTRL+R
23:59:37.762 [JavaFX Application Thread] DEBUG Input                - Registered new binding: Toggle Debug Camera - CTRL+7
23:59:37.764 [JavaFX Application Thread] DEBUG LoopRunner           - Starting loop
23:59:37.764 [JavaFX Application Thread] DEBUG LoopRunner           - Initializing JavaFX AnimationTimerLoop
23:59:37.765 [JavaFX Application Thread] DEBUG GameApplicationServi - Starting new game
23:59:37.765 [JavaFX Application Thread] DEBUG Input                - Clearing active input actions
23:59:37.780 [JavaFX Application Thread] DEBUG GameApplicationServi - Removing overlay from FXGLStartupScene and adding to FXGLLoadingScene
23:59:37.781 [JavaFX Application Thread] DEBUG PrimaryStageWindow   - FXGLStartupScene -> FXGLLoadingScene
23:59:37.781 [JavaFX Application Thread] DEBUG GameApplicationServi - Clearing previous game
23:59:37.781 [JavaFX Application Thread] DEBUG GameScene            - Clearing game scene
23:59:37.781 [JavaFX Application Thread] DEBUG GameWorld            - Clearing game world
23:59:37.781 [JavaFX Application Thread] DEBUG PhysicsWorld         - Clearing physics world
23:59:37.784 [FXGL Background Thread 4 ] DEBUG FXGLApplication      - Initializing game
23:59:37.784 [JavaFX Application Thread] DEBUG FXGLApplication      - Registering font factories with UI factory
23:59:37.819 [FXGL Background Thread 4 ] DEBUG FXGLAssetLoaderServi - Loading from file system: file:/C:/Users/macke/OneDrive/Documents/School/Semester%203/Programming%20in%20a%20Graphical%20User%20Interface/Homework/animals-revenge/build/resources/main/assets/ui/Home.fxml
23:59:38.106 [FXGL Background Thread 2 ] INFO  UpdaterService       - Your current version:  17.2
23:59:38.106 [FXGL Background Thread 2 ] INFO  UpdaterService       - Latest stable version: 17.3
23:59:38.117 [FXGL Background Thread 4 ] INFO  FXGLApplication      - Game initialization took: 0.333 sec
23:59:38.117 [JavaFX Application Thread] DEBUG Input                - Clearing active input actions
23:59:38.128 [JavaFX Application Thread] DEBUG GameApplicationServi - Removing overlay from FXGLLoadingScene and adding to GameScene
23:59:38.128 [JavaFX Application Thread] DEBUG PrimaryStageWindow   - FXGLLoadingScene -> GameScene
23:59:40.439 [JavaFX Application Thread] DEBUG FXGLAssetLoaderServi - Loading from file system: file:/C:/Users/macke/OneDrive/Documents/School/Semester%203/Programming%20in%20a%20Graphical%20User%20Interface/Homework/animals-revenge/build/resources/main/assets/ui/Simulator.fxml
23:59:40.487 [JavaFX Application Thread] DEBUG FXGLAssetLoaderServi - Loading from file system: file:/C:/Users/macke/OneDrive/Documents/School/Semester%203/Programming%20in%20a%20Graphical%20User%20Interface/Homework/animals-revenge/build/resources/main/assets/textures/cannon.png
23:59:40.685 [FXGL Background Thread 3 ] DEBUG Engine               - Logging environment variables
23:59:40.687 [FXGL Background Thread 3 ] DEBUG Engine               - achievements: []
23:59:40.687 [FXGL Background Thread 3 ] DEBUG Engine               - actualHeight: 797.0
23:59:40.687 [FXGL Background Thread 3 ] DEBUG Engine               - actualHeightProperty: ReadOnlyDoubleProperty [value: 797.0]
23:59:40.687 [FXGL Background Thread 3 ] DEBUG Engine               - actualWidth: 1415.0
23:59:40.688 [FXGL Background Thread 3 ] DEBUG Engine               - actualWidthProperty: ReadOnlyDoubleProperty [value: 1415.0]
23:59:40.688 [FXGL Background Thread 3 ] DEBUG Engine               - appIcon: fxgl_icon.png
23:59:40.688 [FXGL Background Thread 3 ] DEBUG Engine               - applicationMode: DEVELOPER
23:59:40.688 [FXGL Background Thread 3 ] DEBUG Engine               - cSSList: [fxgl_dark.css]
23:59:40.688 [FXGL Background Thread 3 ] DEBUG Engine               - collisionDetectionStrategy: BRUTE_FORCE
23:59:40.689 [FXGL Background Thread 3 ] DEBUG Engine               - configClass: Optional.empty
23:59:40.689 [FXGL Background Thread 3 ] DEBUG Engine               - credits: []
23:59:40.692 [FXGL Background Thread 3 ] DEBUG Engine               - defaultCursor: CursorInfo(imageName=fxgl_default_cursor.png, hotspotX=7.0, hotspotY=6.0)
23:59:40.692 [FXGL Background Thread 3 ] DEBUG Engine               - devBBoxColorProperty: ObjectProperty [value: 0xff0000ff]
23:59:40.693 [FXGL Background Thread 3 ] DEBUG Engine               - devEnableDebugCameraProperty: BooleanProperty [value: false]
23:59:40.693 [FXGL Background Thread 3 ] DEBUG Engine               - devSensorColorProperty: ObjectProperty [value: 0xffff00ff]
23:59:40.693 [FXGL Background Thread 3 ] DEBUG Engine               - devShowBBoxProperty: BooleanProperty [value: false]
23:59:40.693 [FXGL Background Thread 3 ] DEBUG Engine               - devShowPositionProperty: BooleanProperty [value: false]
23:59:40.693 [FXGL Background Thread 3 ] DEBUG Engine               - enabledMenuItems: []
23:59:40.693 [FXGL Background Thread 3 ] DEBUG Engine               - engineServices: [class com.almasb.fxgl.app.services.FXGLAssetLoaderService, class com.almasb.fxgl.app.FXGLApplication$GameApplicationService, class com.almasb.fxgl.app.services.FXGLDialogService, class com.almasb.fxgl.app.services.IOTaskExecutorService, class com.almasb.fxgl.io.FileSystemService, class com.almasb.fxgl.localization.LocalizationService, class com.almasb.fxgl.app.services.SystemBundleService, class com.almasb.fxgl.profile.SaveLoadService, class com.almasb.fxgl.ui.FXGLUIFactoryServiceProvider, class com.almasb.fxgl.ui.FXGLDialogFactoryServiceProvider, class com.almasb.fxgl.audio.AudioPlayer, class com.almasb.fxgl.notification.impl.NotificationServiceProvider, class com.almasb.fxgl.achievement.AchievementService, class com.almasb.fxgl.cutscene.CutsceneService, class com.almasb.fxgl.minigames.MiniGameService, class com.almasb.fxgl.net.NetService, class com.almasb.fxgl.app.services.UpdaterService, class com.almasb.fxgl.dev.DevService]
23:59:40.693 [FXGL Background Thread 3 ] DEBUG Engine               - fontGame: Abel-Regular.ttf
23:59:40.693 [FXGL Background Thread 3 ] DEBUG Engine               - fontMono: TerminalLandMono-Regular.otf
23:59:40.693 [FXGL Background Thread 3 ] DEBUG Engine               - fontText: Courier-Prime.ttf
23:59:40.693 [FXGL Background Thread 3 ] DEBUG Engine               - fontUI: VarelaRound-Regular.ttf
23:59:40.693 [FXGL Background Thread 3 ] DEBUG Engine               - fullScreen: BooleanProperty [value: false]
23:59:40.693 [FXGL Background Thread 3 ] DEBUG Engine               - gameDifficulty: MEDIUM
23:59:40.693 [FXGL Background Thread 3 ] DEBUG Engine               - gameDifficultyProperty: ObjectProperty [value: MEDIUM]
23:59:40.693 [FXGL Background Thread 3 ] DEBUG Engine               - globalMusicVolume: 0.5
23:59:40.693 [FXGL Background Thread 3 ] DEBUG Engine               - globalMusicVolumeProperty: DoubleProperty [value: 0.5]
23:59:40.693 [FXGL Background Thread 3 ] DEBUG Engine               - globalSoundVolume: 0.5
23:59:40.693 [FXGL Background Thread 3 ] DEBUG Engine               - globalSoundVolumeProperty: DoubleProperty [value: 0.5]
23:59:40.693 [FXGL Background Thread 3 ] DEBUG Engine               - height: 820
23:59:40.694 [FXGL Background Thread 3 ] DEBUG Engine               - is3D: false
23:59:40.694 [FXGL Background Thread 3 ] DEBUG Engine               - isAndroid: false
23:59:40.694 [FXGL Background Thread 3 ] DEBUG Engine               - isBrowser: false
23:59:40.694 [FXGL Background Thread 3 ] DEBUG Engine               - isClickFeedbackEnabled: false
23:59:40.694 [FXGL Background Thread 3 ] DEBUG Engine               - isCloseConfirmation: false
23:59:40.694 [FXGL Background Thread 3 ] DEBUG Engine               - isDesktop: true
23:59:40.694 [FXGL Background Thread 3 ] DEBUG Engine               - isDeveloperMenuEnabled: false
23:59:40.694 [FXGL Background Thread 3 ] DEBUG Engine               - isEmbedded: false
23:59:40.694 [FXGL Background Thread 3 ] DEBUG Engine               - isEntityPreloadEnabled: true
23:59:40.694 [FXGL Background Thread 3 ] DEBUG Engine               - isExperimentalTiledLargeMap: false
23:59:40.694 [FXGL Background Thread 3 ] DEBUG Engine               - isFileSystemWriteAllowed: true
23:59:40.694 [FXGL Background Thread 3 ] DEBUG Engine               - isFullScreenAllowed: false
23:59:40.694 [FXGL Background Thread 3 ] DEBUG Engine               - isFullScreenFromStart: false
23:59:40.694 [FXGL Background Thread 3 ] DEBUG Engine               - isGameMenuEnabled: false
23:59:40.694 [FXGL Background Thread 3 ] DEBUG Engine               - isIOS: false
23:59:40.694 [FXGL Background Thread 3 ] DEBUG Engine               - isIntroEnabled: false
23:59:40.694 [FXGL Background Thread 3 ] DEBUG Engine               - isLinux: false
23:59:40.694 [FXGL Background Thread 3 ] DEBUG Engine               - isMac: false
23:59:40.694 [FXGL Background Thread 3 ] DEBUG Engine               - isMainMenuEnabled: false
23:59:40.694 [FXGL Background Thread 3 ] DEBUG Engine               - isManualResizeEnabled: false
23:59:40.694 [FXGL Background Thread 3 ] DEBUG Engine               - isMobile: false
23:59:40.694 [FXGL Background Thread 3 ] DEBUG Engine               - isNative: false
23:59:40.694 [FXGL Background Thread 3 ] DEBUG Engine               - isPauseMusicWhenMinimized: true
23:59:40.694 [FXGL Background Thread 3 ] DEBUG Engine               - isPreserveResizeRatio: false
23:59:40.694 [FXGL Background Thread 3 ] DEBUG Engine               - isProfilingEnabled: false
23:59:40.694 [FXGL Background Thread 3 ] DEBUG Engine               - isScaleAffectedOnResize: true
23:59:40.694 [FXGL Background Thread 3 ] DEBUG Engine               - isSingleStep: false
23:59:40.694 [FXGL Background Thread 3 ] DEBUG Engine               - isUserProfileEnabled: false
23:59:40.694 [FXGL Background Thread 3 ] DEBUG Engine               - isWindows: true
23:59:40.694 [FXGL Background Thread 3 ] DEBUG Engine               - language: ObjectProperty [value: ENGLISH]
23:59:40.694 [FXGL Background Thread 3 ] DEBUG Engine               - menuKey: ESCAPE
23:59:40.694 [FXGL Background Thread 3 ] DEBUG Engine               - mouseSensitivity: 0.2
23:59:40.694 [FXGL Background Thread 3 ] DEBUG Engine               - notificationViewClass: class com.almasb.fxgl.notification.view.XboxNotificationView
23:59:40.695 [FXGL Background Thread 3 ] DEBUG Engine               - pixelsPerMeter: 50.0
23:59:40.695 [FXGL Background Thread 3 ] DEBUG Engine               - platform: WINDOWS
23:59:40.695 [FXGL Background Thread 3 ] DEBUG Engine               - prefHeightProperty: ReadOnlyDoubleProperty [value: 820.0]
23:59:40.695 [FXGL Background Thread 3 ] DEBUG Engine               - prefWidthProperty: ReadOnlyDoubleProperty [value: 1480.0]
23:59:40.695 [FXGL Background Thread 3 ] DEBUG Engine               - profileDir: profiles/
23:59:40.695 [FXGL Background Thread 3 ] DEBUG Engine               - profileName: StringProperty [value: DEFAULT]
23:59:40.695 [FXGL Background Thread 3 ] DEBUG Engine               - randomSeed: -1
23:59:40.696 [FXGL Background Thread 3 ] DEBUG Engine               - runtimeInfo: RuntimeInfo(platform=WINDOWS, version=17.2, build=20.08.2022 16.50)
23:59:40.696 [FXGL Background Thread 3 ] DEBUG Engine               - saveFileExt: sav
23:59:40.696 [FXGL Background Thread 3 ] DEBUG Engine               - scaledHeightProp$fxgl: DoubleProperty [bound, value: 797.0]
23:59:40.696 [FXGL Background Thread 3 ] DEBUG Engine               - scaledWidthProp$fxgl: DoubleProperty [bound, value: 1415.0]
23:59:40.697 [FXGL Background Thread 3 ] DEBUG Engine               - sceneFactory: com.almasb.fxgl.app.scene.SceneFactory@3965c4cc
23:59:40.697 [FXGL Background Thread 3 ] DEBUG Engine               - secondsIn24h: 60
23:59:40.697 [FXGL Background Thread 3 ] DEBUG Engine               - soundMenuBack: menu/back.wav
23:59:40.697 [FXGL Background Thread 3 ] DEBUG Engine               - soundMenuPress: menu/press.wav
23:59:40.697 [FXGL Background Thread 3 ] DEBUG Engine               - soundMenuSelect: menu/select.wav
23:59:40.697 [FXGL Background Thread 3 ] DEBUG Engine               - soundNotification: core/notification.wav
23:59:40.697 [FXGL Background Thread 3 ] DEBUG Engine               - stageStyle: DECORATED
23:59:40.697 [FXGL Background Thread 3 ] DEBUG Engine               - supportedLanguages: [ENGLISH, FRENCH, GERMAN, HUNGARIAN, RUSSIAN]
23:59:40.697 [FXGL Background Thread 3 ] DEBUG Engine               - ticksPerSecond: -1
23:59:40.697 [FXGL Background Thread 3 ] DEBUG Engine               - title: Untitled
23:59:40.697 [FXGL Background Thread 3 ] DEBUG Engine               - urlGithub: https://github.com/AlmasB/FXGL
23:59:40.697 [FXGL Background Thread 3 ] DEBUG Engine               - urlLeaderboard: http://fxgl-top.herokuapp.com/
23:59:40.697 [FXGL Background Thread 3 ] DEBUG Engine               - urlPOM: https://raw.githubusercontent.com/AlmasB/FXGL/release/README.md
23:59:40.697 [FXGL Background Thread 3 ] DEBUG Engine               - userAppClass: class edu.vanier.animals_revenge.MainApp
23:59:40.697 [FXGL Background Thread 3 ] DEBUG Engine               - version: 0.0
23:59:40.697 [FXGL Background Thread 3 ] DEBUG Engine               - versionCheckDays: 7
23:59:40.697 [FXGL Background Thread 3 ] DEBUG Engine               - width: 1480
23:59:40.697 [FXGL Background Thread 3 ] DEBUG Engine               - Logging services
23:59:40.697 [FXGL Background Thread 3 ] DEBUG Engine               - class com.almasb.fxgl.app.services.FXGLAssetLoaderService
23:59:40.697 [FXGL Background Thread 3 ] DEBUG Engine               - class com.almasb.fxgl.app.FXGLApplication$GameApplicationService
23:59:40.697 [FXGL Background Thread 3 ] DEBUG Engine               - class com.almasb.fxgl.app.services.FXGLDialogService
23:59:40.697 [FXGL Background Thread 3 ] DEBUG Engine               - class com.almasb.fxgl.app.services.IOTaskExecutorService
23:59:40.697 [FXGL Background Thread 3 ] DEBUG Engine               - class com.almasb.fxgl.io.FileSystemService
23:59:40.697 [FXGL Background Thread 3 ] DEBUG Engine               - class com.almasb.fxgl.localization.LocalizationService
23:59:40.697 [FXGL Background Thread 3 ] DEBUG Engine               - class com.almasb.fxgl.app.services.SystemBundleService
23:59:40.697 [FXGL Background Thread 3 ] DEBUG Engine               - class com.almasb.fxgl.profile.SaveLoadService
23:59:40.698 [FXGL Background Thread 3 ] DEBUG Engine               - class com.almasb.fxgl.ui.FXGLUIFactoryServiceProvider
23:59:40.698 [FXGL Background Thread 3 ] DEBUG Engine               - class com.almasb.fxgl.ui.FXGLDialogFactoryServiceProvider
23:59:40.698 [FXGL Background Thread 3 ] DEBUG Engine               - class com.almasb.fxgl.audio.AudioPlayer
23:59:40.698 [FXGL Background Thread 3 ] DEBUG Engine               - class com.almasb.fxgl.notification.impl.NotificationServiceProvider
23:59:40.698 [FXGL Background Thread 3 ] DEBUG Engine               - class com.almasb.fxgl.achievement.AchievementService
23:59:40.698 [FXGL Background Thread 3 ] DEBUG Engine               - class com.almasb.fxgl.cutscene.CutsceneService
23:59:40.698 [FXGL Background Thread 3 ] DEBUG Engine               - class com.almasb.fxgl.minigames.MiniGameService
23:59:40.698 [FXGL Background Thread 3 ] DEBUG Engine               - class com.almasb.fxgl.net.NetService
23:59:40.698 [FXGL Background Thread 3 ] DEBUG Engine               - class com.almasb.fxgl.app.services.UpdaterService
23:59:40.698 [FXGL Background Thread 3 ] DEBUG Engine               - class com.almasb.fxgl.dev.DevService
23:59:44.788 [JavaFX Application Thread] DEBUG FXGLAssetLoaderServi - Loading from file system: file:/C:/Users/macke/OneDrive/Documents/School/Semester%203/Programming%20in%20a%20Graphical%20User%20Interface/Homework/animals-revenge/build/resources/main/assets/ui/Home.fxml
23:59:48.332 [JavaFX Application Thread] DEBUG FXGLAssetLoaderServi - Loading from file system: file:/C:/Users/macke/OneDrive/Documents/School/Semester%203/Programming%20in%20a%20Graphical%20User%20Interface/Homework/animals-revenge/build/resources/main/assets/ui/CustomProjectile.fxml
23:59:55.203 [JavaFX Application Thread] DEBUG FXGLAssetLoaderServi - Loading from file system: file:/C:/Users/macke/OneDrive/Documents/School/Semester%203/Programming%20in%20a%20Graphical%20User%20Interface/Homework/animals-revenge/build/resources/main/assets/ui/Home.fxml
23:59:56.632 [JavaFX Application Thread] DEBUG FXGLAssetLoaderServi - Loading from file system: file:/C:/Users/macke/OneDrive/Documents/School/Semester%203/Programming%20in%20a%20Graphical%20User%20Interface/Homework/animals-revenge/build/resources/main/assets/ui/Simulator.fxml
00:00:04.927 [JavaFX Application Thread] DEBUG FXGLApplication      - Exiting FXGL
00:00:04.927 [JavaFX Application Thread] DEBUG LoopRunner           - Stopping loop
00:00:04.927 [JavaFX Application Thread] DEBUG SystemBundleService  - Saving FXGL system data
00:00:04.928 [JavaFX Application Thread] DEBUG FileSystemAccess     - Writing to: C:\Users\macke\OneDrive\Documents\School\Semester 3\Programming in a Graphical User Interface\Homework\animals-revenge\system\fxgl.bundle
00:00:04.929 [JavaFX Application Thread] DEBUG Async                - Shutting down background threads
00:00:04.929 [JavaFX Application Thread] DEBUG PrimaryStageWindow   - Closing main window
00:00:04.945 [JavaFX Application Thread] DEBUG Logger               - Closing Logger
