23:03:37.817 [main                     ] DEBUG Logger               - Configured Logger
23:03:37.825 [main                     ] DEBUG GameApplication      - Logging settings
Title: Untitled
Version: 0.0
Width: 1480
Height: 820
Fullscreen: false
Intro: false
Profiling: false
Single step:false
App Mode: DEVELOPER
Menu Key: ESCAPE
Stage Style: DECORATED
Scene Factory: class com.almasb.fxgl.app.scene.SceneFactory

23:03:38.032 [JavaFX Application Thread] DEBUG FXGLApplication      - Initializing FXGL
23:03:38.035 [JavaFX Application Thread] INFO  Engine               - FXGL-17.2 (20.08.2022 16.50) on WINDOWS (J:18.0.2.1 FX:20.0.2)
23:03:38.035 [JavaFX Application Thread] DEBUG Engine               - JRE Vendor Name: Oracle Corporation
23:03:38.036 [JavaFX Application Thread] DEBUG Engine               - Running on OS: Windows 11 version 10.0
23:03:38.036 [JavaFX Application Thread] DEBUG Engine               - Architecture: amd64
23:03:38.036 [JavaFX Application Thread] INFO  Engine               - Source code and latest versions at: https://github.com/AlmasB/FXGL
23:03:38.036 [JavaFX Application Thread] INFO  Engine               -       Ask questions and discuss at: https://github.com/AlmasB/FXGL/discussions
23:03:38.036 [JavaFX Application Thread] INFO  Engine               -              Join the FXGL chat at: https://gitter.im/AlmasB/FXGL
23:03:38.095 [JavaFX Application Thread] DEBUG PrimaryStageWindow   - Creating a JavaFX scene
23:03:38.123 [JavaFX Application Thread] DEBUG PrimaryStageWindow   - Target settings size: 1480.0 x 820.0
23:03:38.123 [JavaFX Application Thread] DEBUG PrimaryStageWindow   - Scaled scene size:    1480.0 x 820.0
23:03:38.123 [JavaFX Application Thread] DEBUG PrimaryStageWindow   - Scaled ratio: (1.0, 1.0)
23:03:38.125 [JavaFX Application Thread] DEBUG PrimaryStageWindow   - Set initial scene to FXGLStartupScene
23:03:38.127 [JavaFX Application Thread] DEBUG PrimaryStageWindow   - Opening main window
23:03:38.179 [JavaFX Application Thread] DEBUG PrimaryStageWindow   - Window border size: (16.0, 39.0)
23:03:38.179 [JavaFX Application Thread] DEBUG PrimaryStageWindow   - Scaled size: 1480.0 x 820.0
23:03:38.179 [JavaFX Application Thread] DEBUG PrimaryStageWindow   - Scaled ratio: (1.0, 1.0)
23:03:38.179 [JavaFX Application Thread] DEBUG PrimaryStageWindow   - Scene size: 1480.0 x 820.0
23:03:38.180 [JavaFX Application Thread] DEBUG PrimaryStageWindow   - Stage size: 1496.0 x 859.0
23:03:38.184 [FXGL Background Thread 1 ] DEBUG Engine               - Initializing environment variables
23:03:38.208 [FXGL Background Thread 1 ] DEBUG FXGLAssetLoaderServi - User app class for loading assets: class edu.vanier.animals_revenge.MainApp
23:03:38.208 [FXGL Background Thread 1 ] DEBUG GameApplicationServi - Applying CSS: fxgl_dark.css
23:03:38.209 [FXGL Background Thread 1 ] DEBUG FXGLAssetLoaderServi - Loading from file system: jar:file:/C:/Users/ethan/.gradle/caches/modules-2/files-2.1/com.github.almasb/fxgl/17.2/35db6ae960eec2dcfd19262d3b7f9c42f0e95bc3/fxgl-17.2.jar!/fxglassets/ui/css/fxgl_dark.css
23:03:38.232 [FXGL Background Thread 1 ] DEBUG GameApplicationServi - Initializing application scenes
23:03:38.250 [FXGL Background Thread 1 ] DEBUG GameWorld            - Game world initialized
23:03:38.287 [FXGL Background Thread 1 ] DEBUG PhysicsWorld         - Physics world initialized: appHeight=820, physics.ppm=50.0
23:03:38.287 [FXGL Background Thread 1 ] DEBUG PhysicsWorld         - Using strategy: BRUTE_FORCE
23:03:38.290 [FXGL Background Thread 1 ] DEBUG GameScene            - Game scene initialized: 1480x820
23:03:38.290 [FXGL Background Thread 1 ] DEBUG GameApplicationServi - Application scenes initialized
23:03:38.300 [FXGL Background Thread 1 ] DEBUG SystemBundleService  - Loading FXGL system data
23:03:38.303 [FXGL Background Thread 1 ] DEBUG FileSystemAccess     - Reading from: C:\Users\ethan\IdeaProjects\animals-revenge\system\fxgl.bundle
23:03:38.309 [FXGL Background Thread 1 ] DEBUG SystemBundleService  - Bundle FXGL: {}
23:03:38.309 [FXGL Background Thread 1 ] DEBUG UpdaterService       - Checking for updates
23:03:38.312 [FXGL Background Thread 4 ] DEBUG FXGLApplication      - Loading fonts
23:03:38.313 [FXGL Background Thread 1 ] DEBUG FXGLApplication      - Loading default localization
23:03:38.313 [FXGL Background Thread 4 ] DEBUG FXGLAssetLoaderServi - Loading from file system: jar:file:/C:/Users/ethan/.gradle/caches/modules-2/files-2.1/com.github.almasb/fxgl/17.2/35db6ae960eec2dcfd19262d3b7f9c42f0e95bc3/fxgl-17.2.jar!/fxglassets/ui/fonts/VarelaRound-Regular.ttf
23:03:38.313 [FXGL Background Thread 1 ] DEBUG FXGLAssetLoaderServi - Loading from file system: jar:file:/C:/Users/ethan/.gradle/caches/modules-2/files-2.1/com.github.almasb/fxgl/17.2/35db6ae960eec2dcfd19262d3b7f9c42f0e95bc3/fxgl-17.2.jar!/fxglassets/languages/english.lang
23:03:38.328 [FXGL Background Thread 1 ] INFO  FXGLApplication      - FXGL initialization took: 0.144 sec
23:03:38.331 [JavaFX Application Thread] DEBUG Input                - Registered new binding: Launch - RMB
23:03:38.331 [JavaFX Application Thread] DEBUG Input                - Registered new binding: Create - LMB
23:03:38.331 [JavaFX Application Thread] DEBUG Input                - Registered new binding: Drag - CTRL+LMB
23:03:38.332 [JavaFX Application Thread] DEBUG FXGLAssetLoaderServi - Loading from file system: jar:file:/C:/Users/ethan/.gradle/caches/modules-2/files-2.1/com.github.almasb/fxgl/17.2/35db6ae960eec2dcfd19262d3b7f9c42f0e95bc3/fxgl-17.2.jar!/fxglassets/textures/fxgl_icon.png
23:03:38.342 [FXGL Background Thread 4 ] DEBUG FXGLAssetLoaderServi - Loading from file system: jar:file:/C:/Users/ethan/.gradle/caches/modules-2/files-2.1/com.github.almasb/fxgl/17.2/35db6ae960eec2dcfd19262d3b7f9c42f0e95bc3/fxgl-17.2.jar!/fxglassets/ui/fonts/Abel-Regular.ttf
23:03:38.347 [FXGL Background Thread 4 ] DEBUG FXGLAssetLoaderServi - Loading from file system: jar:file:/C:/Users/ethan/.gradle/caches/modules-2/files-2.1/com.github.almasb/fxgl/17.2/35db6ae960eec2dcfd19262d3b7f9c42f0e95bc3/fxgl-17.2.jar!/fxglassets/ui/fonts/TerminalLandMono-Regular.otf
23:03:38.352 [FXGL Background Thread 4 ] DEBUG FXGLAssetLoaderServi - Loading from file system: jar:file:/C:/Users/ethan/.gradle/caches/modules-2/files-2.1/com.github.almasb/fxgl/17.2/35db6ae960eec2dcfd19262d3b7f9c42f0e95bc3/fxgl-17.2.jar!/fxglassets/ui/fonts/Courier-Prime.ttf
23:03:38.357 [JavaFX Application Thread] DEBUG FXGLAssetLoaderServi - Loading from file system: jar:file:/C:/Users/ethan/.gradle/caches/modules-2/files-2.1/com.github.almasb/fxgl/17.2/35db6ae960eec2dcfd19262d3b7f9c42f0e95bc3/fxgl-17.2.jar!/fxglassets/textures/fxgl_default_cursor.png
23:03:38.362 [JavaFX Application Thread] DEBUG Input                - Registered new binding: Screenshot - CTRL+8
23:03:38.362 [JavaFX Application Thread] DEBUG Input                - Registered new binding: System info dump - CTRL+9
23:03:38.363 [JavaFX Application Thread] DEBUG Input                - Registered new binding: Restart - CTRL+R
23:03:38.363 [JavaFX Application Thread] DEBUG Input                - Registered new binding: Toggle Debug Camera - CTRL+7
23:03:38.364 [JavaFX Application Thread] DEBUG LoopRunner           - Starting loop
23:03:38.365 [JavaFX Application Thread] DEBUG LoopRunner           - Initializing JavaFX AnimationTimerLoop
23:03:38.369 [JavaFX Application Thread] DEBUG GameApplicationServi - Starting new game
23:03:38.369 [JavaFX Application Thread] DEBUG Input                - Clearing active input actions
23:03:38.377 [JavaFX Application Thread] DEBUG GameApplicationServi - Removing overlay from FXGLStartupScene and adding to FXGLLoadingScene
23:03:38.377 [JavaFX Application Thread] DEBUG PrimaryStageWindow   - FXGLStartupScene -> FXGLLoadingScene
23:03:38.377 [JavaFX Application Thread] DEBUG GameApplicationServi - Clearing previous game
23:03:38.377 [JavaFX Application Thread] DEBUG GameScene            - Clearing game scene
23:03:38.377 [JavaFX Application Thread] DEBUG GameWorld            - Clearing game world
23:03:38.377 [JavaFX Application Thread] DEBUG PhysicsWorld         - Clearing physics world
23:03:38.378 [FXGL Background Thread 4 ] DEBUG FXGLApplication      - Initializing game
23:03:38.378 [JavaFX Application Thread] DEBUG FXGLApplication      - Registering font factories with UI factory
23:03:38.402 [FXGL Background Thread 4 ] DEBUG FXGLAssetLoaderServi - Loading from file system: file:/C:/Users/ethan/IdeaProjects/animals-revenge/build/resources/main/assets/ui/Home.fxml
23:03:38.568 [FXGL Background Thread 2 ] INFO  UpdaterService       - Your current version:  17.2
23:03:38.568 [FXGL Background Thread 2 ] INFO  UpdaterService       - Latest stable version: 17.3
23:03:38.658 [FXGL Background Thread 4 ] INFO  FXGLApplication      - Game initialization took: 0.280 sec
23:03:38.658 [JavaFX Application Thread] DEBUG Input                - Clearing active input actions
23:03:38.665 [JavaFX Application Thread] DEBUG GameApplicationServi - Removing overlay from FXGLLoadingScene and adding to GameScene
23:03:38.666 [JavaFX Application Thread] DEBUG PrimaryStageWindow   - FXGLLoadingScene -> GameScene
23:03:39.251 [JavaFX Application Thread] DEBUG FXGLAssetLoaderServi - Loading from file system: file:/C:/Users/ethan/IdeaProjects/animals-revenge/build/resources/main/assets/ui/Simulator.fxml
23:03:39.301 [JavaFX Application Thread] DEBUG FXGLAssetLoaderServi - Loading from file system: file:/C:/Users/ethan/IdeaProjects/animals-revenge/build/resources/main/assets/textures/cannon.png
23:03:41.049 [JavaFX Application Thread] DEBUG FXGLApplication      - Exiting FXGL
23:03:41.049 [JavaFX Application Thread] DEBUG LoopRunner           - Stopping loop
23:03:41.049 [JavaFX Application Thread] DEBUG SystemBundleService  - Saving FXGL system data
23:03:41.050 [JavaFX Application Thread] DEBUG FileSystemAccess     - Writing to: C:\Users\ethan\IdeaProjects\animals-revenge\system\fxgl.bundle
23:03:41.052 [JavaFX Application Thread] DEBUG Async                - Shutting down background threads
23:03:41.052 [JavaFX Application Thread] DEBUG PrimaryStageWindow   - Closing main window
23:03:41.060 [JavaFX Application Thread] DEBUG Logger               - Closing Logger
