16:07:06.482 [main                     ] DEBUG Logger               - Configured Logger
16:07:06.491 [main                     ] DEBUG GameApplication      - Logging settings
Title: Untitled
Version: 0.0
Width: 1480
Height: 820
Fullscreen: false
Intro: false
Profiling: false
Single step:false
App Mode: DEVELOPER
Menu Key: ESCAPE
Stage Style: DECORATED
Scene Factory: class com.almasb.fxgl.app.scene.SceneFactory

16:07:06.730 [JavaFX Application Thread] DEBUG FXGLApplication      - Initializing FXGL
16:07:06.736 [JavaFX Application Thread] INFO  Engine               - FXGL-17.2 (20.08.2022 16.50) on WINDOWS (J:18.0.2.1 FX:20.0.2)
16:07:06.736 [JavaFX Application Thread] DEBUG Engine               - JRE Vendor Name: Oracle Corporation
16:07:06.736 [JavaFX Application Thread] DEBUG Engine               - Running on OS: Windows 11 version 10.0
16:07:06.737 [JavaFX Application Thread] DEBUG Engine               - Architecture: amd64
16:07:06.737 [JavaFX Application Thread] INFO  Engine               - Source code and latest versions at: https://github.com/AlmasB/FXGL
16:07:06.737 [JavaFX Application Thread] INFO  Engine               -       Ask questions and discuss at: https://github.com/AlmasB/FXGL/discussions
16:07:06.737 [JavaFX Application Thread] INFO  Engine               -              Join the FXGL chat at: https://gitter.im/AlmasB/FXGL
16:07:06.790 [JavaFX Application Thread] DEBUG PrimaryStageWindow   - Creating a JavaFX scene
16:07:06.791 [JavaFX Application Thread] DEBUG PrimaryStageWindow   - Target size > screen size
16:07:06.822 [JavaFX Application Thread] DEBUG PrimaryStageWindow   - Target settings size: 1480.0 x 820.0
16:07:06.822 [JavaFX Application Thread] DEBUG PrimaryStageWindow   - Scaled scene size:    1415.0 x 797.0
16:07:06.822 [JavaFX Application Thread] DEBUG PrimaryStageWindow   - Scaled ratio: (0.956081081081081, 0.9719512195121951)
16:07:06.823 [JavaFX Application Thread] DEBUG PrimaryStageWindow   - Set initial scene to FXGLStartupScene
16:07:06.825 [JavaFX Application Thread] DEBUG PrimaryStageWindow   - Opening main window
16:07:06.885 [JavaFX Application Thread] DEBUG PrimaryStageWindow   - Window border size: (13.0, 35.5)
16:07:06.886 [JavaFX Application Thread] DEBUG PrimaryStageWindow   - Scaled size: 1415.0 x 797.0
16:07:06.886 [JavaFX Application Thread] DEBUG PrimaryStageWindow   - Scaled ratio: (0.956081081081081, 0.9719512195121951)
16:07:06.886 [JavaFX Application Thread] DEBUG PrimaryStageWindow   - Scene size: 1415.0 x 797.0
16:07:06.886 [JavaFX Application Thread] DEBUG PrimaryStageWindow   - Stage size: 1428.0 x 832.5
16:07:06.891 [FXGL Background Thread 1 ] DEBUG Engine               - Initializing environment variables
16:07:06.924 [FXGL Background Thread 1 ] DEBUG FXGLAssetLoaderServi - User app class for loading assets: class edu.vanier.animals_revenge.MainApp
16:07:06.924 [FXGL Background Thread 1 ] DEBUG GameApplicationServi - Applying CSS: fxgl_dark.css
16:07:06.925 [FXGL Background Thread 1 ] DEBUG FXGLAssetLoaderServi - Loading from file system: jar:file:/C:/Users/macke/.gradle/caches/modules-2/files-2.1/com.github.almasb/fxgl/17.2/35db6ae960eec2dcfd19262d3b7f9c42f0e95bc3/fxgl-17.2.jar!/fxglassets/ui/css/fxgl_dark.css
16:07:06.954 [FXGL Background Thread 1 ] DEBUG GameApplicationServi - Initializing application scenes
16:07:06.985 [FXGL Background Thread 1 ] DEBUG GameWorld            - Game world initialized
16:07:07.032 [FXGL Background Thread 1 ] DEBUG PhysicsWorld         - Physics world initialized: appHeight=820, physics.ppm=50.0
16:07:07.033 [FXGL Background Thread 1 ] DEBUG PhysicsWorld         - Using strategy: BRUTE_FORCE
16:07:07.036 [FXGL Background Thread 1 ] DEBUG GameScene            - Game scene initialized: 1480x820
16:07:07.036 [FXGL Background Thread 1 ] DEBUG GameApplicationServi - Application scenes initialized
16:07:07.052 [FXGL Background Thread 1 ] DEBUG SystemBundleService  - Loading FXGL system data
16:07:07.057 [FXGL Background Thread 1 ] DEBUG FileSystemAccess     - Reading from: C:\Users\macke\OneDrive\Documents\School\Semester 3\Programming in a Graphical User Interface\Homework\animals-revenge\system\fxgl.bundle
16:07:07.065 [FXGL Background Thread 1 ] DEBUG SystemBundleService  - Bundle FXGL: {}
16:07:07.065 [FXGL Background Thread 1 ] DEBUG UpdaterService       - Checking for updates
16:07:07.073 [FXGL Background Thread 4 ] DEBUG FXGLApplication      - Loading fonts
16:07:07.073 [FXGL Background Thread 4 ] DEBUG FXGLAssetLoaderServi - Loading from file system: jar:file:/C:/Users/macke/.gradle/caches/modules-2/files-2.1/com.github.almasb/fxgl/17.2/35db6ae960eec2dcfd19262d3b7f9c42f0e95bc3/fxgl-17.2.jar!/fxglassets/ui/fonts/VarelaRound-Regular.ttf
16:07:07.073 [FXGL Background Thread 1 ] DEBUG FXGLApplication      - Loading default localization
16:07:07.074 [FXGL Background Thread 1 ] DEBUG FXGLAssetLoaderServi - Loading from file system: jar:file:/C:/Users/macke/.gradle/caches/modules-2/files-2.1/com.github.almasb/fxgl/17.2/35db6ae960eec2dcfd19262d3b7f9c42f0e95bc3/fxgl-17.2.jar!/fxglassets/languages/english.lang
16:07:07.098 [FXGL Background Thread 1 ] INFO  FXGLApplication      - FXGL initialization took: 0.207 sec
16:07:07.103 [JavaFX Application Thread] DEBUG Input                - Registered new binding: Launch - RMB
16:07:07.104 [JavaFX Application Thread] DEBUG Input                - Registered new binding: Create - LMB
16:07:07.104 [JavaFX Application Thread] DEBUG Input                - Registered new binding: Drag - CTRL+LMB
16:07:07.105 [JavaFX Application Thread] DEBUG FXGLAssetLoaderServi - Loading from file system: jar:file:/C:/Users/macke/.gradle/caches/modules-2/files-2.1/com.github.almasb/fxgl/17.2/35db6ae960eec2dcfd19262d3b7f9c42f0e95bc3/fxgl-17.2.jar!/fxglassets/textures/fxgl_icon.png
16:07:07.135 [FXGL Background Thread 4 ] DEBUG FXGLAssetLoaderServi - Loading from file system: jar:file:/C:/Users/macke/.gradle/caches/modules-2/files-2.1/com.github.almasb/fxgl/17.2/35db6ae960eec2dcfd19262d3b7f9c42f0e95bc3/fxgl-17.2.jar!/fxglassets/ui/fonts/Abel-Regular.ttf
16:07:07.138 [JavaFX Application Thread] DEBUG FXGLAssetLoaderServi - Loading from file system: jar:file:/C:/Users/macke/.gradle/caches/modules-2/files-2.1/com.github.almasb/fxgl/17.2/35db6ae960eec2dcfd19262d3b7f9c42f0e95bc3/fxgl-17.2.jar!/fxglassets/textures/fxgl_default_cursor.png
16:07:07.139 [FXGL Background Thread 4 ] DEBUG FXGLAssetLoaderServi - Loading from file system: jar:file:/C:/Users/macke/.gradle/caches/modules-2/files-2.1/com.github.almasb/fxgl/17.2/35db6ae960eec2dcfd19262d3b7f9c42f0e95bc3/fxgl-17.2.jar!/fxglassets/ui/fonts/TerminalLandMono-Regular.otf
16:07:07.142 [FXGL Background Thread 4 ] DEBUG FXGLAssetLoaderServi - Loading from file system: jar:file:/C:/Users/macke/.gradle/caches/modules-2/files-2.1/com.github.almasb/fxgl/17.2/35db6ae960eec2dcfd19262d3b7f9c42f0e95bc3/fxgl-17.2.jar!/fxglassets/ui/fonts/Courier-Prime.ttf
16:07:07.144 [JavaFX Application Thread] DEBUG Input                - Registered new binding: Screenshot - CTRL+8
16:07:07.144 [JavaFX Application Thread] DEBUG Input                - Registered new binding: System info dump - CTRL+9
16:07:07.144 [JavaFX Application Thread] DEBUG Input                - Registered new binding: Restart - CTRL+R
16:07:07.145 [JavaFX Application Thread] DEBUG Input                - Registered new binding: Toggle Debug Camera - CTRL+7
16:07:07.147 [JavaFX Application Thread] DEBUG LoopRunner           - Starting loop
16:07:07.147 [JavaFX Application Thread] DEBUG LoopRunner           - Initializing JavaFX AnimationTimerLoop
16:07:07.152 [JavaFX Application Thread] DEBUG GameApplicationServi - Starting new game
16:07:07.152 [JavaFX Application Thread] DEBUG Input                - Clearing active input actions
16:07:07.161 [JavaFX Application Thread] DEBUG GameApplicationServi - Removing overlay from FXGLStartupScene and adding to FXGLLoadingScene
16:07:07.162 [JavaFX Application Thread] DEBUG PrimaryStageWindow   - FXGLStartupScene -> FXGLLoadingScene
16:07:07.162 [JavaFX Application Thread] DEBUG GameApplicationServi - Clearing previous game
16:07:07.162 [JavaFX Application Thread] DEBUG GameScene            - Clearing game scene
16:07:07.162 [JavaFX Application Thread] DEBUG GameWorld            - Clearing game world
16:07:07.162 [JavaFX Application Thread] DEBUG PhysicsWorld         - Clearing physics world
16:07:07.164 [FXGL Background Thread 4 ] DEBUG FXGLApplication      - Initializing game
16:07:07.164 [JavaFX Application Thread] DEBUG FXGLApplication      - Registering font factories with UI factory
16:07:07.196 [FXGL Background Thread 4 ] DEBUG FXGLAssetLoaderServi - Loading from file system: file:/C:/Users/macke/OneDrive/Documents/School/Semester%203/Programming%20in%20a%20Graphical%20User%20Interface/Homework/animals-revenge/build/resources/main/assets/ui/Home.fxml
16:07:07.412 [FXGL Background Thread 2 ] INFO  UpdaterService       - Your current version:  17.2
16:07:07.413 [FXGL Background Thread 2 ] INFO  UpdaterService       - Latest stable version: 17.3
16:07:07.457 [FXGL Background Thread 4 ] INFO  FXGLApplication      - Game initialization took: 0.292 sec
16:07:07.457 [JavaFX Application Thread] DEBUG Input                - Clearing active input actions
16:07:07.465 [JavaFX Application Thread] DEBUG GameApplicationServi - Removing overlay from FXGLLoadingScene and adding to GameScene
16:07:07.465 [JavaFX Application Thread] DEBUG PrimaryStageWindow   - FXGLLoadingScene -> GameScene
16:07:09.101 [JavaFX Application Thread] DEBUG FXGLAssetLoaderServi - Loading from file system: file:/C:/Users/macke/OneDrive/Documents/School/Semester%203/Programming%20in%20a%20Graphical%20User%20Interface/Homework/animals-revenge/build/resources/main/assets/ui/CustomProjectile.fxml
16:07:10.071 [FXGL Background Thread 3 ] DEBUG Engine               - Logging environment variables
16:07:10.071 [FXGL Background Thread 3 ] DEBUG Engine               - achievements: []
16:07:10.072 [FXGL Background Thread 3 ] DEBUG Engine               - actualHeight: 797.0
16:07:10.072 [FXGL Background Thread 3 ] DEBUG Engine               - actualHeightProperty: ReadOnlyDoubleProperty [value: 797.0]
16:07:10.073 [FXGL Background Thread 3 ] DEBUG Engine               - actualWidth: 1415.0
16:07:10.073 [FXGL Background Thread 3 ] DEBUG Engine               - actualWidthProperty: ReadOnlyDoubleProperty [value: 1415.0]
16:07:10.073 [FXGL Background Thread 3 ] DEBUG Engine               - appIcon: fxgl_icon.png
16:07:10.073 [FXGL Background Thread 3 ] DEBUG Engine               - applicationMode: DEVELOPER
16:07:10.073 [FXGL Background Thread 3 ] DEBUG Engine               - cSSList: [fxgl_dark.css]
16:07:10.073 [FXGL Background Thread 3 ] DEBUG Engine               - collisionDetectionStrategy: BRUTE_FORCE
16:07:10.074 [FXGL Background Thread 3 ] DEBUG Engine               - configClass: Optional.empty
16:07:10.074 [FXGL Background Thread 3 ] DEBUG Engine               - credits: []
16:07:10.076 [FXGL Background Thread 3 ] DEBUG Engine               - defaultCursor: CursorInfo(imageName=fxgl_default_cursor.png, hotspotX=7.0, hotspotY=6.0)
16:07:10.076 [FXGL Background Thread 3 ] DEBUG Engine               - devBBoxColorProperty: ObjectProperty [value: 0xff0000ff]
16:07:10.076 [FXGL Background Thread 3 ] DEBUG Engine               - devEnableDebugCameraProperty: BooleanProperty [value: false]
16:07:10.076 [FXGL Background Thread 3 ] DEBUG Engine               - devSensorColorProperty: ObjectProperty [value: 0xffff00ff]
16:07:10.076 [FXGL Background Thread 3 ] DEBUG Engine               - devShowBBoxProperty: BooleanProperty [value: false]
16:07:10.076 [FXGL Background Thread 3 ] DEBUG Engine               - devShowPositionProperty: BooleanProperty [value: false]
16:07:10.076 [FXGL Background Thread 3 ] DEBUG Engine               - enabledMenuItems: []
16:07:10.076 [FXGL Background Thread 3 ] DEBUG Engine               - engineServices: [class com.almasb.fxgl.app.services.FXGLAssetLoaderService, class com.almasb.fxgl.app.FXGLApplication$GameApplicationService, class com.almasb.fxgl.app.services.FXGLDialogService, class com.almasb.fxgl.app.services.IOTaskExecutorService, class com.almasb.fxgl.io.FileSystemService, class com.almasb.fxgl.localization.LocalizationService, class com.almasb.fxgl.app.services.SystemBundleService, class com.almasb.fxgl.profile.SaveLoadService, class com.almasb.fxgl.ui.FXGLUIFactoryServiceProvider, class com.almasb.fxgl.ui.FXGLDialogFactoryServiceProvider, class com.almasb.fxgl.audio.AudioPlayer, class com.almasb.fxgl.notification.impl.NotificationServiceProvider, class com.almasb.fxgl.achievement.AchievementService, class com.almasb.fxgl.cutscene.CutsceneService, class com.almasb.fxgl.minigames.MiniGameService, class com.almasb.fxgl.net.NetService, class com.almasb.fxgl.app.services.UpdaterService, class com.almasb.fxgl.dev.DevService]
16:07:10.076 [FXGL Background Thread 3 ] DEBUG Engine               - fontGame: Abel-Regular.ttf
16:07:10.077 [FXGL Background Thread 3 ] DEBUG Engine               - fontMono: TerminalLandMono-Regular.otf
16:07:10.077 [FXGL Background Thread 3 ] DEBUG Engine               - fontText: Courier-Prime.ttf
16:07:10.077 [FXGL Background Thread 3 ] DEBUG Engine               - fontUI: VarelaRound-Regular.ttf
16:07:10.077 [FXGL Background Thread 3 ] DEBUG Engine               - fullScreen: BooleanProperty [value: false]
16:07:10.077 [FXGL Background Thread 3 ] DEBUG Engine               - gameDifficulty: MEDIUM
16:07:10.077 [FXGL Background Thread 3 ] DEBUG Engine               - gameDifficultyProperty: ObjectProperty [value: MEDIUM]
16:07:10.077 [FXGL Background Thread 3 ] DEBUG Engine               - globalMusicVolume: 0.5
16:07:10.077 [FXGL Background Thread 3 ] DEBUG Engine               - globalMusicVolumeProperty: DoubleProperty [value: 0.5]
16:07:10.077 [FXGL Background Thread 3 ] DEBUG Engine               - globalSoundVolume: 0.5
16:07:10.077 [FXGL Background Thread 3 ] DEBUG Engine               - globalSoundVolumeProperty: DoubleProperty [value: 0.5]
16:07:10.077 [FXGL Background Thread 3 ] DEBUG Engine               - height: 820
16:07:10.077 [FXGL Background Thread 3 ] DEBUG Engine               - is3D: false
16:07:10.077 [FXGL Background Thread 3 ] DEBUG Engine               - isAndroid: false
16:07:10.077 [FXGL Background Thread 3 ] DEBUG Engine               - isBrowser: false
16:07:10.077 [FXGL Background Thread 3 ] DEBUG Engine               - isClickFeedbackEnabled: false
16:07:10.077 [FXGL Background Thread 3 ] DEBUG Engine               - isCloseConfirmation: false
16:07:10.077 [FXGL Background Thread 3 ] DEBUG Engine               - isDesktop: true
16:07:10.077 [FXGL Background Thread 3 ] DEBUG Engine               - isDeveloperMenuEnabled: false
16:07:10.077 [FXGL Background Thread 3 ] DEBUG Engine               - isEmbedded: false
16:07:10.077 [FXGL Background Thread 3 ] DEBUG Engine               - isEntityPreloadEnabled: true
16:07:10.077 [FXGL Background Thread 3 ] DEBUG Engine               - isExperimentalTiledLargeMap: false
16:07:10.077 [FXGL Background Thread 3 ] DEBUG Engine               - isFileSystemWriteAllowed: true
16:07:10.077 [FXGL Background Thread 3 ] DEBUG Engine               - isFullScreenAllowed: false
16:07:10.077 [FXGL Background Thread 3 ] DEBUG Engine               - isFullScreenFromStart: false
16:07:10.078 [FXGL Background Thread 3 ] DEBUG Engine               - isGameMenuEnabled: false
16:07:10.078 [FXGL Background Thread 3 ] DEBUG Engine               - isIOS: false
16:07:10.078 [FXGL Background Thread 3 ] DEBUG Engine               - isIntroEnabled: false
16:07:10.078 [FXGL Background Thread 3 ] DEBUG Engine               - isLinux: false
16:07:10.078 [FXGL Background Thread 3 ] DEBUG Engine               - isMac: false
16:07:10.078 [FXGL Background Thread 3 ] DEBUG Engine               - isMainMenuEnabled: false
16:07:10.078 [FXGL Background Thread 3 ] DEBUG Engine               - isManualResizeEnabled: false
16:07:10.078 [FXGL Background Thread 3 ] DEBUG Engine               - isMobile: false
16:07:10.078 [FXGL Background Thread 3 ] DEBUG Engine               - isNative: false
16:07:10.078 [FXGL Background Thread 3 ] DEBUG Engine               - isPauseMusicWhenMinimized: true
16:07:10.078 [FXGL Background Thread 3 ] DEBUG Engine               - isPreserveResizeRatio: false
16:07:10.078 [FXGL Background Thread 3 ] DEBUG Engine               - isProfilingEnabled: false
16:07:10.078 [FXGL Background Thread 3 ] DEBUG Engine               - isScaleAffectedOnResize: true
16:07:10.078 [FXGL Background Thread 3 ] DEBUG Engine               - isSingleStep: false
16:07:10.078 [FXGL Background Thread 3 ] DEBUG Engine               - isUserProfileEnabled: false
16:07:10.078 [FXGL Background Thread 3 ] DEBUG Engine               - isWindows: true
16:07:10.078 [FXGL Background Thread 3 ] DEBUG Engine               - language: ObjectProperty [value: ENGLISH]
16:07:10.078 [FXGL Background Thread 3 ] DEBUG Engine               - menuKey: ESCAPE
16:07:10.078 [FXGL Background Thread 3 ] DEBUG Engine               - mouseSensitivity: 0.2
16:07:10.078 [FXGL Background Thread 3 ] DEBUG Engine               - notificationViewClass: class com.almasb.fxgl.notification.view.XboxNotificationView
16:07:10.078 [FXGL Background Thread 3 ] DEBUG Engine               - pixelsPerMeter: 50.0
16:07:10.078 [FXGL Background Thread 3 ] DEBUG Engine               - platform: WINDOWS
16:07:10.078 [FXGL Background Thread 3 ] DEBUG Engine               - prefHeightProperty: ReadOnlyDoubleProperty [value: 820.0]
16:07:10.078 [FXGL Background Thread 3 ] DEBUG Engine               - prefWidthProperty: ReadOnlyDoubleProperty [value: 1480.0]
16:07:10.078 [FXGL Background Thread 3 ] DEBUG Engine               - profileDir: profiles/
16:07:10.078 [FXGL Background Thread 3 ] DEBUG Engine               - profileName: StringProperty [value: DEFAULT]
16:07:10.078 [FXGL Background Thread 3 ] DEBUG Engine               - randomSeed: -1
16:07:10.080 [FXGL Background Thread 3 ] DEBUG Engine               - runtimeInfo: RuntimeInfo(platform=WINDOWS, version=17.2, build=20.08.2022 16.50)
16:07:10.080 [FXGL Background Thread 3 ] DEBUG Engine               - saveFileExt: sav
16:07:10.080 [FXGL Background Thread 3 ] DEBUG Engine               - scaledHeightProp$fxgl: DoubleProperty [bound, value: 797.0]
16:07:10.080 [FXGL Background Thread 3 ] DEBUG Engine               - scaledWidthProp$fxgl: DoubleProperty [bound, value: 1415.0]
16:07:10.080 [FXGL Background Thread 3 ] DEBUG Engine               - sceneFactory: com.almasb.fxgl.app.scene.SceneFactory@3a3941ab
16:07:10.080 [FXGL Background Thread 3 ] DEBUG Engine               - secondsIn24h: 60
16:07:10.080 [FXGL Background Thread 3 ] DEBUG Engine               - soundMenuBack: menu/back.wav
16:07:10.080 [FXGL Background Thread 3 ] DEBUG Engine               - soundMenuPress: menu/press.wav
16:07:10.080 [FXGL Background Thread 3 ] DEBUG Engine               - soundMenuSelect: menu/select.wav
16:07:10.080 [FXGL Background Thread 3 ] DEBUG Engine               - soundNotification: core/notification.wav
16:07:10.080 [FXGL Background Thread 3 ] DEBUG Engine               - stageStyle: DECORATED
16:07:10.080 [FXGL Background Thread 3 ] DEBUG Engine               - supportedLanguages: [ENGLISH, FRENCH, GERMAN, HUNGARIAN, RUSSIAN]
16:07:10.080 [FXGL Background Thread 3 ] DEBUG Engine               - ticksPerSecond: -1
16:07:10.080 [FXGL Background Thread 3 ] DEBUG Engine               - title: Untitled
16:07:10.080 [FXGL Background Thread 3 ] DEBUG Engine               - urlGithub: https://github.com/AlmasB/FXGL
16:07:10.080 [FXGL Background Thread 3 ] DEBUG Engine               - urlLeaderboard: http://fxgl-top.herokuapp.com/
16:07:10.080 [FXGL Background Thread 3 ] DEBUG Engine               - urlPOM: https://raw.githubusercontent.com/AlmasB/FXGL/release/README.md
16:07:10.080 [FXGL Background Thread 3 ] DEBUG Engine               - userAppClass: class edu.vanier.animals_revenge.MainApp
16:07:10.080 [FXGL Background Thread 3 ] DEBUG Engine               - version: 0.0
16:07:10.080 [FXGL Background Thread 3 ] DEBUG Engine               - versionCheckDays: 7
16:07:10.080 [FXGL Background Thread 3 ] DEBUG Engine               - width: 1480
16:07:10.080 [FXGL Background Thread 3 ] DEBUG Engine               - Logging services
16:07:10.080 [FXGL Background Thread 3 ] DEBUG Engine               - class com.almasb.fxgl.app.services.FXGLAssetLoaderService
16:07:10.080 [FXGL Background Thread 3 ] DEBUG Engine               - class com.almasb.fxgl.app.FXGLApplication$GameApplicationService
16:07:10.080 [FXGL Background Thread 3 ] DEBUG Engine               - class com.almasb.fxgl.app.services.FXGLDialogService
16:07:10.080 [FXGL Background Thread 3 ] DEBUG Engine               - class com.almasb.fxgl.app.services.IOTaskExecutorService
16:07:10.080 [FXGL Background Thread 3 ] DEBUG Engine               - class com.almasb.fxgl.io.FileSystemService
16:07:10.080 [FXGL Background Thread 3 ] DEBUG Engine               - class com.almasb.fxgl.localization.LocalizationService
16:07:10.080 [FXGL Background Thread 3 ] DEBUG Engine               - class com.almasb.fxgl.app.services.SystemBundleService
16:07:10.080 [FXGL Background Thread 3 ] DEBUG Engine               - class com.almasb.fxgl.profile.SaveLoadService
16:07:10.080 [FXGL Background Thread 3 ] DEBUG Engine               - class com.almasb.fxgl.ui.FXGLUIFactoryServiceProvider
16:07:10.080 [FXGL Background Thread 3 ] DEBUG Engine               - class com.almasb.fxgl.ui.FXGLDialogFactoryServiceProvider
16:07:10.080 [FXGL Background Thread 3 ] DEBUG Engine               - class com.almasb.fxgl.audio.AudioPlayer
16:07:10.080 [FXGL Background Thread 3 ] DEBUG Engine               - class com.almasb.fxgl.notification.impl.NotificationServiceProvider
16:07:10.080 [FXGL Background Thread 3 ] DEBUG Engine               - class com.almasb.fxgl.achievement.AchievementService
16:07:10.080 [FXGL Background Thread 3 ] DEBUG Engine               - class com.almasb.fxgl.cutscene.CutsceneService
16:07:10.080 [FXGL Background Thread 3 ] DEBUG Engine               - class com.almasb.fxgl.minigames.MiniGameService
16:07:10.080 [FXGL Background Thread 3 ] DEBUG Engine               - class com.almasb.fxgl.net.NetService
16:07:10.080 [FXGL Background Thread 3 ] DEBUG Engine               - class com.almasb.fxgl.app.services.UpdaterService
16:07:10.080 [FXGL Background Thread 3 ] DEBUG Engine               - class com.almasb.fxgl.dev.DevService
16:07:38.266 [JavaFX Application Thread] DEBUG FXGLApplication      - Exiting FXGL
16:07:38.266 [JavaFX Application Thread] DEBUG LoopRunner           - Stopping loop
16:07:38.266 [JavaFX Application Thread] DEBUG SystemBundleService  - Saving FXGL system data
16:07:38.268 [JavaFX Application Thread] DEBUG FileSystemAccess     - Writing to: C:\Users\macke\OneDrive\Documents\School\Semester 3\Programming in a Graphical User Interface\Homework\animals-revenge\system\fxgl.bundle
16:07:38.270 [JavaFX Application Thread] DEBUG Async                - Shutting down background threads
16:07:38.270 [JavaFX Application Thread] DEBUG PrimaryStageWindow   - Closing main window
16:07:38.285 [JavaFX Application Thread] DEBUG Logger               - Closing Logger
