12:54:37.705 [main                     ] DEBUG Logger               - Configured Logger
12:54:37.729 [main                     ] DEBUG GameApplication      - Logging settings
Title: Untitled
Version: 0.0
Width: 1480
Height: 820
Fullscreen: false
Intro: false
Profiling: false
Single step:false
App Mode: DEVELOPER
Menu Key: ESCAPE
Stage Style: DECORATED
Scene Factory: class com.almasb.fxgl.app.scene.SceneFactory

12:54:38.396 [JavaFX Application Thread] DEBUG FXGLApplication      - Initializing FXGL
12:54:38.403 [JavaFX Application Thread] INFO  Engine               - FXGL-17.2 (20.08.2022 16.50) on WINDOWS (J:18.0.2.1 FX:20.0.2)
12:54:38.403 [JavaFX Application Thread] DEBUG Engine               - JRE Vendor Name: Oracle Corporation
12:54:38.404 [JavaFX Application Thread] DEBUG Engine               - Running on OS: Windows 11 version 10.0
12:54:38.404 [JavaFX Application Thread] DEBUG Engine               - Architecture: amd64
12:54:38.404 [JavaFX Application Thread] INFO  Engine               - Source code and latest versions at: https://github.com/AlmasB/FXGL
12:54:38.404 [JavaFX Application Thread] INFO  Engine               -       Ask questions and discuss at: https://github.com/AlmasB/FXGL/discussions
12:54:38.405 [JavaFX Application Thread] INFO  Engine               -              Join the FXGL chat at: https://gitter.im/AlmasB/FXGL
12:54:38.559 [JavaFX Application Thread] DEBUG PrimaryStageWindow   - Creating a JavaFX scene
12:54:38.559 [JavaFX Application Thread] DEBUG PrimaryStageWindow   - Target size > screen size
12:54:38.620 [JavaFX Application Thread] DEBUG PrimaryStageWindow   - Target settings size: 1480.0 x 820.0
12:54:38.621 [JavaFX Application Thread] DEBUG PrimaryStageWindow   - Scaled scene size:    1415.0 x 797.0
12:54:38.621 [JavaFX Application Thread] DEBUG PrimaryStageWindow   - Scaled ratio: (0.956081081081081, 0.9719512195121951)
12:54:38.625 [JavaFX Application Thread] DEBUG PrimaryStageWindow   - Set initial scene to FXGLStartupScene
12:54:38.632 [JavaFX Application Thread] DEBUG PrimaryStageWindow   - Opening main window
12:54:38.823 [JavaFX Application Thread] DEBUG PrimaryStageWindow   - Window border size: (13.0, 35.5)
12:54:38.823 [JavaFX Application Thread] DEBUG PrimaryStageWindow   - Scaled size: 1415.0 x 797.0
12:54:38.824 [JavaFX Application Thread] DEBUG PrimaryStageWindow   - Scaled ratio: (0.956081081081081, 0.9719512195121951)
12:54:38.824 [JavaFX Application Thread] DEBUG PrimaryStageWindow   - Scene size: 1415.0 x 797.0
12:54:38.824 [JavaFX Application Thread] DEBUG PrimaryStageWindow   - Stage size: 1428.0 x 832.5
12:54:38.835 [FXGL Background Thread 1 ] DEBUG Engine               - Initializing environment variables
12:54:38.920 [FXGL Background Thread 1 ] DEBUG FXGLAssetLoaderServi - User app class for loading assets: class edu.vanier.animals_revenge.MainApp
12:54:38.920 [FXGL Background Thread 1 ] DEBUG GameApplicationServi - Applying CSS: fxgl_dark.css
12:54:38.921 [FXGL Background Thread 1 ] DEBUG FXGLAssetLoaderServi - Loading from file system: jar:file:/C:/Users/macke/.gradle/caches/modules-2/files-2.1/com.github.almasb/fxgl/17.2/35db6ae960eec2dcfd19262d3b7f9c42f0e95bc3/fxgl-17.2.jar!/fxglassets/ui/css/fxgl_dark.css
12:54:38.978 [FXGL Background Thread 1 ] DEBUG GameApplicationServi - Initializing application scenes
12:54:39.078 [FXGL Background Thread 1 ] DEBUG GameWorld            - Game world initialized
12:54:39.164 [FXGL Background Thread 1 ] DEBUG PhysicsWorld         - Physics world initialized: appHeight=820, physics.ppm=50.0
12:54:39.165 [FXGL Background Thread 1 ] DEBUG PhysicsWorld         - Using strategy: BRUTE_FORCE
12:54:39.170 [FXGL Background Thread 1 ] DEBUG GameScene            - Game scene initialized: 1480x820
12:54:39.170 [FXGL Background Thread 1 ] DEBUG GameApplicationServi - Application scenes initialized
12:54:39.192 [FXGL Background Thread 1 ] DEBUG SystemBundleService  - Loading FXGL system data
12:54:39.197 [FXGL Background Thread 1 ] DEBUG FileSystemAccess     - Reading from: C:\Users\macke\OneDrive\Documents\School\Semester 3\Programming in a Graphical User Interface\Homework\animals-revenge\system\fxgl.bundle
12:54:39.208 [FXGL Background Thread 1 ] DEBUG SystemBundleService  - Bundle FXGL: {}
12:54:39.208 [FXGL Background Thread 1 ] DEBUG UpdaterService       - Checking for updates
12:54:39.224 [FXGL Background Thread 4 ] DEBUG FXGLApplication      - Loading fonts
12:54:39.225 [FXGL Background Thread 1 ] DEBUG FXGLApplication      - Loading default localization
12:54:39.226 [FXGL Background Thread 4 ] DEBUG FXGLAssetLoaderServi - Loading from file system: jar:file:/C:/Users/macke/.gradle/caches/modules-2/files-2.1/com.github.almasb/fxgl/17.2/35db6ae960eec2dcfd19262d3b7f9c42f0e95bc3/fxgl-17.2.jar!/fxglassets/ui/fonts/VarelaRound-Regular.ttf
12:54:39.226 [FXGL Background Thread 1 ] DEBUG FXGLAssetLoaderServi - Loading from file system: jar:file:/C:/Users/macke/.gradle/caches/modules-2/files-2.1/com.github.almasb/fxgl/17.2/35db6ae960eec2dcfd19262d3b7f9c42f0e95bc3/fxgl-17.2.jar!/fxglassets/languages/english.lang
12:54:39.288 [FXGL Background Thread 1 ] INFO  FXGLApplication      - FXGL initialization took: 0.453 sec
12:54:39.294 [JavaFX Application Thread] DEBUG Input                - Registered new binding: Launch - RMB
12:54:39.296 [JavaFX Application Thread] DEBUG Input                - Registered new binding: Create - LMB
12:54:39.296 [JavaFX Application Thread] DEBUG Input                - Registered new binding: Drag - CTRL+LMB
12:54:39.297 [JavaFX Application Thread] DEBUG FXGLAssetLoaderServi - Loading from file system: jar:file:/C:/Users/macke/.gradle/caches/modules-2/files-2.1/com.github.almasb/fxgl/17.2/35db6ae960eec2dcfd19262d3b7f9c42f0e95bc3/fxgl-17.2.jar!/fxglassets/textures/fxgl_icon.png
12:54:39.322 [FXGL Background Thread 4 ] DEBUG FXGLAssetLoaderServi - Loading from file system: jar:file:/C:/Users/macke/.gradle/caches/modules-2/files-2.1/com.github.almasb/fxgl/17.2/35db6ae960eec2dcfd19262d3b7f9c42f0e95bc3/fxgl-17.2.jar!/fxglassets/ui/fonts/Abel-Regular.ttf
12:54:39.327 [FXGL Background Thread 4 ] DEBUG FXGLAssetLoaderServi - Loading from file system: jar:file:/C:/Users/macke/.gradle/caches/modules-2/files-2.1/com.github.almasb/fxgl/17.2/35db6ae960eec2dcfd19262d3b7f9c42f0e95bc3/fxgl-17.2.jar!/fxglassets/ui/fonts/TerminalLandMono-Regular.otf
12:54:39.334 [FXGL Background Thread 4 ] DEBUG FXGLAssetLoaderServi - Loading from file system: jar:file:/C:/Users/macke/.gradle/caches/modules-2/files-2.1/com.github.almasb/fxgl/17.2/35db6ae960eec2dcfd19262d3b7f9c42f0e95bc3/fxgl-17.2.jar!/fxglassets/ui/fonts/Courier-Prime.ttf
12:54:39.357 [JavaFX Application Thread] DEBUG FXGLAssetLoaderServi - Loading from file system: jar:file:/C:/Users/macke/.gradle/caches/modules-2/files-2.1/com.github.almasb/fxgl/17.2/35db6ae960eec2dcfd19262d3b7f9c42f0e95bc3/fxgl-17.2.jar!/fxglassets/textures/fxgl_default_cursor.png
12:54:39.367 [JavaFX Application Thread] DEBUG Input                - Registered new binding: Screenshot - CTRL+8
12:54:39.368 [JavaFX Application Thread] DEBUG Input                - Registered new binding: System info dump - CTRL+9
12:54:39.369 [JavaFX Application Thread] DEBUG Input                - Registered new binding: Restart - CTRL+R
12:54:39.370 [JavaFX Application Thread] DEBUG Input                - Registered new binding: Toggle Debug Camera - CTRL+7
12:54:39.379 [JavaFX Application Thread] DEBUG LoopRunner           - Starting loop
12:54:39.379 [JavaFX Application Thread] DEBUG LoopRunner           - Initializing JavaFX AnimationTimerLoop
12:54:39.383 [JavaFX Application Thread] DEBUG GameApplicationServi - Starting new game
12:54:39.383 [JavaFX Application Thread] DEBUG Input                - Clearing active input actions
12:54:39.400 [JavaFX Application Thread] DEBUG GameApplicationServi - Removing overlay from FXGLStartupScene and adding to FXGLLoadingScene
12:54:39.400 [JavaFX Application Thread] DEBUG PrimaryStageWindow   - FXGLStartupScene -> FXGLLoadingScene
12:54:39.401 [JavaFX Application Thread] DEBUG GameApplicationServi - Clearing previous game
12:54:39.401 [JavaFX Application Thread] DEBUG GameScene            - Clearing game scene
12:54:39.401 [JavaFX Application Thread] DEBUG GameWorld            - Clearing game world
12:54:39.401 [JavaFX Application Thread] DEBUG PhysicsWorld         - Clearing physics world
12:54:39.405 [FXGL Background Thread 4 ] DEBUG FXGLApplication      - Initializing game
12:54:39.407 [JavaFX Application Thread] DEBUG FXGLApplication      - Registering font factories with UI factory
12:54:39.444 [FXGL Background Thread 4 ] DEBUG FXGLAssetLoaderServi - Loading from file system: file:/C:/Users/macke/OneDrive/Documents/School/Semester%203/Programming%20in%20a%20Graphical%20User%20Interface/Homework/animals-revenge/build/resources/main/assets/ui/Home.fxml
12:54:39.690 [FXGL Background Thread 2 ] INFO  UpdaterService       - Your current version:  17.2
12:54:39.690 [FXGL Background Thread 2 ] INFO  UpdaterService       - Latest stable version: 17.3
12:54:39.899 [FXGL Background Thread 4 ] INFO  FXGLApplication      - Game initialization took: 0.493 sec
12:54:39.900 [JavaFX Application Thread] DEBUG Input                - Clearing active input actions
12:54:39.922 [JavaFX Application Thread] DEBUG GameApplicationServi - Removing overlay from FXGLLoadingScene and adding to GameScene
12:54:39.922 [JavaFX Application Thread] DEBUG PrimaryStageWindow   - FXGLLoadingScene -> GameScene
12:54:41.826 [JavaFX Application Thread] DEBUG FXGLAssetLoaderServi - Loading from file system: file:/C:/Users/macke/OneDrive/Documents/School/Semester%203/Programming%20in%20a%20Graphical%20User%20Interface/Homework/animals-revenge/build/resources/main/assets/ui/Simulator.fxml
12:54:42.013 [JavaFX Application Thread] DEBUG FXGLAssetLoaderServi - Loading from file system: file:/C:/Users/macke/OneDrive/Documents/School/Semester%203/Programming%20in%20a%20Graphical%20User%20Interface/Homework/animals-revenge/build/resources/main/assets/textures/cannon.png
12:54:42.022 [JavaFX Application Thread] DEBUG FXGLAssetLoaderServi - Loading from file system: file:/C:/Users/macke/OneDrive/Documents/School/Semester%203/Programming%20in%20a%20Graphical%20User%20Interface/Homework/animals-revenge/build/resources/main/assets/textures/brick32x32.png
12:54:42.228 [FXGL Background Thread 3 ] DEBUG Engine               - Logging environment variables
12:54:42.229 [FXGL Background Thread 3 ] DEBUG Engine               - achievements: []
12:54:42.229 [FXGL Background Thread 3 ] DEBUG Engine               - actualHeight: 797.0
12:54:42.230 [FXGL Background Thread 3 ] DEBUG Engine               - actualHeightProperty: ReadOnlyDoubleProperty [value: 797.0]
12:54:42.230 [FXGL Background Thread 3 ] DEBUG Engine               - actualWidth: 1415.0
12:54:42.230 [FXGL Background Thread 3 ] DEBUG Engine               - actualWidthProperty: ReadOnlyDoubleProperty [value: 1415.0]
12:54:42.230 [FXGL Background Thread 3 ] DEBUG Engine               - appIcon: fxgl_icon.png
12:54:42.230 [FXGL Background Thread 3 ] DEBUG Engine               - applicationMode: DEVELOPER
12:54:42.230 [FXGL Background Thread 3 ] DEBUG Engine               - cSSList: [fxgl_dark.css]
12:54:42.230 [FXGL Background Thread 3 ] DEBUG Engine               - collisionDetectionStrategy: BRUTE_FORCE
12:54:42.230 [FXGL Background Thread 3 ] DEBUG Engine               - configClass: Optional.empty
12:54:42.230 [FXGL Background Thread 3 ] DEBUG Engine               - credits: []
12:54:42.237 [FXGL Background Thread 3 ] DEBUG Engine               - defaultCursor: CursorInfo(imageName=fxgl_default_cursor.png, hotspotX=7.0, hotspotY=6.0)
12:54:42.237 [FXGL Background Thread 3 ] DEBUG Engine               - devBBoxColorProperty: ObjectProperty [value: 0xff0000ff]
12:54:42.237 [FXGL Background Thread 3 ] DEBUG Engine               - devEnableDebugCameraProperty: BooleanProperty [value: false]
12:54:42.237 [FXGL Background Thread 3 ] DEBUG Engine               - devSensorColorProperty: ObjectProperty [value: 0xffff00ff]
12:54:42.237 [FXGL Background Thread 3 ] DEBUG Engine               - devShowBBoxProperty: BooleanProperty [value: false]
12:54:42.237 [FXGL Background Thread 3 ] DEBUG Engine               - devShowPositionProperty: BooleanProperty [value: false]
12:54:42.237 [FXGL Background Thread 3 ] DEBUG Engine               - enabledMenuItems: []
12:54:42.237 [FXGL Background Thread 3 ] DEBUG Engine               - engineServices: [class com.almasb.fxgl.app.services.FXGLAssetLoaderService, class com.almasb.fxgl.app.FXGLApplication$GameApplicationService, class com.almasb.fxgl.app.services.FXGLDialogService, class com.almasb.fxgl.app.services.IOTaskExecutorService, class com.almasb.fxgl.io.FileSystemService, class com.almasb.fxgl.localization.LocalizationService, class com.almasb.fxgl.app.services.SystemBundleService, class com.almasb.fxgl.profile.SaveLoadService, class com.almasb.fxgl.ui.FXGLUIFactoryServiceProvider, class com.almasb.fxgl.ui.FXGLDialogFactoryServiceProvider, class com.almasb.fxgl.audio.AudioPlayer, class com.almasb.fxgl.notification.impl.NotificationServiceProvider, class com.almasb.fxgl.achievement.AchievementService, class com.almasb.fxgl.cutscene.CutsceneService, class com.almasb.fxgl.minigames.MiniGameService, class com.almasb.fxgl.net.NetService, class com.almasb.fxgl.app.services.UpdaterService, class com.almasb.fxgl.dev.DevService]
12:54:42.237 [FXGL Background Thread 3 ] DEBUG Engine               - fontGame: Abel-Regular.ttf
12:54:42.238 [FXGL Background Thread 3 ] DEBUG Engine               - fontMono: TerminalLandMono-Regular.otf
12:54:42.238 [FXGL Background Thread 3 ] DEBUG Engine               - fontText: Courier-Prime.ttf
12:54:42.238 [FXGL Background Thread 3 ] DEBUG Engine               - fontUI: VarelaRound-Regular.ttf
12:54:42.238 [FXGL Background Thread 3 ] DEBUG Engine               - fullScreen: BooleanProperty [value: false]
12:54:42.238 [FXGL Background Thread 3 ] DEBUG Engine               - gameDifficulty: MEDIUM
12:54:42.238 [FXGL Background Thread 3 ] DEBUG Engine               - gameDifficultyProperty: ObjectProperty [value: MEDIUM]
12:54:42.238 [FXGL Background Thread 3 ] DEBUG Engine               - globalMusicVolume: 0.5
12:54:42.238 [FXGL Background Thread 3 ] DEBUG Engine               - globalMusicVolumeProperty: DoubleProperty [value: 0.5]
12:54:42.238 [FXGL Background Thread 3 ] DEBUG Engine               - globalSoundVolume: 0.5
12:54:42.238 [FXGL Background Thread 3 ] DEBUG Engine               - globalSoundVolumeProperty: DoubleProperty [value: 0.5]
12:54:42.238 [FXGL Background Thread 3 ] DEBUG Engine               - height: 820
12:54:42.238 [FXGL Background Thread 3 ] DEBUG Engine               - is3D: false
12:54:42.238 [FXGL Background Thread 3 ] DEBUG Engine               - isAndroid: false
12:54:42.238 [FXGL Background Thread 3 ] DEBUG Engine               - isBrowser: false
12:54:42.238 [FXGL Background Thread 3 ] DEBUG Engine               - isClickFeedbackEnabled: false
12:54:42.238 [FXGL Background Thread 3 ] DEBUG Engine               - isCloseConfirmation: false
12:54:42.238 [FXGL Background Thread 3 ] DEBUG Engine               - isDesktop: true
12:54:42.238 [FXGL Background Thread 3 ] DEBUG Engine               - isDeveloperMenuEnabled: false
12:54:42.238 [FXGL Background Thread 3 ] DEBUG Engine               - isEmbedded: false
12:54:42.238 [FXGL Background Thread 3 ] DEBUG Engine               - isEntityPreloadEnabled: true
12:54:42.239 [FXGL Background Thread 3 ] DEBUG Engine               - isExperimentalTiledLargeMap: false
12:54:42.239 [FXGL Background Thread 3 ] DEBUG Engine               - isFileSystemWriteAllowed: true
12:54:42.239 [FXGL Background Thread 3 ] DEBUG Engine               - isFullScreenAllowed: false
12:54:42.239 [FXGL Background Thread 3 ] DEBUG Engine               - isFullScreenFromStart: false
12:54:42.239 [FXGL Background Thread 3 ] DEBUG Engine               - isGameMenuEnabled: false
12:54:42.239 [FXGL Background Thread 3 ] DEBUG Engine               - isIOS: false
12:54:42.239 [FXGL Background Thread 3 ] DEBUG Engine               - isIntroEnabled: false
12:54:42.239 [FXGL Background Thread 3 ] DEBUG Engine               - isLinux: false
12:54:42.239 [FXGL Background Thread 3 ] DEBUG Engine               - isMac: false
12:54:42.239 [FXGL Background Thread 3 ] DEBUG Engine               - isMainMenuEnabled: false
12:54:42.239 [FXGL Background Thread 3 ] DEBUG Engine               - isManualResizeEnabled: false
12:54:42.239 [FXGL Background Thread 3 ] DEBUG Engine               - isMobile: false
12:54:42.239 [FXGL Background Thread 3 ] DEBUG Engine               - isNative: false
12:54:42.239 [FXGL Background Thread 3 ] DEBUG Engine               - isPauseMusicWhenMinimized: true
12:54:42.239 [FXGL Background Thread 3 ] DEBUG Engine               - isPreserveResizeRatio: false
12:54:42.239 [FXGL Background Thread 3 ] DEBUG Engine               - isProfilingEnabled: false
12:54:42.239 [FXGL Background Thread 3 ] DEBUG Engine               - isScaleAffectedOnResize: true
12:54:42.239 [FXGL Background Thread 3 ] DEBUG Engine               - isSingleStep: false
12:54:42.239 [FXGL Background Thread 3 ] DEBUG Engine               - isUserProfileEnabled: false
12:54:42.239 [FXGL Background Thread 3 ] DEBUG Engine               - isWindows: true
12:54:42.239 [FXGL Background Thread 3 ] DEBUG Engine               - language: ObjectProperty [value: ENGLISH]
12:54:42.239 [FXGL Background Thread 3 ] DEBUG Engine               - menuKey: ESCAPE
12:54:42.239 [FXGL Background Thread 3 ] DEBUG Engine               - mouseSensitivity: 0.2
12:54:42.240 [FXGL Background Thread 3 ] DEBUG Engine               - notificationViewClass: class com.almasb.fxgl.notification.view.XboxNotificationView
12:54:42.240 [FXGL Background Thread 3 ] DEBUG Engine               - pixelsPerMeter: 50.0
12:54:42.240 [FXGL Background Thread 3 ] DEBUG Engine               - platform: WINDOWS
12:54:42.240 [FXGL Background Thread 3 ] DEBUG Engine               - prefHeightProperty: ReadOnlyDoubleProperty [value: 820.0]
12:54:42.240 [FXGL Background Thread 3 ] DEBUG Engine               - prefWidthProperty: ReadOnlyDoubleProperty [value: 1480.0]
12:54:42.240 [FXGL Background Thread 3 ] DEBUG Engine               - profileDir: profiles/
12:54:42.240 [FXGL Background Thread 3 ] DEBUG Engine               - profileName: StringProperty [value: DEFAULT]
12:54:42.240 [FXGL Background Thread 3 ] DEBUG Engine               - randomSeed: -1
12:54:42.242 [FXGL Background Thread 3 ] DEBUG Engine               - runtimeInfo: RuntimeInfo(platform=WINDOWS, version=17.2, build=20.08.2022 16.50)
12:54:42.242 [FXGL Background Thread 3 ] DEBUG Engine               - saveFileExt: sav
12:54:42.242 [FXGL Background Thread 3 ] DEBUG Engine               - scaledHeightProp$fxgl: DoubleProperty [bound, value: 797.0]
12:54:42.242 [FXGL Background Thread 3 ] DEBUG Engine               - scaledWidthProp$fxgl: DoubleProperty [bound, value: 1415.0]
12:54:42.242 [FXGL Background Thread 3 ] DEBUG Engine               - sceneFactory: com.almasb.fxgl.app.scene.SceneFactory@72ca7894
12:54:42.242 [FXGL Background Thread 3 ] DEBUG Engine               - secondsIn24h: 60
12:54:42.242 [FXGL Background Thread 3 ] DEBUG Engine               - soundMenuBack: menu/back.wav
12:54:42.242 [FXGL Background Thread 3 ] DEBUG Engine               - soundMenuPress: menu/press.wav
12:54:42.242 [FXGL Background Thread 3 ] DEBUG Engine               - soundMenuSelect: menu/select.wav
12:54:42.242 [FXGL Background Thread 3 ] DEBUG Engine               - soundNotification: core/notification.wav
12:54:42.242 [FXGL Background Thread 3 ] DEBUG Engine               - stageStyle: DECORATED
12:54:42.242 [FXGL Background Thread 3 ] DEBUG Engine               - supportedLanguages: [ENGLISH, FRENCH, GERMAN, HUNGARIAN, RUSSIAN]
12:54:42.242 [FXGL Background Thread 3 ] DEBUG Engine               - ticksPerSecond: -1
12:54:42.242 [FXGL Background Thread 3 ] DEBUG Engine               - title: Untitled
12:54:42.242 [FXGL Background Thread 3 ] DEBUG Engine               - urlGithub: https://github.com/AlmasB/FXGL
12:54:42.242 [FXGL Background Thread 3 ] DEBUG Engine               - urlLeaderboard: http://fxgl-top.herokuapp.com/
12:54:42.242 [FXGL Background Thread 3 ] DEBUG Engine               - urlPOM: https://raw.githubusercontent.com/AlmasB/FXGL/release/README.md
12:54:42.243 [FXGL Background Thread 3 ] DEBUG Engine               - userAppClass: class edu.vanier.animals_revenge.MainApp
12:54:42.243 [FXGL Background Thread 3 ] DEBUG Engine               - version: 0.0
12:54:42.243 [FXGL Background Thread 3 ] DEBUG Engine               - versionCheckDays: 7
12:54:42.243 [FXGL Background Thread 3 ] DEBUG Engine               - width: 1480
12:54:42.243 [FXGL Background Thread 3 ] DEBUG Engine               - Logging services
12:54:42.243 [FXGL Background Thread 3 ] DEBUG Engine               - class com.almasb.fxgl.app.services.FXGLAssetLoaderService
12:54:42.243 [FXGL Background Thread 3 ] DEBUG Engine               - class com.almasb.fxgl.app.FXGLApplication$GameApplicationService
12:54:42.243 [FXGL Background Thread 3 ] DEBUG Engine               - class com.almasb.fxgl.app.services.FXGLDialogService
12:54:42.243 [FXGL Background Thread 3 ] DEBUG Engine               - class com.almasb.fxgl.app.services.IOTaskExecutorService
12:54:42.243 [FXGL Background Thread 3 ] DEBUG Engine               - class com.almasb.fxgl.io.FileSystemService
12:54:42.243 [FXGL Background Thread 3 ] DEBUG Engine               - class com.almasb.fxgl.localization.LocalizationService
12:54:42.243 [FXGL Background Thread 3 ] DEBUG Engine               - class com.almasb.fxgl.app.services.SystemBundleService
12:54:42.243 [FXGL Background Thread 3 ] DEBUG Engine               - class com.almasb.fxgl.profile.SaveLoadService
12:54:42.243 [FXGL Background Thread 3 ] DEBUG Engine               - class com.almasb.fxgl.ui.FXGLUIFactoryServiceProvider
12:54:42.243 [FXGL Background Thread 3 ] DEBUG Engine               - class com.almasb.fxgl.ui.FXGLDialogFactoryServiceProvider
12:54:42.243 [FXGL Background Thread 3 ] DEBUG Engine               - class com.almasb.fxgl.audio.AudioPlayer
12:54:42.243 [FXGL Background Thread 3 ] DEBUG Engine               - class com.almasb.fxgl.notification.impl.NotificationServiceProvider
12:54:42.243 [FXGL Background Thread 3 ] DEBUG Engine               - class com.almasb.fxgl.achievement.AchievementService
12:54:42.243 [FXGL Background Thread 3 ] DEBUG Engine               - class com.almasb.fxgl.cutscene.CutsceneService
12:54:42.243 [FXGL Background Thread 3 ] DEBUG Engine               - class com.almasb.fxgl.minigames.MiniGameService
12:54:42.243 [FXGL Background Thread 3 ] DEBUG Engine               - class com.almasb.fxgl.net.NetService
12:54:42.243 [FXGL Background Thread 3 ] DEBUG Engine               - class com.almasb.fxgl.app.services.UpdaterService
12:54:42.243 [FXGL Background Thread 3 ] DEBUG Engine               - class com.almasb.fxgl.dev.DevService
12:54:44.901 [JavaFX Application Thread] DEBUG FXGLAssetLoaderServi - Loading from file system: file:/C:/Users/macke/OneDrive/Documents/School/Semester%203/Programming%20in%20a%20Graphical%20User%20Interface/Homework/animals-revenge/build/resources/main/assets/textures/soccer.png
12:54:56.409 [JavaFX Application Thread] DEBUG LoopRunner           - Stopping loop
12:54:56.412 [JavaFX Application Thread] FATAL FXGLApplication      - Uncaught Exception:
java.lang.RuntimeException: java.lang.reflect.InvocationTargetException
	at javafx.fxml@20.0.2/javafx.fxml.FXMLLoader$MethodHandler.invoke(FXMLLoader.java:1858)
	at javafx.fxml@20.0.2/javafx.fxml.FXMLLoader$ControllerMethodEventHandler.handle(FXMLLoader.java:1726)
	at javafx.base@20.0.2/com.sun.javafx.event.CompositeEventHandler.dispatchBubblingEvent(CompositeEventHandler.java:86)
	at javafx.base@20.0.2/com.sun.javafx.event.EventHandlerManager.dispatchBubblingEvent(EventHandlerManager.java:232)
	at javafx.base@20.0.2/com.sun.javafx.event.EventHandlerManager.dispatchBubblingEvent(EventHandlerManager.java:189)
	at javafx.base@20.0.2/com.sun.javafx.event.CompositeEventDispatcher.dispatchBubblingEvent(CompositeEventDispatcher.java:59)
	at javafx.base@20.0.2/com.sun.javafx.event.BasicEventDispatcher.dispatchEvent(BasicEventDispatcher.java:58)
	at javafx.base@20.0.2/com.sun.javafx.event.EventDispatchChainImpl.dispatchEvent(EventDispatchChainImpl.java:114)
	at javafx.base@20.0.2/com.sun.javafx.event.BasicEventDispatcher.dispatchEvent(BasicEventDispatcher.java:56)
	at javafx.base@20.0.2/com.sun.javafx.event.EventDispatchChainImpl.dispatchEvent(EventDispatchChainImpl.java:114)
	at javafx.base@20.0.2/com.sun.javafx.event.BasicEventDispatcher.dispatchEvent(BasicEventDispatcher.java:56)
	at javafx.base@20.0.2/com.sun.javafx.event.EventDispatchChainImpl.dispatchEvent(EventDispatchChainImpl.java:114)
	at javafx.base@20.0.2/com.sun.javafx.event.EventUtil.fireEventImpl(EventUtil.java:74)
	at javafx.base@20.0.2/com.sun.javafx.event.EventUtil.fireEvent(EventUtil.java:49)
	at javafx.base@20.0.2/javafx.event.Event.fireEvent(Event.java:198)
	at javafx.graphics@20.0.2/javafx.scene.Node.fireEvent(Node.java:8944)
	at javafx.controls@20.0.2/javafx.scene.control.Button.fire(Button.java:203)
	at javafx.controls@20.0.2/com.sun.javafx.scene.control.behavior.ButtonBehavior.mouseReleased(ButtonBehavior.java:207)
	at javafx.controls@20.0.2/com.sun.javafx.scene.control.inputmap.InputMap.handle(InputMap.java:274)
	at javafx.base@20.0.2/com.sun.javafx.event.CompositeEventHandler$NormalEventHandlerRecord.handleBubblingEvent(CompositeEventHandler.java:247)
	at javafx.base@20.0.2/com.sun.javafx.event.CompositeEventHandler.dispatchBubblingEvent(CompositeEventHandler.java:80)
	at javafx.base@20.0.2/com.sun.javafx.event.EventHandlerManager.dispatchBubblingEvent(EventHandlerManager.java:232)
	at javafx.base@20.0.2/com.sun.javafx.event.EventHandlerManager.dispatchBubblingEvent(EventHandlerManager.java:189)
	at javafx.base@20.0.2/com.sun.javafx.event.CompositeEventDispatcher.dispatchBubblingEvent(CompositeEventDispatcher.java:59)
	at javafx.base@20.0.2/com.sun.javafx.event.BasicEventDispatcher.dispatchEvent(BasicEventDispatcher.java:58)
	at javafx.base@20.0.2/com.sun.javafx.event.EventDispatchChainImpl.dispatchEvent(EventDispatchChainImpl.java:114)
	at javafx.base@20.0.2/com.sun.javafx.event.BasicEventDispatcher.dispatchEvent(BasicEventDispatcher.java:56)
	at javafx.base@20.0.2/com.sun.javafx.event.EventDispatchChainImpl.dispatchEvent(EventDispatchChainImpl.java:114)
	at javafx.base@20.0.2/com.sun.javafx.event.BasicEventDispatcher.dispatchEvent(BasicEventDispatcher.java:56)
	at javafx.base@20.0.2/com.sun.javafx.event.EventDispatchChainImpl.dispatchEvent(EventDispatchChainImpl.java:114)
	at javafx.base@20.0.2/com.sun.javafx.event.EventUtil.fireEventImpl(EventUtil.java:74)
	at javafx.base@20.0.2/com.sun.javafx.event.EventUtil.fireEvent(EventUtil.java:54)
	at javafx.base@20.0.2/javafx.event.Event.fireEvent(Event.java:198)
	at javafx.graphics@20.0.2/javafx.scene.Scene$MouseHandler.process(Scene.java:3980)
	at javafx.graphics@20.0.2/javafx.scene.Scene.processMouseEvent(Scene.java:1890)
	at javafx.graphics@20.0.2/javafx.scene.Scene$ScenePeerListener.mouseEvent(Scene.java:2704)
	at javafx.graphics@20.0.2/com.sun.javafx.tk.quantum.GlassViewEventHandler$MouseEventNotification.run(GlassViewEventHandler.java:411)
	at javafx.graphics@20.0.2/com.sun.javafx.tk.quantum.GlassViewEventHandler$MouseEventNotification.run(GlassViewEventHandler.java:301)
	at java.base/java.security.AccessController.doPrivileged(AccessController.java:399)
	at javafx.graphics@20.0.2/com.sun.javafx.tk.quantum.GlassViewEventHandler.lambda$handleMouseEvent$2(GlassViewEventHandler.java:450)
	at javafx.graphics@20.0.2/com.sun.javafx.tk.quantum.QuantumToolkit.runWithoutRenderLock(QuantumToolkit.java:424)
	at javafx.graphics@20.0.2/com.sun.javafx.tk.quantum.GlassViewEventHandler.handleMouseEvent(GlassViewEventHandler.java:449)
	at javafx.graphics@20.0.2/com.sun.glass.ui.View.handleMouseEvent(View.java:551)
	at javafx.graphics@20.0.2/com.sun.glass.ui.View.notifyMouse(View.java:937)
	at javafx.graphics@20.0.2/com.sun.glass.ui.win.WinApplication._runLoop(Native Method)
	at javafx.graphics@20.0.2/com.sun.glass.ui.win.WinApplication.lambda$runLoop$3(WinApplication.java:185)
	at java.base/java.lang.Thread.run(Thread.java:833)
Caused by: java.lang.reflect.InvocationTargetException
	at java.base/jdk.internal.reflect.DirectMethodHandleAccessor.invoke(DirectMethodHandleAccessor.java:110)
	at java.base/java.lang.reflect.Method.invoke(Method.java:577)
	at com.sun.javafx.reflect.Trampoline.invoke(MethodUtil.java:72)
	at java.base/jdk.internal.reflect.DirectMethodHandleAccessor.invoke(DirectMethodHandleAccessor.java:104)
	at java.base/java.lang.reflect.Method.invoke(Method.java:577)
	at javafx.base@20.0.2/com.sun.javafx.reflect.MethodUtil.invoke(MethodUtil.java:270)
	at javafx.fxml@20.0.2/com.sun.javafx.fxml.MethodHelper.invoke(MethodHelper.java:84)
	at javafx.fxml@20.0.2/javafx.fxml.FXMLLoader$MethodHandler.invoke(FXMLLoader.java:1855)
	... 46 more
Caused by: java.lang.ClassCastException: class java.lang.String cannot be cast to class javafx.scene.paint.Paint (java.lang.String is in module java.base of loader 'bootstrap'; javafx.scene.paint.Paint is in module javafx.graphics@20.0.2 of loader 'app')
	at edu.vanier.animals_revenge.Factory.spawnCustomProjectile(Factory.java:88)
	at java.base/jdk.internal.reflect.DirectMethodHandleAccessor.invoke(DirectMethodHandleAccessor.java:104)
	at java.base/java.lang.reflect.Method.invoke(Method.java:577)
	at com.almasb.fxgl.core.reflect.ReflectionUtils.call(ReflectionUtils.java:104)
	at com.almasb.fxgl.core.reflect.ReflectionUtils.lambda$mapToFunction$3(ReflectionUtils.java:111)
	at com.almasb.fxgl.entity.GameWorld$create$2.invoke(GameWorld.kt:430)
	at com.almasb.fxgl.entity.GameWorld$create$2.invoke(GameWorld.kt:430)
	at com.almasb.fxgl.core.util.DSLKt.tryCatchRoot(DSL.kt:34)
	at com.almasb.fxgl.entity.GameWorld.create(GameWorld.kt:430)
	at com.almasb.fxgl.entity.GameWorld.spawn(GameWorld.kt:396)
	at com.almasb.fxgl.dsl.FXGL$Companion.spawn(FXGL.kt:565)
	at com.almasb.fxgl.dsl.FXGL.spawn(FXGL.kt)
	at edu.vanier.animals_revenge.MainApp.launch(MainApp.java:210)
	at edu.vanier.animals_revenge.controllers.SimulatorController.launch(SimulatorController.java:183)
	at java.base/jdk.internal.reflect.DirectMethodHandleAccessor.invoke(DirectMethodHandleAccessor.java:104)
	... 53 more

12:54:56.412 [JavaFX Application Thread] FATAL FXGLApplication      - Application will now exit
12:54:56.432 [JavaFX Application Thread] DEBUG PrimaryStageWindow   - Push state: ErrorSubScene
12:54:56.432 [JavaFX Application Thread] DEBUG Input                - Clearing active input actions
12:54:56.437 [JavaFX Application Thread] DEBUG GameApplicationServi - Removing overlay from GameScene and adding to ErrorSubScene
12:54:56.438 [JavaFX Application Thread] DEBUG PrimaryStageWindow   - GameScene -> ErrorSubScene
12:55:03.380 [JavaFX Application Thread] DEBUG FXGLApplication      - Exiting FXGL
12:55:03.380 [JavaFX Application Thread] DEBUG Async                - Shutting down background threads
12:55:03.381 [JavaFX Application Thread] DEBUG PrimaryStageWindow   - Closing main window
12:55:03.436 [JavaFX Application Thread] DEBUG Logger               - Closing Logger
