11:58:16.670 [main                     ] DEBUG Logger               - Configured Logger
11:58:16.700 [main                     ] DEBUG GameApplication      - Logging settings
Title: Untitled
Version: 0.0
Width: 1480
Height: 820
Fullscreen: false
Intro: false
Profiling: false
Single step:false
App Mode: DEVELOPER
Menu Key: ESCAPE
Stage Style: DECORATED
Scene Factory: class com.almasb.fxgl.app.scene.SceneFactory

11:58:17.166 [JavaFX Application Thread] DEBUG FXGLApplication      - Initializing FXGL
11:58:17.177 [JavaFX Application Thread] INFO  Engine               - FXGL-17.2 (20.08.2022 16.50) on WINDOWS (J:18.0.2.1 FX:20.0.2)
11:58:17.178 [JavaFX Application Thread] DEBUG Engine               - JRE Vendor Name: Oracle Corporation
11:58:17.178 [JavaFX Application Thread] DEBUG Engine               - Running on OS: Windows 11 version 10.0
11:58:17.178 [JavaFX Application Thread] DEBUG Engine               - Architecture: amd64
11:58:17.178 [JavaFX Application Thread] INFO  Engine               - Source code and latest versions at: https://github.com/AlmasB/FXGL
11:58:17.178 [JavaFX Application Thread] INFO  Engine               -       Ask questions and discuss at: https://github.com/AlmasB/FXGL/discussions
11:58:17.178 [JavaFX Application Thread] INFO  Engine               -              Join the FXGL chat at: https://gitter.im/AlmasB/FXGL
11:58:17.284 [JavaFX Application Thread] DEBUG PrimaryStageWindow   - Creating a JavaFX scene
11:58:17.284 [JavaFX Application Thread] DEBUG PrimaryStageWindow   - Target size > screen size
11:58:17.346 [JavaFX Application Thread] DEBUG PrimaryStageWindow   - Target settings size: 1480.0 x 820.0
11:58:17.347 [JavaFX Application Thread] DEBUG PrimaryStageWindow   - Scaled scene size:    1415.0 x 797.0
11:58:17.348 [JavaFX Application Thread] DEBUG PrimaryStageWindow   - Scaled ratio: (0.956081081081081, 0.9719512195121951)
11:58:17.349 [JavaFX Application Thread] DEBUG PrimaryStageWindow   - Set initial scene to FXGLStartupScene
11:58:17.352 [JavaFX Application Thread] DEBUG PrimaryStageWindow   - Opening main window
11:58:17.530 [JavaFX Application Thread] DEBUG PrimaryStageWindow   - Window border size: (13.0, 35.5)
11:58:17.530 [JavaFX Application Thread] DEBUG PrimaryStageWindow   - Scaled size: 1415.0 x 797.0
11:58:17.531 [JavaFX Application Thread] DEBUG PrimaryStageWindow   - Scaled ratio: (0.956081081081081, 0.9719512195121951)
11:58:17.531 [JavaFX Application Thread] DEBUG PrimaryStageWindow   - Scene size: 1415.0 x 797.0
11:58:17.531 [JavaFX Application Thread] DEBUG PrimaryStageWindow   - Stage size: 1428.0 x 832.5
11:58:17.540 [FXGL Background Thread 1 ] DEBUG Engine               - Initializing environment variables
11:58:17.624 [FXGL Background Thread 1 ] DEBUG FXGLAssetLoaderServi - User app class for loading assets: class edu.vanier.animals_revenge.MainApp
11:58:17.624 [FXGL Background Thread 1 ] DEBUG GameApplicationServi - Applying CSS: fxgl_dark.css
11:58:17.629 [FXGL Background Thread 1 ] DEBUG FXGLAssetLoaderServi - Loading from file system: jar:file:/C:/Users/macke/.gradle/caches/modules-2/files-2.1/com.github.almasb/fxgl/17.2/35db6ae960eec2dcfd19262d3b7f9c42f0e95bc3/fxgl-17.2.jar!/fxglassets/ui/css/fxgl_dark.css
11:58:17.702 [FXGL Background Thread 1 ] DEBUG GameApplicationServi - Initializing application scenes
11:58:17.786 [FXGL Background Thread 1 ] DEBUG GameWorld            - Game world initialized
11:58:17.853 [FXGL Background Thread 1 ] DEBUG PhysicsWorld         - Physics world initialized: appHeight=820, physics.ppm=50.0
11:58:17.854 [FXGL Background Thread 1 ] DEBUG PhysicsWorld         - Using strategy: BRUTE_FORCE
11:58:17.860 [FXGL Background Thread 1 ] DEBUG GameScene            - Game scene initialized: 1480x820
11:58:17.861 [FXGL Background Thread 1 ] DEBUG GameApplicationServi - Application scenes initialized
11:58:17.886 [FXGL Background Thread 1 ] DEBUG SystemBundleService  - Loading FXGL system data
11:58:17.891 [FXGL Background Thread 1 ] DEBUG FileSystemAccess     - Reading from: C:\Users\macke\OneDrive\Documents\School\Semester 3\Programming in a Graphical User Interface\Homework\animals-revenge\system\fxgl.bundle
11:58:17.903 [FXGL Background Thread 1 ] DEBUG SystemBundleService  - Bundle FXGL: {}
11:58:17.903 [FXGL Background Thread 1 ] DEBUG UpdaterService       - Checking for updates
11:58:17.916 [FXGL Background Thread 4 ] DEBUG FXGLApplication      - Loading fonts
11:58:17.916 [FXGL Background Thread 1 ] DEBUG FXGLApplication      - Loading default localization
11:58:17.918 [FXGL Background Thread 4 ] DEBUG FXGLAssetLoaderServi - Loading from file system: jar:file:/C:/Users/macke/.gradle/caches/modules-2/files-2.1/com.github.almasb/fxgl/17.2/35db6ae960eec2dcfd19262d3b7f9c42f0e95bc3/fxgl-17.2.jar!/fxglassets/ui/fonts/VarelaRound-Regular.ttf
11:58:17.918 [FXGL Background Thread 1 ] DEBUG FXGLAssetLoaderServi - Loading from file system: jar:file:/C:/Users/macke/.gradle/caches/modules-2/files-2.1/com.github.almasb/fxgl/17.2/35db6ae960eec2dcfd19262d3b7f9c42f0e95bc3/fxgl-17.2.jar!/fxglassets/languages/english.lang
11:58:17.962 [FXGL Background Thread 1 ] INFO  FXGLApplication      - FXGL initialization took: 0.422 sec
11:58:17.968 [JavaFX Application Thread] DEBUG Input                - Registered new binding: Launch - RMB
11:58:17.968 [JavaFX Application Thread] DEBUG Input                - Registered new binding: Create - LMB
11:58:17.968 [JavaFX Application Thread] DEBUG Input                - Registered new binding: Drag - CTRL+LMB
11:58:17.969 [JavaFX Application Thread] DEBUG FXGLAssetLoaderServi - Loading from file system: jar:file:/C:/Users/macke/.gradle/caches/modules-2/files-2.1/com.github.almasb/fxgl/17.2/35db6ae960eec2dcfd19262d3b7f9c42f0e95bc3/fxgl-17.2.jar!/fxglassets/textures/fxgl_icon.png
11:58:18.008 [FXGL Background Thread 4 ] DEBUG FXGLAssetLoaderServi - Loading from file system: jar:file:/C:/Users/macke/.gradle/caches/modules-2/files-2.1/com.github.almasb/fxgl/17.2/35db6ae960eec2dcfd19262d3b7f9c42f0e95bc3/fxgl-17.2.jar!/fxglassets/ui/fonts/Abel-Regular.ttf
11:58:18.013 [FXGL Background Thread 4 ] DEBUG FXGLAssetLoaderServi - Loading from file system: jar:file:/C:/Users/macke/.gradle/caches/modules-2/files-2.1/com.github.almasb/fxgl/17.2/35db6ae960eec2dcfd19262d3b7f9c42f0e95bc3/fxgl-17.2.jar!/fxglassets/ui/fonts/TerminalLandMono-Regular.otf
11:58:18.019 [FXGL Background Thread 4 ] DEBUG FXGLAssetLoaderServi - Loading from file system: jar:file:/C:/Users/macke/.gradle/caches/modules-2/files-2.1/com.github.almasb/fxgl/17.2/35db6ae960eec2dcfd19262d3b7f9c42f0e95bc3/fxgl-17.2.jar!/fxglassets/ui/fonts/Courier-Prime.ttf
11:58:18.032 [JavaFX Application Thread] DEBUG FXGLAssetLoaderServi - Loading from file system: jar:file:/C:/Users/macke/.gradle/caches/modules-2/files-2.1/com.github.almasb/fxgl/17.2/35db6ae960eec2dcfd19262d3b7f9c42f0e95bc3/fxgl-17.2.jar!/fxglassets/textures/fxgl_default_cursor.png
11:58:18.042 [JavaFX Application Thread] DEBUG Input                - Registered new binding: Screenshot - CTRL+8
11:58:18.042 [JavaFX Application Thread] DEBUG Input                - Registered new binding: System info dump - CTRL+9
11:58:18.043 [JavaFX Application Thread] DEBUG Input                - Registered new binding: Restart - CTRL+R
11:58:18.044 [JavaFX Application Thread] DEBUG Input                - Registered new binding: Toggle Debug Camera - CTRL+7
11:58:18.047 [JavaFX Application Thread] DEBUG LoopRunner           - Starting loop
11:58:18.047 [JavaFX Application Thread] DEBUG LoopRunner           - Initializing JavaFX AnimationTimerLoop
11:58:18.054 [JavaFX Application Thread] DEBUG GameApplicationServi - Starting new game
11:58:18.055 [JavaFX Application Thread] DEBUG Input                - Clearing active input actions
11:58:18.071 [JavaFX Application Thread] DEBUG GameApplicationServi - Removing overlay from FXGLStartupScene and adding to FXGLLoadingScene
11:58:18.072 [JavaFX Application Thread] DEBUG PrimaryStageWindow   - FXGLStartupScene -> FXGLLoadingScene
11:58:18.072 [JavaFX Application Thread] DEBUG GameApplicationServi - Clearing previous game
11:58:18.072 [JavaFX Application Thread] DEBUG GameScene            - Clearing game scene
11:58:18.072 [JavaFX Application Thread] DEBUG GameWorld            - Clearing game world
11:58:18.072 [JavaFX Application Thread] DEBUG PhysicsWorld         - Clearing physics world
11:58:18.076 [FXGL Background Thread 4 ] DEBUG FXGLApplication      - Initializing game
11:58:18.076 [JavaFX Application Thread] DEBUG FXGLApplication      - Registering font factories with UI factory
11:58:18.125 [FXGL Background Thread 4 ] DEBUG FXGLAssetLoaderServi - Loading from file system: file:/C:/Users/macke/OneDrive/Documents/School/Semester%203/Programming%20in%20a%20Graphical%20User%20Interface/Homework/animals-revenge/build/resources/main/assets/ui/Home.fxml
11:58:18.473 [FXGL Background Thread 2 ] INFO  UpdaterService       - Your current version:  17.2
11:58:18.473 [FXGL Background Thread 2 ] INFO  UpdaterService       - Latest stable version: 17.3
11:58:18.550 [FXGL Background Thread 4 ] INFO  FXGLApplication      - Game initialization took: 0.474 sec
11:58:18.551 [JavaFX Application Thread] DEBUG Input                - Clearing active input actions
11:58:18.565 [JavaFX Application Thread] DEBUG GameApplicationServi - Removing overlay from FXGLLoadingScene and adding to GameScene
11:58:18.565 [JavaFX Application Thread] DEBUG PrimaryStageWindow   - FXGLLoadingScene -> GameScene
11:58:20.910 [FXGL Background Thread 3 ] DEBUG Engine               - Logging environment variables
11:58:20.911 [FXGL Background Thread 3 ] DEBUG Engine               - achievements: []
11:58:20.911 [FXGL Background Thread 3 ] DEBUG Engine               - actualHeight: 797.0
11:58:20.911 [FXGL Background Thread 3 ] DEBUG Engine               - actualHeightProperty: ReadOnlyDoubleProperty [value: 797.0]
11:58:20.912 [FXGL Background Thread 3 ] DEBUG Engine               - actualWidth: 1415.0
11:58:20.912 [FXGL Background Thread 3 ] DEBUG Engine               - actualWidthProperty: ReadOnlyDoubleProperty [value: 1415.0]
11:58:20.912 [FXGL Background Thread 3 ] DEBUG Engine               - appIcon: fxgl_icon.png
11:58:20.912 [FXGL Background Thread 3 ] DEBUG Engine               - applicationMode: DEVELOPER
11:58:20.912 [FXGL Background Thread 3 ] DEBUG Engine               - cSSList: [fxgl_dark.css]
11:58:20.912 [FXGL Background Thread 3 ] DEBUG Engine               - collisionDetectionStrategy: BRUTE_FORCE
11:58:20.912 [FXGL Background Thread 3 ] DEBUG Engine               - configClass: Optional.empty
11:58:20.916 [FXGL Background Thread 3 ] DEBUG Engine               - credits: []
11:58:20.919 [FXGL Background Thread 3 ] DEBUG Engine               - defaultCursor: CursorInfo(imageName=fxgl_default_cursor.png, hotspotX=7.0, hotspotY=6.0)
11:58:20.921 [FXGL Background Thread 3 ] DEBUG Engine               - devBBoxColorProperty: ObjectProperty [value: 0xff0000ff]
11:58:20.921 [FXGL Background Thread 3 ] DEBUG Engine               - devEnableDebugCameraProperty: BooleanProperty [value: false]
11:58:20.921 [FXGL Background Thread 3 ] DEBUG Engine               - devSensorColorProperty: ObjectProperty [value: 0xffff00ff]
11:58:20.921 [FXGL Background Thread 3 ] DEBUG Engine               - devShowBBoxProperty: BooleanProperty [value: false]
11:58:20.921 [FXGL Background Thread 3 ] DEBUG Engine               - devShowPositionProperty: BooleanProperty [value: false]
11:58:20.922 [FXGL Background Thread 3 ] DEBUG Engine               - enabledMenuItems: []
11:58:20.922 [FXGL Background Thread 3 ] DEBUG Engine               - engineServices: [class com.almasb.fxgl.app.services.FXGLAssetLoaderService, class com.almasb.fxgl.app.FXGLApplication$GameApplicationService, class com.almasb.fxgl.app.services.FXGLDialogService, class com.almasb.fxgl.app.services.IOTaskExecutorService, class com.almasb.fxgl.io.FileSystemService, class com.almasb.fxgl.localization.LocalizationService, class com.almasb.fxgl.app.services.SystemBundleService, class com.almasb.fxgl.profile.SaveLoadService, class com.almasb.fxgl.ui.FXGLUIFactoryServiceProvider, class com.almasb.fxgl.ui.FXGLDialogFactoryServiceProvider, class com.almasb.fxgl.audio.AudioPlayer, class com.almasb.fxgl.notification.impl.NotificationServiceProvider, class com.almasb.fxgl.achievement.AchievementService, class com.almasb.fxgl.cutscene.CutsceneService, class com.almasb.fxgl.minigames.MiniGameService, class com.almasb.fxgl.net.NetService, class com.almasb.fxgl.app.services.UpdaterService, class com.almasb.fxgl.dev.DevService]
11:58:20.922 [FXGL Background Thread 3 ] DEBUG Engine               - fontGame: Abel-Regular.ttf
11:58:20.922 [FXGL Background Thread 3 ] DEBUG Engine               - fontMono: TerminalLandMono-Regular.otf
11:58:20.923 [FXGL Background Thread 3 ] DEBUG Engine               - fontText: Courier-Prime.ttf
11:58:20.923 [FXGL Background Thread 3 ] DEBUG Engine               - fontUI: VarelaRound-Regular.ttf
11:58:20.923 [FXGL Background Thread 3 ] DEBUG Engine               - fullScreen: BooleanProperty [value: false]
11:58:20.923 [FXGL Background Thread 3 ] DEBUG Engine               - gameDifficulty: MEDIUM
11:58:20.923 [FXGL Background Thread 3 ] DEBUG Engine               - gameDifficultyProperty: ObjectProperty [value: MEDIUM]
11:58:20.924 [FXGL Background Thread 3 ] DEBUG Engine               - globalMusicVolume: 0.5
11:58:20.924 [FXGL Background Thread 3 ] DEBUG Engine               - globalMusicVolumeProperty: DoubleProperty [value: 0.5]
11:58:20.924 [FXGL Background Thread 3 ] DEBUG Engine               - globalSoundVolume: 0.5
11:58:20.925 [FXGL Background Thread 3 ] DEBUG Engine               - globalSoundVolumeProperty: DoubleProperty [value: 0.5]
11:58:20.925 [FXGL Background Thread 3 ] DEBUG Engine               - height: 820
11:58:20.925 [FXGL Background Thread 3 ] DEBUG Engine               - is3D: false
11:58:20.925 [FXGL Background Thread 3 ] DEBUG Engine               - isAndroid: false
11:58:20.925 [FXGL Background Thread 3 ] DEBUG Engine               - isBrowser: false
11:58:20.926 [FXGL Background Thread 3 ] DEBUG Engine               - isClickFeedbackEnabled: false
11:58:20.926 [FXGL Background Thread 3 ] DEBUG Engine               - isCloseConfirmation: false
11:58:20.926 [FXGL Background Thread 3 ] DEBUG Engine               - isDesktop: true
11:58:20.926 [FXGL Background Thread 3 ] DEBUG Engine               - isDeveloperMenuEnabled: false
11:58:20.926 [FXGL Background Thread 3 ] DEBUG Engine               - isEmbedded: false
11:58:20.926 [FXGL Background Thread 3 ] DEBUG Engine               - isEntityPreloadEnabled: true
11:58:20.926 [FXGL Background Thread 3 ] DEBUG Engine               - isExperimentalTiledLargeMap: false
11:58:20.926 [FXGL Background Thread 3 ] DEBUG Engine               - isFileSystemWriteAllowed: true
11:58:20.927 [FXGL Background Thread 3 ] DEBUG Engine               - isFullScreenAllowed: false
11:58:20.927 [FXGL Background Thread 3 ] DEBUG Engine               - isFullScreenFromStart: false
11:58:20.927 [FXGL Background Thread 3 ] DEBUG Engine               - isGameMenuEnabled: false
11:58:20.928 [FXGL Background Thread 3 ] DEBUG Engine               - isIOS: false
11:58:20.928 [FXGL Background Thread 3 ] DEBUG Engine               - isIntroEnabled: false
11:58:20.928 [FXGL Background Thread 3 ] DEBUG Engine               - isLinux: false
11:58:20.928 [FXGL Background Thread 3 ] DEBUG Engine               - isMac: false
11:58:20.928 [FXGL Background Thread 3 ] DEBUG Engine               - isMainMenuEnabled: false
11:58:20.928 [FXGL Background Thread 3 ] DEBUG Engine               - isManualResizeEnabled: false
11:58:20.929 [FXGL Background Thread 3 ] DEBUG Engine               - isMobile: false
11:58:20.929 [FXGL Background Thread 3 ] DEBUG Engine               - isNative: false
11:58:20.929 [FXGL Background Thread 3 ] DEBUG Engine               - isPauseMusicWhenMinimized: true
11:58:20.929 [FXGL Background Thread 3 ] DEBUG Engine               - isPreserveResizeRatio: false
11:58:20.929 [FXGL Background Thread 3 ] DEBUG Engine               - isProfilingEnabled: false
11:58:20.929 [FXGL Background Thread 3 ] DEBUG Engine               - isScaleAffectedOnResize: true
11:58:20.930 [FXGL Background Thread 3 ] DEBUG Engine               - isSingleStep: false
11:58:20.930 [FXGL Background Thread 3 ] DEBUG Engine               - isUserProfileEnabled: false
11:58:20.930 [FXGL Background Thread 3 ] DEBUG Engine               - isWindows: true
11:58:20.930 [FXGL Background Thread 3 ] DEBUG Engine               - language: ObjectProperty [value: ENGLISH]
11:58:20.930 [FXGL Background Thread 3 ] DEBUG Engine               - menuKey: ESCAPE
11:58:20.932 [FXGL Background Thread 3 ] DEBUG Engine               - mouseSensitivity: 0.2
11:58:20.932 [FXGL Background Thread 3 ] DEBUG Engine               - notificationViewClass: class com.almasb.fxgl.notification.view.XboxNotificationView
11:58:20.932 [FXGL Background Thread 3 ] DEBUG Engine               - pixelsPerMeter: 50.0
11:58:20.932 [FXGL Background Thread 3 ] DEBUG Engine               - platform: WINDOWS
11:58:20.932 [FXGL Background Thread 3 ] DEBUG Engine               - prefHeightProperty: ReadOnlyDoubleProperty [value: 820.0]
11:58:20.932 [FXGL Background Thread 3 ] DEBUG Engine               - prefWidthProperty: ReadOnlyDoubleProperty [value: 1480.0]
11:58:20.932 [FXGL Background Thread 3 ] DEBUG Engine               - profileDir: profiles/
11:58:20.932 [FXGL Background Thread 3 ] DEBUG Engine               - profileName: StringProperty [value: DEFAULT]
11:58:20.932 [FXGL Background Thread 3 ] DEBUG Engine               - randomSeed: -1
11:58:20.933 [FXGL Background Thread 3 ] DEBUG Engine               - runtimeInfo: RuntimeInfo(platform=WINDOWS, version=17.2, build=20.08.2022 16.50)
11:58:20.933 [FXGL Background Thread 3 ] DEBUG Engine               - saveFileExt: sav
11:58:20.933 [FXGL Background Thread 3 ] DEBUG Engine               - scaledHeightProp$fxgl: DoubleProperty [bound, value: 797.0]
11:58:20.933 [FXGL Background Thread 3 ] DEBUG Engine               - scaledWidthProp$fxgl: DoubleProperty [bound, value: 1415.0]
11:58:20.933 [FXGL Background Thread 3 ] DEBUG Engine               - sceneFactory: com.almasb.fxgl.app.scene.SceneFactory@a20652f
11:58:20.933 [FXGL Background Thread 3 ] DEBUG Engine               - secondsIn24h: 60
11:58:20.933 [FXGL Background Thread 3 ] DEBUG Engine               - soundMenuBack: menu/back.wav
11:58:20.933 [FXGL Background Thread 3 ] DEBUG Engine               - soundMenuPress: menu/press.wav
11:58:20.933 [FXGL Background Thread 3 ] DEBUG Engine               - soundMenuSelect: menu/select.wav
11:58:20.933 [FXGL Background Thread 3 ] DEBUG Engine               - soundNotification: core/notification.wav
11:58:20.933 [FXGL Background Thread 3 ] DEBUG Engine               - stageStyle: DECORATED
11:58:20.933 [FXGL Background Thread 3 ] DEBUG Engine               - supportedLanguages: [ENGLISH, FRENCH, GERMAN, HUNGARIAN, RUSSIAN]
11:58:20.933 [FXGL Background Thread 3 ] DEBUG Engine               - ticksPerSecond: -1
11:58:20.933 [FXGL Background Thread 3 ] DEBUG Engine               - title: Untitled
11:58:20.933 [FXGL Background Thread 3 ] DEBUG Engine               - urlGithub: https://github.com/AlmasB/FXGL
11:58:20.934 [FXGL Background Thread 3 ] DEBUG Engine               - urlLeaderboard: http://fxgl-top.herokuapp.com/
11:58:20.934 [FXGL Background Thread 3 ] DEBUG Engine               - urlPOM: https://raw.githubusercontent.com/AlmasB/FXGL/release/README.md
11:58:20.934 [FXGL Background Thread 3 ] DEBUG Engine               - userAppClass: class edu.vanier.animals_revenge.MainApp
11:58:20.934 [FXGL Background Thread 3 ] DEBUG Engine               - version: 0.0
11:58:20.934 [FXGL Background Thread 3 ] DEBUG Engine               - versionCheckDays: 7
11:58:20.934 [FXGL Background Thread 3 ] DEBUG Engine               - width: 1480
11:58:20.934 [FXGL Background Thread 3 ] DEBUG Engine               - Logging services
11:58:20.934 [FXGL Background Thread 3 ] DEBUG Engine               - class com.almasb.fxgl.app.services.FXGLAssetLoaderService
11:58:20.934 [FXGL Background Thread 3 ] DEBUG Engine               - class com.almasb.fxgl.app.FXGLApplication$GameApplicationService
11:58:20.934 [FXGL Background Thread 3 ] DEBUG Engine               - class com.almasb.fxgl.app.services.FXGLDialogService
11:58:20.934 [FXGL Background Thread 3 ] DEBUG Engine               - class com.almasb.fxgl.app.services.IOTaskExecutorService
11:58:20.934 [FXGL Background Thread 3 ] DEBUG Engine               - class com.almasb.fxgl.io.FileSystemService
11:58:20.934 [FXGL Background Thread 3 ] DEBUG Engine               - class com.almasb.fxgl.localization.LocalizationService
11:58:20.934 [FXGL Background Thread 3 ] DEBUG Engine               - class com.almasb.fxgl.app.services.SystemBundleService
11:58:20.934 [FXGL Background Thread 3 ] DEBUG Engine               - class com.almasb.fxgl.profile.SaveLoadService
11:58:20.934 [FXGL Background Thread 3 ] DEBUG Engine               - class com.almasb.fxgl.ui.FXGLUIFactoryServiceProvider
11:58:20.934 [FXGL Background Thread 3 ] DEBUG Engine               - class com.almasb.fxgl.ui.FXGLDialogFactoryServiceProvider
11:58:20.934 [FXGL Background Thread 3 ] DEBUG Engine               - class com.almasb.fxgl.audio.AudioPlayer
11:58:20.934 [FXGL Background Thread 3 ] DEBUG Engine               - class com.almasb.fxgl.notification.impl.NotificationServiceProvider
11:58:20.934 [FXGL Background Thread 3 ] DEBUG Engine               - class com.almasb.fxgl.achievement.AchievementService
11:58:20.934 [FXGL Background Thread 3 ] DEBUG Engine               - class com.almasb.fxgl.cutscene.CutsceneService
11:58:20.934 [FXGL Background Thread 3 ] DEBUG Engine               - class com.almasb.fxgl.minigames.MiniGameService
11:58:20.934 [FXGL Background Thread 3 ] DEBUG Engine               - class com.almasb.fxgl.net.NetService
11:58:20.934 [FXGL Background Thread 3 ] DEBUG Engine               - class com.almasb.fxgl.app.services.UpdaterService
11:58:20.934 [FXGL Background Thread 3 ] DEBUG Engine               - class com.almasb.fxgl.dev.DevService
11:58:22.580 [JavaFX Application Thread] DEBUG FXGLAssetLoaderServi - Loading from file system: file:/C:/Users/macke/OneDrive/Documents/School/Semester%203/Programming%20in%20a%20Graphical%20User%20Interface/Homework/animals-revenge/build/resources/main/assets/ui/CustomProjectile.fxml
11:58:48.202 [JavaFX Application Thread] DEBUG FXGLApplication      - Exiting FXGL
11:58:48.202 [JavaFX Application Thread] DEBUG LoopRunner           - Stopping loop
11:58:48.202 [JavaFX Application Thread] DEBUG SystemBundleService  - Saving FXGL system data
11:58:48.204 [JavaFX Application Thread] DEBUG FileSystemAccess     - Writing to: C:\Users\macke\OneDrive\Documents\School\Semester 3\Programming in a Graphical User Interface\Homework\animals-revenge\system\fxgl.bundle
11:58:48.206 [JavaFX Application Thread] DEBUG Async                - Shutting down background threads
11:58:48.206 [JavaFX Application Thread] DEBUG PrimaryStageWindow   - Closing main window
11:58:48.242 [JavaFX Application Thread] DEBUG Logger               - Closing Logger
