09:22:16.647 [main                     ] DEBUG Logger               - Configured Logger
09:22:16.674 [main                     ] DEBUG GameApplication      - Logging settings
Title: Untitled
Version: 0.0
Width: 1480
Height: 820
Fullscreen: false
Intro: false
Profiling: false
Single step:false
App Mode: DEVELOPER
Menu Key: ESCAPE
Stage Style: DECORATED
Scene Factory: class com.almasb.fxgl.app.scene.SceneFactory

09:22:18.506 [JavaFX Application Thread] DEBUG FXGLApplication      - Initializing FXGL
09:22:18.516 [JavaFX Application Thread] INFO  Engine               - FXGL-17.2 (20.08.2022 16.50) on WINDOWS (J:18.0.2.1 FX:20.0.2)
09:22:18.517 [JavaFX Application Thread] DEBUG Engine               - JRE Vendor Name: Oracle Corporation
09:22:18.517 [JavaFX Application Thread] DEBUG Engine               - Running on OS: Windows 11 version 10.0
09:22:18.517 [JavaFX Application Thread] DEBUG Engine               - Architecture: amd64
09:22:18.517 [JavaFX Application Thread] INFO  Engine               - Source code and latest versions at: https://github.com/AlmasB/FXGL
09:22:18.518 [JavaFX Application Thread] INFO  Engine               -       Ask questions and discuss at: https://github.com/AlmasB/FXGL/discussions
09:22:18.519 [JavaFX Application Thread] INFO  Engine               -              Join the FXGL chat at: https://gitter.im/AlmasB/FXGL
09:22:18.667 [JavaFX Application Thread] DEBUG PrimaryStageWindow   - Creating a JavaFX scene
09:22:18.667 [JavaFX Application Thread] DEBUG PrimaryStageWindow   - Target size > screen size
09:22:18.749 [JavaFX Application Thread] DEBUG PrimaryStageWindow   - Target settings size: 1480.0 x 820.0
09:22:18.750 [JavaFX Application Thread] DEBUG PrimaryStageWindow   - Scaled scene size:    1447.0 x 815.0
09:22:18.751 [JavaFX Application Thread] DEBUG PrimaryStageWindow   - Scaled ratio: (0.9777027027027027, 0.9939024390243902)
09:22:18.752 [JavaFX Application Thread] DEBUG PrimaryStageWindow   - Set initial scene to FXGLStartupScene
09:22:18.759 [JavaFX Application Thread] DEBUG PrimaryStageWindow   - Opening main window
09:22:18.946 [JavaFX Application Thread] DEBUG PrimaryStageWindow   - Window border size: (14.5999755859375, 37.79998779296875)
09:22:18.947 [JavaFX Application Thread] DEBUG PrimaryStageWindow   - Scaled size: 1447.0 x 815.0
09:22:18.947 [JavaFX Application Thread] DEBUG PrimaryStageWindow   - Scaled ratio: (0.9777027027027027, 0.9939024390243902)
09:22:18.948 [JavaFX Application Thread] DEBUG PrimaryStageWindow   - Scene size: 1447.0 x 815.0
09:22:18.949 [JavaFX Application Thread] DEBUG PrimaryStageWindow   - Stage size: 1461.5999755859375 x 852.7999877929688
09:22:19.005 [FXGL Background Thread 1 ] DEBUG Engine               - Initializing environment variables
09:22:19.110 [FXGL Background Thread 1 ] DEBUG FXGLAssetLoaderServi - User app class for loading assets: class edu.vanier.animals_revenge.MainApp
09:22:19.110 [FXGL Background Thread 1 ] DEBUG GameApplicationServi - Applying CSS: fxgl_dark.css
09:22:19.113 [FXGL Background Thread 1 ] DEBUG FXGLAssetLoaderServi - Loading from file system: jar:file:/C:/Users/anton/.gradle/caches/modules-2/files-2.1/com.github.almasb/fxgl/17.2/35db6ae960eec2dcfd19262d3b7f9c42f0e95bc3/fxgl-17.2.jar!/fxglassets/ui/css/fxgl_dark.css
09:22:19.193 [FXGL Background Thread 1 ] DEBUG GameApplicationServi - Initializing application scenes
09:22:19.277 [FXGL Background Thread 1 ] DEBUG GameWorld            - Game world initialized
09:22:19.400 [FXGL Background Thread 1 ] DEBUG PhysicsWorld         - Physics world initialized: appHeight=820, physics.ppm=50.0
09:22:19.400 [FXGL Background Thread 1 ] DEBUG PhysicsWorld         - Using strategy: BRUTE_FORCE
09:22:19.409 [FXGL Background Thread 1 ] DEBUG GameScene            - Game scene initialized: 1480x820
09:22:19.409 [FXGL Background Thread 1 ] DEBUG GameApplicationServi - Application scenes initialized
09:22:19.441 [FXGL Background Thread 1 ] DEBUG SystemBundleService  - Loading FXGL system data
09:22:19.452 [FXGL Background Thread 1 ] DEBUG FileSystemAccess     - Reading from: C:\Users\anton\OneDrive\Documents\GitHub\animals-revenge\system\fxgl.bundle
09:22:19.471 [FXGL Background Thread 1 ] DEBUG SystemBundleService  - Bundle FXGL: {}
09:22:19.472 [FXGL Background Thread 1 ] DEBUG UpdaterService       - Checking for updates
09:22:19.480 [FXGL Background Thread 4 ] DEBUG FXGLApplication      - Loading fonts
09:22:19.482 [FXGL Background Thread 1 ] DEBUG FXGLApplication      - Loading default localization
09:22:19.483 [FXGL Background Thread 4 ] DEBUG FXGLAssetLoaderServi - Loading from file system: jar:file:/C:/Users/anton/.gradle/caches/modules-2/files-2.1/com.github.almasb/fxgl/17.2/35db6ae960eec2dcfd19262d3b7f9c42f0e95bc3/fxgl-17.2.jar!/fxglassets/ui/fonts/VarelaRound-Regular.ttf
09:22:19.485 [FXGL Background Thread 1 ] DEBUG FXGLAssetLoaderServi - Loading from file system: jar:file:/C:/Users/anton/.gradle/caches/modules-2/files-2.1/com.github.almasb/fxgl/17.2/35db6ae960eec2dcfd19262d3b7f9c42f0e95bc3/fxgl-17.2.jar!/fxglassets/languages/english.lang
09:22:19.532 [FXGL Background Thread 1 ] INFO  FXGLApplication      - FXGL initialization took: 0.526 sec
09:22:19.542 [JavaFX Application Thread] DEBUG Input                - Registered new binding: Launch - RMB
09:22:19.542 [JavaFX Application Thread] DEBUG Input                - Registered new binding: Create - LMB
09:22:19.543 [JavaFX Application Thread] DEBUG Input                - Registered new binding: Drag - CTRL+LMB
09:22:19.545 [JavaFX Application Thread] DEBUG FXGLAssetLoaderServi - Loading from file system: jar:file:/C:/Users/anton/.gradle/caches/modules-2/files-2.1/com.github.almasb/fxgl/17.2/35db6ae960eec2dcfd19262d3b7f9c42f0e95bc3/fxgl-17.2.jar!/fxglassets/textures/fxgl_icon.png
09:22:19.614 [JavaFX Application Thread] DEBUG FXGLAssetLoaderServi - Loading from file system: jar:file:/C:/Users/anton/.gradle/caches/modules-2/files-2.1/com.github.almasb/fxgl/17.2/35db6ae960eec2dcfd19262d3b7f9c42f0e95bc3/fxgl-17.2.jar!/fxglassets/textures/fxgl_default_cursor.png
09:22:19.629 [JavaFX Application Thread] DEBUG Input                - Registered new binding: Screenshot - CTRL+8
09:22:19.632 [JavaFX Application Thread] DEBUG Input                - Registered new binding: System info dump - CTRL+9
09:22:19.635 [JavaFX Application Thread] DEBUG Input                - Registered new binding: Restart - CTRL+R
09:22:19.637 [JavaFX Application Thread] DEBUG Input                - Registered new binding: Toggle Debug Camera - CTRL+7
09:22:19.642 [JavaFX Application Thread] DEBUG LoopRunner           - Starting loop
09:22:19.642 [JavaFX Application Thread] DEBUG LoopRunner           - Initializing JavaFX AnimationTimerLoop
09:22:19.644 [JavaFX Application Thread] DEBUG GameApplicationServi - Starting new game
09:22:19.645 [JavaFX Application Thread] DEBUG Input                - Clearing active input actions
09:22:19.670 [JavaFX Application Thread] DEBUG GameApplicationServi - Removing overlay from FXGLStartupScene and adding to FXGLLoadingScene
09:22:19.671 [JavaFX Application Thread] DEBUG PrimaryStageWindow   - FXGLStartupScene -> FXGLLoadingScene
09:22:19.671 [JavaFX Application Thread] DEBUG GameApplicationServi - Clearing previous game
09:22:19.671 [JavaFX Application Thread] DEBUG GameScene            - Clearing game scene
09:22:19.671 [JavaFX Application Thread] DEBUG GameWorld            - Clearing game world
09:22:19.671 [JavaFX Application Thread] DEBUG PhysicsWorld         - Clearing physics world
09:22:19.674 [FXGL Background Thread 1 ] DEBUG FXGLApplication      - Initializing game
09:22:19.704 [FXGL Background Thread 4 ] DEBUG FXGLAssetLoaderServi - Loading from file system: jar:file:/C:/Users/anton/.gradle/caches/modules-2/files-2.1/com.github.almasb/fxgl/17.2/35db6ae960eec2dcfd19262d3b7f9c42f0e95bc3/fxgl-17.2.jar!/fxglassets/ui/fonts/Abel-Regular.ttf
09:22:19.713 [FXGL Background Thread 4 ] DEBUG FXGLAssetLoaderServi - Loading from file system: jar:file:/C:/Users/anton/.gradle/caches/modules-2/files-2.1/com.github.almasb/fxgl/17.2/35db6ae960eec2dcfd19262d3b7f9c42f0e95bc3/fxgl-17.2.jar!/fxglassets/ui/fonts/TerminalLandMono-Regular.otf
09:22:19.743 [FXGL Background Thread 4 ] DEBUG FXGLAssetLoaderServi - Loading from file system: jar:file:/C:/Users/anton/.gradle/caches/modules-2/files-2.1/com.github.almasb/fxgl/17.2/35db6ae960eec2dcfd19262d3b7f9c42f0e95bc3/fxgl-17.2.jar!/fxglassets/ui/fonts/Courier-Prime.ttf
09:22:19.820 [FXGL Background Thread 1 ] DEBUG FXGLAssetLoaderServi - Loading from file system: file:/C:/Users/anton/OneDrive/Documents/GitHub/animals-revenge/build/resources/main/assets/sounds/brick_hit.wav
09:22:19.827 [JavaFX Application Thread] DEBUG FXGLApplication      - Registering font factories with UI factory
09:22:19.991 [FXGL Background Thread 1 ] DEBUG FXGLAssetLoaderServi - Loading from file system: file:/C:/Users/anton/OneDrive/Documents/GitHub/animals-revenge/build/resources/main/assets/music/music1.mp3
09:22:20.764 [FXGL Background Thread 1 ] DEBUG FXGLAssetLoaderServi - Loading from file system: file:/C:/Users/anton/OneDrive/Documents/GitHub/animals-revenge/build/resources/main/assets/ui/Home.fxml
09:22:21.221 [FXGL Background Thread 2 ] INFO  UpdaterService       - Your current version:  17.2
09:22:21.221 [FXGL Background Thread 2 ] INFO  UpdaterService       - Latest stable version: 17.3
09:22:22.342 [FXGL Background Thread 1 ] INFO  FXGLApplication      - Game initialization took: 2.667 sec
09:22:22.453 [JavaFX Application Thread] DEBUG Input                - Clearing active input actions
09:22:22.479 [FXGL Background Thread 3 ] DEBUG Engine               - Logging environment variables
09:22:22.480 [FXGL Background Thread 3 ] DEBUG Engine               - achievements: []
09:22:22.480 [FXGL Background Thread 3 ] DEBUG Engine               - actualHeight: 815.0
09:22:22.482 [FXGL Background Thread 3 ] DEBUG Engine               - actualHeightProperty: ReadOnlyDoubleProperty [value: 815.0]
09:22:22.482 [JavaFX Application Thread] DEBUG GameApplicationServi - Removing overlay from FXGLLoadingScene and adding to GameScene
09:22:22.482 [FXGL Background Thread 3 ] DEBUG Engine               - actualWidthProperty: ReadOnlyDoubleProperty [value: 1447.0]
09:22:22.482 [FXGL Background Thread 3 ] DEBUG Engine               - appIcon: fxgl_icon.png
09:22:22.482 [FXGL Background Thread 3 ] DEBUG Engine               - applicationMode: DEVELOPER
09:22:22.482 [JavaFX Application Thread] DEBUG PrimaryStageWindow   - FXGLLoadingScene -> GameScene
09:22:22.482 [FXGL Background Thread 3 ] DEBUG Engine               - cSSList: [fxgl_dark.css]
09:22:22.482 [FXGL Background Thread 3 ] DEBUG Engine               - collisionDetectionStrategy: BRUTE_FORCE
09:22:22.482 [FXGL Background Thread 3 ] DEBUG Engine               - configClass: Optional.empty
09:22:22.482 [FXGL Background Thread 3 ] DEBUG Engine               - credits: []
09:22:22.484 [FXGL Background Thread 3 ] DEBUG Engine               - defaultCursor: CursorInfo(imageName=fxgl_default_cursor.png, hotspotX=7.0, hotspotY=6.0)
09:22:22.485 [FXGL Background Thread 3 ] DEBUG Engine               - devBBoxColorProperty: ObjectProperty [value: 0xff0000ff]
09:22:22.485 [FXGL Background Thread 3 ] DEBUG Engine               - devEnableDebugCameraProperty: BooleanProperty [value: false]
09:22:22.486 [FXGL Background Thread 3 ] DEBUG Engine               - devSensorColorProperty: ObjectProperty [value: 0xffff00ff]
09:22:22.486 [FXGL Background Thread 3 ] DEBUG Engine               - devShowBBoxProperty: BooleanProperty [value: false]
09:22:22.486 [FXGL Background Thread 3 ] DEBUG Engine               - devShowPositionProperty: BooleanProperty [value: false]
09:22:22.486 [FXGL Background Thread 3 ] DEBUG Engine               - enabledMenuItems: []
09:22:22.486 [FXGL Background Thread 3 ] DEBUG Engine               - engineServices: [class com.almasb.fxgl.app.services.FXGLAssetLoaderService, class com.almasb.fxgl.app.FXGLApplication$GameApplicationService, class com.almasb.fxgl.app.services.FXGLDialogService, class com.almasb.fxgl.app.services.IOTaskExecutorService, class com.almasb.fxgl.io.FileSystemService, class com.almasb.fxgl.localization.LocalizationService, class com.almasb.fxgl.app.services.SystemBundleService, class com.almasb.fxgl.profile.SaveLoadService, class com.almasb.fxgl.ui.FXGLUIFactoryServiceProvider, class com.almasb.fxgl.ui.FXGLDialogFactoryServiceProvider, class com.almasb.fxgl.audio.AudioPlayer, class com.almasb.fxgl.notification.impl.NotificationServiceProvider, class com.almasb.fxgl.achievement.AchievementService, class com.almasb.fxgl.cutscene.CutsceneService, class com.almasb.fxgl.minigames.MiniGameService, class com.almasb.fxgl.net.NetService, class com.almasb.fxgl.app.services.UpdaterService, class com.almasb.fxgl.dev.DevService]
09:22:22.486 [FXGL Background Thread 3 ] DEBUG Engine               - fontGame: Abel-Regular.ttf
09:22:22.486 [FXGL Background Thread 3 ] DEBUG Engine               - fontMono: TerminalLandMono-Regular.otf
09:22:22.486 [FXGL Background Thread 3 ] DEBUG Engine               - fontText: Courier-Prime.ttf
09:22:22.486 [FXGL Background Thread 3 ] DEBUG Engine               - fontUI: VarelaRound-Regular.ttf
09:22:22.486 [FXGL Background Thread 3 ] DEBUG Engine               - fullScreen: BooleanProperty [value: false]
09:22:22.486 [FXGL Background Thread 3 ] DEBUG Engine               - gameDifficulty: MEDIUM
09:22:22.486 [FXGL Background Thread 3 ] DEBUG Engine               - gameDifficultyProperty: ObjectProperty [value: MEDIUM]
09:22:22.486 [FXGL Background Thread 3 ] DEBUG Engine               - globalMusicVolume: 0.5
09:22:22.487 [FXGL Background Thread 3 ] DEBUG Engine               - globalMusicVolumeProperty: DoubleProperty [value: 0.0]
09:22:22.487 [FXGL Background Thread 3 ] DEBUG Engine               - globalSoundVolume: 0.5
09:22:22.487 [FXGL Background Thread 3 ] DEBUG Engine               - globalSoundVolumeProperty: DoubleProperty [value: 0.0]
09:22:22.487 [FXGL Background Thread 3 ] DEBUG Engine               - height: 820
09:22:22.487 [FXGL Background Thread 3 ] DEBUG Engine               - is3D: false
09:22:22.487 [FXGL Background Thread 3 ] DEBUG Engine               - isAndroid: false
09:22:22.487 [FXGL Background Thread 3 ] DEBUG Engine               - isBrowser: false
09:22:22.487 [FXGL Background Thread 3 ] DEBUG Engine               - isClickFeedbackEnabled: false
09:22:22.487 [FXGL Background Thread 3 ] DEBUG Engine               - isCloseConfirmation: false
09:22:22.487 [FXGL Background Thread 3 ] DEBUG Engine               - isDesktop: true
09:22:22.487 [FXGL Background Thread 3 ] DEBUG Engine               - isDeveloperMenuEnabled: false
09:22:22.487 [FXGL Background Thread 3 ] DEBUG Engine               - isEmbedded: false
09:22:22.488 [FXGL Background Thread 3 ] DEBUG Engine               - isEntityPreloadEnabled: true
09:22:22.488 [FXGL Background Thread 3 ] DEBUG Engine               - isExperimentalTiledLargeMap: false
09:22:22.488 [FXGL Background Thread 3 ] DEBUG Engine               - isFileSystemWriteAllowed: true
09:22:22.488 [FXGL Background Thread 3 ] DEBUG Engine               - isFullScreenAllowed: false
09:22:22.488 [FXGL Background Thread 3 ] DEBUG Engine               - isFullScreenFromStart: false
09:22:22.488 [FXGL Background Thread 3 ] DEBUG Engine               - isGameMenuEnabled: false
09:22:22.488 [FXGL Background Thread 3 ] DEBUG Engine               - isIOS: false
09:22:22.488 [FXGL Background Thread 3 ] DEBUG Engine               - isIntroEnabled: false
09:22:22.488 [FXGL Background Thread 3 ] DEBUG Engine               - isLinux: false
09:22:22.488 [FXGL Background Thread 3 ] DEBUG Engine               - isMac: false
09:22:22.488 [FXGL Background Thread 3 ] DEBUG Engine               - isMainMenuEnabled: false
09:22:22.488 [FXGL Background Thread 3 ] DEBUG Engine               - isManualResizeEnabled: false
09:22:22.488 [FXGL Background Thread 3 ] DEBUG Engine               - isMobile: false
09:22:22.488 [FXGL Background Thread 3 ] DEBUG Engine               - isNative: false
09:22:22.488 [FXGL Background Thread 3 ] DEBUG Engine               - isPauseMusicWhenMinimized: true
09:22:22.488 [FXGL Background Thread 3 ] DEBUG Engine               - isPreserveResizeRatio: false
09:22:22.490 [FXGL Background Thread 3 ] DEBUG Engine               - isProfilingEnabled: false
09:22:22.490 [FXGL Background Thread 3 ] DEBUG Engine               - isScaleAffectedOnResize: true
09:22:22.490 [FXGL Background Thread 3 ] DEBUG Engine               - isSingleStep: false
09:22:22.490 [FXGL Background Thread 3 ] DEBUG Engine               - isUserProfileEnabled: false
09:22:22.490 [FXGL Background Thread 3 ] DEBUG Engine               - isWindows: true
09:22:22.490 [FXGL Background Thread 3 ] DEBUG Engine               - language: ObjectProperty [value: ENGLISH]
09:22:22.490 [FXGL Background Thread 3 ] DEBUG Engine               - menuKey: ESCAPE
09:22:22.490 [FXGL Background Thread 3 ] DEBUG Engine               - mouseSensitivity: 0.2
09:22:22.490 [FXGL Background Thread 3 ] DEBUG Engine               - notificationViewClass: class com.almasb.fxgl.notification.view.XboxNotificationView
09:22:22.490 [FXGL Background Thread 3 ] DEBUG Engine               - pixelsPerMeter: 50.0
09:22:22.491 [FXGL Background Thread 3 ] DEBUG Engine               - platform: WINDOWS
09:22:22.491 [FXGL Background Thread 3 ] DEBUG Engine               - prefHeightProperty: ReadOnlyDoubleProperty [value: 820.0]
09:22:22.491 [FXGL Background Thread 3 ] DEBUG Engine               - prefWidthProperty: ReadOnlyDoubleProperty [value: 1480.0]
09:22:22.491 [FXGL Background Thread 3 ] DEBUG Engine               - profileDir: profiles/
09:22:22.491 [FXGL Background Thread 3 ] DEBUG Engine               - profileName: StringProperty [value: DEFAULT]
09:22:22.491 [FXGL Background Thread 3 ] DEBUG Engine               - randomSeed: -1
09:22:22.492 [FXGL Background Thread 3 ] DEBUG Engine               - runtimeInfo: RuntimeInfo(platform=WINDOWS, version=17.2, build=20.08.2022 16.50)
09:22:22.492 [FXGL Background Thread 3 ] DEBUG Engine               - saveFileExt: sav
09:22:22.492 [FXGL Background Thread 3 ] DEBUG Engine               - scaledHeightProp$fxgl: DoubleProperty [bound, value: 815.0]
09:22:22.492 [FXGL Background Thread 3 ] DEBUG Engine               - scaledWidthProp$fxgl: DoubleProperty [bound, value: 1447.0]
09:22:22.492 [FXGL Background Thread 3 ] DEBUG Engine               - sceneFactory: com.almasb.fxgl.app.scene.SceneFactory@1f042255
09:22:22.492 [FXGL Background Thread 3 ] DEBUG Engine               - secondsIn24h: 60
09:22:22.492 [FXGL Background Thread 3 ] DEBUG Engine               - soundMenuBack: menu/back.wav
09:22:22.492 [FXGL Background Thread 3 ] DEBUG Engine               - soundMenuPress: menu/press.wav
09:22:22.492 [FXGL Background Thread 3 ] DEBUG Engine               - soundMenuSelect: menu/select.wav
09:22:22.492 [FXGL Background Thread 3 ] DEBUG Engine               - soundNotification: core/notification.wav
09:22:22.493 [FXGL Background Thread 3 ] DEBUG Engine               - stageStyle: DECORATED
09:22:22.493 [FXGL Background Thread 3 ] DEBUG Engine               - supportedLanguages: [ENGLISH, FRENCH, GERMAN, HUNGARIAN, RUSSIAN]
09:22:22.493 [FXGL Background Thread 3 ] DEBUG Engine               - ticksPerSecond: -1
09:22:22.493 [FXGL Background Thread 3 ] DEBUG Engine               - title: Untitled
09:22:22.493 [FXGL Background Thread 3 ] DEBUG Engine               - urlGithub: https://github.com/AlmasB/FXGL
09:22:22.493 [FXGL Background Thread 3 ] DEBUG Engine               - urlLeaderboard: http://fxgl-top.herokuapp.com/
09:22:22.493 [FXGL Background Thread 3 ] DEBUG Engine               - urlPOM: https://raw.githubusercontent.com/AlmasB/FXGL/release/README.md
09:22:22.493 [FXGL Background Thread 3 ] DEBUG Engine               - userAppClass: class edu.vanier.animals_revenge.MainApp
09:22:22.493 [FXGL Background Thread 3 ] DEBUG Engine               - version: 0.0
09:22:22.493 [FXGL Background Thread 3 ] DEBUG Engine               - versionCheckDays: 7
09:22:22.493 [FXGL Background Thread 3 ] DEBUG Engine               - width: 1480
09:22:22.493 [FXGL Background Thread 3 ] DEBUG Engine               - Logging services
09:22:22.494 [FXGL Background Thread 3 ] DEBUG Engine               - class com.almasb.fxgl.app.services.FXGLAssetLoaderService
09:22:22.494 [FXGL Background Thread 3 ] DEBUG Engine               - class com.almasb.fxgl.app.FXGLApplication$GameApplicationService
09:22:22.494 [FXGL Background Thread 3 ] DEBUG Engine               - class com.almasb.fxgl.app.services.FXGLDialogService
09:22:22.494 [FXGL Background Thread 3 ] DEBUG Engine               - class com.almasb.fxgl.app.services.IOTaskExecutorService
09:22:22.494 [FXGL Background Thread 3 ] DEBUG Engine               - class com.almasb.fxgl.io.FileSystemService
09:22:22.494 [FXGL Background Thread 3 ] DEBUG Engine               - class com.almasb.fxgl.localization.LocalizationService
09:22:22.494 [FXGL Background Thread 3 ] DEBUG Engine               - class com.almasb.fxgl.app.services.SystemBundleService
09:22:22.494 [FXGL Background Thread 3 ] DEBUG Engine               - class com.almasb.fxgl.profile.SaveLoadService
09:22:22.494 [FXGL Background Thread 3 ] DEBUG Engine               - class com.almasb.fxgl.ui.FXGLUIFactoryServiceProvider
09:22:22.494 [FXGL Background Thread 3 ] DEBUG Engine               - class com.almasb.fxgl.ui.FXGLDialogFactoryServiceProvider
09:22:22.494 [FXGL Background Thread 3 ] DEBUG Engine               - class com.almasb.fxgl.audio.AudioPlayer
09:22:22.494 [FXGL Background Thread 3 ] DEBUG Engine               - class com.almasb.fxgl.notification.impl.NotificationServiceProvider
09:22:22.494 [FXGL Background Thread 3 ] DEBUG Engine               - class com.almasb.fxgl.achievement.AchievementService
09:22:22.494 [FXGL Background Thread 3 ] DEBUG Engine               - class com.almasb.fxgl.cutscene.CutsceneService
09:22:22.494 [FXGL Background Thread 3 ] DEBUG Engine               - class com.almasb.fxgl.minigames.MiniGameService
09:22:22.494 [FXGL Background Thread 3 ] DEBUG Engine               - class com.almasb.fxgl.net.NetService
09:22:22.495 [FXGL Background Thread 3 ] DEBUG Engine               - class com.almasb.fxgl.app.services.UpdaterService
09:22:22.495 [FXGL Background Thread 3 ] DEBUG Engine               - class com.almasb.fxgl.dev.DevService
09:22:23.707 [JavaFX Application Thread] DEBUG FXGLAssetLoaderServi - Loading from file system: file:/C:/Users/anton/OneDrive/Documents/GitHub/animals-revenge/build/resources/main/assets/ui/Simulator.fxml
09:22:23.892 [JavaFX Application Thread] DEBUG FXGLAssetLoaderServi - Loading from file system: file:/C:/Users/anton/OneDrive/Documents/GitHub/animals-revenge/build/resources/main/assets/textures/cannon.png
09:22:30.655 [JavaFX Application Thread] WARN  FXGLAssetLoaderServi - Asset "/assets/textures/soccer.png" was not found!
09:22:30.656 [JavaFX Application Thread] WARN  FXGLAssetLoaderServi - Failed to load IMAGE
09:22:40.115 [JavaFX Application Thread] WARN  FXGLAssetLoaderServi - Asset "/assets/textures/soccer.png" was not found!
09:22:40.115 [JavaFX Application Thread] WARN  FXGLAssetLoaderServi - Failed to load IMAGE
09:23:23.544 [JavaFX Application Thread] DEBUG FXGLAssetLoaderServi - Loading from file system: file:/C:/Users/anton/OneDrive/Documents/GitHub/animals-revenge/build/resources/main/assets/ui/Home.fxml
09:23:25.702 [JavaFX Application Thread] DEBUG FXGLAssetLoaderServi - Loading from file system: file:/C:/Users/anton/OneDrive/Documents/GitHub/animals-revenge/build/resources/main/assets/ui/Setting.fxml
09:23:28.023 [JavaFX Application Thread] DEBUG FXGLApplication      - Exiting FXGL
09:23:28.023 [JavaFX Application Thread] DEBUG LoopRunner           - Stopping loop
09:23:28.023 [JavaFX Application Thread] DEBUG SystemBundleService  - Saving FXGL system data
09:23:28.031 [JavaFX Application Thread] DEBUG FileSystemAccess     - Writing to: C:\Users\anton\OneDrive\Documents\GitHub\animals-revenge\system\fxgl.bundle
09:23:28.037 [JavaFX Application Thread] DEBUG Async                - Shutting down background threads
09:23:28.037 [JavaFX Application Thread] DEBUG PrimaryStageWindow   - Closing main window
09:23:28.078 [JavaFX Application Thread] DEBUG Logger               - Closing Logger
