01:20:16.619 [main                     ] DEBUG Logger               - Configured Logger
01:20:16.650 [main                     ] DEBUG GameApplication      - Logging settings
Title: Untitled
Version: 0.0
Width: 1480
Height: 820
Fullscreen: false
Intro: false
Profiling: false
Single step:false
App Mode: DEVELOPER
Menu Key: ESCAPE
Stage Style: DECORATED
Scene Factory: class com.almasb.fxgl.app.scene.SceneFactory

01:20:17.273 [JavaFX Application Thread] DEBUG FXGLApplication      - Initializing FXGL
01:20:17.281 [JavaFX Application Thread] INFO  Engine               - FXGL-17.2 (20.08.2022 16.50) on WINDOWS (J:18.0.2.1 FX:20.0.2)
01:20:17.282 [JavaFX Application Thread] DEBUG Engine               - JRE Vendor Name: Oracle Corporation
01:20:17.282 [JavaFX Application Thread] DEBUG Engine               - Running on OS: Windows 11 version 10.0
01:20:17.282 [JavaFX Application Thread] DEBUG Engine               - Architecture: amd64
01:20:17.282 [JavaFX Application Thread] INFO  Engine               - Source code and latest versions at: https://github.com/AlmasB/FXGL
01:20:17.282 [JavaFX Application Thread] INFO  Engine               -       Ask questions and discuss at: https://github.com/AlmasB/FXGL/discussions
01:20:17.283 [JavaFX Application Thread] INFO  Engine               -              Join the FXGL chat at: https://gitter.im/AlmasB/FXGL
01:20:17.403 [JavaFX Application Thread] DEBUG PrimaryStageWindow   - Creating a JavaFX scene
01:20:17.404 [JavaFX Application Thread] DEBUG PrimaryStageWindow   - Target size > screen size
01:20:17.477 [JavaFX Application Thread] DEBUG PrimaryStageWindow   - Target settings size: 1480.0 x 820.0
01:20:17.478 [JavaFX Application Thread] DEBUG PrimaryStageWindow   - Scaled scene size:    1415.0 x 797.0
01:20:17.479 [JavaFX Application Thread] DEBUG PrimaryStageWindow   - Scaled ratio: (0.956081081081081, 0.9719512195121951)
01:20:17.480 [JavaFX Application Thread] DEBUG PrimaryStageWindow   - Set initial scene to FXGLStartupScene
01:20:17.487 [JavaFX Application Thread] DEBUG PrimaryStageWindow   - Opening main window
01:20:17.603 [JavaFX Application Thread] DEBUG PrimaryStageWindow   - Window border size: (13.0, 35.5)
01:20:17.603 [JavaFX Application Thread] DEBUG PrimaryStageWindow   - Scaled size: 1415.0 x 797.0
01:20:17.604 [JavaFX Application Thread] DEBUG PrimaryStageWindow   - Scaled ratio: (0.956081081081081, 0.9719512195121951)
01:20:17.604 [JavaFX Application Thread] DEBUG PrimaryStageWindow   - Scene size: 1415.0 x 797.0
01:20:17.604 [JavaFX Application Thread] DEBUG PrimaryStageWindow   - Stage size: 1428.0 x 832.5
01:20:17.611 [FXGL Background Thread 1 ] DEBUG Engine               - Initializing environment variables
01:20:17.667 [FXGL Background Thread 1 ] DEBUG FXGLAssetLoaderServi - User app class for loading assets: class edu.vanier.animals_revenge.MainApp
01:20:17.667 [FXGL Background Thread 1 ] DEBUG GameApplicationServi - Applying CSS: fxgl_dark.css
01:20:17.669 [FXGL Background Thread 1 ] DEBUG FXGLAssetLoaderServi - Loading from file system: jar:file:/C:/Users/macke/.gradle/caches/modules-2/files-2.1/com.github.almasb/fxgl/17.2/35db6ae960eec2dcfd19262d3b7f9c42f0e95bc3/fxgl-17.2.jar!/fxglassets/ui/css/fxgl_dark.css
01:20:17.726 [FXGL Background Thread 1 ] DEBUG GameApplicationServi - Initializing application scenes
01:20:17.813 [FXGL Background Thread 1 ] DEBUG GameWorld            - Game world initialized
01:20:17.922 [FXGL Background Thread 1 ] DEBUG PhysicsWorld         - Physics world initialized: appHeight=820, physics.ppm=50.0
01:20:17.923 [FXGL Background Thread 1 ] DEBUG PhysicsWorld         - Using strategy: BRUTE_FORCE
01:20:17.929 [FXGL Background Thread 1 ] DEBUG GameScene            - Game scene initialized: 1480x820
01:20:17.929 [FXGL Background Thread 1 ] DEBUG GameApplicationServi - Application scenes initialized
01:20:17.972 [FXGL Background Thread 1 ] DEBUG SystemBundleService  - Loading FXGL system data
01:20:17.982 [FXGL Background Thread 1 ] DEBUG FileSystemAccess     - Reading from: C:\Users\macke\OneDrive\Documents\School\Semester 3\Programming in a Graphical User Interface\Homework\animals-revenge\system\fxgl.bundle
01:20:18.006 [FXGL Background Thread 1 ] DEBUG SystemBundleService  - Bundle FXGL: {}
01:20:18.006 [FXGL Background Thread 1 ] DEBUG UpdaterService       - Checking for updates
01:20:18.023 [FXGL Background Thread 4 ] DEBUG FXGLApplication      - Loading fonts
01:20:18.024 [FXGL Background Thread 4 ] DEBUG FXGLAssetLoaderServi - Loading from file system: jar:file:/C:/Users/macke/.gradle/caches/modules-2/files-2.1/com.github.almasb/fxgl/17.2/35db6ae960eec2dcfd19262d3b7f9c42f0e95bc3/fxgl-17.2.jar!/fxglassets/ui/fonts/VarelaRound-Regular.ttf
01:20:18.025 [FXGL Background Thread 1 ] DEBUG FXGLApplication      - Loading default localization
01:20:18.028 [FXGL Background Thread 1 ] DEBUG FXGLAssetLoaderServi - Loading from file system: jar:file:/C:/Users/macke/.gradle/caches/modules-2/files-2.1/com.github.almasb/fxgl/17.2/35db6ae960eec2dcfd19262d3b7f9c42f0e95bc3/fxgl-17.2.jar!/fxglassets/languages/english.lang
01:20:18.156 [FXGL Background Thread 1 ] INFO  FXGLApplication      - FXGL initialization took: 0.545 sec
01:20:18.182 [JavaFX Application Thread] DEBUG Input                - Registered new binding: Launch - RMB
01:20:18.183 [JavaFX Application Thread] DEBUG Input                - Registered new binding: Create - LMB
01:20:18.184 [JavaFX Application Thread] DEBUG Input                - Registered new binding: Drag - CTRL+LMB
01:20:18.185 [JavaFX Application Thread] DEBUG FXGLAssetLoaderServi - Loading from file system: jar:file:/C:/Users/macke/.gradle/caches/modules-2/files-2.1/com.github.almasb/fxgl/17.2/35db6ae960eec2dcfd19262d3b7f9c42f0e95bc3/fxgl-17.2.jar!/fxglassets/textures/fxgl_icon.png
01:20:18.213 [FXGL Background Thread 4 ] DEBUG FXGLAssetLoaderServi - Loading from file system: jar:file:/C:/Users/macke/.gradle/caches/modules-2/files-2.1/com.github.almasb/fxgl/17.2/35db6ae960eec2dcfd19262d3b7f9c42f0e95bc3/fxgl-17.2.jar!/fxglassets/ui/fonts/Abel-Regular.ttf
01:20:18.223 [FXGL Background Thread 4 ] DEBUG FXGLAssetLoaderServi - Loading from file system: jar:file:/C:/Users/macke/.gradle/caches/modules-2/files-2.1/com.github.almasb/fxgl/17.2/35db6ae960eec2dcfd19262d3b7f9c42f0e95bc3/fxgl-17.2.jar!/fxglassets/ui/fonts/TerminalLandMono-Regular.otf
01:20:18.234 [FXGL Background Thread 4 ] DEBUG FXGLAssetLoaderServi - Loading from file system: jar:file:/C:/Users/macke/.gradle/caches/modules-2/files-2.1/com.github.almasb/fxgl/17.2/35db6ae960eec2dcfd19262d3b7f9c42f0e95bc3/fxgl-17.2.jar!/fxglassets/ui/fonts/Courier-Prime.ttf
01:20:18.369 [JavaFX Application Thread] DEBUG FXGLAssetLoaderServi - Loading from file system: jar:file:/C:/Users/macke/.gradle/caches/modules-2/files-2.1/com.github.almasb/fxgl/17.2/35db6ae960eec2dcfd19262d3b7f9c42f0e95bc3/fxgl-17.2.jar!/fxglassets/textures/fxgl_default_cursor.png
01:20:18.432 [JavaFX Application Thread] DEBUG Input                - Registered new binding: Screenshot - CTRL+8
01:20:18.438 [JavaFX Application Thread] DEBUG Input                - Registered new binding: System info dump - CTRL+9
01:20:18.446 [JavaFX Application Thread] DEBUG Input                - Registered new binding: Restart - CTRL+R
01:20:18.463 [JavaFX Application Thread] DEBUG Input                - Registered new binding: Toggle Debug Camera - CTRL+7
01:20:18.503 [JavaFX Application Thread] DEBUG LoopRunner           - Starting loop
01:20:18.504 [JavaFX Application Thread] DEBUG LoopRunner           - Initializing JavaFX AnimationTimerLoop
01:20:18.516 [JavaFX Application Thread] DEBUG GameApplicationServi - Starting new game
01:20:18.517 [JavaFX Application Thread] DEBUG Input                - Clearing active input actions
01:20:18.566 [JavaFX Application Thread] DEBUG GameApplicationServi - Removing overlay from FXGLStartupScene and adding to FXGLLoadingScene
01:20:18.568 [JavaFX Application Thread] DEBUG PrimaryStageWindow   - FXGLStartupScene -> FXGLLoadingScene
01:20:18.569 [JavaFX Application Thread] DEBUG GameApplicationServi - Clearing previous game
01:20:18.570 [JavaFX Application Thread] DEBUG GameScene            - Clearing game scene
01:20:18.570 [JavaFX Application Thread] DEBUG GameWorld            - Clearing game world
01:20:18.571 [JavaFX Application Thread] DEBUG PhysicsWorld         - Clearing physics world
01:20:18.581 [FXGL Background Thread 4 ] DEBUG FXGLApplication      - Initializing game
01:20:18.583 [JavaFX Application Thread] DEBUG FXGLApplication      - Registering font factories with UI factory
01:20:18.876 [FXGL Background Thread 4 ] DEBUG FXGLAssetLoaderServi - Loading from file system: file:/C:/Users/macke/OneDrive/Documents/School/Semester%203/Programming%20in%20a%20Graphical%20User%20Interface/Homework/animals-revenge/build/resources/main/assets/ui/Home.fxml
01:20:19.825 [FXGL Background Thread 2 ] INFO  UpdaterService       - Your current version:  17.2
01:20:19.826 [FXGL Background Thread 2 ] INFO  UpdaterService       - Latest stable version: 17.3
01:20:20.244 [FXGL Background Thread 4 ] INFO  FXGLApplication      - Game initialization took: 1.663 sec
01:20:20.246 [JavaFX Application Thread] DEBUG Input                - Clearing active input actions
01:20:20.324 [JavaFX Application Thread] DEBUG GameApplicationServi - Removing overlay from FXGLLoadingScene and adding to GameScene
01:20:20.325 [JavaFX Application Thread] DEBUG PrimaryStageWindow   - FXGLLoadingScene -> GameScene
01:20:21.017 [FXGL Background Thread 3 ] DEBUG Engine               - Logging environment variables
01:20:21.018 [FXGL Background Thread 3 ] DEBUG Engine               - achievements: []
01:20:21.019 [FXGL Background Thread 3 ] DEBUG Engine               - actualHeight: 797.0
01:20:21.019 [FXGL Background Thread 3 ] DEBUG Engine               - actualHeightProperty: ReadOnlyDoubleProperty [value: 797.0]
01:20:21.019 [FXGL Background Thread 3 ] DEBUG Engine               - actualWidth: 1415.0
01:20:21.020 [FXGL Background Thread 3 ] DEBUG Engine               - actualWidthProperty: ReadOnlyDoubleProperty [value: 1415.0]
01:20:21.021 [FXGL Background Thread 3 ] DEBUG Engine               - appIcon: fxgl_icon.png
01:20:21.021 [FXGL Background Thread 3 ] DEBUG Engine               - applicationMode: DEVELOPER
01:20:21.021 [FXGL Background Thread 3 ] DEBUG Engine               - cSSList: [fxgl_dark.css]
01:20:21.021 [FXGL Background Thread 3 ] DEBUG Engine               - collisionDetectionStrategy: BRUTE_FORCE
01:20:21.021 [FXGL Background Thread 3 ] DEBUG Engine               - configClass: Optional.empty
01:20:21.021 [FXGL Background Thread 3 ] DEBUG Engine               - credits: []
01:20:21.026 [FXGL Background Thread 3 ] DEBUG Engine               - defaultCursor: CursorInfo(imageName=fxgl_default_cursor.png, hotspotX=7.0, hotspotY=6.0)
01:20:21.028 [FXGL Background Thread 3 ] DEBUG Engine               - devBBoxColorProperty: ObjectProperty [value: 0xff0000ff]
01:20:21.028 [FXGL Background Thread 3 ] DEBUG Engine               - devEnableDebugCameraProperty: BooleanProperty [value: false]
01:20:21.028 [FXGL Background Thread 3 ] DEBUG Engine               - devSensorColorProperty: ObjectProperty [value: 0xffff00ff]
01:20:21.028 [FXGL Background Thread 3 ] DEBUG Engine               - devShowBBoxProperty: BooleanProperty [value: false]
01:20:21.029 [FXGL Background Thread 3 ] DEBUG Engine               - devShowPositionProperty: BooleanProperty [value: false]
01:20:21.029 [FXGL Background Thread 3 ] DEBUG Engine               - enabledMenuItems: []
01:20:21.029 [FXGL Background Thread 3 ] DEBUG Engine               - engineServices: [class com.almasb.fxgl.app.services.FXGLAssetLoaderService, class com.almasb.fxgl.app.FXGLApplication$GameApplicationService, class com.almasb.fxgl.app.services.FXGLDialogService, class com.almasb.fxgl.app.services.IOTaskExecutorService, class com.almasb.fxgl.io.FileSystemService, class com.almasb.fxgl.localization.LocalizationService, class com.almasb.fxgl.app.services.SystemBundleService, class com.almasb.fxgl.profile.SaveLoadService, class com.almasb.fxgl.ui.FXGLUIFactoryServiceProvider, class com.almasb.fxgl.ui.FXGLDialogFactoryServiceProvider, class com.almasb.fxgl.audio.AudioPlayer, class com.almasb.fxgl.notification.impl.NotificationServiceProvider, class com.almasb.fxgl.achievement.AchievementService, class com.almasb.fxgl.cutscene.CutsceneService, class com.almasb.fxgl.minigames.MiniGameService, class com.almasb.fxgl.net.NetService, class com.almasb.fxgl.app.services.UpdaterService, class com.almasb.fxgl.dev.DevService]
01:20:21.029 [FXGL Background Thread 3 ] DEBUG Engine               - fontGame: Abel-Regular.ttf
01:20:21.029 [FXGL Background Thread 3 ] DEBUG Engine               - fontMono: TerminalLandMono-Regular.otf
01:20:21.029 [FXGL Background Thread 3 ] DEBUG Engine               - fontText: Courier-Prime.ttf
01:20:21.029 [FXGL Background Thread 3 ] DEBUG Engine               - fontUI: VarelaRound-Regular.ttf
01:20:21.029 [FXGL Background Thread 3 ] DEBUG Engine               - fullScreen: BooleanProperty [value: false]
01:20:21.029 [FXGL Background Thread 3 ] DEBUG Engine               - gameDifficulty: MEDIUM
01:20:21.029 [FXGL Background Thread 3 ] DEBUG Engine               - gameDifficultyProperty: ObjectProperty [value: MEDIUM]
01:20:21.029 [FXGL Background Thread 3 ] DEBUG Engine               - globalMusicVolume: 0.5
01:20:21.029 [FXGL Background Thread 3 ] DEBUG Engine               - globalMusicVolumeProperty: DoubleProperty [value: 0.5]
01:20:21.030 [FXGL Background Thread 3 ] DEBUG Engine               - globalSoundVolume: 0.5
01:20:21.030 [FXGL Background Thread 3 ] DEBUG Engine               - globalSoundVolumeProperty: DoubleProperty [value: 0.5]
01:20:21.030 [FXGL Background Thread 3 ] DEBUG Engine               - height: 820
01:20:21.030 [FXGL Background Thread 3 ] DEBUG Engine               - is3D: false
01:20:21.030 [FXGL Background Thread 3 ] DEBUG Engine               - isAndroid: false
01:20:21.030 [FXGL Background Thread 3 ] DEBUG Engine               - isBrowser: false
01:20:21.030 [FXGL Background Thread 3 ] DEBUG Engine               - isClickFeedbackEnabled: false
01:20:21.030 [FXGL Background Thread 3 ] DEBUG Engine               - isCloseConfirmation: false
01:20:21.031 [FXGL Background Thread 3 ] DEBUG Engine               - isDesktop: true
01:20:21.031 [FXGL Background Thread 3 ] DEBUG Engine               - isDeveloperMenuEnabled: false
01:20:21.031 [FXGL Background Thread 3 ] DEBUG Engine               - isEmbedded: false
01:20:21.031 [FXGL Background Thread 3 ] DEBUG Engine               - isEntityPreloadEnabled: true
01:20:21.031 [FXGL Background Thread 3 ] DEBUG Engine               - isExperimentalTiledLargeMap: false
01:20:21.031 [FXGL Background Thread 3 ] DEBUG Engine               - isFileSystemWriteAllowed: true
01:20:21.031 [FXGL Background Thread 3 ] DEBUG Engine               - isFullScreenAllowed: false
01:20:21.031 [FXGL Background Thread 3 ] DEBUG Engine               - isFullScreenFromStart: false
01:20:21.031 [FXGL Background Thread 3 ] DEBUG Engine               - isGameMenuEnabled: false
01:20:21.031 [FXGL Background Thread 3 ] DEBUG Engine               - isIOS: false
01:20:21.031 [FXGL Background Thread 3 ] DEBUG Engine               - isIntroEnabled: false
01:20:21.031 [FXGL Background Thread 3 ] DEBUG Engine               - isLinux: false
01:20:21.032 [FXGL Background Thread 3 ] DEBUG Engine               - isMac: false
01:20:21.032 [FXGL Background Thread 3 ] DEBUG Engine               - isMainMenuEnabled: false
01:20:21.032 [FXGL Background Thread 3 ] DEBUG Engine               - isManualResizeEnabled: false
01:20:21.033 [FXGL Background Thread 3 ] DEBUG Engine               - isMobile: false
01:20:21.033 [FXGL Background Thread 3 ] DEBUG Engine               - isNative: false
01:20:21.033 [FXGL Background Thread 3 ] DEBUG Engine               - isPauseMusicWhenMinimized: true
01:20:21.033 [FXGL Background Thread 3 ] DEBUG Engine               - isPreserveResizeRatio: false
01:20:21.033 [FXGL Background Thread 3 ] DEBUG Engine               - isProfilingEnabled: false
01:20:21.034 [FXGL Background Thread 3 ] DEBUG Engine               - isScaleAffectedOnResize: true
01:20:21.034 [FXGL Background Thread 3 ] DEBUG Engine               - isSingleStep: false
01:20:21.034 [FXGL Background Thread 3 ] DEBUG Engine               - isUserProfileEnabled: false
01:20:21.034 [FXGL Background Thread 3 ] DEBUG Engine               - isWindows: true
01:20:21.034 [FXGL Background Thread 3 ] DEBUG Engine               - language: ObjectProperty [value: ENGLISH]
01:20:21.034 [FXGL Background Thread 3 ] DEBUG Engine               - menuKey: ESCAPE
01:20:21.034 [FXGL Background Thread 3 ] DEBUG Engine               - mouseSensitivity: 0.2
01:20:21.035 [FXGL Background Thread 3 ] DEBUG Engine               - notificationViewClass: class com.almasb.fxgl.notification.view.XboxNotificationView
01:20:21.035 [FXGL Background Thread 3 ] DEBUG Engine               - pixelsPerMeter: 50.0
01:20:21.035 [FXGL Background Thread 3 ] DEBUG Engine               - platform: WINDOWS
01:20:21.035 [FXGL Background Thread 3 ] DEBUG Engine               - prefHeightProperty: ReadOnlyDoubleProperty [value: 820.0]
01:20:21.035 [FXGL Background Thread 3 ] DEBUG Engine               - prefWidthProperty: ReadOnlyDoubleProperty [value: 1480.0]
01:20:21.035 [FXGL Background Thread 3 ] DEBUG Engine               - profileDir: profiles/
01:20:21.035 [FXGL Background Thread 3 ] DEBUG Engine               - profileName: StringProperty [value: DEFAULT]
01:20:21.035 [FXGL Background Thread 3 ] DEBUG Engine               - randomSeed: -1
01:20:21.038 [FXGL Background Thread 3 ] DEBUG Engine               - runtimeInfo: RuntimeInfo(platform=WINDOWS, version=17.2, build=20.08.2022 16.50)
01:20:21.039 [FXGL Background Thread 3 ] DEBUG Engine               - saveFileExt: sav
01:20:21.040 [FXGL Background Thread 3 ] DEBUG Engine               - scaledHeightProp$fxgl: DoubleProperty [bound, value: 797.0]
01:20:21.040 [FXGL Background Thread 3 ] DEBUG Engine               - scaledWidthProp$fxgl: DoubleProperty [bound, value: 1415.0]
01:20:21.040 [FXGL Background Thread 3 ] DEBUG Engine               - sceneFactory: com.almasb.fxgl.app.scene.SceneFactory@7fccf415
01:20:21.040 [FXGL Background Thread 3 ] DEBUG Engine               - secondsIn24h: 60
01:20:21.040 [FXGL Background Thread 3 ] DEBUG Engine               - soundMenuBack: menu/back.wav
01:20:21.041 [FXGL Background Thread 3 ] DEBUG Engine               - soundMenuPress: menu/press.wav
01:20:21.041 [FXGL Background Thread 3 ] DEBUG Engine               - soundMenuSelect: menu/select.wav
01:20:21.041 [FXGL Background Thread 3 ] DEBUG Engine               - soundNotification: core/notification.wav
01:20:21.041 [FXGL Background Thread 3 ] DEBUG Engine               - stageStyle: DECORATED
01:20:21.041 [FXGL Background Thread 3 ] DEBUG Engine               - supportedLanguages: [ENGLISH, FRENCH, GERMAN, HUNGARIAN, RUSSIAN]
01:20:21.041 [FXGL Background Thread 3 ] DEBUG Engine               - ticksPerSecond: -1
01:20:21.041 [FXGL Background Thread 3 ] DEBUG Engine               - title: Untitled
01:20:21.041 [FXGL Background Thread 3 ] DEBUG Engine               - urlGithub: https://github.com/AlmasB/FXGL
01:20:21.041 [FXGL Background Thread 3 ] DEBUG Engine               - urlLeaderboard: http://fxgl-top.herokuapp.com/
01:20:21.041 [FXGL Background Thread 3 ] DEBUG Engine               - urlPOM: https://raw.githubusercontent.com/AlmasB/FXGL/release/README.md
01:20:21.041 [FXGL Background Thread 3 ] DEBUG Engine               - userAppClass: class edu.vanier.animals_revenge.MainApp
01:20:21.041 [FXGL Background Thread 3 ] DEBUG Engine               - version: 0.0
01:20:21.041 [FXGL Background Thread 3 ] DEBUG Engine               - versionCheckDays: 7
01:20:21.041 [FXGL Background Thread 3 ] DEBUG Engine               - width: 1480
01:20:21.041 [FXGL Background Thread 3 ] DEBUG Engine               - Logging services
01:20:21.041 [FXGL Background Thread 3 ] DEBUG Engine               - class com.almasb.fxgl.app.services.FXGLAssetLoaderService
01:20:21.041 [FXGL Background Thread 3 ] DEBUG Engine               - class com.almasb.fxgl.app.FXGLApplication$GameApplicationService
01:20:21.041 [FXGL Background Thread 3 ] DEBUG Engine               - class com.almasb.fxgl.app.services.FXGLDialogService
01:20:21.041 [FXGL Background Thread 3 ] DEBUG Engine               - class com.almasb.fxgl.app.services.IOTaskExecutorService
01:20:21.041 [FXGL Background Thread 3 ] DEBUG Engine               - class com.almasb.fxgl.io.FileSystemService
01:20:21.042 [FXGL Background Thread 3 ] DEBUG Engine               - class com.almasb.fxgl.localization.LocalizationService
01:20:21.042 [FXGL Background Thread 3 ] DEBUG Engine               - class com.almasb.fxgl.app.services.SystemBundleService
01:20:21.042 [FXGL Background Thread 3 ] DEBUG Engine               - class com.almasb.fxgl.profile.SaveLoadService
01:20:21.042 [FXGL Background Thread 3 ] DEBUG Engine               - class com.almasb.fxgl.ui.FXGLUIFactoryServiceProvider
01:20:21.042 [FXGL Background Thread 3 ] DEBUG Engine               - class com.almasb.fxgl.ui.FXGLDialogFactoryServiceProvider
01:20:21.042 [FXGL Background Thread 3 ] DEBUG Engine               - class com.almasb.fxgl.audio.AudioPlayer
01:20:21.042 [FXGL Background Thread 3 ] DEBUG Engine               - class com.almasb.fxgl.notification.impl.NotificationServiceProvider
01:20:21.042 [FXGL Background Thread 3 ] DEBUG Engine               - class com.almasb.fxgl.achievement.AchievementService
01:20:21.042 [FXGL Background Thread 3 ] DEBUG Engine               - class com.almasb.fxgl.cutscene.CutsceneService
01:20:21.042 [FXGL Background Thread 3 ] DEBUG Engine               - class com.almasb.fxgl.minigames.MiniGameService
01:20:21.042 [FXGL Background Thread 3 ] DEBUG Engine               - class com.almasb.fxgl.net.NetService
01:20:21.042 [FXGL Background Thread 3 ] DEBUG Engine               - class com.almasb.fxgl.app.services.UpdaterService
01:20:21.042 [FXGL Background Thread 3 ] DEBUG Engine               - class com.almasb.fxgl.dev.DevService
01:20:21.378 [JavaFX Application Thread] DEBUG FXGLAssetLoaderServi - Loading from file system: file:/C:/Users/macke/OneDrive/Documents/School/Semester%203/Programming%20in%20a%20Graphical%20User%20Interface/Homework/animals-revenge/build/resources/main/assets/ui/1CustomProjectile.fxml
01:20:29.857 [JavaFX Application Thread] DEBUG FXGLAssetLoaderServi - Loading from file system: file:/C:/Users/macke/OneDrive/Documents/School/Semester%203/Programming%20in%20a%20Graphical%20User%20Interface/Homework/animals-revenge/build/resources/main/assets/ui/Home.fxml
01:20:30.906 [JavaFX Application Thread] DEBUG FXGLAssetLoaderServi - Loading from file system: file:/C:/Users/macke/OneDrive/Documents/School/Semester%203/Programming%20in%20a%20Graphical%20User%20Interface/Homework/animals-revenge/build/resources/main/assets/ui/Simulator.fxml
01:20:30.979 [JavaFX Application Thread] DEBUG FXGLAssetLoaderServi - Loading from file system: file:/C:/Users/macke/OneDrive/Documents/School/Semester%203/Programming%20in%20a%20Graphical%20User%20Interface/Homework/animals-revenge/build/resources/main/assets/textures/cannon.png
01:20:36.643 [JavaFX Application Thread] DEBUG LoopRunner           - Stopping loop
01:20:36.646 [JavaFX Application Thread] FATAL FXGLApplication      - Uncaught Exception:
java.lang.NullPointerException: Cannot invoke "com.almasb.fxgl.entity.Entity.getComponent(java.lang.Class)" because "this.entity" is null
	at edu.vanier.animals_revenge.graphs.VelocityGraph.updateGraph(VelocityGraph.java:22)
	at javafx.graphics@20.0.2/com.sun.scenario.animation.shared.TimelineClipCore.visitKeyFrame(TimelineClipCore.java:239)
	at javafx.graphics@20.0.2/com.sun.scenario.animation.shared.TimelineClipCore.playTo(TimelineClipCore.java:180)
	at javafx.graphics@20.0.2/javafx.animation.Timeline.doPlayTo(Timeline.java:172)
	at javafx.graphics@20.0.2/javafx.animation.AnimationAccessorImpl.playTo(AnimationAccessorImpl.java:39)
	at javafx.graphics@20.0.2/com.sun.scenario.animation.shared.InfiniteClipEnvelope.timePulse(InfiniteClipEnvelope.java:104)
	at javafx.graphics@20.0.2/javafx.animation.Animation.doTimePulse(Animation.java:1189)
	at javafx.graphics@20.0.2/javafx.animation.Animation$1.lambda$timePulse$0(Animation.java:207)
	at java.base/java.security.AccessController.doPrivileged(AccessController.java:399)
	at javafx.graphics@20.0.2/javafx.animation.Animation$1.timePulse(Animation.java:206)
	at javafx.graphics@20.0.2/com.sun.scenario.animation.AbstractPrimaryTimer.timePulseImpl(AbstractPrimaryTimer.java:343)
	at javafx.graphics@20.0.2/com.sun.scenario.animation.AbstractPrimaryTimer$MainLoop.run(AbstractPrimaryTimer.java:266)
	at javafx.graphics@20.0.2/com.sun.javafx.tk.quantum.QuantumToolkit.pulse(QuantumToolkit.java:588)
	at javafx.graphics@20.0.2/com.sun.javafx.tk.quantum.QuantumToolkit.pulse(QuantumToolkit.java:572)
	at javafx.graphics@20.0.2/com.sun.javafx.tk.quantum.QuantumToolkit.pulseFromQueue(QuantumToolkit.java:565)
	at javafx.graphics@20.0.2/com.sun.javafx.tk.quantum.QuantumToolkit.lambda$runToolkit$11(QuantumToolkit.java:352)
	at javafx.graphics@20.0.2/com.sun.glass.ui.InvokeLaterDispatcher$Future.run(InvokeLaterDispatcher.java:95)
	at javafx.graphics@20.0.2/com.sun.glass.ui.win.WinApplication._runLoop(Native Method)
	at javafx.graphics@20.0.2/com.sun.glass.ui.win.WinApplication.lambda$runLoop$3(WinApplication.java:185)
	at java.base/java.lang.Thread.run(Thread.java:833)

01:20:36.646 [JavaFX Application Thread] FATAL FXGLApplication      - Application will now exit
01:20:36.667 [JavaFX Application Thread] DEBUG PrimaryStageWindow   - Push state: ErrorSubScene
01:20:36.667 [JavaFX Application Thread] DEBUG Input                - Clearing active input actions
01:20:36.667 [JavaFX Application Thread] DEBUG GameApplicationServi - Removing overlay from GameScene and adding to ErrorSubScene
01:20:36.668 [JavaFX Application Thread] DEBUG PrimaryStageWindow   - GameScene -> ErrorSubScene
01:20:41.525 [JavaFX Application Thread] DEBUG FXGLApplication      - Exiting FXGL
01:20:41.526 [JavaFX Application Thread] DEBUG Async                - Shutting down background threads
01:20:41.526 [JavaFX Application Thread] DEBUG PrimaryStageWindow   - Closing main window
01:20:41.557 [JavaFX Application Thread] DEBUG Logger               - Closing Logger
